
Gurobi 9.5.0 (win64) logging started Fri Mar 11 10:54:00 2022

Set parameter LogFile to value "C:\Users\kmajd1\Documents\NNRepLayer_v2\demos\examples\tc1_affine_transform/tc1/repair_net/logs/opt_log_layer2.log"
Gurobi Optimizer version 9.5.0 build v9.5.0rc5 (win64)
Thread count: 8 physical cores, 16 logical processors, using up to 16 threads
Optimize a model with 6534 rows, 3793 columns and 14958 nonzeros
Model fingerprint: 0x5f846ae3
Model has 631 quadratic objective terms
Variable types: 1903 continuous, 1890 integer (1890 binary)
Coefficient statistics:
  Matrix range     [7e-03, 1e+01]
  Objective range  [5e-03, 4e-02]
  QObjective range [1e-02, 2e+00]
  Bounds range     [1e+00, 1e+01]
  RHS range        [2e-02, 1e+01]
Presolve removed 3206 rows and 1313 columns
Presolve time: 0.10s
Presolved: 3328 rows, 2480 columns, 10555 nonzeros
Presolved model has 631 quadratic objective terms
Variable types: 1875 continuous, 605 integer (605 binary)
Found heuristic solution: objective 0.1638384
Root relaxation presolve removed 605 rows and 605 columns
Root relaxation presolved: 2723 rows, 1875 columns, 9345 nonzeros
Root relaxation presolved model has 631 quadratic objective terms

Extra simplex iterations after uncrush: 22

Root relaxation: objective 1.264374e-02, 3797 iterations, 0.10 seconds (0.14 work units)

    Nodes    |    Current Node    |     Objective Bounds      |     Work
 Expl Unexpl |  Obj  Depth IntInf | Incumbent    BestBd   Gap | It/Node Time

     0     0    0.01264    0  504    0.16384    0.01264  92.3%     -    0s
     0     0    0.01501    0  576    0.16384    0.01501  90.8%     -    0s
     0     0    0.02428    0  542    0.16384    0.02428  85.2%     -    0s
     0     0    0.02428    0  543    0.16384    0.02428  85.2%     -    0s
     0     0    0.03222    0  523    0.16384    0.03222  80.3%     -    1s
     0     0    0.03222    0  523    0.16384    0.03222  80.3%     -    1s
     0     0    0.04025    0  527    0.16384    0.04025  75.4%     -    1s
     0     0    0.04025    0  528    0.16384    0.04025  75.4%     -    1s
     0     0    0.04063    0  551    0.16384    0.04063  75.2%     -    1s
     0     0    0.04063    0  551    0.16384    0.04063  75.2%     -    1s
     0     0    0.04065    0  551    0.16384    0.04065  75.2%     -    1s
     0     0    0.04065    0  551    0.16384    0.04065  75.2%     -    2s
     0     2    0.07034    0  551    0.16384    0.07034  57.1%     -    3s
   113     6    0.15788   28  527    0.16384    0.09441  42.4%  77.0    5s
   765    21    0.13592   86  293    0.16384    0.11459  30.1%  70.6   10s
H 1422   307                       0.1636877    0.13608  16.9%  47.2   11s
  1644   491    0.15496  121  500    0.16369    0.13608  16.9%  41.7   15s
  1656   500    0.13608   11  492    0.16369    0.13608  16.9%  46.8   22s
  1891   463    0.14433   30  280    0.16369    0.14410  12.0%  49.4   25s
H 2175   418                       0.1622254    0.14436  11.0%  46.1   28s
H 2192   389                       0.1615371    0.14437  10.6%  46.0   28s
  2518   376     cutoff   41         0.16154    0.14475  10.4%  42.4   30s
H 2588   334                       0.1601251    0.14475  9.60%  41.5   34s
  2823   245     cutoff   45         0.16013    0.14478  9.58%  38.9   35s
  3904   465     cutoff   61         0.16013    0.14485  9.54%  31.0   40s
  6389   114    0.15736  111  150    0.16013    0.14485  9.54%  23.9   45s

Cutting planes:
  Gomory: 35
  Cover: 39
  Implied bound: 239
  Projected implied bound: 1
  Clique: 12
  MIR: 494
  Flow cover: 1255
  Relax-and-lift: 124

Explored 9171 nodes (174257 simplex iterations) in 49.65 seconds (93.99 work units)
Thread count was 16 (of 16 available processors)

Solution count 5: 0.160125 0.161537 0.162225 ... 0.163838

Optimal solution found (tolerance 1.00e-03)
Best objective 1.601250970881e-01, best bound 1.601250970881e-01, gap 0.0000%
