
Gurobi 9.5.0 (win64) logging started Fri Mar 11 13:39:36 2022

Set parameter LogFile to value "C:\Users\kmajd1\Documents\NNRepLayer_v2\demos\examples\tc1_affine_transform/tc1/repair_net/logs/opt_log_layer1.log"
Gurobi Optimizer version 9.5.0 build v9.5.0rc5 (win64)
Thread count: 8 physical cores, 16 logical processors, using up to 16 threads
Optimize a model with 11574 rows, 6943 columns and 26298 nonzeros
Model fingerprint: 0xe5a84f33
Model has 631 quadratic objective terms
Variable types: 3163 continuous, 3780 integer (3780 binary)
Coefficient statistics:
  Matrix range     [8e-02, 1e+01]
  Objective range  [5e-03, 4e-02]
  QObjective range [1e-02, 2e+00]
  Bounds range     [1e+00, 1e+01]
  RHS range        [1e-02, 1e+01]
Presolve removed 7140 rows and 3360 columns
Presolve time: 0.06s
Presolved: 4434 rows, 3583 columns, 14123 nonzeros
Presolved model has 631 quadratic objective terms
Variable types: 2743 continuous, 840 integer (840 binary)
Found heuristic solution: objective 0.0984952
Root relaxation presolve removed 1259 rows and 840 columns
Root relaxation presolved: 3175 rows, 3162 columns, 12024 nonzeros
Root relaxation presolved model has 631 quadratic objective terms

Extra simplex iterations after uncrush: 3

Root relaxation: objective 1.118183e-02, 4727 iterations, 0.14 seconds (0.21 work units)

    Nodes    |    Current Node    |     Objective Bounds      |     Work
 Expl Unexpl |  Obj  Depth IntInf | Incumbent    BestBd   Gap | It/Node Time

     0     0    0.01118    0  839    0.09850    0.01118  88.6%     -    0s
     0     0    0.01118    0  840    0.09850    0.01118  88.6%     -    0s
     0     0    0.01118    0  840    0.09850    0.01118  88.6%     -    0s
     0     0    0.01119    0  840    0.09850    0.01119  88.6%     -    0s
     0     0    0.01125    0  836    0.09850    0.01125  88.6%     -    2s
     0     2    0.01125    0  836    0.09850    0.01125  88.6%     -    2s
     9     4     cutoff    4         0.09850    0.01183  88.0%  2164    5s
    51    10    0.01269   11  804    0.09850    0.01269  87.1%  1416   10s
    99     8 infeasible   17         0.09850    0.02894  70.6%  1266   15s
   178    10    0.04700   36  667    0.09850    0.04700  52.3%   890   20s
   219     7     cutoff   47         0.09850    0.04710  52.2%   874   26s
   291    13     cutoff   81         0.09850    0.04737  51.9%   784   30s
   365     7 infeasible  103         0.09850    0.04755  51.7%   739   35s
   391     6     cutoff  114         0.09850    0.04764  51.6%   812   41s
   438    16     cutoff  138         0.09850    0.04783  51.4%   959   45s
   540    28     cutoff  165         0.09850    0.04789  51.4%   927   50s
   606    26     cutoff  197         0.09850    0.04823  51.0%   948   55s
   706    46 infeasible  225         0.09850    0.04927  50.0%   911   62s
   819    73     cutoff  256         0.09850    0.04933  49.9%   840   66s
   940    88 infeasible  297         0.09850    0.05418  45.0%   794   70s
  1057    94 infeasible  328         0.09850    0.05717  42.0%   756   75s
  1194    81     cutoff  331         0.09850    0.05731  41.8%   707   81s
  1247    62     cutoff  341         0.09850    0.05765  41.5%   697   86s
  1562   240     cutoff  366         0.09850    0.06212  36.9%   591   90s
  1954   370     cutoff  396         0.09850    0.06323  35.8%   517   95s
  2351   441     cutoff  449         0.09850    0.06420  34.8%   465  100s
  2818   439     cutoff  488         0.09850    0.06708  31.9%   422  106s
  3226   516     cutoff  555         0.09850    0.06958  29.4%   389  111s
  3553   627     cutoff  153         0.09850    0.07064  28.3%   371  115s
  3797   583     cutoff  214         0.09850    0.07100  27.9%   357  120s
  4243   765    0.07190  287  326    0.09850    0.07190  27.0%   336  125s
  4679   708     cutoff  208         0.09850    0.07381  25.1%   325  130s
  5216   832    0.07965  247  405    0.09850    0.07424  24.6%   310  135s
  5989   838     cutoff  448         0.09850    0.07644  22.4%   286  141s
  7077   972    0.09417  167  836    0.09850    0.07769  21.1%   257  174s
  7079   973    0.08405  352  709    0.09850    0.07769  21.1%   257  176s
  7086   978    0.07971  298  696    0.09850    0.07769  21.1%   257  180s
  7087   980    0.07769   11  651    0.09850    0.07769  21.1%   258  187s
  7089   979    0.07769   12  648    0.09850    0.07769  21.1%   258  195s
  7091   978    0.07769   13  649    0.09850    0.07769  21.1%   259  205s
  7093   978    0.07769   14  654    0.09850    0.07769  21.1%   259  215s
  7095   977    0.07769   15  654    0.09850    0.07769  21.1%   259  226s
  7105   976 infeasible   19         0.09850    0.07769  21.1%   262  231s
  7123   976    0.07769   23  553    0.09850    0.07769  21.1%   266  235s
  7175   980     cutoff   27         0.09850    0.07769  21.1%   273  240s
  7236   973 infeasible   31         0.09850    0.07769  21.1%   278  245s
  7269   969     cutoff   33         0.09850    0.07769  21.1%   285  251s
  7336   957    0.07769   40  490    0.09850    0.07769  21.1%   289  255s
  7359   948     cutoff   41         0.09850    0.07769  21.1%   294  260s
  7441   941 infeasible   48         0.09850    0.07769  21.1%   299  272s
H 7452   887                       0.0957488    0.07769  18.9%   301  272s
  7509   882     cutoff   54         0.09575    0.07769  18.9%   303  277s
H 7517   833                       0.0955869    0.07769  18.7%   304  277s
  7599   830     cutoff   60         0.09559    0.07769  18.7%   305  280s
  7740   792     cutoff   80         0.09559    0.07769  18.7%   312  286s
  7858   759 infeasible   91         0.09559    0.07769  18.7%   317  292s
H 7876   709                       0.0949197    0.07769  18.2%   319  292s
  7967   727     cutoff  101         0.09492    0.07769  18.2%   320  296s
  8041   732     cutoff  123         0.09492    0.07769  18.2%   327  300s
  8221   691     cutoff   61         0.09492    0.07769  18.2%   327  318s
  8269   674    0.07769   68  332    0.09492    0.07769  18.2%   329  320s
  8456   600     cutoff   43         0.09492    0.07769  18.2%   333  326s
  8538   558     cutoff   34         0.09492    0.07769  18.2%   337  333s
H 8540   515                       0.0945627    0.07769  17.8%   337  333s
H 8543   474                       0.0945622    0.07769  17.8%   338  333s
H 8548   435                       0.0944755    0.07769  17.8%   338  333s
  8579   456     cutoff   64         0.09448    0.07769  17.8%   339  336s
  8812   397     cutoff   45         0.09448    0.07769  17.8%   342  342s
  8934   377     cutoff   49         0.09448    0.07769  17.8%   343  346s
  9091   315    0.07769   56  411    0.09448    0.07769  17.8%   343  352s
H 9100   276                       0.0938998    0.07769  17.3%   343  352s
  9127   419     cutoff   66         0.09390    0.07769  17.3%   344  355s
  9667   432     cutoff   88         0.09390    0.07769  17.3%   336  363s
  9935   486     cutoff   96         0.09390    0.07769  17.3%   334  366s
 10225   568     cutoff   66         0.09390    0.07769  17.3%   329  372s
H10251   568                       0.0937933    0.07769  17.2%   330  372s
H10269   568                       0.0937929    0.07769  17.2%   329  372s
 10413   619     cutoff   93         0.09379    0.07769  17.2%   328  376s
 10739   689     cutoff   70         0.09379    0.07769  17.2%   324  380s
 11477   786     cutoff   99         0.09379    0.07769  17.2%   314  390s
H11546   786                       0.0937929    0.07769  17.2%   314  390s
H11625   786                       0.0937699    0.07769  17.2%   313  390s
 11983   782    0.07769   91  436    0.09377    0.07769  17.2%   310  399s
 12431   804     cutoff   83         0.09377    0.07772  17.1%   304  403s
 12909   872 infeasible  110         0.09377    0.07840  16.4%   299  411s
 13143   987     cutoff   76         0.09377    0.07871  16.1%   295  416s
 13715  1031     cutoff   91         0.09377    0.07904  15.7%   289  420s
 14181  1230     cutoff  119         0.09377    0.07955  15.2%   285  456s
H14734  1212                       0.0924165    0.07970  13.8%   279  456s
 14750  1203     cutoff   97         0.09242    0.07976  13.7%   279  462s
 15456  1404     cutoff   58         0.09242    0.08036  13.0%   272  468s
 16332  1412    0.08085   63  474    0.09242    0.08078  12.6%   263  476s
H16415  1409                       0.0923136    0.08081  12.5%   262  476s
 16569  1535     cutoff   56         0.09231    0.08092  12.3%   262  482s
 17406  1660    0.08134  116  401    0.09231    0.08120  12.0%   254  488s
 18102  1410     cutoff   35         0.09231    0.08151  11.7%   251  494s
 18733  1239     cutoff  135         0.09231    0.08192  11.3%   247  501s
 19405  1132    0.08259  184  329    0.09231    0.08251  10.6%   245  508s
 20064  1115     cutoff  147         0.09231    0.08292  10.2%   242  516s
H20068  1110                       0.0921421    0.08292  10.0%   242  516s
H20180  1110                       0.0921374    0.08298  9.94%   242  516s
H20249  1110                       0.0921373    0.08302  9.90%   241  516s
 20303  1030     cutoff  110         0.09214    0.08309  9.82%   241  523s
 21311  1094     cutoff   63         0.09214    0.08387  8.98%   235  530s
 22577  1148     cutoff  122         0.09214    0.08443  8.36%   226  537s
 23891  1387     cutoff  130         0.09214    0.08554  7.16%   217  545s
 25440  1398    0.08591   78  450    0.09214    0.08577  6.91%   207  555s
 27396  1481     cutoff  107         0.09214    0.08652  6.09%   198  561s
 28185  1797     cutoff  144         0.09214    0.08688  5.71%   194  567s
 29370  1973     cutoff  177         0.09214    0.08712  5.44%   189  572s
 30355  2109    0.08745  127  390    0.09214    0.08725  5.30%   185  577s
 31349  2042    0.08748  128  368    0.09214    0.08737  5.18%   181  583s
 32042  1983     cutoff  157         0.09214    0.08746  5.07%   181  589s
 33097  2011    0.08776  163  292    0.09214    0.08772  4.79%   177  595s
 33961  1955     cutoff  121         0.09214    0.08793  4.56%   176  608s
H33986  1948                       0.0920442    0.08795  4.45%   176  608s
H34022  1917                       0.0917450    0.08795  4.14%   176  608s
 34045  2186     cutoff  186         0.09175    0.08795  4.14%   176  615s
 35502  2102     cutoff   74         0.09175    0.08815  3.92%   171  622s
 36587  1951     cutoff  143         0.09175    0.08832  3.73%   168  629s
 37581  1933     cutoff  188         0.09175    0.08852  3.52%   167  637s
 38727  1960    0.08949   44  443    0.09175    0.08870  3.32%   165  645s
 40091  1977    0.08900  121  258    0.09175    0.08891  3.09%   162  653s
 41600  2140    0.08931   78  408    0.09175    0.08922  2.75%   159  661s
 43381  2099     cutoff   71         0.09175    0.08941  2.54%   155  670s
 45134  2251     cutoff  177         0.09175    0.08962  2.32%   152  679s
 47079  2257     cutoff  203         0.09175    0.08975  2.17%   148  695s
 50085  2280     cutoff  240         0.09175    0.09002  1.88%   143  705s
H50118  2076                       0.0912998    0.09002  1.41%   143  705s
 50621  2074     cutoff  232         0.09130    0.09007  1.35%   142  714s
 51797  2074    0.09014  214  254    0.09130    0.09011  1.30%   140  715s
 52574  1970     cutoff  222         0.09130    0.09018  1.23%   139  723s
 54465  2095    0.09033  211  228    0.09130    0.09033  1.06%   137  732s
 56771  2033     cutoff  195         0.09130    0.09041  0.98%   133  740s
 58377  1956    0.09057  150  329    0.09130    0.09045  0.93%   131  748s
 60145  2085     cutoff  245         0.09130    0.09056  0.81%   129  756s
 62619  1964     cutoff  308         0.09130    0.09063  0.73%   125  763s
 64383  2043     cutoff  322         0.09130    0.09071  0.64%   123  771s
 66404  2061     cutoff  258         0.09130    0.09077  0.58%   121  777s
 68316  1938     cutoff  268         0.09130    0.09084  0.50%   119  785s
 70507  1996    0.09097  314  128    0.09130    0.09093  0.40%   116  790s
 72473  1887    0.09095  381   73    0.09130    0.09095  0.38%   114  795s
 74401  1943    0.09102  214  208    0.09130    0.09102  0.30%   112  803s
 76081  1933     cutoff  328         0.09130    0.09103  0.30%   110  810s
H76083  1933                       0.0912288    0.09103  0.22%   110  810s
 76966  1466     cutoff  253         0.09123    0.09107  0.18%   110  818s
H78007  1271                       0.0911117    0.09107  0.04%   109  818s

Cutting planes:
  Gomory: 198
  Cover: 162
  Implied bound: 265
  MIR: 3277
  StrongCG: 12
  Flow cover: 6394
  Inf proof: 2
  Zero half: 2
  RLT: 4
  Relax-and-lift: 141

Explored 78168 nodes (8517756 simplex iterations) in 818.40 seconds (2486.21 work units)
Thread count was 16 (of 16 available processors)

Solution count 10: 0.0911117 0.0912288 0.0912998 ... 0.0937699

Optimal solution found (tolerance 1.00e-03)
Best objective 9.111174623678e-02, best bound 9.107932480028e-02, gap 0.0356%
