
Gurobi 9.5.0 (win64) logging started Thu Mar  3 16:31:20 2022

Set parameter LogFile to value "C:\Users\kmajd1\Documents\NNRepLayer_v2\demos\examples\tc1_affine_transform/tc1/repair_net/logs/opt_log_layer3.log"
Gurobi Optimizer version 9.5.0 build v9.5.0rc5 (win64)
Thread count: 8 physical cores, 16 logical processors, using up to 16 threads
Optimize a model with 1494 rows, 643 columns and 4245 nonzeros
Model fingerprint: 0xe85b322c
Model has 631 quadratic objective terms
Coefficient statistics:
  Matrix range     [6e-02, 5e+00]
  Objective range  [5e-03, 4e-02]
  QObjective range [1e-02, 2e+00]
  Bounds range     [1e+00, 1e+01]
  RHS range        [7e-03, 5e+00]
Presolve removed 426 rows and 3 columns
Presolve time: 0.01s
Presolved: 1068 rows, 1060 columns, 3813 nonzeros
Presolved model has 631 quadratic objective terms
Ordering time: 0.00s

Barrier statistics:
 Dense cols : 9
 AA' NZ     : 3.108e+03
 Factor NZ  : 8.349e+03 (roughly 1 MB of memory)
 Factor Ops : 7.190e+04 (less than 1 second per iteration)
 Threads    : 1

                  Objective                Residual
Iter       Primal          Dual         Primal    Dual     Compl     Time
   0   1.92189201e+08 -1.94463375e+08  2.41e+03 6.05e+02  9.95e+05     0s
   1   2.63367634e+07 -2.84571174e+07  8.90e+02 2.23e+02  4.03e+05     0s
   2   2.03333430e+02 -1.97844720e+06  2.76e+00 6.92e-01  2.21e+03     0s
   3   2.06698266e+00 -7.69839061e+05  2.70e-01 6.77e-02  4.34e+02     0s
   4   2.30818187e+00 -3.56261435e+05  4.94e-02 1.24e-02  1.76e+02     0s
   5   2.51398714e+00 -5.00059063e+03  4.19e-04 1.05e-04  2.34e+00     0s
   6   2.16896026e+00 -1.38593644e+02  1.17e-05 2.94e-06  6.58e-02     0s
   7   1.74903169e+00 -1.68673151e+01  9.06e-07 2.27e-07  8.71e-03     0s
   8   7.66976722e-01 -1.39687670e+01  9.06e-13 2.27e-13  6.89e-03     0s
   9   3.08992683e-01 -3.07934937e+00  8.04e-14 2.04e-14  1.58e-03     0s
  10   3.03915488e-01 -1.86006392e+00  3.55e-15 1.03e-13  1.01e-03     0s
  11   2.59323660e-01 -2.28975787e-01  2.66e-15 2.70e-14  2.28e-04     0s
  12   2.55136754e-01  9.48694392e-02  2.66e-15 5.30e-15  7.50e-05     0s
  13   2.53633039e-01  2.42302883e-01  2.66e-15 1.00e-12  5.30e-06     0s
  14   2.53565705e-01  2.53501766e-01  3.55e-15 2.89e-13  2.99e-08     0s
  15   2.53565423e-01  2.53565359e-01  2.66e-15 3.67e-14  2.99e-11     0s

Barrier solved model in 15 iterations and 0.07 seconds (0.01 work units)
Optimal objective 2.53565423e-01


Gurobi 9.5.0 (win64) logging started Fri Mar 11 10:47:16 2022

Set parameter LogFile to value "C:\Users\kmajd1\Documents\NNRepLayer_v2\demos\examples\tc1_affine_transform/tc1/repair_net/logs/opt_log_layer3.log"
Gurobi Optimizer version 9.5.0 build v9.5.0rc5 (win64)
Thread count: 8 physical cores, 16 logical processors, using up to 16 threads
Optimize a model with 1494 rows, 643 columns and 4245 nonzeros
Model fingerprint: 0xa037a595
Model has 631 quadratic objective terms
Coefficient statistics:
  Matrix range     [6e-02, 5e+00]
  Objective range  [5e-03, 4e-02]
  QObjective range [1e-02, 2e+00]
  Bounds range     [1e+00, 1e+01]
  RHS range        [7e-03, 5e+00]
Presolve removed 423 rows and 0 columns
Presolve time: 0.02s
Presolved: 1071 rows, 1061 columns, 3817 nonzeros
Presolved model has 631 quadratic objective terms
Ordering time: 0.00s

Barrier statistics:
 Dense cols : 9
 AA' NZ     : 3.162e+03
 Factor NZ  : 8.436e+03 (roughly 1 MB of memory)
 Factor Ops : 7.443e+04 (less than 1 second per iteration)
 Threads    : 1

                  Objective                Residual
Iter       Primal          Dual         Primal    Dual     Compl     Time
   0   1.92192503e+08 -1.94505933e+08  2.41e+03 6.09e+02  1.00e+06     0s
   1   4.64167798e+07 -4.86198478e+07  1.18e+03 2.99e+02  5.37e+05     0s
   2   5.73330922e+04 -2.54485699e+06  4.20e+01 1.06e+01  2.51e+04     0s
   3   3.35876242e+01 -2.29328442e+06  1.24e+00 3.13e-01  1.75e+03     0s
   4   5.35737627e+00 -5.27112471e+05  8.45e-02 2.13e-02  2.65e+02     0s
   5   5.91960171e+00 -2.39242865e+04  1.05e-03 2.65e-04  1.12e+01     0s
   6   5.05645665e+00 -6.96206625e+02  3.07e-05 7.75e-06  3.27e-01     0s
   7   2.73319020e+00 -2.29455075e+02  9.91e-06 2.50e-06  1.08e-01     0s
   8   2.96685297e+00 -1.71158970e+02  6.55e-06 1.65e-06  8.12e-02     0s
   9   2.37402014e+00 -5.00006098e+01  1.85e-06 4.67e-07  2.44e-02     0s
  10   1.34499008e+00 -2.57826552e+01  6.50e-07 1.64e-07  1.26e-02     0s
  11   1.14200413e+00 -2.21029917e+01  3.22e-07 8.11e-08  1.08e-02     0s
  12   5.59199896e-01 -7.39335219e+00  3.83e-08 9.67e-09  3.71e-03     0s
  13   4.14106116e-01 -4.79334214e+00  1.92e-08 4.84e-09  2.43e-03     0s
  14   2.85770739e-01 -1.94924919e+00  7.92e-09 2.00e-09  1.04e-03     0s
  15   2.48087505e-01 -5.87941883e-01  3.98e-10 1.01e-10  3.90e-04     0s
  16   2.34570875e-01 -1.47559475e-01  1.61e-10 4.07e-11  1.78e-04     0s
  17   2.31138308e-01  1.34291395e-01  8.88e-16 1.12e-15  4.52e-05     0s
  18   2.30403771e-01  2.23860595e-01  8.88e-16 1.40e-13  3.05e-06     0s
  19   2.30368890e-01  2.30359367e-01  8.88e-16 1.41e-14  4.44e-09     0s
  20   2.30368247e-01  2.30368043e-01  1.11e-15 8.39e-15  9.51e-11     0s
  21   2.30368163e-01  2.30368133e-01  8.88e-16 3.27e-15  1.42e-11     0s

Barrier solved model in 21 iterations and 0.08 seconds (0.01 work units)
Optimal objective 2.30368163e-01


Gurobi 9.5.0 (win64) logging started Fri Mar 11 10:51:20 2022

Set parameter LogFile to value "C:\Users\kmajd1\Documents\NNRepLayer_v2\demos\examples\tc1_affine_transform/tc1/repair_net/logs/opt_log_layer3.log"
Gurobi Optimizer version 9.5.0 build v9.5.0rc5 (win64)
Thread count: 8 physical cores, 16 logical processors, using up to 16 threads
Optimize a model with 1494 rows, 643 columns and 4245 nonzeros
Model fingerprint: 0xa037a595
Model has 631 quadratic objective terms
Coefficient statistics:
  Matrix range     [6e-02, 5e+00]
  Objective range  [5e-03, 4e-02]
  QObjective range [1e-02, 2e+00]
  Bounds range     [1e+00, 1e+01]
  RHS range        [7e-03, 5e+00]
Presolve removed 423 rows and 0 columns
Presolve time: 0.01s
Presolved: 1071 rows, 1061 columns, 3817 nonzeros
Presolved model has 631 quadratic objective terms
Ordering time: 0.00s

Barrier statistics:
 Dense cols : 9
 AA' NZ     : 3.162e+03
 Factor NZ  : 8.436e+03 (roughly 1 MB of memory)
 Factor Ops : 7.443e+04 (less than 1 second per iteration)
 Threads    : 1

                  Objective                Residual
Iter       Primal          Dual         Primal    Dual     Compl     Time
   0   1.92192503e+08 -1.94505933e+08  2.41e+03 6.09e+02  1.00e+06     0s
   1   4.64167798e+07 -4.86198478e+07  1.18e+03 2.99e+02  5.37e+05     0s
   2   5.73330922e+04 -2.54485699e+06  4.20e+01 1.06e+01  2.51e+04     0s
   3   3.35876242e+01 -2.29328442e+06  1.24e+00 3.13e-01  1.75e+03     0s
   4   5.35737627e+00 -5.27112471e+05  8.45e-02 2.13e-02  2.65e+02     0s
   5   5.91960171e+00 -2.39242865e+04  1.05e-03 2.65e-04  1.12e+01     0s
   6   5.05645665e+00 -6.96206625e+02  3.07e-05 7.75e-06  3.27e-01     0s
   7   2.73319020e+00 -2.29455075e+02  9.91e-06 2.50e-06  1.08e-01     0s
   8   2.96685297e+00 -1.71158970e+02  6.55e-06 1.65e-06  8.12e-02     0s
   9   2.37402014e+00 -5.00006098e+01  1.85e-06 4.67e-07  2.44e-02     0s
  10   1.34499008e+00 -2.57826552e+01  6.50e-07 1.64e-07  1.26e-02     0s
  11   1.14200413e+00 -2.21029917e+01  3.22e-07 8.11e-08  1.08e-02     0s
  12   5.59199896e-01 -7.39335219e+00  3.83e-08 9.67e-09  3.71e-03     0s
  13   4.14106116e-01 -4.79334214e+00  1.92e-08 4.84e-09  2.43e-03     0s
  14   2.85770739e-01 -1.94924919e+00  7.92e-09 2.00e-09  1.04e-03     0s
  15   2.48087505e-01 -5.87941883e-01  3.98e-10 1.01e-10  3.90e-04     0s
  16   2.34570875e-01 -1.47559475e-01  1.61e-10 4.07e-11  1.78e-04     0s
  17   2.31138308e-01  1.34291395e-01  8.88e-16 1.12e-15  4.52e-05     0s
  18   2.30403771e-01  2.23860595e-01  8.88e-16 1.40e-13  3.05e-06     0s
  19   2.30368890e-01  2.30359367e-01  8.88e-16 1.41e-14  4.44e-09     0s
  20   2.30368247e-01  2.30368043e-01  1.11e-15 8.39e-15  9.51e-11     0s
  21   2.30368163e-01  2.30368133e-01  8.88e-16 3.27e-15  1.42e-11     0s

Barrier solved model in 21 iterations and 0.07 seconds (0.01 work units)
Optimal objective 2.30368163e-01


Gurobi 9.5.0 (linux64) logging started Fri 11 Mar 2022 11:53:56 AM MST

Set parameter LogFile to value "/home/local/ASUAD/kmajd1/Documents/NNRepLayer_v2/demos/examples/tc1_affine_transform/tc1/repair_net/logs/opt_log_layer3.log"
Gurobi Optimizer version 9.5.0 build v9.5.0rc5 (linux64)
Thread count: 48 physical cores, 96 logical processors, using up to 32 threads
Optimize a model with 1494 rows, 643 columns and 4245 nonzeros
Model fingerprint: 0x9f55e4f2
Model has 631 quadratic objective terms
Coefficient statistics:
  Matrix range     [6e-02, 5e+00]
  Objective range  [5e-03, 4e-02]
  QObjective range [1e-02, 2e+00]
  Bounds range     [1e+00, 1e+01]
  RHS range        [7e-03, 5e+00]
Presolve removed 423 rows and 0 columns
Presolve time: 0.00s
Presolved: 1071 rows, 1061 columns, 3817 nonzeros
Presolved model has 631 quadratic objective terms
Ordering time: 0.00s

Barrier statistics:
 Dense cols : 9
 AA' NZ     : 3.162e+03
 Factor NZ  : 8.436e+03 (roughly 1 MB of memory)
 Factor Ops : 7.443e+04 (less than 1 second per iteration)
 Threads    : 1

                  Objective                Residual
Iter       Primal          Dual         Primal    Dual     Compl     Time
   0   1.92192504e+08 -1.94504626e+08  2.41e+03 6.09e+02  1.00e+06     0s
   1   4.64167824e+07 -4.86184174e+07  1.18e+03 2.99e+02  5.37e+05     0s
   2   5.73330265e+04 -2.54304863e+06  4.20e+01 1.06e+01  2.51e+04     0s
   3   3.35836025e+01 -2.29146767e+06  1.24e+00 3.13e-01  1.75e+03     0s
   4   5.34533289e+00 -5.31678379e+05  8.66e-02 2.19e-02  2.67e+02     0s
   5   5.92586083e+00 -2.72171551e+04  1.12e-03 2.83e-04  1.27e+01     0s
   6   5.14676715e+00 -7.25316143e+02  3.00e-05 7.57e-06  3.41e-01     0s
   7   2.74388789e+00 -2.41605857e+02  9.80e-06 2.47e-06  1.14e-01     0s
   8   3.00801827e+00 -1.85239566e+02  6.74e-06 1.70e-06  8.78e-02     0s
   9   2.41481563e+00 -5.23850021e+01  1.85e-06 4.67e-07  2.55e-02     0s
  10   1.35354036e+00 -2.64760009e+01  6.12e-07 1.54e-07  1.30e-02     0s
  11   1.38141566e+00 -2.44489587e+01  4.01e-07 1.01e-07  1.20e-02     0s
  12   6.03152191e-01 -1.99818752e+01  6.05e-08 1.53e-08  9.60e-03     0s
  13   4.90826086e-01 -1.46238641e+01  4.38e-08 1.11e-08  7.05e-03     0s
  14   4.83166248e-01 -1.25263826e+01  2.07e-08 5.23e-09  6.07e-03     0s
  15   3.27907384e-01 -4.15490984e+00  5.98e-09 1.51e-09  2.09e-03     0s
  16   3.03944825e-01 -2.12536780e+00  6.66e-15 1.42e-13  1.13e-03     0s
  17   2.56095049e-01 -2.08646310e-01  1.33e-15 1.02e-14  2.17e-04     0s
  18   2.56301709e-01 -3.73697706e-02  8.88e-16 4.86e-14  1.37e-04     0s
  19   2.53893106e-01  2.28068899e-01  8.88e-16 1.63e-14  1.20e-05     0s
  20   2.53567770e-01  2.53506687e-01  8.88e-16 4.88e-14  2.85e-08     0s
  21   2.53565673e-01  2.53565116e-01  8.88e-16 1.65e-13  2.59e-10     0s
  22   2.53565458e-01  2.53565381e-01  8.88e-16 2.59e-15  3.57e-11     0s

Barrier solved model in 22 iterations and 0.01 seconds (0.01 work units)
Optimal objective 2.53565458e-01


Gurobi 9.5.0 (linux64) logging started Fri 11 Mar 2022 11:54:40 AM MST

Set parameter LogFile to value "/home/local/ASUAD/kmajd1/Documents/NNRepLayer_v2/demos/examples/tc1_affine_transform/tc1/repair_net/logs/opt_log_layer3.log"
Gurobi Optimizer version 9.5.0 build v9.5.0rc5 (linux64)
Thread count: 48 physical cores, 96 logical processors, using up to 32 threads
Optimize a model with 1536 rows, 664 columns and 4965 nonzeros
Model fingerprint: 0x1d28f42b
Model has 631 quadratic objective terms
Coefficient statistics:
  Matrix range     [2e-02, 4e+00]
  Objective range  [5e-03, 4e-02]
  QObjective range [1e-02, 2e+00]
  Bounds range     [1e+00, 1e+01]
  RHS range        [3e-04, 5e+00]
Presolve removed 422 rows and 0 columns
Presolve time: 0.00s
Presolved: 1114 rows, 1084 columns, 4541 nonzeros
Presolved model has 631 quadratic objective terms
Ordering time: 0.00s

Barrier statistics:
 Dense cols : 12
 AA' NZ     : 5.614e+03
 Factor NZ  : 1.239e+04 (roughly 1 MB of memory)
 Factor Ops : 2.030e+05 (less than 1 second per iteration)
 Threads    : 1

                  Objective                Residual
Iter       Primal          Dual         Primal    Dual     Compl     Time
   0   1.92192914e+08 -1.94547628e+08  2.41e+03 6.09e+02  1.00e+06     0s
   1   7.72593101e+07 -7.94326386e+07  1.53e+03 3.85e+02  6.41e+05     0s
   2   2.57271468e+06 -5.26236660e+06  2.79e+02 7.04e+01  1.54e+05     0s
   3   1.15340004e+04 -3.05695147e+06  1.89e+01 4.76e+00  1.34e+04     0s
   4   2.67292349e+01 -2.18898493e+06  2.42e-01 6.11e-02  1.11e+03     0s
   5   2.68616185e+01 -7.66604105e+05  6.34e-02 1.60e-02  3.59e+02     0s
   6   2.69811938e+01 -5.59570255e+04  6.34e-08 1.60e-08  2.51e+01     0s
   7   2.68583264e+01 -1.63535232e+03  1.82e-09 4.60e-10  7.45e-01     0s
   8   3.34487992e+00 -1.14993014e+03  8.21e-10 2.08e-10  5.17e-01     0s
   9   2.97524715e+00 -2.37147421e+02  1.53e-10 3.86e-11  1.08e-01     0s
  10   2.36649092e+00 -6.97462142e+01  2.91e-11 7.34e-12  3.23e-02     0s
  11   1.12323565e+00 -2.27781446e+01  8.88e-16 8.64e-15  1.07e-02     0s
  12   2.77810784e-01 -1.95307459e+00  8.88e-16 7.68e-15  1.00e-03     0s
  13   1.77901332e-01 -1.40608633e+00  8.88e-16 2.44e-14  7.10e-04     0s
  14   1.54954317e-01 -1.00101588e+00  4.44e-16 1.58e-14  5.18e-04     0s
  15   1.33976608e-01 -3.45014274e-01  8.88e-16 4.36e-13  2.15e-04     0s
  16   1.28083651e-01  3.48442325e-02  8.88e-16 3.21e-15  4.18e-05     0s
  17   1.27458125e-01  1.16522497e-01  8.88e-16 2.54e-14  4.90e-06     0s
  18   1.27398753e-01  1.21957818e-01  8.88e-16 5.54e-15  2.44e-06     0s
  19   1.27367660e-01  1.26781925e-01  8.88e-16 9.86e-15  2.62e-07     0s
  20   1.27363599e-01  1.27355341e-01  8.88e-16 6.04e-15  3.70e-09     0s
  21   1.27363549e-01  1.27363541e-01  8.88e-16 4.60e-15  3.70e-12     0s

Barrier solved model in 21 iterations and 0.02 seconds (0.02 work units)
Optimal objective 1.27363549e-01

