
Gurobi 9.5.1 (mac64[x86]) logging started Thu Jun  9 21:33:19 2022

Set parameter LogFile to value "/Users/keyvanmajd/Documents/GitHub/NNRepLayer_v2/demos/walking_example/dynamic_constraint/repair_net/logs/opt_log_6_9_2022_21_32_23.log"
Gurobi Optimizer version 9.5.1 build v9.5.1rc2 (mac64[x86])
Thread count: 4 physical cores, 8 logical processors, using up to 8 threads
Optimize a model with 40962 rows, 25207 columns and 115394 nonzeros
Model fingerprint: 0xb1dc49cb
Model has 151 quadratic objective terms
Variable types: 10807 continuous, 14400 integer (14400 binary)
Coefficient statistics:
  Matrix range     [7e-04, 6e+01]
  Objective range  [2e-02, 3e+00]
  QObjective range [1e-01, 2e+00]
  Bounds range     [1e-01, 6e+01]
  RHS range        [2e-04, 6e+01]
Presolve removed 33612 rows and 18665 columns
Presolve time: 0.42s
Presolved: 7350 rows, 6542 columns, 34980 nonzeros
Presolved model has 151 quadratic objective terms
Variable types: 4704 continuous, 1838 integer (1838 binary)
Root relaxation presolve removed 1838 rows and 1838 columns
Root relaxation presolved: 5512 rows, 4704 columns, 31304 nonzeros
Root relaxation presolved model has 151 quadratic objective terms

Extra simplex iterations after uncrush: 85

Root relaxation: objective 3.166601e+01, 20068 iterations, 1.32 seconds (1.76 work units)

    Nodes    |    Current Node    |     Objective Bounds      |     Work
 Expl Unexpl |  Obj  Depth IntInf | Incumbent    BestBd   Gap | It/Node Time

     0     0   31.66601    0 1038          -   31.66601      -     -    2s
     0     0   32.41703    0 1067          -   32.41703      -     -    6s
     0     0   32.58300    0 1048          -   32.58300      -     -    6s
     0     0   32.58416    0 1043          -   32.58416      -     -    7s
     0     0   32.58416    0 1041          -   32.58416      -     -    7s
     0     0   33.22892    0 1056          -   33.22892      -     -    9s
     0     0   33.26712    0 1053          -   33.26712      -     -   11s
     0     0   33.35311    0 1041          -   33.35311      -     -   11s
     0     0   33.35311    0 1047          -   33.35311      -     -   12s
     0     0   33.35311    0 1047          -   33.35311      -     -   12s
     0     0   33.35311    0 1047          -   33.35311      -     -   12s
     0     0   33.67062    0 1072          -   33.67062      -     -   17s
     0     0   33.79125    0 1082          -   33.79125      -     -   22s
     0     0   33.79125    0 1080          -   33.79125      -     -   23s
     0     0   33.79125    0 1080          -   33.79125      -     -   23s
     0     0   33.79125    0 1090          -   33.79125      -     -   24s
     0     0   33.79125    0 1091          -   33.79125      -     -   24s
     0     0   34.21600    0 1112          -   34.21600      -     -   30s
     0     0   34.33327    0 1113          -   34.33327      -     -   34s
H    0     0                      41.3312515   34.36005  16.9%     -   37s
     0     0   34.36005    0 1122   41.33125   34.36005  16.9%     -   37s
H    0     0                      41.3303303   34.36769  16.8%     -   38s
     0     0   34.36769    0 1116   41.33033   34.36769  16.8%     -   38s
     0     0   34.37355    0 1124   41.33033   34.37355  16.8%     -   38s
     0     0   34.37457    0 1126   41.33033   34.37457  16.8%     -   39s
     0     0   34.94359    0 1119   41.33033   34.94359  15.5%     -   48s
H    0     0                      41.3259528   34.94359  15.4%     -   52s
     0     0   34.94359    0 1148   41.32595   34.94359  15.4%     -   52s
H    0     0                      41.3259526   34.94359  15.4%     -   55s
     0     0   34.94359    0 1153   41.32595   34.94359  15.4%     -   55s
H    0     0                      41.3082545   34.94359  15.4%     -   57s
     0     0   34.94359    0 1141   41.30825   34.94359  15.4%     -   57s
     0     0   34.94359    0 1166   41.30825   34.94359  15.4%     -   58s
     0     0   34.94359    0 1183   41.30825   34.94359  15.4%     -   58s
H    0     0                      41.3009958   35.55395  13.9%     -   65s
     0     0   35.78151    0 1148   41.30100   35.78151  13.4%     -   73s
     0     0   35.78151    0 1181   41.30100   35.78151  13.4%     -   78s
     0     0   36.25356    0 1159   41.30100   36.25356  12.2%     -   82s
     0     0   36.25356    0 1173   41.30100   36.25356  12.2%     -   84s
     0     0   36.25356    0 1185   41.30100   36.25356  12.2%     -   84s
     0     0   36.25356    0 1183   41.30100   36.25356  12.2%     -   85s
     0     0   36.25356    0 1195   41.30100   36.25356  12.2%     -   86s
     0     0   36.72163    0 1170   41.30100   36.72163  11.1%     -  109s
     0     0   36.84707    0 1159   41.30100   36.84707  10.8%     -  114s
     0     0   36.84707    0 1169   41.30100   36.84707  10.8%     -  116s
     0     0   36.84707    0 1179   41.30100   36.84707  10.8%     -  117s
     0     0   36.84707    0 1176   41.30100   36.84707  10.8%     -  119s
     0     0   36.84707    0 1191   41.30100   36.84707  10.8%     -  120s
     0     0   36.84707    0 1186   41.30100   36.84707  10.8%     -  120s
     0     0   36.96428    0 1166   41.30100   36.96428  10.5%     -  129s
     0     0   37.08948    0 1157   41.30100   37.08948  10.2%     -  138s
     0     0   37.08948    0 1164   41.30100   37.08948  10.2%     -  141s
     0     0   37.08948    0 1177   41.30100   37.08948  10.2%     -  142s
     0     0   37.08948    0 1186   41.30100   37.08948  10.2%     -  143s
     0     0   37.23637    0 1173   41.30100   37.23637  9.84%     -  149s
     0     0   37.31131    0 1184   41.30100   37.31131  9.66%     -  153s
     0     0   37.31131    0 1176   41.30100   37.31131  9.66%     -  157s
     0     0   37.31131    0 1187   41.30100   37.31131  9.66%     -  160s
     0     0   37.31131    0 1191   41.30100   37.31131  9.66%     -  161s
     0     0   37.31131    0 1203   41.30100   37.31131  9.66%     -  162s
     0     0   37.36784    0 1184   41.30100   37.36784  9.52%     -  168s
     0     0   37.36784    0 1183   41.30100   37.36784  9.52%     -  172s
     0     0   37.40892    0 1193   41.30100   37.40892  9.42%     -  175s
     0     0   37.40892    0 1188   41.30100   37.40892  9.42%     -  177s
     0     0   37.40892    0 1188   41.30100   37.40892  9.42%     -  178s
     0     0   37.51782    0 1189   41.30100   37.51782  9.16%     -  183s
     0     0   37.51782    0 1199   41.30100   37.51782  9.16%     -  186s
     0     0   37.51782    0 1199   41.30100   37.51782  9.16%     -  188s
     0     0   37.51797    0 1212   41.30100   37.51797  9.16%     -  188s
     0     0   37.68550    0 1203   41.30100   37.68550  8.75%     -  195s
     0     0   37.72347    0 1213   41.30100   37.72347  8.66%     -  199s
     0     0   37.72347    0 1219   41.30100   37.72347  8.66%     -  200s
     0     0   37.72347    0 1219   41.30100   37.72347  8.66%     -  201s
     0     0   37.83457    0 1213   41.30100   37.83457  8.39%     -  210s
     0     0   37.83457    0 1226   41.30100   37.83457  8.39%     -  212s
     0     0   37.83457    0 1229   41.30100   37.83457  8.39%     -  214s
     0     0   37.83457    0 1234   41.30100   37.83457  8.39%     -  214s
     0     0   37.91359    0 1216   41.30100   37.91359  8.20%     -  220s
     0     0   37.96086    0 1220   41.30100   37.96086  8.09%     -  224s
     0     0   37.96086    0 1233   41.30100   37.96086  8.09%     -  225s
     0     0   37.98656    0 1222   41.30100   37.98656  8.03%     -  231s
     0     0   38.00241    0 1233   41.30100   38.00241  7.99%     -  234s
     0     0   38.00241    0 1232   41.30100   38.00241  7.99%     -  236s
     0     0   38.02854    0 1211   41.30100   38.02854  7.92%     -  242s
     0     0   38.04709    0 1221   41.30100   38.04709  7.88%     -  245s
     0     0   38.05751    0 1210   41.30100   38.05751  7.85%     -  247s
     0     0   38.18109    0 1218   41.30100   38.18109  7.55%     -  262s
     0     2   38.18109    0 1218   41.30100   38.18109  7.55%     -  273s
     1     4   38.27982    1 1190   41.30100   38.18109  7.55%  8071  278s
     3     8   38.41481    2 1187   41.30100   38.18109  7.55%  8602  290s
     7    12   38.76017    3 1208   41.30100   38.20426  7.50% 12865  310s
    11    14   38.78712    3 1222   41.30100   38.20426  7.50% 16429  359s
    15    18   38.84068    4 1206   41.30100   38.48878  6.81% 18791  368s
    19    20   39.08662    4 1199   41.30100   38.48878  6.81% 16752  377s
    23    25   38.96169    5 1199   41.30100   38.50560  6.77% 15343  385s
    28    29   39.06290    6 1197   41.30100   38.50560  6.77% 13968  390s
    32    35   39.13443    7 1205   41.30100   38.50560  6.77% 12872  396s
    38    39   39.29118    8 1203   41.30100   38.50560  6.77% 11726  409s
    42    45   39.20688    8 1190   41.30100   38.50560  6.77% 11654  414s
    48    57   39.21555    9 1192   41.30100   38.50560  6.77% 10654  419s
    60    64   39.23312   11 1193   41.30100   38.50560  6.77%  8768  427s
    67    74   39.23829   12 1192   41.30100   38.50560  6.77%  8343  433s
    79    88   39.34755   14 1205   41.30100   38.50560  6.77%  7413  437s
    93    92 infeasible   17        41.30100   38.50560  6.77%  6471  455s
   101    95   39.41702   18 1142   41.30100   38.50560  6.77%  6140  471s
   106   102   39.48729   19 1138   41.30100   38.50560  6.77%  6491  489s
   113   110   39.58406   20 1136   41.30100   38.50560  6.77%  6532  503s
   121   118   39.49816   20 1134   41.30100   38.50560  6.77%  6471  511s
H  124   118                      41.2945891   38.50560  6.75%  6338  511s
   129   130   39.59477   22 1146   41.29459   38.50560  6.75%  6254  519s
   143   154   39.58390   24 1134   41.29459   38.50560  6.75%  5801  528s
H  167   165                      41.2945891   38.50560  6.75%  5198  535s
H  174   165                      41.2945890   38.50560  6.75%  5021  535s
H  183   165                      41.2896591   38.50560  6.74%  4849  535s
   188   184   39.62804   33 1103   41.28966   38.50560  6.74%  4756  544s
   207   198   39.68798   36 1100   41.28966   38.50560  6.74%  4545  554s
H  214   198                      41.2821924   38.50560  6.73%  4445  554s
   221   209   39.71988   37 1118   41.28219   38.50560  6.73%  4383  561s
   232   234   39.71988   38 1118   41.28219   38.50560  6.73%  4340  568s
   259   257 infeasible   42        41.28219   38.50560  6.73%  4021  576s
H  260   257                      41.2613696   38.50560  6.68%  4006  576s
H  281   257                      41.2581637   38.50560  6.67%  3785  576s
   286   281   39.95657   47 1097   41.25816   38.50560  6.67%  3759  588s
H  312   288                      41.2401755   38.50560  6.63%  3568  636s
H  317   288                      41.2397052   38.50560  6.63%  3625  636s
   323   326   39.87945   53 1098   41.23971   38.50560  6.63%  3582  647s
   367   350   39.89252   59 1091   41.23971   38.50560  6.63%  3262  664s
H  377   350                      41.2388247   38.50560  6.63%  3192  664s
H  388   350                      41.2386358   38.50560  6.63%  3115  664s
   395   379   39.96785   68 1055   41.23864   38.50560  6.63%  3098  674s
   428   410   39.97443   69 1056   41.23864   38.50560  6.63%  2962  683s
H  466   410                      41.1234968   38.50560  6.37%  2804  683s
   467   435   40.02460   74 1009   41.12350   38.50560  6.37%  2802  698s
   494   495   40.08399   81 1017   41.12350   38.50560  6.37%  2732  707s
   558   550   40.14217   87 1008   41.12350   38.50560  6.37%  2507  720s
   621   587   40.19918   91  986   41.12350   38.50560  6.37%  2337  731s
   672   620   40.30869  106  928   41.12350   38.50560  6.37%  2248  742s
   705   639   40.34117  110  947   41.12350   38.50560  6.37%  2230  790s
H  719   605                      40.9879517   38.50560  6.06%  2210  790s
H  727   601                      40.9804351   38.50560  6.04%  2190  790s
   728   667   40.34568  113  929   40.98044   38.50560  6.04%  2191  800s
H  794   672                      40.9804351   38.50560  6.04%  2080  901s
H  796   671                      40.9758205   38.50560  6.03%  2088  901s
H  797   665                      40.8957437   38.50560  5.84%  2327  901s
   799   744   40.41320  129  899   40.89574   38.50560  5.84%  2324  915s
   882   818   40.47248  145  875   40.89574   38.50560  5.84%  2170  932s
   962   923   40.55520  154  873   40.89574   38.50560  5.84%  2055  949s
  1083   958   40.61578  174  828   40.89574   38.50560  5.84%  1879  964s
H 1085   958                      40.8951178   38.50560  5.84%  1880  964s
H 1101   944                      40.8375800   38.50560  5.71%  1860  964s
  1145  1009   40.67515  176  812   40.83758   38.50560  5.71%  1806  980s
  1248  1086   40.77475  226  726   40.83758   38.55143  5.60%  1711  994s
  1339  1135   38.73218    5 1282   40.83758   38.55143  5.60%  1648 1013s
  1394  1207   39.19395    8 1261   40.83758   38.55143  5.60%  1632 1027s
  1478  1292   39.48726   14 1245   40.83758   38.55143  5.60%  1585 1041s
  1579  1365   39.67283   25 1176   40.83758   38.55143  5.60%  1524 1056s
  1672  1468   39.88508   34 1168   40.83758   38.55143  5.60%  1471 1070s
  1791  1583   40.02597   46 1179   40.83758   38.55143  5.60%  1405 1085s
  1926  1707   40.20797   69 1124   40.83758   38.55143  5.60%  1333 1100s
  2072  1784   40.40251   90 1075   40.83758   38.55143  5.60%  1273 1130s
H 2173  1846                      40.8374541   38.55143  5.60%  1261 1155s
H 2224  1842                      40.8344117   38.55143  5.59%  1239 1155s
H 2225  1834                      40.8319312   38.55143  5.59%  1238 1155s
H 2228  1833                      40.8310090   38.55143  5.58%  1241 1155s
H 2235  1833                      40.8310087   38.55143  5.58%  1243 1276s
  2239  1836   40.30869  107 1091   40.83101   38.55143  5.58%  1241 1282s
  2240  1837   40.77744  504 1215   40.83101   38.55143  5.58%  1241 1290s
  2241  1837   38.83196    9 1238   40.83101   38.55143  5.58%  1240 1301s
  2242  1838   39.68356   39 1250   40.83101   38.55143  5.58%  1239 1316s
  2243  1839   40.76605  521 1276   40.83101   38.55143  5.58%  1239 1324s
  2244  1839   40.35260  119 1268   40.83101   38.55143  5.58%  1238 1333s
  2245  1840   40.41815   94 1299   40.83101   38.55143  5.58%  1238 1340s
  2247  1841   40.76566  503 1312   40.83101   38.55143  5.58%  1237 1345s
  2250  1843   40.69953  138 1250   40.83101   38.55143  5.58%  1235 1355s
  2251  1844   40.47248  146 1277   40.83101   38.55143  5.58%  1235 1364s
  2252  1845   40.28722   72 1256   40.83101   38.55143  5.58%  1234 1368s
  2253  1845   40.75592  462 1260   40.83101   38.55143  5.58%  1233 1370s
  2255  1847   40.76554  509 1227   40.83101   38.55143  5.58%  1232 1379s
  2256  1847   39.84336   51 1227   40.83101   38.55143  5.58%  1232 1383s
  2257  1848   40.69925  140 1236   40.83101   38.55143  5.58%  1231 1385s
  2259  1849   39.41756   15 1229   40.83101   38.55143  5.58%  1230 1392s
  2260  1850   40.76560  544 1251   40.83101   38.55143  5.58%  1230 1396s
  2261  1851   40.02571   72 1247   40.83101   38.55143  5.58%  1229 1400s
  2263  1852   40.34161   84 1256   40.83101   38.58920  5.49%  1228 1408s
  2264  1853   39.76035   42 1258   40.83101   38.59919  5.47%  1227 1411s
  2267  1855   39.78939   37 1248   40.83101   38.60654  5.45%  1226 1417s
  2268  1855   40.51925  152 1237   40.83101   38.63494  5.38%  1225 1432s
  2269  1856   39.81563   48 1260   40.83101   38.64699  5.35%  1225 1435s
  2271  1857   40.27376  102 1271   40.83101   38.65330  5.33%  1224 1441s
  2272  1858   40.68631  294 1233   40.83101   38.71484  5.18%  1223 1449s
  2273  1859   39.08662    5 1248   40.83101   38.73647  5.13%  1223 1452s
  2274  1859   40.75661  218 1251   40.83101   38.74696  5.10%  1222 1456s
  2276  1861   40.54301  244 1247   40.83101   38.75261  5.09%  1221 1470s
  2278  1862   39.96251   41 1259   40.83101   38.77180  5.04%  1220 1477s
  2280  1863   40.76033  468 1252   40.83101   38.78134  5.02%  1219 1482s
  2281  1864   40.76105  474 1243   40.83101   38.80124  4.97%  1218 1492s
  2282  1865   40.77389  170 1259   40.83101   38.81086  4.95%  1218 1504s
  2283  1865   40.24646   84 1261   40.83101   38.81555  4.94%  1217 1507s
  2284  1866   40.76152  478 1263   40.83101   38.81716  4.93%  1217 1511s
  2286  1867   39.21306   30 1254   40.83101   38.83324  4.89%  1216 1517s
  2288  1869   39.86641   51 1276   40.83101   38.83677  4.88%  1215 1522s
  2289  1869   40.35984   91 1258   40.83101   38.84919  4.85%  1214 1526s
  2291  1871   40.36343  185 1268   40.83101   38.85401  4.84%  1213 1531s
  2292  1871   40.24558   97 1288   40.83101   38.86769  4.81%  1212 1557s
  2294  1873   40.33125   82 1288   40.83101   38.87156  4.80%  1211 1583s
H 2294  1780                      40.8310087   38.87156  4.80%  1419 1583s
  2295  1781   38.98626   10 1280   40.83101   38.87156  4.80%  1422 1661s
  2297  1785   39.07314   11 1270   40.83101   38.91256  4.70%  1429 1779s

Cutting planes:
  Gomory: 88
  Cover: 70
  Implied bound: 178
  Projected implied bound: 10
  Clique: 97
  MIR: 2342
  StrongCG: 85
  Flow cover: 4063
  Zero half: 4
  RLT: 5
  Relax-and-lift: 391
  PSD: 3

Explored 2301 nodes (3870169 simplex iterations) in 1782.48 seconds (3225.94 work units)
Thread count was 8 (of 8 available processors)

Solution count 10: 40.831 40.831 40.831 ... 40.9758

Solve interrupted
Best objective 4.083100871480e+01, best bound 3.900210952742e+01, gap 4.4792%
