
Gurobi 9.5.1 (mac64[x86]) logging started Sat Jun 11 02:51:35 2022

Set parameter LogFile to value "/Users/keyvanmajd/Documents/GitHub/NNRepLayer_v2/demos/walking_example/dynamic_constraint/repair_net/logs/opt_log_6_11_2022_2_50_40.log"
Gurobi Optimizer version 9.5.1 build v9.5.1rc2 (mac64[x86])
Thread count: 4 physical cores, 8 logical processors, using up to 8 threads
Optimize a model with 40962 rows, 25207 columns and 115394 nonzeros
Model fingerprint: 0x060e406f
Model has 151 quadratic objective terms
Variable types: 10807 continuous, 14400 integer (14400 binary)
Coefficient statistics:
  Matrix range     [7e-04, 6e+01]
  Objective range  [2e-02, 3e+00]
  QObjective range [1e-01, 2e+00]
  Bounds range     [2e-01, 6e+01]
  RHS range        [2e-04, 6e+01]
Presolve removed 27119 rows and 12253 columns
Presolve time: 0.43s
Presolved: 13843 rows, 12954 columns, 65513 nonzeros
Presolved model has 151 quadratic objective terms
Variable types: 8991 continuous, 3963 integer (3963 binary)
Root relaxation presolve removed 3963 rows and 3963 columns
Root relaxation presolved: 9880 rows, 8991 columns, 57587 nonzeros
Root relaxation presolved model has 151 quadratic objective terms


Root simplex log...

Iteration    Objective       Primal Inf.    Dual Inf.      Time
   18899    4.2392942e+01   3.069981e+02   0.000000e+00      5s
   40453    4.2395409e+01   0.000000e+00   0.000000e+00      8s
   40458    4.2395408e+01   0.000000e+00   0.000000e+00      9s
Extra simplex iterations after uncrush: 5

Root relaxation: objective 4.239541e+01, 40458 iterations, 5.84 seconds (12.07 work units)

    Nodes    |    Current Node    |     Objective Bounds      |     Work
 Expl Unexpl |  Obj  Depth IntInf | Incumbent    BestBd   Gap | It/Node Time

     0     0   42.39543    0 1217          -   42.39543      -     -   10s
     0     0   42.40095    0 1408          -   42.40095      -     -   25s
     0     0   42.40095    0 1369          -   42.40095      -     -   26s
     0     0   42.40095    0 1327          -   42.40095      -     -   34s
     0     0   42.40095    0 1326          -   42.40095      -     -   35s
     0     0   42.40095    0 1357          -   42.40095      -     -   41s
H    0     0                      77.1653356   42.40095  45.1%     -   64s
     0     2   42.40095    0 1357   77.16534   42.40095  45.1%     -   64s
     1     4   42.40316    1 1340   77.16534   42.40095  45.1%  1796   68s
     3     8   42.40679    2 1362   77.16534   42.40160  45.1%  3497   97s
     7    12   42.42113    3 1682   77.16534   42.40600  45.0% 13722  130s
    11    16   42.42222    3 1839   77.16534   42.40692  45.0% 24336  218s
    15    20   42.42598    4 1682   77.16534   42.42095  45.0% 36367  225s
    19    24   42.43156    5 1655   77.16534   42.42222  45.0% 30311  238s
    23    29   42.43098    5 1591   77.16534   42.42222  45.0% 26353  246s
H   30    35                      77.0216985   42.42222  44.9% 21088  256s
H   32    35                      76.7854757   42.42222  44.8% 20051  256s
H   35    35                      76.2672316   42.42222  44.4% 18792  256s
    36    41   42.44175    7 1604   76.26723   42.42222  44.4% 18740  271s
    42    46   42.44542    7 1606   76.26723   42.42222  44.4% 17110  326s
    47    52   42.46026    9 1612   76.26723   42.42222  44.4% 17749  347s
    53    58   42.48114   10 1602   76.26723   42.42222  44.4% 17478  370s
    60    64   42.50386   11 1645   76.26723   42.42222  44.4% 16295  382s
    66    75   42.50796   12 1617   76.26723   42.42222  44.4% 15702  392s
    77    86   42.52330   14 1607   76.26723   42.42222  44.4% 14079  412s
    88    99   42.52892   18 1633   76.26723   42.42222  44.4% 13490  467s
H   90    99                      74.4023834   42.42222  43.0% 13232  467s
   101   110   42.54055   21 1661   74.40238   42.42222  43.0% 13107  516s
   112   123   42.55459   25 1713   74.40238   42.42222  43.0% 13193  546s
   125   139   42.59894   29 1710   74.40238   42.42222  43.0% 13397  567s
   141   165   42.62424   32 1699   74.40238   42.42222  43.0% 13019  587s
H  167   187                      67.3517431   42.42222  37.0% 12266  611s
   189   215   42.72732   41 2065   67.35174   42.42222  37.0% 11908  632s
H  217   243                      66.9373400   42.42222  36.6% 11013  647s
H  228   243                      64.2974060   42.42222  34.0% 10542  647s
   245   267   42.97820   52 2039   64.29741   42.42222  34.0% 10062  669s
H  269   272                      63.0247935   42.42222  32.7%  9721  697s
   274   303   43.01218   60 2033   63.02479   42.42222  32.7%  9694  719s
H  307   307                      57.9601968   42.42222  26.8%  9029  748s
   311   347   43.07783   68 2064   57.96020   42.42222  26.8%  8954  772s
   351   393   43.11101   77 2071   57.96020   42.42222  26.8%  8387  788s
   397   458   43.14940   88 2067   57.96020   42.42222  26.8%  7814  812s
   464   525   43.17798  101 2021   57.96020   42.42222  26.8%  7050  871s
H  480   525                      53.5311215   42.42222  20.8%  6827  871s
H  531   529                      53.3053911   42.42222  20.4%  6351  929s
H  532   529                      53.2133525   42.42222  20.3%  6339  929s
   535   611   43.20590  112 2015   53.21335   42.42222  20.3%  6313  946s
   619   694   43.24577  129 2050   53.21335   42.42222  20.3%  5674 1012s
H  703   694                      53.2114656   42.42222  20.3%  5110 1012s
   704   816   43.27367  146 2059   53.21147   42.42222  20.3%  5103 1031s
   826   963   43.29942  168 2011   53.21147   42.42222  20.3%  4472 1043s
   973  1129   43.33159  193 1968   53.21147   42.42222  20.3%  3855 1054s
H 1145  1272                      53.2114624   42.42222  20.3%  3321 1153s
H 1306  1390                      53.2114036   42.42222  20.3%  2940 1373s
  1440  1664   43.31205  235 1943   53.21140   42.42222  20.3%  2681 1382s
  1732  1939   43.31228  295 1880   53.21140   42.42222  20.3%  2266 1394s
  2031  2313 infeasible  354        53.21140   42.42222  20.3%  1992 1398s
  2439  2519 infeasible  425        53.21140   42.42222  20.3%  1668 1458s
  2669  2996   43.43317  496 1687   53.21140   42.42222  20.3%  1534 1464s
  3205  3582   43.68056  590 1635   53.21140   42.42222  20.3%  1291 1471s
  3827  4124   43.68089  700 1537   53.21140   42.42222  20.3%  1092 1479s
  4441  4328   43.76669  789 1430   53.21140   42.42222  20.3%   956 1486s
  4699  4657   44.20472  820 1455   53.21140   42.42222  20.3%   917 1493s
  5072  5068   44.52784  848 1427   53.21140   42.42222  20.3%   863 1501s
  5542  5069   43.68607  740 1357   53.21140   42.42222  20.3%   801 1606s
H 5543  4816                      53.2114033   42.42222  20.3%   800 1609s
  5544  4816   43.57239  342 1041   53.21140   42.42222  20.3%   800 1610s
  5546  4818   43.13706   76 1341   53.21140   42.42222  20.3%   800 1615s
  5549  4820   43.75267  812 1405   53.21140   42.42222  20.3%   800 1622s
  5550  4820   44.27643  985 1613   53.21140   42.43482  20.3%   799 1632s
  5551  4821   44.67954  921 1855   53.21140   42.45822  20.2%   799 1644s
  5552  4822   43.42268  405 1836   53.21140   42.46124  20.2%   799 1647s
  5553  4822   43.50403  620 1861   53.21140   42.46139  20.2%   799 1654s
  5554  4823   43.68503  696 2125   53.21140   42.58572  20.0%   799 1688s
  5555  4824   43.56535  675 2166   53.21140   42.62277  19.9%   799 1701s
  5556  4824   43.21147  143 2091   53.21140   42.85945  19.5%   799 1744s
  5557  4825   43.38644  323 2138   53.21140   42.89025  19.4%   798 1749s
  5558  4826   43.68065  602 2096   53.21140   42.89025  19.4%   798 1753s
H 5558  4584                      53.2063346   42.90212  19.4%   798 1756s
  5560  4585   43.64794  654 2195   53.20633   42.91242  19.3%   798 1764s
H 5560  4356                      53.1976155   42.97421  19.2%   798 1783s
  5562  4357   43.43911  194 2368   53.19762   42.98062  19.2%   798 1789s
  5563  4358   43.64794  651 2311   53.19762   42.98062  19.2%   798 1794s
  5564  4359   44.06441  860 2320   53.19762   42.98062  19.2%   797 1801s
  5565  4359   44.27643  979 2369   53.19762   43.03552  19.1%   797 1834s
  5566  4360   43.11533   80 2311   53.19762   43.05579  19.1%   797 1848s
H 5566  4141                      53.1976155   43.07532  19.0%   797 1862s
  5568  4142   43.39451  394 2444   53.19762   43.11353  19.0%   797 1940s
  5569  4143   43.12363    8 2435   53.19762   43.12363  18.9%   797 1950s
  5570  4144   43.68607  770 2386   53.19762   43.12836  18.9%   797 1963s
  5575  4148   43.42536  475 1067   53.19762   43.12836  18.9%   918 1975s
  5576  4149   43.53825  489 1677   53.19762   43.12836  18.9%   918 1984s
  5577  4150   43.43690  494 2015   53.19762   43.12836  18.9%   918 2003s
  5578  4150   43.30624  174 1915   53.19762   43.12836  18.9%   918 2008s
  5579  4151   44.68115  872 2011   53.19762   43.12836  18.9%   918 2012s
  5580  4152   44.45012 1016 2041   53.19762   43.12836  18.9%   917 2019s
  5581  4152   43.60141  493 2092   53.19762   43.12836  18.9%   917 2024s
  5582  4153   44.40397  750 2086   53.19762   43.12836  18.9%   917 2028s
  5584  4154   44.67950  901 2110   53.19762   43.12836  18.9%   917 2030s
  5586  4156   43.31213  267 2050   53.19762   43.16941  18.9%   916 2041s
  5587  4156   44.02197  801 2109   53.19762   43.21451  18.8%   916 2060s
  5588  4157   43.74924  772 2075   53.19762   43.28511  18.6%   916 2071s
  5589  4158   43.36835  214 2111   53.19762   43.36835  18.5%   916 2085s
  5590  4158   43.68607  768 2160   53.19762   43.38966  18.4%   916 2100s
  5591  4159   43.50085  354 2186   53.19762   43.50085  18.2%   916 2112s
H 5595  3954                      53.1957522   43.50085  18.2%   971 2118s
  5597  3955   44.49547 1097 2026   53.19575   43.50085  18.2%   971 2129s
  5598  3956   44.05570  854 2128   53.19575   43.50085  18.2%   971 2161s
  5599  3956   44.45012 1054 2082   53.19575   43.50085  18.2%   971 2168s
  5600  3957   43.50085   28 2061   53.19575   43.50085  18.2%   970 2170s
  5602  3958   43.50085   42 2175   53.19575   43.50085  18.2%   970 2180s
  5603  3959   43.50085  169 2239   53.19575   43.50085  18.2%   970 2230s
  5604  3960   44.33230  708 2276   53.19575   43.50085  18.2%   970 2239s
  5605  3960   43.50352   65 2293   53.19575   43.50352  18.2%   970 2240s
  5608  3962   43.68127  700 2248   53.19575   43.52284  18.2%   969 2250s
  5609  3963   43.55429  357 2111   53.19575   43.55429  18.1%   969 2263s
  5610  3964   43.57698  290 2109   53.19575   43.57698  18.1%   969 2272s
  5611  3964   43.59904  616 2135   53.19575   43.59904  18.0%   968 2286s
  5612  3965   43.61188  209 2105   53.19575   43.61188  18.0%   968 2320s
  5614  3966   43.61313  458 2105   53.19575   43.61313  18.0%   968 2333s
  5615  3970   43.67948   36 2107   53.19575   43.61313  18.0%  1049 2448s
  5617  3973   43.70431   37 2116   53.19575   43.62229  18.0%  1052 2611s
  5621  3976   43.73100   38 2147   53.19575   43.62229  18.0%  1098 2785s
  5625  3979   43.74996   38 2180   53.19575   43.62229  18.0%  1142 2813s
  5629  3981   43.75169   39 2135   53.19575   43.71344  17.8%  1159 2829s
  5633  3984   43.73411   39 2138   53.19575   43.71344  17.8%  1162 2860s
  5637  3989   43.77178   40 2134   53.19575   43.71661  17.8%  1174 2872s
  5643  3992   43.74746   40 2152   53.19575   43.71683  17.8%  1178 2901s
  5648  3997   43.77400   41 2133   53.19575   43.71683  17.8%  1191 2915s
  5655  4002   43.81428   42 2825   53.19575   43.71683  17.8%  1227 3009s
  5662  4005   43.89601   42 2138   53.19575   43.71683  17.8%  1246 3034s
  5668  4008   43.82367   43 2827   53.19575   43.71683  17.8%  1258 3080s
H 5673  3814                      53.1864329   43.71683  17.8%  1289 3110s
H 5674  3624                      53.1548392   43.71683  17.8%  1294 3110s
  5678  3631   43.84947   44 2839   53.15484   43.71683  17.8%  1313 3154s
  5686  3638   43.86377   46 2825   53.15484   43.71683  17.8%  1335 3180s
  5696  3643   43.86780   48 2807   53.15484   43.71683  17.8%  1356 3206s
H 5704  3474                      53.1372114   43.71683  17.7%  1380 3247s
  5717  3481   43.88004   51 2784   53.13721   43.71683  17.7%  1400 3274s
  5728  3482   43.97467   52 2841   53.13721   43.71683  17.7%  1431 3330s
  5733  3501   43.88991   53 2829   53.13721   43.71683  17.7%  1435 3358s
  5753  3507   43.89632   56 2817   53.13721   43.71683  17.7%  1448 3381s
H 5754  3336                      53.1024095   43.71683  17.7%  1448 3381s
H 5761  3171                      52.9631392   43.71683  17.5%  1451 3381s
  5766  3194   43.90404   56 2824   52.96314   43.71683  17.5%  1462 3410s
  5790  3200   43.91676   60 2778   52.96314   43.71683  17.5%  1482 3448s
H 5803  3042                      52.9534902   43.71683  17.4%  1503 3448s
  5804  3058   43.91257   63 2734   52.95349   43.71683  17.4%  1513 3480s
  5820  3068   43.91742   65 2779   52.95349   43.71683  17.4%  1538 3514s
  5835  3087   43.94500   67 2770   52.95349   43.71683  17.4%  1571 3546s
  5859  3096   43.96691   67 2780   52.95349   43.71683  17.4%  1586 3635s
  5876  3120   43.95952   69 2753   52.95349   43.71683  17.4%  1637 3674s
H 5881  2972                      52.8553956   43.71683  17.3%  1639 3674s
  5910  3007   43.99687   75 2762   52.85540   43.71683  17.3%  1653 3763s
  5954  3008   44.01670   82 2644   52.85540   43.71683  17.3%  1690 3837s
H 5956  2868                      52.8553955   43.71683  17.3%  1691 3837s
H 5969  2732                      52.7877594   43.71683  17.2%  1694 3837s
  5970  2779   44.01510   83 2649   52.78776   43.71683  17.2%  1695 3875s
  6017  2813   44.02345   87 2646   52.78776   43.71683  17.2%  1710 3977s
  6067  2861   44.05692   93 2525   52.78776   43.71683  17.2%  1758 4064s
  6136  2906   44.06778   98 2502   52.78776   43.71683  17.2%  1782 4107s
  6208  2942   44.09230  105 2429   52.78776   43.71683  17.2%  1795 4158s
  6270  2964   44.11716  108 2449   52.78776   43.71683  17.2%  1816 4298s
  6316  3009   44.16351  109 2448   52.78776   43.71683  17.2%  1855 4370s
H 6372  2866                      52.7476711   43.71683  17.1%  1860 4370s
  6379  2951   44.18932  113 2435   52.74767   43.71683  17.1%  1868 4417s
  6469  2984   44.42614  116 2495   52.74767   43.71683  17.1%  1882 4473s
  6540  3055  postponed  120        52.74767   43.71683  17.1%  1895 4678s
H 6549  2933                      52.6046232   43.71683  16.9%  1896 4678s
  6644  3007   44.28594  125 2401   52.60462   43.71683  16.9%  1898 4925s
H 6751  2858                      52.6046213   43.71683  16.9%  1898 4925s
  6752  2983   44.34659  129 2404   52.60462   43.71683  16.9%  1904 4994s
H 6770  2869                      52.6036235   43.71683  16.9%  1905 4994s
H 6884  2729                      52.5858198   43.71683  16.9%  1889 4994s
  6887  2884   44.40938  138 2396   52.58582   43.71683  16.9%  1902 5057s
  7057  3009   44.45117  155 2390   52.58582   43.71683  16.9%  1895 5788s
H 7259  2848                      52.5316317   43.71683  16.8%  2048 5961s
H 7260  2755                      52.5030443   43.71683  16.7%  2047 5961s
H 7263  2667                      52.4868838   43.71683  16.7%  2066 5961s
  7265  2891   44.51359  188 2318   52.48688   43.71683  16.7%  2086 6038s
  7512  3099   44.57310  230 2225   52.48688   43.71683  16.7%  2063 6113s
  7834  3230   44.60197  274 2137   52.48688   43.71683  16.7%  2023 6185s
  8114  3369   44.68242  299 2124   52.48688   43.71683  16.7%  1995 6270s
  8394  3546   44.90937  317 2224   52.48688   43.71683  16.7%  1981 6341s
  8734  3752   45.33053  344 2164   52.48688   43.71683  16.7%  1938 6426s
  9116  4027   45.46671  385 2081   52.48688   43.71683  16.7%  1894 6542s
  9592  4432   45.53588  447 2012   52.48688   43.71683  16.7%  1855 6638s
 10258  4306   45.56645  546 1882   52.48688   43.71683  16.7%  1775 6717s
H10385  4200                      52.4868436   43.71683  16.7%  1760 6717s
H10386  4200                      52.4254298   43.71683  16.6%  1760 6717s
H10387  4200                      52.3777159   43.71683  16.5%  1760 6717s
 10388  4744   45.72223  610 1878   52.37772   43.71683  16.5%  1760 7255s
 11071  5254   46.35219  707 1804   52.37772   43.71683  16.5%  1789 7396s
 11841  5331   46.83319  818 1670   52.37772   43.71683  16.5%  1714 7466s
H11843  5331                      52.0637233   43.71683  16.0%  1714 7466s
 11942  5729   46.83319  819 1669   52.06372   43.71683  16.0%  1706 7533s
 12520  5994   46.84910  888 1575   52.06372   43.71683  16.0%  1646 7578s
 12881  6065   46.88862  903 1572   52.06372   43.71683  16.0%  1616 7664s
H12931  6065                      52.0632151   43.71683  16.0%  1612 7664s
H12932  6065                      52.0101786   43.71683  15.9%  1612 7664s
 12976  6508   46.99038  927 1571   52.01018   43.71683  15.9%  1608 7718s
 13553  6824   47.08316 1004 1470   52.01018   43.71683  15.9%  1555 7786s
 13969  6826 infeasible 1054        52.01018   43.71683  15.9%  1532 8027s
H13970  6826                      52.0101779   43.71683  15.9%  1532 8027s
 13975  6919 infeasible 1055        52.01018   43.71683  15.9%  1532 8104s
H13976  6919                      51.9949999   43.71683  15.9%  1532 8104s
H14141  6919                      51.9926842   43.71683  15.9%  1517 8104s
 14142  7323   47.47939 1137 1330   51.99268   43.71683  15.9%  1517 8159s
H14167  7323                      51.9833775   43.71683  15.9%  1515 8159s
H14566  7323                      51.9799018   43.71683  15.9%  1480 8159s
 14692  7899   47.73982 1235 1257   51.97990   43.71683  15.9%  1473 8215s
H15530  7903                      51.9797355   43.71683  15.9%  1407 8300s
H15534  7906                      51.9370028   43.71683  15.8%  1407 8510s
 15539  8377   48.10542 1387 1116   51.93700   43.71683  15.8%  1407 8562s
 16238  8974   48.38219 1453 1057   51.93700   43.71683  15.8%  1362 8611s
 17015  9409   48.41353 1548  990   51.93700   43.71683  15.8%  1313 8655s
 17636  9859   48.67007 1635  927   51.93700   43.71683  15.8%  1277 8697s
 18316 10120   49.09255 1703  906   51.93700   43.71683  15.8%  1239 8740s
 18733 10488   49.22962 1775  837   51.93700   43.71683  15.8%  1220 8780s
 19301 10993   49.43995 1854  771   51.93700   43.71683  15.8%  1192 8851s
 20062 11441   50.16633 1945  705   51.93700   43.71683  15.8%  1158 8898s
 20736 11977 infeasible 2006        51.93700   43.71683  15.8%  1128 8937s
 21564 13060 infeasible 2101        51.93700   43.71683  15.8%  1090 9082s
 23430 13137   51.16888 2512  256   51.93700   43.71683  15.8%  1027 9117s
 23672 13283   51.56761 2556  261   51.93700   43.71683  15.8%  1020 9164s
 24045 13423   51.87290 2646  182   51.93700   43.73233  15.8%  1011 9411s
 24282 13511   43.78632   40 2184   51.93700   43.73233  15.8%  1015 9466s
 24386 13724   43.78822   45 2170   51.93700   43.73233  15.8%  1017 9520s
H24621 13727                      51.9365945   43.73233  15.8%  1014 9929s
H24622 13657                      51.8506451   43.73233  15.7%  1014 9929s
 24625 13867   43.79345   68 2135   51.85065   43.73233  15.7%  1014 10094s
 24874 14026   43.80730   81 2133   51.85065   43.73233  15.7%  1016 10180s
 25076 14329   43.85561  111 2190   51.85065   43.73233  15.7%  1018 10243s
 25413 14462   43.89476  125 2124   51.85065   43.73233  15.7%  1013 10335s
 25608 14538   43.90473  160 2104   51.85065   43.73233  15.7%  1015 10455s
 25692 14821   43.94904  221 1986   51.85065   43.73233  15.7%  1026 10630s
 26014 15030   43.99330  262 1949   51.85065   43.73233  15.7%  1032 10715s
 26258 15345   44.07072  319 1881   51.85065   43.73233  15.7%  1037 10866s
 26618 15573   44.20482  404 1798   51.85065   43.73233  15.7%  1039 10937s
 26892 15721   44.24159  440 1745   51.85065   43.73233  15.7%  1039 11594s
 27126 16101   44.26540  459 2367   51.85065   43.73233  15.7%  1083 11685s
 27565 16613   44.26540  460 2366   51.85065   43.73233  15.7%  1073 11772s
 28141 17255   44.48539  649 2174   51.85065   43.73233  15.7%  1062 11890s
 28946 17596   44.96641  775 1967   51.85065   43.73233  15.7%  1045 12102s
 29289 18130   45.77800 1077 1704   51.85065   43.73233  15.7%  1049 12232s
 29825 18873   47.38441 1492 1314   51.85065   43.73233  15.7%  1045 12310s
 30578 19784   49.84179 2115  739   51.85065   43.73804  15.6%  1029 12415s
*31424 19010            2961      51.4176926   43.73804  14.9%  1002 12415s
 31551 19106   43.78308   43 2134   51.41769   43.73804  14.9%  1008 12490s
 31672 19140   43.81837   54 2137   51.41769   43.73804  14.9%  1013 12651s
 31726 19271   43.87008   72 2078   51.41769   43.73804  14.9%  1025 12754s
 31867 19370   43.88411   80 2132   51.41769   43.73804  14.9%  1032 12876s
 31966 20053   43.93587   91 2041   51.41769   43.73804  14.9%  1038 13960s
 32664 20824   44.86517  322 1987   51.41769   43.73804  14.9%  1116 14985s
H33581 20959                      51.3649988   43.73804  14.8%  1170 15957s
H33584 20907                      51.3567198   43.73804  14.8%  1170 15957s
H34152 21536                      51.3566578   43.73804  14.8%  1167 16488s
H34819 21512                      51.3288983   43.73804  14.8%  1188 16488s

Resetting heuristic parameters to focus on improving solution
(using Heuristics=0.5 and RINS=10)...

H34887 21535                      51.3209332   43.73804  14.8%  1195 16665s
 34887 21535   43.89337   77 2702   51.32093   43.73804  14.8%  1196 16665s
H34889 21503                      51.3098269   43.73804  14.8%  1196 16665s
H34890 21494                      51.2950254   43.73804  14.7%  1196 16665s
H34912 21494                      51.2936267   43.73804  14.7%  1197 16665s
H34923 21485                      51.2778895   43.73804  14.7%  1198 16665s
H34925 21600                      51.2699834   43.73804  14.7%  1198 18000s
H34928 20796                      51.0011097   43.73804  14.2%  1198 18000s
H34929 20796                      50.9994822   43.73804  14.2%  1198 18000s
H34933 20789                      50.9860797   43.73804  14.2%  1198 18000s
H34968 20785                      50.9725590   43.73804  14.2%  1200 18000s

Cutting planes:
  Gomory: 89
  Cover: 86
  Implied bound: 510
  Projected implied bound: 19
  Clique: 95
  MIR: 4609
  StrongCG: 8
  Flow cover: 5468
  Inf proof: 8
  Zero half: 2
  RLT: 1
  Relax-and-lift: 702

Explored 35105 nodes (42324815 simplex iterations) in 18000.51 seconds (26414.75 work units)
Thread count was 8 (of 8 available processors)

Solution count 10: 50.9726 50.9861 50.9995 ... 51.3209

Time limit reached
Best objective 5.097255897611e+01, best bound 4.373804286298e+01, gap 14.1930%
