
Gurobi 9.5.1 (linux64) logging started Tue 26 Jul 2022 11:08:56 AM MST

Set parameter LogFile to value "/home/local/ASUAD/kmajd1/NNRepLayer_v2/demos/walking_example/dynamic_constraint/repair_net/logs/opt_log_7_26_2022_10_51_52.log"
Gurobi Optimizer version 9.5.1 build v9.5.1rc2 (linux64)
Thread count: 48 physical cores, 96 logical processors, using up to 32 threads
Optimize a model with 339696 rows, 270094 columns and 5746616 nonzeros
Model fingerprint: 0x438283f7
Model has 270 quadratic objective terms
Variable types: 200974 continuous, 69120 integer (69120 binary)
Coefficient statistics:
  Matrix range     [3e-05, 2e+02]
  Objective range  [3e-03, 2e+00]
  QObjective range [7e-02, 7e-02]
  Bounds range     [3e-01, 1e+03]
  RHS range        [1e-06, 2e+02]
Presolve removed 569 rows and 58 columns (presolve time = 5s) ...
Presolve removed 9273 rows and 17466 columns (presolve time = 10s) ...
Presolve removed 17977 rows and 17466 columns (presolve time = 15s) ...
Presolve removed 17977 rows and 17466 columns
Presolve time: 19.92s
Presolved: 321719 rows, 252628 columns, 5711275 nonzeros
Presolved model has 270 quadratic objective terms
Variable types: 183537 continuous, 69091 integer (69091 binary)
Root relaxation presolve removed 69088 rows and 69088 columns (presolve time = 5s) ...
Root relaxation presolve removed 69088 rows and 69088 columns (presolve time = 10s) ...
Root relaxation presolve removed 69088 rows and 69088 columns (presolve time = 15s) ...
Root relaxation presolve removed 69088 rows and 69088 columns (presolve time = 20s) ...
Root relaxation presolve removed 69088 rows and 69088 columns (presolve time = 25s) ...
Root relaxation presolve removed 69088 rows and 69088 columns
Root relaxation presolved: 252631 rows, 183540 columns, 5504011 nonzeros
Root relaxation presolved model has 270 quadratic objective terms


Root simplex log...

Iteration    Objective       Primal Inf.    Dual Inf.      Time
       0    2.6256078e+01   0.000000e+00   0.000000e+00     52s
   37455    2.6256078e+01   1.317162e+04   0.000000e+00     56s
  117265    2.6256078e+01   1.578137e+03   0.000000e+00     60s
  132291    2.6256078e+01   0.000000e+00   0.000000e+00     61s
  132291    2.6256078e+01   0.000000e+00   0.000000e+00     62s

Root relaxation: objective 2.625608e+01, 132291 iterations, 40.14 seconds (62.76 work units)

    Nodes    |    Current Node    |     Objective Bounds      |     Work
 Expl Unexpl |  Obj  Depth IntInf | Incumbent    BestBd   Gap | It/Node Time

     0     0   26.25608    0 2248          -   26.25608      -     -   63s
     0     0   26.25608    0 2248          -   26.25608      -     -  122s
     0     2   26.25608    0 2248          -   26.25608      -     -  361s
     1     4   26.25608    1 2247          -   26.25608      -   5.0  372s
     3     8   26.25608    2 2247          -   26.25608      -   113  385s
     7    16   26.25608    3 2245          -   26.25608      -   160  401s
    15    32   26.25608    4 2245          -   26.25608      -   369  547s
    31    64   26.25608    5 2245          -   26.25608      -   384  609s
    63    96   26.25608    6 2244          -   26.25608      -   689  613s
    95   128   26.25608    7 2244          -   26.25608      -   497  617s
   127   160   26.25608    8 2265          -   26.25608      -   394  622s
   159   192   26.25608    9 2265          -   26.25608      -   341  693s
   191   224   26.25608   10 2265          -   26.25608      -   341  698s
   223   256   26.25608   11 2263          -   26.25608      -   333  702s
   255   288   26.25608   12 2263          -   26.25608      -   316  706s
   319   352   26.25608   14 2263          -   26.25608      -   284  713s
   351   384   26.25608   15 2263          -   26.25608      -   283  718s
   383   416   26.25608   16 2263          -   26.25608      -   285  740s
   415   469   26.25608   17 2263          -   26.25608      -   277  747s
   468   521   26.25608   19 2262          -   26.25608      -   264  754s
   520   580   26.25608   21 2266          -   26.25608      -   268  759s
   579   642   26.25608   24 2269          -   26.25608      -   267  764s
   641   712   26.25608   25 2269          -   26.25608      -   267  794s
   711   788   26.25608   26 2270          -   26.25608      -   486 2308s
   787   896   26.25608   29 2274          -   26.25608      -   733 2314s
   895  1011   26.25608   33 2277          -   26.25608      -   661 2320s
  1010  1118   26.25608   37 2276          -   26.25608      -   602 2326s
  1117  1221   26.25608   40 2277          -   26.25608      -   564 2333s
  1220  1333   26.25608   42 2276          -   26.25608      -   533 2339s
  1332  1449   26.25608   46 2275          -   26.25608      -   499 2346s
  1448  1584   26.25608   50 2275          -   26.25608      -   470 2352s
  1583  1719   26.25608   55 2272          -   26.25608      -   444 2359s
  1718  1848   26.25608   60 2270          -   26.25608      -   422 2364s
  1849  1928   26.25608   64 2268          -   26.25608      -   403 2372s
  1929  2072   26.25608   67 2268          -   26.25608      -   393 2377s
  2075  2222   26.25608   72 2266          -   26.25608      -   371 2384s
  2225  2376   26.27790   77 2269          -   26.25608      -   353 2389s
  2383  2553   26.27790   82 2273          -   26.25608      -   337 2395s
  2562  2732   26.27790   88 2270          -   26.25608      -   320 2401s
  2741  2912   26.27790   94 2265          -   26.25608      -   307 2407s
  2921  3089   26.27790  100 2263          -   26.25608      -   294 2413s
  3100  3261   26.27790  106 2260          -   26.25608      -   283 2419s
  3274  3422   26.27790  111 2263          -   26.25608      -   273 2426s
  3441  3626   26.92214  117 2280          -   26.25608      -   271 2432s
  3647  3845   26.53818  122 2268          -   26.25608      -   261 2439s
  3868  4080   26.53818  129 2262          -   26.25608      -   252 2448s
  4107  4292   26.65276  136 2268          -   26.25608      -   245 2455s
  4325  4534   26.53818  142 2256          -   26.25608      -   238 2461s
  4569  4801   26.53818  150 2255          -   26.25608      -   232 2469s
  4840  5067   26.53818  156 2251          -   26.25608      -   225 2478s
  5112  5339   26.53818  164 2249          -   26.25608      -   220 2487s
  5386  5634   26.53818  173 2253          -   26.25608      -   216 2495s
  5681  5918   26.53818  183 2253          -   26.25608      -   210 2503s
  5973  6225   26.53818  193 2256          -   26.25608      -   206 2518s
  6282  6561   26.53818  203 2259          -   26.25608      -   200 2527s
  6620  6915   26.53818  214 2260          -   26.25608      -   195 2537s
  6974  7110   26.53818  226 2259          -   26.25608      -   191 2552s
  7169  7490   26.53818  232 2259          -   26.25608      -   189 2562s
  7549  7871   26.53818  243 2263          -   26.25608      -   185 2573s
  7930  8254   26.60134  255 2323          -   26.25608      -   185 2585s
  8317  8671   26.60134  265 2311          -   26.25608      -   185 2596s
  8736  9131   26.60134  279 2303          -   26.25608      -   184 2608s
  9196  9595   26.60134  293 2299          -   26.25608      -   181 2621s
  9660 10081   26.60134  306 2287          -   26.25608      -   180 2634s
 10146 10555   26.60134  320 2274          -   26.25608      -   180 2648s
 10620 11061   26.60134  334 2283          -   26.25608      -   181 2662s
 11126 11581   26.60134  349 2283          -   26.25608      -   180 2677s
 11646 12023   26.60134  367 2279          -   26.25608      -   179 2695s
 12088 12594   26.60134  381 2278          -   26.25608      -   177 2712s
 12663 13207   26.60134  400 2282          -   26.25608      -   176 2730s
 13276 13818   26.60134  418 2281          -   26.25608      -   174 2751s
 13889 14465   26.60134  439 2284          -   26.25608      -   173 2772s
 14537 14466   30.72253  276 2248          -   26.25608      -   170 2802s
 14539 14467   27.52216   95 2247          -   26.25608      -   170 2908s
