
Gurobi 9.5.1 (mac64[x86]) logging started Wed Jun  8 00:44:08 2022

Set parameter LogFile to value "/Users/keyvanmajd/Documents/GitHub/NNRepLayer_v2/demos/examples/tc7_walking_example/repair_inp_out_constraint/repair_net/logs/opt_log_6_8_2022_0_43_43.log"
Gurobi Optimizer version 9.5.1 build v9.5.1rc2 (mac64[x86])
Thread count: 4 physical cores, 8 logical processors, using up to 8 threads
Optimize a model with 6179 rows, 3682 columns and 16627 nonzeros
Model fingerprint: 0x67dc605a
Model has 170 quadratic objective terms
Variable types: 1654 continuous, 2028 integer (2028 binary)
Coefficient statistics:
  Matrix range     [7e-04, 2e+02]
  Objective range  [1e-02, 2e+00]
  QObjective range [1e-01, 2e+00]
  Bounds range     [1e+00, 2e+02]
  RHS range        [5e-04, 2e+02]
Presolve removed 3742 rows and 1364 columns
Presolve time: 0.05s
Presolved: 2437 rows, 2318 columns, 10840 nonzeros
Presolved model has 170 quadratic objective terms
Variable types: 1642 continuous, 676 integer (676 binary)
Found heuristic solution: objective 49.1551920
Root relaxation presolve removed 676 rows and 676 columns
Root relaxation presolved: 1761 rows, 1642 columns, 9488 nonzeros
Root relaxation presolved model has 170 quadratic objective terms


Root relaxation: objective 2.365198e+01, 2162 iterations, 0.07 seconds (0.07 work units)

    Nodes    |    Current Node    |     Objective Bounds      |     Work
 Expl Unexpl |  Obj  Depth IntInf | Incumbent    BestBd   Gap | It/Node Time

     0     0   23.65198    0  475   49.15519   23.65198  51.9%     -    0s
H    0     0                      49.1551919   23.65199  51.9%     -    0s
     0     0   23.65199    0  452   49.15519   23.65199  51.9%     -    0s
H    0     0                      47.9749298   23.65199  50.7%     -    0s
     0     0   23.65199    0  447   47.97493   23.65199  50.7%     -    0s
     0     0   23.65199    0  447   47.97493   23.65199  50.7%     -    0s
     0     2   23.65199    0  447   47.97493   23.65199  50.7%     -    1s
H   32    39                      47.9593817   23.65230  50.7%   241    1s
H   68    81                      47.9397799   23.65317  50.7%   181    2s
H  110   115                      46.0048703   23.65317  48.6%   143    2s
   509   533   24.25914  150  325   46.00487   23.65317  48.6%   133    5s
  1481  1552   28.59653  324  185   46.00487   23.65317  48.6%   126   10s
H 1492  1552                      45.9887603   23.65317  48.6%   125   10s
H 1504  1552                      45.1439472   23.65317  47.6%   125   10s
H 1534  1552                      45.0704402   23.65317  47.5%   123   10s
H 1550  1552                      44.8894366   23.65317  47.3%   123   10s
H 1695  1741                      44.1262722   23.65317  46.4%   118   11s
H 1972  1970                      44.0937174   23.65317  46.4%   112   12s
H 1974  1970                      43.7885403   23.65317  46.0%   112   12s
  2354  2413   34.60879  419  114   43.78854   23.65317  46.0%   106   15s
H 2652  2641                      42.7911673   23.65317  44.7%  99.1   15s
H 2975  2779                      39.5667652   23.66748  40.2%  99.0   18s
  3207  2868   24.07859   31  424   39.56677   23.66748  40.2%   100   21s
H 3208  2864                      39.5519430   23.66748  40.2%   100   21s
H 3219  2781                      39.0891447   23.66748  39.5%   101   21s
H 3229  2645                      38.1539006   23.66748  38.0%   101   24s
  3231  2646   34.45441  326  440   38.15390   23.66748  38.0%   101   25s
H 3524  2720                      38.1539005   23.66748  38.0%   108   28s
H 3527  2593                      38.1482429   23.66748  38.0%   108   28s
  3976  2920   25.13443   61  388   38.14824   23.66748  38.0%   112   30s
H 4088  2847                      38.1460432   23.66748  38.0%   112   30s
H 4120  2776                      37.8600430   23.66748  37.5%   113   33s
  4206  2807   25.10661   71  387   37.86004   23.66748  37.5%   114   37s
H 4217  2695                      36.5924628   23.66748  35.3%   114   37s
H 4387  2701                      36.5652940   23.66748  35.3%   114   39s
H 4390  2602                      36.5590996   23.66748  35.3%   114   39s
  4592  2788   25.12824   87  356   36.55910   23.66748  35.3%   114   40s
  5521  3355   27.32501  131  310   36.55910   23.66748  35.3%   115   46s
H 5567  3247                      36.5590993   23.66748  35.3%   115   46s
H 5580  3155                      36.5590993   23.66748  35.3%   116   46s
  5581  3185   26.84072  134  294   36.55910   23.66748  35.3%   116   52s
H 5602  3094                      35.7581274   23.66748  33.8%   116   52s
H 5603  2991                      35.3350086   23.66748  33.0%   116   52s
H 5611  2923                      35.2819999   23.66748  32.9%   116   56s
H 5616  2846                      35.2145446   23.66748  32.8%   116   56s
  6442  3487   28.10137  192  242   35.21454   23.66748  32.8%   116   60s
  6945  3785   30.81420  233  215   35.21454   23.66748  32.8%   117   65s
  7903  4490   25.43322   63  365   35.21454   23.66748  32.8%   116   71s
  8733  5186   24.73900   37  357   35.21454   23.66748  32.8%   115   75s
  9708  5994   24.72176   30  406   35.21454   23.66748  32.8%   119   80s
H10485  6471                      35.1596803   23.66748  32.7%   122  105s
H10487  6334                      34.8732468   23.66748  32.1%   122  105s
 10493  6361     cutoff   75        34.87325   23.66748  32.1%   122  111s
H10499  6361                      34.8732466   23.66748  32.1%   122  111s
H10500  6346                      34.8619621   23.66748  32.1%   122  111s
H10501  6343                      34.8568156   23.66748  32.1%   122  111s
H10563  6343                      34.8529635   23.66748  32.1%   122  111s
 11222  7238   27.55256   95  352   34.85296   23.66748  32.1%   122  116s
 11568  7335   32.30186  126  336   34.85296   23.66748  32.1%   122  120s
H11569  7329                      34.8437710   23.66748  32.1%   122  120s
H11651  7328                      34.8396526   23.66748  32.1%   123  120s
 12694  8510   25.71020   62  359   34.83965   23.66748  32.1%   121  125s
 13628  9240   23.68813   35  348   34.83965   23.66748  32.1%   120  130s
 14593 10529   34.37144  175  287   34.83965   23.66748  32.1%   122  136s
 16040 11324   28.79097  104  334   34.83965   23.66748  32.1%   123  141s
H16940 11645                      34.8396525   23.66748  32.1%   124  150s
H16941 11645                      34.8396520   23.66748  32.1%   124  150s
H16942 11645                      34.8394768   23.66748  32.1%   124  150s

Cutting planes:
  Gomory: 11
  Cover: 49
  Implied bound: 133
  MIR: 177
  Flow cover: 856
  Relax-and-lift: 42

Explored 17247 nodes (2158699 simplex iterations) in 152.34 seconds (182.03 work units)
Thread count was 8 (of 8 available processors)

Solution count 10: 34.8395 34.8397 34.8397 ... 35.1597

Solve interrupted
Best objective 3.483947676919e+01, best bound 2.366748148296e+01, gap 32.0671%
