
Gurobi 9.5.1 (linux64) logging started Thu 14 Jul 2022 02:46:27 PM MST

Set parameter LogFile to value "/home/local/ASUAD/kmajd1/NNRepLayer_v2/demos/walking_example/dynamic_constraint/repair_net/logs/opt_log_7_14_2022_14_45_54.log"
Gurobi Optimizer version 9.5.1 build v9.5.1rc2 (linux64)
Thread count: 48 physical cores, 96 logical processors, using up to 32 threads
Optimize a model with 28842 rows, 19662 columns and 254634 nonzeros
Model fingerprint: 0x6272e4ed
Model has 270 quadratic objective terms
Variable types: 11022 continuous, 8640 integer (8640 binary)
Coefficient statistics:
  Matrix range     [2e-03, 9e+01]
  Objective range  [9e-03, 1e+00]
  QObjective range [7e-02, 7e-02]
  Bounds range     [4e-01, 3e+02]
  RHS range        [3e-04, 9e+01]
Presolve removed 722 rows and 122 columns
Presolve time: 0.67s
Presolved: 28120 rows, 19540 columns, 252859 nonzeros
Presolved model has 270 quadratic objective terms
Variable types: 10961 continuous, 8579 integer (8579 binary)
Root relaxation presolve removed 8571 rows and 8571 columns
Root relaxation presolved: 19549 rows, 10969 columns, 227146 nonzeros
Root relaxation presolved model has 270 quadratic objective terms


Root relaxation: objective 3.584638e+01, 15521 iterations, 1.11 seconds (2.24 work units)

    Nodes    |    Current Node    |     Objective Bounds      |     Work
 Expl Unexpl |  Obj  Depth IntInf | Incumbent    BestBd   Gap | It/Node Time

     0     0   35.84638    0 2268          -   35.84638      -     -    2s
     0     0   35.84638    0 1756          -   35.84638      -     -    4s
     0     0   35.85816    0 1397          -   35.85816      -     -    8s
     0     0   36.12506    0 1057          -   36.12506      -     -   10s
     0     0   36.18391    0  841          -   36.18391      -     -   11s
     0     0   36.67947    0  692          -   36.67947      -     -   12s
     0     0   36.68136    0  597          -   36.68136      -     -   12s
     0     0   36.68136    0  499          -   36.68136      -     -   13s
     0     0   36.98981    0  720          -   36.98981      -     -   15s
     0     0   37.00675    0  717          -   37.00675      -     -   16s
     0     0   37.00681    0  712          -   37.00681      -     -   16s
     0     0   37.26927    0  591          -   37.26927      -     -   18s
     0     0   37.40857    0  603          -   37.40857      -     -   19s
     0     0   37.40875    0  708          -   37.40875      -     -   19s
     0     0   37.69599    0  542          -   37.69599      -     -   23s
     0     0   37.72146    0  544          -   37.72146      -     -   31s
     0     0   37.90111    0  613          -   37.90111      -     -   31s
     0     0   37.90111    0  631          -   37.90111      -     -   31s
     0     0   37.90111    0  656          -   37.90111      -     -   32s
     0     0   37.90111    0  660          -   37.90111      -     -   32s
     0     0   38.00404    0  555          -   38.00404      -     -   35s
     0     0   38.00404    0  594          -   38.00404      -     -   35s
     0     0   38.05801    0  650          -   38.05801      -     -   35s
     0     0   38.05801    0  662          -   38.05801      -     -   36s
     0     0   38.14993    0  640          -   38.14993      -     -   38s
     0     0   38.14993    0  744          -   38.14993      -     -   38s
     0     0   38.14993    0  753          -   38.14993      -     -   38s
     0     0   38.20465    0  693          -   38.20465      -     -   41s
     0     0   38.24610    0  856          -   38.24610      -     -   42s
     0     0   38.24910    0  890          -   38.24910      -     -   42s
     0     0   38.24963    0  924          -   38.24963      -     -   42s
     0     0   38.29849    0  721          -   38.29849      -     -   44s
     0     0   38.32083    0  773          -   38.32083      -     -   45s
     0     0   38.32268    0  780          -   38.32268      -     -   45s
     0     0   38.32338    0  831          -   38.32338      -     -   45s
     0     0   38.38025    0  798          -   38.38025      -     -   47s
     0     0   38.39207    0  779          -   38.39207      -     -   48s
     0     0   38.39452    0  800          -   38.39452      -     -   48s
     0     0   38.40137    0  773          -   38.40137      -     -   48s
     0     0   38.40970    0  802          -   38.40970      -     -   48s
     0     0   38.41196    0  811          -   38.41196      -     -   49s
     0     0   38.41721    0  740          -   38.41721      -     -   49s
     0     0   38.41788    0  739          -   38.41788      -     -   49s
     0     0   38.43070    0  724          -   38.43070      -     -   51s
     0     0   38.43293    0  683          -   38.43293      -     -   51s
     0     0   38.43550    0  694          -   38.43550      -     -   51s
     0     0   38.43582    0  738          -   38.43582      -     -   51s
     0     0   38.45383    0  672          -   38.45383      -     -   53s
     0     0   38.45533    0  688          -   38.45533      -     -   53s
     0     0   38.46592    0  636          -   38.46592      -     -   55s
H    0     0                      58.2715184   38.46592  34.0%     -   95s
H    0     0                      57.0557620   38.46592  32.6%     -  148s
     0     2   38.46592    0  636   57.05576   38.46592  32.6%     -  148s
     1     4   39.01377    1  621   57.05576   38.48739  32.5%  5957  160s
     3     8   39.45692    2  732   57.05576   38.53123  32.5%  3464  173s
     7    16   39.79894    3  712   57.05576   38.56919  32.4%  4046  195s
    15    32   40.38405    4  875   57.05576   38.61501  32.3%  5739  215s
    31    64   42.32390    5 1918   57.05576   38.70772  32.2% 13064  487s
    63    96   42.85445    6 1868   57.05576   38.82893  31.9% 64493  563s
H   95   128                      57.0077100   38.82893  31.9% 46779  708s
H   97   128                      56.9348888   38.82893  31.8% 45946  708s
H  108   128                      56.7850191   38.82893  31.6% 41968  708s
   127   160   44.21412    7 1911   56.78502   38.82893  31.6% 36673  726s
   159   192   43.19704    8 1860   56.78502   38.82893  31.6% 30176  752s
H  191   231                      56.4914578   38.82893  31.3% 26072  954s
H  205   231                      56.1344341   38.82893  30.8% 24663  954s
H  221   231                      55.4328339   38.82893  30.0% 23304  954s
H  222   231                      54.5046451   38.82893  28.8% 23205  954s
   230   290   43.33574    9 1901   54.50465   38.82893  28.8% 22622  992s
   289   351   43.69231   10 1970   54.50465   38.82893  28.8% 19991 1016s
   350   428   43.70146   11 1987   54.50465   38.82893  28.8% 17159 1047s
   427   508   45.48224   13 1923   54.50465   38.82893  28.8% 14942 1071s
   507   613   43.84187   14 1966   54.50465   38.82893  28.8% 13191 1114s
   612   726   43.98985   16 2007   54.50465   38.82893  28.8% 11609 1125s
   725   874   44.11265   20 1989   54.50465   38.82893  28.8% 10120 1134s
   873  1019   44.22918   25 1993   54.50465   38.82893  28.8%  8658 1142s
  1018  1137   44.39425   29 1965   54.50465   38.82893  28.8%  7673 1167s
  1136  1252   44.48889   33 1897   54.50465   38.82893  28.8%  7189 1203s
H 1251  1284                      54.4458564   38.82893  28.7%  6826 1342s
H 1255  1284                      54.3485976   38.82893  28.6%  6821 1342s
H 1263  1284                      54.2449938   38.82893  28.4%  6793 1342s
H 1277  1284                      54.2190960   38.82893  28.4%  6761 1342s
  1283  1466   44.77384   35 1943   54.21910   38.82893  28.4%  6736 1379s
  1467  1684   45.05770   38 1910   54.21910   38.82893  28.4%  6150 1389s
  1687  1934   45.05698   41 1923   54.21910   38.82893  28.4%  5528 1415s
  1945  2203   45.29373   43 1909   54.21910   38.82893  28.4%  4955 1429s
  2214  2389   45.46866   46 1937   54.21910   38.82893  28.4%  4493 1441s
  2400  2670   45.61789   51 1914   54.21910   38.82893  28.4%  4276 1467s
  2681  2978   45.89050   56 2022   54.21910   38.82893  28.4%  3971 1478s
  2989  3279   45.93830   61 1989   54.21910   38.82893  28.4%  3667 1505s
  3301  3601   46.21435   62 1999   54.21910   38.82893  28.4%  3454 1520s
  3638  3844   46.23085   66 1940   54.21910   38.82893  28.4%  3237 1534s
  3887  4271   46.23432   67 1952   54.21910   38.82893  28.4%  3132 1551s
  4328  4625   46.35495   72 1932   54.21910   38.82893  28.4%  2893 1588s
  4696  5013   46.48142   76 1869   54.21910   38.82893  28.4%  2767 1621s
  5108  5304   46.81302   85 1855   54.21910   38.82893  28.4%  2639 1663s
  5419  5525   46.88351   86 1858   54.21910   38.82893  28.4%  2599 1682s
  5651  5843   46.86811   87 1920   54.21910   38.82893  28.4%  2567 1725s
  5979  6003   46.91019   88 1897   54.21910   38.82893  28.4%  2519 1760s
  6152  6364   46.93945   92 1890   54.21910   38.82893  28.4%  2503 1866s
  6529  6682   47.08719   98 1832   54.21910   38.82893  28.4%  2452 1913s
  6860  7006   47.33034  101 1816   54.21910   38.82893  28.4%  2424 1968s
  7190  7307   47.43179  105 1906   54.21910   38.82893  28.4%  2412 2020s
  7502  7652   47.62133  111 1873   54.21910   38.82893  28.4%  2399 2070s
  7857  7935   47.82901  115 1818   54.21910   38.82893  28.4%  2377 2125s
  8140  8287   48.01063  119 1820   54.21910   38.82893  28.4%  2399 2170s
  8492  8657   48.51876  125 1834   54.21910   38.82893  28.4%  2379 2215s
  8862  9013   48.33508  126 1821   54.21910   38.82893  28.4%  2367 2270s
  9226  9403   48.86900  134 1785   54.21910   38.82893  28.4%  2361 2317s
  9625  9849   48.75284  139 1791   54.21910   38.82893  28.4%  2341 2375s
 10091 10270   49.06659  152 1760   54.21910   38.82893  28.4%  2305 2448s
 10532 10729   49.39087  174 1776   54.21910   38.82893  28.4%  2284 2507s
 10991 11199   49.50376  183 1762   54.21910   38.82893  28.4%  2267 2563s
 11461 11766   49.83210  197 1714   54.21910   38.82893  28.4%  2251 2626s
 12052 12463   50.14685  212 1739   54.21910   38.82893  28.4%  2235 2673s
 12755 13071   50.39875  240 1642   54.21910   38.82893  28.4%  2181 3244s
H12918 13070                      54.2172507   38.82893  28.4%  2164 3244s
 13402 13910   50.75207  269 1549   54.21725   38.82893  28.4%  2139 3302s
 14248 14886   51.21717  338 1378   54.21725   38.82893  28.4%  2091 3373s
H15247 14886                      54.2172502   38.82893  28.4%  2041 3779s
 15248 14887   44.51275  110  636   54.21725   38.82893  28.4%  2041 3780s
 15251 14889   42.64679   91 1934   54.21725   38.82893  28.4%  2041 3786s
 15254 14891   52.08717 1039 1340   54.21725   38.82893  28.4%  2040 3792s
 15256 14892   52.19668  359 1150   54.21725   38.82893  28.4%  2040 3797s
 15259 14894   50.48657  703 1021   54.21725   38.82893  28.4%  2040 3800s
 15262 14896   49.14984   91 1019   54.21725   38.82893  28.4%  2039 3805s
 15265 14898   50.34873  148  933   54.21725   38.82893  28.4%  2039 3811s
 15267 14900   44.98521  288  926   54.21725   38.82893  28.4%  2039 3815s
 15271 14902   43.39377  148 1038   54.21725   38.84371  28.4%  2038 3821s
 15274 14904   45.16905   78  918   54.21725   38.92048  28.2%  2038 3825s
 15276 14906   48.59955  190  956   54.21725   38.94151  28.2%  2037 3831s
 15278 14907   53.70514  341  827   54.21725   39.07582  27.9%  2037 3837s
 15280 14908   41.42114   20  874   54.21725   39.11764  27.9%  2037 3840s
 15285 14912   40.18710   28  926   54.21725   39.15430  27.8%  2036 3849s
 15286 14912   53.97666   70  918   54.21725   39.21400  27.7%  2036 3853s
 15288 14914   48.03949  148  855   54.21725   39.22705  27.6%  2036 3855s
 15291 14916   50.12674  172  965   54.21725   39.23743  27.6%  2035 3863s
 15292 14916   45.73356   62  998   54.21725   39.27858  27.6%  2035 3874s
H15292 14169                      53.8536203   39.27858  27.1%  2035 3875s
 15295 14171   47.19711  180  940   53.85362   39.29894  27.0%  2035 3882s
 15296 14172   44.16194   33  947   53.85362   39.33017  27.0%  2035 3886s
 15299 14174   46.47449   72  964   53.85362   39.34187  26.9%  2034 3894s
 15300 14175   53.85362  560  919   53.85362   39.36977  26.9%  2034 3904s
 15301 14175   52.17409 1053  996   53.85362   39.38776  26.9%  2034 3906s
 15304 14177   48.85711  159 1011   53.85362   39.40288  26.8%  2034 3910s
 15305 14178   42.06792   13 1077   53.85362   39.40444  26.8%  2034 3916s
 15308 14180   44.88538  169  974   53.85362   39.43771  26.8%  2033 3920s
 15309 14181   44.85487  116  978   53.85362   39.43820  26.8%  2033 3926s
 15310 14181   46.78862  110 1073   53.85362   39.47675  26.7%  2033 3939s
 15311 14182   52.13756  552  939   53.85362   39.48528  26.7%  2033 3940s
 15314 14184   40.71398   53 1142   53.85362   39.50117  26.7%  2032 3945s
 15315 14185   41.83414   32 1099   53.85362   39.50163  26.6%  2032 3951s
 15317 14186   41.15405   18 1079   53.85362   39.51778  26.6%  2032 3955s
 15321 14189   42.80826   38 1113   53.85362   39.52660  26.6%  2031 3965s
 15322 14189   46.07203   78 1024   53.85362   39.53581  26.6%  2031 3977s
 15324 14191   41.94439   74 1147   53.85362   39.54005  26.6%  2031 3984s
 15325 14191   47.77914  114 1032   53.85362   39.55263  26.6%  2031 3998s
 15326 14192   48.42614  119 1066   53.85362   39.55971  26.5%  2031 4004s
 15327 14193   41.34310   61 1115   53.85362   39.56380  26.5%  2031 4007s
 15328 14193   47.71027  104 1079   53.85362   39.56474  26.5%  2031 4013s
 15329 14194   44.80320  262 1092   53.85362   39.57320  26.5%  2030 4015s
 15334 14197   40.86752   23 1120   53.85362   39.58693  26.5%  2030 4032s
 15336 14199   48.80121  491 1130   53.85362   39.61050  26.4%  2029 4058s
 15338 14200   44.57401  244 1171   53.85362   39.61752  26.4%  2029 4060s
 15339 14201   44.64612   11 1176   53.85362   39.61825  26.4%  2029 4073s
 15340 14201   45.76877   73 1177   53.85362   39.62546  26.4%  2029 4081s
 15344 14204   45.97005  182 1117   53.85362   39.63461  26.4%  2028 4090s
 15345 14205   44.01156  198 1155   53.85362   39.63624  26.4%  2028 4096s
 15346 14205   40.60457   24 1165   53.85362   39.63658  26.4%  2028 4101s
 15347 14206   41.97124   97 1131   53.85362   39.63769  26.4%  2028 4112s
 15349 14207   50.01502  274 1131   53.85362   39.63769  26.4%  2028 4124s
H15350 13499                      53.8536195   39.63776  26.4%  2053 4542s
 15352 13502   39.84351   15 1098   53.85362   39.70368  26.3%  2055 4684s
 15356 13509   40.07014   16 1076   53.85362   39.73006  26.2%  2057 4852s
 15364 13521   42.20730   17 1454   53.85362   39.80780  26.1%  2065 5412s
 15380 13547   43.33187   18 1240   53.85362   39.85164  26.0%  2125 6061s
 15411 13569   43.92814   19 1324   53.85362   39.85213  26.0%  2474 6899s
 15443 13590   44.36110   20 1470   53.85362   39.85213  26.0%  2719 7532s
 15475 13610   44.42171   20 1641   53.85362   39.85213  26.0%  2964 8128s
 15507 13632   44.38801   21 1434   53.85362   39.85213  26.0%  3091 8752s
H15508 12954                      53.8536187   39.85213  26.0%  3090 8752s
H15509 12312                      53.8530869   39.85213  26.0%  3091 8752s
H15528 11695                      53.7561446   39.85213  25.9%  3203 8752s
 15539 11731   45.81729   21 1380   53.75614   39.85213  25.9%  3231 9798s
H15543 11150                      53.6362978   39.85213  25.7%  3233 9798s
H15549 10597                      53.4472931   39.85213  25.4%  3334 9798s
H15551 10073                      53.3943415   39.85213  25.4%  3334 9798s
H15561  9573                      53.2199849   39.85213  25.1%  3395 9798s
H15567  9098                      53.0013311   39.85213  24.8%  3395 9798s
 15579  9151   44.39692   22 1435   53.00133   39.85213  24.8%  3441 10540s
 15636  9185   44.92356   23 1494   53.00133   39.85213  24.8%  3628 11391s
 15689  9240   45.93987   24 1602   53.00133   39.85213  24.8%  3877 12053s
 15764  9292   45.64288   25 1433   53.00133   39.85213  24.8%  4121 13202s
 15841  9366   44.66934   26 1414   53.00133   39.85213  24.8%  4404 14286s
 15947  9407   44.88412   28 1453   53.00133   39.85213  24.8%  4549 15199s
H15995  8942                      52.9992582   39.85213  24.8%  4574 15199s
 16023  9074   45.97155   30 1461   52.99926   39.85213  24.8%  4672 15799s
H16164  8633                      52.9159598   39.85213  24.7%  4771 18000s
H16176  8224                      52.8904498   39.85213  24.7%  4825 18000s

Cutting planes:
  Gomory: 893
  Cover: 82
  Implied bound: 448
  Projected implied bound: 5
  Clique: 9
  MIR: 14146
  StrongCG: 2
  Flow cover: 9417
  RLT: 7
  Relax-and-lift: 1609

Explored 16196 nodes (78956817 simplex iterations) in 18000.24 seconds (51406.90 work units)
Thread count was 32 (of 96 available processors)

Solution count 10: 52.8904 52.916 52.9993 ... 53.8531

Time limit reached
Best objective 5.289044981491e+01, best bound 3.985212589725e+01, gap 24.6516%
