
Gurobi 9.5.1 (mac64[x86]) logging started Wed Jun  8 19:14:35 2022

Set parameter LogFile to value "/Users/keyvanmajd/Documents/GitHub/NNRepLayer_v2/demos/walking_example/dynamic_constraint/repair_net/logs/opt_log_6_8_2022_19_14_13.log"
Gurobi Optimizer version 9.5.1 build v9.5.1rc2 (mac64[x86])
Thread count: 4 physical cores, 8 logical processors, using up to 8 threads
Optimize a model with 366 rows, 134 columns and 1043 nonzeros
Model fingerprint: 0x76239b07
Model has 101 quadratic objective terms
Coefficient statistics:
  Matrix range     [6e-03, 2e+01]
  Objective range  [9e-03, 4e+00]
  QObjective range [2e-01, 2e+00]
  Bounds range     [1e+01, 5e+01]
  RHS range        [6e-04, 2e+01]
Presolve removed 224 rows and 13 columns
Presolve time: 0.00s
Presolved: 142 rows, 121 columns, 807 nonzeros
Presolved model has 101 quadratic objective terms
Ordering time: 0.00s

Barrier statistics:
 Dense cols : 12
 AA' NZ     : 9.720e+02
 Factor NZ  : 1.582e+03
 Factor Ops : 2.358e+04 (less than 1 second per iteration)
 Threads    : 1

                  Objective                Residual
Iter       Primal          Dual         Primal    Dual     Compl     Time
   0   4.02898783e+07 -4.04981110e+07  3.81e+03 7.33e+02  8.91e+05     0s
   1   1.17562818e+07 -1.20841275e+07  1.98e+03 3.82e+02  4.72e+05     0s
   2   1.37619879e+05 -9.94994188e+05  2.17e+02 4.18e+01  7.14e+04     0s
   3   1.72650465e+02 -6.47640491e+05  2.72e+00 5.25e-01  3.06e+03     0s
   4   1.26832741e+02 -2.46250576e+05  6.25e-01 1.20e-01  9.69e+02     0s
   5   1.24065424e+02 -4.27473138e+04  4.47e-02 8.62e-03  1.53e+02     0s
   6   1.24132987e+02 -1.22419121e+02  1.15e-04 2.22e-05  8.62e-01     0s
   7   1.02958415e+02  4.14803112e+01  1.83e-05 3.52e-06  2.15e-01     0s
   8   9.28673774e+01  8.45324503e+01  1.71e-06 3.30e-07  2.91e-02     0s
   9   9.19521911e+01  9.08524648e+01  1.15e-07 2.22e-08  3.85e-03     0s
  10   9.18183783e+01  9.16685909e+01  1.21e-08 2.32e-09  5.24e-04     0s
  11   9.18027791e+01  9.17989609e+01  2.20e-10 4.24e-11  1.34e-05     0s
  12   9.18023819e+01  9.18023755e+01  6.93e-09 2.04e-10  2.24e-08     0s
  13   9.18023816e+01  9.18023815e+01  5.05e-10 1.27e-09  2.24e-11     0s

Barrier solved model in 13 iterations and 0.00 seconds (0.00 work units)
Optimal objective 9.18023816e+01

