
Gurobi 9.5.1 (mac64[x86]) logging started Wed Jun  8 19:18:02 2022

Set parameter LogFile to value "/Users/keyvanmajd/Documents/GitHub/NNRepLayer_v2/demos/walking_example/dynamic_constraint/repair_net/logs/opt_log_6_8_2022_19_17_40.log"
Gurobi Optimizer version 9.5.1 build v9.5.1rc2 (mac64[x86])
Thread count: 4 physical cores, 8 logical processors, using up to 8 threads
Optimize a model with 366 rows, 134 columns and 1076 nonzeros
Model fingerprint: 0xa335c709
Model has 101 quadratic objective terms
Coefficient statistics:
  Matrix range     [3e-03, 2e+01]
  Objective range  [6e-02, 4e+00]
  QObjective range [2e-01, 2e+00]
  Bounds range     [1e+01, 5e+01]
  RHS range        [6e-04, 2e+01]
Presolve removed 220 rows and 11 columns
Presolve time: 0.00s
Presolved: 146 rows, 123 columns, 848 nonzeros
Presolved model has 101 quadratic objective terms
Ordering time: 0.00s

Barrier statistics:
 Dense cols : 12
 AA' NZ     : 1.159e+03
 Factor NZ  : 1.928e+03
 Factor Ops : 3.623e+04 (less than 1 second per iteration)
 Threads    : 1

                  Objective                Residual
Iter       Primal          Dual         Primal    Dual     Compl     Time
   0   4.03349379e+07 -4.04538774e+07  6.31e+03 7.29e+02  8.83e+05     0s
   1   1.38435586e+07 -1.40578950e+07  3.59e+03 4.15e+02  5.10e+05     0s
   2   9.43365481e+04 -7.45345416e+05  2.97e+02 3.43e+01  5.75e+04     0s
   3   2.69538223e+02 -5.04904619e+05  5.83e+00 6.73e-01  2.73e+03     0s
   4   1.90380007e+02 -2.46369914e+05  1.30e+00 1.51e-01  1.01e+03     0s
   5   1.83531423e+02 -1.21114554e+05  5.33e-01 6.16e-02  4.58e+02     0s
   6   1.84390427e+02 -6.15333310e+04  1.91e-01 2.21e-02  2.27e+02     0s
   7   1.83990193e+02 -2.10680904e+04  5.93e-02 6.85e-03  7.73e+01     0s
   8   1.91517729e+02 -1.45539006e+04  4.32e-02 4.99e-03  6.20e+01     0s
   9   2.28561255e+02 -5.94830392e+03  2.80e-02 3.24e-03  4.18e+01     0s
  10   2.31134032e+02 -5.11252472e+03  2.73e-02 3.15e-03  4.06e+01     0s
  11   2.38041842e+02 -1.91521792e+03  2.53e-02 2.93e-03  3.74e+01     0s
  12   2.61310475e+02  6.76643959e+03  2.40e-02 2.78e-03  3.89e+01     0s
  13   2.63061908e+02  2.40352144e+04  2.19e-02 2.53e-03  3.28e+01     0s
  14   2.63542060e+02  5.76837225e+04  2.15e-02 2.48e-03  3.05e+01     0s
  15   2.63754562e+02  1.71229026e+06  2.05e-02 2.36e-03  1.14e+02     0s
  16   2.63294854e+02  2.00041439e+06  1.53e-02 1.77e-03  1.14e+02     0s
  17   2.63284394e+02  2.02998379e+06  1.49e-02 3.16e-07  1.15e+02     0s
  18   2.62979956e+02  2.07795939e+06  1.46e-02 1.28e-06  1.24e+02     0s
  19   2.63133077e+02  2.41012341e+06  9.67e-03 1.11e-05  1.51e+02     0s
  20   1.00667409e+09 -1.00727072e+09  3.15e+04 3.63e+03  2.20e+07     0s
  21   3.45750711e+04 -3.53031083e+04  1.80e+02 1.87e+01  6.79e+02     0s
  22   1.49563403e+02  1.11095418e+02  6.19e+00 8.06e-01  8.38e-01     0s
  23   1.42693921e+02  1.45621782e+02  9.85e-01 1.21e-01  1.33e-01     0s
  24   1.43438372e+02  1.47251465e+02  5.88e-01 7.27e-02  7.40e-02     0s
  25   1.44182672e+02  1.48719380e+02  5.07e-01 6.21e-02  6.72e-02     0s
  26   1.47246105e+02  1.48622389e+02  3.20e-01 3.50e-02  5.55e-02     0s
  27   1.47944074e+02  1.49703850e+02  2.73e-01 2.99e-02  4.86e-02     0s
  28   1.49861500e+02  1.51095917e+02  1.83e-01 1.98e-02  3.57e-02     0s
  29   1.51033858e+02  1.52313570e+02  1.35e-01 1.46e-02  2.65e-02     0s
  30   1.52358597e+02  1.53021799e+02  1.10e-01 1.17e-02  2.62e-02     0s
  31   1.54492108e+02  1.53619954e+02  6.42e-02 6.61e-03  2.15e-02     0s
  32   1.54669927e+02  1.54215221e+02  5.61e-02 5.71e-03  1.98e-02     0s
  33   1.54504271e+02  1.57306678e+02  5.46e-02 5.49e-03  2.16e-02     0s
  34   1.54806692e+02  1.61786728e+02  4.74e-02 4.77e-03  1.86e-02     0s
  35   1.55100480e+02  1.68082286e+02  4.62e-02 4.66e-03  1.96e-02     0s
  36   1.55390950e+02  1.70066429e+02  4.58e-02 4.61e-03  2.04e-02     0s
  37   1.57211292e+02  1.73658737e+02  4.28e-02 4.31e-03  2.32e-02     0s
  38   1.57342946e+02  1.78241136e+02  4.24e-02 4.27e-03  2.47e-02     0s
  39   1.58090635e+02  2.03110862e+02  4.28e-02 4.31e-03  3.95e-02     0s
  40   1.65360235e+02  2.30353914e+02  4.01e-02 4.04e-03  7.29e-02     0s
  41   2.09467198e+02  3.06101149e+02  2.95e-02 2.97e-03  1.69e-01     0s
  42   2.32396105e+02  3.28567584e+02  2.56e-02 2.58e-03  2.21e-01     0s
  43   2.36666679e+02  3.33927963e+02  2.50e-02 2.52e-03  2.28e-01     0s
  44   2.36388600e+02  3.43239352e+02  2.51e-02 2.53e-03  2.40e-01     0s
  45   2.48795857e+02  3.84998298e+02  2.40e-02 2.42e-03  3.06e-01     0s
  46   2.61626790e+02  4.22268539e+02  2.27e-02 2.29e-03  3.91e-01     0s
  47   2.60551533e+02  1.09812441e+03  2.31e-02 2.33e-03  1.80e+00     0s
  48   2.57310210e+02  5.37485025e+03  2.73e-02 2.75e-03  4.06e+01     0s
  49   2.49985799e+02  1.04852540e+04  3.17e-02 3.20e-03  6.06e+02     0s
  50*  2.58969276e+02  3.74933537e+05  5.99e-04 4.54e-04  1.74e+00     0s
  51*  2.60107323e+02  8.75107508e+05  7.57e-06 3.24e-06  2.24e-01     0s
  52*  2.60035917e+02  6.00374904e+06  6.38e-07 3.14e-06  1.79e-02     0s
  53*  2.61400334e+02  3.16922235e+07  1.59e-07 6.74e-07  2.83e-03     0s
  54*  2.60093826e+02  2.98035363e+08  4.14e-08 9.00e-07  2.66e-04     0s
  55*  2.63492589e+02  2.06263097e+09  6.83e-09 2.49e-06  3.05e-05     0s
  56*  2.63286431e+02  1.87238105e+12  4.97e-12 9.14e-06  3.36e-08     0s
  57*  2.63285558e+02  1.87045633e+15  4.61e-15 4.72e-06  3.37e-11     0s

Barrier performed 57 iterations in 0.01 seconds (0.01 work units)
Numerical trouble encountered

