
Gurobi 9.5.1 (mac64[x86]) logging started Wed Jun  8 19:08:09 2022

Set parameter LogFile to value "/Users/keyvanmajd/Documents/GitHub/NNRepLayer_v2/demos/walking_example/dynamic_constraint/repair_net/logs/opt_log_6_8_2022_19_7_47.log"
Gurobi Optimizer version 9.5.1 build v9.5.1rc2 (mac64[x86])
Thread count: 4 physical cores, 8 logical processors, using up to 8 threads
Optimize a model with 1053 rows, 363 columns and 3224 nonzeros
Model fingerprint: 0xb406d5de
Model has 330 quadratic objective terms
Coefficient statistics:
  Matrix range     [3e-03, 2e+01]
  Objective range  [2e-03, 1e+00]
  QObjective range [6e-02, 2e+00]
  Bounds range     [1e+01, 5e+01]
  RHS range        [6e-04, 2e+01]
Presolve removed 674 rows and 8 columns
Presolve time: 0.01s
Presolved: 379 rows, 355 columns, 2534 nonzeros
Presolved model has 330 quadratic objective terms
Ordering time: 0.00s

Barrier statistics:
 Dense cols : 19
 AA' NZ     : 2.362e+03
 Factor NZ  : 3.309e+03
 Factor Ops : 3.733e+04 (less than 1 second per iteration)
 Threads    : 1

                  Objective                Residual
Iter       Primal          Dual         Primal    Dual     Compl     Time
   0   1.60349227e+08 -1.60722004e+08  5.01e+03 9.41e+02  9.50e+05     0s
   1   4.81164777e+07 -4.85761366e+07  2.72e+03 5.10e+02  5.22e+05     0s
   2   4.59524419e+05 -1.47373748e+06  2.66e+02 4.99e+01  6.99e+04     0s
   3   1.86514550e+02 -8.24900597e+05  2.89e+00 5.42e-01  1.81e+03     0s
   4   1.15130945e+02 -4.96770850e+05  1.24e+00 2.33e-01  8.89e+02     0s
   5   9.82393642e+01 -2.61097980e+05  3.83e-01 7.20e-02  3.99e+02     0s
   6   9.88569919e+01 -2.05306693e+05  2.78e-01 5.21e-02  3.21e+02     0s
   7   1.03681501e+02 -1.70040517e+05  2.29e-01 4.29e-02  2.83e+02     0s
   8   1.05083870e+02 -1.47090707e+05  2.09e-01 3.93e-02  2.58e+02     0s
   9   1.06401013e+02 -1.33186209e+05  2.02e-01 3.78e-02  2.49e+02     0s
  10   1.09549634e+02 -1.05011799e+05  1.91e-01 3.58e-02  2.35e+02     0s
  11   1.12909823e+02 -7.31424616e+04  1.86e-01 3.50e-02  2.28e+02     0s
  12   1.15563912e+02 -1.15945944e+04  1.83e-01 3.44e-02  2.24e+02     0s
  13   4.00674583e+09 -4.00861119e+09  2.51e+04 4.70e+03  2.37e+07     0s
  14   1.31976019e+09 -1.32238960e+09  1.43e+04 2.68e+03  1.47e+07     0s
  15   1.08581164e+07 -1.62603340e+07  1.26e+03 2.31e+02  1.75e+06     0s
  16   2.53956877e+02 -5.20009576e+06  3.33e+00 6.10e-01  1.14e+04     0s
  17   1.26905542e+02 -1.88887849e+06  7.09e-01 1.30e-01  3.05e+03     0s
  18   1.15731139e+02 -1.22009260e+06  3.70e-01 6.76e-02  1.87e+03     0s
  19   1.16368543e+02 -9.67854113e+05  2.64e-01 4.83e-02  1.51e+03     0s
  20   1.19877947e+02 -8.19456999e+05  2.24e-01 4.09e-02  1.36e+03     0s
  21   1.21102766e+02 -6.85333488e+05  2.00e-01 3.66e-02  1.21e+03     0s
  22   1.22161899e+02 -6.26573572e+05  1.95e-01 3.56e-02  1.18e+03     0s
  23   1.27622125e+02 -2.91524714e+05  1.83e-01 3.35e-02  1.09e+03     0s
  24   1.37634479e+02  1.61681405e+05  1.78e-01 3.25e-02  1.05e+03     0s
  25   1.36846152e+02  7.65773329e+05  1.77e-01 3.25e-02  1.05e+03     0s
  26   1.48052571e+02  2.25922817e+06  1.77e-01 3.23e-02  1.05e+03     0s
  27   1.78640564e+02  8.28726361e+06  1.75e-01 3.21e-02  1.01e+03     0s
  28   1.74761351e+02  1.38205920e+07  1.75e-01 3.20e-02  1.02e+03     0s
  29   1.75476045e+02  1.95705077e+07  1.75e-01 3.20e-02  1.02e+03     0s
  30   2.01074408e+02  2.65742052e+07  1.75e-01 3.20e-02  1.05e+03     0s
  31   2.00266249e+02  2.03415132e+09  1.72e-01 3.14e-02  3.81e+04     0s
  32   4.00674583e+09 -4.00861119e+09  2.51e+04 4.70e+03  2.37e+07     0s
  33   8.47877021e+04 -8.96006253e+04  1.14e+02 2.08e+01  4.81e+02     0s
  34   1.32386665e+02 -4.66914769e+01  3.21e+00 5.98e-01  3.49e-01     0s
  35   7.17386282e+01  3.58279592e+01  1.03e+00 1.91e-01  1.03e-01     0s
  36   7.17714600e+01  6.02446604e+01  6.10e-01 1.13e-01  5.59e-02     0s
  37   7.56512223e+01  7.04463818e+01  4.33e-01 7.99e-02  4.03e-02     0s
  38   7.95893191e+01  7.59403378e+01  3.06e-01 5.63e-02  3.31e-02     0s
  39   8.00342331e+01  8.40536097e+01  2.78e-01 5.11e-02  3.06e-02     0s
  40   8.30703938e+01  9.47322884e+01  2.46e-01 4.52e-02  3.22e-02     0s
  41   8.61425539e+01  1.22983399e+02  2.37e-01 4.32e-02  4.43e-02     0s
  42   9.04575206e+01  1.35223997e+02  2.17e-01 3.94e-02  4.67e-02     0s
  43   9.06874510e+01  1.39073817e+02  2.15e-01 3.90e-02  4.82e-02     0s
  44   8.98300541e+01  1.69422304e+02  2.17e-01 3.91e-02  6.83e-02     0s
  45   9.13027087e+01  1.84979025e+02  2.15e-01 3.87e-02  8.39e-02     0s
  46   9.65614541e+01  2.17092584e+02  2.09e-01 3.76e-02  1.17e-01     0s
  47   1.12039813e+02  2.89547727e+02  1.97e-01 3.54e-02  2.07e-01     0s
  48   1.16839710e+02  3.19113809e+02  1.94e-01 3.50e-02  2.53e-01     0s
  49   1.24573786e+02  4.14304673e+02  1.97e-01 3.54e-02  5.53e-01     0s
  50   1.60435770e+02  6.24589000e+02  1.97e-01 3.55e-02  1.48e+00     0s
  51   1.89966662e+02  1.07619924e+03  1.90e-01 3.42e-02  4.86e+00     0s
  52   1.86966395e+02  1.43869591e+04  2.03e-01 3.66e-02  2.27e+02     0s
  53   1.92005137e+02  6.36225845e+04  2.42e-01 4.35e-02  1.10e+04     0s
  54*  1.92023676e+02  3.53256003e+07  4.25e-04 1.04e-04  2.66e-01     0s
  55*  1.92096094e+02  3.47060320e+10  4.32e-07 1.86e-05  2.69e-04     0s
  56*  1.92096244e+02  3.47049621e+13  4.32e-10 2.74e-07  2.69e-07     0s
  57*  1.92096244e+02  3.47049596e+16  4.32e-13 1.18e-07  2.69e-10     0s

Barrier performed 57 iterations in 0.03 seconds (0.02 work units)
Infeasible model

