
Gurobi 9.5.0 (win64) logging started Tue Jun  7 13:21:34 2022

Set parameter LogFile to value "C:\Users\kmajd1\Documents\NNRepLayer_v2\demos\examples\tc7_walking_example\repair_inp_out_constraint\repair_net/logs/opt_log_6_7_2022_13_20_26.log"
Gurobi Optimizer version 9.5.0 build v9.5.0rc5 (win64)
Thread count: 8 physical cores, 16 logical processors, using up to 16 threads
Optimize a model with 59820 rows, 36261 columns and 177516 nonzeros
Model fingerprint: 0x92f06f18
Model has 101 quadratic objective terms
Variable types: 17061 continuous, 19200 integer (19200 binary)
Coefficient statistics:
  Matrix range     [4e-04, 4e+01]
  Objective range  [2e-03, 4e-01]
  QObjective range [2e-02, 2e+00]
  Bounds range     [1e+00, 4e+01]
  RHS range        [1e-04, 4e+01]
Presolve removed 35784 rows and 14592 columns
Presolve time: 0.42s
Presolved: 24036 rows, 21669 columns, 118948 nonzeros
Presolved model has 101 quadratic objective terms
Variable types: 15269 continuous, 6400 integer (6400 binary)
Root relaxation presolve removed 6400 rows and 6400 columns
Root relaxation presolved: 17636 rows, 15269 columns, 106148 nonzeros
Root relaxation presolved model has 101 quadratic objective terms


Root simplex log...

Iteration    Objective       Primal Inf.    Dual Inf.      Time
   12070    1.0767307e+00   9.591646e+02   0.000000e+00      5s
   22200    1.0767307e+00   0.000000e+00   0.000000e+00      7s
   22200    1.0767307e+00   0.000000e+00   0.000000e+00      7s

Root relaxation: objective 1.076731e+00, 22200 iterations, 4.48 seconds (8.98 work units)

    Nodes    |    Current Node    |     Objective Bounds      |     Work
 Expl Unexpl |  Obj  Depth IntInf | Incumbent    BestBd   Gap | It/Node Time

     0     0    1.07673    0 1059          -    1.07673      -     -    7s
     0     0    1.07673    0  697          -    1.07673      -     -   39s
     0     0    1.07673    0  697          -    1.07673      -     -   40s
     0     0    1.07673    0  742          -    1.07673      -     -   41s
     0     0    1.07673    0  740          -    1.07673      -     -   41s
     0     0    1.07673    0  760          -    1.07673      -     -   43s
     0     0    1.07673    0  745          -    1.07673      -     -   44s
     0     0    1.07673    0  769          -    1.07673      -     -   46s
     0     0    1.07673    0  770          -    1.07673      -     -   46s
     0     0    1.07673    0  759          -    1.07673      -     -   48s
H    0     0                       1.9138638    1.07673  43.7%     -   79s
     0     2    1.07673    0  759    1.91386    1.07673  43.7%     -   98s
     1     4    1.13467    1 1838    1.91386    1.07673  43.7%  4263  105s
     7    16    1.13467    3 1822    1.91386    1.07673  43.7%  1461  111s
H   31    40                       1.9050200    1.07673  43.5%   795  125s
H   33    40                       1.8967509    1.07673  43.2%   748  125s
   653   693    1.14214   83 1746    1.89675    1.07673  43.2%  65.9  130s
  1075  1084    1.14214  140 1609    1.89675    1.07673  43.2%  54.1  158s
H 1076  1084                       1.8915318    1.07673  43.1%  54.0  158s
H 1077  1084                       1.8060883    1.07673  40.4%  54.0  158s
H 1078  1084                       1.8060880    1.07673  40.4%  54.0  158s
H 1081  1084                       1.8060878    1.07673  40.4%  53.8  158s
  1083  1092    1.14214  141 1612    1.80609    1.07673  40.4%  53.8  182s
H 1151  1160                       1.7747544    1.07673  39.3%  51.5  197s
H 1152  1160                       1.7735677    1.07673  39.3%  51.4  197s
H 1156  1160                       1.7696446    1.07673  39.2%  51.3  197s
  1560  1657    1.14214  204 1552    1.76964    1.07673  39.2%  42.5  200s
  2502  2625    1.14214  323 1410    1.76964    1.07673  39.2%  33.8  205s
  3431  3558    1.14214  435 1363    1.76964    1.07673  39.2%  32.4  210s
  4019  4132    1.14214  499 1338    1.76964    1.07673  39.2%  37.4  216s
  4361  4513    1.14214  528 1334    1.76964    1.07673  39.2%  45.7  221s
  4803  4912    1.14401  545 1651    1.76964    1.07673  39.2%  59.9  228s
  4911  5060    1.14401  546 1653    1.76964    1.07673  39.2%  68.7  234s
  5059  5249    1.15225  574 1637    1.76964    1.07673  39.2%  83.9  236s
  5248  5480    1.17467  590 1613    1.76964    1.07673  39.2%  85.2  248s
  5720  5983    1.17504  662 1547    1.76964    1.07673  39.2%  96.9  251s
  6202  6434    1.17514  742 1450    1.76964    1.07673  39.2%  95.8  255s
  6433  6650    1.17514  799 1401    1.76964    1.07673  39.2%  95.6  260s
  6873  7066    1.20426  816 1633    1.76964    1.07673  39.2%   100  265s
  7065  7270    1.20455  873 1590    1.76964    1.07673  39.2%   101  281s
H 7269  7270                       1.7695932    1.07673  39.2%   112  306s
H 7271  6908                       1.7694324    1.07673  39.1%   112  311s
H 7271  6562                       1.7669806    1.07673  39.1%   112  313s
H 7272  6234                       1.7650158    1.07673  39.0%   112  335s
  7275  6236    1.17514  752  777    1.76502    1.07673  39.0%   112  343s
  7276  6237    1.17577  805  750    1.76502    1.07673  39.0%   112  350s
  7278  6238    1.16908  642  780    1.76502    1.07673  39.0%   112  356s
H 7278  5926                       1.7625663    1.07673  38.9%   112  356s
  7280  5928    1.13467   52  790    1.76257    1.07673  38.9%   112  362s
  7281  5928    1.11684   71  792    1.76257    1.07673  38.9%   112  372s
  7282  5929    1.13467  264  770    1.76257    1.07683  38.9%   112  386s
  7283  5930    1.08176  438  767    1.76257    1.07683  38.9%   112  395s
H 7284  5633                       1.7589197    1.07683  38.8%   112  403s
  7286  5638    1.09727   12 1502    1.75892    1.07683  38.8%   127  446s
  7292  5648    1.12799   14 1755    1.75892    1.07683  38.8%   128  453s
  7308  5658    1.12799   15 1755    1.75892    1.07683  38.8%   129  455s
  7744  5971    1.12799   37 1725    1.75892    1.07683  38.8%   124  460s
H 8315  6048                       1.7588503    1.07683  38.8%   118  491s
  8763  6424    1.12799   79 1673    1.75885    1.07683  38.8%   114  495s
  9537  6960    1.12799  111 1625    1.75885    1.07683  38.8%   108  500s
 10223  7418    1.12799  142 1567    1.75885    1.07683  38.8%   105  505s
 10752  7790    1.12799  175 1538    1.75885    1.07683  38.8%   105  511s
 11115  8007    1.12799  200 1534    1.75885    1.07683  38.8%   106  516s
 11465  8276    1.12799  229 1501    1.75885    1.07683  38.8%   109  520s
 11738  8455    1.12865  249 1486    1.75885    1.07683  38.8%   110  530s
 12334  8885    1.12799  291 1479    1.75885    1.07683  38.8%   122  536s
 12840  9214    1.12799  318 1440    1.75885    1.07683  38.8%   128  542s
 13164  9394    1.12799  343 1461    1.75885    1.07683  38.8%   134  555s
 13579  9666    1.12799  385 1443    1.75885    1.07683  38.8%   135  560s
 13696  9751    1.12799  393 1432    1.75885    1.07683  38.8%   137  645s
H13724  9475                       1.7585817    1.07683  38.8%   137  645s
H13730  9218                       1.7573611    1.07683  38.7%   138  645s
 13820  9297    1.13007  408 1645    1.75736    1.07683  38.7%   140  686s
 13929  9388    1.13007  409 1644    1.75736    1.07683  38.7%   140  707s

Cutting planes:
  Implied bound: 22
  MIR: 828
  Flow cover: 547
  Relax-and-lift: 8

Explored 14242 nodes (2094916 simplex iterations) in 709.14 seconds (1875.77 work units)
Thread count was 16 (of 16 available processors)

Solution count 10: 1.75736 1.75858 1.75885 ... 1.76964

Solve interrupted
Best objective 1.757361112686e+00, best bound 1.076830838119e+00, gap 38.7246%
