
Gurobi 9.5.1 (linux64) logging started Fri 22 Jul 2022 10:21:49 AM MST

Set parameter LogFile to value "/home/local/ASUAD/kmajd1/NNRepLayer_v2/demos/walking_example/dynamic_constraint/repair_net/logs/opt_log_7_22_2022_10_4_55.log"
Gurobi Optimizer version 9.5.1 build v9.5.1rc2 (linux64)
Thread count: 48 physical cores, 96 logical processors, using up to 60 threads
Optimize a model with 339678 rows, 270094 columns and 5167208 nonzeros
Model fingerprint: 0x8c9e8c67
Model has 270 quadratic objective terms
Variable types: 200974 continuous, 69120 integer (69120 binary)
Coefficient statistics:
  Matrix range     [3e-05, 2e+02]
  Objective range  [2e-03, 1e+00]
  QObjective range [7e-02, 7e-02]
  Bounds range     [3e-01, 1e+03]
  RHS range        [1e-06, 2e+02]
Presolve removed 578 rows and 76 columns (presolve time = 5s) ...
Presolve removed 12098 rows and 23116 columns (presolve time = 10s) ...
Presolve removed 23618 rows and 23116 columns (presolve time = 15s) ...
Presolve removed 23618 rows and 23116 columns
Presolve time: 17.70s
Presolved: 316060 rows, 246978 columns, 5120619 nonzeros
Presolved model has 270 quadratic objective terms
Variable types: 177896 continuous, 69082 integer (69082 binary)
Root relaxation presolve removed 69078 rows and 69078 columns (presolve time = 5s) ...
Root relaxation presolve removed 69078 rows and 69078 columns (presolve time = 10s) ...
Root relaxation presolve removed 69078 rows and 69078 columns (presolve time = 15s) ...
Root relaxation presolve removed 69078 rows and 69078 columns (presolve time = 20s) ...
Root relaxation presolve removed 69078 rows and 69078 columns (presolve time = 25s) ...
Root relaxation presolve removed 69078 rows and 69078 columns
Root relaxation presolved: 246982 rows, 177900 columns, 4913385 nonzeros
Root relaxation presolved model has 270 quadratic objective terms


Root simplex log...

Iteration    Objective       Primal Inf.    Dual Inf.      Time
       0    3.0128048e+01   0.000000e+00   0.000000e+00     48s
   22845    3.0128048e+01   1.444463e+04   0.000000e+00     50s
  118631    3.0128048e+01   5.933199e+02   0.000000e+00     55s
  125763    3.0128048e+01   0.000000e+00   0.000000e+00     56s
  125763    3.0128048e+01   0.000000e+00   0.000000e+00     56s

Root relaxation: objective 3.012805e+01, 125763 iterations, 36.85 seconds (56.47 work units)

    Nodes    |    Current Node    |     Objective Bounds      |     Work
 Expl Unexpl |  Obj  Depth IntInf | Incumbent    BestBd   Gap | It/Node Time

     0     0   30.12805    0 2237          -   30.12805      -     -   57s
     0     0   30.12805    0 2237          -   30.12805      -     -  118s
     0     2   30.12805    0 2237          -   30.12805      -     -  331s
     1     4   30.12805    1 2236          -   30.12805      -   5.0  338s
     3     8   30.12805    2 2235          -   30.12805      -  53.7  344s
     7    16   30.12805    3 2234          -   30.12805      -  63.6  350s
    15    32   30.12805    4 2234          -   30.12805      -  74.5  356s
    31    64   30.12805    5 2234          -   30.12805      -  98.4  368s
    63   124   30.12805    6 2234          -   30.12805      -  98.1  380s
   123   184   30.12805    7 2234          -   30.12805      -   100  386s
   183   244   30.12805    8 2234          -   30.12805      -  69.5  391s
   243   304   30.12805    9 2234          -   30.12805      -  58.3  395s
   303   364   30.12805   10 2234          -   30.12805      -  51.3  401s
   423   484   30.12805   12 2234          -   30.12805      -  40.5  405s
   543   604   30.12805   14 2234          -   30.12805      -  40.7  687s
   603   664   30.12805   15 2234          -   30.12805      -  66.2  690s
   767   874   30.12805   18 2234          -   30.12805      -  59.0  697s
   873   974   30.12805   19 2238          -   30.12805      -  53.8  701s
   973  1058   30.26613   20 2242          -   30.12805      -  51.2  705s
  1155  1263   30.26613   24 2240          -   30.12805      -  49.6  711s
  1262  1366   30.26613   26 2239          -   30.12805      -  47.6  716s
  1365  1477   30.26613   28 2239          -   30.12805      -  46.1  923s
  1476  1597   30.26613   30 2244          -   30.12805      -  65.6  928s
  1596  1771   30.26613   32 2245          -   30.12805      -  61.7  933s
  1770  1948   30.26613   35 2248          -   30.12805      -  56.8  938s
  1947  2127   30.26613   38 2248          -   30.12805      -  52.6  943s
  2126  2306   30.26613   41 2248          -   30.12805      -  49.2  947s
  2305  2484   30.26613   44 2248          -   30.12805      -  47.2  953s
  2483  2662   30.26613   47 2248          -   30.12805      -  49.4  959s
  2661  2840   30.26613   50 2247          -   30.12805      -  49.2  964s
  2839  3018   30.26613   53 2247          -   30.12805      -  48.1  969s
  3017  3195   30.26613   56 2247          -   30.12805      -  47.5  974s
  3194  3407   30.26613   59 2251          -   30.12805      -  49.1  981s
  3406  3618   30.26613   62 2251          -   30.12805      -  51.0  989s
  3617  3844   30.26613   64 2255          -   30.12805      -  53.2  996s
  3843  4074   30.26613   67 2259          -   30.12805      -  54.5 1004s
  4073  4249   30.26613   70 2259          -   30.12805      -  54.6 1011s
  4248  4479   30.26613   72 2259          -   30.12805      -  54.6 1022s
  4478  4709   30.26613   75 2259          -   30.12805      -  57.2 1034s
  4708  4989   30.26613   78 2281          -   30.12805      -  68.5 1043s
  4988  5049   30.26613   83 2281          -   30.12805      -  73.5 1059s
  5048  5334   30.26613   84 2283          -   30.12805      -  74.1 1068s
  5333  5630   30.26613   89 2283          -   30.12805      -  76.8 1077s
  5629  5931   30.26613   94 2283          -   30.12805      -  79.0 1084s
  5859  5931   33.72221   98 2331          -   30.12805      -  79.3 1085s
  5930  6277   30.26613   99 2280          -   30.12805      -  79.4 1094s
  6276  6629   30.26613  105 2278          -   30.12805      -  81.1 1104s
  6628  6984   30.26613  111 2277          -   30.12805      -  81.4 1114s
  6983  7233   30.26613  117 2277          -   30.12805      -  81.4 1132s
  7232  7590   30.26613  121 2277          -   30.12805      -  85.5 1142s
  7589  7959   30.26613  128 2284          -   30.12805      -  88.0 1153s
  7958  8332   30.26613  132 2280          -   30.12805      -  91.9 1171s
  8331  8677   30.26613  137 2280          -   30.12805      -  95.3 1185s
  8676  9019   30.26613  142 2284          -   30.12805      -   102 1201s
  9018  9414   30.26613  147 2284          -   30.12805      -   108 1215s
  9413  9836   30.26613  153 2276          -   30.12805      -   111 1234s
  9835 10229   30.26613  158 2288          -   30.12805      -   114 1251s
 10228 10676   30.26613  163 2288          -   30.12805      -   118 1267s
 10675 11131   30.26613  171 2289          -   30.12805      -   121 1283s
 11130 11625   30.26613  177 2293          -   30.12805      -   126 1299s
 11624 12157   30.26613  184 2292          -   30.12805      -   129 1315s
 12156 12708   30.26613  194 2289          -   30.12805      -   131 1332s
 12707 13020   30.26613  203 2286          -   30.12805      -   133 1358s
 13019 13535   30.26613  208 2306          -   30.12805      -   133 1380s
 13534 14134   30.26613  215 2310          -   30.12805      -   136 1402s
 14133 14752   30.26613  227 2312          -   30.12805      -   138 1422s
 14751 15418   30.47291  237 2335          -   30.12805      -   142 1444s
 15417 16090   30.47867  250 2323          -   30.12805      -   145 1465s
 16089 16700   30.49642  264 2309          -   30.12805      -   147 1488s
 16699 17407   30.66289  269 2307          -   30.12805      -   151 1509s
 17406 18158   31.30295  277 2320          -   30.12805      -   153 1531s
 18157 18888   31.30295  291 2320          -   30.12805      -   155 1553s
 18887 19638   32.90147  307 2452          -   30.12805      -   161 1612s
 19637 20457   33.07889  324 2444          -   30.12805      -   169 1637s
 20457 20458   35.86156  255 2237          -   30.12805      -   172 1669s
 20458 20459   38.28777  160 2237          -   30.12805      -   172 1670s
 20459 20459   32.72714   90 2235          -   30.12805      -   172 1773s
 20461 20461   35.30026   46 2235          -   30.12805      -   172 2019s
 20462 20464   30.12805   15 2234          -   30.12805      -   179 2541s
H20463 19440                    16345.757676   30.12805   100%   179 2541s
H20464 18472                    8700.5110563   30.12805   100%   179 2718s
H20467 17548                    7801.5958488   30.12805   100%   179 2718s
 20468 17555   31.13580   17 2149 7801.59585   30.12805   100%   179 2722s
 20476 17569   31.13580   18 2148 7801.59585   30.12805   100%   179 2758s
 20492 17595   31.83312   19 2133 7801.59585   30.12805   100%   179 2942s
 20524 17645   31.83312   20 2132 7801.59585   30.12805   100%   181 2961s
 20584 17685   31.83312   21 2131 7801.59585   30.12805   100%   182 2981s
