
Gurobi 9.5.1 (mac64[x86]) logging started Fri Jun 10 00:52:57 2022

Set parameter LogFile to value "/Users/keyvanmajd/Documents/GitHub/NNRepLayer_v2/demos/walking_example/dynamic_constraint/repair_net/logs/opt_log_6_10_2022_0_52_28.log"
Gurobi Optimizer version 9.5.1 build v9.5.1rc2 (mac64[x86])
Thread count: 4 physical cores, 8 logical processors, using up to 8 threads
Optimize a model with 15062 rows, 9107 columns and 40726 nonzeros
Model fingerprint: 0x0039631d
Model has 51 quadratic objective terms
Variable types: 4307 continuous, 4800 integer (4800 binary)
Coefficient statistics:
  Matrix range     [7e-04, 6e+01]
  Objective range  [8e-02, 8e+00]
  QObjective range [4e-01, 2e+00]
  Bounds range     [1e+00, 6e+01]
  RHS range        [2e-04, 6e+01]
Presolve removed 8484 rows and 3392 columns
Presolve time: 0.06s
Presolved: 6578 rows, 5715 columns, 27058 nonzeros
Presolved model has 51 quadratic objective terms
Variable types: 4115 continuous, 1600 integer (1600 binary)
Root relaxation presolve removed 1600 rows and 1600 columns
Root relaxation presolved: 4978 rows, 4115 columns, 23858 nonzeros
Root relaxation presolved model has 51 quadratic objective terms


Root relaxation: objective 8.171109e+01, 5752 iterations, 0.31 seconds (0.44 work units)

    Nodes    |    Current Node    |     Objective Bounds      |     Work
 Expl Unexpl |  Obj  Depth IntInf | Incumbent    BestBd   Gap | It/Node Time

     0     0   81.71109    0  313          -   81.71109      -     -    1s
     0     0   81.71109    0  249          -   81.71109      -     -    5s
     0     0   81.71109    0  249          -   81.71109      -     -    5s
     0     0   81.71109    0  242          -   81.71109      -     -    5s
     0     0   81.71109    0  239          -   81.71109      -     -    5s
     0     0   81.71109    0  238          -   81.71109      -     -    6s
     0     0   81.71109    0  235          -   81.71109      -     -    6s
     0     0   81.71109    0  238          -   81.71109      -     -    6s
     0     2   81.71109    0  238          -   81.71109      -     -   14s
     1     4   81.71986    1  181          -   81.71109      -   543   15s
  1679  1811   81.72986  425  132          -   81.71109      -  33.6   20s
  2460  2475   81.75820  545  208          -   81.71109      -  48.7   25s
  3273  3401   82.01333  688  215          -   81.71109      -  64.4   30s
  3826  3872   82.11518  743  227          -   81.71109      -  77.4   35s
  4217  4392   82.13309  836  225          -   81.71109      -  85.5   40s
  4763  4850   82.21961  917  210          -   81.71109      -  92.1   45s
  4936  5105   82.25477  980  154          -   81.71109      -  95.6   52s
  5107  5107   81.71986   48  313          -   81.71109      -   103   55s
  5115  5113   82.70018 1105  199          -   81.71224      -   103   60s
H 5117  4858                      88.6951527   81.71224  7.87%   103   71s
H 5118  4617                      87.6548356   81.71224  6.78%   109   72s
  5119  4618   81.71652   12  213   87.65484   81.71224  6.78%   109   75s
H 5181  4431                      86.7753483   81.71224  5.83%   109   77s
H 5184  4211                      86.5584918   81.71224  5.60%   110   77s
H 5212  4027                      86.1397567   81.71224  5.14%   110   77s
H 5247  3849                      85.7285131   81.71224  4.68%   110   79s
H 5248  3660                      85.2162484   81.71224  4.11%   110   79s
  5328  3728   81.71652   38  189   85.21625   81.71224  4.11%   110   80s
H 6136  4078                      85.2115851   81.71416  4.10%   107   84s
H 6140  3907                      85.1241996   81.71416  4.01%   107   84s
H 6141  3745                      84.9287687   81.71416  3.79%   107   84s
  6188  3835   81.72858  119  202   84.92877   81.71416  3.79%   107   85s
H 6842  4061                      84.8821024   81.71416  3.73%   108   89s
H 6843  3916                      84.8671953   81.71416  3.72%   108   89s
H 6844  3776                      84.8343631   81.71416  3.68%   108   89s
  6935  3925   82.00200  244  259   84.83436   81.71416  3.68%   107   90s
  8115  4760   82.00200  417  174   84.83436   81.71416  3.68%   101   95s
  8671  5004   82.08513  483  251   84.83436   81.71416  3.68%   105  102s
  9085  5353   82.29683  519  257   84.83436   81.71416  3.68%   108  105s
H 9393  5348                      84.7918010   81.71416  3.63%   107  108s
H 9395  5222                      84.4932732   81.71416  3.29%   107  108s
H 9397  5103                      84.1702292   81.71416  2.92%   107  108s
  9398  5167   82.29982  554  266   84.17023   81.71416  2.92%   107  110s
  9775  5440   82.74250  590  292   84.17023   81.71416  2.92%   112  116s
 10233  5812   82.76416  703  191   84.17023   81.71416  2.92%   113  120s
H10405  5724                      84.1106147   81.71416  2.85%   116  123s
 10470  5888   82.76431  739  162   84.11061   81.71416  2.85%   118  126s
H10655  5885                      83.9373157   81.71416  2.65%   119  133s
 10821  6282   82.93643  788  200   83.93732   81.71416  2.65%   123  137s
 11275  6158   83.03013  848  154   83.93732   81.71416  2.65%   125  141s
 11411  6604   83.03121  864  178   83.93732   81.71416  2.65%   131  149s
 11727  6719   83.03530  949  132   83.93732   81.71416  2.65%   133  152s
H11842  6915                      83.9128831   81.71416  2.62%   138  158s
H11860  6915                      83.8270107   81.71416  2.52%   138  158s
 12038  7366   83.09753  966  143   83.82701   81.71416  2.52%   138  163s
 12489  7557   83.11343 1123   38   83.82701   81.71416  2.52%   139  167s
 12680  7672   83.15081 1159   36   83.82701   81.71416  2.52%   141  171s
 12797  7724   83.41183 1183   38   83.82701   81.71416  2.52%   148  176s
H12808  7716                      83.4635101   81.71416  2.10%   148  176s
 12849  7829   83.42845 1196   32   83.46351   81.71416  2.10%   150  180s
 13008  8323   83.43394 1234   13   83.46351   81.71416  2.10%   155  196s
H13090  8322                      83.4556686   81.71416  2.09%   154  196s
H13091  8322                      83.4555741   81.71416  2.09%   154  196s
 13626  8630   81.71699   38  262   83.45557   81.71416  2.09%   151  215s
H13753  8630                      83.4555740   81.71416  2.09%   150  215s

Cutting planes:
  Gomory: 17
  Cover: 1
  Implied bound: 30
  MIR: 444
  Flow cover: 297
  Relax-and-lift: 8

Explored 13979 nodes (2146377 simplex iterations) in 215.87 seconds (415.59 work units)
Thread count was 8 (of 8 available processors)

Solution count 10: 83.4556 83.4556 83.4557 ... 84.4933

Solve interrupted
Best objective 8.345557398593e+01, best bound 8.171415945140e+01, gap 2.0866%
