
Gurobi 9.5.1 (linux64) logging started Thu 09 Jun 2022 07:00:11 PM MST

Set parameter LogFile to value "/home/local/ASUAD/kmajd1/NNRepLayer_v2/demos/walking_example/dynamic_constraint/repair_net/logs/opt_log_6_9_2022_18_59_56.log"
Gurobi Optimizer version 9.5.1 build v9.5.1rc2 (linux64)
Thread count: 48 physical cores, 96 logical processors, using up to 32 threads
Optimize a model with 876 rows, 304 columns and 2555 nonzeros
Model fingerprint: 0xc72522d5
Model has 271 quadratic objective terms
Coefficient statistics:
  Matrix range     [7e-04, 2e+01]
  Objective range  [1e-02, 1e+00]
  QObjective range [7e-02, 2e+00]
  Bounds range     [5e+00, 5e+01]
  RHS range        [7e-04, 2e+01]
Presolve removed 559 rows and 10 columns
Presolve time: 0.00s
Presolved: 317 rows, 294 columns, 1984 nonzeros
Presolved model has 271 quadratic objective terms
Ordering time: 0.00s

Barrier statistics:
 Dense cols : 14
 AA' NZ     : 2.434e+03
 Factor NZ  : 3.387e+03
 Factor Ops : 5.771e+04 (less than 1 second per iteration)
 Threads    : 1

                  Objective                Residual
Iter       Primal          Dual         Primal    Dual     Compl     Time
   0   4.03045399e+07 -4.08255431e+07  4.03e+03 4.56e+02  9.45e+05     0s
   1   1.23860322e+07 -1.29832277e+07  2.18e+03 2.47e+02  5.19e+05     0s
   2   2.78685444e+04 -1.15436999e+06  1.05e+02 1.19e+01  3.65e+04     0s
   3   1.26383853e+02 -9.07780002e+05  2.30e+00 2.60e-01  2.12e+03     0s
   4   9.65407945e+01 -5.68068528e+05  6.87e-01 7.77e-02  1.07e+03     0s
   5   8.75649085e+01 -3.52040043e+05  3.39e-01 3.84e-02  6.29e+02     0s
   6   8.48113020e+01 -2.35308008e+05  1.80e-01 2.04e-02  4.08e+02     0s
   7   8.59862457e+01 -1.65872970e+05  1.11e-01 1.25e-02  2.97e+02     0s
   8   8.60399194e+01 -1.00317519e+05  6.78e-02 7.67e-03  2.00e+02     0s
   9   8.47958011e+01 -6.65953748e+04  6.02e-02 6.81e-03  1.76e+02     0s
  10   8.46821917e+01 -5.24095245e+04  5.88e-02 6.65e-03  1.72e+02     0s
  11   8.48161945e+01 -3.34180544e+04  5.76e-02 6.52e-03  1.68e+02     0s
  12   8.60794750e+01  2.52698173e+04  5.53e-02 6.26e-03  1.58e+02     0s
  13   8.62381999e+01  1.46131643e+05  5.50e-02 6.23e-03  1.57e+02     0s
  14   8.61890362e+01  6.80629802e+05  5.50e-02 6.22e-03  1.58e+02     0s
  15   8.62779076e+01  3.14825642e+06  5.49e-02 3.57e-03  1.58e+02     0s
  16   8.55532540e+01  2.74670931e+08  3.45e-02 2.38e-03  8.59e+02     0s
  17   1.00652238e+09 -1.00912797e+09  2.01e+04 2.31e+03  2.36e+07     0s
  18   2.27765023e+04 -3.21152791e+04  9.35e+01 2.14e+01  4.99e+02     0s
  19   9.09245723e+01  1.84705250e+00  2.53e+00 5.82e-01  4.08e-01     0s
  20   6.49384843e+01  4.55086779e+01  6.43e-01 1.47e-01  1.01e-01     0s
  21   6.43487231e+01  5.82727895e+01  3.01e-01 6.87e-02  4.39e-02     0s
  22   6.59661988e+01  6.32359033e+01  1.50e-01 3.42e-02  2.25e-02     0s
  23   6.61674409e+01  6.77613618e+01  1.22e-01 2.78e-02  1.92e-02     0s
  24   6.95255575e+01  8.36503730e+01  8.92e-02 2.02e-02  1.95e-02     0s
  25   7.69243306e+01  9.11537558e+01  6.59e-02 1.47e-02  2.09e-02     0s
  26   7.81251812e+01  9.30992699e+01  6.18e-02 1.38e-02  2.05e-02     0s
  27   7.85481327e+01  1.06196687e+02  5.85e-02 1.30e-02  2.15e-02     0s
  28   7.83536565e+01  1.18888819e+02  5.95e-02 1.32e-02  2.70e-02     0s
  29   7.94447747e+01  1.31950831e+02  5.86e-02 1.28e-02  3.27e-02     0s
  30   7.83229792e+01  1.75061805e+02  5.96e-02 1.26e-02  5.31e-02     0s
  31   7.85447743e+01  1.91311272e+02  5.95e-02 1.22e-02  6.73e-02     0s
  32   7.96447274e+01  2.79923414e+02  5.93e-02 1.01e-02  1.40e-01     0s
  33   8.64903067e+01  3.50633278e+02  5.88e-02 4.94e-03  2.97e-01     0s
  34   9.62106593e+01  4.85137985e+02  5.94e-02 3.37e-03  6.86e-01     0s
  35   9.34171628e+01  9.93435129e+02  6.24e-02 3.54e-03  3.87e+00     0s
  36   9.43523993e+01  6.57353924e+03  7.28e-02 4.13e-03  1.41e+02     0s
  37   9.96087772e+01  1.44793271e+05  8.51e-02 4.83e-03  1.08e+04     0s
  38*  9.95841639e+01  1.31090862e+08  5.85e-05 5.68e-04  3.88e-02     0s
  39*  9.95969063e+01  1.30218875e+11  5.90e-08 1.02e-05  3.90e-05     0s
  40*  9.95969569e+01  1.30217719e+14  5.90e-11 1.73e-07  3.90e-08     0s
  41*  9.95969569e+01  1.30217717e+17  5.90e-14 1.05e-07  3.90e-11     0s

Barrier performed 41 iterations in 0.01 seconds (0.01 work units)
Infeasible model

