
Gurobi 9.5.1 (linux64) logging started Thu 09 Jun 2022 08:18:57 PM MST

Set parameter LogFile to value "/home/local/ASUAD/kmajd1/NNRepLayer_v2/demos/walking_example/dynamic_constraint/repair_net/logs/opt_log_6_9_2022_20_18_22.log"
Gurobi Optimizer version 9.5.1 build v9.5.1rc2 (linux64)
Thread count: 48 physical cores, 96 logical processors, using up to 32 threads
Optimize a model with 37077 rows, 22792 columns and 105173 nonzeros
Model fingerprint: 0x7ab1dbff
Model has 136 quadratic objective terms
Variable types: 9832 continuous, 12960 integer (12960 binary)
Coefficient statistics:
  Matrix range     [7e-04, 5e+01]
  Objective range  [2e-02, 3e+00]
  QObjective range [1e-01, 2e+00]
  Bounds range     [5e-01, 5e+01]
  RHS range        [2e-04, 5e+01]
Presolve removed 22254 rows and 8832 columns
Presolve time: 0.14s
Presolved: 14823 rows, 13960 columns, 69594 nonzeros
Presolved model has 136 quadratic objective terms
Variable types: 9640 continuous, 4320 integer (4320 binary)
Root relaxation presolve removed 4320 rows and 4320 columns
Root relaxation presolved: 10503 rows, 9640 columns, 60954 nonzeros
Root relaxation presolved model has 136 quadratic objective terms


Root relaxation: objective 4.754099e+01, 11596 iterations, 1.03 seconds (2.59 work units)

    Nodes    |    Current Node    |     Objective Bounds      |     Work
 Expl Unexpl |  Obj  Depth IntInf | Incumbent    BestBd   Gap | It/Node Time

     0     0   47.54099    0  758          -   47.54099      -     -    3s
     0     0   47.54270    0  741          -   47.54270      -     -   13s
     0     0   47.54408    0  726          -   47.54408      -     -   13s
     0     0   47.54617    0  754          -   47.54617      -     -   13s
     0     0   47.54617    0  753          -   47.54617      -     -   13s
     0     0   47.54617    0  728          -   47.54617      -     -   14s
     0     0   47.54617    0  713          -   47.54617      -     -   14s
     0     0   47.54617    0  720          -   47.54617      -     -   14s
     0     0   47.54617    0  716          -   47.54617      -     -   14s
     0     0   47.54617    0  734          -   47.54617      -     -   15s
     0     0   47.54617    0  720          -   47.54617      -     -   15s
     0     0   47.54617    0  738          -   47.54617      -     -   16s
     0     0   47.54617    0  740          -   47.54617      -     -   16s
     0     0   47.54617    0  752          -   47.54617      -     -   17s
     0     0   47.54617    0  768          -   47.54617      -     -   17s
     0     0   47.54617    0  762          -   47.54617      -     -   17s
     0     0   47.54617    0  770          -   47.54617      -     -   17s
     0     0   47.54617    0  769          -   47.54617      -     -   18s
     0     0   47.54617    0  779          -   47.54617      -     -   18s
     0     0   47.54617    0  798          -   47.54617      -     -   19s
H    0     0                      75.9910493   47.54617  37.4%     -   46s
H    0     0                      75.0811321   47.54617  36.7%     -   49s
     0     2   47.54617    0  798   75.08113   47.54617  36.7%     -   49s
     1     4   47.57032    1  958   75.08113   47.54617  36.7%  1677   50s
    15    32   47.57032    4 1018   75.08113   47.54748  36.7%  1325   55s
H   31    64                      74.7652442   47.54748  36.4%  1448   65s
H   33    64                      74.4283347   47.54748  36.1%  1473   65s
H   34    64                      71.8586490   47.54748  33.8%  1485   65s
H   47    64                      71.3967313   47.54748  33.4%  1632   65s
   300   359   47.57032   10 1040   71.39673   47.54789  33.4%   705   70s
   825   893   47.57032   31 1005   71.39673   47.54789  33.4%   361  116s
H  835   893                      69.6066129   47.54789  31.7%   358  116s
H  836   893                      52.7787093   47.54789  9.91%   358  116s
H  892   925                      52.7787093   47.54789  9.91%   342  161s
H  896   925                      52.7787093   47.54789  9.91%   342  161s
H  899   925                      52.7787092   47.54789  9.91%   341  161s
H  900   925                      52.7754528   47.54789  9.91%   341  161s
   924  1079   47.57032   33 1004   52.77545   47.54789  9.91%   335  167s
  1236  1441   47.57032   39  994   52.77545   47.54789  9.91%   281  170s
H 2109  2142                      52.7754528   47.54789  9.91%   203  221s
H 2110  2142                      52.7744502   47.54789  9.90%   202  221s
H 2112  2142                      52.7709275   47.54789  9.90%   202  221s
H 2123  2142                      52.7637791   47.54789  9.89%   202  221s
  2141  2174   47.57625   64  993   52.76378   47.54789  9.89%   201  243s
H 2147  2174                      52.7577640   47.54789  9.88%   201  243s

Cutting planes:
  Gomory: 1
  Cover: 21
  Implied bound: 196
  Clique: 1
  MIR: 7054
  Flow cover: 2892
  Relax-and-lift: 80

Explored 2173 nodes (467001 simplex iterations) in 243.78 seconds (481.02 work units)
Thread count was 32 (of 96 available processors)

Solution count 10: 52.7578 52.7638 52.7709 ... 52.7787

Solve interrupted
Best objective 5.275776398005e+01, best bound 4.754788887693e+01, gap 9.8751%
