
Gurobi 9.5.1 (linux64) logging started Thu 21 Jul 2022 11:58:12 AM MST

Set parameter LogFile to value "/home/local/ASUAD/kmajd1/NNRepLayer_v2/demos/walking_example/dynamic_constraint/repair_net/logs/opt_log_7_21_2022_11_51_1.log"
Gurobi Optimizer version 9.5.1 build v9.5.1rc2 (linux64)
Thread count: 48 physical cores, 96 logical processors, using up to 40 threads
Optimize a model with 137488 rows, 102414 columns and 2267728 nonzeros
Model fingerprint: 0x072eff66
Model has 270 quadratic objective terms
Variable types: 67854 continuous, 34560 integer (34560 binary)
Coefficient statistics:
  Matrix range     [3e-05, 2e+02]
  Objective range  [5e-04, 1e+00]
  QObjective range [7e-02, 7e-02]
  Bounds range     [3e-01, 7e+02]
  RHS range        [2e-05, 2e+02]
Presolve removed 1321 rows and 1562 columns (presolve time = 5s) ...
Presolve removed 2089 rows and 1562 columns
Presolve time: 9.98s
Presolved: 135399 rows, 100852 columns, 2264129 nonzeros
Presolved model has 270 quadratic objective terms
Variable types: 66305 continuous, 34547 integer (34547 binary)
Root relaxation presolve removed 34546 rows and 34546 columns (presolve time = 5s) ...
Root relaxation presolve removed 34546 rows and 34546 columns (presolve time = 10s) ...
Root relaxation presolve removed 34546 rows and 34546 columns (presolve time = 15s) ...
Root relaxation presolve removed 34546 rows and 34546 columns
Root relaxation presolved: 100853 rows, 66306 columns, 2160491 nonzeros
Root relaxation presolved model has 270 quadratic objective terms


Root simplex log...

Iteration    Objective       Primal Inf.    Dual Inf.      Time
       0    2.5468342e+01   0.000000e+00   0.000000e+00     31s
   40333    2.5468342e+01   0.000000e+00   0.000000e+00     35s
   40333    2.5468342e+01   0.000000e+00   0.000000e+00     36s

Root relaxation: objective 2.546834e+01, 40333 iterations, 22.25 seconds (27.10 work units)

    Nodes    |    Current Node    |     Objective Bounds      |     Work
 Expl Unexpl |  Obj  Depth IntInf | Incumbent    BestBd   Gap | It/Node Time

     0     0   25.46834    0 1883          -   25.46834      -     -   39s
     0     0   25.46834    0 1883          -   25.46834      -     -   80s
     0     2   25.46834    0 1883          -   25.46834      -     -  219s
     1     4   25.46834    1 1884          -   25.46834      -  39.0  248s
     3     8   25.46834    2 1887          -   25.46834      -   541  258s
     7    16   25.46834    3 1885          -   25.46834      -   417  289s
    15    32   25.46834    4 1885          -   25.46834      -   752  367s
    31    64   25.46834    5 1885          -   25.46834      -   647  523s
    63   104   25.46834    6 1885          -   25.46834      -  2884  541s
   143   184   25.46834    8 1885          -   25.46834      -  1407  557s
   183   224   25.46834    9 1885          -   25.46834      -  1145  561s
   223   290   25.46834   10 1885          -   25.46834      -   970  565s
   289   356   25.46834   12 1885          -   25.46834      -   776  570s
   355   410   25.46834   14 1885          -   25.46834      -   671  730s
   409   472   27.35184   16 1987          -   25.46834      -   680  735s
   471   539   25.46834   16 1886          -   25.46834      -   651  767s
   538   606   25.46834   18 1886          -   25.46834      -   679  798s
   607   688   25.79323   20 2000          -   25.46834      -   701  809s
   689   794   25.46834   20 1887          -   25.46834      -   681  813s
   795   902   25.46834   23 1887          -   25.46834      -   606  825s
   903   999   25.46834   26 1892          -   25.46834      -   936  832s
  1000  1097   26.35974   28 2172          -   25.46834      -  1045  853s
  1098  1222   26.35974   32 2159          -   25.46834      -   993  858s
  1223  1335   26.35974   36 2150          -   25.46834      -   912  865s
  1336  1454   26.35974   40 2142          -   25.46834      -   870  872s
  1455  1567   26.35974   42 2138          -   25.46834      -   825  878s
  1568  1711   26.35974   45 2134          -   25.46834      -   780  889s
  1712  1902   26.35974   49 2131          -   25.46834      -   733  896s
  1903  2128   26.35974   51 2128          -   25.46834      -   680  901s
  2129  2327   26.35974   53 2126          -   25.46834      -   635  905s
  2328  2504   27.71246   59 2179          -   25.46834      -   606  918s
  2505  2734   27.71246   64 2179          -   25.46834      -   585  929s
  2737  2981   27.71246   70 2176          -   25.46834      -   561  934s
  2984  3241   27.71246   75 2164          -   25.46834      -   535  967s
  3244  3527   27.97174   82 2160          -   25.46834      -   518  977s
  3530  3805   27.97174   88 2157          -   25.46834      -   493  982s
  3808  4140   27.97174   95 2155          -   25.46834      -   476  987s
  4143  4462   28.30075  104 2150          -   25.46834      -   451 1044s
  4465  4810   28.30075  112 2146          -   25.46834      -   438 1074s
  4813  5172   28.30075  119 2146          -   25.46834      -   423 1080s
  5175  5552   28.30075  129 2135          -   25.46834      -   407 1088s
  5555  5902   28.30181  139 2130          -   25.46834      -   394 1106s
  5909  6259   28.30181  146 2135          -   25.46834      -   389 1120s
  6268  6642   28.30181  154 2135          -   25.46834      -   387 1136s
  6653  7088   28.30181  169 2137          -   25.46834      -   380 1147s
  7099  7500   28.30181  178 2129          -   25.46834      -   374 1163s
  7511  7949   28.47235  190 2136          -   25.46834      -   372 1230s
  7962  8460   28.77356  204 2138          -   25.46834      -   374 1245s
  8473  8967   28.47235  217 2129          -   25.46834      -   366 1266s
  8980  9538   28.47235  231 2128          -   25.46834      -   365 1293s
  9553 10083   28.47284  247 2118          -   25.46834      -   358 1308s
 10098 10630   28.47284  260 2102          -   25.46834      -   355 1319s
 10647 11252   30.77447  277 2123          -   25.46834      -   353 1340s
 11269 11920   30.93722  293 2108          -   25.46834      -   348 1351s
 11939 12621   31.03973  312 2105          -   25.46834      -   341 1363s
 12642 13385   31.21413  334 2090          -   25.46834      -   336 1374s
 13408 14086   31.24106  359 2074          -   25.46834      -   328 1394s
 14113 14839   31.25840  375 2063          -   25.46834      -   324 1411s
 14870 15532   32.44748  397 2022          -   25.46834      -   321 1445s
 15565 16339   31.28895  421 2039          -   25.46834      -   320 1465s
 16377 16340   27.22133  153 1883          -   25.46834      -   317 1480s
 16379 16341   27.23728  109 1892          -   25.46834      -   317 1542s
H16380 15524                      57.2380639   25.46834  55.5%   317 1602s
H16380 14748                      57.2380637   25.46834  55.5%   317 1609s
 16382 14752   25.46834   10 1892   57.23806   25.46834  55.5%   319 1881s
 16384 14756   25.46834   11 1892   57.23806   25.46834  55.5%   319 1907s
 16388 14762   25.46834   12 1892   57.23806   25.46834  55.5%   320 1916s
 16396 14776   25.46834   13 1892   57.23806   25.46834  55.5%   320 2138s
 16412 14802   29.01621   14 1784   57.23806   25.46834  55.5%   324 2162s
H16431 14059                      57.2380637   25.46834  55.5%   324 2162s
 16444 14095   29.01621   15 1787   57.23806   25.46834  55.5%   325 2172s
 16484 14120   29.01621   16 1787   57.23806   25.46834  55.5%   326 2856s
H16486 13419                      57.2380629   25.46834  55.5%   326 2856s
 16524 13446   29.20279   16 1795   57.23806   25.46834  55.5%   326 2861s
 16564 13473   29.01621   17 1785   57.23806   25.46834  55.5%   326 2866s
 16604 13535   30.66345   17 2004   57.23806   25.46834  55.5%   326 2875s
 16682 13582   29.20346   18 2119   57.23806   25.46834  55.5%   326 2897s
 16758 13633   29.01621   18 1785   57.23806   25.46834  55.5%   326 2908s
 16834 13685   29.32074   19 1814   57.23806   25.46834  55.5%   326 2916s
 16911 13745   29.01621   20 1785   57.23806   25.46834  55.5%   325 2921s
 16997 13804   29.01621   21 1785   57.23806   25.46834  55.5%   325 2931s
 17085 13859   31.33440   22 1788   57.23806   25.46834  55.5%   324 2936s
 17170 13922   29.01621   23 1785   57.23806   25.46834  55.5%   323 2941s
 17261 13982   29.66125   24 1838   57.23806   25.46834  55.5%   322 2949s
 17354 14045   29.01621   25 1783   57.23806   25.46834  55.5%   322 2958s
 17450 14118   31.30099   26 1907   57.23806   25.46834  55.5%   322 2965s
 17557 14123   29.01621   26 1783   57.23806   25.46834  55.5%   321 3208s
 17597 14242   29.17237   27 3467   57.23806   25.46834  55.5%   322 3299s
 17732 14333   29.01621   27 1783   57.23806   25.46834  55.5%   321 3335s
 17878 14432   29.85258   29 1826   57.23806   25.46834  55.5%   320 3348s
 18031 14535   29.01621   30 1782   57.23806   25.46834  55.5%   319 3359s
 18191 14644   29.01621   32 1776   57.23806   25.46834  55.5%   318 3367s
 18358 14753   29.01621   33 1776   57.23806   25.46834  55.5%   317 3375s
 18528 14841   30.35409   35 1793   57.23806   25.46834  55.5%   316 3386s
 18685 14867   29.01621   37 1776   57.23806   25.46834  55.5%   316 3663s
H18686 14200                      54.4939988   25.46834  53.3%   316 3663s
 18767 14388   29.01621   38 1776   54.49400   25.46834  53.3%   318 3675s
 18988 14542   29.58089   40 1812   54.49400   25.46834  53.3%   316 3684s
 19219 14693   29.01621   43 1776   54.49400   25.46834  53.3%   315 3695s
 19454 14840   29.01621   45 1772   54.49400   25.46834  53.3%   313 3711s
 19692 14946   29.01621   47 1771   54.49400   25.46834  53.3%   312 3720s
 19926 15100   30.13301   49 1778   54.49400   25.46834  53.3%   312 3731s
 20180 15234   29.01621   51 1773   54.49400   25.46834  53.3%   311 3741s
 20433 15390   33.82828   54 1784   54.49400   25.46834  53.3%   310 3752s
 20705 15577   29.01621   57 1769   54.49400   25.46834  53.3%   308 3765s
 20997 15758   29.01621   59 1769   54.49400   25.46834  53.3%   307 3777s
 21296 15931   29.57817   62 1786   54.49400   25.46834  53.3%   305 3789s
 21601 16119   29.60252   65 1784   54.49400   25.46834  53.3%   303 3802s
 21929 16310   29.01669   69 1772   54.49400   25.46834  53.3%   301 3814s
 22272 16513   29.01669   71 1770   54.49400   25.46834  53.3%   299 3832s
 22627 16726   32.48376   74 1765   54.49400   25.46834  53.3%   298 3851s
 22987 16944   29.01669   78 1767   54.49400   25.46834  53.3%   296 3866s
 23357 17162   29.01669   81 1764   54.49400   25.46834  53.3%   294 3883s
 23736 17376   29.01669   85 1761   54.49400   25.46834  53.3%   293 3902s
 24133 17642   31.48930   88 1765   54.49400   25.46834  53.3%   292 3919s
 24565 17882   29.77327   92 1750   54.49400   25.46834  53.3%   290 3938s
 25009 18139   29.45023   94 1725   54.49400   25.46834  53.3%   288 3956s
 25448 18405   29.22300   98 1726   54.49400   25.46834  53.3%   288 3979s
 25916 18670   29.01669  103 1754   54.49400   25.46834  53.3%   286 4001s
