
Gurobi 9.5.1 (mac64[x86]) logging started Wed Jun  8 01:23:09 2022

Set parameter LogFile to value "/Users/keyvanmajd/Documents/GitHub/NNRepLayer_v2/demos/examples/tc7_walking_example/repair_inp_out_constraint/repair_net/logs/opt_log_6_8_2022_1_22_44.log"
Gurobi Optimizer version 9.5.1 build v9.5.1rc2 (mac64[x86])
Thread count: 4 physical cores, 8 logical processors, using up to 8 threads
Optimize a model with 4761 rows, 2804 columns and 12633 nonzeros
Model fingerprint: 0x2f4620a7
Model has 170 quadratic objective terms
Variable types: 1283 continuous, 1521 integer (1521 binary)
Coefficient statistics:
  Matrix range     [5e-03, 5e+01]
  Objective range  [1e-02, 2e+00]
  QObjective range [1e-01, 2e+00]
  Bounds range     [1e+00, 5e+01]
  RHS range        [5e-04, 5e+01]
Presolve removed 2996 rows and 1128 columns
Presolve time: 0.04s
Presolved: 1765 rows, 1676 columns, 7979 nonzeros
Presolved model has 170 quadratic objective terms
Variable types: 1218 continuous, 458 integer (458 binary)
Found heuristic solution: objective 47.3937209
Root relaxation presolve removed 458 rows and 458 columns
Root relaxation presolved: 1307 rows, 1218 columns, 7063 nonzeros
Root relaxation presolved model has 170 quadratic objective terms


Root relaxation: objective 2.365198e+01, 1718 iterations, 0.04 seconds (0.04 work units)

    Nodes    |    Current Node    |     Objective Bounds      |     Work
 Expl Unexpl |  Obj  Depth IntInf | Incumbent    BestBd   Gap | It/Node Time

     0     0   23.65198    0  290   47.39372   23.65198  50.1%     -    0s
     0     0   23.73943    0  328   47.39372   23.73943  49.9%     -    0s
H    0     0                      47.3937208   23.73943  49.9%     -    0s
     0     0   23.73943    0  328   47.39372   23.73943  49.9%     -    0s
     0     0   23.75022    0  333   47.39372   23.75022  49.9%     -    0s
     0     0   23.75022    0  339   47.39372   23.75022  49.9%     -    0s
     0     0   23.78231    0  341   47.39372   23.78231  49.8%     -    0s
     0     0   23.78231    0  330   47.39372   23.78231  49.8%     -    0s
     0     0   23.78231    0  333   47.39372   23.78231  49.8%     -    1s
     0     0   23.78231    0  335   47.39372   23.78231  49.8%     -    1s
     0     0   23.80442    0  331   47.39372   23.80442  49.8%     -    1s
     0     0   23.80442    0  336   47.39372   23.80442  49.8%     -    1s
     0     0   23.80555    0  334   47.39372   23.80555  49.8%     -    1s
     0     0   23.81230    0  338   47.39372   23.81230  49.8%     -    1s
     0     0   23.83839    0  348   47.39372   23.83839  49.7%     -    1s
     0     0   23.83881    0  349   47.39372   23.83881  49.7%     -    1s
     0     0   23.83977    0  341   47.39372   23.83977  49.7%     -    2s
     0     0   23.83981    0  348   47.39372   23.83981  49.7%     -    2s
     0     0   23.84148    0  348   47.39372   23.84148  49.7%     -    2s
     0     0   23.84148    0  351   47.39372   23.84148  49.7%     -    2s
     0     0   23.84470    0  337   47.39372   23.84470  49.7%     -    2s
     0     0   23.84470    0  338   47.39372   23.84470  49.7%     -    2s
     0     0   23.84536    0  335   47.39372   23.84536  49.7%     -    2s
     0     2   23.84536    0  335   47.39372   23.84536  49.7%     -    3s
    36    44   24.30528    7  336   47.39372   24.08464  49.2%  1076    5s
H  160   172                      47.3830044   24.08464  49.2%   482    6s
H  290   295                      47.3815106   24.08464  49.2%   356    7s
H  293   295                      47.3631505   24.08464  49.1%   354    7s
H  880   875                      47.3309719   24.08464  49.1%   187    9s
H  897   875                      47.2765095   24.08464  49.1%   186    9s
  1132  1171   31.18413  173  155   47.27651   24.08464  49.1%   163   10s
H 1543  1552                      46.8721374   24.08464  48.6%   138   11s
H 1766  1742                      40.7826981   24.08464  40.9%   128   12s
H 1870  1734                      40.7758009   24.08464  40.9%   128   12s
H 1875  1734                      40.7757592   24.08464  40.9%   129   12s
H 1967  1678                      39.1685443   24.16748  38.3%   131   13s
H 2032  1687                      39.1685441   24.16748  38.3%   138   16s
H 2041  1608                      39.1685440   24.16748  38.3%   137   18s
  2047  1612   36.00690  202  351   39.16854   24.16748  38.3%   137   20s
H 2058  1538                      39.1645578   24.21474  38.2%   136   22s
  2071  1546   25.52340   37  333   39.16456   24.49553  37.5%   135   25s
H 2073  1470                      39.1645577   24.49553  37.5%   135   26s
H 2076  1398                      38.4517485   24.53808  36.2%   135   26s
  2108  1428   24.53808   14  334   38.45175   24.53808  36.2%   162   30s
H 2146  1382                      38.2737636   24.53808  35.9%   167   30s
H 2180  1339                      38.2544012   24.53808  35.9%   172   31s
H 2183  1274                      38.2363106   24.53808  35.8%   172   31s
H 2221  1240                      38.1899666   24.53808  35.7%   176   34s
  2247  1266   24.64991   21  328   38.18997   24.53808  35.7%   180   35s
  2362  1345   25.02556   27  319   38.18997   24.53808  35.7%   204   42s
H 2373  1284                      37.1004478   24.53808  33.9%   206   42s
  2534  1400   25.84098   37  306   37.10045   24.53808  33.9%   214   45s
  3285  1890   29.85172   78  247   37.10045   24.53808  33.9%   219   50s
H 3397  1804                      36.7290185   24.53808  33.2%   216   62s
H 3400  1749                      36.5838066   24.53808  32.9%   216   62s
H 3405  1706                      36.5838063   24.53808  32.9%   216   77s
H 3406  1658                      36.5289227   24.53808  32.8%   216   77s
H 3407  1614                      36.4711683   24.53808  32.7%   216   77s
H 3408  1570                      36.4276052   24.53808  32.6%   216   77s
H 3409  1525                      36.3822015   24.53808  32.6%   216   77s
H 3410  1485                      36.3393346   24.53808  32.5%   216   77s
H 3413  1468                      36.3380466   24.53808  32.5%   216   79s
H 3422  1430                      36.3377109   24.53808  32.5%   216   79s
H 3423  1394                      36.2525006   24.53808  32.3%   216   79s
H 3426  1361                      36.2473030   24.53808  32.3%   216   79s
  3535  1516   32.97944   97  228   36.24730   24.53808  32.3%   215   80s
  4259  2031   34.81609  154  171   36.24730   24.53808  32.3%   209   85s
  4861  2528   26.81775   29  300   36.24730   24.53808  32.3%   208   90s
  5700  3131   25.08722   27  311   36.24730   24.53808  32.3%   207   95s
  6215  3567   28.26569   44  290   36.24730   24.53808  32.3%   212  100s
H 6320  3602                      36.2440370   24.53808  32.3%   211  105s
H 6321  3602                      36.2415829   24.53808  32.3%   211  105s
H 6324  3601                      36.2352366   24.53808  32.3%   211  105s
H 6342  3599                      36.2231430   24.53808  32.3%   211  105s
H 6343  3598                      36.2178473   24.53808  32.2%   211  105s
  7145  4467 infeasible   76        36.21785   24.53808  32.2%   204  110s
  7780  4868   24.53808   19  325   36.21785   24.53808  32.2%   204  115s
  8041  5144   24.99148   23  314   36.21785   24.53808  32.2%   212  120s
  8558  5701   28.44770   43  288   36.21785   24.53808  32.2%   217  125s
  9366  6467   25.93630   31  289   36.21785   24.53808  32.2%   216  131s
 10180  7073   28.33536   39  297   36.21785   24.53808  32.2%   210  135s
 10916  7662   29.35008   55  265   36.21785   24.53808  32.2%   208  141s

Cutting planes:
  Gomory: 25
  Cover: 34
  Implied bound: 315
  Projected implied bound: 2
  Clique: 2
  MIR: 1400
  StrongCG: 6
  Flow cover: 1363
  Zero half: 1
  RLT: 11
  Relax-and-lift: 71

Explored 11337 nodes (2373336 simplex iterations) in 142.52 seconds (214.74 work units)
Thread count was 8 (of 8 available processors)

Solution count 10: 36.2178 36.2231 36.2352 ... 36.3393

Solve interrupted
Best objective 3.621784725373e+01, best bound 2.453808037913e+01, gap 32.2487%
