
Gurobi 9.5.1 (mac64[x86]) logging started Thu Jun  9 15:38:15 2022

Set parameter LogFile to value "/Users/keyvanmajd/Documents/GitHub/NNRepLayer_v2/demos/walking_example/dynamic_constraint/repair_net/logs/opt_log_6_9_2022_15_37_54.log"
Gurobi Optimizer version 9.5.1 build v9.5.1rc2 (mac64[x86])
Thread count: 4 physical cores, 8 logical processors, using up to 8 threads
Optimize a model with 471 rows, 169 columns and 1336 nonzeros
Model fingerprint: 0x5b1df6c8
Model has 136 quadratic objective terms
Coefficient statistics:
  Matrix range     [3e-02, 2e+01]
  Objective range  [2e-01, 3e+01]
  QObjective range [1e+00, 2e+00]
  Bounds range     [5e+00, 6e+01]
  RHS range        [7e-04, 2e+01]
Presolve removed 293 rows and 12 columns
Presolve time: 0.00s
Presolved: 178 rows, 157 columns, 1024 nonzeros
Presolved model has 136 quadratic objective terms
Ordering time: 0.00s

Barrier statistics:
 Dense cols : 12
 AA' NZ     : 1.256e+03
 Factor NZ  : 2.035e+03
 Factor Ops : 3.368e+04 (less than 1 second per iteration)
 Threads    : 1

                  Objective                Residual
Iter       Primal          Dual         Primal    Dual     Compl     Time
   0   2.53467485e+07 -2.61106878e+07  6.21e+03 4.36e+02  9.12e+05     0s
   1   9.13274291e+06 -1.00591005e+07  3.61e+03 2.54e+02  5.38e+05     0s
   2   1.00766467e+05 -1.66779102e+06  3.80e+02 2.67e+01  7.94e+04     0s
   3   9.93775491e+02 -1.14554574e+06  1.20e+01 8.47e-01  5.37e+03     0s
   4   9.02044463e+02 -9.53862233e+05  9.42e+00 6.62e-01  4.23e+03     0s
   5   8.36837523e+02 -7.75056657e+05  7.74e+00 5.44e-01  3.68e+03     0s
   6   7.66451588e+02 -4.42525641e+05  5.17e+00 3.64e-01  2.66e+03     0s
   7   7.51068084e+02 -9.27314977e+04  4.71e+00 3.31e-01  2.55e+03     0s
   8   7.38457783e+02  3.32618579e+05  4.43e+00 3.12e-01  2.38e+03     0s
   9   7.44908580e+02  1.52770739e+06  4.30e+00 3.02e-01  2.34e+03     0s
  10   7.41264308e+02  2.68851267e+06  4.24e+00 2.98e-01  2.28e+03     0s
  11   6.31730291e+08 -6.35551357e+08  3.10e+04 2.20e+03  2.27e+07     0s
  12   2.49842582e+08 -2.54854107e+08  1.90e+04 1.35e+03  1.47e+07     0s
  13   2.36860732e+06 -1.09875593e+07  1.92e+03 1.36e+02  1.94e+06     0s
  14   1.15032192e+04 -7.38473496e+06  1.19e+02 8.43e+00  1.37e+05     0s
  15   1.24311874e+03 -5.08911329e+06  1.91e+01 1.35e+00  2.99e+04     0s
  16   8.96856594e+02 -3.67420499e+06  9.15e+00 6.49e-01  1.66e+04     0s
  17   8.04436415e+02 -2.75427181e+06  6.76e+00 4.80e-01  1.36e+04     0s
  18   7.64193573e+02 -1.47383249e+06  5.05e+00 3.58e-01  1.09e+04     0s
  19   7.46504613e+02  7.52088201e+04  4.49e+00 3.18e-01  9.54e+03     0s
  20   7.35377607e+02  3.16640540e+06  4.28e+00 3.04e-01  8.94e+03     0s
  21   7.41692756e+02  7.63593304e+06  4.19e+00 2.97e-01  8.58e+03     0s
  22   7.42339328e+02  2.85324290e+07  4.16e+00 2.95e-01  8.36e+03     0s
  23   7.45044328e+02  8.63278510e+07  4.16e+00 2.95e-01  8.50e+03     0s
  24   7.44281210e+02  4.17635486e+08  4.14e+00 2.94e-01  8.72e+03     0s
  25   6.31730291e+08 -6.35551357e+08  3.10e+04 2.20e+03  2.27e+07     0s
  26   1.34441481e+06 -1.45747099e+06  1.42e+03 1.18e+02  4.63e+04     0s
  27   2.34362629e+03 -1.44990319e+03  4.47e+01 6.21e+00  4.35e+01     0s
  28   6.79226635e+02  4.71882227e+02  1.20e+01 1.66e+00  5.05e+00     0s
  29   6.77974075e+02  6.66928004e+02  5.97e+00 8.27e-01  2.55e+00     0s
  30   7.25675023e+02  1.02133942e+03  4.80e+00 6.60e-01  3.12e+00     0s
  31   7.45169559e+02  1.48727238e+03  4.56e+00 6.21e-01  4.67e+00     0s
  32   7.40384758e+02  2.08794850e+03  4.49e+00 5.98e-01  7.23e+00     0s
  33   8.14256839e+02  2.12658841e+04  4.74e+00 1.87e-01  1.48e+02     0s
  34   8.87436284e+02  4.26457366e+05  8.47e+00 3.35e-01  2.41e+04     0s
  35*  8.35417204e+02  1.49771543e+08  3.76e-02 6.60e-03  6.76e+00     0s
  36*  8.35417063e+02  1.49177555e+11  3.76e-05 1.75e-05  6.76e-03     0s
  37*  8.35439622e+02  1.49152275e+14  3.76e-08 6.86e-07  6.76e-06     0s
  38*  8.35439627e+02  1.49152247e+17  3.76e-11 5.13e-09  6.76e-09     0s

Barrier performed 38 iterations in 0.01 seconds (0.01 work units)
Infeasible model

