
Gurobi 9.5.1 (linux64) logging started Wed 08 Jun 2022 07:41:02 PM MST

Set parameter LogFile to value "/home/local/ASUAD/kmajd1/NNRepLayer_v2/demos/walking_example/dynamic_constraint/repair_net/logs/opt_log_6_8_2022_19_40_34.log"
Gurobi Optimizer version 9.5.1 build v9.5.1rc2 (linux64)
Thread count: 48 physical cores, 96 logical processors, using up to 32 threads
Optimize a model with 28012 rows, 17157 columns and 80140 nonzeros
Model fingerprint: 0x1d1aaa43
Model has 101 quadratic objective terms
Variable types: 7557 continuous, 9600 integer (9600 binary)
Coefficient statistics:
  Matrix range     [7e-04, 5e+01]
  Objective range  [2e-02, 4e+00]
  QObjective range [2e-01, 2e+00]
  Bounds range     [1e+00, 5e+01]
  RHS range        [2e-04, 5e+01]
Presolve removed 16520 rows and 6560 columns
Presolve time: 0.12s
Presolved: 11492 rows, 10597 columns, 53700 nonzeros
Presolved model has 101 quadratic objective terms
Variable types: 7397 continuous, 3200 integer (3200 binary)
Root relaxation presolve removed 3200 rows and 3200 columns
Root relaxation presolved: 8292 rows, 7397 columns, 47300 nonzeros
Root relaxation presolved model has 101 quadratic objective terms


Root relaxation: objective 3.645218e+01, 10262 iterations, 0.94 seconds (1.62 work units)

    Nodes    |    Current Node    |     Objective Bounds      |     Work
 Expl Unexpl |  Obj  Depth IntInf | Incumbent    BestBd   Gap | It/Node Time

     0     0   36.45218    0  693          -   36.45218      -     -    2s
     0     0   36.45218    0  504          -   36.45218      -     -   12s
     0     0   36.45218    0  502          -   36.45218      -     -   12s
     0     0   36.45218    0  530          -   36.45218      -     -   12s
     0     0   36.45218    0  510          -   36.45218      -     -   12s
     0     0   36.45218    0  509          -   36.45218      -     -   13s
     0     0   36.45218    0  510          -   36.45218      -     -   13s
     0     0   36.45218    0  509          -   36.45218      -     -   13s
H    0     0                     230.0203976   36.45218  84.2%     -   46s
H    0     0                     229.2511962   36.45218  84.1%     -   51s
     0     2   36.45218    0  509  229.25120   36.45218  84.1%     -   51s
H   31    64                      46.4578121   36.45218  21.5%   423   62s
H   34    64                      46.3754274   36.45218  21.4%   396   62s
H   35    64                      44.4752982   36.45218  18.0%   388   62s
H   63    64                      44.2676028   36.45218  17.7%   320   76s
H   65    62                      44.2670212   36.45218  17.7%   311   78s
    67    63   36.46095    6  551   44.26702   36.45218  17.7%   301   86s
H   67    60                      44.2666566   36.45218  17.7%   301   92s
H   67    57                      44.2595798   36.45218  17.6%   301   92s
H   67    54                      44.2070421   36.45218  17.5%   301   92s
H   67    51                      44.1709335   36.45218  17.5%   301   92s
H   67    49                      44.1556514   36.45218  17.4%   301   92s
H   67    46                      44.1507481   36.45218  17.4%   301   92s
H   67    44                      44.1248937   36.45218  17.4%   301   92s
    69    45   36.47910    6  541   44.12489   36.45218  17.4%   293   97s
    70    46   36.47910    6  532   44.12489   36.45218  17.4%   288  107s
    71    47   36.47910    6  553   44.12489   36.45218  17.4%   284  112s
    72    47   36.47910    6  542   44.12489   36.45218  17.4%   280  116s
    76    50   36.46095    6  559   44.12489   36.45218  17.4%   266  120s
    79    52   36.50691    6  587   44.12489   36.45218  17.4%   256  126s
H   80    51                      43.9367721   36.45218  17.0%   668  143s
H   82    50                      43.9360897   36.45218  17.0%   652  144s
    83    50   36.45796    6  690   43.93609   36.45218  17.0%   644  145s
H   83    47                      42.0940422   36.45218  13.4%   644  151s
    85    49   36.50691    6  517   42.09404   36.45218  13.4%   629  157s
    87    50   36.46095    6  530   42.09404   36.45218  13.4%   615  160s
    88    51   36.47910    6  537   42.09404   36.45218  13.4%   608  165s
    89    51   36.47910    6  532   42.09404   36.45218  13.4%   601  170s
H   89    49                      42.0620153   36.45218  13.3%   601  170s
    93    52   36.47910    6  562   42.06202   36.45218  13.3%   575  176s
H   95    50                      42.0610666   36.45218  13.3%   563  182s
H   96    50                      42.0365823   36.45218  13.3%   887  182s
    98    51   36.47910    6  509   42.03658   36.45218  13.3%   869  201s
H   99    49                      42.0152502   36.45218  13.2%   860  213s
H   99    46                      41.9821427   36.45218  13.2%   860  213s
H  100    44                      41.9664826   36.45218  13.1%   852  213s
   102    46   36.46095    6  515   41.96648   36.45218  13.1%   835  215s
   103    46   36.45218    6  548   41.96648   36.45218  13.1%   827  220s
   105    48   36.48691    6  542   41.96648   36.45218  13.1%   811  229s
   106    48   36.46095    6  544   41.96648   36.45218  13.1%   804  237s
   108    50   36.47910    6  554   41.96648   36.45218  13.1%   789  240s
   113    53   36.47910    6  521   41.96648   36.45218  13.1%   754  249s
H  114    52                      41.6417235   36.45218  12.5%   986  269s
H  116    51                      41.6415984   36.45218  12.5%   969  279s
H  116    48                      41.6415770   36.45218  12.5%   969  279s
H  117    46                      41.6415769   36.45218  12.5%   961  280s
H  118    44                      41.6155155   36.45218  12.4%   953  282s
   120    45   36.45796    6  538   41.61552   36.45218  12.4%   937  287s
   121    46   36.47910    6  529   41.61552   36.45218  12.4%   929  292s
   122    47   36.47910    6  559   41.61552   36.45218  12.4%   921  298s
   123    47   36.45796    6  548   41.61552   36.45218  12.4%   914  309s
   125    49   36.47910    6  561   41.61552   36.45218  12.4%   899  313s
   127    50   36.47910    6  542   41.61552   36.45218  12.4%   885  317s
   129    51   36.47910    6  525   41.61552   36.45218  12.4%   871  321s
   132    53   36.46095    6  527   41.61552   36.45218  12.4%   852  327s
H  133    52                      41.6139757   36.45218  12.4%  1091  349s
H  135    51                      41.6137877   36.45218  12.4%  1074  351s
   137    52   36.47910    6  515   41.61379   36.45218  12.4%  1059  357s
   138    53   36.47910    6  511   41.61379   36.45218  12.4%  1051  361s
   140    54   36.47910    6  550   41.61379   36.45218  12.4%  1036  367s
   141    55   36.47910    6  566   41.61379   36.45218  12.4%  1029  372s
   142    55   36.47910    6  560   41.61379   36.45223  12.4%  1022  382s
   144    57   36.47910    6  566   41.61379   36.45223  12.4%  1007  387s
   146    58   36.45796    6  546   41.61379   36.45223  12.4%   994  391s
   148    59   36.47910    6  549   41.61379   36.45223  12.4%   980  395s
   151    61   36.47910    6  559   41.61379   36.45223  12.4%   961  406s
H  152    59                      41.6119918   36.45223  12.4%  1215  431s
   156    62   36.47910    6  511   41.61199   36.45223  12.4%  1184  441s
H  156    58                      41.6111872   36.45223  12.4%  1184  447s
   158    59   36.49269    6  485   41.61119   36.45223  12.4%  1169  453s
   159    60   36.46095    6  484   41.61119   36.45223  12.4%  1162  458s
   160    61   36.45796    6  502   41.61119   36.45223  12.4%  1154  464s
   161    61   36.47910    6  497   41.61119   36.45223  12.4%  1147  472s
   163    63   36.47910    6  506   41.61119   36.45223  12.4%  1133  475s
   167    65   36.46095    6  516   41.61119   36.45223  12.4%  1106  483s
   169    67   36.47910    6  514   41.61119   36.45223  12.4%  1093  487s
   172    69   36.47910    6  509   41.61119   36.45223  12.4%  1074  493s
H  173    67                      41.6111871   36.45223  12.4%  1259  519s
   176    69   36.46095    6  694   41.61119   36.45223  12.4%  1238  521s
   177    70   36.47910    6  538   41.61119   36.45223  12.4%  1231  527s
   178    71   36.45499    6  468   41.61119   36.45223  12.4%  1224  535s
   179    71   36.50691    6  304   41.61119   36.45223  12.4%  1217  540s
   180    72   36.45357    6  480   41.61119   36.45247  12.4%  1211  551s
   181    73   36.47910    6  519   41.61119   36.45247  12.4%  1204  556s
H  183    70                      41.6111856   36.45247  12.4%  1191  560s
   194    77   36.51688    6  433   41.61119   36.45247  12.4%  1123  565s
   197    79   36.47910    6  380   41.61119   36.45247  12.4%  1106  572s
H  198    76                      41.6009370   36.45247  12.4%  1362  596s
   202    79   36.46095    6  537   41.60094   36.45247  12.4%  1335  605s
   203    80   36.45247    6  458   41.60094   36.45247  12.4%  1328  612s
   204    80   36.47910    6  540   41.60094   36.45247  12.4%  1322  620s
   205    81   36.48691    6  529   41.60094   36.45247  12.4%  1315  632s
   206    82   36.46095    6  545   41.60094   36.45247  12.4%  1309  638s
H  206    77                      41.6000371   36.45247  12.4%  1309  643s
H  206    73                      41.6000371   36.45247  12.4%  1309  643s
H  206    70                      41.6000371   36.45247  12.4%  1309  643s
   209    72   36.47910    6  521   41.60004   36.45247  12.4%  1290  647s
   211    73   36.47910    6  514   41.60004   36.45247  12.4%  1278  651s
   213    74   36.47910    6  510   41.60004   36.45247  12.4%  1266  655s
   217    77   36.45357    6  495   41.60004   36.45247  12.4%  1242  663s
   219    78   36.45796    6  496   41.60004   36.45247  12.4%  1231  667s
   222    80   36.47910    6  491   41.60004   36.45247  12.4%  1214  672s
H  223    77                      41.6000367   36.45247  12.4%  1445  696s
   227    80   36.47910    6  430   41.60004   36.45247  12.4%  1419  706s
H  227    75                      41.5971270   36.45247  12.4%  1419  709s
   228    76   36.46095    6  402   41.59713   36.45247  12.4%  1413  710s
   231    78   36.45796    6  474   41.59713   36.45247  12.4%  1395  722s
   232    78   36.46095    6  460   41.59713   36.45247  12.4%  1389  730s
   235    80   36.46095    6  480   41.59713   36.45247  12.4%  1371  735s
   238    82   36.47910    6  454   41.59713   36.45247  12.4%  1354  742s
   240    84   36.47910    6  468   41.59713   36.45247  12.4%  1343  746s
   242    85   36.47910    6  484   41.59713   36.45247  12.4%  1332  750s
   246    88   36.45796    6  457   41.59713   36.45247  12.4%  1310  758s
   249    90   36.47910    6  476   41.59713   36.45247  12.4%  1294  764s
H  250    87                      41.5971267   36.45247  12.4%  1457  788s
   253    89   36.47910    6  695   41.59713   36.45247  12.4%  1440  790s
   254    90   36.47910    6  517   41.59713   36.45247  12.4%  1434  798s
   255    91   36.47910    6  472   41.59713   36.45247  12.4%  1429  805s
   258    93   36.49269    6  560   41.59713   36.45247  12.4%  1412  814s
   259    93   36.46095    6  559   41.59713   36.45247  12.4%  1407  819s
   261    95   36.47910    6  575   41.59713   36.45247  12.4%  1396  824s
   263    96   36.47910    6  580   41.59713   36.45247  12.4%  1385  827s
   265    97   36.48691    6  582   41.59713   36.45247  12.4%  1375  832s
   267    99   36.46095    6  602   41.59713   36.45247  12.4%  1365  836s
   269   100   36.47910    6  593   41.59713   36.45247  12.4%  1354  840s
   272   102   36.47910    6  584   41.59713   36.45247  12.4%  1339  845s
   275   104   36.46095    6  585   41.59713   36.45247  12.4%  1325  853s
   278   106   36.45499    6  603   41.59713   36.45247  12.4%  1311  859s
H  278   102                      41.5965972   36.45247  12.4%  1517  859s
   279   104   36.49961  121  823   41.59660   36.45247  12.4%  1517  860s
   309   154   36.51301  125  888   41.59660   36.45247  12.4%  1427  874s
H  319   144                      41.5965970   36.45247  12.4%  1395  874s
H  337   133                      41.5877398   36.45247  12.3%  1333  874s
   341   164   36.51301  126  888   41.58774   36.45247  12.3%  1318  883s
   469   249   36.51301  128  883   41.58774   36.45247  12.3%   978  890s
  1493  1248   36.51301  141  871   41.58774   36.45247  12.3%   360  903s
  2452  2375   36.51301  149  868   41.58774   36.45247  12.3%   235  905s
  6469  6549   36.51301  189  832   41.58774   36.45247  12.3%   115  910s
 13190 13417   36.51301  252  758   41.58774   36.45247  12.3%  77.2  915s
 16057 16159   36.51301  294  707   41.58774   36.45247  12.3%  81.3  921s
 16454 16604   36.51301  301  706   41.58774   36.45247  12.3%  84.7  927s
 16899 17056   36.51578  307  704   41.58774   36.45247  12.3%  87.2  930s
 17351 17087   36.51301  318  654   41.58774   36.45247  12.3%  89.1  940s
 18544 18666   36.51301  350  621   41.58774   36.45247  12.3%  97.0  948s
 18978 19223   36.51301  362  606   41.58774   36.45247  12.3%   101  951s
 20086 20368   36.51301  385  606   41.58774   36.45247  12.3%   104  955s
 21351 21649   36.51301  408  577   41.58774   36.45247  12.3%   109  964s
 22005 22280   36.51301  426  608   41.58774   36.45247  12.3%   113  965s
 25540 25589   36.57196  489  696   41.58774   36.45247  12.3%   118  974s
 26227 25968   36.57800  500 1071   41.58774   36.45247  12.3%   121  986s
 27378 27487   36.58761  531  757   41.58774   36.45247  12.3%   135  996s
 28254 28137   36.58724  561  727   41.58774   36.45247  12.3%   139 1000s
H28969 28167                      41.5877397   36.45247  12.3%   142 1101s
H28970 28165                      41.5865227   36.45247  12.3%   142 1101s
H28998 27656                      41.5299256   36.45247  12.2%   144 1101s
 29002 27675   36.58813  576  792   41.52993   36.45247  12.2%   144 1298s
H29003 27675                      41.5297763   36.45247  12.2%   144 1298s
H29005 27675                      41.5297762   36.45247  12.2%   144 1298s
H29006 27673                      41.5282522   36.45247  12.2%   144 1298s
H29008 26831                      39.5938146   36.45247  7.93%   144 1298s
H29020 26767                      39.4465428   36.45247  7.59%   144 1298s
 29047 26789   36.58813  576  793   39.44654   36.45247  7.59%   144 1358s
H29049 26721                      39.2639457   36.45247  7.16%   144 1358s
 29087 27179   36.58813  577  795   39.26395   36.45247  7.16%   146 1367s
 29565 28767   36.59018  586  792   39.26395   36.45247  7.16%   148 1374s
 31154 28799   36.59018  606  768   39.26395   36.45247  7.16%   149 1441s
H31155 28799                      39.2373939   36.45247  7.10%   149 1441s
H31158 28799                      39.2209519   36.45247  7.06%   149 1441s
H31159 28795                      39.1928230   36.45247  6.99%   149 1441s
H31160 28783                      38.9972723   36.45247  6.53%   149 1441s
 31186 29835   36.59018  606  768   38.99727   36.45247  6.53%   150 1445s
 32244 30601   36.59160  628  793   38.99727   36.45247  6.53%   155 1455s
 33018 31374   36.61984  656  787   38.99727   36.45247  6.53%   161 1460s
 33793 32075   36.61984  672  775   38.99727   36.45247  6.53%   168 1466s
 34501 32883   36.62223  680  781   38.99727   36.45247  6.53%   176 1473s
 35318 34067   36.65900  713  743   38.99727   36.45247  6.53%   186 1484s
 36519 34696   36.65904  740  746   38.99727   36.45247  6.53%   195 1491s
 37174 35630   36.66670  741  700   38.99727   36.45247  6.53%   197 1501s
 38158 37152   36.68796  749  701   38.99727   36.45247  6.53%   207 1516s
 39705 38885   36.68945  793  617   38.99727   36.45247  6.53%   215 1526s
 41517 40820   36.68946  847  591   38.99727   36.45247  6.53%   220 1540s
 43607 42255   36.68946  868  567   38.99727   36.45247  6.53%   223 1559s
 45186 44232   36.68962  892  563   38.99727   36.45247  6.53%   231 1568s
 47338 47498   36.68962  897  559   38.99727   36.45247  6.53%   230 1576s
 50747 48959   36.69223  914  544   38.99727   36.45247  6.53%   225 1586s
 52435 52309   36.69243  945  526   38.99727   36.45247  6.53%   228 1613s
 55990 56491   36.69511 1004  479   38.99727   36.45247  6.53%   229 1625s
 60328 59158   36.69517 1052  442   38.99727   36.45247  6.53%   224 1635s
 63118 60633   36.69680 1085  422   38.99727   36.45247  6.53%   225 1652s
 64633 61878   36.69680 1137  381   38.99727   36.45247  6.53%   232 1666s
 66004 64028   36.70099 1184  361   38.99727   36.45247  6.53%   241 1678s
 68314 65905   36.70026 1254  316   38.99727   36.45247  6.53%   247 1692s
 70289 68001   36.70027 1271  308   38.99727   36.45247  6.53%   260 1712s
 72505 70810   36.70856 1302  314   38.99727   36.45247  6.53%   268 1727s
 75699 73986   36.70892 1313  306   38.99727   36.45247  6.53%   273 1753s
 79016 74715   36.72050 1394  304   38.99727   36.45247  6.53%   280 1776s
 79827 77440   36.72050 1396  301   38.99727   36.45247  6.53%   291 1794s
 82636 80351   36.72050 1431  282   38.99727   36.45247  6.53%   302 1815s
 85594 81920   36.74301 1517  300   38.99727   36.45247  6.53%   313 1834s
 87219 85667   36.74305 1534  292   38.99727   36.45247  6.53%   328 1857s
 91301 90896   36.74999 1632  257   38.99727   36.45247  6.53%   338 1878s
 96693 94962   36.74999 1634  257   38.99727   36.45247  6.53%   342 1898s
 100775 96490   36.74999 1635  255   38.99727   36.45247  6.53%   348 1915s
 102324 97002   36.75173 1647  260   38.99727   36.45247  6.53%   361 1934s
 102936 99410   36.76638 1655  250   38.99727   36.45247  6.53%   373 1957s
 105402 102408   36.84557 1695  270   38.99727   36.45247  6.53%   390 1980s
 108436 104751   36.84558 1701  267   38.99727   36.45247  6.53%   402 2006s
 110805 107744   36.88688 1737  238   38.99727   36.45247  6.53%   414 2035s
H113958 106826                      38.9959329   36.45247  6.52%   422 2161s
H113960 106453                      38.9934922   36.45247  6.52%   422 2161s
H113966 105679                      38.9807978   36.45247  6.49%   422 2161s
H113970 104456                      38.9218572   36.45247  6.34%   422 2161s
H113976 103180                      38.8430744   36.45247  6.15%   423 2161s
 113993 105171   36.95138 1831  218   38.84307   36.45247  6.15%   424 2191s
 116213 111690   36.95541 1873  201   38.84307   36.45247  6.15%   431 2222s
 122846 115814   37.15923 1947  226   38.84307   36.45247  6.15%   431 2244s
 127077 118661   37.34020 2022  184   38.84307   36.45247  6.15%   434 2268s
 129954 121093   37.56573 2087  175   38.84307   36.45247  6.15%   441 2297s
 132394 122740   37.69797 2138  167   38.84307   36.45247  6.15%   449 2322s
 134109 124821   38.28461 2177  155   38.84307   36.45247  6.15%   460 2358s
 136320 126976   38.28461 2206  140   38.84307   36.45247  6.15%   472 2388s
H138641 129027                      38.8395239   36.45247  6.15%   479 2429s
H138742 128946                      38.8360111   36.45247  6.14%   478 2429s
H138948 128364                      38.8160987   36.45247  6.09%   478 2429s
H140047 128004                      38.7980171   36.45247  6.05%   480 2429s
 141062 136829   38.72943 2290  117   38.79802   36.45247  6.05%   481 2467s
 150437 139965   36.98109 1100  667   38.79802   36.45247  6.05%   471 2492s
 153685 143091   37.03496 1210  726   38.79802   36.45247  6.05%   472 2515s
 156960 145770   38.19103 1222 1025   38.79802   36.45247  6.05%   474 2541s
 159949 149523   38.51848 1274  946   38.79802   36.45247  6.05%   477 2567s
 164653 150397   38.59418 1305  916   38.79802   36.45247  6.05%   477 2594s
 165961 155259     cutoff 1358        38.79802   36.45247  6.05%   483 2627s
H171213 155223                      38.7924541   36.45247  6.03%   483 2725s
H171451 154338                      38.7539014   36.45247  5.94%   483 2725s
H171456 154322                      38.7521963   36.45247  5.93%   483 2725s
H171461 154061                      38.7424521   36.45247  5.91%   483 2725s
H171463 153453                      38.7269742   36.45247  5.87%   483 2725s
H171467 153263                      38.7204882   36.45247  5.86%   483 2725s
 171485 157996     cutoff 1597        38.72049   36.45247  5.86%   483 2755s
 176542 158191   38.28268  861  655   38.72049   36.45247  5.86%   482 2782s
 176743 160827   38.28268  867  663   38.72049   36.45247  5.86%   485 2881s
H177623 160824                      38.7195171   36.45247  5.86%   487 2881s
 179478 163502   38.56238  945  833   38.71952   36.45247  5.86%   489 2908s
 182374 165111   38.63406  969  814   38.71952   36.45247  5.86%   493 2963s
H182944 165111                      38.7195171   36.45247  5.86%   496 2963s
H183302 165111                      38.7195171   36.45247  5.86%   496 2963s
 184341 170145   38.63938  984  812   38.71952   36.45247  5.86%   500 2994s
H189924 170169                      38.7194282   36.45247  5.85%   499 3192s
H189925 170162                      38.7191690   36.45247  5.85%   499 3192s
H189927 170080                      38.7164180   36.45247  5.85%   500 3192s
H189928 169246                      38.6920017   36.45247  5.79%   500 3192s
 189964 175245   38.66810  994  856   38.69200   36.45247  5.79%   501 3220s
 196351 179441   38.68548 1085  713   38.69200   36.45247  5.79%   496 3242s
H200664 166357                      38.1674464   36.45247  4.49%   494 3304s
 203328 173871   36.84150  886  587   38.16745   36.45247  4.49%   493 3331s
 211339 174405   36.84150  903  562   38.16745   36.45247  4.49%   486 3354s
 211940 179651   36.84150  917  565   38.16745   36.45247  4.49%   491 3380s
 217453 181882   36.84150  925  588   38.16745   36.45247  4.49%   489 3399s
 219787 184314   36.84150  931  575   38.16745   36.45247  4.49%   491 3420s
 222296 186518   36.84150  934  570   38.16745   36.45247  4.49%   493 3440s
 224638 188918   36.84150  943  566   38.16745   36.45247  4.49%   495 3462s
 227138 191109   37.03512  949  660   38.16745   36.45247  4.49%   497 3486s
 229584 193509   37.06026  976  608   38.16745   36.45247  4.49%   501 3511s
 232020 195794   37.06026  991  631   38.16745   36.45247  4.49%   506 3538s
 234381 197532   37.06028  998  609   38.16745   36.45247  4.49%   511 3567s
 236284 201542   37.06028 1010  625   38.16745   36.45247  4.49%   515 3597s
 240516 204820   37.07145 1036  617   38.16745   36.45247  4.49%   516 3625s
 244118 208980   37.19030 1041  717   38.16745   36.45247  4.49%   518 3656s
 248426 210100   37.96023  242 1113   38.16745   36.45259  4.49%   520 3682s
H249671 209034                      38.1629746   36.45259  4.48%   524 3791s
H249693 208876                      38.1612323   36.45259  4.48%   525 3791s
 249705 214345   36.65475  242  885   38.16123   36.45259  4.48%   525 3832s
 255311 214920   36.98936  964  648   38.16123   36.45259  4.48%   524 3863s
 255995 218219   37.04758  968  736   38.16123   36.45269  4.48%   528 3899s
 259550 222582   38.03059  373  946   38.16123   36.45342  4.48%   530 3931s
 264403 227342   36.80013  290  882   38.16123   36.45342  4.48%   529 3961s
 269355 230338   37.69941 1127  589   38.16123   36.45342  4.48%   527 3987s
 272581 233025   38.11804 1237  537   38.16123   36.45342  4.48%   529 4014s
 275390 235579   38.11804 1236  545   38.16123   36.45342  4.48%   530 4037s
 278246 238405   38.12114 1234  537   38.16123   36.45342  4.48%   532 4066s
 281253 240280     cutoff 1238        38.16123   36.45342  4.48%   533 4094s
 283399 244061     cutoff 1239        38.16123   36.45342  4.48%   537 4125s
H287479 244084                      38.1612262   36.45342  4.48%   537 4426s
H287480 244084                      38.1612233   36.45342  4.48%   537 4426s
H287482 244069                      38.1609124   36.45342  4.47%   537 4426s
H287483 244062                      38.1608538   36.45342  4.47%   537 4426s
H287490 243949                      38.1592899   36.45342  4.47%   537 4426s
 287520 244661   37.65673  933  613   38.15929   36.45342  4.47%   538 4455s
 288463 245120   37.82713 1023  549   38.15929   36.45342  4.47%   543 4488s
 289145 248497   37.83237 1046  560   38.15929   36.45342  4.47%   548 4553s
H289146 226269                      37.8458763   36.45342  3.68%   548 4553s
 292710 237714   37.83237 1047  559   37.84588   36.45342  3.68%   546 4602s
 305113 240711     cutoff 1122        37.84588   36.45342  3.68%   541 4624s
 308208 243432     cutoff 1122        37.84588   36.45342  3.68%   542 4646s
 310997 244627     cutoff 1122        37.84588   36.45342  3.68%   544 4668s
 312232 249861     cutoff 1123        37.84588   36.45342  3.68%   546 4693s
 317942 252804     cutoff 1123        37.84588   36.45342  3.68%   543 4714s
 321231 255991     cutoff 1123        37.84588   36.45342  3.68%   544 4736s
 324480 259558     cutoff 1123        37.84588   36.45342  3.68%   545 4758s
 328102 263029     cutoff 1125        37.84588   36.45342  3.68%   545 4779s
 331599 266068     cutoff 1125        37.84588   36.45342  3.68%   544 4799s
 334778 268895     cutoff 1125        37.84588   36.45342  3.68%   544 4821s
 337638 269542     cutoff 1125        37.84588   36.45342  3.68%   544 4847s
 338304 272338     cutoff 1126        37.84588   36.45342  3.68%   546 4874s
 341154 273910     cutoff 1126        37.84588   36.45342  3.68%   547 4899s
 342768 274683     cutoff 1128        37.84588   36.45342  3.68%   550 4927s
 343585 275445     cutoff 1128        37.84588   36.45342  3.68%   555 4958s
 344393 277328     cutoff 1128        37.84588   36.45342  3.68%   560 4994s
 346328 280265     cutoff 1128        37.84588   36.45342  3.68%   564 5030s
 349319 282257     cutoff 1137        37.84588   36.45342  3.68%   567 5071s
 351687 284404   37.84576 1136  649   37.84588   36.45342  3.68%   571 5111s
H353899 286441                      37.8456844   36.45342  3.68%   574 5206s
H354498 285894                      37.8421036   36.45342  3.67%   573 5206s
 356269 289674   37.65111 1514  475   37.84210   36.45342  3.67%   573 5277s
 360463 291429   37.81662 1639  419   37.84210   36.45342  3.67%   576 5345s
H360636 291372                      37.8420176   36.45342  3.67%   577 5345s
H361230 291103                      37.8396702   36.45342  3.66%   578 5345s
 362409 295283     cutoff 1640        37.83967   36.45342  3.66%   578 5399s
 367357 295276     cutoff 1638        37.83967   36.45342  3.66%   580 5855s
H367358 295196                      37.8389207   36.45342  3.66%   580 5855s
H367404 294935                      37.8368506   36.45342  3.66%   580 5855s
 367423 295891   37.80914 1638  413   37.83685   36.45342  3.66%   581 5904s
 368553 296581     cutoff 1643        37.83685   36.45342  3.66%   584 6013s
H368554 296581                      37.8367751   36.45342  3.66%   584 6013s
H368565 296581                      37.8367504   36.45342  3.66%   584 6013s
H368613 296580                      37.8367341   36.45342  3.66%   584 6013s
H368616 296550                      37.8363256   36.45342  3.65%   584 6013s
H369253 296387                      37.8350808   36.45342  3.65%   584 6014s
 369263 301846   37.82406 1642  428   37.83508   36.45342  3.65%   584 6062s
 375242 306300   37.83213 1644  428   37.83508   36.45342  3.65%   585 6112s
 379982 311995     cutoff 1645        37.83508   36.45342  3.65%   586 6152s
 386008 315816   37.07312 1008  579   37.83508   36.45342  3.65%   584 6189s
 386858 315816   37.62329 1281  592   37.83508   36.45342  3.65%   584 6190s
 390186 316572   36.85678  820  760   37.83508   36.45342  3.65%   585 6224s
 391181 319102   37.04686  873  719   37.83508   36.45342  3.65%   588 6289s
H392204 305294                      37.6906959   36.45342  3.28%   589 6289s
 393839 315060   37.04686  874  718   37.69070   36.45342  3.28%   588 6333s
 404394 317657     cutoff 1065        37.69070   36.45342  3.28%   581 6359s
 407685 322380   37.34087  654  752   37.69070   36.45342  3.28%   578 6390s
 413235 325863     cutoff  901        37.69070   36.45342  3.28%   575 6418s
 417195 331120   37.66702  900  586   37.69070   36.45342  3.28%   574 6443s
 423050 334490   37.63836  898  586   37.69070   36.45342  3.28%   570 6470s
 427279 337888   37.68568  900  729   37.69070   36.45342  3.28%   568 6497s
 431323 340266     cutoff  901        37.69070   36.45342  3.28%   566 6518s
 434319 343925   37.66702  899  586   37.69070   36.45342  3.28%   566 6539s
 438546 347746   37.66702  900  582   37.69070   36.45342  3.28%   564 6558s
 442761 351020   37.63836  898  587   37.69070   36.45342  3.28%   562 6576s
 446265 354904     cutoff  901        37.69070   36.45342  3.28%   560 6602s
 450417 357906     cutoff  901        37.69070   36.45342  3.28%   558 6622s
 453618 360929     cutoff  901        37.69070   36.45342  3.28%   557 6642s
 457134 362855   37.64118  900  585   37.69070   36.45342  3.28%   556 6665s
 459306 365784   37.61299  898  584   37.69070   36.45342  3.28%   556 6689s
 462632 369571   37.61299  899  583   37.69070   36.45342  3.28%   556 6713s
 466707 370448     cutoff  901        37.69070   36.45342  3.28%   554 6734s
 467739 374028   37.64118  900  581   37.69070   36.45342  3.28%   556 6758s
H471550 373812                      37.6906571   36.45342  3.28%   555 7018s
H471552 373329                      37.6905569   36.45342  3.28%   555 7018s
H471558 372757                      37.6900652   36.45342  3.28%   555 7018s
H471559 372611                      37.6897247   36.45342  3.28%   555 7018s
H471587 372606                      37.6896886   36.45342  3.28%   555 7018s
 471591 373071   37.64118  900  586   37.68969   36.45342  3.28%   555 7039s
 472179 377785   37.64118  900  586   37.68969   36.45342  3.28%   557 7067s
 477255 381692   37.61299  898  585   37.68969   36.45342  3.28%   555 7093s
 481932 387049     cutoff  901        37.68969   36.45342  3.28%   553 7115s
 487599 387650   36.78732  597  738   37.68969   36.45342  3.28%   550 7133s
 488331 392193   36.80489  622  763   37.68969   36.45342  3.28%   551 7158s
 493297 395504   36.99814  831  817   37.68969   36.45342  3.28%   549 7178s
 496942 397380   37.55277  963  877   37.68969   36.45342  3.28%   548 7204s
 499335 402509   37.68754  974  895   37.68969   36.45342  3.28%   548 7227s
 504911 402546     cutoff  975        37.68969   36.45342  3.28%   546 7327s
H504912 401249                      37.6887493   36.45342  3.28%   546 7327s
H504926 401087                      37.6886544   36.45342  3.28%   546 7327s
 504972 401529     cutoff  975        37.68865   36.45342  3.28%   546 7345s
 505524 406373     cutoff  975        37.68865   36.45342  3.28%   546 7371s
 510885 408779     cutoff  974        37.68865   36.45342  3.28%   544 7427s
H510886 408779                      37.6886544   36.45342  3.28%   544 7428s
H510887 408779                      37.6886542   36.45342  3.28%   544 7428s
H512198 386618                      37.5754980   36.45342  2.99%   544 7428s
 513458 397588     cutoff  973        37.57550   36.45342  2.99%   543 7456s
 525529 400504   37.57146  817  803   37.57550   36.45342  2.99%   535 7478s
 528824 403485   36.52525  438  695   37.57550   36.45342  2.99%   534 7495s
 532103 406370   36.59993  518  712   37.57550   36.45342  2.99%   533 7510s
 535369 408968   36.61711  587  676   37.57550   36.45342  2.99%   532 7528s
 538420 410951   36.68675  588  686   37.57550   36.45342  2.99%   532 7546s
 540842 414422   36.68360  589  687   37.57550   36.45342  2.99%   532 7567s
 544800 419229   36.68392  601  679   37.57550   36.45342  2.99%   532 7591s
 549990 422242   36.69137  605  775   37.57550   36.45342  2.99%   531 7611s
 553311 422749   36.68760  605  754   37.57550   36.45342  2.99%   531 7630s
 554001 425858   36.68758  605  793   37.57550   36.45342  2.99%   532 7650s
 557664 428833   36.69870  605  732   37.57550   36.45342  2.99%   532 7674s
 560938 432291   36.69755  605  755   37.57550   36.45342  2.99%   532 7697s
 564863 435829   36.70169  605  725   37.57550   36.45342  2.99%   531 7721s
 568650 440388   36.70121  605  754   37.57550   36.45342  2.99%   531 7749s
 573556 440620   36.70121  605  743   37.57550   36.45342  2.99%   530 7772s
 573920 447094   36.86266  606  955   37.57550   36.45342  2.99%   531 7797s
 580820 451780   36.83594  606  856   37.57550   36.45342  2.99%   528 7815s
 585716 454234   36.83855  606  901   37.57550   36.45342  2.99%   527 7842s
 588541 458420   36.83103  606  959   37.57550   36.45342  2.99%   527 7865s
 593296 461819   36.85224  606  975   37.57550   36.45342  2.99%   525 7899s
 597220 466271   36.82143  606  903   37.57550   36.45342  2.99%   525 7923s
 602452 469439   36.84982  606  840   37.57550   36.45342  2.99%   523 7944s
 606198 471734   36.85756  606 1251   37.57550   36.45342  2.99%   522 7966s
 608882 474754   36.89223  606  737   37.57550   36.45342  2.99%   522 7987s
 612563 477455   36.84393  606  828   37.57550   36.45342  2.99%   522 8009s
 615742 479198   36.83629  606  876   37.57550   36.45342  2.99%   522 8031s
 617891 479224   36.87183  606  756   37.57550   36.45342  2.99%   523 8466s
H617892 479112                      37.5754607   36.45342  2.99%   523 8467s
H617903 477848                      37.5751243   36.45342  2.99%   523 8467s
H617921 477394                      37.5748276   36.45342  2.98%   523 8467s
H617926 477393                      37.5748131   36.45342  2.98%   523 8467s
 617929 478340   36.87065  606  774   37.57481   36.45342  2.98%   523 8497s
 619193 478819   36.85369  606  923   37.57481   36.45342  2.98%   524 8560s
H619258 478817                      37.5747963   36.45342  2.98%   524 8560s
H619440 478815                      37.5747960   36.45342  2.98%   525 8560s
 619787 484947   36.88171  606  815   37.57480   36.45342  2.98%   525 8592s
 626515 485775   36.95257  644  732   37.57480   36.45342  2.98%   523 8617s
 627593 491878   36.95261  650  724   37.57480   36.45342  2.98%   524 8647s
 633955 497805   36.98549  759  716   37.57480   36.45342  2.98%   523 8675s
 640674 501986   36.97231  764  647   37.57480   36.45342  2.98%   520 8696s
 645290 506220   36.97254  772  640   37.57480   36.45342  2.98%   519 8716s
 649846 510492   36.98202  781  635   37.57480   36.45342  2.98%   517 8734s
 654495 514195   36.97769  804  641   37.57480   36.45342  2.98%   515 8754s
 658511 516676   36.99791  839  596   37.57480   36.45342  2.98%   514 8777s
 661364 520472   36.99709  862  608   37.57480   36.45342  2.98%   513 8805s
 665386 523643   37.04693  863  626   37.57480   36.45342  2.98%   512 8828s
 669025 526133   37.04788  863  640   37.57480   36.45342  2.98%   512 8845s
 671892 528823   37.05583  864  676   37.57480   36.45342  2.98%   511 8868s
 674960 533210   37.05930  864  664   37.57480   36.45342  2.98%   511 8895s
 679841 536908   37.11317  868  664   37.57480   36.45342  2.98%   510 8918s
 683981 539924   37.12012  870  674   37.57480   36.45342  2.98%   509 8941s
 687248 542328   37.15864  869  667   37.57480   36.45342  2.98%   510 8965s
 689928 545061   37.07295  865  644   37.57480   36.45342  2.98%   510 8986s
 693015 545970   37.16670  871  676   37.57480   36.45342  2.98%   510 9009s
 694141 550701   37.21283  873  651   37.57480   36.45342  2.98%   512 9036s
 699208 555124   37.21963  898  625   37.57480   36.45342  2.98%   511 9072s
 703941 557651   37.21940  898  626   37.57480   36.45342  2.98%   510 9098s
 706832 560747   37.24149  899  647   37.57480   36.45342  2.98%   510 9129s
 710271 564262   37.24345  899  640   37.57480   36.45342  2.98%   511 9152s
 714163 564872   37.27343  952  596   37.57480   36.45342  2.98%   510 9178s
 715473 572247   37.27037  955  605   37.57480   36.45342  2.98%   512 9214s
 723508 577131   37.27645  956  643   37.57480   36.45342  2.98%   510 9238s
H728706 576574                      37.5746964   36.45342  2.98%   510 9570s
 728758 576839   37.31218  959  662   37.57470   36.45342  2.98%   510 9594s
 729238 578099   37.30493  962  660   37.57470   36.45342  2.98%   511 9679s
H729306 578064                      37.5746647   36.45342  2.98%   511 9680s
H729336 577575                      37.5744215   36.45342  2.98%   511 9680s
H730338 577048                      37.5741710   36.45342  2.98%   511 9680s
 730546 584723   37.31584  971  660   37.57417   36.45342  2.98%   511 9712s
 738762 588556   37.35037 1045  594   37.57417   36.45342  2.98%   509 9769s
H739555 586314                      37.5717352   36.45342  2.98%   509 9769s
 742829 594056   37.33474 1050  598   37.57174   36.45342  2.98%   508 9797s
 751107 596933   37.35220 1053  598   37.57174   36.45342  2.98%   505 9816s
 754167 599457   37.36220 1058  599   37.57174   36.45342  2.98%   505 9842s
 757291 603499   37.34788 1055  597   37.57174   36.45342  2.98%   505 9864s
 761787 608437   37.42027 1080  645   37.57174   36.45342  2.98%   505 9886s
 767323 609354   37.42473 1082  622   37.57174   36.45342  2.98%   503 9908s
 768556 613687   37.37335 1078  598   37.57174   36.45342  2.98%   504 9933s
 773369 616890   37.40725 1081  647   37.57174   36.45342  2.98%   503 9955s
 777079 618828   37.48180 1082  641   37.57174   36.45342  2.98%   503 9977s
 779246 622705   37.41864 1086  655   37.57174   36.45342  2.98%   504 10001s
 783493 623638   37.46830 1120  618   37.57174   36.45342  2.98%   504 10025s
 784654 628088   37.47332 1160  570   37.57174   36.45342  2.98%   505 10054s
 789445 630284   37.49321 1181  590   37.57174   36.45342  2.98%   505 10121s
H790940 609252                      37.5337156   36.45342  2.88%   505 10122s
 791847 610013   37.48798 1183  596   37.53372   36.45342  2.88%   505 10152s
 793490 615740   37.49343 1183  599   37.53372   36.45342  2.88%   506 10231s
H793511 615740                      37.5337050   36.45342  2.88%   506 10231s
H793519 615740                      37.5337050   36.45342  2.88%   506 10231s
H796220 615740                      37.5337049   36.45342  2.88%   506 10231s
H796243 615740                      37.5337004   36.45342  2.88%   506 10231s
H796244 615738                      37.5336913   36.45342  2.88%   506 10231s
H799596 615572                      37.5333726   36.45342  2.88%   505 10232s
 799846 620868   37.49966 1183  570   37.53337   36.45342  2.88%   505 10263s
 805831 624433   37.50557 1183  578   37.53337   36.45342  2.88%   504 10291s
 810114 628303   37.50764 1183  597   37.53337   36.45342  2.88%   504 10345s
H811456 628273                      37.5332691   36.45342  2.88%   504 10345s
 814787 628637     cutoff 1184        37.53327   36.45342  2.88%   503 10442s
H814788 628637                      37.5332599   36.45342  2.88%   503 10442s
H814792 628637                      37.5332598   36.45342  2.88%   504 10442s
H815008 628637                      37.5332552   36.45342  2.88%   503 10442s
H815058 627749                      37.5317223   36.45342  2.87%   503 10443s
 815230 631962     cutoff 1184        37.53172   36.45342  2.87%   504 10476s
 819927 635818   37.51963 1183  588   37.53172   36.45342  2.87%   504 10507s
 824302 636234     cutoff 1184        37.53172   36.45436  2.87%   504 10535s
 825030 641708   36.65526  232  935   37.53172   36.45436  2.87%   505 10572s
 830923 644074   36.91190  654  966   37.53172   36.45436  2.87%   505 10600s
 833761 647913   36.93071  692  887   37.53172   36.45436  2.87%   506 10637s
 837849 654333   36.95169  752  928   37.53172   36.45436  2.87%   506 10668s
 844706 658430   37.44969  910  861   37.53172   36.45436  2.87%   505 10700s
H849364 658449                      37.5317213   36.45436  2.87%   505 10926s
H849369 658421                      37.5317183   36.45436  2.87%   505 10926s
H849372 658371                      37.5316933   36.45436  2.87%   505 10926s
H849380 658153                      37.5316802   36.45436  2.87%   505 10926s
 849396 658947   36.62457  640  822   37.53168   36.45436  2.87%   505 10951s
 850309 666260   36.72419  681  837   37.53168   36.45436  2.87%   506 10983s
 857981 670294   37.50257  871  816   37.53168   36.45449  2.87%   504 11011s
 862482 672612   37.27779  811  828   37.53168   36.45449  2.87%   504 11073s
 865160 676070   37.52057 1308  659   37.53168   36.45449  2.87%   504 11103s
 869013 679351   37.17501  660  811   37.53168   36.45449  2.87%   504 11135s
 872733 679381   37.14837  594  829   37.53168   36.45449  2.87%   505 11251s
H872734 679381                      37.5316801   36.45449  2.87%   505 11251s
H872739 679381                      37.5316801   36.45449  2.87%   505 11251s
H872747 679381                      37.5316801   36.45449  2.87%   505 11251s
H872752 679381                      37.5316787   36.45449  2.87%   505 11251s
H872764 679379                      37.5316747   36.45449  2.87%   505 11251s
 872782 682668   37.14837  595  829   37.53167   36.45449  2.87%   505 11284s
 876681 691266   37.47583  777  854   37.53167   36.45449  2.87%   505 11317s
 886032 694384     cutoff  794        37.53167   36.45449  2.87%   503 11344s
 889641 699171     cutoff  902        37.53167   36.45449  2.87%   502 11372s
 895076 701320     cutoff  902        37.53167   36.45449  2.87%   501 11397s
 897658 705103   37.45453  901  870   37.53167   36.45449  2.87%   502 11423s
 902039 708785   37.45063  901  874   37.53167   36.45449  2.87%   502 11451s
 906126 709653     cutoff  905        37.53167   36.45449  2.87%   502 11477s
 907342 715268     cutoff  905        37.53167   36.45449  2.87%   503 11506s
 913672 719246   37.45063  899  875   37.53167   36.45449  2.87%   502 11534s
 917981 725308     cutoff  904        37.53167   36.45449  2.87%   502 11560s
 924893 730733   36.58656  204  895   37.53167   36.45449  2.87%   501 11587s
 930806 733290   36.74945  530  917   37.53167   36.45449  2.87%   500 11607s
 933568 735478   36.81721  549  914   37.53167   36.45449  2.87%   500 11636s
 936158 740170   36.83256  551  950   37.53167   36.45449  2.87%   501 11660s
 941313 743496   36.87210  678  755   37.53167   36.45449  2.87%   500 11682s
 944898 746965   36.92933  715  666   37.53167   36.45449  2.87%   500 11703s
 948880 747495   36.93629  715  716   37.53167   36.45449  2.87%   499 11755s
 949784 753877   36.95332  715  704   37.53167   36.45449  2.87%   500 11788s
 956659 757453   36.94735  719  697   37.53167   36.45449  2.87%   499 11814s
 960730 760896   36.95528  718  694   37.53167   36.45449  2.87%   498 11838s
H964582 760769                      37.5316729   36.45449  2.87%   498 12365s
H964584 760769                      37.5316729   36.45449  2.87%   498 12365s
H964586 760744                      37.5316692   36.45449  2.87%   498 12365s
H964600 760735                      37.5316635   36.45449  2.87%   498 12365s
H964604 759034                      37.5312631   36.45449  2.87%   498 12365s
 964618 760147   36.95528  720  690   37.53126   36.45449  2.87%   498 12398s
 966023 762154     cutoff  721        37.53126   36.45449  2.87%   499 12458s
H966684 737425                      37.5003510   36.45449  2.79%   499 12459s
 968147 738812     cutoff  722        37.50035   36.45449  2.79%   499 12487s
 969854 749067     cutoff  722        37.50035   36.45449  2.79%   499 12537s
 981031 755131   37.15767  759  751   37.50035   36.45449  2.79%   496 12567s
 987721 758517   37.15622  760  752   37.50035   36.45449  2.79%   495 12592s
 991418 761527   37.15970  776  706   37.50035   36.45449  2.79%   495 12620s
 994793 766078   37.18461  830  710   37.50035   36.45449  2.79%   495 12648s
 999865 772463   37.18522  842  715   37.50035   36.45449  2.79%   495 12677s
 1007212 775671   37.22327  864  690   37.50035   36.45449  2.79%   493 12702s
H1010842 776325                      37.5003510   36.45449  2.79%   492 12784s
H1010843 776302                      37.5003284   36.45449  2.79%   492 12784s
H1010844 776302                      37.5003281   36.45449  2.79%   492 12784s
H1010862 776300                      37.5003273   36.45449  2.79%   492 12784s
H1011136 776300                      37.5003243   36.45449  2.79%   492 12784s
H1011568 776286                      37.5003043   36.45449  2.79%   492 12784s
 1011584 781541   37.31669  929  688   37.50030   36.45449  2.79%   492 12809s
 1017445 785820   37.25728 1023  604   37.50030   36.45449  2.79%   491 12830s
 1022265 789934   37.31373 1023  607   37.50030   36.45449  2.79%   490 12854s
 1027188 793343   37.31669 1029  639   37.50030   36.45449  2.79%   490 12877s
 1031094 797804   37.32270 1032  616   37.50030   36.45449  2.79%   490 12899s
 1035965 802914   37.33525 1032  612   37.50030   36.45449  2.79%   489 12925s
 1041618 807384   37.33526 1031  640   37.50030   36.45449  2.79%   488 12947s
 1046783 810938   37.34044 1031  628   37.50030   36.45449  2.79%   487 12966s
 1050855 814790   37.38988 1058  652   37.50030   36.45449  2.79%   486 12988s
 1055439 818203   37.40224 1060  641   37.50030   36.45449  2.79%   486 13011s
 1059353 821231   37.38129 1059  602   37.50030   36.45449  2.79%   486 13040s
 1062774 826436   37.39405 1059  613   37.50030   36.45449  2.79%   486 13069s
 1068331 831052   37.41791 1072  649   37.50030   36.45449  2.79%   485 13097s
 1073300 831407   37.43498 1083  655   37.50030   36.45449  2.79%   485 13121s
 1073829 836982   37.43923 1084  656   37.50030   36.45449  2.79%   485 13152s
 1079871 842032   37.47056 1147  662   37.50030   36.45449  2.79%   484 13175s
 1085171 844818   37.46292 1147  636   37.50030   36.45449  2.79%   483 13199s
 1088297 847867   37.45435 1145  635   37.50030   36.45449  2.79%   484 13224s
 1091736 850557   37.48727 1149  647   37.50030   36.45449  2.79%   484 13250s
 1094901 854278   37.48501 1149  643   37.50030   36.45449  2.79%   484 13275s
 1098927 854294   36.94151  522  879   37.50030   36.45449  2.79%   485 13385s
H1098930 854294                      37.5003043   36.45449  2.79%   485 13385s
H1098939 854294                      37.5003043   36.45449  2.79%   485 13385s
H1098948 853244                      37.4998900   36.45449  2.79%   485 13385s
H1098975 852847                      37.4995038   36.45449  2.79%   485 13385s
 1098977 857552   36.97317  523  907   37.49950   36.45449  2.79%   485 13417s
 1103983 858324     cutoff  913        37.49950   36.45449  2.79%   485 13445s
 1104907 865240   37.49421  916  851   37.49950   36.45449  2.79%   486 13473s
 1112123 871356   37.03623  831  906   37.49950   36.45449  2.79%   485 13496s
 1118564 872261   37.37414 1496  577   37.49950   36.45449  2.79%   484 13556s
H1118771 872261                      37.4995037   36.45449  2.79%   484 13556s
H1119479 872281                      37.4995020   36.45449  2.79%   484 13970s
H1119481 872274                      37.4994919   36.45449  2.79%   484 13970s
H1119511 872267                      37.4994855   36.45449  2.79%   485 13970s
 1119519 873364   37.40280 1542  558   37.49949   36.45449  2.79%   485 13998s
 1120816 879763   37.41626 1605  535   37.49949   36.45449  2.79%   486 14028s
 1128169 881676     cutoff 1745        37.49949   36.45449  2.79%   485 14055s
 1130484 887798     cutoff 1745        37.49949   36.45449  2.79%   485 14085s
 1137180 891416     cutoff 1745        37.49949   36.45449  2.79%   485 14116s
 1141310 895724   37.48637 1744  481   37.49949   36.45449  2.79%   485 14142s
 1146094 899873     cutoff 1745        37.49949   36.45449  2.79%   485 14180s
 1150698 901472     cutoff 1744        37.49949   36.45449  2.79%   485 14205s
 1152569 906471     cutoff 1745        37.49949   36.45449  2.79%   485 14246s
 1157929 910827     cutoff 1746        37.49949   36.45449  2.79%   485 14273s
 1162663 917072   37.49756 1744  498   37.49949   36.45449  2.79%   485 14307s
 1169417 923387   37.29866 1159  737   37.49949   36.45449  2.79%   485 14335s
 1176073 928578   37.18496  547  823   37.49949   36.45449  2.79%   483 14364s
 1181846 933162   36.54711  277  830   37.49949   36.45449  2.79%   483 14385s
 1186638 934049   36.97078  538  822   37.49949   36.45449  2.79%   482 14405s
 1187705 936887   36.97078  546  855   37.49949   36.45449  2.79%   483 14432s
 1190819 939885   36.97078  551  812   37.49949   36.45449  2.79%   483 14465s
 1194250 943047   36.97734  552  932   37.49949   36.45449  2.79%   484 14494s
 1197681 943262   36.97647  552 1063   37.49949   36.45449  2.79%   484 14592s
H1197682 943262                      37.4994855   36.45449  2.79%   484 14592s
H1197687 943262                      37.4994855   36.45449  2.79%   484 14592s
H1197712 943258                      37.4994783   36.45449  2.79%   484 14592s
H1197788 943010                      37.4993807   36.45449  2.79%   485 14593s
 1198054 943899   36.97078  550  819   37.49938   36.45449  2.79%   485 14622s
 1199342 949077   36.97078  551  815   37.49938   36.45449  2.79%   486 14664s
H1205465 936635                      37.4882391   36.45449  2.76%   486 14737s
 1208426 943584   36.97078  551  817   37.48824   36.45449  2.76%   486 14777s
 1216387 951010   36.97078  550  823   37.48824   36.45449  2.76%   486 14815s
 1224867 958005   36.97661  552  948   37.48824   36.45449  2.76%   485 14861s
 1232516 963666   36.97078  549  834   37.48824   36.45449  2.76%   484 14889s
 1239176 964567   36.97078  550  820   37.48824   36.45449  2.76%   483 14917s
 1240510 972975   36.97078  551  835   37.48824   36.45449  2.76%   484 14948s
 1249443 976588   36.97078  551  842   37.48824   36.45449  2.76%   482 14974s
 1253460 981246   36.97078  549  826   37.48824   36.45449  2.76%   482 15001s
 1258837 985320   36.97822  552  968   37.48824   36.45449  2.76%   482 15027s
 1263330 989218   36.97078  550  817   37.48824   36.45449  2.76%   481 15053s
 1267611 993096   36.97078  551  813   37.48824   36.45449  2.76%   481 15077s
 1271758 999376   36.97078  549  839   37.48824   36.45449  2.76%   481 15106s
H1278697 1000314                      37.4882334   36.45449  2.76%   480 15181s
H1278708 1000176                      37.4882015   36.45449  2.76%   480 15181s
H1279800 1000181                      37.4882015   36.45449  2.76%   480 15467s
H1279819 1000181                      37.4882014   36.45449  2.76%   480 15467s
H1279821 1000181                      37.4882014   36.45449  2.76%   480 15467s
H1279823 1000181                      37.4882014   36.45449  2.76%   480 15468s
H1279825 1000165                      37.4881846   36.45449  2.76%   480 15468s
H1279847 1000111                      37.4881545   36.45449  2.76%   480 15468s
 1279855 1001268   36.97078  550  825   37.48815   36.45449  2.76%   480 15492s
 1281600 1007002   36.97078  551  839   37.48815   36.45449  2.76%   481 15524s
 1288262 1008937   36.97603  552  974   37.48815   36.45449  2.76%   480 15585s
H1288332 1008937                      37.4881545   36.45449  2.76%   480 15586s
 1290662 1009946   36.97078  551  819   37.48815   36.45449  2.76%   480 15681s
H1290675 1009766                      37.4880654   36.45449  2.76%   480 15682s
H1290861 1009757                      37.4880565   36.45449  2.76%   480 15682s
 1291956 1012344   36.97078  550  800   37.48806   36.45449  2.76%   480 15722s
 1295878 1022688   36.97078  549  844   37.48806   36.45449  2.76%   480 15780s
 1307235 1027730   36.97078  551  849   37.48806   36.45449  2.76%   479 15815s
 1312823 1032653   36.97296  552  969   37.48806   36.45449  2.76%   479 15847s
 1318120 1036827   36.98282  569  882   37.48806   36.45449  2.76%   479 15881s
 1322836 1042613   37.02300  732  814   37.48806   36.45449  2.76%   480 15912s
 1329326 1044945   37.11229  763  800   37.48806   36.45449  2.76%   479 15942s
 1332249 1047883   37.15433  764  813   37.48806   36.45449  2.76%   480 15977s
 1335832 1054534   37.13064  764  848   37.48806   36.45449  2.76%   480 16015s

Resetting heuristic parameters to focus on improving solution
(using Heuristics=0.5 and RINS=10)...

 1342926 1054581   37.14067  764  837   37.48806   36.45449  2.76%   480 16133s
H1342932 1054581                      37.4880554   36.45449  2.76%   480 16133s
H1342936 1054569                      37.4880455   36.45449  2.76%   480 16133s
H1342981 1053884                      37.4880362   36.45449  2.76%   480 16133s
H1342996 1051137                      37.4871525   36.45449  2.75%   480 16133s
H1343001 1048415                      37.4859672   36.45449  2.75%   480 16133s
 1343011 1065671   37.32661  764  833   37.48597   36.45536  2.75%   480 18000s
H1343014 1065671                      37.4859672   36.45536  2.75%   480 18000s
H1343032 1065671                      37.4859668   36.45536  2.75%   480 18000s
H1343070 1065671                      37.4859666   36.45536  2.75%   480 18000s
H1343270 1064207                      37.4851897   36.45536  2.75%   480 18000s
H1343429 1049172                      37.4734214   36.45536  2.72%   480 18000s
H1349860 1048991                      37.4732419   36.45536  2.72%   479 18001s
H1352487 1045848                      37.4704081   36.45536  2.71%   478 18001s

Cutting planes:
  Gomory: 1
  Cover: 9
  Implied bound: 13
  MIR: 2206
  Flow cover: 1568
  Relax-and-lift: 6

Explored 1364755 nodes (650270884 simplex iterations) in 18001.38 seconds (45523.07 work units)
Thread count was 32 (of 96 available processors)

Solution count 10: 37.4704 37.4732 37.4734 ... 37.488

Time limit reached
Best objective 3.747040810184e+01, best bound 3.645535975294e+01, gap 2.7089%
