
Gurobi 9.5.0 (win64) logging started Fri Aug  5 19:58:08 2022

Set parameter LogFile to value "C:\Users\kmajd1\Documents\NNRepLayer_v2\demos\walking_example\dynamic_constraint\repair_net/logs/opt_log_8_5_2022_19_53_19.log"
Gurobi Optimizer version 9.5.0 build v9.5.0rc5 (win64)
Thread count: 8 physical cores, 16 logical processors, using up to 16 threads
Optimize a model with 137514 rows, 85903 columns and 2248746 nonzeros
Model fingerprint: 0x4c1ee565
Model has 270 quadratic objective terms
Variable types: 51343 continuous, 34560 integer (34560 binary)
Coefficient statistics:
  Matrix range     [3e-05, 2e+02]
  Objective range  [1e-02, 1e+00]
  QObjective range [7e-02, 7e-02]
  Bounds range     [1e-04, 7e+02]
  RHS range        [2e-05, 2e+02]
Presolve removed 1820 rows and 640 columns (presolve time = 5s) ...
Presolve removed 1820 rows and 640 columns (presolve time = 10s) ...
Presolve removed 1820 rows and 640 columns
Presolve time: 10.03s
Presolved: 135694 rows, 85263 columns, 2245674 nonzeros
Presolved model has 270 quadratic objective terms
Variable types: 50703 continuous, 34560 integer (34560 binary)
Root relaxation presolve removed 34560 rows and 34560 columns (presolve time = 5s) ...
Root relaxation presolve removed 34560 rows and 34560 columns (presolve time = 10s) ...
Root relaxation presolve removed 34560 rows and 34560 columns
Root relaxation presolved: 101134 rows, 50703 columns, 2141994 nonzeros
Root relaxation presolved model has 270 quadratic objective terms


Root simplex log...

Iteration    Objective       Primal Inf.    Dual Inf.      Time
       0    2.9758405e+01   0.000000e+00   0.000000e+00     27s
   42143    2.9758405e+01   0.000000e+00   0.000000e+00     30s
   42143    2.9758405e+01   0.000000e+00   0.000000e+00     30s

Root relaxation: objective 2.975840e+01, 42143 iterations, 17.39 seconds (39.03 work units)

    Nodes    |    Current Node    |     Objective Bounds      |     Work
 Expl Unexpl |  Obj  Depth IntInf | Incumbent    BestBd   Gap | It/Node Time

     0     0   29.75840    0 1891          -   29.75840      -     -   35s
     0     0   29.75840    0 1891          -   29.75840      -     -  154s
     0     2   29.75840    0 1891          -   29.75840      -     -  310s
     1     4   29.75840    1 1891          -   29.75840      -   3.0  380s
     3     8   29.75840    2 1891          -   29.75840      -  2150  465s
     7    16   29.93976    3 2087          -   29.75840      -  3580  488s
    15    24   29.93976    4 2087          -   29.75840      -  2151  491s
    39    48   29.93976    7 2036          -   29.75840      -   851  495s
    63    72   29.93976   10 1982          -   29.75840      -   556  500s
    95   109   29.93976   14 1980          -   29.75840      -   379  507s
   108   123   29.93976   16 1978          -   29.75840      -   339  548s
   122   138   29.93976   18 1978          -   29.75840      -   788  551s
   153   170   29.93976   22 1975          -   29.75840      -   640  555s
   199   215   29.93976   28 1972          -   29.75840      -   500  562s
   214   237   29.93976   30 1964          -   29.75840      -   470  565s
   256   274   29.93976   35 1921          -   29.75840      -   403  571s
   291   311   29.93976   37 1945          -   29.75840      -   365  577s
   310   342   29.93976   39 1945          -   29.75840      -   346  582s
   341   377   29.93976   43 1938          -   29.75840      -   320  587s
   376   415   29.93976   46 1939          -   29.75840      -   292  591s
   414   454   29.93976   51 1934          -   29.75840      -   267  596s
   453   494   29.93976   56 1927          -   29.75840      -   246  601s
   493   537   29.93976   61 1921          -   29.75840      -   228  606s
   536   583   29.93976   65 1913          -   29.75840      -   211  612s
   582   626   29.93976   71 1911          -   29.75840      -   196  617s
   625   673   29.93976   76 1905          -   29.75840      -   185  622s
   672   717   29.93976   82 1900          -   29.75840      -   174  628s
   716   768   29.93976   86 1891          -   29.75840      -   168  634s
   767   836   29.93976   93 1889          -   29.75840      -   158  638s
   835   919   29.93976  100 1896          -   29.75840      -   151  642s
   918  1020   29.93976  105 1896          -   29.75840      -   141  647s
  1019  1125   29.93976  117 1893          -   29.75840      -   134  651s
  1124  1224   29.93976  132 1880          -   29.75840      -   123  656s
  1223  1341   29.93976  142 1876          -   29.75840      -   114  662s
  1340  1467   29.93976  160 1866          -   29.75840      -   110  667s
  1466  1592   29.93976  178 1856          -   29.75840      -   103  674s
  1591  1718   29.93976  196 1858          -   29.75840      -  97.3  680s
  1717  1845   29.93976  214 1866          -   29.75840      -  94.5  686s
  1844  1988   29.93976  232 1833          -   29.75840      -  91.4  693s
  1987  2117   29.93976  253 1831          -   29.75840      -  89.2  702s
  2116  2286   29.93976  276 1851          -   29.75840      -   115  709s
  2285  2432   29.93976  294 1845          -   29.75840      -   108  717s
  2431  2585   29.93976  313 1841          -   29.75840      -   107  724s
  2584  2766   29.93976  329 1866          -   29.75840      -   103  732s
  2765  2897   29.93976  352 1858          -   29.75840      -  99.4  740s
  2896  3088   29.94861  373 1914          -   29.75840      -   101  749s
  3087  3286   29.94861  392 1927          -   29.75840      -  97.3  758s
  3285  3465   29.94861  417 1908          -   29.75840      -  95.0  768s
  3464  3690   29.94861  440 1899          -   29.75840      -  94.2  793s
  3689  3834   29.94861  474 1875          -   29.75840      -  93.9  805s
  3833  4012   29.94861  506 1869          -   29.75840      -  98.1  870s
  4011  4203   29.94861  533 1849          -   29.75840      -   110  896s
  4202  4419   29.94861  534 1851          -   29.75840      -   111  909s
  4418  4686   29.96377  542 2020          -   29.75840      -   112  947s
  4685  4914   29.94861  551 1865          -   29.75840      -   112  965s
  4913  5159   30.11380  565 2865          -   29.75840      -   131 1020s
  5158  5414   29.94861  565 1850          -   29.75840      -   130 1038s
  5413  5626   29.94861  595 1864          -   29.75840      -   135 1084s
  5625  5892   29.94861  609 1868          -   29.75840      -   148 1102s
  5891  6192   29.94861  636 1866          -   29.75840      -   155 1121s
  6191  6294   29.94861  695 1830          -   29.75840      -   154 1149s
  6293  6550   29.94861  724 1802          -   29.75840      -   193 1166s
  6549  6878   29.94861  745 1819          -   29.75840      -   199 1188s
  6877  7094   29.94861  778 1828          -   29.75840      -   198 1232s
  7093  7410   29.94861  781 1846          -   29.75840      -   203 1251s
  7410  7411   29.93976   84 1891          -   29.75840      -   206 1264s
  7411  7412   29.92891  741 1891          -   29.75840      -   206 1266s
  7412  7412   29.94716  448 1891          -   29.75840      -   206 1393s
  7414  7414   30.15741  301 1891          -   29.75840      -   206 1666s
  7415  7417   29.75840   14 1891          -   29.75840      -   211 1696s
H 7416  7046                      99.9379657   29.75840  70.2%   211 1696s
H 7417  6698                      77.2863111   29.75840  61.5%   211 1998s
H 7418  6362                      75.0053656   29.75840  60.3%   211 1998s
  7421  6369   29.76815   16 1800   75.00537   29.75840  60.3%   212 2025s
  7437  6380   29.84690   17 1612   75.00537   29.75840  60.3%   213 2034s
  7445  6385   29.76815   18 1799   75.00537   29.75840  60.3%   213 2035s
  7453  6391   29.77307   18 1751   75.00537   29.75840  60.3%   213 2074s
  7461  6399   29.76815   19 1798   75.00537   29.75840  60.3%   220 2078s
  7472  6409   29.77452   20 1740   75.00537   29.75840  60.3%   220 2083s
  7486  6421   29.76815   20 1797   75.00537   29.75840  60.3%   220 2085s
  7516  6438   29.76815   22 1796   75.00537   29.75840  60.3%   219 2107s
  7529  6447   29.76815   23 1795   75.00537   29.75840  60.3%   220 2119s
  7543  6461   29.76815   24 1791   75.00537   29.75840  60.3%   220 2127s
  7561  6475   29.90740   24 1875   75.00537   29.75840  60.3%   221 2132s
  7581  6490   29.76815   25 1790   75.00537   29.75840  60.3%   220 2145s
  7603  6500   29.76815   26 1780   75.00537   29.75840  60.3%   221 2151s
  7620  6513   29.93976   26 1517   75.00537   29.75840  60.3%   222 2165s
  7639  6529   29.76815   27 1777   75.00537   29.75840  60.3%   222 2177s
  7661  6550   29.76815   28 1777   75.00537   29.75840  60.3%   223 2202s
  7690  6571   29.76815   29 1782   75.00537   29.75840  60.3%   223 2221s
  7720  6593   29.76815   30 1779   75.00537   29.75840  60.3%   223 2234s
  7752  6621   29.76815   31 1780   75.00537   29.75840  60.3%   224 2245s
  7791  6643   29.78262   32 1675   75.00537   29.75840  60.3%   223 2378s
  7826  6681   29.76815   33 1780   75.00537   29.75840  60.3%   225 2389s
  7876  6708   29.87325   35 1973   75.00537   29.75840  60.3%   226 2415s
  7919  6738   29.76815   35 1777   75.00537   29.75840  60.3%   225 2444s
  7964  6769   29.76815   37 1767   75.00537   29.75840  60.3%   234 2456s
  8010  6819   29.76815   38 1767   75.00537   29.75840  60.3%   235 2468s
  8075  6865   29.90410   40 1972   75.00537   29.75840  60.3%   236 2480s
  8143  6929   29.76815   42 1766   75.00537   29.75840  60.3%   237 2491s
  8229  6976   30.01390   46 1818   75.00537   29.75840  60.3%   238 2503s
  8305  7031   29.76815   48 1763   75.00537   29.75840  60.3%   237 2518s
H 8385  6694                      74.9841783   29.75840  60.3%   238 2542s
H 8386  6392                      74.9841782   29.75840  60.3%   238 2542s
H 8389  6104                      74.9841781   29.75840  60.3%   238 2542s
  8393  6182   29.94565   51 2015   74.98418   29.75840  60.3%   238 2557s
  8473  6242   29.76815   54 1759   74.98418   29.75840  60.3%   239 2590s
  8559  6286   29.76815   57 1770   74.98418   29.75840  60.3%   242 2689s
  8632  6367   29.76815   59 1769   74.98418   29.75840  60.3%   252 2721s
  8737  6461   29.76815   62 1766   74.98418   29.75840  60.3%   252 2741s
  8866  6534   29.76815   63 1763   74.98418   29.75840  60.3%   252 2762s
  8982  6621   29.76815   65 1760   74.98418   29.75840  60.3%   254 2781s
  9108  6673   29.76815   71 1750   74.98418   29.75840  60.3%   257 2869s
  9171  6652   29.99871  297 1527   74.98418   29.75840  60.3%   260 2870s
  9202  6774   29.76815   72 1749   74.98418   29.75840  60.3%   260 3060s
  9334  6873   29.76815   74 1746   74.98418   29.75840  60.3%   270 3088s
  9477  6979   29.76815   79 1729   74.98418   29.75840  60.3%   272 3115s
  9631  7094   29.80236   84 1636   74.98418   29.75840  60.3%   273 3141s
  9797  7197   29.85522   91 1532   74.98418   29.75840  60.3%   274 3181s
  9956  7286   29.76815   95 1721   74.98418   29.75840  60.3%   275 3224s
 10098  7398   30.01017   99 2259   74.98418   29.75840  60.3%   288 3259s
 10257  7497   29.76815  103 1717   74.98418   29.75840  60.3%   290 3355s
 10409  7627   30.01520  107 2008   74.98418   29.75840  60.3%   298 3394s
 10590  7698   29.76815  112 1713   74.98418   29.75840  60.3%   298 3535s
 10721  7815   29.88604  121 1754   74.98418   29.75840  60.3%   316 3582s
 10882  7918   29.76815  129 1759   74.98418   29.75840  60.3%   318 3669s
H11038  7602                      71.5699787   29.75840  58.4%   327 4431s
 11046  7761   29.81688  135 1620   71.56998   29.75840  58.4%   327 4551s
 11208  7952   29.76815  139 1760   71.56998   29.75840  58.4%   347 4596s
 11453  8067   29.76815  147 1740   71.56998   29.75840  58.4%   348 4644s
 11650  8164   29.76815  153 1739   71.56998   29.75840  58.4%   375 4729s
 11812  8372   29.76815  160 1773   71.56998   29.75840  58.4%   402 4788s
 12074  8370   29.76815  169 1762   71.56998   29.75840  58.4%   398 5191s
H12156  8084                      58.0395649   29.75840  48.7%   398 5191s
 12160  8356   29.76815  176 1764   58.03956   29.75840  48.7%   412 5271s
 12433  8569   29.79751  186 1652   58.03956   29.75840  48.7%   416 6012s
H12550  8284                      58.0375847   29.75840  48.7%   417 6012s
 12737  8535   29.80423  197 1708   58.03758   29.75840  48.7%   413 6477s
 13051  8738   29.88055  209 1744   58.03758   29.75840  48.7%   411 6726s
 13358  9064   29.85226  225 1753   58.03758   29.75840  48.7%   437 6821s
H13787  8902                      57.9534722   29.75840  48.7%   433 7111s
 14002  9255   29.79160  241 1810   57.95347   29.75840  48.7%   453 7202s
 14426  9592   29.83550  266 1523   57.95347   29.75840  48.7%   458 7300s
 14905 10066   29.79339  284 1713   57.95347   29.75840  48.7%   457 8084s
 15538 10772   29.87511  352 1865   57.95347   29.75840  48.7%   553 8319s
 16455 10917   29.79343  417 1824   57.95347   29.75840  48.7%   586 8468s
 16906 11183   29.92470  438 1892   57.95347   29.75840  48.7%   630 9149s
 17078 11125   29.98003  778 2879   57.95347   29.75840  48.7%   645 9150s
 17322 11467   29.79343  468 1789   57.95347   29.75840  48.7%   699 9398s
 17745 11792   29.79343  504 1772   57.95347   29.75840  48.7%   757 9601s
 18211 12288   29.79343  546 1749   57.95347   29.75840  48.7%   821 9898s
 18862 12518   29.82392  593 1644   57.95347   29.75840  48.7%   860 10112s
 19309 12771   29.79343  644 1682   57.95347   29.75840  48.7%   948 11127s
 19711 13044   29.79343  686 1666   57.95347   29.75840  48.7%  1029 11679s
 20118 13318   29.79344  750 1980   57.95347   29.75840  48.7%  1107 13476s
H20203 13115                      57.8833019   29.75840  48.6%  1110 13476s
 20528 13262   29.79344  793 1949   57.88330   29.75840  48.6%  1186 20681s
 20677 13270   29.92103  793 1925   57.88330   29.75840  48.6%  1195 21616s
H20680 13269                      57.4380048   29.75840  48.2%  1207 21616s
 20685 13421   29.79344  794 1947   57.43800   29.75840  48.2%  1243 22444s
 20837 13840   29.82218  831 1733   57.43800   29.75840  48.2%  1345 22776s
 21256 14342   29.79457  902 1881   57.43800   29.75840  48.2%  1410 23286s
H21758 14678                      57.2867695   29.75840  48.1%  1481 23874s
H21904 14678                      57.2365102   29.75840  48.0%  1489 23874s
H22093 14678                      53.2789522   29.75840  44.1%  1523 23874s
 22094 15043   29.82716 1044 1765   53.27895   29.75840  44.1%  1532 24522s
 22459 15475   29.79483 1078 1979   53.27895   29.75840  44.1%  1617 25002s
 22891 15914   29.79483 1118 1935   53.27895   29.75840  44.1%  1652 25514s
 23330 15921   29.79484 1156 1960   53.27895   29.75840  44.1%  1738 26865s
H23334 15921                      52.9489102   29.75840  43.8%  1750 26865s
 23339 16408   29.79484 1157 1960   52.94891   29.75840  43.8%  1767 27384s
 23826 16873   29.80573 1215 2061   52.94891   29.75840  43.8%  1903 27869s
 24291 17433   29.80634 1270 2034   52.94891   29.75840  43.8%  2003 28401s
 24851 17876   29.80641 1334 2197   52.94891   29.75840  43.8%  2127 28886s
H25296 17884                      52.9070135   29.75840  43.8%  2257 30674s
H25299 17884                      52.2107482   29.75840  43.0%  2258 30675s
H25304 17892                      52.2104398   29.75840  43.0%  2267 31146s
H25306 17892                      52.2104097   29.75840  43.0%  2273 31146s
 25312 18409   29.82897 1366 2277   52.21041   29.75840  43.0%  2282 31668s
 25829 18664   29.82616 1395 2407   52.21041   29.75840  43.0%  2383 35024s
 26085 19116   29.82616 1395 2407   52.21041   29.75840  43.0%  2480 35653s
 26537 19210   29.82617 1438 2369   52.21041   29.75840  43.0%  2632 36575s
 26631 19765   29.82617 1445 2360   52.21041   29.75840  43.0%  2713 37227s
 27186 20290   30.07625 1493 2377   52.21041   29.75840  43.0%  2848 37865s
 27711 20781   29.82649 1550 2313   52.21041   29.75840  43.0%  2990 38484s
 28236 21311   29.82649 1615 2278   52.21041   29.75840  43.0%  3116 39662s
 28766 21645   29.82649 1678 2228   52.21041   29.75840  43.0%  3266 42451s
H29100 21954                      52.0621588   29.75840  42.8%  3344 43681s
H29246 21954                      51.8008131   29.75840  42.6%  3412 43681s
H29406 21954                      51.4846911   29.75840  42.2%  3429 43681s
 29413 22492   29.82649 1739 2180   51.48469   29.75840  42.2%  3470 45209s
 29953 22971   29.82649 1810 2114   51.48469   29.75840  42.2%  3579 46860s
H30432 23017                      51.4808488   29.75840  42.2%  3730 51049s
H30433 23017                      51.4807066   29.75840  42.2%  3730 51049s
H30450 23017                      51.3313571   29.75840  42.0%  3817 51049s
H30474 23017                      50.8075356   29.75840  41.4%  3852 51049s
H30476 22683                      49.3624183   29.75840  39.7%  3856 51049s
 30478 23159   29.89286 1822 2083   49.36242   29.75840  39.7%  3864 53786s
H30482 23159                      49.3624182   29.75840  39.7%  3863 53786s
H30696 23158                      49.3525904   29.75840  39.7%  3960 53786s
H30802 23158                      49.3486010   29.75840  39.7%  4009 53786s
 30954 23822   29.89034 1893 2056   49.34860   29.75840  39.7%  4075 56440s
H31162 23435                      47.8308143   29.75840  37.8%  4272 56440s
H31226 23435                      47.8308119   29.75840  37.8%  4401 56440s
 31618 24018   29.84483 1964 1981   47.83081   29.75840  37.8%  4655 61119s
H31628 24018                      47.8136470   29.75840  37.8%  4657 61119s
H31833 24017                      47.6651083   29.75840  37.6%  4836 61119s
 32175 24017   30.15747 1531 2363   47.66511   29.75840  37.6%  5024 61120s
 32201 24626   29.84813 2035 1934   47.66511   29.75840  37.6%  5167 64131s
 32810 25137   29.87543 2106 1796   47.66511   29.75840  37.6%  5725 67705s
H33321 25460                      47.5539627   29.75840  37.4%  6142 72366s
H33486 25458                      47.0768122   29.75840  36.8%  6187 72366s
 33649 26313   30.02063 2248 1879   47.07681   29.75840  36.8%  6425 75014s
 33791 26313   29.98872  951 4856   47.07681   29.75840  36.8%  6399 75015s
 34514 26644   30.02578 2319 1864   47.07681   29.75840  36.8%  6560 78426s
H34851 27016                      47.0764417   29.75840  36.8%  6971 82456s
H34977 27016                      47.0705173   29.75840  36.8%  7006 82456s
H35107 27016                      47.0572577   29.75840  36.8%  7100 82457s

Resetting heuristic parameters to focus on improving solution
(using Heuristics=0.5 and RINS=10)...

 35229 27051   30.04331 2452 2085   47.05726   29.75840  36.8%  7357 86119s
H35231 27051                      47.0337702   29.75840  36.7%  7356 86119s
H35242 27051                      47.0236537   29.75840  36.7%  7354 86119s
H35252 27039                      47.0007930   29.75840  36.7%  7352 86119s
 35264 27054   30.04331 2454 2111   47.00079   29.75840  36.7%  7350 86418s
H35278 27054                      47.0007659   29.75840  36.7%  7348 86418s

Explored 35279 nodes (259264790 simplex iterations) in 86418.76 seconds (200125.00 work units)
Thread count was 16 (of 16 available processors)

Solution count 10: 47.0008 47.0008 47.0237 ... 47.6651

Time limit reached
Best objective 4.700076586776e+01, best bound 2.975840494966e+01, gap 36.6853%
