
Gurobi 9.5.1 (mac64[x86]) logging started Wed Jun  8 19:19:54 2022

Set parameter LogFile to value "/Users/keyvanmajd/Documents/GitHub/NNRepLayer_v2/demos/walking_example/dynamic_constraint/repair_net/logs/opt_log_6_8_2022_19_19_31.log"
Gurobi Optimizer version 9.5.1 build v9.5.1rc2 (mac64[x86])
Thread count: 4 physical cores, 8 logical processors, using up to 8 threads
Optimize a model with 666 rows, 234 columns and 1979 nonzeros
Model fingerprint: 0x5c6a09da
Model has 201 quadratic objective terms
Coefficient statistics:
  Matrix range     [3e-03, 2e+01]
  Objective range  [2e-02, 2e+00]
  QObjective range [1e-01, 2e+00]
  Bounds range     [1e+01, 5e+01]
  RHS range        [6e-04, 2e+01]
Presolve removed 416 rows and 8 columns
Presolve time: 0.01s
Presolved: 250 rows, 226 columns, 1547 nonzeros
Presolved model has 201 quadratic objective terms
Ordering time: 0.00s

Barrier statistics:
 Dense cols : 14
 AA' NZ     : 1.906e+03
 Factor NZ  : 2.853e+03
 Factor Ops : 5.219e+04 (less than 1 second per iteration)
 Threads    : 1

                  Objective                Residual
Iter       Primal          Dual         Primal    Dual     Compl     Time
   0   4.03185091e+07 -4.07061031e+07  5.36e+03 4.34e+02  9.24e+05     0s
   1   1.24192994e+07 -1.29153972e+07  2.90e+03 2.35e+02  5.08e+05     0s
   2   1.13235557e+05 -1.19620245e+06  2.80e+02 2.27e+01  6.74e+04     0s
   3   1.89992350e+02 -8.82750575e+05  4.73e+00 3.83e-01  2.80e+03     0s
   4   1.51458470e+02 -6.45640208e+05  2.99e+00 2.42e-01  1.83e+03     0s
   5   1.19025795e+02 -3.10377531e+05  8.10e-01 6.56e-02  7.17e+02     0s
   6   1.15085670e+02 -1.91313235e+05  4.74e-01 3.84e-02  4.30e+02     0s
   7   1.21178896e+02 -1.56902698e+05  3.67e-01 2.97e-02  3.65e+02     0s
   8   1.26887831e+02 -1.07617978e+05  2.64e-01 2.13e-02  2.61e+02     0s
   9   1.28542915e+02 -1.02703538e+05  2.58e-01 2.09e-02  2.55e+02     0s
  10   1.52870717e+02 -7.37868180e+04  2.34e-01 1.90e-02  2.47e+02     0s
  11   1.69609817e+02 -4.53689353e+04  2.02e-01 1.64e-02  2.09e+02     0s
  12   1.79195478e+02 -2.80805772e+04  1.90e-01 1.54e-02  1.95e+02     0s
  13   1.80537764e+02 -7.23874668e+03  1.88e-01 1.52e-02  1.96e+02     0s
  14   1.93953109e+02  7.47532654e+04  1.75e-01 1.42e-02  1.79e+02     0s
  15   1.98223683e+02  1.12578841e+05  1.73e-01 1.14e-02  1.77e+02     0s
  16   1.98478005e+02  1.73272426e+05  1.73e-01 1.14e-02  1.77e+02     0s
  17   1.00659214e+09 -1.00853149e+09  2.68e+04 2.23e+03  2.31e+07     0s
  18   3.39734671e+08 -3.42499468e+08  1.53e+04 1.20e+03  1.41e+07     0s
  19   2.57779730e+06 -8.26491569e+06  1.34e+03 1.05e+02  1.66e+06     0s
  20   2.00539556e+02 -5.48645124e+06  3.98e+00 3.12e-01  1.58e+04     0s
  21   1.41267773e+02 -2.25433582e+06  1.08e+00 8.43e-02  5.29e+03     0s
  22   1.37323046e+02 -1.35658933e+06  5.01e-01 3.92e-02  3.03e+03     0s
  23   1.41566912e+02 -1.02664651e+06  3.38e-01 2.65e-02  2.32e+03     0s
  24   1.50799562e+02 -8.35874149e+05  2.65e-01 2.07e-02  1.96e+03     0s
  25   1.74217512e+02 -5.45699528e+05  2.07e-01 1.62e-02  1.67e+03     0s
  26   1.81580646e+02 -4.24443991e+05  1.93e-01 1.51e-02  1.54e+03     0s
  27   1.89163998e+02 -2.12290101e+05  1.80e-01 1.41e-02  1.43e+03     0s
  28   1.94084495e+02  3.78755666e+04  1.75e-01 1.37e-02  1.38e+03     0s
  29   1.95367712e+02  5.76375839e+05  1.74e-01 1.37e-02  1.39e+03     0s
  30   1.98854179e+02  1.31637426e+06  1.73e-01 1.35e-02  1.37e+03     0s
  31   2.12268949e+02  3.27206428e+06  1.70e-01 9.70e-03  1.31e+03     0s
  32   2.14225908e+02  5.80881391e+06  1.69e-01 9.67e-03  1.31e+03     0s
  33   2.14526596e+02  1.92792905e+08  1.64e-01 9.37e-03  3.78e+03     0s
  34   1.00659214e+09 -1.00853149e+09  2.68e+04 2.23e+03  2.31e+07     0s
  35   3.43152550e+04 -4.12404493e+04  1.53e+02 1.95e+01  7.26e+02     0s
  36   1.39385280e+02  4.29377515e+01  4.99e+00 8.27e-01  7.62e-01     0s
  37   9.92792519e+01  8.25513075e+01  9.65e-01 1.54e-01  1.46e-01     0s
  38   9.81931749e+01  9.52128452e+01  4.72e-01 7.30e-02  9.04e-02     0s
  39   1.01382470e+02  1.12330572e+02  3.99e-01 6.07e-02  9.49e-02     0s
  40   1.14022820e+02  1.39795161e+02  3.01e-01 4.36e-02  1.09e-01     0s
  41   1.17183127e+02  1.63140817e+02  2.80e-01 3.95e-02  1.29e-01     0s
  42   1.49722001e+02  2.40328183e+02  2.27e-01 2.60e-02  2.46e-01     0s
  43   1.84291773e+02  3.11499098e+02  1.90e-01 1.67e-02  3.67e-01     0s
  44   1.93936532e+02  5.37622647e+02  1.96e-01 1.07e-02  9.93e-01     0s
  45   2.09324589e+02  7.69390668e+02  1.93e-01 1.06e-02  2.05e+00     0s
  46   1.92209781e+02  2.55424956e+03  1.95e-01 1.07e-02  1.56e+01     0s
  47   2.03896384e+02  6.55759075e+04  3.54e-01 1.94e-02  4.30e+03     0s
  48*  2.13422202e+02  5.36885796e+06  6.71e-03 9.41e-04  4.86e+00     0s
  49*  2.13422789e+02  5.26892602e+09  6.71e-06 5.43e-05  4.86e-03     0s
  50*  2.00171442e+02  8.25303938e+10  3.18e-07 2.20e-06  2.60e-04     0s
  51*  2.00171632e+02  8.25291702e+13  3.18e-10 1.52e-07  2.60e-07     0s
  52*  2.00171632e+02  8.25291655e+16  3.18e-13 4.66e-08  2.60e-10     0s

Barrier performed 52 iterations in 0.02 seconds (0.01 work units)
Infeasible model

