
Gurobi 9.5.0 (win64) logging started Tue Jun  7 13:03:43 2022

Set parameter LogFile to value "C:\Users\kmajd1\Documents\NNRepLayer_v2\demos\examples\tc7_walking_example\repair_inp_out_constraint\repair_net/logs/opt_log_6_7_2022_13_3_20.log"
Gurobi Optimizer version 9.5.0 build v9.5.0rc5 (win64)
Thread count: 8 physical cores, 16 logical processors, using up to 16 threads
Optimize a model with 3130 rows, 1066 columns and 11230 nonzeros
Model fingerprint: 0xcc00dbba
Model has 1001 quadratic objective terms
Coefficient statistics:
  Matrix range     [2e-04, 3e+01]
  Objective range  [3e-06, 4e-02]
  QObjective range [2e-03, 2e+00]
  Bounds range     [1e+01, 4e+01]
  RHS range        [4e-04, 2e+01]
Presolve removed 2058 rows and 29 columns
Presolve time: 0.01s
Presolved: 1072 rows, 1037 columns, 9114 nonzeros
Presolved model has 1001 quadratic objective terms
Ordering time: 0.00s

Barrier statistics:
 Dense cols : 27
 AA' NZ     : 8.586e+03
 Factor NZ  : 1.074e+04 (roughly 1 MB of memory)
 Factor Ops : 1.334e+05 (less than 1 second per iteration)
 Threads    : 1

                  Objective                Residual
Iter       Primal          Dual         Primal    Dual     Compl     Time
   0   2.56247329e+08 -2.56575218e+08  3.23e+03 4.96e+02  9.75e+05     0s
   1   8.66290974e+07 -8.70493199e+07  1.86e+03 2.86e+02  5.71e+05     0s
   2   6.01338916e+05 -1.68080465e+06  1.54e+02 2.36e+01  6.41e+04     0s
   3   9.07490416e+01 -8.89691710e+05  1.14e+00 1.75e-01  8.81e+02     0s
   4   6.09301740e+01 -5.27990743e+05  4.48e-01 6.88e-02  4.05e+02     0s
   5   5.91867622e+01 -3.47802026e+05  1.45e-01 2.23e-02  2.12e+02     0s
   6   6.35960958e+01 -2.02020365e+05  3.78e-02 5.81e-03  1.04e+02     0s
   7   6.60739188e+01 -1.23793141e+05  1.60e-02 2.45e-03  6.12e+01     0s
   8   6.76668562e+01 -9.69672244e+04  1.08e-02 1.66e-03  4.76e+01     0s
   9   6.84881336e+01 -8.45518823e+04  8.88e-03 1.36e-03  4.19e+01     0s
  10   6.93585368e+01 -6.99472149e+04  7.06e-03 1.08e-03  3.60e+01     0s
  11   6.99528133e+01 -6.24829442e+04  6.38e-03 9.81e-04  3.40e+01     0s
  12   7.03106612e+01 -5.14552586e+04  6.00e-03 9.22e-04  3.31e+01     0s
  13   7.03442158e+01 -3.81472652e+04  5.59e-03 8.59e-04  3.06e+01     0s
  14   7.04215133e+01 -2.29509062e+04  5.47e-03 8.40e-04  2.98e+01     0s
  15   7.06165169e+01  3.36948488e+03  5.35e-03 8.22e-04  2.90e+01     0s
  16   6.40623662e+09 -6.40787739e+09  1.61e+04 2.48e+03  2.44e+07     0s
  17   2.42166254e+09 -2.42387306e+09  9.86e+03 1.51e+03  1.58e+07     0s
  18   7.74071202e+07 -8.25984204e+07  1.73e+03 2.65e+02  3.54e+06     0s
  19   3.16662199e+02 -5.25861714e+06  3.27e+00 5.02e-01  9.15e+03     0s
  20   4.24463855e+01 -2.33218957e+06  5.53e-01 8.49e-02  2.07e+03     0s
  21   4.26808765e+01 -1.84836170e+06  1.89e-01 2.89e-02  1.22e+03     0s
  22   4.47505888e+01 -1.17964781e+06  8.58e-02 1.32e-02  6.70e+02     0s
  23   4.70220440e+01 -5.10267459e+05  3.02e-02 4.63e-03  2.60e+02     0s
  24   4.94171738e+01 -3.31905327e+05  1.62e-02 2.49e-03  1.65e+02     0s
  25   5.22208245e+01 -2.33180053e+05  9.94e-03 1.53e-03  1.15e+02     0s
  26   5.38798590e+01 -1.82148234e+05  7.42e-03 1.14e-03  9.19e+01     0s
  27   5.45517809e+01 -1.43081576e+05  6.09e-03 9.34e-04  7.52e+01     0s
  28   5.46064956e+01 -1.37665926e+05  5.94e-03 9.12e-04  7.35e+01     0s
  29   5.51086277e+01 -1.09147444e+05  5.67e-03 8.71e-04  7.21e+01     0s
  30   5.51273314e+01 -1.04474206e+05  5.64e-03 8.66e-04  7.17e+01     0s
  31   5.53047784e+01 -7.88223362e+04  5.48e-03 8.41e-04  6.94e+01     0s
  32   5.55700043e+01 -2.32600193e+04  5.36e-03 8.23e-04  6.76e+01     0s
  33   5.57519028e+01  1.50324276e+05  5.28e-03 8.10e-04  6.69e+01     0s
  34   5.59025486e+01  4.01655750e+05  5.20e-03 7.98e-04  6.56e+01     0s
  35   6.40623662e+09 -6.40787739e+09  1.61e+04 2.48e+03  2.44e+07     0s
  36   8.17749398e+06 -8.23278653e+06  5.76e+02 8.85e+01  3.11e+04     0s
  37   4.78177755e+04 -4.97855701e+04  4.41e+01 1.33e+01  1.81e+02     0s
  38   2.08543064e+02 -2.37336774e+02  2.91e+00 8.81e-01  7.98e-01     0s
  39   6.53821182e+00  3.50550072e+00  4.76e-01 1.44e-01  2.40e-02     0s
  40   5.53715304e+00  4.62133453e+00  3.86e-01 1.17e-01  1.84e-02     0s
  41   3.54153531e+00  4.86211294e+00  1.95e-01 5.92e-02  8.38e-03     0s
  42   3.46906617e+00  5.09721250e+00  1.14e-01 3.46e-02  5.21e-03     0s
  43   4.83748904e+00  5.75341881e+00  6.34e-02 1.91e-02  3.82e-03     0s
  44   5.73105268e+00  6.54996844e+00  4.12e-02 1.24e-02  2.90e-03     0s
  45   6.99690455e+00  7.32573007e+00  2.70e-02 8.13e-03  2.38e-03     0s
  46   7.85359465e+00  7.51169097e+00  1.84e-02 5.53e-03  2.12e-03     0s
  47   7.89393907e+00  7.61697838e+00  1.80e-02 5.41e-03  2.08e-03     0s
  48   7.94436186e+00  7.75188051e+00  1.75e-02 5.27e-03  2.03e-03     0s
  49   8.02625187e+00  7.98215422e+00  1.68e-02 5.04e-03  1.95e-03     0s
  50   8.06625458e+00  8.20205662e+00  1.64e-02 4.93e-03  1.92e-03     0s
  51   8.11487671e+00  8.39437971e+00  1.61e-02 4.82e-03  1.89e-03     0s
  52   8.24082142e+00  8.75940011e+00  1.52e-02 4.56e-03  1.81e-03     0s
  53   8.53570976e+00  9.39488090e+00  1.37e-02 4.11e-03  1.89e-03     0s
  54   8.59588578e+00  9.78550780e+00  1.34e-02 4.00e-03  1.87e-03     0s
  55   8.70297600e+00  1.05747923e+01  1.28e-02 3.84e-03  1.91e-03     0s
  56   8.71898961e+00  1.06654812e+01  1.28e-02 3.82e-03  1.91e-03     0s
  57   8.91389189e+00  1.14503375e+01  1.22e-02 3.64e-03  1.87e-03     0s
  58   9.09038462e+00  1.15670598e+01  1.17e-02 3.51e-03  1.83e-03     0s
  59   9.34117920e+00  1.18410291e+01  1.12e-02 3.33e-03  1.78e-03     0s
  60   1.01585671e+01  1.20060924e+01  9.51e-03 2.83e-03  1.86e-03     0s
  61   1.03577196e+01  1.25868655e+01  9.09e-03 2.70e-03  1.98e-03     0s
  62   1.05351800e+01  1.36182718e+01  8.71e-03 2.58e-03  1.99e-03     0s
  63   1.04343221e+01  1.56693383e+01  8.82e-03 2.61e-03  2.20e-03     0s
  64   1.08663131e+01  1.61922049e+01  8.45e-03 2.49e-03  2.19e-03     0s
  65   1.24685090e+01  1.57693931e+01  7.22e-03 2.12e-03  2.35e-03     0s
  66   1.25671500e+01  1.60461149e+01  7.14e-03 2.10e-03  2.35e-03     0s
  67   1.26658704e+01  1.66721651e+01  7.06e-03 2.07e-03  2.38e-03     0s
  68   1.27780957e+01  1.69522633e+01  6.97e-03 2.04e-03  2.38e-03     0s
  69   1.31699933e+01  1.88416403e+01  6.75e-03 1.97e-03  2.60e-03     0s
  70   1.37089906e+01  2.06762088e+01  6.57e-03 1.91e-03  2.89e-03     0s
  71   1.37835562e+01  2.12194267e+01  6.53e-03 1.90e-03  2.92e-03     0s
  72   1.38446849e+01  2.19247628e+01  6.49e-03 1.88e-03  2.97e-03     0s
  73   1.39175289e+01  2.25590904e+01  6.45e-03 1.87e-03  3.02e-03     0s
  74   1.45916807e+01  2.27214397e+01  6.17e-03 1.78e-03  3.26e-03     0s
  75   1.41798318e+01  3.94367162e+01  6.43e-03 1.80e-03  6.09e-03     0s
  76   1.42115321e+01  3.97771337e+01  6.42e-03 1.79e-03  6.15e-03     0s
  77   1.54976072e+01  4.02218857e+01  6.35e-03 1.76e-03  6.64e-03     0s
  78   2.01362524e+01  7.47444916e+01  5.99e-03 1.47e-03  1.32e-02     0s
  79   2.11581052e+01  7.64108005e+01  5.94e-03 1.42e-03  1.43e-02     0s
  80   2.42573626e+01  8.50310800e+01  5.82e-03 1.25e-03  1.84e-02     0s
  81   2.43393398e+01  8.69488969e+01  5.81e-03 1.23e-03  1.91e-02     0s
  82   2.42225426e+01  1.21451522e+02  5.78e-03 8.70e-04  3.53e-02     0s
  83   2.59802474e+01  1.27777204e+02  5.74e-03 8.65e-04  4.30e-02     0s
  84   2.82727848e+01  1.80502716e+02  5.71e-03 8.60e-04  8.94e-02     0s
  85   3.38068725e+01  2.17296031e+02  5.69e-03 8.57e-04  1.74e-01     0s
  86   6.72377073e+01  3.05982268e+02  5.63e-03 8.49e-04  5.32e-01     0s
  87   6.01629235e+01  3.26921839e+02  5.62e-03 8.47e-04  6.06e-01     0s
  88   1.01849737e+02  3.71974335e+02  5.60e-03 8.43e-04  1.16e+00     0s
  89   9.25372931e+01  9.36869247e+02  5.40e-03 8.13e-04  5.32e+00     0s
  90   7.58144409e+01  1.33487881e+05  5.78e-03 8.71e-04  3.59e+03     0s
  91   7.59912536e+01  1.63214337e+04  4.29e-03 1.66e-03  5.19e+03     0s
  92   7.61432713e+01  3.43232526e+03  4.21e-03 2.08e-04  1.13e+03     0s
  93   7.64064118e+01  1.88573654e+03  4.62e-03 1.31e-04  5.92e+02     0s
  94   7.67341952e+01  2.56975697e+03  4.79e-03 6.28e-04  7.92e+02     0s
  95   7.70769479e+01  2.03774246e+03  4.73e-03 6.40e-04  6.51e+02     0s
  96   7.74226692e+01  2.35393453e+03  4.75e-03 4.23e-04  7.57e+02     0s
  97   7.77662737e+01  1.85342177e+03  4.70e-03 5.73e-04  6.09e+02     0s
  98   7.81144448e+01  2.15337453e+03  4.74e-03 1.93e-03  7.10e+02     0s
  99   7.84601151e+01  1.70117937e+03  4.69e-03 4.25e-04  5.72e+02     0s
 100   7.88103896e+01  1.98124036e+03  4.72e-03 6.80e-04  6.68e+02     0s
 101   7.91571630e+01  1.56898851e+03  4.68e-03 1.38e-03  5.40e+02     0s
 102   7.95085644e+01  1.83183405e+03  4.71e-03 2.87e-03  6.31e+02     0s
 103*  7.98639093e+01  1.76180791e+03  2.15e-09 5.80e-10  1.33e-10     0s
 104*  8.02080642e+01  1.39299001e+03  9.23e-10 3.56e-10  1.93e-11     0s

Barrier performed 104 iterations in 0.25 seconds (0.08 work units)
Numerical trouble encountered

