
Gurobi 9.5.1 (mac64[x86]) logging started Tue Jun  7 22:42:38 2022

Set parameter LogFile to value "/Users/keyvanmajd/Documents/GitHub/NNRepLayer_v2/demos/examples/tc7_walking_example/repair_inp_out_constraint/repair_net/logs/opt_log_6_7_2022_22_41_57.log"
Gurobi Optimizer version 9.5.1 build v9.5.1rc2 (mac64[x86])
Thread count: 4 physical cores, 8 logical processors, using up to 8 threads
Optimize a model with 28012 rows, 17157 columns and 76908 nonzeros
Model fingerprint: 0xa1bbe4ac
Model has 101 quadratic objective terms
Variable types: 7557 continuous, 9600 integer (9600 binary)
Coefficient statistics:
  Matrix range     [1e-03, 5e+01]
  Objective range  [2e-03, 4e-01]
  QObjective range [2e-02, 2e+00]
  Bounds range     [1e+00, 4e+01]
  RHS range        [2e-04, 4e+01]
Presolve removed 16520 rows and 6560 columns
Presolve time: 0.18s
Presolved: 11492 rows, 10597 columns, 50468 nonzeros
Presolved model has 101 quadratic objective terms
Variable types: 7397 continuous, 3200 integer (3200 binary)
Root relaxation presolve removed 3200 rows and 3200 columns
Root relaxation presolved: 8292 rows, 7397 columns, 44068 nonzeros
Root relaxation presolved model has 101 quadratic objective terms


Root relaxation: objective 2.083761e+00, 10622 iterations, 1.09 seconds (1.58 work units)

    Nodes    |    Current Node    |     Objective Bounds      |     Work
 Expl Unexpl |  Obj  Depth IntInf | Incumbent    BestBd   Gap | It/Node Time

     0     0    2.08376    0  579          -    2.08376      -     -    2s
     0     0    2.08376    0  418          -    2.08376      -     -   11s
     0     0    2.08376    0  418          -    2.08376      -     -   11s
     0     0    2.08376    0  450          -    2.08376      -     -   11s
     0     0    2.08376    0  444          -    2.08376      -     -   11s
     0     0    2.08376    0  444          -    2.08376      -     -   12s
     0     0    2.08376    0  442          -    2.08376      -     -   12s
     0     0    2.08376    0  448          -    2.08376      -     -   13s
H    0     0                       3.4036384    2.08376  38.8%     -   20s
H    0     0                       3.0788779    2.08376  32.3%     -   22s
H    0     0                       3.0777401    2.08376  32.3%     -   24s
     0     2    2.08376    0  448    3.07774    2.08376  32.3%     -   24s
     1     4    2.08376    1  446    3.07774    2.08376  32.3%  75.0   26s
H   31    36                       3.0758328    2.08376  32.3%   217   31s
H   34    36                       3.0732058    2.08376  32.2%   198   31s
    35    40    2.17330   10  798    3.07321    2.08376  32.2%   193   36s
   612   657    2.18734  167  655    3.07321    2.08376  32.2%  42.0   40s
  1136  1158    2.25703  282  867    3.07321    2.08376  32.2%  53.3   45s
  1776  1811    2.26449  502  751    3.07321    2.08376  32.2%  57.8   50s
  1949  1972    2.32074  531  709    3.07321    2.08376  32.2%  60.0   56s
  2425  2451    2.28919  627  603    3.07321    2.08376  32.2%  80.4   60s
  2867  2881    2.29023  721  528    3.07321    2.08376  32.2%  86.3   65s
  2946  3050    2.29368  726  619    3.07321    2.08376  32.2%  94.9   70s
H 3297  3348                       3.0574041    2.08376  31.8%   100   73s
H 3356  3348                       3.0521517    2.08376  31.7%   101   73s
  3377  3556    2.32015  777  620    3.05215    2.08376  31.7%   102   77s
H 3395  3556                       3.0434530    2.08376  31.5%   103   77s
H 3502  3556                       3.0386278    2.08376  31.4%   100   77s
H 3579  3556                       3.0370021    2.08376  31.4%  98.3   77s
  3742  3852    2.32019  800  697    3.03700    2.08376  31.4%   100   83s
  3955  4047    2.32296  821  695    3.03700    2.08376  31.4%   107   85s
  4164  4176    2.33552  873  653    3.03700    2.08376  31.4%   108   91s
  4348  4406    2.34266  911  623    3.03700    2.08376  31.4%   119  101s
H 4439  4410                       3.0316237    2.08376  31.3%   137  127s
H 4440  4410                       3.0277399    2.08376  31.2%   137  127s
H 4441  4410                       3.0170261    2.08376  30.9%   137  127s
H 4442  4410                       3.0086919    2.08376  30.7%   137  127s
  4443  4414    2.34709  929  609    3.00869    2.08376  30.7%   137  137s
  4660  4807    2.34317  978  574    3.00869    2.08376  30.7%   135  143s
  4840  4915    2.34319 1036  519    3.00869    2.08376  30.7%   137  148s
  4950  5068    2.34361 1065  524    3.00869    2.08376  30.7%   142  150s
H 5103  5068                       3.0084495    2.08376  30.7%   141  161s
H 5105  4816                       3.0084495    2.08376  30.7%   141  162s
H 5105  4575                       3.0076342    2.08376  30.7%   141  163s
  5107  4576    2.28816  640  404    3.00763    2.08376  30.7%   141  170s
H 5107  4347                       3.0074271    2.08376  30.7%   141  174s
H 5107  4130                       3.0072310    2.08376  30.7%   141  174s
H 5107  3923                       3.0067804    2.08376  30.7%   141  174s
H 5107  3727                       3.0052060    2.08376  30.7%   141  174s
H 5109  3542                       3.0051003    2.08377  30.7%   141  175s
  5111  3544    2.25612  228  442    3.00510    2.08377  30.7%   141  181s
  5112  3544    2.26800  377  451    3.00510    2.08377  30.7%   141  185s
H 5112  3366                       3.0045490    2.08377  30.6%   141  185s
  5115  3368    2.18734  156  464    3.00455    2.08377  30.6%   141  193s
  5117  3370    2.25899  320  464    3.00455    2.08377  30.6%   141  195s
H 5117  3203                       3.0042182    2.08377  30.6%   147  195s
  5118  3204    2.18297   15  814    3.00422    2.08377  30.6%   147  206s
  5120  3208    2.18297   16  817    3.00422    2.08377  30.6%   147  211s
H 5121  3047                       2.8575411    2.08377  27.1%   147  211s
H 5146  2914                       2.8570587    2.08377  27.1%   148  212s
H 5150  2768                       2.8569329    2.08377  27.1%   148  212s
  5183  2793    2.18297   24  815    2.85693    2.08377  27.1%   149  220s
  5662  3146    2.18297   78  760    2.85693    2.08377  27.1%   150  225s
  5959  3361    2.18297  114  770    2.85693    2.08377  27.1%   151  230s
  6204  3448    2.18297  141  793    2.85693    2.08377  27.1%   154  236s
H 6205  3311                       2.8568930    2.08377  27.1%   154  236s
  6720  3683    2.18297  204  745    2.85689    2.08377  27.1%   155  241s
  6869  3754    2.18297  225  744    2.85689    2.08377  27.1%   164  248s
  7002  3862    2.18297  262  752    2.85689    2.08377  27.1%   174  250s
  7445  4205    2.18297  309  715    2.85689    2.08377  27.1%   179  255s
  7982  4476    2.18297  375  680    2.85689    2.08377  27.1%   191  266s
  7986  4478    2.18297  375  689    2.85689    2.08377  27.1%   191  274s
  7990  4583    2.18297  376  685    2.85689    2.08377  27.1%   191  275s
  8096  4552    2.18297  387  666    2.85689    2.08377  27.1%   193  281s
  8281  4699    2.18297  407  638    2.85689    2.08377  27.1%   200  287s
  8390  4860    2.18297  425  668    2.85689    2.08377  27.1%   209  290s
  8688  5044    2.18507  472  630    2.85689    2.08377  27.1%   211  295s
  9292  5463    2.18958  545  692    2.85689    2.08377  27.1%   214  301s
  9666  5702    2.21304  594  622    2.85689    2.08377  27.1%   218  306s
  9898  5832    2.24482  650  659    2.85689    2.08377  27.1%   220  311s
 10116  6013    2.21491  682  572    2.85689    2.08377  27.1%   222  315s
 10416  6321    2.21654  720  634    2.85689    2.08377  27.1%   222  322s
 10665  6373    2.23387  742  648    2.85689    2.08377  27.1%   223  328s
 10804  6560    2.23389  746  654    2.85689    2.08377  27.1%   228  334s
 11041  6632    2.23404  779  660    2.85689    2.08377  27.1%   231  341s
 11204  7003    2.23463  817  652    2.85689    2.08377  27.1%   237  395s
H11247  6857                       2.8568902    2.08377  27.1%   237  395s
H11370  6692                       2.8567273    2.08377  27.1%   237  395s
 11633  6795    2.23465  839  648    2.85673    2.08377  27.1%   236  406s
H11659  6666                       2.8492070    2.08377  26.9%   236  406s
 11823  7241    2.23536  852  630    2.84921    2.08377  26.9%   241  419s
 12453  7528    2.23604  873  627    2.84921    2.08377  26.9%   244  433s
 12742  7758    2.24712  906  636    2.84921    2.08377  26.9%   252  444s
 12972  8227    2.28891  950  642    2.84921    2.08377  26.9%   258  459s
 13443  8472    2.27265  997  624    2.84921    2.08377  26.9%   264  472s
 13690  8583    2.29008 1024  607    2.84921    2.08377  26.9%   270  486s
H13729  8583                       2.8467372    2.08377  26.8%   272  486s
 13801  8855    2.33352 1041  614    2.84674    2.08377  26.8%   273  503s
 14073  9089    2.33395 1077  592    2.84674    2.08377  26.8%   276  516s
 14309  9562    2.33395 1097  583    2.84674    2.08377  26.8%   281  534s
 14787  9877    2.34500 1164  532    2.84674    2.08377  26.8%   286  546s
 15102 10334    2.34589 1216  483    2.84674    2.08377  26.8%   291  573s
 15561 10703    2.35806 1246  474    2.84674    2.08377  26.8%   298  586s
H15620 10703                       2.8461011    2.08377  26.8%   299  586s
H15770 10701                       2.8263300    2.08377  26.3%   298  586s
 15930 10805    2.34595 1307  418    2.82633    2.08377  26.3%   301  604s
H15954 10805                       2.8213866    2.08377  26.1%   301  604s
 16036 11086    2.34595 1322  410    2.82139    2.08377  26.1%   305  630s
H16097 11086                       2.8171054    2.08377  26.0%   306  630s
H16241 11086                       2.8170268    2.08377  26.0%   305  630s
 16331 11323    2.34666 1353  403    2.81703    2.08377  26.0%   309  648s
 16571 11685    2.34667 1386  381    2.81703    2.08377  26.0%   311  664s
H16938 11689                       2.8170242    2.08377  26.0%   314  710s
H16941 11689                       2.8166402    2.08377  26.0%   314  710s
H16942 11965                       2.8137064    2.08377  25.9%   314  740s
 17224 12316    2.35936 1465  360    2.81371    2.08377  25.9%   320  758s
 17579 12897    2.37768 1522  352    2.81371    2.08377  25.9%   322  772s
 18166 13208    2.40149 1633  302    2.81371    2.08377  25.9%   320  804s
H18181 13204                       2.8063105    2.08377  25.7%   320  804s
H18234 13204                       2.8060485    2.08377  25.7%   319  804s
 18477 14098    2.48710 1658  374    2.80605    2.08377  25.7%   317  818s
 19373 14365    2.49914 1744  299    2.80605    2.08377  25.7%   309  832s
 19642 14630    2.52271 1832  248    2.80605    2.08377  25.7%   308  855s
 19907 15309    2.52728 1859  238    2.80605    2.08377  25.7%   305  872s
 20588 15983    2.58107 1929  237    2.80605    2.08377  25.7%   301  888s
 21272 16296    2.67746 1988  220    2.80605    2.08377  25.7%   296  903s
 21608 16424    2.67860 2033  195    2.80605    2.08377  25.7%   295  914s
 21809 16458    2.69470 2065  200    2.80605    2.08377  25.7%   295  933s
 21921 16859    2.80559 2076  196    2.80605    2.08377  25.7%   298  943s

Cutting planes:
  Gomory: 11
  Implied bound: 2
  MIR: 425
  Flow cover: 301
  Relax-and-lift: 1

Explored 22506 nodes (6673771 simplex iterations) in 943.91 seconds (2078.99 work units)
Thread count was 8 (of 8 available processors)

Solution count 10: 2.80605 2.80631 2.81371 ... 2.8461

Solve interrupted
Best objective 2.806048451228e+00, best bound 2.083765378265e+00, gap 25.7402%
