
Gurobi 9.5.1 (mac64[x86]) logging started Wed Jun  8 00:50:22 2022

Set parameter LogFile to value "/Users/keyvanmajd/Documents/GitHub/NNRepLayer_v2/demos/examples/tc7_walking_example/repair_inp_out_constraint/repair_net/logs/opt_log_6_8_2022_0_49_57.log"
Gurobi Optimizer version 9.5.1 build v9.5.1rc2 (mac64[x86])
Thread count: 4 physical cores, 8 logical processors, using up to 8 threads
Optimize a model with 6179 rows, 3682 columns and 16587 nonzeros
Model fingerprint: 0x5cbdfdb8
Model has 170 quadratic objective terms
Variable types: 1654 continuous, 2028 integer (2028 binary)
Coefficient statistics:
  Matrix range     [5e-03, 2e+02]
  Objective range  [1e-02, 2e+00]
  QObjective range [1e-01, 2e+00]
  Bounds range     [1e+00, 2e+02]
  RHS range        [5e-04, 2e+02]
Presolve removed 3742 rows and 1364 columns
Presolve time: 0.04s
Presolved: 2437 rows, 2318 columns, 10808 nonzeros
Presolved model has 170 quadratic objective terms
Variable types: 1642 continuous, 676 integer (676 binary)
Found heuristic solution: objective 48.7987552
Root relaxation presolve removed 676 rows and 676 columns
Root relaxation presolved: 1761 rows, 1642 columns, 9456 nonzeros
Root relaxation presolved model has 170 quadratic objective terms


Root relaxation: objective 2.365254e+01, 2162 iterations, 0.07 seconds (0.07 work units)

    Nodes    |    Current Node    |     Objective Bounds      |     Work
 Expl Unexpl |  Obj  Depth IntInf | Incumbent    BestBd   Gap | It/Node Time

     0     0   23.65254    0  418   48.79876   23.65254  51.5%     -    0s
H    0     0                      48.7474917   23.65254  51.5%     -    0s
     0     0   23.65258    0  451   48.74749   23.65258  51.5%     -    0s
     0     0   23.65258    0  450   48.74749   23.65258  51.5%     -    0s
     0     0   23.65368    0  432   48.74749   23.65368  51.5%     -    0s
     0     0   23.65368    0  433   48.74749   23.65368  51.5%     -    0s
     0     0   23.65368    0  424   48.74749   23.65368  51.5%     -    0s
     0     0   23.65368    0  415   48.74749   23.65368  51.5%     -    0s
     0     2   23.65368    0  415   48.74749   23.65368  51.5%     -    1s
H  796   802                      48.7409287   23.71486  51.3%  73.9    4s
H  800   802                      48.5268824   23.71486  51.1%  74.4    4s
H  837   827                      48.5268813   23.71486  51.1%  77.2    4s
H  881   886                      48.5268812   23.71486  51.1%  81.4    4s
H  889   886                      48.5268786   23.71486  51.1%  81.5    4s
   916   927   24.45772  195  252   48.52688   23.71486  51.1%  94.7    5s
H 1638  1643                      45.6584164   23.71486  48.1%  90.2    9s
  1964  2026   31.75250  401  111   45.65842   23.71486  48.1%  85.0   10s
H 2660  2656                      45.2591706   23.71486  47.6%  79.9   14s
H 2671  2656                      44.7391233   23.71486  47.0%  79.7   14s
H 2677  2650                      42.7204562   23.71486  44.5%  79.6   14s
H 2678  2644                      42.2956287   23.71486  43.9%  79.6   14s
* 2706  2771             551      42.1864941   23.71486  43.8%  78.9   14s
H 2829  2734                      41.2192834   23.71486  42.5%  78.3   15s
H 2871  2738                      39.5208566   23.71486  40.0%  78.7   16s
H 2915  2754                      39.3158087   23.71486  39.7%  78.6   19s
H 2916  2737                      38.9196699   23.71486  39.1%  78.6   19s
  2931  2809   23.87416   31  388   38.91967   23.71486  39.1%  78.5   20s
H 3122  2887                      38.8982301   23.71486  39.0%  86.2   23s
H 3124  2744                      38.8982299   23.71486  39.0%  86.2   23s
  3132  2749   28.26079  367  376   38.89823   23.71486  39.0%  86.0   25s
H 3208  2674                      38.8937865   23.75305  38.9%  92.0   28s
H 3215  2540                      38.8122440   23.75305  38.8%  92.2   28s
H 3267  2459                      38.8121466   23.75305  38.8%  91.8   28s
H 3269  2340                      38.8069736   23.75305  38.8%  91.8   28s
H 3382  2303                      38.8036666   23.75305  38.8%  92.6   30s
H 3384  2195                      38.6847026   23.75305  38.6%  92.7   30s
  4303  2822   26.29091   86  377   38.68470   23.75305  38.6%   103   35s
H 4465  2849                      38.6770022   23.75305  38.6%   105   35s
H 5102  3081                      38.2262311   23.75305  37.9%   112   39s
  5137  3143   28.14200  137  317   38.22623   23.75305  37.9%   113   40s
H 5735  3399                      38.1950621   23.75305  37.8%   115   44s
H 5736  3312                      38.1945359   23.75305  37.8%   115   44s
H 5737  3230                      38.1844691   23.75305  37.8%   115   44s
H 5738  3149                      38.1529989   23.75305  37.7%   115   44s
  5774  3247   29.30015  178  277   38.15300   23.75305  37.7%   115   49s
H 5785  3146                      37.5596031   23.75305  36.8%   115   49s
  6054  3378   29.86417  193  272   37.55960   23.75305  36.8%   114   50s
  6842  3683   31.91753  233  232   37.55960   23.75305  36.8%   114   58s
H 6843  3612                      37.5596029   23.75305  36.8%   114   58s
H 6845  3544                      37.5537938   23.75305  36.7%   114   58s
H 6846  3506                      37.3832695   23.75305  36.5%   114   58s
H 6849  3499                      37.1966274   23.75305  36.1%   114   58s
H 6850  3507                      37.1966272   23.75305  36.1%   114   70s
H 6851  3478                      36.5154625   23.75305  35.0%   114   70s
H 6855  3478                      36.4253343   23.75305  34.8%   114   70s
H 6858  3486                      36.3873563   23.75305  34.7%   114   75s
H 6859  3486                      36.3871650   23.75305  34.7%   114   75s
  8135  4817   34.85952  313  169   36.38716   23.75305  34.7%   112   81s
  9189  5877   29.78237   99  327   36.38716   23.75305  34.7%   121   86s
 10257  6774   32.17165   88  387   36.38716   23.75305  34.7%   130   91s
 11968  8306   31.62549  131  286   36.38716   23.75305  34.7%   141   96s
 12992  9442   30.63696  120  297   36.38716   23.75305  34.7%   146  100s
 15208 11507   29.90872   68  316   36.38716   23.75305  34.7%   141  107s
 16946 12345   27.42255   67  358   36.38716   23.75305  34.7%   139  111s
 17769 13033     cutoff  113        36.38716   23.75305  34.7%   145  115s
H18798 13607                      36.3577462   23.75305  34.7%   150  122s
H18846 13599                      36.3465380   23.75305  34.6%   151  122s
 18904 13898   25.90145   80  299   36.34654   23.75305  34.6%   151  125s
 19706 14872   31.82163  129  286   36.34654   23.75305  34.6%   161  131s
 20242 14879   33.73879  156  266   36.34654   23.75305  34.6%   163  146s
H20243 14879                      36.3459404   23.75305  34.6%   163  146s
H20248 14699                      36.1020582   23.75305  34.2%   163  146s
H20249 14682                      36.0827887   23.75305  34.2%   163  146s
 21166 16255   35.46205  209  239   36.08279   23.75305  34.2%   161  153s
H22182 15983                      35.8823731   23.75305  33.8%   159  158s
H22184 15887                      35.7985135   23.75305  33.6%   159  158s
 22190 16594     cutoff  158        35.79851   23.75305  33.6%   160  162s
 23097 17174   35.46719  134  300   35.79851   23.75305  33.6%   159  165s
 24605 17934   30.03365  128  255   35.79851   23.75305  33.6%   161  175s
H24606 17934                      35.7985135   23.75305  33.6%   161  175s
H24608 17934                      35.7985129   23.75305  33.6%   161  175s
H24610 17915                      35.7861176   23.75305  33.6%   161  175s
H24686 17908                      35.7712491   23.75305  33.6%   161  175s
 25563 19542   34.28354  184  219   35.77125   23.75305  33.6%   160  181s
 26553 20395   26.18241   50  371   35.77125   23.75305  33.6%   159  185s
 28525 22143   30.78787  116  319   35.77125   23.75305  33.6%   155  191s
 29726 23285   25.47229   43  336   35.77125   23.75305  33.6%   154  195s
 32187 24710   24.98890   61  348   35.77125   23.75305  33.6%   152  201s
 33542 26007   33.96991  102  276   35.77125   23.75305  33.6%   154  207s
 34448 26846     cutoff  128        35.77125   23.75305  33.6%   153  210s
 36369 28180   30.41081   91  324   35.77125   23.75305  33.6%   153  216s
 38127 28842     cutoff  126        35.77125   23.75305  33.6%   153  224s
H38129 28842                      35.7712488   23.75305  33.6%   153  224s
H38132 28842                      35.7712485   23.75305  33.6%   153  224s
H38137 28830                      35.7613464   23.75305  33.6%   153  224s
 38140 29456   23.91453   34  343   35.76135   23.75305  33.6%   153  226s
H39786 29881                      35.6378704   23.75305  33.3%   153  247s
H39789 29476                      35.4653646   23.75305  33.0%   153  247s
H39794 29563                      35.4330965   23.75305  33.0%   153  253s
 40032 30028   23.85187   41  339   35.43310   23.75305  33.0%   153  256s
 41553 30767   26.99944   92  305   35.43310   23.75305  33.0%   153  265s
H41554 30641                      35.3803450   23.75305  32.9%   153  265s
H41558 30603                      35.3681330   23.75305  32.8%   153  265s
H41560 30571                      35.3565720   23.75305  32.8%   153  265s
 42515 32294   25.41174   74  341   35.35657   23.75305  32.8%   152  271s
 44443 33766   28.87872   82  322   35.35657   23.75305  32.8%   151  284s
H44600 33765                      35.3558262   23.75305  32.8%   151  284s
H44721 33738                      35.3528955   23.75305  32.8%   151  284s
H44854 33712                      35.3421874   23.75305  32.8%   151  284s
H44895 33712                      35.3421674   23.75305  32.8%   151  284s
 45433 35290   24.39265   35  357   35.34217   23.75305  32.8%   151  292s
 47347 36074   23.93428   45  347   35.34217   23.75305  32.8%   154  297s
 48294 37016   27.27699   91  369   35.34217   23.75305  32.8%   155  302s
 49489 38133   23.96496   39  359   35.34217   23.75305  32.8%   155  307s
 50812 38915   33.01387   75  320   35.34217   23.75305  32.8%   155  311s
 51773 40214   23.75305   31  352   35.34217   23.75305  32.8%   155  315s
 54321 42026   35.18501  100  310   35.34217   23.75305  32.8%   153  322s
 55569 42837   24.22722   43  360   35.34217   23.75305  32.8%   153  325s
 57383 44534   33.30975  151  253   35.34217   23.75305  32.8%   152  332s
 58522 45535   24.91449   62  343   35.34217   23.75305  32.8%   151  336s
 59764 46742   25.30228   76  293   35.34217   23.75305  32.8%   150  340s
 62109 47860   28.03308   85  284   35.34217   23.75305  32.8%   150  348s
H62255 47860                      35.3421674   23.75305  32.8%   150  348s
H62426 47946                      35.3421671   23.75305  32.8%   150  353s
H62430 47946                      35.3421482   23.75305  32.8%   150  353s
H62431 47748                      35.2746051   23.75305  32.7%   150  353s
H62512 47756                      35.2746049   23.75305  32.7%   150  370s
H62513 47756                      35.2746049   23.75305  32.7%   150  370s
H62514 47722                      35.2612781   23.75305  32.6%   150  370s
H62515 47694                      35.2528048   23.75305  32.6%   150  370s
 63589 49760   33.79223  158  245   35.25280   23.75305  32.6%   149  378s
 64811 50520   33.02168  135  279   35.25280   23.75305  32.6%   148  382s
 65760 51128   27.73173   73  332   35.25280   23.75305  32.6%   149  386s
 66524 52135   23.94352   41  363   35.25280   23.75305  32.6%   148  390s
 68680 53995   29.42184  121  269   35.25280   23.75305  32.6%   148  397s
H69629 54758                      35.2524343   23.75305  32.6%   147  402s
H69805 54758                      35.2524328   23.75305  32.6%   147  402s
H70431 54118                      35.0960138   23.75305  32.3%   146  402s
 70563 55238   34.91308  199  205   35.09601   23.75305  32.3%   146  405s
 73171 57084   28.23640   97  350   35.09601   23.75305  32.3%   144  412s
H74143 57184                      35.0960138   23.75305  32.3%   144  418s
H74144 57184                      35.0960135   23.75305  32.3%   144  418s
H74145 57176                      35.0942944   23.75305  32.3%   144  418s
H74154 57096                      35.0727055   23.75305  32.3%   144  418s
 74243 58561   28.61138  110  310   35.07271   23.75305  32.3%   144  423s

Cutting planes:
  Gomory: 7
  Cover: 52
  Implied bound: 244
  MIR: 297
  Flow cover: 713
  RLT: 1
  Relax-and-lift: 35

Explored 76204 nodes (10860796 simplex iterations) in 423.54 seconds (525.80 work units)
Thread count was 8 (of 8 available processors)

Solution count 10: 35.0727 35.0943 35.096 ... 35.2746

Solve interrupted
Best objective 3.507270553775e+01, best bound 2.375304597212e+01, gap 32.2748%
