
Gurobi 9.5.0 (win64) logging started Tue Jun  7 13:41:35 2022

Set parameter LogFile to value "C:\Users\kmajd1\Documents\NNRepLayer_v2\demos\examples\tc7_walking_example\repair_inp_out_constraint\repair_net/logs/opt_log_6_7_2022_13_39_59.log"
Gurobi Optimizer version 9.5.0 build v9.5.0rc5 (win64)
Thread count: 8 physical cores, 16 logical processors, using up to 16 threads
Optimize a model with 28012 rows, 17157 columns and 77196 nonzeros
Model fingerprint: 0xc1f5bd04
Model has 101 quadratic objective terms
Variable types: 7557 continuous, 9600 integer (9600 binary)
Coefficient statistics:
  Matrix range     [7e-04, 5e+01]
  Objective range  [2e-03, 4e-01]
  QObjective range [2e-02, 2e+00]
  Bounds range     [1e+00, 4e+01]
  RHS range        [2e-04, 4e+01]
Presolve removed 16456 rows and 6528 columns
Presolve time: 0.11s
Presolved: 11556 rows, 10629 columns, 50884 nonzeros
Presolved model has 101 quadratic objective terms
Variable types: 7429 continuous, 3200 integer (3200 binary)
Root relaxation presolve removed 3200 rows and 3200 columns
Root relaxation presolved: 8356 rows, 7429 columns, 44484 nonzeros
Root relaxation presolved model has 101 quadratic objective terms


Root relaxation: objective 1.513349e+00, 10832 iterations, 1.00 seconds (1.66 work units)

    Nodes    |    Current Node    |     Objective Bounds      |     Work
 Expl Unexpl |  Obj  Depth IntInf | Incumbent    BestBd   Gap | It/Node Time

     0     0    1.51335    0  614          -    1.51335      -     -    2s
     0     0    1.51335    0  426          -    1.51335      -     -   11s
     0     0    1.51335    0  425          -    1.51335      -     -   12s
     0     0    1.51335    0  414          -    1.51335      -     -   12s
     0     0    1.51335    0  417          -    1.51335      -     -   12s
     0     0    1.51335    0  403          -    1.51335      -     -   12s
     0     0    1.51335    0  404          -    1.51335      -     -   12s
     0     0    1.51335    0  388          -    1.51335      -     -   13s
H    0     0                       4.5073908    1.51335  66.4%     -   17s
H    0     0                       2.7671703    1.51335  45.3%     -   19s
H    0     0                       2.7671523    1.51335  45.3%     -   21s
     0     2    1.51335    0  388    2.76715    1.51335  45.3%     -   21s
    31    40    1.63639    6  917    2.76715    1.51335  45.3%   446   29s
H   32    40                       2.7648989    1.51335  45.3%   432   29s
H   33    40                       2.7591423    1.51335  45.2%   421   29s
    39    48    1.63639    7  915    2.75914    1.51335  45.2%   359   36s
H 1085  1094                       2.7294553    1.51335  44.6%  36.4   43s
H 1088  1094                       2.6009994    1.51335  41.8%  36.3   43s
  1461  1533    1.63677  174  721    2.60100    1.51335  41.8%  39.4   45s
  2666  2742    1.62894   96  788    2.60100    1.51335  41.8%  76.9   50s
  4100  4100    1.62894  169  752    2.60100    1.51335  41.8%  87.7   55s
  5212  5160    1.62894  185  723    2.60100    1.51335  41.8%  93.7   60s
  6081  5998    1.66266  230  729    2.60100    1.51335  41.8%   100   66s
  6717  6526    1.90144  232  768    2.60100    1.51335  41.8%   110   71s
  7135  6963    1.89773  246  731    2.60100    1.51335  41.8%   117   75s
  7278  6964    1.53008  132  388    2.60100    1.51335  41.8%   118   83s
H 7279  6616                       2.5969886    1.51335  41.7%   118   84s
  7281  6617    1.63677  202  431    2.59699    1.51335  41.7%   118   89s
H 7281  6286                       2.5888960    1.51335  41.5%   118   93s
H 7281  5972                       2.5847667    1.51335  41.5%   118   93s
  7284  5974    2.24609  407  416    2.58477    1.51335  41.5%   118   95s
  7286  5975    1.62894  170  439    2.58477    1.51335  41.5%   118  105s
  7287  5976    2.21732  519  454    2.58477    1.51335  41.5%   118  110s
  7288  5977    1.64108   11  462    2.58477    1.51335  41.5%   118  116s
  7291  5979    1.80514  927  459    2.58477    1.51335  41.5%   118  121s
  7292  5982    1.51429   10  455    2.58477    1.51335  41.5%   124  129s
  7294  5986    1.58531   11  786    2.58477    1.51335  41.5%   124  135s
  7620  6227    1.61463   29  840    2.58477    1.51335  41.5%   128  140s
  8355  6718    1.58531   62  775    2.58477    1.51335  41.5%   125  147s
H 8361  6416                       2.5605844    1.51335  40.9%   125  147s
H 8386  6124                       2.5482159    1.51335  40.6%   125  147s
  9293  6824    1.58531  113  737    2.54822    1.51335  40.6%   123  150s
H10846  7504                       2.5473843    1.51335  40.6%   128  160s
H10850  7245                       2.5470828    1.51335  40.6%   129  160s
H10859  6955                       2.5426316    1.51335  40.5%   129  160s
 11885  7739    1.58531  238  618    2.54263    1.51335  40.5%   142  165s
 12892  8376    1.58531  308  557    2.54263    1.51335  40.5%   147  175s
 13037  8335    1.58531  315  546    2.54263    1.51335  40.5%   147  201s
H13038  8104                       2.5421927    1.51335  40.5%   147  201s
H13039  7884                       2.5412655    1.51335  40.4%   147  201s
 13808  8637    1.58599  363  642    2.54127    1.51335  40.4%   149  206s
 14061  8688    1.58599  387  639    2.54127    1.51335  40.4%   150  211s
 14426  9001    1.58599  404  612    2.54127    1.51335  40.4%   154  215s
 15242  9602    1.58852  464  653    2.54127    1.51335  40.4%   164  221s
 15540  9583    1.59468  498  712    2.54127    1.51335  40.4%   168  226s
 15987 10099    1.59565  508  703    2.54127    1.51335  40.4%   176  232s
 16285 10401    1.59503  524  695    2.54127    1.51335  40.4%   180  235s
 17181 11088    1.60767  569  656    2.54127    1.51335  40.4%   186  242s
 17674 11251    1.64671  590  712    2.54127    1.51335  40.4%   191  246s
 18003 11527    1.64704  604  699    2.54127    1.51335  40.4%   200  250s
 18881 12069    1.65152  633  732    2.54127    1.51335  40.4%   221  257s
H19224 11842                       2.5203629    1.51335  40.0%   224  263s
H19318 11839                       2.5174895    1.51335  39.9%   223  263s
H19319 11815                       2.5089413    1.51335  39.7%   223  263s
H19320 11808                       2.5014665    1.51335  39.5%   223  263s
 19322 12267    1.65991  640  758    2.50147    1.51335  39.5%   223  267s
 19781 12595    1.68918  645  756    2.50147    1.51335  39.5%   223  271s
 20109 12669    1.66680  657  760    2.50147    1.51335  39.5%   225  275s
H20476 12867                       2.4822929    1.51335  39.0%   230  288s
 20647 13280    1.66681  686  746    2.48229    1.51335  39.0%   233  293s
 21061 13806    1.67143  702  756    2.48229    1.51335  39.0%   235  297s
 21587 14527    1.67143  704  755    2.48229    1.51335  39.0%   235  305s
 22310 15175    1.67145  714  749    2.48229    1.51335  39.0%   234  310s
 22960 15637    1.67145  729  736    2.48229    1.51335  39.0%   233  318s
 23424 15645    1.79553  751  666    2.48229    1.51335  39.0%   237  348s
H23427 15392                       2.4165386    1.51335  37.4%   237  348s
 23432 16079    1.68059  751  732    2.41654    1.51335  37.4%   237  355s
 24121 16624    1.68060  761  728    2.41654    1.51335  37.4%   237  361s
 24697 17191    1.68060  779  713    2.41654    1.51335  37.4%   238  367s
 25288 18019    1.68062  799  696    2.41654    1.51335  37.4%   239  374s
 26143 19042    1.70452  817  701    2.41654    1.51335  37.4%   241  383s
H27168 19049                       2.4164237    1.51335  37.4%   243  436s
H27169 19049                       2.4162568    1.51335  37.4%   243  436s
H27172 19000                       2.4144779    1.51335  37.3%   243  436s
H27175 18976                       2.4116785    1.51335  37.2%   244  436s
 27176 19447    1.70424  859  677    2.41168    1.51335  37.2%   244  446s
 27652 19552    1.73222  888  643    2.41168    1.51335  37.2%   248  458s
 27759 20106    1.73222  888  646    2.41168    1.51335  37.2%   249  466s
 28344 20893    1.73354  906  634    2.41168    1.51335  37.2%   251  475s
H28401 20874                       2.4095149    1.51335  37.2%   252  475s
 29220 21890    1.74671  935  618    2.40951    1.51335  37.2%   252  486s
 30236 22411    1.83683  961  600    2.40951    1.51335  37.2%   252  495s
 30759 23721    1.83683  972  591    2.40951    1.51335  37.2%   254  505s
 32071 25027    1.83994 1073  527    2.40951    1.51335  37.2%   251  515s
 33377 26307    1.83995 1146  475    2.40951    1.51335  37.2%   247  524s
 34657 26829    1.84720 1165  463    2.40951    1.51335  37.2%   243  534s
 35181 27587    1.84170 1220  426    2.40951    1.51335  37.2%   244  542s
 35939 28304    1.84245 1267  454    2.40951    1.51335  37.2%   243  548s
 36658 29163    1.85310 1288  486    2.40951    1.51335  37.2%   242  555s
*37418 27950            2305       2.2687402    1.51335  33.3%   240  555s
H37691 28247                       2.2621830    1.51335  33.1%   239  568s
H37858 28241                       2.2616907    1.51335  33.1%   238  568s
 38185 28749    1.89528 1348  478    2.26169    1.51335  33.1%   238  577s
 38696 29269    1.89528 1352  477    2.26169    1.51335  33.1%   240  584s
 39220 29452    1.94603 1376  476    2.26169    1.51335  33.1%   241  592s
 39403 30064    1.95820 1376  491    2.26169    1.51335  33.1%   241  603s
 40015 30726    1.95558 1416  461    2.26169    1.51335  33.1%   241  612s
 40677 31350    1.96173 1460  418    2.26169    1.51335  33.1%   242  620s
 41334 31834    1.97035 1505  401    2.26169    1.51335  33.1%   242  630s
 42015 32137    1.97449 1529  402    2.26169    1.51335  33.1%   242  661s
H42034 32136                       2.2614300    1.51335  33.1%   243  661s
H42053 31971                       2.2426253    1.51335  32.5%   243  661s
H42333 31819                       2.2364111    1.51335  32.3%   243  661s
 42350 32645    1.97449 1539  397    2.23641    1.51335  32.3%   244  672s
 43187 33639    2.02855 1577  404    2.23641    1.51335  32.3%   249  683s
 44206 34944    2.05751 1640  380    2.23641    1.51335  32.3%   249  712s
 45549 35801    2.10290 1674  370    2.23641    1.51335  32.3%   249  746s
 46506 36210    2.11938 1710  349    2.23641    1.51335  32.3%   253  761s
 46930 37215    2.11964 1731  331    2.23641    1.51335  32.3%   254  775s
H47967 37223                       2.2364084    1.51335  32.3%   258  850s
H47968 37221                       2.2360749    1.51335  32.3%   258  850s
H47969 37221                       2.2357388    1.51335  32.3%   258  850s
H47971 37054                       2.2309041    1.51335  32.2%   258  850s
H47974 36980                       2.2249886    1.51335  32.0%   258  850s
 47975 37998    2.12489 1749  322    2.22499    1.51335  32.0%   258  865s
 49031 38772    2.12837 1792  294    2.22499    1.51335  32.0%   261  878s
 49833 39663    2.12886 1796  299    2.22499    1.51335  32.0%   264  891s
 50746 40466    2.15767 1828  275    2.22499    1.51335  32.0%   267  902s
 51603 41226    2.17757 1868  275    2.22499    1.51335  32.0%   270  914s
H52521 41234                       2.2249870    1.51335  32.0%   271  969s
H52522 41220                       2.2238903    1.51335  32.0%   271  969s
H52524 41200                       2.2190173    1.51335  31.8%   271  969s
 52529 42628     cutoff 1951         2.21902    1.51335  31.8%   271  983s
H53998 42765                       2.2190052    1.51335  31.8%   276  998s
H54086 42765                       2.2190049    1.51335  31.8%   278  998s
 54139 44020    1.71181  472  858    2.21900    1.51335  31.8%   278 1014s
 55396 44739    1.71985  557  845    2.21900    1.51335  31.8%   280 1028s
 56116 45407    1.72178  604  872    2.21900    1.51335  31.8%   284 1042s
 56807 46139    1.72178  605  875    2.21900    1.51335  31.8%   287 1057s
 57584 46502    1.72178  606  880    2.21900    1.51335  31.8%   290 1070s
 58016 47431    1.71985  601  822    2.21900    1.51335  31.8%   293 1085s
 58945 48118    1.80619  602  861    2.21900    1.51335  31.8%   298 1101s
 59632 49648    1.72199  606  858    2.21900    1.51335  31.8%   301 1118s
 61171 50761    1.71985  610  812    2.21900    1.51335  31.8%   299 1130s
 62342 51413    1.72181  613  853    2.21900    1.51335  31.8%   297 1142s
 63040 52433    1.72233  614  857    2.21900    1.51335  31.8%   298 1155s
 64078 53159    1.72229  614  872    2.21900    1.51335  31.8%   297 1169s
 64824 54300    1.72706  614  858    2.21900    1.51335  31.8%   295 1182s
 65983 55462    1.73773  689  799    2.21900    1.51335  31.8%   293 1195s
 67166 56489    1.76347  687  815    2.21900    1.51335  31.8%   291 1206s
 68301 57411    1.93044  726  904    2.21900    1.51335  31.8%   290 1221s
 69223 58074    1.76679  728  770    2.21900    1.51335  31.8%   290 1233s
H69886 58026                       2.2179339    1.51335  31.8%   291 1299s
H69888 54973                       2.1040368    1.51335  28.1%   291 1299s
 69894 55886    1.90940  778  858    2.10404    1.51335  28.1%   291 1313s
 70829 55891    1.90940  776  771    2.10404    1.51335  28.1%   290 1351s
H70831 55891                       2.1040357    1.51335  28.1%   290 1351s
H70833 55855                       2.1038375    1.51335  28.1%   290 1351s
H70838 55855                       2.1038227    1.51335  28.1%   290 1351s
 70840 56454    1.76810  778  722    2.10382    1.51335  28.1%   290 1361s
 71459 56983    1.76738  823  745    2.10382    1.51335  28.1%   291 1372s
 72222 57268    1.76932  857  732    2.10382    1.51335  28.1%   290 1405s
H72316 57268                       2.1038227    1.51335  28.1%   291 1405s
H72510 57268                       2.1038194    1.51335  28.1%   290 1405s
 72511 59438    1.76932  858  729    2.10382    1.51335  28.1%   290 1419s
H74711 59856                       2.1038120    1.51335  28.1%   287 1456s
 75129 65355    1.77002  861  727    2.10381    1.51335  28.1%   287 1512s
 81116 65641    1.77903  899  762    2.10381    1.51335  28.1%   282 1526s
 81454 67061    1.77357  901  805    2.10381    1.51335  28.1%   283 1539s
 82905 67888    1.77646  898  743    2.10381    1.51335  28.1%   283 1550s
H83142 67249                       2.0910572    1.51335  27.6%   283 1550s
 83774 68447    1.77646  899  757    2.09106    1.51335  27.6%   285 1566s
 85012 69265    1.77674  900  762    2.09106    1.51335  27.6%   286 1580s
 85836 69862    1.78031  902  818    2.09106    1.51335  27.6%   287 1590s
 86571 71099    1.78858  901  782    2.09106    1.51335  27.6%   288 1604s
 87900 72582    1.77332  901  799    2.09106    1.51335  27.6%   288 1616s
 89426 72805    1.77779  902  819    2.09106    1.51335  27.6%   286 1632s
H89651 75547                       2.0903425    1.51335  27.6%   287 1708s
H90586 75426                       2.0893572    1.51335  27.6%   290 1708s
H92456 75358                       2.0883550    1.51335  27.5%   293 1876s
 92464 76771    1.85082  904  855    2.08835    1.51335  27.5%   293 1898s
 94061 78207    1.80883  902  823    2.08835    1.51335  27.5%   293 1915s
 95861 79378    1.81882  903  886    2.08835    1.51335  27.5%   293 1932s
 97128 81142    1.80664  904  877    2.08835    1.51335  27.5%   294 1949s
 98931 81858    1.81877  904  894    2.08835    1.51335  27.5%   292 1965s
 99696 82998    1.81914  904  885    2.08835    1.51335  27.5%   294 1981s

Cutting planes:
  Gomory: 86
  Cover: 27
  Implied bound: 6
  MIR: 859
  Flow cover: 640
  Relax-and-lift: 14

Explored 100840 nodes (29586166 simplex iterations) in 1982.26 seconds (4602.56 work units)
Thread count was 16 (of 16 available processors)

Solution count 10: 2.08835 2.08936 2.09034 ... 2.10404

Solve interrupted
Best objective 2.088354980866e+00, best bound 1.513351752991e+00, gap 27.5338%
