
Gurobi 9.5.1 (mac64[x86]) logging started Thu Jun  9 15:40:28 2022

Set parameter LogFile to value "/Users/keyvanmajd/Documents/GitHub/NNRepLayer_v2/demos/walking_example/dynamic_constraint/repair_net/logs/opt_log_6_9_2022_15_39_38.log"
Gurobi Optimizer version 9.5.1 build v9.5.1rc2 (mac64[x86])
Thread count: 4 physical cores, 8 logical processors, using up to 8 threads
Optimize a model with 37077 rows, 22792 columns and 105173 nonzeros
Model fingerprint: 0x2b050a39
Model has 136 quadratic objective terms
Variable types: 9832 continuous, 12960 integer (12960 binary)
Coefficient statistics:
  Matrix range     [7e-04, 5e+01]
  Objective range  [2e-02, 3e+00]
  QObjective range [1e-01, 2e+00]
  Bounds range     [1e+00, 5e+01]
  RHS range        [2e-04, 5e+01]
Presolve removed 22254 rows and 8832 columns
Presolve time: 0.31s
Presolved: 14823 rows, 13960 columns, 69575 nonzeros
Presolved model has 136 quadratic objective terms
Variable types: 9640 continuous, 4320 integer (4320 binary)
Found heuristic solution: objective 44.5310477
Root relaxation presolve removed 4320 rows and 4320 columns
Root relaxation presolved: 10503 rows, 9640 columns, 60935 nonzeros
Root relaxation presolved model has 136 quadratic objective terms


Root relaxation: objective 3.293354e+01, 12292 iterations, 1.55 seconds (2.42 work units)

    Nodes    |    Current Node    |     Objective Bounds      |     Work
 Expl Unexpl |  Obj  Depth IntInf | Incumbent    BestBd   Gap | It/Node Time

     0     0   32.93354    0  865   44.53105   32.93354  26.0%     -    3s
H    0     0                      44.5171680   32.93354  26.0%     -    3s
H    0     0                      44.5054760   32.93355  26.0%     -   10s
H    0     0                      44.5036909   32.93355  26.0%     -   10s
H    0     0                      44.4397903   32.93355  25.9%     -   10s
H    0     0                      44.3642235   32.93355  25.8%     -   10s
H    0     0                      44.2759955   32.93355  25.6%     -   10s
     0     0   32.93355    0  679   44.27600   32.93355  25.6%     -   10s
     0     0   32.93355    0  660   44.27600   32.93355  25.6%     -   15s
     0     0   32.93355    0  764   44.27600   32.93355  25.6%     -   16s
     0     0   32.93355    0  759   44.27600   32.93355  25.6%     -   37s
     0     0   32.93355    0  740   44.27600   32.93355  25.6%     -   38s
     0     0   32.93355    0  738   44.27600   32.93355  25.6%     -   39s
     0     0   32.93355    0  765   44.27600   32.93355  25.6%     -   40s
     0     2   32.93355    0  765   44.27600   32.93355  25.6%     -   55s
     7    12   32.97591    3 1265   44.27600   32.93355  25.6%  1060   62s
   187   201   32.98328   50 1214   44.27600   32.93355  25.6%  96.6   65s
  1026  1031   32.98328  300  794   44.27600   32.93355  25.6%  41.8   81s
H 1030  1086                      44.1589598   32.93355  25.4%  41.7   84s
  1085  1236   32.98328  322  771   44.15896   32.93355  25.4%  40.6   85s
  2009  2272   32.98328  541  517   44.15896   32.93355  25.4%  34.6   90s
  2271  2406   32.98328  602  469   44.15896   32.93355  25.4%  32.2   97s
  2622  2814   32.98328  650  471   44.15896   32.93355  25.4%  36.5  100s
  3155  3271   32.99371  763  503   44.15896   32.93355  25.4%  46.8  105s
  3493  3534   33.01533  780  539   44.15896   32.93355  25.4%  51.0  116s
  3586  3665   33.01720  788  642   44.15896   32.93355  25.4%  64.6  123s
H 3603  3665                      43.9605925   32.93355  25.1%  64.5  123s
H 3663  3665                      43.9111090   32.93355  25.0%  64.9  123s
  3784  3877   33.01725  852  575   43.91111   32.93355  25.0%  65.0  126s
  4057  4249   33.04228  933  615   43.91111   32.93355  25.0%  71.2  132s
  4421  4519   33.04275 1061  468   43.91111   32.93355  25.0%  75.7  138s
  4518  4561   33.04593 1120  455   43.91111   32.93355  25.0%  79.9  147s
  4560  4754   33.04910 1132  443   43.91111   32.93355  25.0%  87.3  150s
  4753  4876   33.05482 1170  401   43.91111   32.93355  25.0%  90.7  157s
  4875  5059   33.06209 1182  406   43.91111   32.93355  25.0%  99.1  165s
H 5303  5304                      43.8995692   32.93355  25.0%   109  184s
H 5305  5040                      43.8971589   32.93355  25.0%   109  190s
  5307  5041   32.99012  728  799   43.89716   32.93355  25.0%   109  197s
  5309  5042   32.98328  452  808   43.89716   32.93355  25.0%   109  203s
  5310  5043   33.02735  953  793   43.89716   32.93355  25.0%   109  213s
  5311  5044   33.03380 1018  843   43.89716   32.93355  25.0%   109  223s
  5312  5044   32.98328  620  847   43.89716   32.93356  25.0%   109  241s
  5314  5046   32.99371  764  863   43.89716   32.93356  25.0%   109  247s
  5315  5046   33.01720  807  914   43.89716   32.93356  25.0%   109  259s
  5317  5048   32.93363  200  914   43.89716   32.93356  25.0%   109  267s
  5320  5055   32.94935   11 1174   43.89716   32.93356  25.0%   118  272s
  5328  5060   32.97777   12 1300   43.89716   32.93356  25.0%   121  276s
  5346  5072   32.94935   14 1195   43.89716   32.93356  25.0%   122  286s
  5357  5080   32.94935   16 1189   43.89716   32.93356  25.0%   122  299s
  5383  5105   32.94935   20 1188   43.89716   32.93356  25.0%   124  300s
  5588  5254   32.95049   41 1150   43.89716   32.93356  25.0%   132  305s
  5793  5405   32.95049   61 1115   43.89716   32.93356  25.0%   139  310s
  6071  5618   32.95049   86 1098   43.89716   32.93356  25.0%   145  315s
  6421  5840   32.95049  113 1055   43.89716   32.93356  25.0%   154  320s
  6891  6180   32.97003  150 1118   43.89716   32.93356  25.0%   167  325s
  7313  6465   32.95049  197  968   43.89716   32.93356  25.0%   181  330s
  7682  6718   32.95049  248  921   43.89716   32.93356  25.0%   192  336s
  7971  6964   32.95049  276  912   43.89716   32.93356  25.0%   205  340s
  8331  7199   32.95049  334  866   43.89716   32.93356  25.0%   214  345s
  8824  7559   33.06898  395 1409   43.89716   32.93356  25.0%   223  350s
  8996  7681   33.06898  422 1371   43.89716   32.93356  25.0%   225  355s
  9659  8240   33.07028  531 1168   43.89716   32.93356  25.0%   229  363s
  9956  8270   33.07028  569 1095   43.89716   32.93356  25.0%   226  366s
 10085  8378   33.07028  575 1097   43.89716   32.93356  25.0%   227  370s
 10330  8442   33.07028  597 1096   43.89716   32.93356  25.0%   231  377s
 10381  8573   33.07028  607 1074   43.89716   32.93356  25.0%   237  381s
 10529  8695   33.07028  646 1046   43.89716   32.93356  25.0%   238  387s
 10701  8794   33.07881  680 1074   43.89716   32.93356  25.0%   243  398s
 10857  8888   33.10267  702 1177   43.89716   32.93356  25.0%   255  411s
 11003  9090   33.10267  739 1129   43.89716   32.93356  25.0%   268  425s
 11254  9044   33.10276  789 1088   43.89716   32.93356  25.0%   280  440s
H11291  8783                      43.8670256   32.93356  24.9%   282  542s
H11295  8658                      43.8594266   32.93356  24.9%   282  561s
 11411  8846   33.18379  819 1039   43.85943   32.93356  24.9%   290  583s
H11436  8610                      43.8235598   32.93356  24.8%   303  583s
 11638  8790   33.10429  823 1053   43.82356   32.93356  24.8%   308  601s
H11808  8516                      43.7751253   32.93356  24.8%   315  601s
 11885  8575   33.11690  899 1176   43.77513   32.93356  24.8%   317  617s
 11970  8659   33.11709  910 1174   43.77513   32.93356  24.8%   322  636s
 12082  9041   33.11718  960 1129   43.77513   32.93356  24.8%   326  659s
 12501  9244   33.11823 1025 1076   43.77513   32.93356  24.8%   337  678s
 12844  9188   33.21732 1071 1135   43.77513   32.93356  24.8%   346  697s
H12888  8967                      43.7358507   32.93356  24.7%   349  697s
 12902  9235   33.21732 1075 1171   43.73585   32.93356  24.7%   355  723s
 13175  9541   33.49471 1106 1212   43.73585   32.93356  24.7%   369  750s
 13572  9551   33.67111 1166 1128   43.73585   32.93356  24.7%   373  777s
H13598  9347                      43.1524691   32.93356  23.7%   375  777s
 13714  9510   33.84143 1179 1036   43.15247   32.93356  23.7%   381  812s
 13915  9997   33.78955 1209 1064   43.15247   32.93356  23.7%   392  833s
 14469  9976   33.81899 1281 1069   43.15247   32.93356  23.7%   393  878s
 14633 10235   33.81899 1318 1039   43.15247   32.93356  23.7%   400  897s
H14947 10101                      43.0054515   32.93356  23.4%   404  956s
H15033  9896                      42.8289580   32.93356  23.1%   407  956s
 15103  9979   33.84650 1421  939   42.82896   32.93356  23.1%   414  988s
 15209 10081   33.85105 1438  906   42.82896   32.93356  23.1%   420 1028s
 15347 10100   33.85555 1450  908   42.82896   32.93356  23.1%   440 1080s
H15369 10096                      42.7309513   32.93356  22.9%   447 1080s
 15412 10173   33.85555 1455  906   42.73095   32.93356  22.9%   458 1123s
 15489 10309   33.85709 1457  899   42.73095   32.93356  22.9%   470 1170s
 15625 10484   33.85556 1465  900   42.73095   32.93356  22.9%   489 1207s
H15800 10614                      42.4105813   32.93356  22.3%   502 1254s
H15818 10614                      42.2941666   32.93356  22.1%   503 1254s
 15930 10640   33.85562 1506  877   42.29417   32.93356  22.1%   509 1287s
 15956 10764   33.85562 1507  876   42.29417   32.93356  22.1%   516 1329s
 16080 10852   33.85562 1518  875   42.29417   32.93356  22.1%   532 1374s
 16168 10971   33.85562 1519  875   42.29417   32.93356  22.1%   546 1419s
H16287 11004                      42.2674889   32.93356  22.1%   564 1499s
H16300 11004                      42.1366851   32.93356  21.8%   568 1499s
H16303 11004                      41.8902425   32.93356  21.4%   572 1499s
 16322 11139   33.85818 1538  869   41.89024   32.93356  21.4%   571 1795s
H16373 11139                      41.6796001   32.93356  21.0%   576 1795s
 16457 11307   33.86185 1542  879   41.67960   32.93356  21.0%   581 1831s
 16625 11681   33.90065 1561  874   41.67960   32.93356  21.0%   586 1901s
 16999 12052   33.91192 1603  844   41.67960   32.93356  21.0%   598 1944s
 17372 12286   33.93927 1642  802   41.67960   32.93356  21.0%   607 2001s
H17612 12456                      41.6796001   32.93356  21.0%   622 2081s
H17667 12454                      41.3761728   32.93356  20.4%   622 2081s
 17782 12987   33.95053 1677  780   41.37617   32.93356  20.4%   622 2125s
 18315 13589   34.00448 1751  767   41.37617   32.93356  20.4%   622 2176s
 18917 13786   34.08642 1838  709   41.37617   32.93356  20.4%   623 2229s
 19114 14473   34.14477 1870  698   41.37617   32.93356  20.4%   622 2300s
 19801 15144   34.16679 2058  580   41.37617   32.93356  20.4%   620 2343s
 20472 15786   34.31038 2108  550   41.37617   32.93356  20.4%   615 2401s
 21114 16283   34.67955 2179  565   41.37617   32.93356  20.4%   611 2468s
 21611 16434   34.72352 2294  477   41.37617   32.93356  20.4%   609 3805s
H21655 16434                      41.3478260   32.93356  20.3%   608 3805s
H21666 16434                      41.2153386   32.93356  20.1%   608 3805s
H21762 16956                      41.2146686   32.93356  20.1%   606 3940s
H22218 16956                      41.2044060   32.93356  20.1%   600 3940s
H22286 18391                      41.2043697   32.93356  20.1%   601 4062s
H22480 18391                      41.1734000   32.93356  20.0%   597 4062s
 23721 19167   35.35388 2536  342   41.17340   32.93356  20.0%   577 4112s
 24497 19919   35.52150 2716  228   41.17340   32.93356  20.0%   568 4154s
 25251 21084   35.68845 2878  155   41.17340   32.93356  20.0%   561 4191s
 26418 21924   36.16291 2950  138   41.17340   32.93356  20.0%   543 4224s
 27258 22897   36.30550 3010  124   41.17340   32.93356  20.0%   533 4251s
 28231 23367   36.45266 3086   96   41.17340   32.93356  20.0%   519 4281s
 28703 23795   36.59359 3161   64   41.17340   32.93356  20.0%   515 4303s
 29131 24257   36.61336 3232   35   41.17340   32.93356  20.0%   511 4328s
H29550 24189                      38.5782676   32.93356  14.6%   505 4328s
H29551 24187                      38.5404417   32.93356  14.5%   505 4328s
 29761 24768   36.86575 3294   20   38.54044   32.93356  14.5%   504 4372s
H29843 24036                      36.9283117   32.93356  10.8%   502 4372s
H29844 24036                      36.9250059   32.93356  10.8%   502 4372s
 30678 24786     cutoff 3350        36.92501   32.93356  10.8%   495 4406s
 31493 25759   33.39175  441 1736   36.92501   32.93356  10.8%   493 4464s
 32466 26093   33.04941  714 1054   36.92501   32.93356  10.8%   490 4495s
 32804 26565   34.52659  740 1483   36.92501   32.93356  10.8%   493 4531s
 33276 26894   33.09300  956  860   36.92501   32.93356  10.8%   494 4575s
H33509 26598                      36.6290236   32.93356  10.1%   496 4575s
 33765 27707   33.09563 1030  869   36.62902   32.93356  10.1%   497 4612s
 35001 28234   33.17166 1088  869   36.62902   32.93356  10.1%   492 4635s
H35528 28216                      36.6270189   32.93356  10.1%   492 4706s
H35530 28194                      36.6194560   32.93356  10.1%   492 4706s
 35532 28694   33.17593 1113  906   36.61946   32.93356  10.1%   493 4728s
 36032 29057   33.17878 1210  850   36.61946   32.93356  10.1%   492 4749s
 36395 29590   33.17967 1240  810   36.61946   32.93356  10.1%   495 4769s
 36928 29694   33.18099 1253  823   36.61946   32.93356  10.1%   493 4791s
 37032 29929   33.18109 1256  935   36.61946   32.93356  10.1%   499 4814s
 37275 30362   33.18109 1259  926   36.61946   32.93356  10.1%   502 4835s
 37708 30786   33.18160 1268  927   36.61946   32.93356  10.1%   501 4856s
 38132 30816   33.21103 1327  965   36.61946   32.93356  10.1%   502 4876s
 38163 30937   33.18204 1325  816   36.61946   32.93356  10.1%   502 4900s
 38284 31125   33.19622 1323  815   36.61946   32.93356  10.1%   504 4922s
 38472 31341   33.20772 1323  806   36.61946   32.93356  10.1%   507 4939s
 38688 31603   33.33964 1335  915   36.61946   32.93356  10.1%   508 4957s
 38950 31857   33.35243 1336  893   36.61946   32.93356  10.1%   508 4974s
 39204 32149   33.21100 1330  839   36.61946   32.93356  10.1%   508 4991s
 39496 32444   33.34073 1349  834   36.61946   32.93356  10.1%   507 5012s
H39759 31478                      36.3044918   32.93356  9.29%   506 5012s
 39887 32149   33.38422 1401  809   36.30449   32.93356  9.29%   506 5042s
 40568 32285   33.35789 1400  845   36.30449   32.93356  9.29%   503 5069s
 40705 32352   33.35789 1401  856   36.30449   32.93356  9.29%   507 5096s
 40772 32426   33.38362 1401  873   36.30449   32.93356  9.29%   512 5122s
 40846 32455   33.38255 1407  843   36.30449   32.93356  9.29%   517 5152s
 40875 32469   33.38542 1411  893   36.30449   32.93356  9.29%   524 5179s
H40889 32464                      36.3025761   32.93356  9.28%   527 5265s
H40899 32450                      36.2958289   32.93356  9.26%   529 5265s
 40905 32484   33.38256 1407  842   36.29583   32.93356  9.26%   529 5290s
 40939 32516   33.38543 1410  932   36.29583   32.93356  9.26%   535 5317s
 40971 32579   33.38524 1411  924   36.29583   32.93356  9.26%   539 5348s
 41034 32669   33.38522 1412  911   36.29583   32.93356  9.26%   545 5380s
 41124 33124   33.38471 1408  844   36.29583   32.93356  9.26%   550 5414s
 41579 33240   33.38598 1409  851   36.29583   32.93356  9.26%   555 5446s
 41695 33617   33.38733 1411  922   36.29583   32.93356  9.26%   564 5512s
 42072 33683   33.38733 1411  928   36.29583   32.93356  9.26%   580 5594s
H42082 33640                      36.2837143   32.93356  9.23%   586 5594s
 42139 33754   33.38256 1408  857   36.28371   32.93356  9.23%   594 5695s
 42253 34192   33.44750 1409  820   36.28371   32.93356  9.23%   621 5827s
 42691 34380   33.40193 1414  924   36.28371   32.93356  9.23%   648 5967s
H42760 34380                      36.2834325   32.93356  9.23%   650 5967s
 42879 34573   33.43287 1438  885   36.28343   32.93356  9.23%   667 6091s
 43075 35355   33.43257 1439 1271   36.28343   32.93356  9.23%   689 6238s
 43915 36229   33.43366 1446  870   36.28343   32.93356  9.23%   704 6349s
 44789 37654   33.46850 1471  842   36.28343   32.93356  9.23%   710 6440s
 46244 37825   33.49523 1536  727   36.28343   32.93356  9.23%   707 6544s
 46415 38330   33.49523 1537  726   36.28343   32.93356  9.23%   711 6620s
 46920 39167   33.67270 1542  858   36.28343   32.93356  9.23%   717 6676s
 47757 39437   33.66886 1541  834   36.28343   32.93356  9.23%   713 6740s
 48027 39730   33.52552 1539  702   36.28343   32.93356  9.23%   717 6788s
 48320 39845   33.65511 1543  732   36.28343   32.93356  9.23%   721 6849s
 48435 40200   33.70843 1547  718   36.28343   32.93356  9.23%   730 6912s
 48790 40839   33.70838 1546  790   36.28343   32.93356  9.23%   737 6968s
 49431 40941   33.79787 1589  785   36.28343   32.93356  9.23%   738 7019s
 49533 41168   33.79787 1587  738   36.28343   32.93356  9.23%   744 7068s
 49760 41290   33.80402 1583  677   36.28343   32.93356  9.23%   748 7128s
 49882 41369   33.79797 1588  708   36.28343   32.93356  9.23%   756 7182s
 49961 41435   33.80341 1589  711   36.28343   32.93356  9.23%   764 7232s
 50027 41611   33.80242 1586  733   36.28343   32.93356  9.23%   770 7281s
 50203 41615   33.87513 1599  703   36.28343   32.93356  9.23%   773 7371s
 50207 42087   33.87509 1597  709   36.28343   32.93356  9.23%   773 7420s
 50683 42418   33.80528 1661  660   36.28343   32.93356  9.23%   773 7472s
 51014 42774   33.80597 1689  630   36.28343   32.93356  9.23%   776 7527s
 51370 42886   33.83905 1699  653   36.28343   32.93356  9.23%   779 7579s
 51486 42927   33.88087 1700  701   36.28343   32.93356  9.23%   784 7629s
 51527 42931   33.83639 1701  658   36.28343   32.93356  9.23%   791 9087s
H51528 42931                      36.2833170   32.93356  9.23%   791 9087s
H51529 42929                      36.2819170   32.93356  9.23%   791 9087s
H51530 42913                      36.2769250   32.93356  9.22%   791 9087s
 51531 43219   33.83623 1700  635   36.27693   32.93356  9.22%   791 9137s
 51837 43459   33.83650 1733  668   36.27693   32.93356  9.22%   792 9197s
 52077 43948   33.83672 1742  731   36.27693   32.93356  9.22%   794 9251s
 52566 44242   33.84639 1759  708   36.27693   32.93356  9.22%   794 9310s
H52842 44242                      36.2768717   32.93356  9.22%   795 9310s
 52860 44618   33.84623 1759  705   36.27687   32.93356  9.22%   796 9367s
 53238 44802   33.85839 1796  683   36.27687   32.93356  9.22%   800 9445s
H53399 44802                      36.2768717   32.93356  9.22%   799 9445s
H53402 44794                      36.2756727   32.93356  9.21%   801 9445s
 53422 45246   33.85944 1827  663   36.27567   32.93356  9.21%   802 9533s
 53876 45874   33.87458 1907  618   36.27567   32.93356  9.21%   806 9630s
 54506 46112   33.89562 1988  613   36.27567   32.93356  9.21%   810 9696s
 54746 47234   33.91358 1994  595   36.27567   32.93356  9.21%   811 9783s
 55870 47793   33.94669 2005  663   36.27567   32.93356  9.21%   807 9851s
 56429 48680   33.96296 2024  616   36.27567   32.93356  9.21%   807 9917s
H57316 48989                      36.2756724   32.93356  9.21%   803 9980s
 57625 50102   33.99838 2087  582   36.27567   32.93356  9.21%   800 10036s
 58738 50657   34.00606 2119  576   36.27567   32.93356  9.21%   792 10086s
 59293 50941   34.02342 2156  512   36.27567   32.93356  9.21%   790 10136s
 59577 51691   34.02341 2157  504   36.27567   32.93356  9.21%   792 10187s
 60327 52231   34.07395 2159  514   36.27567   32.93356  9.21%   788 10233s
 60867 52575   34.07659 2167  528   36.27567   32.93356  9.21%   786 10315s
 61213 53033   34.08712 2172  532   36.27567   32.93356  9.21%   787 10405s
 61671 53335   34.11563 2179  515   36.27567   32.93356  9.21%   787 10469s
 61975 53469   34.13835 2199  474   36.27567   32.93356  9.21%   786 10538s
 62111 54079   34.21694 2208  482   36.27567   32.93356  9.21%   787 10613s
 62721 54561   34.21694 2211  493   36.27567   32.93356  9.21%   784 10738s
H62936 54544                      36.2652259   32.93356  9.19%   784 10738s
 63203 55511   34.22536 2212  467   36.26523   32.93356  9.19%   781 10831s
 64176 55678   34.20516 2211  496   36.26523   32.93356  9.19%   774 10879s
 64343 55831   34.20805 2214  497   36.26523   32.93356  9.19%   773 10934s
 64496 56186   34.21136 2214  463   36.26523   32.93356  9.19%   775 10995s
 64851 57112   34.21267 2217  488   36.26523   32.93356  9.19%   774 11059s
 65777 57223   34.33393 2221  486   36.26523   32.93356  9.19%   766 11118s
 65900 57450   34.22402 2224  455   36.26523   32.93356  9.19%   767 11179s
 66135 57647   34.34426 2224  464   36.26523   32.93356  9.19%   767 11246s
 66386 57752   34.33364 2225  467   36.26523   32.93356  9.19%   767 11440s
H66394 57752                      36.2652256   32.93356  9.19%   768 11440s
H66405 57752                      36.2652255   32.93356  9.19%   768 11441s
 66499 58042   34.34428 2225  461   36.26523   32.93356  9.19%   769 11508s
 66789 58170   34.33945 2226  462   36.26523   32.93356  9.19%   768 11570s
 66919 58473   34.43759 2222  465   36.26523   32.93356  9.19%   770 11656s
 67226 58514   34.44846 2230  464   36.26523   32.93356  9.19%   771 11716s
 67271 58580   34.44844 2230  472   36.26523   32.93356  9.19%   774 11758s
 67341 58657   34.44846 2230  469   36.26523   32.93356  9.19%   777 11802s
 67422 59028   34.44905 2230  429   36.26523   32.93356  9.19%   780 11866s
 67797 59112   34.46498 2232  467   36.26523   32.93356  9.19%   780 11911s
 67897 59160   34.47985 2234  456   36.26523   32.93356  9.19%   784 11957s
 67966 59169   34.46615 2234  482   36.26523   32.93356  9.19%   787 12012s
 68007 59281   34.46615 2233  478   36.26523   32.93356  9.19%   791 12061s
 68143 59589   34.48722 2234  464   36.26523   32.93356  9.19%   794 12114s
 68481 60013   34.57811 2234  464   36.26523   32.93356  9.19%   793 12156s
 68957 60364   34.48738 2235  458   36.26523   32.93356  9.19%   792 12207s
 69342 60429   34.61318 2255  451   36.26523   32.93356  9.19%   792 12299s
 69447 60844   34.61321 2256  451   36.26523   32.93356  9.19%   793 12356s
 70012 61949   34.63368 2268  426   36.26523   32.93356  9.19%   791 12411s
 71123 62421   34.64996 2278  399   36.26523   32.93356  9.19%   784 12471s
 71601 62583   34.65541 2286  406   36.26523   32.93356  9.19%   785 12480s

Cutting planes:
  Gomory: 93
  Implied bound: 107
  MIR: 1998
  Flow cover: 1140
  Relax-and-lift: 13

Explored 71763 nodes (56256455 simplex iterations) in 12480.68 seconds (24893.00 work units)
Thread count was 8 (of 8 available processors)

Solution count 10: 36.2652 36.2652 36.2652 ... 36.2833

Solve interrupted
Best objective 3.626522546284e+01, best bound 3.293355805393e+01, gap 9.1869%
