
Gurobi 9.5.1 (mac64[x86]) logging started Wed Jun  8 01:17:56 2022

Set parameter LogFile to value "/Users/keyvanmajd/Documents/GitHub/NNRepLayer_v2/demos/examples/tc7_walking_example/repair_inp_out_constraint/repair_net/logs/opt_log_6_8_2022_1_17_32.log"
Gurobi Optimizer version 9.5.1 build v9.5.1rc2 (mac64[x86])
Thread count: 4 physical cores, 8 logical processors, using up to 8 threads
Optimize a model with 4761 rows, 2804 columns and 12561 nonzeros
Model fingerprint: 0x640eb48d
Model has 170 quadratic objective terms
Variable types: 1283 continuous, 1521 integer (1521 binary)
Coefficient statistics:
  Matrix range     [5e-03, 5e+01]
  Objective range  [1e-02, 2e+00]
  QObjective range [1e-01, 2e+00]
  Bounds range     [1e+00, 4e+01]
  RHS range        [5e-04, 4e+01]
Presolve removed 3047 rows and 1179 columns
Presolve time: 0.05s
Presolved: 1714 rows, 1625 columns, 7741 nonzeros
Presolved model has 170 quadratic objective terms
Variable types: 1196 continuous, 429 integer (429 binary)
Found heuristic solution: objective 51.7010409
Root relaxation presolve removed 429 rows and 429 columns
Root relaxation presolved: 1285 rows, 1196 columns, 6883 nonzeros
Root relaxation presolved model has 170 quadratic objective terms


Root relaxation: objective 2.397561e+01, 1915 iterations, 0.05 seconds (0.05 work units)

    Nodes    |    Current Node    |     Objective Bounds      |     Work
 Expl Unexpl |  Obj  Depth IntInf | Incumbent    BestBd   Gap | It/Node Time

     0     0   23.97561    0  278   51.70104   23.97561  53.6%     -    0s
H    0     0                      51.7010409   23.97561  53.6%     -    0s
     0     0   24.00448    0  310   51.70104   24.00448  53.6%     -    0s
     0     0   24.00448    0  310   51.70104   24.00448  53.6%     -    0s
     0     0   24.00448    0  311   51.70104   24.00448  53.6%     -    0s
     0     0   24.00448    0  311   51.70104   24.00448  53.6%     -    0s
     0     0   24.00448    0  316   51.70104   24.00448  53.6%     -    0s
     0     2   24.00448    0  316   51.70104   24.00448  53.6%     -    0s
H   30    35                      51.7010401   24.11220  53.4%   114    1s
H  108   117                      51.6254892   24.11220  53.3%  52.9    1s
H  139   144                      51.6254890   24.11220  53.3%   165    1s
H  168   174                      51.6254886   24.11220  53.3%   198    2s
H  198   205                      51.6254878   24.11220  53.3%   237    3s
H  201   205                      51.4128041   24.11220  53.1%   236    3s
H  229   253                      51.4102844   24.11220  53.1%   234    3s
H  231   253                      51.4098106   24.11220  53.1%   235    3s
H  239   253                      51.3922173   24.11220  53.1%   229    3s
H  284   292                      51.3922167   24.11220  53.1%   213    3s
H  289   292                      51.3849636   24.11220  53.1%   212    3s
   557   610   27.38419   90  220   51.38496   24.11220  53.1%   154    5s
H  897   939                      51.1880890   24.11220  52.9%   120    5s
H 1040  1045                      50.3596770   24.11220  52.1%   111    6s
H 1050  1061                      49.7103926   24.11220  51.5%   111    7s
H 1051  1061                      49.6351576   24.11220  51.4%   111    7s
  1573  1621   36.04973  263   86   49.63516   24.11220  51.4%  92.7   10s
H 1618  1621                      48.6591225   24.11220  50.4%  91.0   10s
H 1888  1813                      48.3327994   24.11220  50.1%  83.4   10s
* 1957  1620             344      39.2366381   24.11220  38.5%  82.4   11s
H 2065  1549                      39.2366381   24.11220  38.5%  88.4   12s
H 2073  1478                      39.2366381   24.11220  38.5%  90.1   14s
  2074  1480   24.11220   13  337   39.23664   24.11220  38.5%  90.1   15s
H 2104  1432                      39.2366377   24.11220  38.5%  95.0   15s
H 2109  1360                      39.2309992   24.11220  38.5%  95.0   15s
H 2182  1352                      37.8159106   24.11220  36.2%   106   17s
H 2221  1316                      37.7710079   24.11220  36.2%   109   17s
H 2263  1277                      37.7673031   24.11220  36.2%   112   19s
H 2265  1219                      37.7471780   24.11220  36.1%   113   19s
H 2267  1164                      37.7383397   24.11220  36.1%   113   19s
H 2268  1112                      37.6637518   24.11220  36.0%   113   19s
  2406  1230   24.62322   34  321   37.66375   24.11220  36.0%   117   20s
H 2533  1232                      37.3258545   24.11220  35.4%   123   23s
  2637  1278   26.07981   51  292   37.32585   24.11220  35.4%   127   26s
H 2646  1228                      37.2813651   24.11220  35.3%   127   26s
H 2648  1192                      37.2470950   24.11220  35.3%   127   29s
H 2649  1150                      37.2381720   24.11220  35.2%   127   29s
  2823  1335   27.32432   64  294   37.23817   24.11220  35.2%   129   30s
H 3676  1813                      37.2265014   24.11220  35.2%   128   34s
H 3687  1771                      37.2252701   24.11220  35.2%   128   34s
  3801  1933   30.01256  114  228   37.22527   24.11220  35.2%   127   35s
H 4151  2007                      37.0033813   24.11220  34.8%   127   45s
H 4153  2007                      36.9117280   24.11220  34.7%   127   45s
H 4154  2001                      36.3657867   24.11220  33.7%   127   45s
H 4160  2007                      36.3520624   24.11220  33.7%   127   49s
  4261  2193   31.68964  145  201   36.35206   24.11220  33.7%   127   50s
H 5273  2921                      36.3520623   24.11220  33.7%   123   57s
H 5280  2903                      36.2104846   24.11220  33.4%   123   57s
  5811  3427     cutoff   75        36.21048   24.11220  33.4%   125   60s
  6595  4174   29.30374   44  289   36.21048   24.11220  33.4%   133   65s
  7664  5142   34.45074   89  260   36.21048   24.11220  33.4%   138   70s
  8527  6067   28.97275   58  260   36.21048   24.11220  33.4%   144   75s
 10258  7558   33.12719  139  188   36.21048   24.11220  33.4%   138   81s
H10718  7700                      36.2104538   24.11220  33.4%   136   84s
H10761  7675                      36.1570070   24.11220  33.3%   136   84s
 10884  8022   34.90278  176  144   36.15701   24.11220  33.3%   136   86s
 11747  8698   25.16157   33  303   36.15701   24.11220  33.3%   136   90s
 13363 10035   28.79184   50  294   36.15701   24.11220  33.3%   135   95s
 14288 10750   26.27831   32  327   36.15701   24.11220  33.3%   136  100s
H14805 10758                      36.1570069   24.11220  33.3%   138  106s
H14806 10758                      36.1570069   24.11220  33.3%   138  106s

Cutting planes:
  Cover: 31
  Implied bound: 115
  Clique: 1
  MIR: 378
  Flow cover: 378
  Relax-and-lift: 16

Explored 14813 nodes (2043133 simplex iterations) in 106.86 seconds (129.08 work units)
Thread count was 8 (of 8 available processors)

Solution count 10: 36.157 36.157 36.2105 ... 37.2265

Solve interrupted
Best objective 3.615700692225e+01, best bound 2.411219707047e+01, gap 33.3125%
