
Gurobi 9.5.1 (linux64) logging started Tue 16 Aug 2022 08:59:42 PM MST

Set parameter LogFile to value "/home/local/ASUAD/kmajd1/NNRepLayer_v2/demos/walking_example/dynamic_constraint/repair_net/logs/opt_log_multi_27.log"
Gurobi Optimizer version 9.5.1 build v9.5.1rc2 (linux64)
Thread count: 48 physical cores, 96 logical processors, using up to 48 threads
Optimize a model with 15477 rows, 9832 columns and 127509 nonzeros
Model fingerprint: 0x1e0aae6a
Model has 135 quadratic objective terms
Variable types: 5512 continuous, 4320 integer (4320 binary)
Coefficient statistics:
  Matrix range     [4e-03, 6e+01]
  Objective range  [2e-02, 3e+00]
  QObjective range [1e-01, 1e-01]
  Bounds range     [3e-04, 3e+02]
  RHS range        [1e-04, 6e+01]

Concurrent MIP optimizer: 3 concurrent instances (16 threads per instance)

Presolve removed 462 rows and 96 columns
Presolve time: 0.20s
Presolved: 15015 rows, 9736 columns, 126855 nonzeros
Presolved model has 135 quadratic objective terms
Variable types: 5416 continuous, 4320 integer (4320 binary)
Root relaxation presolve removed 4320 rows and 4320 columns
Root relaxation presolved: 10695 rows, 5416 columns, 113895 nonzeros
Root relaxation presolved model has 135 quadratic objective terms


Root relaxation: objective 2.041016e+01, 8921 iterations, 0.41 seconds (0.74 work units)

    Nodes    |    Current Node    |     Objective Bounds      |     Work
 Expl Unexpl |  Obj  Depth IntInf | Incumbent    BestBd   Gap | It/Node Time

     0     0      -    -    -              -   20.41016      -     -    0s
     0     0      -    -    -              -   20.41016      -     -    3s
     0     2      -    -    -              -   20.41016      -     -    9s
    15    32      -    -    -              -   20.41016      -     -   10s
  1835  1908      -    -    -              -   20.41016      -     -   15s
  4079  4261      -    -    -              -   20.41016      -     -   20s
  6379  6676      -    -    -              -   20.41016      -     -   25s
  9008  9223      -    -    -              -   20.41016      -     -   30s
 10338 10338      -    -    -              -   20.41016      -     -   38s
 10340 10340      -    -    -       55.87089   20.41016  63.5%     -   54s
 10341 10343      -    -    -       35.84931   20.41016  43.1%     -   66s
 10927 10781      -    -    -       35.84931   20.41016  43.1%     -   70s
 14087 12999      -    -    -       35.84931   20.41016  43.1%     -   75s
 16803 14932      -    -    -       35.84931   20.41016  43.1%     -   80s
 20348 17314      -    -    -       35.84931   20.41016  43.1%     -   85s
 21778 18590      -    -    -       33.11955   20.41016  38.4%     -   91s
 22994 18845      -    -    -       33.11955   20.41016  38.4%     -  109s
 23002 18324      -    -    -       33.11955   20.41016  38.4%     -  110s
 23062 17363      -    -    -       32.60390   20.41016  37.4%     -  136s
 23078 16860      -    -    -       32.09796   20.41016  36.4%     -  161s
 24162 17103      -    -    -       32.09796   20.41016  36.4%     -  165s
 25404 16903      -    -    -       32.09796   20.41016  36.4%     -  173s
 26074 17294      -    -    -       32.09796   20.41016  36.4%     -  177s
 26688 17148      -    -    -       32.09796   20.41016  36.4%     -  185s
 27057 16841      -    -    -       32.09796   20.41016  36.4%     -  195s
 27749 17966      -    -    -       32.09796   20.41016  36.4%     -  201s
 28305 18169      -    -    -       32.09795   20.41016  36.4%     -  210s
 28508 18674      -    -    -       32.09795   20.41016  36.4%     -  221s
 29015 18897      -    -    -       32.09795   20.41016  36.4%     -  236s
 29238 18913      -    -    -       32.09767   20.41016  36.4%     -  287s
 29254 19311      -    -    -       32.09767   20.41016  36.4%     -  294s
 29652 19536      -    -    -       32.09767   20.41016  36.4%     -  300s
 29877 19811      -    -    -       32.09767   20.41016  36.4%     -  308s
 30152 19956      -    -    -       32.09767   20.41016  36.4%     -  317s
 30297 20348      -    -    -       32.09767   20.41016  36.4%     -  329s
 30689 20637      -    -    -       32.09767   20.41016  36.4%     -  344s
 30978 20681      -    -    -       32.09767   20.41016  36.4%     -  365s
 31022 20935      -    -    -       32.09767   20.41016  36.4%     -  490s
 31276 21388      -    -    -       32.09767   20.41016  36.4%     -  503s

Resetting heuristic parameters to focus on improving solution
(using Heuristics=0.5 and RINS=10)...

 31729 21426      -    -    -       32.09767   20.41016  36.4%     -  519s
 31767 21488      -    -    -       31.46508   20.41016  35.1%     -  600s

Instance 0 was solved

Explored 31829 nodes (7692505 simplex iterations) in 600.40 seconds (1297.30 work units)
Thread count was 16 (of 96 available processors)

Solution count 10: 31.4651 31.8136 32.0977 ... 32.7047 

Time limit reached
Best objective 3.146507654485e+01, best bound 2.041016471934e+01, gap 35.1339%
