
Gurobi 9.5.1 (linux64) logging started Wed 13 Jul 2022 01:09:10 PM MST

Set parameter LogFile to value "/home/local/ASUAD/kmajd1/NNRepLayer_v2/demos/walking_example/dynamic_constraint/repair_net/logs/opt_log_7_13_2022_13_8_20.log"
Gurobi Optimizer version 9.5.1 build v9.5.1rc2 (linux64)
Thread count: 48 physical cores, 96 logical processors, using up to 32 threads
Optimize a model with 54762 rows, 36942 columns and 865962 nonzeros
Model fingerprint: 0x08202808
Model has 270 quadratic objective terms
Variable types: 19662 continuous, 17280 integer (17280 binary)
Coefficient statistics:
  Matrix range     [2e-04, 5e+02]
  Objective range  [1e-02, 1e+00]
  QObjective range [7e-02, 7e-02]
  Bounds range     [4e-01, 1e+03]
  RHS range        [2e-04, 5e+02]
Presolve removed 884 rows and 232 columns
Presolve time: 2.92s
Presolved: 53878 rows, 36710 columns, 855278 nonzeros
Presolved model has 270 quadratic objective terms
Variable types: 19546 continuous, 17164 integer (17164 binary)
Root relaxation presolve removed 17163 rows and 17160 columns
Root relaxation presolved: 36715 rows, 19550 columns, 803763 nonzeros
Root relaxation presolved model has 270 quadratic objective terms


Root simplex log...

Iteration    Objective       Primal Inf.    Dual Inf.      Time
       0    2.4718123e+01   0.000000e+00   0.000000e+00      6s
   77327    3.0158842e+01   0.000000e+00   0.000000e+00      9s
   77327    3.0158842e+01   0.000000e+00   0.000000e+00      9s

Root relaxation: objective 3.015884e+01, 77327 iterations, 5.58 seconds (13.14 work units)

    Nodes    |    Current Node    |     Objective Bounds      |     Work
 Expl Unexpl |  Obj  Depth IntInf | Incumbent    BestBd   Gap | It/Node Time

     0     0   30.15884    0 3674          -   30.15884      -     -    9s
     0     0   30.15884    0 3589          -   30.15884      -     -   15s
     0     0   30.15884    0 3251          -   30.15884      -     -   20s
     0     0   30.15884    0 3052          -   30.15884      -     -   27s
     0     0   30.15884    0 2857          -   30.15884      -     -   35s
     0     0   30.15884    0 2625          -   30.15884      -     -   42s
     0     0   30.15884    0 2572          -   30.15884      -     -   53s
     0     0   30.15884    0 2388          -   30.15884      -     -   68s
     0     0   30.15884    0 2341          -   30.15884      -     -   83s
     0     0   30.15884    0 2044          -   30.15884      -     -   93s
     0     0   30.15884    0 2171          -   30.15884      -     -  120s
     0     0   30.15884    0 2094          -   30.15884      -     -  149s
     0     0   30.15884    0 2094          -   30.15884      -     -  185s
     0     2   30.15884    0 2094          -   30.15884      -     -  415s
     1     4   30.15884    1 2092          -   30.15884      -  15.0  459s
     3     8   30.15884    2 2090          -   30.15884      - 16690  493s
     7    16   30.15884    3 2087          -   30.15884      - 19619  511s
    15    32   30.15884    4 2084          -   30.15884      - 11840  528s
    31    64   30.15884    5 2083          -   30.15884      -  6249  539s
    63    96   30.15884    6 2082          -   30.15884      -  3616  541s
   255   314   30.15884   12 2077          -   30.15884      -   928  545s
   625   687   30.15884   23 2074          -   30.15884      -   391  550s
   937  1002   30.15884   31 2066          -   30.15884      -   269  555s
  1234  1306   30.15884   40 2060          -   30.15884      -   208  560s
  1389  1473   30.15884   45 2053          -   30.15884      -   192  565s
  1560  1655   30.15884   50 2049          -   30.15884      -   180  570s
  1755  1853   30.15884   57 2047          -   30.15884      -   168  586s
  1967  2081   30.15884   65 2032          -   30.15884      -   162  592s
  2080  2157   30.15884   69 2027          -   30.15884      -   161  604s
  2156  2271   30.15884   73 2018          -   30.15884      -   171  606s
  2406  2544   30.15884   78 2020          -   30.15884      -   165  610s
  2665  2800   30.15884   84 2012          -   30.15884      -   158  630s
  2959  3086   30.15884   94 2000          -   30.15884      -   159  636s
  3085  3225   30.15884   96 1983          -   30.15884      -   161  644s
  3224  3389   30.15884   97 1982          -   30.15884      -   164  647s
  3388  3547   30.30456   99 1989          -   30.15884      -   163  651s
  3719  3915   30.34097  105 2000          -   30.15884      -   165  658s
  3914  4113   30.34097  110 1993          -   30.15884      -   165  662s
  4361  4675   30.34097  115 1986          -   30.15884      -   164  667s
  4674  4943   30.34554  117 1983          -   30.15884      -   162  791s
  4942  5363   30.34554  119 1985          -   30.15884      -   189  800s
  5362  5743   30.34554  132 1974          -   30.15884      -   185  838s
  5742  6188   30.34554  143 1954          -   30.15884      -   189  910s
  6187  6368   30.34554  168 1915          -   30.15884      -   202  956s
  6367  6595   30.34554  171 1929          -   30.15884      -   235 1154s
  6594  6871   30.34554  175 1925          -   30.15884      -   333 1250s
  6870  7022   30.34554  181 1915          -   30.15884      -   392 1373s
  7021  7150   30.34554  183 1931          -   30.15884      -   494 1490s
  7149  7336   30.34554  184 1921          -   30.15884      -   760 1529s
  7335  7532   30.34554  188 1917          -   30.15884      -   784 1559s
  7531  7811   30.34554  190 1915          -   30.15884      -   797 1607s
  7810  8142   30.34554  193 1916          -   30.15884      -   820 1656s
  8141  8498   30.34554  196 1914          -   30.15884      -   839 1691s
  8497  8855   30.34554  197 1912          -   30.15884      -   857 1764s
  8854  9183   30.62485  205 1957          -   30.15884      -   905 1815s
  9184  9581   30.39504  208 1920          -   30.15884      -   936 1887s
  9582 10133   30.50760  226 1905          -   30.15884      -   962 1929s
 10134 10638   30.90107  227 1980          -   30.15884      -   961 1975s
 10639 11242   30.90107  228 1976          -   30.15884      -   976 2023s
 11245 11967   32.09076  230 2052          -   30.15884      -   997 2083s
 11970 12307   30.97412  231 2552          -   30.15884      -  1098 2134s
 12310 13151   30.99867  232 2564          -   30.15884      -  1121 2199s
 13154 14109   34.81229  260 2815          -   30.15884      -  1209 2273s
 14116 15473   35.51387  334 2818          -   30.15884      -  1281 2334s
 15485 15474   35.83963  307 2094          -   30.15884      -  1290 2338s
 15487 15475   33.22645    8 3637          -   30.15884      -  1290 2350s
 15488 15476   36.95569  308 3581          -   30.15884      -  1290 2355s
 15489 15477   32.26776   14 3339          -   30.15884      -  1290 2363s
 15490 15477   36.74163  286 3204          -   30.15884      -  1290 2371s
 15491 15478   34.11674   58 3120          -   30.15884      -  1290 2399s
 15492 15479   37.64100  517 2962          -   30.15884      -  1290 2408s
 15493 15479   35.53519  349 2889          -   30.15884      -  1290 2437s
 15494 15480   35.90787  269 2779          -   30.15884      -  1289 2445s
 15495 15481   34.07611  314 2774          -   30.15884      -  1289 2483s
 15496 15481   34.07528  280 2626          -   30.15884      -  1289 2494s
 15497 15482   34.09347   42 2557          -   30.15884      -  1289 2527s
 15498 15483   36.51365  119 2527          -   30.15884      -  1289 2538s
 15499 15483   34.09520  252 2587          -   30.15884      -  1289 2588s
 15500 15484   36.51365  204 2395          -   30.15884      -  1289 2599s
 15501 15485   34.95208  388 2325          -   30.15884      -  1289 2636s
 15502 15485   31.74686  126 2378          -   30.15884      -  1289 2667s
 15503 15486   39.91482  688 2378          -   30.15884      -  1289 2726s
 15504 15487   34.04559   76 2247          -   30.15884      -  1289 2743s
 15505 15487   34.47273  199 2278          -   30.15884      -  1289 2805s
 15506 15488   39.12735  506 2284          -   30.15884      -  1288 2875s
 15508 15489   35.61948  249 2284          -   30.15884      -  1288 2999s
 15509 15493   30.15884   15 2282          -   30.15884      -  1358 3740s
 15511 15496   30.15884   16 2280          -   30.15884      -  1359 4101s
 15515 15503   30.15884   17 2279          -   30.15884      -  1360 4128s
 15523 15516   30.15884   18 2276          -   30.15884      -  1360 4170s
 15539 15543   30.15884   19 2259          -   30.15884      -  1373 4516s
 15571 15564   30.15884   20 2301          -   30.15884      -  1581 4595s
 15603 15586   30.71344   20 2296          -   30.15884      -  1772 4662s
 15635 15607   30.84076   21 2338          -   30.15884      -  1891 4695s
 15667 15628   30.71344   21 2294          -   30.15884      -  1934 4728s
 15699 15675   31.10877   22 2351          -   30.15884      -  1965 4765s
 15756 15714   30.71344   22 2292          -   30.15884      -  1997 4796s
 15814 15755   32.11060   23 2318          -   30.15884      -  2014 4813s
 15875 15818   32.26047   24 2337          -   30.15884      -  2022 4855s
 15958 15873   30.71344   25 2284          -   30.15884      -  2061 4893s
 16041 15953   30.71344   27 2288          -   30.15884      -  2078 4920s
 16148 16051   30.71344   28 2287          -   30.15884      -  2095 4938s
 16282 16150   30.71344   29 2288          -   30.15884      -  2095 4958s
 16426 16271   30.71344   31 2290          -   30.15884      -  2090 4999s
 16595 16391   33.50517   34 2318          -   30.15884      -  2093 5034s
 16771 16532   30.71344   36 2283          -   30.15884      -  2096 5072s
 16971 16688   30.71344   40 2282          -   30.15884      -  2101 5105s
 17193 16903   31.53018   45 2296          -   30.15884      -  2114 5140s
 17482 16853   30.71344   50 2271          -   30.15884      -  2103 6072s
 17529 17206   30.80891   50 2285          -   30.15884      -  2099 6090s
 17897 17424   30.71344   57 2263          -   30.15884      -  2074 6103s
 18238 17737   30.71344   58 2259          -   30.15884      -  2056 6122s
 18665 17975   30.71344   64 2256          -   30.15884      -  2027 6138s
 19045 18340   30.72347   68 2261          -   30.15884      -  2005 6169s
 19537 18768   30.72376   77 2256          -   30.15884      -  1983 6181s
 20129 19304   30.72347   84 2252          -   30.15884      -  1941 6221s
 20862 19795   30.72347   90 2249          -   30.15884      -  1893 6235s
 21597 20306   30.72347   96 2249          -   30.15884      -  1842 6257s
 22353 20823   30.72347   98 2244          -   30.15884      -  1796 6287s
 23122 21249   30.72347  105 2235          -   30.15884      -  1757 6313s
 23807 21957   30.72347  109 2232          -   30.15884      -  1726 6329s
 24745 22093   30.72347  120 2223          -   30.15884      -  1678 6375s
 25198 23013   30.72347  127 2219          -   30.15884      -  1707 6405s
 26271 23523   30.72347  128 2214          -   30.15884      -  1657 6425s
 27140 24163   30.89059  132 2253          -   30.15884      -  1626 6450s
 28080 25027   30.72347  139 2209          -   30.15884      -  1592 6485s
 29257 25738   30.72347  152 2199          -   30.15884      -  1550 6509s
 30361 28082   30.72347  160 2190          -   30.15884      -  1514 6569s
 33089 28318   32.13662  206 2346          -   30.15884      -  1456 6599s
 34242 29131   30.72347  207 2124          -   30.15884      -  1428 6617s
 35445 29867   30.72347  217 2109          -   30.15884      -  1396 6648s
 36588 29518   30.72347  228 2097          -   30.15884      -  1374 6693s
 36620 30533   30.89357  228 2107          -   30.15884      -  1374 6713s
 37650 31392   30.72347  238 2096          -   30.15884      -  1355 6735s
 38874 32139   30.76564  253 2088          -   30.15884      -  1332 6755s
 40037 33081   30.99632  259 2093          -   30.15884      -  1313 6777s
 41379 33895   30.80969  268 2074          -   30.15884      -  1293 6810s
 42646 34541   30.72347  275 2058          -   30.15884      -  1278 6841s
 43717 35298   31.30339  285 2160          -   30.15884      -  1276 6872s
 44843 36162   30.72347  289 2052          -   30.15884      -  1272 6897s
 46089 36960   30.72347  294 2057          -   30.15884      -  1265 6930s
 47314 37857   32.18788  298 2296          -   30.15884      -  1270 6962s
 48632 37773   30.72347  311 2030          -   30.15884      -  1270 7001s
 48989 38904   30.72347  315 2021          -   30.15884      -  1279 7046s
 50247 39719   30.72347  322 2015          -   30.15884      -  1292 7084s
 51481 40207   30.72347  339 2002          -   30.15884      -  1310 7122s
 52383 41968   30.72347  342 1991          -   30.15884      -  1320 7167s
 54456 43675   30.73945  352 1979          -   30.15884      -  1310 7206s
 56864 45058   30.72347  360 1988          -   30.15884      -  1294 7237s
 59080 46633   30.72347  365 1995          -   30.15884      -  1290 7269s
 59123 46619   33.03163  293 2110          -   30.15884      -  1292 7270s
 61419 53169   31.67137  379 2120          -   30.15884      -  1282 7380s
 68838 55533   31.13265  495 1982          -   30.15884      -  1263 7412s
 71412 57687   31.13265  519 1964          -   30.15884      -  1250 7442s
 73672 59972   31.13265  550 1936          -   30.15884      -  1244 7481s
 75971 62440   31.13265  576 1911          -   30.15884      -  1237 7514s
 78443 64859   31.13265  606 1885          -   30.15884      -  1227 7561s
 80868 67466   31.13265  636 1865          -   30.15884      -  1217 7604s
 83493 69984   31.13265  679 1833          -   30.15884      -  1205 7641s
 86041 72287   31.13265  715 1815          -   30.15884      -  1194 7678s
 88462 74852   31.85781  747 1960          -   30.15884      -  1184 7719s
 91151 79359   32.19862  783 1947          -   30.15884      -  1171 7831s
 95834 79951   32.52294  883 1886          -   30.15884      -  1172 7919s
 96466 83334   32.52294  913 1870          -   30.15884      -  1177 8017s
 100101 86262   33.94296  973 2002          -   30.15884      -  1177 8110s
 103275 88118   35.94938 1037 2168          -   30.15884      -  1178 8198s
 105197 90586   34.86873 1110 2002          -   30.15884      -  1194 8305s
 107731 94245   35.12995 1143 2004          -   30.15884      -  1198 8426s
 111462 98289   38.92451 1181 2356          -   30.15884      -  1194 8545s
 115684 101683   39.18871 1254 2258          -   30.15884      -  1183 8715s
 119194 104849   39.28665 1287 2238          -   30.15884      -  1179 8841s
 122494 108119   39.33936 1323 2300          -   30.15884      -  1173 9248s
 125838 112462   39.33936 1369 2253          -   30.15884      -  1177 9417s
 130465 116988   39.36790 1433 2226          -   30.15884      -  1168 9550s
 135091 119553   39.38373 1470 2230          -   30.15884      -  1154 9655s
 137772 122601   39.42641 1497 2201          -   30.15884      -  1157 9757s
 140918 125857   39.40364 1537 2174          -   30.15884      -  1156 9855s
 144342 129670   39.40545 1571 2149          -   30.15884      -  1153 9973s
 148293 130517   39.41356 1603 2133          -   30.15884      -  1143 10093s
 149264 132524   39.45849 1612 2176          -   30.15884      -  1146 10234s
 151407 135186   39.50954 1642 2155          -   30.15884      -  1156 10376s
 154212 138098   39.44967 1683 2155          -   30.15884      -  1159 10512s
 157375 140636   39.96933 1732 2122          -   30.15884      -  1159 10662s
 160232 142407   39.93604 1780 2099          -   30.15884      -  1162 10846s
 162225 144779   40.89756 1839 2065          -   30.15884      -  1178 11010s
 164924 146957   39.97097 1878 2039          -   30.15884      -  1190 11172s
 167380 149874   40.10491 1916 2021          -   30.15884      -  1203 11336s
 170743 152676   40.12744 1952 2020          -   30.15884      -  1212 11547s
 173843 155263   40.12744 1992 2012          -   30.15884      -  1227 11730s
 176698 158854   40.12744 2024 1994          -   30.15884      -  1243 11906s
 180497 161336   40.12744 2068 1978          -   30.15884      -  1252 12024s
 183145 164389   40.13695 2094 1976          -   30.15884      -  1257 12196s
 186438 165465   40.13715 2128 1946          -   30.15884      -  1263 12355s
 187652 168356   40.32619 2139 1972          -   30.15884      -  1271 12541s
 190814 171632   40.55099 2182 1964          -   30.15884      -  1283 12772s
 194438 174945   40.55237 2218 1932          -   30.15884      -  1295 12991s
 198141 178498   40.55237 2253 1922          -   30.15884      -  1299 13260s
 201985 181877   40.55237 2286 1892          -   30.15884      -  1302 13475s
 205815 185308   40.55479 2317 1866          -   30.15884      -  1304 13681s
 209781 188221   40.55885 2352 1889          -   30.15884      -  1303 13819s
 213212 190217   40.55885 2376 1872          -   30.15884      -  1300 13973s
 215729 192533   41.98272 2443 1827          -   30.15884      -  1303 14160s
 218315 195342   42.37905 2531 1802          -   30.15884      -  1307 14374s
 221451 197482   42.38292 2592 1777          -   30.15884      -  1311 14551s
 224197 200400   42.38292 2617 1751          -   30.15884      -  1315 14777s
 227565 202279   42.49545 2669 1729          -   30.15884      -  1318 15017s
 229869 202534   42.69834 2727 1670          -   30.15884      -  1327 15331s
 230217 204167   42.97190 2730 1681          -   30.15884      -  1331 15561s
 232552 206316   45.95501 2759 1675          -   30.15884      -  1345 15784s
 235095 208925   46.09465 2838 1617          -   30.15884      -  1361 16006s
 238063 211465   46.19094 2921 1604          -   30.15884      -  1374 16264s
 241030 213563   46.21967 2964 1579          -   30.15884      -  1389 16563s
 243588 215953   46.21967 3002 1568          -   30.15884      -  1396 16796s
 246218 219078   46.21967 3041 1547          -   30.15884      -  1411 17053s
 249775 222359   46.31637 3101 1482          -   30.15884      -  1419 17282s
 253458 225878   46.32879 3175 1463          -   30.15884      -  1428 17537s
 257544 229314   46.81168 3246 1446          -   30.15884      -  1434 17781s
 261384 232448   46.81881 3312 1421          -   30.15884      -  1437 17987s
 264966 232738   46.82160 3342 1417          -   30.15884      -  1438 18000s

Cutting planes:
  Gomory: 1823
  Cover: 104
  Implied bound: 56
  Projected implied bound: 2887
  MIR: 18481
  StrongCG: 1
  Flow cover: 6097
  RLT: 145
  Relax-and-lift: 321

Explored 265290 nodes (381838098 simplex iterations) in 18000.26 seconds (47557.29 work units)
Thread count was 32 (of 96 available processors)

Solution count 0

Time limit reached
Best objective -, best bound 3.015884177756e+01, gap -
