
Gurobi 9.5.1 (linux64) logging started Tue 19 Jul 2022 06:28:54 PM MST

Set parameter LogFile to value "/home/local/ASUAD/kmajd1/NNRepLayer_v2/demos/walking_example/dynamic_constraint/repair_net/logs/opt_log_7_19_2022_18_27_0.log"
Gurobi Optimizer version 9.5.1 build v9.5.1rc2 (linux64)
Thread count: 48 physical cores, 96 logical processors, using up to 40 threads
Optimize a model with 60598 rows, 43150 columns and 722578 nonzeros
Model fingerprint: 0x383eac8d
Model has 270 quadratic objective terms
Variable types: 25870 continuous, 17280 integer (17280 binary)
Coefficient statistics:
  Matrix range     [3e-04, 2e+02]
  Objective range  [3e-03, 2e+00]
  QObjective range [7e-02, 7e-02]
  Bounds range     [4e-01, 7e+02]
  RHS range        [4e-05, 2e+02]
Presolve removed 726 rows and 372 columns
Presolve time: 1.76s
Presolved: 59872 rows, 42778 columns, 721721 nonzeros
Presolved model has 270 quadratic objective terms
Variable types: 25684 continuous, 17094 integer (17094 binary)
Root relaxation presolve removed 17092 rows and 17092 columns
Root relaxation presolved: 42780 rows, 25686 columns, 670445 nonzeros
Root relaxation presolved model has 270 quadratic objective terms


Root simplex log...

Iteration    Objective       Primal Inf.    Dual Inf.      Time
       0    3.2540143e+01   0.000000e+00   0.000000e+00      6s
   20837    3.2540143e+01   0.000000e+00   0.000000e+00      7s
   20837    3.2540143e+01   0.000000e+00   0.000000e+00      7s

Root relaxation: objective 3.254014e+01, 20837 iterations, 4.35 seconds (8.34 work units)

    Nodes    |    Current Node    |     Objective Bounds      |     Work
 Expl Unexpl |  Obj  Depth IntInf | Incumbent    BestBd   Gap | It/Node Time

     0     0   32.54014    0 2464          -   32.54014      -     -    8s
     0     0   32.54014    0 2200          -   32.54014      -     -   25s
     0     0   32.54014    0 1496          -   32.54014      -     -   46s
     0     0   32.54014    0 1104          -   32.54014      -     -   70s
     0     0   32.54014    0  992          -   32.54014      -     -   94s
     0     0   32.54014    0  775          -   32.54014      -     -  119s
     0     0   32.54014    0  690          -   32.54014      -     -  154s
     0     0   32.55251    0  709          -   32.55251      -     -  202s
     0     0   32.57005    0  675          -   32.57005      -     -  226s
     0     0   32.83509    0  520          -   32.83509      -     -  242s
     0     0   32.96246    0  543          -   32.96246      -     -  245s
     0     0   32.96246    0  535          -   32.96246      -     -  245s
     0     0   33.02361    0  582          -   33.02361      -     -  265s
     0     0   33.07642    0  621          -   33.07642      -     -  267s
     0     0   33.07646    0  651          -   33.07646      -     -  268s
     0     0   33.40224    0  670          -   33.40224      -     -  347s
     0     0   33.46286    0  797          -   33.46286      -     -  372s
     0     0   33.46519    0  861          -   33.46519      -     -  372s
     0     0   33.46519    0  892          -   33.46519      -     -  386s
     0     0   33.94156    0 3915          -   33.94156      -     -  868s
     0     0   34.09886    0 3838          -   34.09886      -     -  969s
     0     0   34.10362    0 3829          -   34.10362      -     -  970s
     0     0   34.10362    0 3862          -   34.10362      -     -  970s
     0     0   34.11287    0 3559          -   34.11287      -     -  979s
     0     0   34.11314    0 3020          -   34.11314      -     -  980s
     0     0   34.20713    0 2581          -   34.20713      -     -  992s
     0     0   34.26428    0 1901          -   34.26428      -     -  994s
     0     0   34.27109    0 1334          -   34.27109      -     -  995s
     0     0   34.45535    0 1006          -   34.45535      -     - 1002s
     0     0   34.62376    0  957          -   34.62376      -     - 1006s
     0     0   34.66584    0  957          -   34.66584      -     - 1009s
     0     0   34.66785    0  954          -   34.66785      -     - 1010s
     0     0   34.66830    0  982          -   34.66830      -     - 1011s
     0     0   34.86015    0  733          -   34.86015      -     - 1024s
     0     0   34.92588    0  769          -   34.92588      -     - 1027s
     0     0   34.96511    0  811          -   34.96511      -     - 1029s
     0     0   34.97400    0  926          -   34.97400      -     - 1030s
     0     0   34.97499    0  907          -   34.97499      -     - 1031s
     0     0   35.09742    0  745          -   35.09742      -     - 1044s
     0     0   35.14721    0  771          -   35.14721      -     - 1047s
     0     0   35.18446    0  996          -   35.18446      -     - 1050s
     0     0   35.19755    0  927          -   35.19755      -     - 1052s
     0     0   35.24698    0  908          -   35.24698      -     - 1054s
     0     0   35.25299    0 1017          -   35.25299      -     - 1055s
     0     0   35.25322    0 1027          -   35.25322      -     - 1055s
     0     0   35.32593    0  989          -   35.32593      -     - 1069s
     0     0   35.36344    0  961          -   35.36344      -     - 1071s
     0     0   35.36891    0 1050          -   35.36891      -     - 1073s
     0     0   35.37174    0 1012          -   35.37174      -     - 1074s
     0     0   35.37232    0 1264          -   35.37232      -     - 1075s
     0     0   35.50804    0  991          -   35.50804      -     - 1088s
     0     0   35.52897    0  933          -   35.52897      -     - 1090s
     0     0   35.54105    0 1002          -   35.54105      -     - 1092s
     0     0   35.54365    0 1030          -   35.54365      -     - 1093s
     0     0   35.57800    0  908          -   35.57800      -     - 1104s
     0     0   35.59164    0  876          -   35.59164      -     - 1106s
     0     0   35.63341    0 1013          -   35.63341      -     - 1109s
     0     0   35.65926    0  989          -   35.65926      -     - 1110s
     0     0   35.66143    0  966          -   35.66143      -     - 1111s
     0     0   35.69773    0 1051          -   35.69773      -     - 1124s
     0     0   35.70384    0 1020          -   35.70384      -     - 1126s
     0     0   35.71006    0  987          -   35.71006      -     - 1127s
     0     0   35.71139    0  956          -   35.71139      -     - 1128s
     0     0   35.73088    0 1094          -   35.73088      -     - 1141s
     0     0   35.74110    0 1002          -   35.74110      -     - 1142s
     0     0   35.74251    0 1190          -   35.74251      -     - 1144s
     0     0   35.75155    0 1013          -   35.75155      -     - 1155s
     0     2   35.75155    0 1013          -   35.75155      -     - 1460s
     1     4   35.78268    1 1143          -   35.78268      -  1958 1567s
     3     8   35.78465    2 1091          -   35.78465      -  8940 1995s
     7    16   35.79039    3 1039          -   35.78465      - 146858 2618s
    15    32   36.00984    4  897          -   35.79039      - 196838 3759s
    32    33   42.64670    5 1013          -   35.79582      - 163624 3763s
    34    34   39.31350    5 2452          -   35.79582      - 154000 3773s
    35    35   36.21468    5 2299          -   35.79582      - 149600 3783s
    36    36   39.55259    5 1955          -   35.79582      - 145444 3809s
    37    36   35.97661    5 1728          -   35.79582      - 141513 3834s
    38    37   39.31350    5 1478          -   35.79582      - 137789 3880s
    39    38   35.98488    5 1387          -   35.79582      - 134256 3907s
    40    38   36.62058    5 1312          -   35.79582      - 130900 3937s
    41    39   36.30238    5 1385          -   35.79582      - 127707 3973s
    42    40   36.00984    5 1257          -   35.79582      - 124666 3979s
    43    40   35.96729    5 1451          -   35.79582      - 121767 4000s
    44    41   35.98488    5 1473          -   35.79582      - 119000 4008s
    45    42   36.30238    5 1367          -   35.79582      - 116355 4016s
    46    42   39.31350    5 1316          -   35.79582      - 113826 4021s
    48    44   35.98488    5 1278          -   35.79582      - 109083 4027s
    49    44   36.61579    5 1524          -   35.79582      - 106857 4042s
    50    45   36.21397    5 1255          -   35.79582      - 104720 4049s
    51    46   36.21468    5 1285          -   35.79582      - 102666 4052s
    53    47   36.31954    5 1226          -   35.84300      - 98792 4056s
    55    48   36.23632    5 1225          -   35.84647      - 95200 4070s
    56    49   36.21468    5  964          -   35.85515      - 93500 4113s
    57    50   39.31344    5 1025          -   35.91747      - 91859 4131s
    60    52   35.98480    5  924          -   35.93144      - 87266 4149s
    61    52   36.31954    5  853          -   35.95689      - 85836 4173s
    62    53   36.09459    5  984          -   35.98622      - 84451 4288s
    63    54   36.01239    5  898          -   35.99048      - 83111 4290s
    68    57   39.55141    5  821          -   35.99473      - 77000 4313s
    69    58   39.55141    5  816          -   36.02465      - 75884 4365s
    70    58   36.02673    5  925          -   36.02673      - 74800 4383s
    71    59   39.55141    5  894          -   36.02914      - 73746 4385s
    74    61   36.04079    5  993          -   36.04079      - 70757 4390s
    79    64   36.04773    5  989          -   36.04773      - 66278 4409s
    80    65   39.74560    5  838          -   36.08030      - 65450 4413s
    81    66   36.08830    5  874          -   36.08830      - 64642 4415s
    83    67   36.09984    5 1023          -   36.09984      - 63084 4420s
    86    69   39.31344    5  997          -   36.10363      - 60884 4436s
    88    70   36.13893    5  826          -   36.13893      - 59500 4442s
    90    72   36.23632    5  939          -   36.14905      - 58178 4446s
    93    74   36.15395    5  878          -   36.15395      - 56301 4450s
    94    74   36.15398    5  905          -   36.15398      - 55702 4466s
    96    76   42.79377    5  881          -   36.18104      - 54542 4471s
   100    78   36.21397    5 1005          -   36.18443      - 52360 4489s
   101    79   36.23610    5  861          -   36.21215      - 51841 4493s
   103    80   39.88414    5  848          -   36.21696      - 50835 4496s
   106    82   36.21847    5 1000          -   36.21847      - 49396 4512s
   107    83   36.23442    5  998          -   36.23442      - 48934 4515s
   109    84   39.31350    5 1039          -   36.24879      - 48037 4522s
   112    86   36.25273    5 1058          -   36.25273      - 46750 4525s
   114    88   36.61579    5 1073          -   36.25329      - 45930 4541s
   115    88   36.25982    5 1057          -   36.25982      - 45530 4624s
   116    89   36.62058    5 1159          -   36.26260      - 45138 4626s
   120    92   39.55259    5 1202          -   36.26418      - 43633 4645s
   122    93   36.27812    5 1014          -   36.27812      - 42918 4657s
   124    94   36.28922    5 1146          -   36.28922      - 42226 4661s
   127    96   39.31350    5 1135          -   36.29887      - 41228 4666s
   129    98   36.62058    5 1121          -   36.29962      - 40589 4682s
   130    98   36.31893    5 1063          -   36.31893      - 40277 4694s
   131    99   39.31344    5 1026          -   36.32209      - 39969 4697s
   133   100   36.62058    5 1154          -   36.32432      - 39368 4700s
   135   102   36.32463    5 1077          -   36.32463      - 38785 4716s
   136   102   39.55259    5 5716          -   36.32864      - 38500 6118s
   137   103   36.32864    5 5487          -   36.32864      - 38219 6188s
   139   104   36.32864    5 4692          -   36.32864      - 37669 6238s
   140   105   36.62058    5 4314          -   36.32864      - 37400 6240s
   141   106   36.32864    5 3786          -   36.32864      - 37135 6257s
   143   107   36.32864    5 2989          -   36.32864      - 36615 6274s
   144   108   36.32864    5 2590          -   36.32864      - 36361 6276s
   145   108   36.32864    5 2397          -   36.32864      - 36110 6291s
   146   109   39.31350    5 2178          -   36.32864      - 35863 6313s
   147   110   39.55259    5 2000          -   36.32864      - 35619 6329s
   148   110   36.32864    5 1872          -   36.32864      - 35378 6363s
   149   111   36.61579    5 1775          -   36.32864      - 35141 6379s
   150   112   36.32864    5 1712          -   36.32864      - 34907 6415s
   151   112   36.32864    5 1680          -   36.32864      - 34675 6432s
   152   113   36.33011    5 1622          -   36.33011      - 34447 6449s
   153   114   36.33855    5 1629          -   36.33855      - 34222 6453s
   154   114   36.34489    5 1576          -   36.34489      - 34000 6456s
   155   115   36.35201    5 1514          -   36.35201      - 33781 6461s
   157   116   39.31344    5 1594          -   36.35467      - 33350 6465s
   160   118   36.35642    5 1440          -   36.35642      - 32725 6486s
   161   119   36.36526    5 1365          -   36.36526      - 32522 6508s
   162   120   36.36718    5 1332          -   36.36718      - 32321 6510s
   164   121   36.61579    5 1300          -   36.36959      - 31927 6515s
   167   123   36.37026    5 1364          -   36.37026      - 31353 6534s
   168   124   39.55141    5 1225          -   36.37739      - 31167 6556s
   170   125   36.38034    5 1186          -   36.38034      - 30800 6561s
   172   126   36.38123    5 1281          -   36.38123      - 30442 6580s
   175   128   36.38353    5 1211          -   36.38353      - 29920 6600s
   176   129   36.38597    5 1230          -   36.38597      - 29750 6621s
   178   130   36.62058    5 1258          -   36.38930      - 29416 6625s
   179   131   36.38944    5 1210          -   36.38944      - 29251 6641s
   180   132   39.74560    5 1155          -   36.38977      - 29089 6657s
   182   133   36.39036    5 1123          -   36.39036      - 28769 6672s
   183   134   36.39142    5 1088          -   36.39142      - 28612 6691s
   185   135   39.31344    5 1180          -   36.39353      - 28303 6708s
   186   136   39.31344    5 1316          -   36.39545      - 28150 6710s
   189   138   42.64670    5 1348          -   36.39685      - 27704 6730s
   191   139   36.39906    5 1195          -   36.39906      - 27414 6748s
   192   140   39.74560    5 1185          -   36.40238      - 27271 6751s
   195   142   36.40483    5 1209          -   36.40483      - 26851 6756s
   198   144   36.40602    5 1202          -   36.40602      - 26444 6775s
   200   145   36.40881    5 1350          -   36.40881      - 26180 6780s
   202   146   36.40917    5 1226          -   36.40917      - 25921 6795s
   206   149   36.41357    5 1294          -   36.41357      - 25417 6815s
   209   151   39.31350    5 1297          -   36.41765      - 25053 6821s
   211   152   36.41835    5 1271          -   36.41835      - 24815 6838s
   212   153   36.42059    5 1212          -   36.42059      - 24698 6843s
   213   154   36.42062    5 1237          -   36.42062      - 24582 6858s
H  213   143                      84.7108803   36.42331  57.0% 24582 6955s
   217   145   36.42512    5 1232   84.71088   36.42512  57.0% 24129 6960s
   218   146   36.42524    5 1319   84.71088   36.42524  57.0% 24018 6976s
   220   147   39.55259    5 1271   84.71088   36.42661  57.0% 23800 6980s
   223   149   39.88414    5 1252   84.71088   36.42743  57.0% 23480 7000s
   224   150   36.42839    5 1186   84.71088   36.42839  57.0% 23375 7016s
   226   151   36.42921    5 1255   84.71088   36.42921  57.0% 23168 7022s
   227   152   39.31350    5 1254   84.71088   36.42935  57.0% 23066 7036s
   229   153   36.62058    5 1230   84.71088   36.43075  57.0% 22865 7041s
   231   155   39.31344    5 1216   84.71088   36.43105  57.0% 22667 7058s
   235   159   36.43133    5 1013   84.71088   36.43133  57.0% 32926 7064s
H  236   152                      84.6256777   36.43133  57.0% 32786 7072s
   237   152   36.43133    5 2450   84.62568   36.43133  57.0% 32648 7076s
   238   153   39.31350    5 2175   84.62568   36.43133  57.0% 32511 7080s
   240   154   36.62058    5 1760   84.62568   36.43133  57.0% 32240 7086s
   241   155   36.43133    5 1673   84.62568   36.43133  57.0% 32106 7101s
   242   156   36.43133    5 1567   84.62568   36.43133  57.0% 31974 7107s
   243   156   36.43133    5 1473   84.62568   36.43133  57.0% 31842 7146s
H  243   148                      84.5154626   36.43133  56.9% 31842 7176s
   245   150   36.43133    5 1204   84.51546   36.43133  56.9% 31582 7219s
   246   150   39.31350    5 1342   84.51546   36.43133  56.9% 31454 7260s
   247   151   39.55259    5 1202   84.51546   36.43133  56.9% 31326 7265s
   248   152   36.43133    5 1105   84.51546   36.43133  56.9% 31200 7270s
   250   153   36.43133    5  998   84.51546   36.43133  56.9% 30950 7280s
   252   154   36.43133    5  914   84.51546   36.43133  56.9% 30705 7285s
   254   156   36.43133    5  874   84.51546   36.43133  56.9% 30463 7294s
   255   156   36.43133    5  886   84.51546   36.43133  56.9% 30343 7298s
   256   157   36.43133    5  910   84.51546   36.43133  56.9% 30225 7301s
   257   158   39.31344    5  926   84.51546   36.43133  56.9% 30107 7305s
   259   159   36.43133    5  989   84.51546   36.43133  56.9% 29875 7311s
   261   160   36.43133    5 1001   84.51546   36.43133  56.9% 29646 7315s
   262   161   36.43133    5  907   84.51546   36.43133  56.9% 29533 7321s
   264   162   36.61579    5 1065   84.51546   36.43133  56.9% 29309 7325s
   268   165   39.55141    5 1000   84.51546   36.43133  56.9% 28872 7331s
   270   166   36.43133    5 1029   84.51546   36.43133  56.9% 28658 7335s
   273   168   42.64670    5 1084   84.51546   36.43133  56.9% 28343 7341s
   275   170   36.43133    5 4365   84.51546   36.43133  56.9% 28137 7830s
   277   171   36.43133    5 3355   84.51546   36.43133  56.9% 27934 7846s
H  277   161                      83.8511212   36.43133  56.6% 27934 7848s
   279   162   36.43133    5 2205   83.85112   36.43133  56.6% 27733 7862s
   280   163   39.74560    5 2051   83.85112   36.43133  56.6% 27634 7900s
   281   164   36.43133    5 1887   83.85112   36.43133  56.6% 27536 7917s
H  281   155                      83.6890766   36.43133  56.5% 27536 7937s
   284   157   39.31344    5 1328   83.68908   36.43133  56.5% 27245 7941s
   286   158   39.31344    5 1165   83.68908   36.43133  56.5% 27054 7947s
   287   159   36.43133    5 1223   83.68908   36.43133  56.5% 26960 7950s
   289   160   42.64670    5 1103   83.68908   36.43133  56.5% 26774 7957s
   290   161   36.43133    5 1264   83.68908   36.43133  56.5% 26681 7962s
   291   161   36.44647    5 1140   83.68908   36.44647  56.5% 26590 7965s
   293   163   36.46550    5 1126   83.68908   36.46550  56.4% 26408 7971s
   295   164   36.47684    5 1175   83.68908   36.47684  56.4% 26229 7976s
   297   165   36.62058    5 1239   83.68908   36.48312  56.4% 26052 7980s
   299   167   36.49750    5 1245   83.68908   36.49750  56.4% 25878 7986s
   301   168   36.53527    5 1126   83.68908   36.53527  56.3% 25706 7995s
   304   170   36.54962    5 1169   83.68908   36.54962  56.3% 25453 8001s
   308   173   36.55207    5 1202   83.68908   36.55207  56.3% 25122 8020s
   309   173   39.31350    5 1117   83.68908   36.58320  56.3% 25041 8042s
   310   174   36.59275    5  953   83.68908   36.59275  56.3% 24960 8045s
   312   175   36.60094    5 1033   83.68908   36.60094  56.3% 24800 8050s
   315   177   36.60324    5 1071   83.68908   36.60324  56.3% 24564 8069s
H  315   167                      83.2742189   36.61045  56.0% 24564 8077s
   318   169   36.61255    5 1051   83.27422   36.61255  56.0% 24332 8081s
   320   171   39.55259    5 1066   83.27422   36.61292  56.0% 24180 8103s
   321   171   36.61764    5 1041   83.27422   36.61764  56.0% 24105 8126s
   324   173   36.62032    5 1129   83.27422   36.62032  56.0% 23881 8131s
   325   174   39.31350    5 1169   83.27422   36.62043  56.0% 23808 8147s
   326   175   36.62981    5 1096   83.27422   36.62981  56.0% 23735 8173s
   327   175   39.31350    5 1132   83.27422   36.63201  56.0% 23662 8176s
   329   177   36.63265    5 1138   83.27422   36.63265  56.0% 23519 8194s
   330   177   36.63460    5  993   83.27422   36.63460  56.0% 23447 8261s
   333   179   36.63635    5 1046   83.27422   36.63635  56.0% 23236 8265s
   334   180   39.31350    5 1075   83.27422   36.63645  56.0% 23166 8282s
H  334   169                      81.2320621   36.64113  54.9% 23166 8290s
   337   171   36.64458    5 1036   81.23206   36.64458  54.9% 22960 8295s
   339   172   36.64549    5 1089   81.23206   36.64549  54.9% 22825 8314s
   340   173   36.64745    5 1066   81.23206   36.64745  54.9% 22758 8318s
   341   174   36.64859    5 1033   81.23206   36.64859  54.9% 22691 8320s
   342   174   36.64880    5 1090   81.23206   36.64880  54.9% 22625 8368s
H  342   164                      72.1441948   36.65018  49.2% 22625 8467s
   345   166   36.65094    5 1039   72.14419   36.65094  49.2% 22428 8470s
   347   168   39.55259    5 1076   72.14419   36.65122  49.2% 22299 8522s
   349   169   36.65270    5 1162   72.14419   36.65270  49.2% 22171 8526s
   350   170   36.65275    5 1047   72.14419   36.65275  49.2% 22107 8541s
   352   171   36.65435    5 1106   72.14419   36.65435  49.2% 21982 8545s
   354   172   36.65506    5 1120   72.14419   36.65506  49.2% 21858 8563s
   355   173   36.65528    5 1131   72.14419   36.65528  49.2% 21796 8565s
   360   177   36.65528    5 2442   72.14419   36.65528  49.2% 25426 8579s
   361   178   36.65528    5 2107   72.14419   36.65528  49.2% 25356 8581s
   363   179   36.65528    5 1719   72.14419   36.65528  49.2% 25216 8586s
   364   180   36.65528    5 1636   72.14419   36.65528  49.2% 25147 8599s
   365   181   39.74560    5 1498   72.14419   36.65528  49.2% 25078 8607s
   366   181   36.65528    5 1405   72.14419   36.65528  49.2% 25009 8643s
   367   182   36.65528    5 1243   72.14419   36.65528  49.2% 24941 8670s
   368   183   39.55141    5 1271   72.14419   36.65528  49.2% 24873 8703s
   369   183   39.55141    5 1232   72.14419   36.65528  49.2% 24806 8710s
   371   185   39.55141    5 1208   72.14419   36.65528  49.2% 24672 8718s
   372   185   36.65528    5 4959   72.14419   36.65528  49.2% 24606 9332s
   374   187   36.65528    5 4011   72.14419   36.65528  49.2% 24474 9335s
   376   188   36.65528    5 3396   72.14419   36.65528  49.2% 24344 9341s
   378   189   36.65528    5 3086   72.14419   36.65528  49.2% 24215 9346s
   379   190   36.65528    5 3014   72.14419   36.65528  49.2% 24151 9354s
   380   191   39.74560    5 2875   72.14419   36.65528  49.2% 24088 9362s
   381   191   36.65528    5 2845   72.14419   36.65528  49.2% 24025 9367s
   382   192   36.65528    5 2756   72.14419   36.65528  49.2% 23962 9374s
   383   193   36.65528    5 2702   72.14419   36.65528  49.2% 23899 9380s
   385   194   39.31344    5 2773   72.14419   36.65528  49.2% 23775 9393s
   386   195   39.31344    5 2767   72.14419   36.65528  49.2% 23713 9395s
   390   197   36.65528    5 2801   72.14419   36.65528  49.2% 23470 9400s
   392   199   39.74560    5 2800   72.14419   36.65528  49.2% 23351 9416s
   393   199   36.65528    5 2194   72.14419   36.65528  49.2% 23291 9441s
   395   201   36.65528    5 1308   72.14419   36.65528  49.2% 23173 9445s
   397   202   36.65528    5 1293   72.14419   36.65528  49.2% 23056 9453s
   398   203   36.65528    5 1263   72.14419   36.65528  49.2% 22998 9456s
   399   203   36.65528    5 1317   72.14419   36.65528  49.2% 22941 9460s
   402   205   36.65528    5 1239   72.14419   36.65528  49.2% 22770 9465s
   404   207   36.65528    5 1203   72.14419   36.65528  49.2% 22657 9470s
   408   209   36.65528    5 1296   72.14419   36.65528  49.2% 22435 9490s
   409   210   39.31350    5 1045   72.14419   36.65528  49.2% 22380 9502s
   410   211   36.65528    5 1080   72.14419   36.65528  49.2% 22325 9506s
   412   212   36.65528    5 1149   72.14419   36.65528  49.2% 22217 9511s
   414   213   36.65528    5 1166   72.14419   36.65528  49.2% 22110 9529s
   415   214   36.68772    5 1210   72.14419   36.68772  49.1% 22056 9538s
   416   215   36.69395    5 1066   72.14419   36.69395  49.1% 22003 9540s
   419   217   36.69874    5 1150   72.14419   36.69874  49.1% 21846 9545s
   421   218   36.69917    5 1249   72.14419   36.69917  49.1% 21742 9563s
   422   219   36.70650    5 1043   72.14419   36.70650  49.1% 21691 9569s
   423   219   39.88414    5 1059   72.14419   36.70764  49.1% 21639 9571s
   424   220   36.70769    5 1092   72.14419   36.70769  49.1% 21588 9585s
   425   221   39.31350    5 1014   72.14419   36.71429  49.1% 21537 9599s
   426   221   36.71727    5 1118   72.14419   36.71727  49.1% 21487 9606s
   428   223   36.72034    5 1116   72.14419   36.72034  49.1% 21386 9610s
   429   223   36.72046    5 1216   72.14419   36.72046  49.1% 21337 9631s
H  429   210                      72.1441947   36.72312  49.1% 21337 9641s
   432   212   42.64670    5 1194   72.14419   36.72424  49.1% 21188 9661s
   433   213   36.72517    5 1226   72.14419   36.72517  49.1% 21139 9672s
   434   214   39.31350    5 1131   72.14419   36.72528  49.1% 21091 9694s
H  434   202                      71.7695660   36.72659  48.8% 21091 9719s
   436   203   39.55259    5 1185   71.76957   36.72761  48.8% 20994 9729s
   437   204   36.72772    5 1207   71.76957   36.72772  48.8% 20946 9749s
   438   204   39.31350    5 1184   71.76957   36.73747  48.8% 20898 9753s
   439   205   36.73833    5 1249   71.76957   36.73833  48.8% 20851 9756s
   441   206   36.73868    5 1259   71.76957   36.73868  48.8% 20756 9781s
H  441   194                      71.7515777   36.73972  48.8% 20756 9803s
   443   196   36.74036    5 1247   71.75158   36.74036  48.8% 20662 9806s
   444   196   36.74040    5 1290   71.75158   36.74040  48.8% 20616 9828s
   445   197   36.74189    5 1218   71.75158   36.74189  48.8% 20569 9838s
   446   198   39.31350    5 1227   71.75158   36.74256  48.8% 20523 9841s
   447   198   39.55259    5 1228   71.75158   36.74270  48.8% 20477 9885s
H  447   187                      71.6744456   36.74761  48.7% 20477 9904s
   449   189   36.74813    5 1193   71.67445   36.74813  48.7% 20386 9906s
   450   189   36.74814    5 1225   71.67445   36.74814  48.7% 20341 9964s
   451   190   36.75212    5 1232   71.67445   36.75212  48.7% 20296 9978s
   453   191   36.75418    5 1244   71.67445   36.75418  48.7% 20206 9982s
   455   193   36.75449    5 1295   71.67445   36.75449  48.7% 20117 10003s
H  455   182                      71.3680752   36.75542  48.5% 20117 10093s
   457   183   39.31344    5 1282   71.36808   36.75629  48.5% 20029 10141s
   458   184   36.75637    5 1272   71.36808   36.75637  48.5% 19986 10160s
   459   184   36.75701    5 1320   71.36808   36.75701  48.5% 19942 10241s
   460   185   36.75738    5 1211   71.36808   36.75738  48.5% 19899 10303s
   461   186   36.75746    5 1230   71.36808   36.75746  48.5% 19856 10320s
H  461   175                      71.0848831   36.75797  48.3% 19856 10420s
   463   176   36.75859    5 1294   71.08488   36.75859  48.3% 19770 10446s
   466   178   36.76144    5 1246   71.08488   36.76144  48.3% 19642 10465s
   468   179   39.55141    5 1197   71.08488   36.76284  48.3% 19559 10471s
   469   180   39.55141    5 1227   71.08488   36.76297  48.3% 19517 10485s
H  469   169                      70.4519905   36.76445  47.8% 19517 10507s
   472   171   36.76524    5 1177   70.45199   36.76524  47.8% 19393 10523s
   473   172   42.64670    5 1156   70.45199   36.76777  47.8% 19352 10620s
   475   173   36.76850    5 1210   70.45199   36.76850  47.8% 19270 10638s
   476   174   36.76924    5 1264   70.45199   36.76924  47.8% 19230 10671s
   479   176   36.77058    5 1218   70.45199   36.77058  47.8% 19109 10690s
   481   177   36.77082    5 1284   70.45199   36.77082  47.8% 19030 10711s
   482   178   36.77275    5 1373   70.45199   36.77275  47.8% 18990 10781s
H  483   167                      70.1385482   36.77275  47.6% 18951 10812s
H  484   159                      69.8080469   36.77275  47.3% 21716 10845s
H  485   149                      69.8080468   36.77275  47.3% 21671 11372s
   486   150   39.31344    5 1013   69.80805   36.77275  47.3% 21626 11376s
   488   151   36.77275    5 2443   69.80805   36.77275  47.3% 21538 11395s
   490   153   36.77275    5 1960   69.80805   36.77275  47.3% 21450 11403s
   491   153   36.77275    5 1691   69.80805   36.77275  47.3% 21406 11406s
   492   154   39.74560    5 1588   69.80805   36.77275  47.3% 21362 11440s
   493   155   36.77275    5 1506   69.80805   36.77275  47.3% 21319 11460s
   494   155   36.77275    5 1449   69.80805   36.77275  47.3% 21276 11497s
   495   156   36.77275    5 1299   69.80805   36.77275  47.3% 21233 11525s
   496   157   42.79377    5 1166   69.80805   36.77275  47.3% 21190 11575s
   497   157   36.77275    5 1162   69.80805   36.77275  47.3% 21148 11581s
   499   159   36.77275    5 1017   69.80805   36.77275  47.3% 21063 11587s
   500   159   36.77275    5  907   69.80805   36.77275  47.3% 21021 11591s
   502   161   36.77275    5  821   69.80805   36.77275  47.3% 20937 11598s
   503   161   39.88414    5  801   69.80805   36.77275  47.3% 20895 11600s
   505   163   36.77275    5  817   69.80805   36.77275  47.3% 20813 11608s
   506   163   36.77275    5  821   69.80805   36.77275  47.3% 20771 11611s
   508   165   36.77275    5  760   69.80805   36.77275  47.3% 20690 11621s
   509   165   39.31350    5  812   69.80805   36.77275  47.3% 20649 11625s
   510   166   36.77275    5  892   69.80805   36.77275  47.3% 20609 11643s
   511   167   36.77275    5  777   69.80805   36.77275  47.3% 20568 11654s
   512   167   36.77275    5  767   69.80805   36.77275  47.3% 20528 11657s
   513   168   36.77275    5  874   69.80805   36.77275  47.3% 20488 11661s
   514   169   36.77275    5  798   69.80805   36.77275  47.3% 20448 11668s
   515   169   36.77275    5  815   69.80805   36.77275  47.3% 20408 11671s
   517   171   36.77275    5  822   69.80805   36.77275  47.3% 20329 11675s
   519   172   36.77275    5  981   69.80805   36.77275  47.3% 20251 11680s
   520   173   39.55259    5  819   69.80805   36.77275  47.3% 20212 11685s
   521   173   36.77275    5  881   69.80805   36.77275  47.3% 20173 11693s
   522   174   36.77275    5  927   69.80805   36.77275  47.3% 20135 11695s
   525   176   39.31350    5  949   69.80805   36.77275  47.3% 20020 11702s
   526   177   36.77275    5  951   69.80805   36.77275  47.3% 19982 11706s
   529   179   36.77275    5  941   69.80805   36.77275  47.3% 19868 11711s
   530   179   36.77275    5  956   69.80805   36.77275  47.3% 19831 11719s
   531   180   39.31344    5 1002   69.80805   36.77275  47.3% 19793 11723s
   532   181   42.64670    5  973   69.80805   36.77275  47.3% 19756 11725s
   536   183   39.55259    5  979   69.80805   36.77275  47.3% 19609 11732s
   539   185   36.77275    5  990   69.80805   36.77275  47.3% 19500 11735s
   540   186   36.77275    5 1011   69.80805   36.77275  47.3% 19464 11750s
H  540   175                      69.7928353   36.77275  47.3% 19464 11771s
   542   176   36.77275    5  859   69.79284   36.77275  47.3% 19392 11778s
   543   177   36.77512    5  946   69.79284   36.77512  47.3% 19356 11781s
   545   178   36.77597    5  894   69.79284   36.77597  47.3% 19285 11797s
   546   179   39.31350    5  935   69.79284   36.77719  47.3% 19250 11818s
   548   180   36.77910    5  947   69.79284   36.77910  47.3% 19179 11820s
   550   182   36.77981    5  958   69.79284   36.77981  47.3% 19110 11846s
H  550   172                      69.7928353   36.78040  47.3% 19110 11852s
   552   173   36.78077    5  946   69.79284   36.78077  47.3% 19040 11857s
   553   174   36.78087    5  945   69.79284   36.78087  47.3% 19006 11877s
   554   174   36.78140    5  848   69.79284   36.78140  47.3% 18972 11918s
   555   175   36.78147    5  868   69.79284   36.78147  47.3% 18938 11949s
H  555   165                      69.7897474   36.78224  47.3% 18938 11951s
   558   167   36.78302    5  854   69.78975   36.78302  47.3% 18836 11969s
   559   168   36.78336    5  827   69.78975   36.78336  47.3% 18802 11985s
   560   168   36.78352    5  846   69.78975   36.78352  47.3% 18768 12007s
   561   169   36.78367    5  884   69.78975   36.78367  47.3% 18735 12037s
H  562   160                      69.7806638   36.78367  47.3% 18702 12070s
H  563   153                      69.7806637   36.78367  47.3% 20557 12077s
   564   155   36.78825   46  887   69.78066   36.78825  47.3% 20552 12446s
   566   158   36.80471   47  907   69.78066   36.80005  47.3% 20529 12798s
   570   165   36.82359   48  934   69.78066   36.82359  47.2% 20464 13289s
   576   163   37.88017   48  884   69.78066   36.82359  47.2% 20675 13290s
   578   178   36.86458   49 1000   69.78066   36.82429  47.2% 20632 13576s
H  594   196                      65.9406322   36.86458  44.1% 20436 14127s
H  626   177                      65.9406321   36.87436  44.1% 20896 15644s
   627   178   39.31350    5 1013   65.94063   36.87436  44.1% 20863 15647s
   629   179   36.87436    5 2443   65.94063   36.87436  44.1% 20797 15665s
   630   180   36.87436    5 2172   65.94063   36.87436  44.1% 20764 15671s
   632   181   42.64670    5 1755   65.94063   36.87436  44.1% 20698 15675s
   633   182   36.87436    5 1704   65.94063   36.87436  44.1% 20665 15686s
   634   183   39.31350    5 1575   65.94063   36.87436  44.1% 20633 15707s
   635   183   36.87436    5 1552   65.94063   36.87436  44.1% 20600 15741s
   636   184   39.55259    5 1427   65.94063   36.87436  44.1% 20568 15766s
   637   185   36.87436    5 1351   65.94063   36.87436  44.1% 20535 15803s
   638   185   39.31350    5 1264   65.94063   36.87436  44.1% 20503 15837s
   639   186   36.87436    5 1259   65.94063   36.87436  44.1% 20471 15864s
   640   187   36.87436    5 1249   65.94063   36.87436  44.1% 20439 15890s
   642   188   36.87436    5 1217   65.94063   36.87436  44.1% 20375 15899s
   643   189   36.87436    5 3970   65.94063   36.87436  44.1% 20344 16232s
   645   190   36.87436    5 4183   65.94063   36.87436  44.1% 20281 16331s
   646   191   39.31350    5 3885   65.94063   36.87436  44.1% 20249 16335s
   647   191   39.55259    5 3748   65.94063   36.87436  44.1% 20218 16344s
   648   192   36.87436    5 3588   65.94063   36.87436  44.1% 20187 16349s
   649   193   36.87436    5 3504   65.94063   36.87436  44.1% 20156 16361s
   650   193   36.87436    5 3453   65.94063   36.87436  44.1% 20125 16381s
   651   194   36.87436    5 3595   65.94063   36.87436  44.1% 20094 16422s
   652   195   36.87436    5 3397   65.94063   36.87436  44.1% 20063 16449s
   653   195   36.87436    5 3345   65.94063   36.87436  44.1% 20032 16479s
   654   196   36.87436    5 3354   65.94063   36.87436  44.1% 20002 16501s
   655   197   36.87436    5 3351   65.94063   36.87436  44.1% 19971 16527s
   656   197   36.87436    5 3329   65.94063   36.87436  44.1% 19941 16541s
   657   198   39.31344    5 3266   65.94063   36.87436  44.1% 19910 16548s
   658   199   36.87436    5 3315   65.94063   36.87436  44.1% 19880 16550s
   661   201   36.87436    5 3356   65.94063   36.87436  44.1% 19790 16567s
H  661   190                      65.9406321   36.87436  44.1% 19790 16574s
   663   191   36.87436    5 2208   65.94063   36.87436  44.1% 19730 16598s
   664   192   36.87436    5 1833   65.94063   36.87436  44.1% 19700 16646s
   665   192   39.74560    5 1573   65.94063   36.87436  44.1% 19671 16680s
   666   193   36.87436    5 1338   65.94063   36.87436  44.1% 19641 16698s
   667   194   36.87436    5 1315   65.94063   36.87436  44.1% 19612 16724s
   668   194   39.55141    5 1273   65.94063   36.87436  44.1% 19582 16730s
   669   195   39.55141    5 1209   65.94063   36.87436  44.1% 19553 16736s
   671   196   39.55141    5 1179   65.94063   36.87436  44.1% 19495 16743s
   672   197   36.87436    5 1090   65.94063   36.87436  44.1% 19466 16759s
H  672   186                      65.8739447   36.87436  44.0% 19466 16792s
   674   187   36.87436    5 1038   65.87394   36.87436  44.0% 19408 16821s
   675   188   36.87436    5 1032   65.87394   36.87436  44.0% 19379 16838s
   676   189   36.87436    5 1043   65.87394   36.87436  44.0% 19351 16866s
   677   189   36.87436    5 1055   65.87394   36.87436  44.0% 19322 16891s
   678   190   36.87436    5 1051   65.87394   36.87436  44.0% 19294 16920s
   679   191   36.87436    5 1053   65.87394   36.87436  44.0% 19265 16926s
   680   191   39.74560    5 1056   65.87394   36.87436  44.0% 19237 16948s
   681   192   36.87436    5 1090   65.87394   36.87436  44.0% 19209 16953s
   683   193   36.87436    5 1090   65.87394   36.87436  44.0% 19152 17005s
H  684   185                      65.8739447   36.87436  44.0% 21991 17545s
   685   186   39.31344    5 1013   65.87394   36.87436  44.0% 21959 17550s
   687   187   36.87436    5 2443   65.87394   36.87436  44.0% 21895 17584s
   688   188   36.87436    5 2137   65.87394   36.87436  44.0% 21864 17592s
   689   189   42.64670    5 1944   65.87394   36.87436  44.0% 21832 17598s
   690   189   36.87436    5 1762   65.87394   36.87436  44.0% 21800 17606s
   691   190   36.87436    5 1682   65.87394   36.87436  44.0% 21769 17620s
   692   191   39.74560    5 1577   65.87394   36.87436  44.0% 21737 17639s
   693   191   36.87436    5 1497   65.87394   36.87436  44.0% 21706 17677s
   694   192   36.87436    5 1358   65.87394   36.87436  44.0% 21675 17699s
   695   193   36.87436    5 1253   65.87394   36.87436  44.0% 21643 17731s
   696   193   42.79377    5 1211   65.87394   36.87436  44.0% 21612 17758s
   697   194   36.87436    5 1193   65.87394   36.87436  44.0% 21581 17776s
   698   195   36.87436    5 4175   65.87394   36.87436  44.0% 21550 17851s
   700   196   36.87436    5 3209   65.87394   36.87436  44.0% 21489 17861s
   702   197   36.87436    5 2720   65.87394   36.87436  44.0% 21428 17867s
   703   198   39.88414    5 2698   65.87394   36.87436  44.0% 21397 17874s
   704   199   36.87436    5 2498   65.87394   36.87436  44.0% 21367 17878s
   705   199   36.87436    5 2315   65.87394   36.87436  44.0% 21336 17883s
   706   200   36.87436    5 2205   65.87394   36.87436  44.0% 21306 17889s
   707   201   36.87436    5 2124   65.87394   36.87436  44.0% 21276 17899s
   708   201   36.87436    5 2056   65.87394   36.87436  44.0% 21246 17905s
   709   202   39.31350    5 2079   65.87394   36.87436  44.0% 21216 17913s
   710   203   36.87436    5 1973   65.87394   36.87436  44.0% 21186 17920s
   711   203   36.87436    5 2059   65.87394   36.87436  44.0% 21156 17927s
   712   204   36.87436    5 1973   65.87394   36.87436  44.0% 21127 17932s
   713   205   36.87436    5 2046   65.87394   36.87436  44.0% 21097 17936s
   714   205   36.87436    5 2079   65.87394   36.87436  44.0% 21067 17942s
   715   206   36.87436    5 1973   65.87394   36.87436  44.0% 21038 17945s
   716   207   36.87436    5 2023   65.87394   36.87436  44.0% 21009 17950s
   719   209   36.87436    5 2089   65.87394   36.87436  44.0% 20921 17956s
   722   211   36.87436    5 2246   65.87394   36.87436  44.0% 20834 17973s
   723   211   39.88414    5 1486   65.87394   36.87436  44.0% 20805 17981s
   725   213   39.31350    5 1036   65.87394   36.87436  44.0% 20748 17986s
   726   213   36.87436    5 1077   65.87394   36.87436  44.0% 20719 18004s
   727   214   39.31350    5  872   65.87394   36.87436  44.0% 20691 18024s
   728   215   36.87436    5  855   65.87394   36.87436  44.0% 20662 18032s
   730   216   36.87436    5 1003   65.87394   36.87436  44.0% 20606 18039s
   731   217   39.31344    5 3810   65.87394   36.87436  44.0% 20578 18536s
   732   217   42.64670    5 3360   65.87394   36.87436  44.0% 20549 18551s
   734   219   39.31350    5 2178   65.87394   36.87436  44.0% 20493 18568s
   735   219   36.87436    5 1901   65.87394   36.87436  44.0% 20466 18585s
   736   220   39.55259    5 1868   65.87394   36.87436  44.0% 20438 18592s
   738   221   39.31350    5 1504   65.87394   36.87436  44.0% 20382 18597s
   739   222   36.87436    5 1445   65.87394   36.87436  44.0% 20355 18614s
   740   223   36.87436    5 1253   65.87394   36.87436  44.0% 20327 18636s
   741   223   36.87436    5 1256   65.87394   36.87436  44.0% 20300 18650s
   742   224   36.87436    5 1186   65.87394   36.87436  44.0% 20272 18669s
   743   225   36.87436    5 1144   65.87394   36.87436  44.0% 20245 18674s
   744   225   36.87436    5 1205   65.87394   36.87436  44.0% 20218 18680s
   745   226   36.87436    5 1147   65.87394   36.87436  44.0% 20191 18687s
   746   227   39.31350    5 1093   65.87394   36.87436  44.0% 20164 18691s
   748   228   36.87436    5 1230   65.87394   36.87436  44.0% 20110 18695s
   751   230   36.87436    5 1288   65.87394   36.87436  44.0% 20030 18724s
   752   231   36.87436    5 1113   65.87394   36.87436  44.0% 20003 18769s
   753   231   36.87436    5 1145   65.87394   36.87436  44.0% 19976 18790s
   755   233   36.87436    5 1206   65.87394   36.87436  44.0% 19923 18798s
   756   233   36.87436    5 1170   65.87394   36.87436  44.0% 19897 18801s
   757   234   39.31344    5 1325   65.87394   36.87436  44.0% 19871 18805s
   759   235   36.87436    5 1204   65.87394   36.87436  44.0% 19818 18811s
   761   237   36.87436    5 1216   65.87394   36.87436  44.0% 19766 18829s
   762   237   36.87436    5 1113   65.87394   36.87436  44.0% 19740 18833s
   763   238   36.87436    5 1108   65.87394   36.87436  44.0% 19714 18849s
   764   239   36.87436    5 1099   65.87394   36.87436  44.0% 19689 18852s
   765   239   39.74560    5 1111   65.87394   36.87436  44.0% 19663 18867s
   766   240   36.87436    5 1174   65.87394   36.87436  44.0% 19637 18883s
   767   241   36.87436    5 1170   65.87394   36.87436  44.0% 19612 18893s
   768   241   39.55141    5 1142   65.87394   36.87436  44.0% 19586 18909s
   769   242   39.55141    5 1147   65.87394   36.87436  44.0% 19561 18921s
   770   243   36.87436    5 1178   65.87394   36.87436  44.0% 19535 18981s
   771   243   39.55141    5 1115   65.87394   36.87436  44.0% 19510 18999s
   772   244   36.87436    5 1121   65.87394   36.87436  44.0% 19485 19014s
   773   245   42.64670    5 1103   65.87394   36.87436  44.0% 19459 19062s
   774   245   36.87436    5 1082   65.87394   36.87436  44.0% 19434 19071s
   775   246   36.87436    5 1122   65.87394   36.87436  44.0% 19409 19091s
   776   247   36.87436    5 1105   65.87394   36.87436  44.0% 19384 19098s
   777   247   36.87436    5 1092   65.87394   36.87436  44.0% 19359 19119s
   778   248   36.87436    5 1093   65.87394   36.87436  44.0% 19334 19134s
   779   249   36.87436    5 1105   65.87394   36.87436  44.0% 19310 19160s
   780   249   39.74560    5 1097   65.87394   36.87436  44.0% 19285 19166s
   781   250   36.87436    5 1092   65.87394   36.87436  44.0% 19260 19183s
   782   251   36.87436    5 1099   65.87394   36.87436  44.0% 19236 19192s
   783   251   36.87436    5 1116   65.87394   36.87436  44.0% 19211 19216s
   784   252   39.31344    5 1131   65.87394   36.87436  44.0% 19186 19274s
H  785   238                      65.8739446   36.87436  44.0% 19162 19424s
H  786   227                      65.8732019   36.87436  44.0% 21514 19438s
H  787   214                      65.8732014   36.87436  44.0% 21487 19940s
   790   216   36.87436    5 2443   65.87320   36.87436  44.0% 21405 19961s
   791   217   36.87436    5 2134   65.87320   36.87436  44.0% 21378 19966s
H  792   207                      64.7418595   36.87436  43.0% 21351 19986s
   794   208   36.87436    5 1680   64.74186   36.87436  43.0% 21297 19998s
   795   209   36.87436    5 1530   64.74186   36.87436  43.0% 21270 20022s
   796   209   42.79377    5 1404   64.74186   36.87436  43.0% 21244 20048s
   797   210   36.87436    5 1350   64.74186   36.87436  43.0% 21217 20074s
   798   211   36.87436    5 1360   64.74186   36.87436  43.0% 21190 20099s
   799   211   36.87436    5 1208   64.74186   36.87436  43.0% 21164 20107s
   800   212   36.87436    5 1243   64.74186   36.87436  43.0% 21137 20118s
   801   213   36.87436    5 1263   64.74186   36.87436  43.0% 21111 20124s
   802   213   36.87436    5 1145   64.74186   36.87436  43.0% 21085 20131s
   804   215   36.87436    5  967   64.74186   36.87436  43.0% 21032 20136s
   805   215   36.87436    5  985   64.74186   36.87436  43.0% 21006 20140s
   807   217   36.87436    5  971   64.74186   36.87436  43.0% 20954 20197s
   808   217   36.87436    5  980   64.74186   36.87436  43.0% 20928 20202s
   809   218   39.31350    5 1003   64.74186   36.87436  43.0% 20902 20209s
   810   219   36.87436    5 4404   64.74186   36.87436  43.0% 20877 20386s
   813   221   36.87436    5 2885   64.74186   36.87436  43.0% 20800 20391s
   814   221   36.87436    5 2664   64.74186   36.87436  43.0% 20774 20396s
   815   222   36.87436    5 2553   64.74186   36.87436  43.0% 20748 20401s
   816   223   36.87436    5 2457   64.74186   36.87436  43.0% 20723 20408s
   817   223   36.87436    5 2453   64.74186   36.87436  43.0% 20698 20427s
   818   224   36.87436    5 2494   64.74186   36.87436  43.0% 20672 20439s
   819   225   36.87436    5 2429   64.74186   36.87436  43.0% 20647 20447s
   820   225   39.55259    5 2428   64.74186   36.87436  43.0% 20622 20452s
   821   226   36.87436    5 2434   64.74186   36.87436  43.0% 20597 20455s
   823   227   39.88414    5 2460   64.74186   36.87436  43.0% 20547 20580s
   824   228   36.87436    5 2430   64.74186   36.87436  43.0% 20522 20585s
   826   229   36.87436    5 2426   64.74186   36.87436  43.0% 20472 20592s
   828   231   36.87436    5 2386   64.74186   36.87436  43.0% 20423 20595s
   829   231   36.87436    5 2420   64.74186   36.87436  43.0% 20398 20608s
   830   232   36.87436    5 1906   64.74186   36.87436  43.0% 20373 20672s
   831   233   39.31344    5 1380   64.74186   36.87436  43.0% 20349 20691s
   832   233   42.64670    5 1076   64.74186   36.87436  43.0% 20325 20695s
   833   234   36.87436    5 1148   64.74186   36.87436  43.0% 20300 20703s
   834   235   39.31350    5 1088   64.74186   36.87436  43.0% 20276 20712s
   835   235   36.87436    5 1019   64.74186   36.87436  43.0% 20251 20717s
   836   236   39.55259    5 1201   64.74186   36.87436  43.0% 20227 20722s
   837   237   36.87436    5 1159   64.74186   36.87436  43.0% 20203 20726s
   839   238   36.87436    5 1225   64.74186   36.87436  43.0% 20155 20730s
   842   240   36.87436    5 1174   64.74186   36.87436  43.0% 20083 20737s
   843   241   36.87436    5 1114   64.74186   36.87436  43.0% 20059 20741s
   845   242   36.87436    5 1091   64.74186   36.87436  43.0% 20012 20745s
   847   243   39.55259    5 1133   64.74186   36.87436  43.0% 19965 20760s
   848   244   36.87436    5  958   64.74186   36.87436  43.0% 19941 20776s
   850   245   36.87436    5 1058   64.74186   36.87436  43.0% 19894 20780s
   851   246   36.87436    5 1065   64.74186   36.87436  43.0% 19871 20795s
   852   247   36.87436    5 1134   64.74186   36.87436  43.0% 19847 20868s
   853   247   36.87436    5 1040   64.74186   36.87436  43.0% 19824 20903s
   854   248   36.87436    5 1033   64.74186   36.87436  43.0% 19801 20906s
   857   250   39.31344    5 1039   64.74186   36.87436  43.0% 19732 20925s
   860   252   36.87436    5 1008   64.74186   36.87436  43.0% 19663 20947s
   861   253   36.87436    5 1043   64.74186   36.87436  43.0% 19640 20957s
   862   253   36.87436    5 1017   64.74186   36.87436  43.0% 19617 20978s
   863   254   36.87436    5  996   64.74186   36.87436  43.0% 19594 20980s
   864   255   36.87436    5 1043   64.74186   36.87436  43.0% 19572 20996s
   865   255   39.74560    5 1027   64.74186   36.87436  43.0% 19549 21015s
   866   256   36.87436    5 1021   64.74186   36.87436  43.0% 19527 21049s
   867   257   36.87436    5 1016   64.74186   36.87436  43.0% 19504 21051s
   868   257   39.55141    5  996   64.74186   36.87436  43.0% 19482 21075s
   869   258   39.55141    5 1047   64.74186   36.87436  43.0% 19459 21096s
   870   259   36.87436    5 1088   64.74186   36.87436  43.0% 19437 21118s
H  870   244                      64.6867248   36.87436  43.0% 19437 21130s
   873   246   42.64670    5 1025   64.68672   36.87436  43.0% 19370 21135s
   876   248   36.87436    5 1077   64.68672   36.87436  43.0% 19304 21140s
   878   249   36.87436    5 1096   64.68672   36.87436  43.0% 19260 21156s
   879   250   36.87436    5 1188   64.68672   36.87436  43.0% 19238 21232s
   880   250   39.74560    5 1047   64.68672   36.87436  43.0% 19216 21271s
   881   251   36.87436    5 1083   64.68672   36.87436  43.0% 19194 21323s
   882   252   36.87436    5 1060   64.68672   36.87436  43.0% 19172 21330s
   883   252   36.87436    5 1042   64.68672   36.87436  43.0% 19151 21374s
   884   253   39.31344    5 1087   64.68672   36.87436  43.0% 19129 21390s
   885   254   39.31344    5 1121   64.68672   36.87436  43.0% 19107 21416s
   887   255   36.87436    5 1087   64.68672   36.87436  43.0% 19064 21434s
   888   256   36.87436    5 1075   64.68672   36.87436  43.0% 19043 21448s
   889   256   42.64670    5 1162   64.68672   36.87436  43.0% 19021 21478s
H  889   242                      64.6802542   36.87436  43.0% 19021 21484s
   891   244   36.87436    5 1156   64.68025   36.87436  43.0% 18979 21502s
   892   244   39.74560    5 1147   64.68025   36.87436  43.0% 18957 21505s
   893   245   36.87436    5 1149   64.68025   36.87436  43.0% 18936 21525s
   894   246   36.87436    5 1146   64.68025   36.87436  43.0% 18915 21568s
   896   247   42.79377    5 1146   64.68025   36.87436  43.0% 18873 21609s
H  896   235                      64.6802541   36.87436  43.0% 20621 21616s
H  897   221                      64.5998016   36.87436  42.9% 20598 22352s
   898   222   36.87436    5 1013   64.59980   36.87436  42.9% 20575 22356s
   900   223   36.87436    5 2443   64.59980   36.87436  42.9% 20530 22374s
   901   224   36.87436    5 2130   64.59980   36.87436  42.9% 20507 22378s
   902   225   36.87436    5 1932   64.59980   36.87436  42.9% 20484 22381s
H  902   213                      63.7016845   36.87436  42.1% 20484 22396s
   904   214   36.87436    5 1644   63.70168   36.87436  42.1% 20439 22428s
   905   215   36.87436    5 1494   63.70168   36.87436  42.1% 20416 22451s
   906   215   36.87436    5 1400   63.70168   36.87436  42.1% 20394 22482s
   907   216   36.87436    5 1264   63.70168   36.87436  42.1% 20371 22503s
   908   217   36.87436    5 1329   63.70168   36.87436  42.1% 20349 22548s
   909   217   39.31350    5 1177   63.70168   36.87436  42.1% 20326 22551s
   910   218   36.87436    5 1189   63.70168   36.87436  42.1% 20304 22556s
   911   219   36.87436    5 1111   63.70168   36.87436  42.1% 20282 22561s
   913   220   36.87436    5 5059   63.70168   36.87436  42.1% 20237 22868s
   915   221   36.87436    5 4067   63.70168   36.87436  42.1% 20193 22870s
   917   223   36.87436    5 3475   63.70168   36.87436  42.1% 20149 22876s
   918   223   36.87436    5 3358   63.70168   36.87436  42.1% 20127 22881s
   919   224   36.87436    5 3280   63.70168   36.87436  42.1% 20105 22887s
   920   225   39.55259    5 3145   63.70168   36.87436  42.1% 20083 22892s
   921   225   36.87436    5 3043   63.70168   36.87436  42.1% 20062 22896s
   922   226   36.87436    5 3100   63.70168   36.87436  42.1% 20040 22903s
   923   227   39.88414    5 3081   63.70168   36.87436  42.1% 20018 22907s
   924   227   36.87436    5 3051   63.70168   36.87436  42.1% 19996 22910s
   926   229   36.87436    5 3063   63.70168   36.87436  42.1% 19953 22915s
   930   231   36.87436    5 3078   63.70168   36.87436  42.1% 19867 22922s
   932   233   42.64670    5 3025   63.70168   36.87436  42.1% 19825 22928s
   933   233   36.87436    5 3113   63.70168   36.87436  42.1% 19803 22930s
   936   235   39.55259    5 3214   63.70168   36.87436  42.1% 19740 22937s
   938   237   39.31350    5 3256   63.70168   36.87436  42.1% 19698 22962s
   939   237   36.87436    5 3167   63.70168   36.87436  42.1% 19677 22965s
   941   239   36.87436    5 3205   63.70168   36.87436  42.1% 19635 22970s
   943   240   36.87436    5 3209   63.70168   36.87436  42.1% 19593 22983s
   944   241   36.87436    5 2587   63.70168   36.87436  42.1% 19573 22996s
   945   241   36.87436    5 1874   63.70168   36.87436  42.1% 19552 23014s
   946   242   39.31350    5 1558   63.70168   36.87436  42.1% 19531 23021s
   948   243   36.87436    5 1164   63.70168   36.87436  42.1% 19490 23026s
   950   245   36.87436    5 1144   63.70168   36.87436  42.1% 19449 23033s
   951   245   36.87436    5 1342   63.70168   36.87436  42.1% 19429 23035s
   955   248   36.87436    5 1198   63.70168   36.87436  42.1% 19347 23041s
   956   249   36.87436    5 1206   63.70168   36.87436  42.1% 19327 23051s
   958   250   36.87436    5 1137   63.70168   36.87436  42.1% 19287 23056s
   959   251   36.87436    5 1103   63.70168   36.87436  42.1% 19267 23071s
   960   251   36.87436    5  997   63.70168   36.87436  42.1% 19247 23081s
   961   252   36.87436    5  981   63.70168   36.87436  42.1% 19226 23086s
   963   253   36.87436    5 1011   63.70168   36.87436  42.1% 19187 23095s
   964   254   36.88252    5 1004   63.70168   36.88252  42.1% 19167 23101s
   967   256   36.88413    5 1120   63.70168   36.88413  42.1% 19107 23119s
   968   257   39.55141    5  961   63.70168   36.88721  42.1% 19087 23131s
   969   257   39.55141    5 1010   63.70168   36.88830  42.1% 19068 23135s
   970   258   36.88836    5 1024   63.70168   36.88836  42.1% 19048 23148s
   971   259   39.55141    5  995   63.70168   36.89178  42.1% 19028 23165s
   972   259   36.89193    5  952   63.70168   36.89193  42.1% 19009 23183s
   973   260   42.64670    5  968   63.70168   36.89244  42.1% 18989 23211s
   974   261   36.89287    5 1029   63.70168   36.89287  42.1% 18970 23223s
   976   262   36.89329    5  948   63.70168   36.89329  42.1% 18931 23237s
   977   263   36.89438    5  932   63.70168   36.89438  42.1% 18912 23245s
   978   263   36.89453    5  956   63.70168   36.89453  42.1% 18892 23262s
   979   264   36.89464    5 1082   63.70168   36.89464  42.1% 18873 23307s
   980   265   39.74560    5 1086   63.70168   36.89464  42.1% 18854 23340s
   981   265   36.89468    5  989   63.70168   36.89468  42.1% 18835 23368s
   982   266   36.89474    5 1020   63.70168   36.89474  42.1% 18815 23402s
H  982   251                      63.7016842   36.89478  42.1% 18815 23405s
   984   252   39.31344    5 1064   63.70168   36.89479  42.1% 18777 23429s
   985   253   39.31344    5 1068   63.70168   36.89479  42.1% 18758 23450s
   986   254   39.31344    5 1073   63.70168   36.89479  42.1% 18739 23547s
   987   254   36.89543    5 1067   63.70168   36.89543  42.1% 18720 23596s
   989   256   42.64670    5 1067   63.70168   36.89543  42.1% 18682 23670s
H  990   243                      63.7016842   36.89543  42.1% 20222 24746s
   991   244   36.89543    5 1013   63.70168   36.89543  42.1% 20201 24750s
   993   245   36.89543    5 2443   63.70168   36.89543  42.1% 20161 24766s
   994   246   36.89543    5 2183   63.70168   36.89543  42.1% 20140 24770s
   996   247   42.79377    5 1760   63.70168   36.89543  42.1% 20100 24777s
   997   248   36.89543    5 1656   63.70168   36.89543  42.1% 20080 24805s
   998   249   36.89543    5 1526   63.70168   36.89543  42.1% 20060 24827s
   999   249   36.89543    5 1391   63.70168   36.89543  42.1% 20040 24862s
  1000   250   36.89543    5 1300   63.70168   36.89543  42.1% 20020 24884s
  1001   251   36.89543    5 1290   63.70168   36.89543  42.1% 20000 24921s
  1003   252   39.88414    5 1147   63.70168   36.89543  42.1% 19960 24927s
  1004   253   36.89543    5 1033   63.70168   36.89543  42.1% 19940 24930s
  1005   253   36.89543    5 1059   63.70168   36.89543  42.1% 19920 24935s
  1007   255   36.89543    5  889   63.70168   36.89543  42.1% 19880 24942s
  1008   255   36.89543    5  861   63.70168   36.89543  42.1% 19861 24946s
  1009   256   39.31350    5  858   63.70168   36.89543  42.1% 19841 24950s
  1011   257   36.89543    5  854   63.70168   36.89543  42.1% 19802 24955s
  1013   259   36.89543    5  888   63.70168   36.89543  42.1% 19763 24963s
  1014   259   36.89543    5  905   63.70168   36.89543  42.1% 19743 24970s
  1015   260   36.89543    5  884   63.70168   36.89543  42.1% 19724 24978s
  1016   261   36.89543    5  884   63.70168   36.89543  42.1% 19704 24981s
  1019   263   36.89543    5  947   63.70168   36.89543  42.1% 19646 25048s
  1020   263   39.55259    5  916   63.70168   36.89543  42.1% 19627 25052s
  1021   264   36.89543    5  974   63.70168   36.89543  42.1% 19608 25055s
  1023   265   39.88414    5  918   63.70168   36.89543  42.1% 19570 25061s
  1026   267   36.89543    5  978   63.70168   36.89543  42.1% 19512 25065s
  1027   268   39.31350    5 1887   63.70168   36.89543  42.1% 19493 25111s
  1029   269   36.89543    5 1396   63.70168   36.89543  42.1% 19455 25115s
  1031   271   39.31344    5 1356   63.70168   36.89543  42.1% 19418 25120s
  1035   273   36.89543    5 1337   63.70168   36.89543  42.1% 19343 25136s
  1036   274   39.55259    5  977   63.70168   36.89543  42.1% 19324 25147s
  1037   275   36.89543    5  890   63.70168   36.89543  42.1% 19305 25151s
  1040   277   36.89543    5  898   63.70168   36.89543  42.1% 19250 25155s
  1042   278   36.89543    5  898   63.70168   36.89543  42.1% 19213 25160s
  1045   280   36.89543    5  961   63.70168   36.89543  42.1% 19158 25175s
  1047   281   39.55259    5  979   63.70168   36.89815  42.1% 19121 25180s
  1051   284   36.90083    5  977   63.70168   36.90083  42.1% 19048 25199s
H 1051   268                      63.7016823   36.90258  42.1% 19048 25253s
  1053   269   36.90336    5 1050   63.70168   36.90336  42.1% 19012 25275s
  1054   270   36.90354    5  998   63.70168   36.90354  42.1% 18994 25290s
  1055   271   36.90470    5  980   63.70168   36.90470  42.1% 18976 25351s
  1056   271   36.90480    5 1009   63.70168   36.90480  42.1% 18958 25383s
  1058   273   36.90555    5 1046   63.70168   36.90555  42.1% 18922 25397s
  1059   273   36.90571    5 1021   63.70168   36.90571  42.1% 18904 25404s
  1060   274   36.90580    5 1040   63.70168   36.90580  42.1% 18886 25421s
  1062   275   36.90587    5 1015   63.70168   36.90587  42.1% 18851 25438s
  1063   276   36.90593    5  991   63.70168   36.90593  42.1% 18833 25455s
  1064   277   36.90593    5  991   63.70168   36.90593  42.1% 18815 25476s
  1066   278   36.90593    5  996   63.70168   36.90593  42.1% 18780 25493s
  1067   279   36.90595    5 1002   63.70168   36.90595  42.1% 18763 25519s
  1068   279   39.55141    5 1012   63.70168   36.90595  42.1% 18745 25539s
  1069   280   39.55141    5 1021   63.70168   36.90597  42.1% 18727 25574s
  1071   281   39.55141    5 1021   63.70168   36.90597  42.1% 18692 25650s
  1073   284   42.64670    5 1013   63.70168   36.90597  42.1% 19853 26095s
  1075   285   36.90597    5 2443   63.70168   36.90597  42.1% 19816 26111s
  1077   287   36.90597    5 1935   63.70168   36.90597  42.1% 19779 26116s
  1078   287   36.90597    5 1759   63.70168   36.90597  42.1% 19761 26120s
  1079   288   36.90597    5 1687   63.70168   36.90597  42.1% 19742 26133s
  1080   289   39.74560    5 1614   63.70168   36.90597  42.1% 19724 26152s
  1081   289   36.90597    5 1497   63.70168   36.90597  42.1% 19706 26187s
  1082   290   36.90597    5 1385   63.70168   36.90597  42.1% 19688 26210s
  1083   291   36.90597    5 1372   63.70168   36.90597  42.1% 19669 26236s
  1085   292   39.31344    5 1270   63.70168   36.90597  42.1% 19633 26243s
  1086   293   39.31344    5 1177   63.70168   36.90597  42.1% 19615 26248s
  1087   293   36.90597    5 1039   63.70168   36.90597  42.1% 19597 26250s
  1088   294   36.90597    5 1025   63.70168   36.90597  42.1% 19579 26256s
  1089   295   42.64670    5 1206   63.70168   36.90597  42.1% 19561 26265s
  1091   296   36.90597    5 1044   63.70168   36.90597  42.1% 19525 26271s
  1092   297   39.74560    5 1039   63.70168   36.90597  42.1% 19507 26275s
  1094   298   36.90597    5 1042   63.70168   36.90597  42.1% 19472 26281s
  1095   299   36.90597    5 1062   63.70168   36.90597  42.1% 19454 26286s
  1097   300   36.90597    5 1058   63.70168   36.90597  42.1% 19418 26293s
  1098   301   36.90597    5 1060   63.70168   36.90597  42.1% 19401 26296s
  1100   302   36.90597    5 1112   63.70168   36.90597  42.1% 19365 26300s
  1103   304   39.88414    5 1182   63.70168   36.90597  42.1% 19313 26322s
  1105   305   36.90597    5 1155   63.70168   36.90597  42.1% 19278 26326s
  1106   306   36.90597    5 1139   63.70168   36.90597  42.1% 19260 26330s
  1109   308   39.31350    5 1223   63.70168   36.90597  42.1% 19208 26336s
  1112   310   36.90597    5 1290   63.70168   36.90597  42.1% 19156 26340s
  1115   312   36.90597    5 1259   63.70168   36.90597  42.1% 19105 26353s
  1116   313   36.90597    5 1203   63.70168   36.90597  42.1% 19088 26356s
  1119   315   36.90597    5 1183   63.70168   36.90597  42.1% 19037 26374s
  1120   315   39.55259    5  856   63.70168   36.90597  42.1% 19020 26394s
  1121   316   36.90597    5  824   63.70168   36.90597  42.1% 19003 26398s
  1123   317   39.88414    5  910   63.70168   36.90597  42.1% 18969 26401s
  1126   319   36.90597    5  975   63.70168   36.90597  42.1% 18918 26405s
  1131   323   39.31344    5  909   63.70168   36.90597  42.1% 18835 26411s
  1134   325   39.31350    5  866   63.70168   36.90597  42.1% 18785 26415s
  1137   327   36.90597    5  966   63.70168   36.90597  42.1% 18735 26432s
  1138   327   39.31350    5  928   63.70168   36.90597  42.1% 18719 26475s
  1139   328   36.90597    5  963   63.70168   36.90597  42.1% 18702 26485s
  1141   329   36.90597    5  945   63.70168   36.90597  42.1% 18670 26499s
  1142   330   36.90597    5  907   63.70168   36.90597  42.1% 18653 26517s
  1143   331   36.90597    5  935   63.70168   36.90597  42.1% 18637 26540s
  1145   332   36.90597    5  903   63.70168   36.90597  42.1% 18604 26555s
  1146   333   39.31350    5  896   63.70168   36.90597  42.1% 18588 26562s
  1148   334   36.90597    5  912   63.70168   36.90597  42.1% 18556 26579s
  1149   335   36.90597    5  901   63.70168   36.90597  42.1% 18540 26580s
  1151   336   36.90597    5  905   63.70168   36.90597  42.1% 18507 26594s
  1152   337   36.90597    5  863   63.70168   36.90597  42.1% 18491 26622s
  1153   337   36.90597    5  893   63.70168   36.90597  42.1% 18475 26647s
  1155   339   36.90597    5  863   63.70168   36.90597  42.1% 18443 26660s
  1156   339   36.90597    5  876   63.70168   36.90597  42.1% 18427 26687s
  1157   340   39.31344    5  935   63.70168   36.90597  42.1% 18411 26696s
  1158   341   36.90597    5  952   63.70168   36.90597  42.1% 18395 26710s
  1160   342   36.90597    5  901   63.70168   36.90597  42.1% 18364 26725s
  1161   343   36.90597    5  895   63.70168   36.90597  42.1% 18348 26757s
  1163   344   36.90597    5  895   63.70168   36.90597  42.1% 18316 26849s
  1164   348   36.90597  106  988   63.70168   36.90597  42.1% 19164 27185s
  1166   351   36.93802  107  866   63.70168   36.91235  42.1% 19145 27516s
  1170   358   37.25179  108  953   63.70168   36.94605  42.0% 19124 27939s
  1178   371   37.29800  109 1160   63.70168   37.00657  41.9% 19076 28246s
  1194   398   37.35604  110 1049   63.70168   37.03091  41.9% 19024 28680s
H 1197   378                      63.6956495   37.03091  41.9% 18987 28680s
H 1198   359                      63.6580175   37.03091  41.8% 18981 28680s
  1226   390   37.37868  111 1125   63.65802   37.06583  41.8% 19332 28991s
H 1266   400                      63.3013258   37.08406  41.4% 19789 30351s
H 1277   380                      63.2298842   37.08406  41.4% 20052 30351s
  1306   410   37.89422  112 1113   63.22988   37.08406  41.4% 20258 30614s
  1346   437   37.38688  113 1075   63.22988   37.08406  41.4% 20890 35692s
H 1348   421                      63.2298834   37.08406  41.4% 20869 35692s
H 1362   402                      63.2298832   37.08406  41.4% 21139 35692s
H 1385   381                      63.0745088   37.08406  41.2% 21371 35692s
  1386   456   38.36987  113 1157   63.07451   37.08406  41.2% 21379 35914s
  1461   508   37.42695  114 1079   63.07451   37.08406  41.2% 21418 36227s
  1538   552   37.79770  115  969   63.07451   37.08406  41.2% 21549 36761s
  1610   595   37.45486  115 1031   63.07451   37.08406  41.2% 22178 37021s
  1677   685   37.74944  116 1101   63.07451   37.08406  41.2% 22099 37325s
  1789   777   37.49794  118 1028   63.07451   37.08406  41.2% 21703 37803s
  1919   890   37.50993  120 1104   63.07451   37.08406  41.2% 21342 38531s
  2054  1052   37.56260  121 1077   63.07451   37.08406  41.2% 21026 39014s
  2216  1247   37.58678  123 1188   63.07451   37.08406  41.2% 20396 39260s
  2411  1330   37.64052  125 1244   63.07451   37.08406  41.2% 19639 40073s
H 2441  1330                      63.0000486   37.08406  41.1% 19704 40073s
H 2462  1330                      62.9521242   37.08406  41.1% 19574 40073s

Resetting heuristic parameters to focus on improving solution
(using Heuristics=0.5 and RINS=10)...

H 2494  1392                      62.8493293   37.08406  41.0% 19559 41199s
  2494  1392   37.80452  125 1134   62.84933   37.08406  41.0% 19559 41199s
H 2496  1392                      62.8320099   37.08406  41.0% 19547 41199s
H 2497  1392                      62.8196079   37.08406  41.0% 19544 41199s
H 2558  1439                      62.8196079   37.08406  41.0% 19938 42912s
H 2560  1439                      62.8196078   37.08406  41.0% 19926 42912s
H 2561  1439                      62.8196063   37.08406  41.0% 19921 42912s
H 2576  1439                      62.8196054   37.08406  41.0% 20276 42912s
H 2578  1439                      62.7609645   37.08406  40.9% 20262 42912s
  2605  1737   38.85277  128 1215   62.76096   37.08406  40.9% 20726 43201s

Cutting planes:
  Gomory: 1243
  Cover: 114
  Implied bound: 168
  Projected implied bound: 2
  Clique: 29
  MIR: 11866
  StrongCG: 1
  Flow cover: 6321
  Relax-and-lift: 729

Explored 2905 nodes (59356949 simplex iterations) in 43201.71 seconds (83046.45 work units)
Thread count was 40 (of 96 available processors)

Solution count 10: 62.761 62.8196 62.8196 ... 63

Time limit reached
Best objective 6.276096450521e+01, best bound 3.708405855950e+01, gap 40.9122%
