
Gurobi 9.5.1 (linux64) logging started Mon 18 Jul 2022 09:57:03 AM MST

Set parameter LogFile to value "/home/local/ASUAD/kmajd1/NNRepLayer_v2/demos/walking_example/dynamic_constraint/repair_net/logs/opt_log_7_18_2022_9_56_2.log"
Gurobi Optimizer version 9.5.1 build v9.5.1rc2 (linux64)
Thread count: 48 physical cores, 96 logical processors, using up to 40 threads
Optimize a model with 55914 rows, 38094 columns and 1536618 nonzeros
Model fingerprint: 0xe09e2d1a
Model has 270 quadratic objective terms
Variable types: 20814 continuous, 17280 integer (17280 binary)
Coefficient statistics:
  Matrix range     [3e-04, 4e+02]
  Objective range  [3e-03, 1e+00]
  QObjective range [7e-02, 7e-02]
  Bounds range     [2e-01, 1e+03]
  RHS range        [1e-05, 4e+02]
Presolve removed 540 rows and 0 columns
Presolve time: 3.43s
Presolved: 55374 rows, 38094 columns, 1536078 nonzeros
Presolved model has 270 quadratic objective terms
Variable types: 20814 continuous, 17280 integer (17280 binary)
Root relaxation presolve removed 17280 rows and 17280 columns
Root relaxation presolved: 38094 rows, 20814 columns, 1484238 nonzeros
Root relaxation presolved model has 270 quadratic objective terms


Root simplex log...

Iteration    Objective       Primal Inf.    Dual Inf.      Time
       0    2.2457498e+01   0.000000e+00   0.000000e+00      6s
   31829    2.2457498e+01   5.544298e+01   0.000000e+00     10s
   45235    2.2457498e+01   0.000000e+00   0.000000e+00     13s
   45235    2.2457498e+01   0.000000e+00   0.000000e+00     14s

Root relaxation: objective 2.245750e+01, 45235 iterations, 9.12 seconds (49.42 work units)

    Nodes    |    Current Node    |     Objective Bounds      |     Work
 Expl Unexpl |  Obj  Depth IntInf | Incumbent    BestBd   Gap | It/Node Time

     0     0   22.45750    0 4927          -   22.45750      -     -   15s
     0     0   22.45750    0 5028          -   22.45750      -     -   21s
     0     0   22.45750    0 4892          -   22.45750      -     -   26s
     0     0   22.45750    0 4740          -   22.45750      -     -   37s
     0     0   22.45750    0 4595          -   22.45750      -     -   44s
     0     0   22.45750    0 4447          -   22.45750      -     -   57s
     0     0   22.45750    0 4463          -   22.45750      -     -   66s
     0     0   22.45750    0 4354          -   22.45750      -     -   94s
     0     0   22.45750    0 4402          -   22.45750      -     -  124s
     0     0   22.45750    0 4212          -   22.45750      -     -  151s
     0     2   22.45750    0 4212          -   22.45750      -     -  386s
     1     4   22.45750    1 4211          -   22.45750      -   3.0  420s
     3     8   22.45750    2 4209          -   22.45750      - 50466  454s
     7    16   22.45750    3 4208          -   22.45750      - 64126  486s
    15    32   22.45750    4 4305          -   22.45750      - 56582  725s
    31    64   22.45750    5 4034          -   22.45750      - 65920  814s
    63   104   22.47214    6 3621          -   22.45750      - 63900  945s
   103   144   22.47214    7 3621          -   22.45750      - 70960 1071s
   143   184   22.47214    8 3623          -   22.45750      - 63487 1130s
   183   224   22.47214    9 3622          -   22.45750      - 50719 1186s
   223   299   22.47214   10 3623          -   22.45750      - 43069 1241s
   298   376   22.47214   11 3622          -   22.45750      - 33108 1296s
   375   455   22.47214   12 3621          -   22.45750      - 27141 1381s
   454   567   22.47214   14 3614          -   22.45750      - 22487 1434s
   566   682   22.47214   16 3612          -   22.45750      - 18697 1491s
   681   836   22.47214   18 3612          -   22.45750      - 15866 1549s
   835  1017   22.47214   20 3610          -   22.45750      - 13234 1602s
  1016  1216   22.47214   23 3607          -   22.45750      - 11186 1662s
  1215  1439   22.47214   27 3604          -   22.45750      -  9747 1721s
  1438  1704   22.47214   32 3600          -   22.45750      -  8608 1783s
  1703  2033   22.47214   38 3597          -   22.45750      -  7544 1843s
  2032  2414   22.47214   44 3593          -   22.45750      -  6595 1899s
  2413  2860   22.47214   52 3583          -   22.45750      -  5740 1958s
  2859  3345   22.47214   60 3579          -   22.45750      -  5013 2020s
  3344  3911   22.47214   70 3571          -   22.45750      -  4453 2069s
  3910  4504   22.47214   72 3565          -   22.45750      -  3920 2133s
  4503  5115   22.47214   85 3554          -   22.45750      -  3531 2200s
  5114  5888   22.47214   89 3552          -   22.45750      -  3236 2270s
  5887  6623   22.47214  107 3538          -   22.45750      -  2928 2335s
  6624  7492   22.47214  121 3535          -   22.45750      -  2700 2409s
  7495  8433   22.47214  125 3528          -   22.45750      -  2490 2476s
  8438  9255   22.47214  151 3521          -   22.45750      -  2293 2551s
  9260 10237   22.47214  152 3520          -   22.45750      -  2178 2622s
 10244 11206   22.47214  160 3516          -   22.45750      -  2044 2696s
 11213 12299   22.47214  173 3514          -   22.45750      -  1935 2765s
 12326 13422   22.47214  203 3494          -   22.45750      -  1826 2834s
 13453 14723   22.48657  216 3486          -   22.45750      -  1744 2914s
 14756 15739   22.74092  231 3548          -   22.45750      -  1663 2995s
 15778 16815   22.74092  277 3512          -   22.45750      -  1620 3076s
 16863 16816   25.61793  241 4212          -   22.45750      -  1579 3163s
 16865 16817   24.41826  288 4927          -   22.45750      -  1578 3182s
 16866 16818   24.34028   29 5018          -   22.45750      -  1578 3190s
 16867 16819   24.41765  167 4813          -   22.45750      -  1578 3205s
 16868 16819   24.89405   82 4830          -   22.45750      -  1578 3215s
 16869 16820   23.62178   52 4774          -   22.45750      -  1578 3265s
 16870 16821   24.38786  189 4650          -   22.45750      -  1578 3296s
 16871 16821   24.38851  273 4621          -   22.45750      -  1578 3394s
 16872 16822   24.99532   62 4565          -   22.45750      -  1578 3454s
 16873 16823   24.33787  115 4536          -   22.45750      -  1578 3529s
 16874 16823   24.41765  104 4525          -   22.45750      -  1578 3573s
 16876 16825   24.99532   59 4525          -   22.45750      -  1577 3822s
 16877 16828   22.45750   10 4519          -   22.45750      -  1624 4508s
 16879 16832   22.93410   11 4500          -   22.45750      -  1624 4541s
 16883 16838   23.36391   12 4481          -   22.45750      -  1637 4671s
 16891 16852   23.64331   13 4354          -   22.45750      -  1692 4736s
 16907 16878   23.64331   14 4143          -   22.45750      -  1836 5225s
 16939 16908   23.64331   15 3923          -   22.45750      -  2131 5379s
 16979 16934   24.03806   16 4320          -   22.45750      -  2496 7239s
 17019 16961   23.64331   16 3710          -   22.45750      -  3119 8661s
 17059 16988   23.64331   17 3676          -   22.45750      -  3449 8836s
 17099 17022   23.64599   17 3663          -   22.45750      -  3731 9019s
 17147 17052   24.09187   18 3728          -   22.45750      -  4036 9332s
 17193 17089   23.64331   18 3656          -   22.45750      -  4391 9504s
 17245 17123   23.64331   19 3667          -   22.45750      -  4672 9668s
 17296 17177   24.80613   19 3766          -   22.45750      -  4942 9823s
 17367 17222   23.64331   20 3651          -   22.45750      -  5198 9990s
 17436 17263   23.64599   20 3658          -   22.45750      -  5469 10156s
 17500 17314   23.64331   21 3642          -   22.45750      -  5736 10313s
 17572 17376   23.67351   21 3633          -   22.45750      -  5982 10465s
 17658 17428   23.64331   22 3641          -   22.45750      -  6202 10625s
 17739 17490   24.66300   22 3713          -   22.45750      -  6440 10802s
 17828 17559   23.83818   23 3669          -   22.45750      -  6690 10958s
 17927 17633   24.05810   23 3678          -   22.45750      -  6920 11112s
 18034 17726   24.41547   24 3683          -   22.45750      -  7136 11275s
 18162 17834   23.84598   26 3660          -   22.45750      -  7346 11452s
 18313 17970   23.83818   26 3663          -   22.45750      -  7491 11601s
 18499 18111   23.83818   27 3667          -   22.45750      -  7625 11728s
 18702 18232   23.85720   32 3652          -   22.45750      -  7734 11862s
 18895 18364   23.96465   37 3730          -   22.45750      -  7878 12011s
 19091 18558   23.95739   39 3729          -   22.45750      -  8021 12144s
 19351 18736   24.20684   42 3726          -   22.45750      -  8111 12279s
 19621 18897   23.95739   48 3722          -   22.45750      -  8192 12430s
 19876 19133   23.95739   50 3719          -   22.45750      -  8332 12582s
 20197 19405   23.96364   54 3714          -   22.45750      -  8425 12720s
 20582 19677   23.96364   62 3700          -   22.45750      -  8449 12899s
 20989 19832   24.54302   72 3747          -   22.45750      -  8508 13054s
 21291 20123   24.54302   73 3744          -   22.45750      -  8608 13221s
 21693 20361   24.66330   84 3762          -   22.45750      -  8664 13369s
 22087 20604   24.98570   97 3793          -   22.45750      -  8709 13564s
 22487 20974   24.54302  104 3720          -   22.45750      -  8767 13729s
 23001 21316   24.62528  118 3731          -   22.45750      -  8766 13924s
 23540 21757   26.00522  134 3734          -   22.45750      -  8790 14101s
 24183 22235   24.54302  151 3690          -   22.45750      -  8743 14300s
 24889 22597   24.54302  158 3684          -   22.45750      -  8711 14498s
 25506 22997   24.54302  170 3676          -   22.45750      -  8733 14695s
 26154 23505   24.54302  185 3668          -   22.45750      -  8749 14905s
 26898 23982   24.54302  208 3633          -   22.45750      -  8729 15131s
 27663 24545   24.54302  234 3607          -   22.45750      -  8714 15384s
 28515 25182   24.85720  261 3663          -   22.45750      -  8691 15639s
 29458 25813   26.49504  267 3826          -   22.45750      -  8658 15917s
 30457 26444   25.03993  292 3706          -   22.45750      -  8616 16190s
 31457 27085   25.84440  311 3743          -   22.45750      -  8578 16472s
 32488 27846   25.89820  347 3778          -   22.45750      -  8553 16762s
 33638 28495   25.89820  381 3754          -   22.45750      -  8511 17192s
 34771 28933   25.95417  423 3722          -   22.45750      -  8601 17525s
 35632 29640   25.89820  444 3703          -   22.45750      -  8680 17835s
 36696 30341   25.92856  491 3656          -   22.45750      -  8685 18154s
 37824 30894   25.89820  531 3635          -   22.45750      -  8685 18465s
 38907 31285   25.89820  532 3599          -   22.45750      -  8687 18756s
 39719 31825   26.12828  534 3638          -   22.45750      -  8800 19037s
 40634 32512 infeasible  563               -   22.45750      -  8871 19323s
 41810 33156   26.01701  622 3601          -   22.45750      -  8899 19622s
 42956 34158   26.01701  685 3540          -   22.45750      -  8948 19935s
 44420 34977   29.38619  750 3633          -   22.45750      -  8925 20245s
 45858 35717   30.32659  819 3547          -   22.45750      -  8924 20573s
 47301 36498 infeasible  841               -   22.45750      -  8923 20917s
 48791 36703   23.00724   17 3756          -   22.45750      -  8934 21494s
 49577 37419   23.00724   18 3740          -   22.45750      -  9072 21876s
 50721 37962   23.00724   20 3758          -   22.45750      -  9160 22348s
 51845 38520   23.05720   22 3735          -   22.45750      -  9274 22829s
 52928 39200   23.77568   23 3753          -   22.45750      -  9404 23360s
 54159 40255   23.05720   25 3723          -   22.45750      -  9510 23930s
 55830 39731   23.36147   30 3691          -   22.45750      -  9555 25932s
 55897 40477   23.56388   31 3710          -   22.45750      -  9651 26450s
 56989 40919   23.77527   34 3715          -   22.45750      -  9798 27034s
 58195 41316   24.81048   38 3743          -   22.45750      -  9954 27674s
 59152 41579   23.56388   39 3668          -   22.45750      - 10182 27958s
