
Gurobi 9.5.1 (linux64) logging started Thu 09 Jun 2022 10:59:08 AM MST

Set parameter LogFile to value "/home/local/ASUAD/kmajd1/NNRepLayer_v2/demos/walking_example/dynamic_constraint/repair_net/logs/opt_log_6_9_2022_10_58_35.log"
Gurobi Optimizer version 9.5.1 build v9.5.1rc2 (linux64)
Thread count: 48 physical cores, 96 logical processors, using up to 32 threads
Optimize a model with 37077 rows, 22792 columns and 105173 nonzeros
Model fingerprint: 0x1b0301d7
Model has 136 quadratic objective terms
Variable types: 9832 continuous, 12960 integer (12960 binary)
Coefficient statistics:
  Matrix range     [7e-04, 5e+01]
  Objective range  [2e-02, 3e+00]
  QObjective range [1e-01, 2e+00]
  Bounds range     [1e+00, 5e+01]
  RHS range        [2e-04, 5e+01]
Presolve removed 22254 rows and 8832 columns
Presolve time: 0.23s
Presolved: 14823 rows, 13960 columns, 69575 nonzeros
Presolved model has 136 quadratic objective terms
Variable types: 9640 continuous, 4320 integer (4320 binary)
Root relaxation presolve removed 4320 rows and 4320 columns
Root relaxation presolved: 10503 rows, 9640 columns, 60935 nonzeros
Root relaxation presolved model has 136 quadratic objective terms


Root relaxation: objective 2.136565e+01, 12296 iterations, 1.34 seconds (2.42 work units)

    Nodes    |    Current Node    |     Objective Bounds      |     Work
 Expl Unexpl |  Obj  Depth IntInf | Incumbent    BestBd   Gap | It/Node Time

     0     0   21.36565    0  859          -   21.36565      -     -    3s
     0     0   21.36565    0  679          -   21.36565      -     -   15s
     0     0   21.36565    0  646          -   21.36565      -     -   16s
     0     0   21.36565    0  733          -   21.36565      -     -   16s
     0     0   21.36565    0  726          -   21.36565      -     -   16s
     0     0   21.36565    0  784          -   21.36565      -     -   17s
     0     0   21.36565    0  776          -   21.36565      -     -   17s
     0     0   21.36565    0  784          -   21.36565      -     -   18s
H    0     0                     115.8246520   21.36565  81.6%     -   52s
H    0     0                     114.1672065   21.36565  81.3%     -   60s
     0     2   21.36565    0  784  114.16721   21.36565  81.3%     -   60s
     7    16   21.38192    3 1097  114.16721   21.36565  81.3%   981   66s
H   31    64                     113.2381158   21.36565  81.1%  1334   72s
H   38    64                     113.0989144   21.36565  81.1%  1242   72s
H   55    64                     112.5366711   21.36565  81.0%  1530   72s
H   57    64                     112.3730038   21.36565  81.0%  1513   72s
H   63    96                      34.0742851   21.36565  37.3%  1452   84s
H   66    96                      33.8039992   21.36565  36.8%  1430   84s
H   95   128                      32.8743432   21.36565  35.0%  1277  156s
H   98   128                      32.6403646   21.36565  34.5%  1252  156s
H   99   128                      32.2103674   21.36565  33.7%  1252  156s
H  105   128                      31.9892811   21.36565  33.2%  1202  156s
H  107   128                      31.2250158   21.36565  31.6%  1182  156s
H  110   128                      30.6647795   21.36565  30.3%  1150  156s
   191   224   21.41089   10 1322   30.66478   21.36565  30.3%   773  179s
H  223   224                      30.3028380   21.36565  29.5%   682  217s
   226   226   21.43780    6  860   30.30284   21.36565  29.5%   673  220s
   227   227   21.37087    9  732   30.30284   21.36565  29.5%   670  227s
   229   228   21.39772    7  753   30.30284   21.36565  29.5%   664  233s
H  229   216                      30.3024483   21.36565  29.5%   664  239s
H  229   205                      30.2886408   21.36565  29.5%   664  239s
H  229   195                      30.2782681   21.36565  29.4%   664  239s
H  229   185                      30.2743718   21.36565  29.4%   664  239s
H  229   175                      30.2441665   21.36565  29.4%   664  239s
H  229   167                      30.2213844   21.36565  29.3%   664  243s
   231   169   21.39772    7  847   30.22138   21.36565  29.3%   658  253s
   232   169   21.41089    8  858   30.22138   21.36573  29.3%   656  260s
   234   171   21.43307   10  885   30.22138   21.36573  29.3%   650  267s
   235   171   21.43780   10  903   30.22138   21.36573  29.3%   647  270s
   237   173   21.44539   10  903   30.22138   21.36573  29.3%   642  279s
H  237   166                      30.2208067   21.36573  29.3%   886  279s
H  238   156                      30.2056630   21.36573  29.3%   882  311s
H  240   150                      30.2056630   21.36573  29.3%   874  314s
   242   151   21.38192    7  726   30.20566   21.36573  29.3%   867  323s
   243   152   21.43307   10  615   30.20566   21.36573  29.3%   864  325s
   244   152   21.37682   11  731   30.20566   21.36573  29.3%   860  330s
H  244   144                      30.2056368   21.36573  29.3%   860  334s
H  244   137                      30.1970490   21.36573  29.2%   860  334s
H  244   130                      30.1703877   21.36573  29.2%   860  334s
   245   131   21.39772    6  751   30.17039   21.36573  29.2%   857  338s
   246   132   21.37087    6  835   30.17039   21.36573  29.2%   853  347s
   247   132   21.41089    8  818   30.17039   21.36573  29.2%   850  358s
   248   133   21.38746    7  846   30.17039   21.36573  29.2%   846  367s
H  248   126                      30.1703876   21.36573  29.2%   846  374s
   249   127   21.37079    9  841   30.17039   21.36573  29.2%   843  377s
   250   127   21.43307    7  891   30.17039   21.36573  29.2%   840  380s
   252   129   21.41089    9  891   30.17039   21.36573  29.2%   833  389s
H  253   123                      30.1703873   21.36573  29.2%  1038  418s
   256   125   21.46310   11  852   30.17039   21.36573  29.2%  1026  421s
   257   126   21.42111    7  773   30.17039   21.36573  29.2%  1022  428s
   259   127   21.43780    9  744   30.17039   21.36573  29.2%  1014  434s
H  259   120                      30.1385650   21.36573  29.1%  1014  438s
H  259   114                      30.1369183   21.36573  29.1%  1014  438s
H  259   108                      30.1369183   21.36573  29.1%  1014  438s
   260   109   21.43307   10  740   30.13692   21.36573  29.1%  1010  442s
   261   110   21.42111   10  793   30.13692   21.36573  29.1%  1006  452s
   262   110   21.42111    9  786   30.13692   21.36573  29.1%  1003  457s
   264   112   21.38338   11  801   30.13692   21.36573  29.1%   995  461s
   266   113   21.43780    9  791   30.13692   21.36573  29.1%   988  465s
   269   115   21.43780   11  773   30.13692   21.36573  29.1%   977  476s
   271   118   21.42111    6  784   30.13692   21.36573  29.1%  1233  520s
   274   120   21.39772   11  785   30.13692   21.36573  29.1%  1219  533s
   276   121   21.39772    7  752   30.13692   21.36573  29.1%  1210  547s
   277   122   21.42111   10  715   30.13692   21.36573  29.1%  1206  565s
   278   123   21.43307    7  773   30.13692   21.36573  29.1%  1202  573s
   279   123   21.38192    9  755   30.13692   21.36573  29.1%  1197  587s
   281   125   21.43307    9  757   30.13692   21.36573  29.1%  1189  591s
   283   126   21.46310   11  800   30.13692   21.36573  29.1%  1180  596s
H  284   120                      30.1339330   21.36573  29.1%  1176  605s
H  287   116                      27.3390031   21.36573  21.8%  1164  614s
H  289   111                      27.3386679   21.36573  21.8%  1635  693s
   292   113   21.42111   11  859   27.33867   21.36573  21.8%  1618  710s
   294   115   21.43780    9  670   27.33867   21.36573  21.8%  1607  715s
   295   115   21.39772    6  761   27.33867   21.36573  21.8%  1602  721s
   296   116   21.37087   11  778   27.33867   21.36573  21.8%  1597  729s
   297   117   21.37954    8  859   27.33867   21.36573  21.8%  1591  739s
   298   117   21.42111   11  873   27.33867   21.36573  21.8%  1586  752s
   300   119   21.39772    7  888   27.33867   21.36573  21.8%  1575  756s
   302   120   21.42111    9  935   27.33867   21.36573  21.8%  1565  761s
   304   121   21.43307    8  892   27.33867   21.36573  21.8%  1554  767s
   306   123   21.36893    6  933   27.33867   21.36573  21.8%  1544  772s
   307   123   21.41089    8  939   27.33867   21.36573  21.8%  1539  776s
   309   125   21.39772    8  939   27.33867   21.36573  21.8%  1529  784s
H  310   119                      27.2864715   21.36573  21.7%  1860  824s
H  312   114                      27.2835293   21.36573  21.7%  1848  826s
   314   115   21.37682   11  654   27.28353   21.36573  21.7%  1836  834s
   315   116   21.42111   10  574   27.28353   21.36573  21.7%  1830  835s
   316   116   21.43780    7  700   27.28353   21.36573  21.7%  1824  843s
   317   117   21.39772    9  705   27.28353   21.36573  21.7%  1818  858s
   318   118   21.43780   10  806   27.28353   21.36573  21.7%  1813  867s
   319   118   21.43780   10  805   27.28353   21.36573  21.7%  1807  883s
   321   120   21.37079   11  846   27.28353   21.36573  21.7%  1796  888s
   322   120   21.41089    8  850   27.28353   21.36573  21.7%  1790  891s
   323   121   21.43780   11  841   27.28353   21.36573  21.7%  1785  897s
   325   122   21.42111    6  874   27.28353   21.36573  21.7%  1774  902s
   327   124   21.37087    9  937   27.28353   21.36573  21.7%  1763  913s
   328   124   21.43307    7  954   27.28353   21.36573  21.7%  1758  916s
   330   126   21.38192   11  954   27.28353   21.36573  21.7%  1747  936s
H  331   121                      27.2769016   21.36573  21.7%  2406  977s
H  333   116                      27.2769014   21.36573  21.7%  2392  979s
   334   116   21.43307   10  868   27.27690   21.36573  21.7%  2385  980s
   335   117   21.43780   10  548   27.27690   21.36573  21.7%  2378  986s
H  335   111                      27.2240354   21.36573  21.5%  2378  990s
H  335   106                      27.2198555   21.36573  21.5%  2378  990s
   337   107   21.44539   10  807   27.21986   21.36573  21.5%  2363 1003s
   338   108   21.43307   10  819   27.21986   21.36573  21.5%  2356 1011s
   339   109   21.43307   10  843   27.21986   21.36573  21.5%  2349 1021s
   340   109   21.43780    9  835   27.21986   21.36573  21.5%  2343 1036s
   342   111   21.38192    7  861   27.21986   21.36573  21.5%  2329 1040s
   344   112   21.37682   11  878   27.21986   21.36573  21.5%  2315 1045s
   346   113   21.37087    6  897   27.21986   21.36573  21.5%  2302 1055s
   350   116   21.43307    7  947   27.21986   21.36573  21.5%  2276 1067s
   351   117   21.39772    8  797   27.21986   21.36573  21.5%  2269 1070s
   353   118   21.43307   10  797   27.21986   21.36573  21.5%  2256 1079s
   355   121   21.42111    8  784   27.21986   21.36573  21.5%  2758 1127s
   358   123   21.42111   11  506   27.21986   21.36573  21.5%  2735 1143s
   359   124   21.43780    9  704   27.21986   21.36573  21.5%  2727 1160s
   360   124   21.43307   10  848   27.21986   21.36573  21.5%  2720 1174s
   361   125   21.42111   10  831   27.21986   21.36573  21.5%  2712 1194s
   362   126   21.42111    9  868   27.21986   21.36573  21.5%  2705 1202s
   363   126   21.41089    9  844   27.21986   21.36573  21.5%  2697 1207s
   365   128   21.42111    8  855   27.21986   21.36573  21.5%  2682 1211s
   367   129   21.39282   11  861   27.21986   21.36573  21.5%  2668 1215s
   369   130   21.43780   11  839   27.21986   21.36573  21.5%  2653 1221s
   371   132   21.42111    6  896   27.21986   21.36573  21.5%  2639 1225s
   373   133   21.40404    9  905   27.21986   21.36573  21.5%  2625 1241s
   374   134   21.39772   11  940   27.21986   21.36573  21.5%  2618 1250s
   375   134   21.43780   10  937   27.21986   21.36573  21.5%  2611 1256s
   378   136   21.43307    7  934   27.21986   21.36573  21.5%  2590 1267s
   380   139   21.40404   11  784   27.21986   21.36573  21.5%  3090 1304s
   382   140   21.39772    7  872   27.21986   21.36573  21.5%  3074 1306s
   383   141   21.46310   11  802   27.21986   21.36573  21.5%  3066 1312s
   385   142   21.37682   11  821   27.21986   21.36573  21.5%  3050 1324s
   386   143   21.42111    7  777   27.21986   21.36573  21.5%  3042 1342s
   387   144   21.36671    7  875   27.21986   21.36573  21.5%  3034 1352s
   388   144   21.41089   10  857   27.21986   21.36573  21.5%  3026 1366s
   390   146   21.41089   11  867   27.21986   21.36573  21.5%  3010 1372s
   392   147   21.42111   11  952   27.21986   21.36573  21.5%  2995 1377s
   393   148   21.39772    9  953   27.21986   21.36573  21.5%  2988 1387s
H  393   140                      27.2155607   21.36573  21.5%  2988 1392s
   395   141   21.39772    6  739   27.21556   21.36573  21.5%  2972 1402s
   396   142   21.37087   11  927   27.21556   21.36573  21.5%  2965 1409s
   397   142   21.37954    8  991   27.21556   21.36573  21.5%  2957 1410s
   398   143   21.42111   11 1010   27.21556   21.36573  21.5%  2950 1421s
   400   144   21.39772    7 1080   27.21556   21.36573  21.5%  2935 1427s
   402   146   21.42111    9 1100   27.21556   21.36573  21.5%  2921 1439s
   404   147   21.43307    8 1128   27.21556   21.36573  21.5%  2906 1445s
   407   149   21.41089    8 1153   27.21556   21.36573  21.5%  2885 1457s
   409   152   21.39772    8  784   27.21556   21.36573  21.5%  3481 1475s
   412   154   21.43780   11  812   27.21556   21.36573  21.5%  3456 1482s
   414   155   21.37682   11  819   27.21556   21.36573  21.5%  3439 1492s
   415   156   21.42111   10  803   27.21556   21.36573  21.5%  3431 1508s
   416   157   21.43780    7  870   27.21556   21.36573  21.5%  3423 1517s
   417   157   21.39772    9  857   27.21556   21.36573  21.5%  3415 1531s
   419   159   21.43780   10  878   27.21556   21.36573  21.5%  3398 1535s
   421   160   21.37079   11  921   27.21556   21.36573  21.5%  3382 1540s
   423   161   21.43780   11  863   27.21556   21.36573  21.5%  3366 1545s
   426   163   21.43780    6  880   27.21556   21.36573  21.5%  3343 1550s
   427   164   21.37087    9  882   27.21556   21.36573  21.5%  3335 1556s
H  428   156                      26.5024920   21.36573  19.4%  3327 1561s
H  428   148                      26.4726848   21.36573  19.3%  3327 1561s
H  428   140                      26.4672443   21.36573  19.3%  3327 1561s
H  428   133                      26.4611131   21.36573  19.3%  3327 1561s
H  430   127                      26.2978655   21.36573  18.8%  3311 1567s
H  430   120                      26.2784317   21.36573  18.7%  3311 1567s
H  430   114                      26.2531249   21.36573  18.6%  3311 1567s
   431   115   21.39772    7  914   26.25312   21.36573  18.6%  3304 1571s
   433   116   21.39772    8  925   26.25312   21.36573  18.6%  3288 1575s
   436   118   21.42111   11  949   26.25312   21.36573  18.6%  3266 1590s
   437   122   21.36774   91 1007   26.25312   21.36573  18.6%  3680 1626s
   439   125   21.45841   92 1759   26.25312   21.36573  18.6%  3671 1631s
   451   145   21.45841   94 1826   26.25312   21.36573  18.6%  3641 1636s
   467   172   21.45841   95 1821   26.25312   21.36573  18.6%  3563 1670s
   499   193   21.45841   96 1822   26.25312   21.36573  18.6%  3370 1685s
H 1490  1127                      26.2462531   21.36573  18.6%  1198 1689s
H 1500  1127                      26.2455153   21.36573  18.6%  1190 1689s
  1967  1683   21.45841  112 1801   26.24552   21.36573  18.6%   927 1690s
  2622  2219   21.48789  118 1832   26.24552   21.36573  18.6%   712 1703s
H 2623  2219                      26.2455146   21.36573  18.6%   712 1703s
H 2627  2219                      26.2455146   21.36573  18.6%   711 1703s
H 2643  2219                      26.2452708   21.36573  18.6%   707 1703s
H 2653  2219                      26.2440439   21.36573  18.6%   705 1703s
  3237  3033   21.48728  124 1829   26.24404   21.36573  18.6%   592 1705s
  5970  5885   21.45841  145 1766   26.24404   21.36573  18.6%   353 1710s
  8931  8977   21.45841  163 1694   26.24404   21.36573  18.6%   263 1720s
 10482 10494   21.45841  173 1716   26.24404   21.36573  18.6%   252 1726s
 10976 10970   21.45841  175 1705   26.24404   21.36573  18.6%   257 1731s
 12032 12175   21.45841  178 1684   26.24404   21.36573  18.6%   273 1735s
 13352 13550   21.45841  186 1658   26.24404   21.36573  18.6%   271 1742s
 14861 15060   21.45841  195 1644   26.24404   21.36573  18.6%   270 1755s
 15610 15813   21.45841  202 1640   26.24404   21.36573  18.6%   270 1766s
 16383 16506   21.45841  214 1630   26.24404   21.36573  18.6%   277 1771s
H17083 16538                      26.2437494   21.36573  18.6%   279 1863s
H17090 16538                      26.2365076   21.36573  18.6%   279 1863s
H17095 16538                      26.2273681   21.36573  18.5%   282 1863s
H17115 16570                      26.2273139   21.36573  18.5%   282 2266s
H17116 16570                      26.2257833   21.36573  18.5%   282 2266s
H17126 16570                      26.2202751   21.36573  18.5%   285 2266s
H17128 16570                      26.2180670   21.36573  18.5%   285 2266s
 17147 16656   21.45841  226 1594   26.21807   21.36573  18.5%   288 2326s
H17169 16656                      26.2178866   21.36573  18.5%   288 2327s
H17185 16656                      26.2109733   21.36573  18.5%   288 2327s
H17186 16656                      26.2066430   21.36573  18.5%   287 2327s
H17187 16655                      26.1135539   21.36573  18.2%   287 2327s
 17234 17423   21.45841  233 1580   26.11355   21.36573  18.2%   287 2341s
 18008 17474   21.45841  248 1589   26.11355   21.36573  18.2%   293 2355s
 18063 18432   21.45841  250 1590   26.11355   21.36573  18.2%   292 2360s
 19043 19039   21.45841  264 1596   26.11355   21.36573  18.2%   301 2437s
H19322 19039                      26.1135538   21.36573  18.2%   301 2438s
H19383 19039                      26.1131546   21.36573  18.2%   303 2438s
 19653 20323   21.45841  276 1588   26.11315   21.36573  18.2%   302 2443s
 20956 21370   21.45841  293 1577   26.11315   21.36573  18.2%   304 2446s
 22009 22194   21.45841  317 1540   26.11315   21.36573  18.2%   313 2456s
 22865 22843   21.45841  338 1748   26.11315   21.36573  18.2%   327 2467s
 23540 23494   21.45841  353 1519   26.11315   21.36573  18.2%   340 2476s
 24219 24467   21.45841  363 1526   26.11315   21.36573  18.2%   356 2484s
 25214 25325   21.45841  399 1504   26.11315   21.36573  18.2%   363 2491s
 26082 26365   21.45841  401 1501   26.11315   21.36573  18.2%   370 2501s
 27132 27176   21.45841  414 1476   26.11315   21.36573  18.2%   377 2512s
 27947 27981   21.45841  421 1482   26.11315   21.36573  18.2%   392 2522s
 28785 28149   21.59024  451 1788   26.11315   21.36573  18.2%   404 2533s
 28962 29051   21.59449  452 1793   26.11315   21.36573  18.2%   407 2545s
 29886 30111   21.61380  488 1732   26.11315   21.36573  18.2%   422 2557s
 30956 31346   21.61385  506 1707   26.11315   21.36573  18.2%   425 2568s
 32207 32708   21.61385  513 1687   26.11315   21.36573  18.2%   429 2582s
 33639 33554   21.61385  514 1689   26.11315   21.36573  18.2%   430 2602s
 34515 35322   21.61385  516 1692   26.11315   21.36573  18.2%   440 2616s
H36287 35436                      26.1118045   21.36573  18.2%   442 2731s
H36306 35349                      26.0918869   21.36573  18.1%   443 2731s
H36405 35327                      26.0724192   21.36573  18.1%   445 2731s
 36406 37000   21.61385  518 1715   26.07242   21.36573  18.1%   446 2749s
 38100 38853   21.61802  521 1702   26.07242   21.36573  18.1%   454 2766s
 39963 40617   21.61385  524 1695   26.07242   21.36573  18.1%   468 2782s
 41757 42040   21.61385  526 1680   26.07242   21.36573  18.1%   482 2800s
 43192 44208   21.61393  527 1698   26.07242   21.36573  18.1%   487 2819s
 45368 45928   21.61393  528 1697   26.07242   21.36573  18.1%   506 3325s
 47096 49735   21.61393  532 1693   26.07242   21.36573  18.1%   563 3364s
 51127 51922   21.61393  534 1694   26.07242   21.36573  18.1%   543 3405s
 53375 54301   21.61394  568 1653   26.07242   21.36573  18.1%   540 3421s
 55783 57098   21.61432  570 1620   26.07242   21.36573  18.1%   555 3470s
 58612 59973   21.61432  573 1637   26.07242   21.36573  18.1%   566 3492s
 61524 61639   21.61432  576 1650   26.07242   21.36573  18.1%   582 3519s
H62182 60858                      25.8272590   21.36573  17.3%   582 3519s
H62653 60408                      25.4021029   21.36573  15.9%   580 3519s
H63197 60304                      25.3128812   21.36573  15.6%   577 3519s
 63302 64806   21.63062  584 1623   25.31288   21.36573  15.6%   578 3542s
 68277 68590   21.61433  589 1642   25.31288   21.36573  15.6%   575 3577s
 72381 71625   21.61433  591 1637   25.31288   21.36573  15.6%   574 3601s
H75501 71542                      25.2322146   21.36573  15.3%   580 3601s
*75568 71414            3223      25.1821961   21.36573  15.2%   580 3601s
*75571 71414            3223      25.1821960   21.36573  15.2%   580 3601s
 75762 74284   21.61434  595 1638   25.18220   21.36573  15.2%   580 3629s
 79123 80140   21.61440  598 1599   25.18220   21.36573  15.2%   592 3665s
 85314 85874   21.61440  608 1579   25.18220   21.36573  15.2%   573 3699s
 91267 91245   21.61440  622 1571   25.18220   21.36573  15.2%   554 3733s
 96867 94592   21.61440  637 1549   25.18220   21.36573  15.2%   537 3757s
 100437 98661   21.62333  645 1615   25.18220   21.36573  15.2%   530 3785s
 104754 101762   21.61440  650 1522   25.18220   21.36573  15.2%   521 3831s
 108036 106659   21.61440  672 1505   25.18220   21.36573  15.2%   517 3859s
 113093 106973   21.61741  680 1495   25.18220   21.36573  15.2%   506 3884s
 113494 111028   21.61440  685 1484   25.18220   21.36573  15.2%   511 3925s
H117698 109873                      25.1378396   21.36573  15.0%   505 4014s
H117701 109843                      25.1333923   21.36573  15.0%   505 4014s
H117703 109730                      25.1271602   21.36573  15.0%   506 4014s
H117704 109341                      25.0890883   21.36573  14.8%   506 4014s
 117812 114120   21.61440  689 1486   25.08909   21.36573  14.8%   507 4045s
 122709 117644   21.61440  691 1473   25.08909   21.36573  14.8%   500 4079s
 126245 120635   21.61440  692 1472   25.08909   21.36573  14.8%   497 4123s
 129332 124417   21.61440  698 1463   25.08909   21.36573  14.8%   495 4156s
 133359 126656   21.61440  701 1454   25.08909   21.36573  14.8%   492 4250s
H133363 126388                      25.0699949   21.36573  14.8%   493 4250s
H133365 125057                      24.9810331   21.36573  14.5%   493 4250s
H134575 125001                      24.9717501   21.36573  14.4%   491 4250s
 135862 128667   21.61440  701 1459   24.97175   21.36573  14.4%   489 4284s
 139488 128667   21.47818  443 1021   24.97175   21.36573  14.4%   492 4285s
 139797 134885   21.61440  704 1426   24.97175   21.36573  14.4%   492 4337s
 146422 140824   21.61440  706 1444   24.97175   21.36573  14.4%   486 4374s
 152403 144213   21.61444  710 1441   24.97175   21.36573  14.4%   479 4413s
H153011 143760                      24.9608960   21.36573  14.4%   481 4413s
 155956 147898   21.61444  714 1440   24.96090   21.36573  14.4%   477 4440s
 160256 149180  postponed  717        24.96090   21.36573  14.4%   474 4480s
 161629 154115   21.63127  734 1434   24.96090   21.36573  14.4%   477 4512s
 166611 157641   21.63131  737 1423   24.96090   21.36573  14.4%   473 4548s
 170373 161718   21.66274  761 1381   24.96090   21.36573  14.4%   471 4577s
 174537 164800   21.63251  787 1322   24.96090   21.36573  14.4%   468 4617s
*176015 161199            3637      24.7658967   21.36573  13.7%   470 4617s
*176022 161199            3637      24.7658706   21.36573  13.7%   470 4617s
 178109 167072   21.63407  857 1113   24.76587   21.36573  13.7%   468 4652s
*183398 166015            3606      24.7060655   21.36573  13.5%   462 4652s
 184702 169465   21.63427  880 1079   24.70607   21.36573  13.5%   461 4681s
H188461 169232                      24.6957195   21.36573  13.5%   460 4839s
H188463 169018                      24.6819746   21.36573  13.4%   460 4839s
H188472 169005                      24.6811239   21.36573  13.4%   460 4839s
H188474 168864                      24.6720950   21.36573  13.4%   460 4839s
H188480 168739                      24.6611938   21.36573  13.4%   460 4839s
H188481 167958                      24.6158318   21.36573  13.2%   460 4839s
 188495 173936   21.63427  885 1074   24.61583   21.36573  13.2%   460 4876s
 194570 177955   21.63449  935 1053   24.61583   21.36573  13.2%   454 4910s
 198697 181177   21.63606  940 1053   24.61583   21.36573  13.2%   450 4937s
 202098 182270   21.63449  941 1051   24.61583   21.36573  13.2%   449 4966s
 203217 187280   21.63449  945 1046   24.61583   21.36573  13.2%   452 5004s
 208261 190335   21.66085 1003 1022   24.61583   21.36573  13.2%   448 5046s
 211402 193101   21.66085 1011 1016   24.61583   21.36573  13.2%   448 5075s
H214238 193100                      24.6151389   21.36573  13.2%   449 5355s
H214241 192851                      24.6054496   21.36573  13.2%   449 5355s
H214247 192427                      24.5949840   21.36573  13.1%   450 5355s
H214250 181368                      24.1150059   21.36573  11.4%   450 5355s
 214273 186379   21.66085 1018 1016   24.11501   21.36573  11.4%   450 5400s
 219460 187560   21.67048 1069  977   24.11501   21.36573  11.4%   448 5441s
 220928 193733   22.34007 1082 1040   24.11501   21.36573  11.4%   450 5479s
 221026 193733   21.96353 1186  829   24.11501   21.36573  11.4%   451 5480s
 227306 196722   21.76583 1094  943   24.11501   21.36573  11.4%   446 5508s
 230347 199230   21.76583 1109  982   24.11501   21.36573  11.4%   447 5535s
 232953 201573   21.76583 1111  930   24.11501   21.36573  11.4%   449 5565s
 235407 205665   21.76583 1113  925   24.11501   21.36573  11.4%   452 5599s
 239635 209456   21.76592 1118  935   24.11501   21.36573  11.4%   452 5644s
 243537 213091   21.76592 1120  931   24.11501   21.36573  11.4%   453 5684s
 247304 214097   21.76592 1122  941   24.11501   21.36573  11.4%   454 5720s
 248390 216770   21.76592 1123  962   24.11501   21.36573  11.4%   458 5760s
 251192 216797   22.11712 1125  982   24.11501   21.36573  11.4%   461 5867s
 251227 220821   21.76592 1126  939   24.11501   21.36573  11.4%   462 5924s
 251229 220821   22.97508 1789 1048   24.11501   21.36573  11.4%   462 5925s
 255533 223674   21.76592 1127  955   24.11501   21.36573  11.4%   461 5972s
 258774 224294   21.76592 1133  942   24.11501   21.36573  11.4%   463 6015s
 259550 227401   21.76592 1135  945   24.11501   21.36573  11.4%   466 6072s
 262968 232449   21.76692 1139  935   24.11501   21.36573  11.4%   470 6118s
 268647 235982   21.76692 1142  932   24.11501   21.36573  11.4%   469 6162s
 272599 238825   21.76692 1147  938   24.11501   21.36573  11.4%   472 6211s
 275867 242148   21.76692 1152  949   24.11501   21.36573  11.4%   476 6271s
 279583 245290   21.76692 1155  976   24.11501   21.36573  11.4%   478 6323s
 282849 248813   21.76692 1157 1008   24.11501   21.36573  11.4%   481 6377s
 286620 251783   21.87850 1160 1164   24.11501   21.36573  11.4%   483 6421s
 289785 256485   21.76837 1166  984   24.11501   21.36573  11.4%   487 6470s
H295183 256514                      24.1149858   21.36573  11.4%   487 7189s
H295184 256477                      24.1149523   21.36573  11.4%   487 7189s
H295185 255741                      24.1106122   21.36573  11.4%   487 7189s
H295193 255729                      24.1102534   21.36573  11.4%   487 7189s
H295195 255360                      24.1033106   21.36573  11.4%   487 7189s

Cutting planes:
  Gomory: 94
  Cover: 2
  Implied bound: 114
  MIR: 5020
  Flow cover: 2451
  Relax-and-lift: 21

Explored 295217 nodes (144022887 simplex iterations) in 7189.32 seconds (19397.52 work units)
Thread count was 32 (of 96 available processors)

Solution count 10: 24.1033 24.1103 24.1106 ... 24.6158

Solve interrupted
Best objective 2.410331056441e+01, best bound 2.136573300584e+01, gap 11.3577%
