
Gurobi 9.5.0 (win64) logging started Thu Jun  9 11:36:02 2022

Set parameter LogFile to value "C:\Users\kmajd1\Documents\NNRepLayer_v2\demos\walking_example\dynamic_constraint\repair_net/logs/opt_log_6_9_2022_11_35_42.log"
Gurobi Optimizer version 9.5.0 build v9.5.0rc5 (win64)
Thread count: 8 physical cores, 16 logical processors, using up to 16 threads
Optimize a model with 6525 rows, 2187 columns and 18573 nonzeros
Model fingerprint: 0x58eaf4eb
Model has 2154 quadratic objective terms
Coefficient statistics:
  Matrix range     [7e-04, 2e+01]
  Objective range  [2e-05, 2e-01]
  QObjective range [9e-03, 2e+00]
  Bounds range     [5e+00, 5e+01]
  RHS range        [7e-04, 2e+01]
Presolve removed 4319 rows and 7 columns
Presolve time: 0.02s
Presolved: 2206 rows, 2180 columns, 14247 nonzeros
Presolved model has 2154 quadratic objective terms
Ordering time: 0.00s

Barrier statistics:
 Dense cols : 21
 AA' NZ     : 1.259e+04
 Factor NZ  : 1.559e+04 (roughly 2 MB of memory)
 Factor Ops : 1.400e+05 (less than 1 second per iteration)
 Threads    : 1

                  Objective                Residual
Iter       Primal          Dual         Primal    Dual     Compl     Time
   0   6.40237416e+08 -6.41566529e+08  3.58e+03 5.89e+02  9.91e+05     0s
   1   2.09616040e+08 -2.10901218e+08  2.04e+03 3.36e+02  5.74e+05     0s
   2   2.46516599e+06 -4.27322355e+06  2.20e+02 3.63e+01  8.37e+04     0s
   3   1.58606613e+02 -1.72424802e+06  1.62e+00 2.67e-01  9.97e+02     0s
   4   1.18757098e+02 -1.59023634e+06  1.36e+00 2.23e-01  8.41e+02     0s
   5   8.44328973e+01 -1.42533965e+06  1.07e+00 1.77e-01  6.74e+02     0s
   6   4.09456267e+01 -1.13920510e+06  4.71e-01 7.76e-02  3.96e+02     0s
   7   3.64548704e+01 -9.74045964e+05  3.16e-01 5.20e-02  3.07e+02     0s
   8   3.43280259e+01 -8.31965554e+05  2.31e-01 3.80e-02  2.50e+02     0s
   9   3.45501027e+01 -7.54336770e+05  2.00e-01 3.29e-02  2.28e+02     0s
  10   3.46521663e+01 -7.08865535e+05  1.91e-01 3.14e-02  2.17e+02     0s
  11   3.49995803e+01 -6.57562012e+05  1.83e-01 3.01e-02  2.08e+02     0s
  12   3.66988197e+01 -5.03562571e+05  1.77e-01 2.91e-02  2.01e+02     0s
  13   3.89174315e+01 -2.80126398e+05  1.73e-01 2.85e-02  1.96e+02     0s
  14   3.99474273e+01 -1.01227138e+05  1.72e-01 2.84e-02  1.95e+02     0s
  15   1.60061870e+10 -1.60128330e+10  1.79e+04 2.94e+03  2.48e+07     0s
  16   5.86822781e+09 -5.87498418e+09  1.08e+04 1.77e+03  1.59e+07     0s
  17   3.30947869e+08 -3.39846631e+08  2.55e+03 4.17e+02  4.76e+06     0s
  18   8.19320779e+02 -8.86257582e+06  3.90e+00 6.39e-01  9.29e+03     0s
  19   1.36005813e+02 -6.66950674e+06  1.45e+00 2.37e-01  3.81e+03     0s
  20   4.17000557e+01 -4.85162462e+06  5.17e-01 8.46e-02  1.76e+03     0s
  21   3.85395056e+01 -4.39148109e+06  3.99e-01 6.53e-02  1.49e+03     0s
  22   3.41909822e+01 -3.71442472e+06  2.44e-01 3.99e-02  1.13e+03     0s
  23   3.46041619e+01 -3.51200224e+06  2.25e-01 3.68e-02  1.07e+03     0s
  24   3.51052060e+01 -3.25521385e+06  2.03e-01 3.33e-02  1.01e+03     0s
  25   3.80128161e+01 -2.56603175e+06  1.85e-01 3.03e-02  9.53e+02     0s
  26   3.89687138e+01 -2.12685385e+06  1.79e-01 2.93e-02  9.20e+02     0s
  27   4.08911021e+01 -1.17670161e+06  1.73e-01 2.84e-02  8.85e+02     0s
  28   4.25334686e+01  1.69801499e+05  1.72e-01 2.81e-02  8.76e+02     0s
  29   4.65186358e+01  5.28473736e+06  1.70e-01 2.78e-02  8.58e+02     0s
  30   5.32896340e+01  2.02999095e+07  1.67e-01 2.74e-02  8.20e+02     0s
  31   1.60061870e+10 -1.60128330e+10  1.79e+04 2.94e+03  2.48e+07     0s
  32   1.23271823e+07 -1.25097065e+07  4.96e+02 8.17e+01  1.91e+04     0s
  33   3.06200067e+04 -3.87006636e+04  2.47e+01 6.83e+00  4.75e+01     0s
  34   4.78633275e+01 -2.06465399e+02  8.66e-01 2.39e-01  6.79e-02     0s
  35   2.78367403e+01 -1.07330959e+02  5.40e-01 1.49e-01  3.38e-02     0s
  36   2.21349572e+01 -4.49091820e+01  2.79e-01 7.67e-02  1.69e-02     0s
  37   2.21199817e+01 -2.81538759e+01  2.27e-01 6.25e-02  1.36e-02     0s
  38   2.22133253e+01 -1.90138163e+01  2.07e-01 5.70e-02  1.24e-02     0s
  39   2.23821081e+01 -1.46073245e+01  2.00e-01 5.50e-02  1.20e-02     0s
  40   2.22452846e+01  1.40814432e+01  1.91e-01 5.24e-02  1.35e-02     0s
  41   2.36626744e+01  5.25383076e+01  1.86e-01 5.09e-02  1.80e-02     0s
  42   2.62779893e+01  9.57492923e+01  1.81e-01 4.93e-02  2.47e-02     0s
  43   2.72265742e+01  1.22203029e+02  1.80e-01 4.88e-02  3.15e-02     0s
  44   2.94956203e+01  1.29397498e+02  1.77e-01 4.80e-02  3.42e-02     0s
  45   2.94438362e+01  2.05566185e+02  1.77e-01 4.71e-02  5.77e-02     0s
  46   3.77656748e+01  2.34218105e+02  1.75e-01 4.56e-02  7.87e-02     0s
  47   4.66341052e+01  2.98828099e+02  1.73e-01 4.35e-02  1.21e-01     0s
  48   4.36459150e+01  3.14302494e+02  1.73e-01 4.32e-02  1.32e-01     0s
  49   3.87468714e+01  1.21182515e+03  1.74e-01 2.85e-02  9.20e-01     0s
  50   4.04925250e+01  8.93747893e+03  1.80e-01 2.95e-02  4.31e+01     0s
  51   3.96088280e+01  1.27263846e+05  1.88e-01 3.08e-02  8.24e+03     0s
  52*  3.96061728e+01  8.74994402e+07  5.22e-04 4.72e-05  7.67e-02     0s
  53*  3.96130046e+01  8.72177954e+10  5.24e-07 5.52e-06  7.68e-05     0s
  54*  3.96130010e+01  8.72170888e+13  5.24e-10 7.83e-07  7.68e-08     0s
  55*  3.96130010e+01  8.72170815e+16  5.24e-13 5.63e-07  7.68e-11     0s

Barrier performed 55 iterations in 0.19 seconds (0.08 work units)
Infeasible model

