
Gurobi 9.5.1 (linux64) logging started Thu 09 Jun 2022 06:55:17 PM MST

Set parameter LogFile to value "/home/local/ASUAD/kmajd1/NNRepLayer_v2/demos/walking_example/dynamic_constraint/repair_net/logs/opt_log_6_9_2022_18_51_7.log"
Gurobi Optimizer version 9.5.1 build v9.5.1rc2 (linux64)
Thread count: 48 physical cores, 96 logical processors, using up to 32 threads
Optimize a model with 176937 rows, 109732 columns and 507689 nonzeros
Model fingerprint: 0xe2cb29a7
Model has 676 quadratic objective terms
Variable types: 44932 continuous, 64800 integer (64800 binary)
Coefficient statistics:
  Matrix range     [7e-04, 5e+01]
  Objective range  [9e-04, 6e-01]
  QObjective range [3e-02, 2e+00]
  Bounds range     [1e+00, 5e+01]
  RHS range        [2e-04, 5e+01]
Presolve removed 109670 rows and 43360 columns
Presolve time: 4.45s
Presolved: 67267 rows, 66372 columns, 332899 nonzeros
Presolved model has 676 quadratic objective terms
Variable types: 44772 continuous, 21600 integer (21600 binary)
Root relaxation presolve removed 21600 rows and 21600 columns
Root relaxation presolved: 45667 rows, 44772 columns, 289699 nonzeros
Root relaxation presolved model has 676 quadratic objective terms


Root simplex log...

Iteration    Objective       Primal Inf.    Dual Inf.      Time
       0    2.5743286e+01   0.000000e+00   0.000000e+00     12s
    9339    2.5743286e+01   5.686488e+03   0.000000e+00     15s
   22089    2.5743286e+01   3.300860e+03   0.000000e+00     20s
   33819    2.5743286e+01   1.196725e+03   0.000000e+00     25s
   44699    2.5743286e+01   1.610251e+02   0.000000e+00     30s
   50248    2.5743286e+01   0.000000e+00   0.000000e+00     33s
   50248    2.5743286e+01   0.000000e+00   0.000000e+00     33s

Root relaxation: objective 2.574329e+01, 50248 iterations, 22.21 seconds (50.20 work units)

    Nodes    |    Current Node    |     Objective Bounds      |     Work
 Expl Unexpl |  Obj  Depth IntInf | Incumbent    BestBd   Gap | It/Node Time

     0     0   25.74329    0 3913          -   25.74329      -     -   33s
     0     0   25.74329    0 3345          -   25.74329      -     -   77s
     0     0   25.74329    0 3260          -   25.74329      -     -  173s

Cutting planes:
  Cover: 21
  MIR: 535
  Flow cover: 3204

Explored 1 nodes (264210 simplex iterations) in 173.21 seconds (597.46 work units)
Thread count was 32 (of 96 available processors)

Solution count 0

Solve interrupted
Best objective -, best bound 2.574328572140e+01, gap -
