
Gurobi 9.5.1 (mac64[x86]) logging started Wed Jun  8 00:59:25 2022

Set parameter LogFile to value "/Users/keyvanmajd/Documents/GitHub/NNRepLayer_v2/demos/examples/tc7_walking_example/repair_inp_out_constraint/repair_net/logs/opt_log_6_8_2022_0_59_1.log"
Gurobi Optimizer version 9.5.1 build v9.5.1rc2 (mac64[x86])
Thread count: 4 physical cores, 8 logical processors, using up to 8 threads
Optimize a model with 3343 rows, 1926 columns and 8563 nonzeros
Model fingerprint: 0x118b49ea
Model has 170 quadratic objective terms
Variable types: 912 continuous, 1014 integer (1014 binary)
Coefficient statistics:
  Matrix range     [5e-03, 2e+02]
  Objective range  [1e-02, 2e+00]
  QObjective range [1e-01, 2e+00]
  Bounds range     [1e+00, 2e+02]
  RHS range        [5e-04, 2e+02]
Presolve removed 2344 rows and 986 columns
Presolve time: 0.02s
Presolved: 999 rows, 940 columns, 4778 nonzeros
Presolved model has 170 quadratic objective terms
Variable types: 713 continuous, 227 integer (227 binary)
Found heuristic solution: objective 53.5426425
Root relaxation presolve removed 227 rows and 227 columns
Root relaxation presolved: 772 rows, 713 columns, 4324 nonzeros
Root relaxation presolved model has 170 quadratic objective terms


Root relaxation: objective 2.391168e+01, 1135 iterations, 0.02 seconds (0.02 work units)

    Nodes    |    Current Node    |     Objective Bounds      |     Work
 Expl Unexpl |  Obj  Depth IntInf | Incumbent    BestBd   Gap | It/Node Time

     0     0   23.91168    0  215   53.54264   23.91168  55.3%     -    0s
     0     0   24.27238    0  194   53.54264   24.27238  54.7%     -    0s
     0     0   24.56508    0  194   53.54264   24.56508  54.1%     -    0s
     0     0   24.86536    0  194   53.54264   24.86536  53.6%     -    0s
     0     2   24.87252    0  194   53.54264   24.87252  53.5%     -    0s
H  698   695                      53.5426424   24.87252  53.5%  33.5    1s
H  902   885                      50.3881884   24.87252  50.6%  29.8    2s
H  929   846                      46.7536320   24.87252  46.8%  29.7    2s
H  966   830                      45.7158242   24.89854  45.5%  30.0    2s
H 1024   797                      45.7158237   24.90000  45.5%  31.6    2s
H 1162   862                      45.6493109   25.49164  44.2%  40.5    4s
H 1165   823                      45.4392243   25.49164  43.9%  40.7    4s
H 1816  1173                      45.4340531   25.49164  43.9%  42.0    5s
H 1823  1135                      45.4310874   25.49164  43.9%  42.0    5s
H 1824  1100                      45.0280032   25.49164  43.4%  42.0    5s
H 4002  2526                      44.7700087   25.66787  42.7%  37.9    7s
H 4772  3121                      44.6483075   26.06033  41.6%  40.2    9s
H 4789  3058                      44.3981342   26.06033  41.3%  40.1    9s
  5218  3525   43.07605   93   95   44.39813   26.10892  41.2%  39.8   10s
H 5863  3876                      44.2680210   26.14466  40.9%  39.4   12s
H 7607  4886                      43.2769228   26.44931  38.9%  38.7   14s
H 7737  4937                      43.1356557   26.44931  38.7%  38.6   15s
H 7768  4863                      42.9679650   26.44931  38.4%  38.7   15s
H 7789  4846                      42.9229875   26.44931  38.4%  38.7   15s
 12314  8853   35.68470   56  132   42.92299   26.69132  37.8%  39.5   20s
H13301  9550                      42.8016620   26.78085  37.4%  39.3   20s
 17747 12984   35.91741   37  166   42.80166   27.07704  36.7%  39.2   25s
H21875 15605                      42.4745716   27.20885  35.9%  39.8   28s
H21977 14430                      41.7463326   27.20885  34.8%  39.8   32s
H21985 14793                      41.7461416   27.20885  34.8%  39.8   33s
 23405 16237   27.80191   21  179   41.74614   27.29727  34.6%  39.7   35s
H25195 16393                      41.4160649   27.35561  33.9%  39.6   37s
 27890 19131   31.85702   34  165   41.41606   27.51944  33.6%  39.4   40s
 33610 23635   30.48901   29  164   41.41606   27.69145  33.1%  39.8   45s
H38448 26684                      41.3118189   27.79432  32.7%  40.0   51s
H38451 26595                      41.2708805   27.79432  32.7%  40.0   51s
 41561 29339     cutoff   71        41.27088   27.84091  32.5%  40.2   55s
 46829 33398   36.19043   30  164   41.27088   27.98344  32.2%  40.3   60s
 51270 36634   38.49585   60  129   41.27088   28.06699  32.0%  40.3   65s
H54590 38531                      41.2667279   28.11311  31.9%  40.3   69s
H54594 38151                      41.1227368   28.11311  31.6%  40.3   69s
H54595 38073                      41.0978587   28.11311  31.6%  40.3   69s
 54602 38330   39.79080   48  141   41.09786   28.11311  31.6%  40.3   70s
 59963 42602   36.58774   46  155   41.09786   28.23107  31.3%  39.9   75s
 64654 46167   38.90535   37  155   41.09786   28.30082  31.1%  39.8   80s
 69223 49739   31.49109   29  165   41.09786   28.35146  31.0%  39.8   85s
 74744 54161   35.42258   47  153   41.09786   28.40155  30.9%  39.9   90s
 79684 57711   39.98042   79  111   41.09786   28.45779  30.8%  39.7   95s
 85160 61912   34.47496   29  170   41.09786   28.51779  30.6%  39.7  100s
H86450 62261                      41.0375982   28.52193  30.5%  39.8  102s
H86457 62192                      41.0194631   28.52193  30.5%  39.8  102s
 89422 64948   33.16245   38  146   41.01946   28.55092  30.4%  39.9  105s
 94364 68810   30.66074   29  162   41.01946   28.59910  30.3%  40.0  110s
 100165 73282   38.07773   58  132   41.01946   28.65446  30.1%  40.0  115s
 105433 77002   35.81889   46  154   41.01946   28.71214  30.0%  39.8  120s
 110829 81183     cutoff   41        41.01946   28.75743  29.9%  39.9  125s
 115476 84538   34.60170   42  148   41.01946   28.79684  29.8%  40.0  130s
H117652 85383                      40.9765214   28.80501  29.7%  40.0  133s
H117655 85347                      40.9682933   28.80501  29.7%  40.0  133s
H117656 85346                      40.9681183   28.80501  29.7%  40.0  133s
H117658 84082                      40.7677301   28.80501  29.3%  40.0  133s
 117660 90012     cutoff   64        40.76773   28.80877  29.3%  40.0  141s
H117663 89396                      40.6770780   28.80877  29.2%  40.0  141s
 128626 92230   37.36793   54  141   40.67708   28.88662  29.0%  40.0  145s
 134162 96156   38.78277   53  144   40.67708   28.93550  28.9%  40.0  150s
 140630 101005   29.83695   29  156   40.67708   28.98744  28.7%  39.9  155s
 145835 105005   38.29509   75  111   40.67708   29.01856  28.7%  39.9  160s
H147554 105649                      40.6743400   29.02572  28.6%  39.8  162s
H147559 105593                      40.6676870   29.02572  28.6%  39.8  162s
 147564 111581     cutoff   61        40.66769   29.02631  28.6%  39.8  169s
 156310 112870   34.76777   51  132   40.66769   29.07653  28.5%  39.8  170s
 162151 116869   34.16871   36  147   40.66769   29.11558  28.4%  39.8  175s
 167149 120817   34.95233   45  141   40.66769   29.13779  28.4%  39.8  180s
 173211 125216   37.88119   44  151   40.66769   29.17392  28.3%  39.8  185s
 178856 129293   31.40003   32  174   40.66769   29.20365  28.2%  39.8  190s
H179797 129264                      40.6642497   29.20958  28.2%  39.8  192s
 183279 132242   32.10318   31  170   40.66425   29.23118  28.1%  39.7  195s
 187649 135580   33.53527   38  170   40.66425   29.24293  28.1%  39.7  200s
 191812 138806   29.79976   27  167   40.66425   29.26454  28.0%  39.7  206s
 195860 141561   33.42974   28  174   40.66425   29.28563  28.0%  39.7  210s
 200086 144281   38.24897   39  155   40.66425   29.31027  27.9%  39.6  215s
 204691 147723   34.42050   42  144   40.66425   29.33142  27.9%  39.6  220s
 210484 152074   38.71190   58  136   40.66425   29.35557  27.8%  39.5  225s
H212178 152662                      40.6567208   29.36301  27.8%  39.5  227s
 214573 155019   38.86575   56  135   40.65672   29.37604  27.7%  39.5  230s
 220616 159195   38.41949   49  137   40.65672   29.40213  27.7%  39.4  235s
 226531 163200   40.25451  120   67   40.65672   29.42421  27.6%  39.4  240s
 229962 166136   38.96814   68  113   40.65672   29.43714  27.6%  39.5  245s
 235960 169997   37.08847   35  161   40.65672   29.45442  27.6%  39.4  250s
 241399 173759   35.26119   49  147   40.65672   29.47636  27.5%  39.4  255s
H244407 175135                      40.6149380   29.48513  27.4%  39.4  258s
H244409 175047                      40.6067559   29.48513  27.4%  39.4  258s
H244410 174988                      40.6022539   29.48513  27.4%  39.4  258s
 245137 176073   35.35855   45  151   40.60225   29.48558  27.4%  39.4  260s
 250845 180197   32.48263   31  182   40.60225   29.50581  27.3%  39.4  265s
 256575 184170   35.22154   44  159   40.60225   29.52993  27.3%  39.4  270s
 261399 187709   34.04618   42  151   40.60225   29.54771  27.2%  39.4  275s
 267239 191783     cutoff   64        40.60225   29.57138  27.2%  39.4  280s
 272966 196224   32.88324   29  172   40.60225   29.58968  27.1%  39.4  285s
H275345 197228                      40.6019381   29.59961  27.1%  39.4  288s
H275349 197210                      40.6000031   29.59961  27.1%  39.4  288s
 275353 197218   37.21419   35  172   40.60000   29.59961  27.1%  39.4  291s
H275354 197218                      40.6000031   29.59961  27.1%  39.4  291s
H275356 197218                      40.6000029   29.59961  27.1%  39.4  291s
H275357 197218                      40.6000027   29.59961  27.1%  39.4  292s
 278157 199631   32.17779   30  162   40.60000   29.61217  27.1%  39.4  295s
 284029 203799   34.89368   45  149   40.60000   29.63577  27.0%  39.4  300s
 289977 208033   36.37150   55  136   40.60000   29.65607  27.0%  39.3  305s
 295446 212051   31.78604   28  170   40.60000   29.67464  26.9%  39.4  310s
 301377 216407   40.48184   69  117   40.60000   29.69852  26.9%  39.3  315s
 305425 218630   32.76438   33  153   40.60000   29.70857  26.8%  39.3  322s
H305428 218630                      40.6000026   29.70857  26.8%  39.3  322s
H305429 217645                      40.5272911   29.70857  26.7%  39.3  322s
H305431 217645                      40.5272907   29.70857  26.7%  39.3  322s
H305432 217530                      40.5175255   29.70857  26.7%  39.3  322s
H305433 217637                      40.5167532   29.70857  26.7%  39.3  323s
H305518 217637                      40.5167530   29.70857  26.7%  39.3  323s
 307294 219445   38.69571   61  118   40.51675   29.71752  26.7%  39.3  325s
 312203 222350   39.58330   73  104   40.51675   29.73018  26.6%  39.3  330s
H312205 222237                      40.5084827   29.73018  26.6%  39.3  330s
 316668 225961   35.25057   34  181   40.50848   29.74536  26.6%  39.3  335s
 321350 229476   35.61798   49  145   40.50848   29.75952  26.5%  39.3  340s
 327126 233897   31.21427   34  181   40.50848   29.77683  26.5%  39.3  345s
 332509 237966     cutoff   60        40.50848   29.79187  26.5%  39.3  350s
 338552 242312   36.32483   42  148   40.50848   29.81149  26.4%  39.2  355s
 342491 245206   37.44852   43  145   40.50848   29.82352  26.4%  39.2  360s
 347361 248851   38.07146   48  152   40.50848   29.83218  26.4%  39.3  365s
 352783 252740     cutoff   49        40.50848   29.84600  26.3%  39.2  370s
 358480 256832   37.21352   48  147   40.50848   29.86597  26.3%  39.2  375s
 363795 261044   36.52405   47  148   40.50848   29.87535  26.2%  39.2  380s
 368451 264164     cutoff   87        40.50848   29.88583  26.2%  39.2  385s
 374294 268774   32.35585   41  161   40.50848   29.90049  26.2%  39.2  390s
 379356 272184   33.87243   30  170   40.50848   29.91371  26.2%  39.2  395s
 385339 276521   31.95358   28  169   40.50848   29.92632  26.1%  39.2  400s
 389396 278943   39.57235   59  139   40.50848   29.93256  26.1%  39.2  405s
 393619 282627   36.88153   41  150   40.50848   29.94544  26.1%  39.2  410s
 397787 285536   36.11046   50  152   40.50848   29.95648  26.0%  39.2  415s
 402764 288952   33.20167   30  162   40.50848   29.96783  26.0%  39.2  420s
 408697 293319   35.79560   38  152   40.50848   29.98126  26.0%  39.2  425s
 414348 297311   35.06325   44  139   40.50848   29.99692  25.9%  39.2  430s
 419103 300938   32.18743   32  158   40.50848   30.00592  25.9%  39.2  435s
 425256 305453   32.06201   34  152   40.50848   30.01736  25.9%  39.1  440s
 431000 309739   39.31962   65  125   40.50848   30.03020  25.9%  39.1  445s
 435960 313497   37.75116   56  135   40.50848   30.03795  25.8%  39.2  450s
 441161 317255   33.38187   35  160   40.50848   30.04952  25.8%  39.1  455s
 446971 321177   38.51879   57  136   40.50848   30.06126  25.8%  39.1  460s
 451834 324569   31.05144   33  169   40.50848   30.07189  25.8%  39.1  465s
 456799 328290   34.36981   46  146   40.50848   30.08392  25.7%  39.1  470s
 461777 332293   38.60483   53  147   40.50848   30.09009  25.7%  39.1  475s
 466993 335883   37.28467   49  146   40.50848   30.10085  25.7%  39.1  480s
 472817 339892   39.34774   55  141   40.50848   30.11181  25.7%  39.1  485s
 478462 344002   35.79663   46  146   40.50848   30.12271  25.6%  39.1  490s
 483471 347444   32.35015   30  164   40.50848   30.13320  25.6%  39.0  495s
 487988 350665   37.03475   52  136   40.50848   30.14159  25.6%  39.1  500s
 493459 354693   31.37847   26  180   40.50848   30.15030  25.6%  39.0  505s
 499457 358702   35.99831   48  137   40.50848   30.16119  25.5%  39.0  510s
H500203 358707                      40.5084827   30.16144  25.5%  39.0  514s
H500206 358707                      40.5084826   30.16144  25.5%  39.0  514s
 500214 359295   34.98173   33  167   40.50848   30.16184  25.5%  39.0  515s
 503675 361777   37.63115   53  142   40.50848   30.16671  25.5%  39.0  520s
 508719 365586   40.43293   97  103   40.50848   30.17424  25.5%  39.0  525s
 513828 369426   40.00738   69  113   40.50848   30.18328  25.5%  39.0  530s
 518703 372725   32.69762   39  168   40.50848   30.19230  25.5%  39.0  535s
 525120 377265     cutoff   43        40.50848   30.20445  25.4%  39.0  540s
 529664 380784   35.92881   41  157   40.50848   30.21237  25.4%  39.0  545s
 534945 384469   33.24932   38  151   40.50848   30.22152  25.4%  39.0  550s
 540529 388742   36.11206   45  154   40.50848   30.22994  25.4%  39.0  555s
 545566 392136   40.49255   57  137   40.50848   30.23653  25.4%  39.0  560s
 550874 396083   31.91825   34  167   40.50848   30.24297  25.3%  39.0  565s
 557038 400281   32.85070   42  166   40.50848   30.25365  25.3%  38.9  570s
 562990 404475   37.58875   53  135   40.50848   30.26370  25.3%  38.9  575s
 567728 407850   33.06640   35  178   40.50848   30.27029  25.3%  38.9  580s
 573136 411178   35.06497   47  147   40.50848   30.27915  25.3%  38.9  585s
 578639 415195   38.42285   51  154   40.50848   30.28545  25.2%  38.9  590s
 583880 419066   34.68190   38  150   40.50848   30.29403  25.2%  38.9  595s
 588751 422248   33.46146   37  152   40.50848   30.30288  25.2%  38.8  600s
 594653 426341   37.70059   44  146   40.50848   30.31092  25.2%  38.8  605s
 599657 429752   37.38739   48  141   40.50848   30.31968  25.2%  38.8  610s
 604489 433501   30.85734   29  162   40.50848   30.32639  25.1%  38.8  615s
 609726 437399   37.31416   42  144   40.50848   30.33308  25.1%  38.8  620s
 614928 441185   32.83394   39  155   40.50848   30.34020  25.1%  38.8  625s
 620458 445378   35.59857   49  143   40.50848   30.34859  25.1%  38.8  630s
 625188 448796   34.73069   44  151   40.50848   30.35600  25.1%  38.8  635s
 630036 452332   39.86370   54  146   40.50848   30.36140  25.0%  38.8  640s
 635103 455947   39.38918   61  132   40.50848   30.36891  25.0%  38.8  645s
 639795 459260     cutoff   38        40.50848   30.37493  25.0%  38.8  650s
 645027 462968   35.01714   33  160   40.50848   30.38534  25.0%  38.8  655s
 650661 466850   36.68993   46  151   40.50848   30.39218  25.0%  38.8  660s
 656052 470519   39.55809   48  139   40.50848   30.39932  25.0%  38.8  665s
 661806 474675   37.73492   42  160   40.50848   30.40743  24.9%  38.7  670s
 667142 478549   39.14313   63  131   40.50848   30.41482  24.9%  38.7  675s
 672215 482471   34.32446   35  145   40.50848   30.41989  24.9%  38.8  680s
 677422 486379   39.67148   56  131   40.50848   30.42468  24.9%  38.8  685s
 683079 490541   40.37257   36  159   40.50848   30.43173  24.9%  38.7  690s
 688374 494331   38.40767   62  126   40.50848   30.43784  24.9%  38.7  695s
 693398 497497   34.43464   30  164   40.50848   30.44553  24.8%  38.7  700s
 697822 500988   35.45962   44  144   40.50848   30.45091  24.8%  38.7  705s
 702141 504212   37.68105   55  152   40.50848   30.45466  24.8%  38.8  710s
 707404 507916   34.36565   35  146   40.50848   30.46075  24.8%  38.8  715s
 712616 511947     cutoff   80        40.50848   30.46570  24.8%  38.8  720s
 717608 515115   32.54646   39  154   40.50848   30.47110  24.8%  38.7  725s
 723227 518913     cutoff   45        40.50848   30.47850  24.8%  38.7  730s
 727132 521636     cutoff   56        40.50848   30.48290  24.7%  38.7  736s
 731501 524588   37.05308   60  122   40.50848   30.48916  24.7%  38.7  740s
 735629 527700   38.05488   62  123   40.50848   30.49281  24.7%  38.7  745s
 739743 530502   32.25906   29  167   40.50848   30.49765  24.7%  38.7  750s
 744866 534324   33.42113   33  173   40.50848   30.50312  24.7%  38.7  755s
 750304 538324   33.10964   34  161   40.50848   30.51091  24.7%  38.7  760s
 755163 541813   33.22543   33  161   40.50848   30.51472  24.7%  38.7  765s
H755847 541819                      40.5084826   30.51472  24.7%  38.7  769s
H755848 541819                      40.5084824   30.51472  24.7%  38.7  769s
 755851 542423   40.27922   55  133   40.50848   30.51515  24.7%  38.7  770s
 759747 545568   33.04897   32  168   40.50848   30.52018  24.7%  38.7  775s
 765740 549661   36.82448   38  144   40.50848   30.52775  24.6%  38.7  780s
 770830 553295   39.56892   59  126   40.50848   30.53321  24.6%  38.7  785s
 776048 557148   40.32941   73  105   40.50848   30.53888  24.6%  38.7  790s
 781326 560670   34.28356   37  165   40.50848   30.54523  24.6%  38.6  795s
 785509 563548   37.16571   49  146   40.50848   30.55059  24.6%  38.6  800s
 791642 568145   39.35058   42  141   40.50848   30.55581  24.6%  38.6  805s
 795963 571331   33.95972   34  169   40.50848   30.56070  24.6%  38.6  810s

Cutting planes:
  Implied bound: 150
  MIR: 51
  Flow cover: 124

Explored 797506 nodes (30798712 simplex iterations) in 810.85 seconds (694.39 work units)
Thread count was 8 (of 8 available processors)

Solution count 10: 40.5085 40.5085 40.5085 ... 40.6

Solve interrupted
Best objective 4.050848244769e+01, best bound 3.056336802203e+01, gap 24.5507%
