
Gurobi 9.5.1 (linux64) logging started Fri 10 Jun 2022 11:37:55 AM MST

Set parameter LogFile to value "/home/local/ASUAD/kmajd1/NNRepLayer_v2/demos/walking_example/dynamic_constraint/repair_net/logs/opt_log_6_10_2022_11_37_18.log"
Gurobi Optimizer version 9.5.1 build v9.5.1rc2 (linux64)
Thread count: 48 physical cores, 96 logical processors, using up to 32 threads
Optimize a model with 40962 rows, 25207 columns and 115394 nonzeros
Model fingerprint: 0xfde81950
Model has 151 quadratic objective terms
Variable types: 10807 continuous, 14400 integer (14400 binary)
Coefficient statistics:
  Matrix range     [7e-04, 6e+01]
  Objective range  [2e-02, 3e+00]
  QObjective range [1e-01, 2e+00]
  Bounds range     [2e-01, 6e+01]
  RHS range        [2e-04, 6e+01]
Presolve removed 27126 rows and 12260 columns
Presolve time: 0.36s
Presolved: 13836 rows, 12947 columns, 65502 nonzeros
Presolved model has 151 quadratic objective terms
Variable types: 8987 continuous, 3960 integer (3960 binary)
Root relaxation presolve removed 3960 rows and 3960 columns
Root relaxation presolved: 9876 rows, 8987 columns, 57582 nonzeros
Root relaxation presolved model has 151 quadratic objective terms

Extra simplex iterations after uncrush: 15

Root relaxation: objective 7.631240e+01, 27711 iterations, 2.53 seconds (5.81 work units)

    Nodes    |    Current Node    |     Objective Bounds      |     Work
 Expl Unexpl |  Obj  Depth IntInf | Incumbent    BestBd   Gap | It/Node Time

     0     0   76.31240    0 1069          -   76.31240      -     -    3s
     0     0   76.31779    0 1236          -   76.31779      -     -   12s
     0     0   76.31779    0 1228          -   76.31779      -     -   12s
     0     0   76.31779    0 1317          -   76.31779      -     -   13s
     0     0   76.31779    0 1343          -   76.31779      -     -   13s
     0     0   76.31779    0 1395          -   76.31779      -     -   15s
     0     2   76.31779    0 1395          -   76.31779      -     -   49s
     1     4   76.31779    1 1393          -   76.31779      -   634   59s
     3     8   76.31779    2 1417          -   76.31779      -  3026   61s
    15    32   76.31807    4 1502          -   76.31779      -  1624   65s
    31    62   76.34913    5 1395          -   76.31779      -  2618   77s
    63    94   76.34913    6 2813          -   76.31807      -  9734  295s
    95   126   76.34913    7 2818          -   76.31807      - 41318  373s
   127   154   76.34913    8 2791          -   76.31807      - 51124  440s
   159   184   76.34913    9 2814          -   76.31807      - 52777 1209s
   191   216   76.34913   10 2809          -   76.31807      - 59334 1271s
   228   218   76.34018   10 1106          -   76.31807      - 55776 1279s
   229   219   76.34913    8 1271          -   76.31807      - 55532 1280s
   232   221   76.34878    8 1509          -   76.31807      - 54814 1289s
   233   222   76.34806   10 1528          -   76.31807      - 54579 1290s
   234   222   76.33491    9 1596          -   76.31868      - 54346 1300s
   235   223   76.33683    9 1635          -   76.31907      - 54114 1305s
   237   224   76.34913   10 1635          -   76.31907      - 53658 1332s
   242   229   76.32184    9 1273          -   76.31907      - 52805 1335s
   246   232   76.31907   11 1603          -   76.31907      - 51946 1347s
   248   233   76.34126    7 1674          -   76.31907      - 51527 1361s
   249   234   76.34913    7 1689          -   76.31907      - 51321 1367s
   251   235   76.34806    9 1689          -   76.31907      - 50912 1389s
   255   239   76.33683    9 1019          -   76.31907      - 50405 1391s
   257   241   76.34913    9 1500          -   76.31907      - 50012 1396s
   259   242   76.31918    7 1626          -   76.31907      - 49626 1400s
   260   243   76.34913    6 1625          -   76.31907      - 49435 1417s
   261   243   76.33617    7 1632          -   76.31907      - 49246 1426s
   262   244   76.34878    8 1668          -   76.31989      - 49058 1458s
   263   245   76.33970    6 1693          -   76.33489      - 48872 1461s
   264   245   76.33925    8 1667          -   76.33700      - 48686 1472s
   265   246   76.34781    6 1640          -   76.33802      - 48503 1506s
   266   247   76.34556    6 1690          -   76.34556      - 48320 1523s
   268   248   76.34556    9 1690          -   76.34556      - 47960 1547s
   272   252   76.34556   10 1190          -   76.34556      - 47992 1554s
   273   253   76.34556    6 1332          -   76.34556      - 47816 1555s
   277   256   76.34710   10 1478          -   76.34658      - 47125 1560s
   279   257   76.34721    7 1506          -   76.34721      - 46787 1566s
   280   258   76.34960   10 1497          -   76.34960      - 46620 1587s
   281   258   76.34980    7 1491          -   76.34980      - 46454 1596s
   283   260   76.35402    9 1467          -   76.35402      - 46126 1612s
   284   260   76.35408    9 1482          -   76.35408      - 45964 1635s
   285   261   76.36386   10 1549          -   76.36386      - 45802 1645s
   286   262   76.36454    9 1553          -   76.36454      - 45642 1657s
   287   262   76.38006    9 1608          -   76.38006      - 45483 1666s
   288   263   76.38151   10 1613          -   76.38151      - 45325 1677s
   290   264   76.38396   10 1579          -   76.38396      - 45013 1693s
   291   265   76.38409    9 1610          -   76.38409      - 44858 1701s
   293   266   76.38414    7 1610          -   76.38414      - 44552 1728s
   294   270   76.39818   46 1523          -   76.38414      - 45454 1780s
   296   273   76.39876   47 1520          -   76.39014      - 45153 1821s
