
Gurobi 9.5.0 (win64) logging started Tue Jun 28 16:26:13 2022

Set parameter LogFile to value "C:\Users\kmajd1\Documents\NNRepLayer_v2\demos\walking_example\dynamic_constraint\repair_net/logs/opt_log_6_28_2022_16_18_43.log"
Gurobi Optimizer version 9.5.0 build v9.5.0rc5 (win64)
Thread count: 8 physical cores, 16 logical processors, using up to 16 threads
Optimize a model with 213067 rows, 136399 columns and 1380619 nonzeros
Model fingerprint: 0x1a11d248
Model has 270 quadratic objective terms
Variable types: 57007 continuous, 79392 integer (79392 binary)
Coefficient statistics:
  Matrix range     [2e-04, 5e+01]
  Objective range  [5e-04, 2e+00]
  QObjective range [7e-02, 7e-02]
  Bounds range     [1e+00, 5e+01]
  RHS range        [3e-05, 5e+01]
Presolve removed 130140 rows and 51840 columns (presolve time = 5s) ...
Presolve removed 130140 rows and 51840 columns (presolve time = 10s) ...
Presolve removed 130140 rows and 51840 columns
Presolve time: 11.67s
Presolved: 82927 rows, 84559 columns, 1172719 nonzeros
Presolved model has 270 quadratic objective terms
Variable types: 57007 continuous, 27552 integer (27552 binary)
Root relaxation presolve removed 29184 rows and 27552 columns (presolve time = 5s) ...
Root relaxation presolve removed 29184 rows and 27552 columns
Root relaxation presolved: 53743 rows, 57007 columns, 1114351 nonzeros
Root relaxation presolved model has 270 quadratic objective terms


Root simplex log...

Iteration    Objective       Primal Inf.    Dual Inf.      Time
       0    2.7521229e+01   0.000000e+00   0.000000e+00     22s
   13826    2.7521229e+01   2.236348e+04   0.000000e+00     25s
   26709    2.7521229e+01   1.749248e+04   0.000000e+00     30s
   36112    2.7521229e+01   1.444126e+04   0.000000e+00     35s
   43768    2.7521229e+01   1.426436e+04   0.000000e+00     40s
   50708    2.7521229e+01   1.275918e+04   0.000000e+00     45s
   57344    2.7521229e+01   1.208117e+04   0.000000e+00     50s
   63174    2.7521229e+01   1.124679e+04   0.000000e+00     55s
   68626    2.7521229e+01   1.062012e+04   0.000000e+00     60s
   73980    2.7521229e+01   1.140781e+04   0.000000e+00     65s
   79108    2.7521229e+01   1.082580e+04   0.000000e+00     70s
   83862    2.7521229e+01   1.001690e+04   0.000000e+00     75s
   88488    2.7521229e+01   1.063083e+04   0.000000e+00     80s
   93223    2.7521229e+01   1.042169e+04   0.000000e+00     85s
   97978    2.7521229e+01   1.102476e+04   0.000000e+00     90s
  102172    2.7521229e+01   9.652529e+03   0.000000e+00     95s
  106622    2.7521229e+01   1.060056e+04   0.000000e+00    100s
  111186    2.7521229e+01   9.271129e+03   0.000000e+00    105s
  115014    2.6955409e+01   9.946848e+03   0.000000e+00    110s
  117898    2.5598130e+01   1.252382e+04   0.000000e+00    116s
  120418    2.5602573e+01   9.107522e+03   0.000000e+00    120s
  123238    2.1753813e+01   1.319609e+04   0.000000e+00    125s
  126084    2.1773596e+01   1.075867e+04   0.000000e+00    130s
  128544    2.1790814e+01   9.019666e+03   0.000000e+00    135s
  131152    2.1791821e+01   8.564014e+03   0.000000e+00    140s
  133871    2.1807453e+01   1.056933e+04   0.000000e+00    146s
  136257    2.1816573e+01   1.176173e+04   0.000000e+00    150s
  138605    2.1824736e+01   1.051330e+04   0.000000e+00    155s
  141226    2.1838645e+01   9.054784e+03   0.000000e+00    160s
  143759    2.1847620e+01   1.085454e+04   0.000000e+00    165s
  146066    2.1859250e+01   9.384706e+03   0.000000e+00    170s
  148379    2.1868331e+01   9.821263e+03   0.000000e+00    175s
  150915    2.1879315e+01   7.679869e+03   0.000000e+00    181s
  153207    2.1887229e+01   8.211924e+03   0.000000e+00    185s
  155486    2.1899041e+01   1.181620e+04   0.000000e+00    190s
  157817    2.1909176e+01   8.734114e+03   0.000000e+00    195s
  160120    2.1913942e+01   7.941436e+03   0.000000e+00    200s
  162413    2.1919470e+01   1.250097e+04   0.000000e+00    205s
  164627    2.1922559e+01   9.347514e+03   0.000000e+00    210s
  166840    2.1926946e+01   7.762378e+03   0.000000e+00    215s
  169008    2.1931610e+01   1.315241e+04   0.000000e+00    220s
  171268    2.1933642e+01   8.376988e+03   0.000000e+00    225s
  173529    2.1940229e+01   9.401965e+03   0.000000e+00    230s
  175762    2.1946594e+01   1.213521e+04   0.000000e+00    235s
  177992    2.1941003e+01   1.041005e+04   0.000000e+00    240s
  180222    1.0004864e+01   8.740622e+03   0.000000e+00    245s
  182806    1.0038910e+01   9.023186e+03   0.000000e+00    250s
  185009    1.0058706e+01   9.996722e+03   0.000000e+00    255s
  187268    1.0085044e+01   1.141240e+04   0.000000e+00    260s
  189543    1.0108700e+01   1.115513e+04   0.000000e+00    265s
  191840    1.0125697e+01   8.405222e+03   0.000000e+00    270s
  194336    1.0151985e+01   9.845103e+03   0.000000e+00    275s
  196559    1.0169027e+01   1.394937e+04   0.000000e+00    280s
  198842    1.0187688e+01   7.425022e+03   0.000000e+00    285s
  201188    1.0207114e+01   1.764845e+04   0.000000e+00    290s
  203500    1.0222060e+01   8.833002e+03   0.000000e+00    295s
  205768    1.0236730e+01   9.179332e+03   0.000000e+00    300s
  208084    1.0253435e+01   1.927288e+04   0.000000e+00    305s
  210374    1.0269871e+01   9.875381e+03   0.000000e+00    310s
  212655    1.0285512e+01   7.656221e+03   0.000000e+00    316s
  214683    1.0293070e+01   2.037169e+04   0.000000e+00    320s
  216940    1.0304157e+01   7.487915e+03   0.000000e+00    325s
  219204    1.0315182e+01   8.153654e+03   0.000000e+00    330s
  221181    1.0325925e+01   8.751063e+03   0.000000e+00    335s
  223490    1.0339904e+01   1.310100e+04   0.000000e+00    340s
  225815    1.0354312e+01   7.449885e+03   0.000000e+00    345s
  228110    1.0367745e+01   7.946670e+03   0.000000e+00    350s
  230513    1.0385567e+01   7.531862e+03   0.000000e+00    355s
  232559    1.0397167e+01   7.990294e+03   0.000000e+00    360s
  234932    1.0413198e+01   8.799130e+03   0.000000e+00    365s
  237009    1.0425361e+01   7.429623e+03   0.000000e+00    370s
  239075    1.0450849e+01   7.927717e+03   0.000000e+00    375s
  241442    1.0466098e+01   7.727103e+03   0.000000e+00    380s
  243546    1.0479436e+01   7.155536e+03   0.000000e+00    386s
  245594    1.0497517e+01   8.385823e+03   0.000000e+00    390s
  247954   -2.5778713e+01   1.392386e+04   0.000000e+00    395s
  250079   -2.5717649e+01   9.006726e+03   0.000000e+00    400s
  252161   -2.5677163e+01   9.456825e+03   0.000000e+00    405s
  254525   -2.5623767e+01   7.010333e+03   0.000000e+00    410s
  256975   -2.5576937e+01   2.873139e+04   0.000000e+00    416s
  259084   -2.5509437e+01   1.011930e+04   0.000000e+00    420s
  261505   -2.5449317e+01   8.150895e+03   0.000000e+00    425s
  263901   -2.5408620e+01   1.016507e+04   0.000000e+00    430s
  266062   -2.5368791e+01   9.409782e+03   0.000000e+00    435s
  268171   -2.5334950e+01   7.032788e+03   0.000000e+00    440s
  270593   -2.5298828e+01   1.346879e+04   0.000000e+00    446s
  272694   -2.5255500e+01   6.778209e+03   0.000000e+00    450s
  275095   -2.5215459e+01   7.181861e+03   0.000000e+00    455s
  277473   -2.5135285e+01   7.091785e+03   0.000000e+00    460s
  279867   -2.5063725e+01   7.575851e+03   0.000000e+00    465s
  281978   -2.4993088e+01   7.116874e+03   0.000000e+00    470s
  284427   -1.3510041e+02   8.548764e+03   0.000000e+00    475s
  286632   -1.3496468e+02   1.063460e+04   0.000000e+00    480s
  289154   -1.3481426e+02   7.531113e+03   0.000000e+00    486s
  291320   -1.3470124e+02   9.470649e+03   0.000000e+00    490s
  293738   -1.3456061e+02   1.476535e+04   0.000000e+00    495s
  295916   -1.3444803e+02   6.894137e+03   0.000000e+00    500s
  298295   -1.3431365e+02   1.200131e+04   0.000000e+00    506s
  300383   -1.3422527e+02   7.400901e+03   0.000000e+00    510s
  302521   -1.3412785e+02   7.616952e+03   0.000000e+00    515s
  305007   -1.3404658e+02   6.563135e+03   0.000000e+00    521s
  307202   -1.3396365e+02   9.815844e+03   0.000000e+00    525s
  309412   -1.3387218e+02   1.006624e+04   0.000000e+00    530s
  311585   -1.3379046e+02   7.156705e+03   0.000000e+00    535s
  313409   -1.3372064e+02   1.021723e+04   0.000000e+00    540s
  315529   -1.3364269e+02   7.908217e+03   0.000000e+00    545s
  317631   -1.3356699e+02   8.114258e+03   0.000000e+00    550s
  319753   -1.3348096e+02   7.225317e+03   0.000000e+00    555s
  321850   -1.3340219e+02   6.898348e+03   0.000000e+00    560s
  323972   -1.3330498e+02   7.146574e+03   0.000000e+00    565s
  326118   -1.3320587e+02   7.755885e+03   0.000000e+00    570s
  328302   -1.3307728e+02   6.646820e+03   0.000000e+00    575s
  330493   -1.3296714e+02   7.385760e+03   0.000000e+00    581s
  332670   -1.3287302e+02   7.713712e+03   0.000000e+00    585s
  335140   -1.3277138e+02   6.856585e+03   0.000000e+00    591s
  337364   -1.3268829e+02   7.054983e+03   0.000000e+00    595s
  339554   -1.3259441e+02   9.634380e+03   0.000000e+00    600s
  342010   -1.3250381e+02   9.119273e+03   0.000000e+00    605s
  344156   -1.3242961e+02   7.544091e+03   0.000000e+00    610s
  346573   -1.3234395e+02   7.062145e+03   0.000000e+00    615s
  349064   -1.3213431e+02   6.733333e+03   0.000000e+00    621s
  351180   -1.3205418e+02   9.684116e+03   0.000000e+00    625s
  353315   -1.3199409e+02   1.024660e+04   0.000000e+00    630s
  355746   -1.3186891e+02   8.238916e+03   0.000000e+00    635s
  358176   -1.3176699e+02   8.629179e+03   0.000000e+00    641s
  360321   -1.3168096e+02   2.313592e+04   0.000000e+00    645s
  362829   -1.3156728e+02   6.256524e+03   0.000000e+00    651s
  364972   -1.3149790e+02   7.372404e+03   0.000000e+00    655s
  367170   -1.3141502e+02   1.017383e+04   0.000000e+00    660s
  369587   -1.3134948e+02   7.037094e+03   0.000000e+00    666s
  371713   -1.3128909e+02   6.043127e+03   0.000000e+00    670s
  374169   -1.3114987e+02   1.108957e+04   0.000000e+00    676s
  376391   -1.3104399e+02   6.327731e+03   0.000000e+00    680s
  378495   -1.3099197e+02   8.681148e+03   0.000000e+00    685s
  380644   -1.3091893e+02   8.517798e+03   0.000000e+00    690s
  382805   -1.3085709e+02   8.951423e+03   0.000000e+00    695s
  385249   -1.3078918e+02   8.085350e+03   0.000000e+00    701s
  387350   -1.3060060e+02   1.567793e+04   0.000000e+00    705s
  389570   -1.3053380e+02   7.694484e+03   0.000000e+00    710s
  391740   -1.3048609e+02   7.206726e+03   0.000000e+00    715s
  394251   -1.3040357e+02   2.437183e+04   0.000000e+00    720s
  396374   -1.3033893e+02   6.918499e+03   0.000000e+00    725s
  398746   -1.3027854e+02   7.313357e+03   0.000000e+00    730s
  400860   -1.3014380e+02   9.328981e+03   0.000000e+00    735s
  403311   -1.3007818e+02   6.425719e+03   0.000000e+00    740s
  405486   -1.2988177e+02   6.472330e+03   0.000000e+00    745s
  407927   -1.2962684e+02   1.602604e+04   0.000000e+00    751s
  410160   -1.2955892e+02   6.029326e+03   0.000000e+00    756s
  412399   -1.2949167e+02   6.323531e+03   0.000000e+00    761s
  414530   -1.2942652e+02   1.584170e+04   0.000000e+00    765s
  416636   -1.2937998e+02   6.845191e+03   0.000000e+00    770s
  419041   -1.2930368e+02   1.841527e+04   0.000000e+00    776s
  421178   -1.2922841e+02   7.313236e+03   0.000000e+00    781s
  423366   -1.2916533e+02   7.874276e+03   0.000000e+00    785s
  425535   -1.2909304e+02   6.618368e+03   0.000000e+00    790s
  427662   -1.2901445e+02   6.842000e+03   0.000000e+00    795s
  429831   -1.2896408e+02   6.297762e+03   0.000000e+00    801s
  431703   -1.2890115e+02   7.549744e+03   0.000000e+00    805s
  433954   -1.2875979e+02   6.120005e+03   0.000000e+00    810s
  436205   -1.2870274e+02   8.815028e+03   0.000000e+00    815s
  438444   -1.2864522e+02   6.007504e+03   0.000000e+00    820s
  440630   -1.2859624e+02   7.608364e+03   0.000000e+00    825s
  442804   -1.2851847e+02   6.319362e+03   0.000000e+00    830s
  444995   -1.2845251e+02   6.606209e+03   0.000000e+00    835s
  447222   -1.2836908e+02   7.325407e+03   0.000000e+00    840s
  449472   -1.2830572e+02   6.225273e+03   0.000000e+00    845s
  452048   -1.2821940e+02   9.558194e+03   0.000000e+00    851s
  454269   -1.2816350e+02   7.951647e+03   0.000000e+00    856s
  456430   -1.2810819e+02   5.305018e+03   0.000000e+00    860s
  458682   -1.2797762e+02   5.852693e+03   0.000000e+00    865s
  460860   -1.2782862e+02   7.659719e+03   0.000000e+00    870s
  463077   -1.2776808e+02   5.880050e+03   0.000000e+00    875s
  465371   -1.2770958e+02   1.206503e+04   0.000000e+00    880s
  467604   -1.2764232e+02   5.658059e+03   0.000000e+00    885s
  469787   -1.2750662e+02   5.874942e+03   0.000000e+00    890s
  471952   -1.2744795e+02   7.931944e+03   0.000000e+00    895s
  474111   -1.2734459e+02   9.929563e+03   0.000000e+00    900s
  476571   -1.2728510e+02   6.891919e+03   0.000000e+00    906s
  478808   -1.2720925e+02   1.277995e+04   0.000000e+00    911s
  480781   -1.2707331e+02   1.158699e+04   0.000000e+00    916s
  482658   -1.2697225e+02   1.130699e+04   0.000000e+00    920s
Warning: 1 variables dropped from basis
  485543    2.7521229e+01   2.851571e+05   0.000000e+00    926s
  487825    2.7521229e+01   1.912589e+06   0.000000e+00    931s
  490209    2.7521229e+01   1.785494e+06   0.000000e+00    935s
  493615   -3.0695482e+02   4.322132e+05   0.000000e+00    941s
  496471   -3.0525915e+02   3.407338e+05   0.000000e+00    946s
  498577   -3.0385079e+02   3.729317e+06   0.000000e+00    951s
  500069   -3.0322544e+02   4.566510e+05   0.000000e+00    955s
  501931   -3.0246194e+02   3.563542e+07   0.000000e+00    960s
  504059   -3.0039714e+02   7.067738e+05   0.000000e+00    965s
  505903   -2.9948535e+02   3.855082e+07   0.000000e+00    971s
  507479   -2.9896675e+02   2.438849e+07   0.000000e+00    975s
  509291   -2.9839733e+02   1.517700e+07   0.000000e+00    981s
  510880   -2.9765997e+02   1.568084e+07   0.000000e+00    986s
  512417   -2.9721065e+02   6.651209e+06   0.000000e+00    990s
  514357   -2.9639904e+02   2.034231e+07   0.000000e+00    996s
  515907   -2.9577086e+02   5.641514e+05   0.000000e+00   1001s
  517519   -2.9520648e+02   5.938798e+06   0.000000e+00   1005s
  519405   -2.9469427e+02   4.749086e+05   0.000000e+00   1011s
  520956   -2.9417680e+02   4.420531e+05   0.000000e+00   1016s
  522484   -2.9342951e+02   1.923572e+06   0.000000e+00   1020s
  524482   -2.9260900e+02   5.148284e+06   0.000000e+00   1026s
  526022   -2.9219301e+02   1.066736e+07   0.000000e+00   1030s
  527649   -8.1147953e+03   1.121232e+12   0.000000e+00   1035s
Warning: 1 variables dropped from basis
  529498    2.7521229e+01   6.930257e+05   0.000000e+00   1041s
  531457    2.7521229e+01   2.705613e+05   0.000000e+00   1046s
  533356    2.7521229e+01   1.038630e+06   0.000000e+00   1051s
  535242    2.7521229e+01   1.130586e+06   0.000000e+00   1056s
  536779    2.7521229e+01   4.103005e+06   0.000000e+00   1060s
  538761    2.7521229e+01   4.931659e+06   0.000000e+00   1066s
  540639   -3.2779442e+02   4.523247e+05   0.000000e+00   1070s
  542542   -3.2583221e+02   1.244045e+06   0.000000e+00   1076s
  544359   -3.2401269e+02   6.888930e+05   0.000000e+00   1080s
  546519   -3.2288023e+02   1.872060e+07   0.000000e+00   1086s
  547995   -3.2236341e+02   9.611279e+05   0.000000e+00   1091s
  549525   -3.2157625e+02   1.346905e+07   0.000000e+00   1095s
Warning: 1 variables dropped from basis
  551257    2.7521229e+01   1.224032e+06   0.000000e+00   1100s
  553229    2.7521229e+01   1.308590e+06   0.000000e+00   1106s
  554620    2.7521229e+01   7.583418e+05   0.000000e+00   1110s
  556637    2.7521229e+01   3.237127e+07   0.000000e+00   1116s
  558351    2.7521229e+01   2.446553e+06   0.000000e+00   1121s
  560058    2.7521229e+01   1.051910e+06   0.000000e+00   1126s
  561800    2.7521229e+01   1.478256e+06   0.000000e+00   1131s
  563431   -3.4291935e+02   7.250974e+06   0.000000e+00   1136s
  565384   -3.4134669e+02   2.326147e+07   0.000000e+00   1141s
  566827   -3.4067421e+02   6.918424e+07   0.000000e+00   1146s
  568306   -3.4012856e+02   1.219340e+07   0.000000e+00   1151s
  569774   -3.3932123e+02   9.907674e+07   0.000000e+00   1155s
  571148   -3.3863552e+02   1.873050e+08   0.000000e+00   1160s
  572613   -3.3793581e+02   1.557952e+07   0.000000e+00   1165s
  574096   -3.3732179e+02   1.256931e+07   0.000000e+00   1170s
  575782   -3.3573715e+02   3.270298e+06   0.000000e+00   1175s
  577258   -3.3510362e+02   4.183619e+06   0.000000e+00   1180s
  579132   -3.3414138e+02   1.028489e+08   0.000000e+00   1186s
  580606   -3.3376025e+02   4.895048e+07   0.000000e+00   1191s
  582052   -3.3326310e+02   6.445793e+07   0.000000e+00   1196s
  583537   -3.3261715e+02   1.534258e+07   0.000000e+00   1201s
  584641   -3.3211358e+02   2.719236e+06   0.000000e+00   1205s
  586320   -3.3063134e+02   3.787563e+06   0.000000e+00   1210s
  587780   -3.3012240e+02   3.942652e+07   0.000000e+00   1215s
  589620   -3.2914554e+02   7.593839e+05   0.000000e+00   1221s
  591118   -3.2851041e+02   2.687864e+07   0.000000e+00   1226s
  592219   -3.2801859e+02   2.028016e+07   0.000000e+00   1230s
  593692   -3.2737436e+02   9.606998e+06   0.000000e+00   1236s
  595184   -3.2678348e+02   3.410473e+07   0.000000e+00   1241s
  596674   -3.2621748e+02   2.890944e+07   0.000000e+00   1246s
  598162   -3.2571045e+02   2.701994e+06   0.000000e+00   1251s
  599302   -3.2517892e+02   1.541143e+07   0.000000e+00   1255s
Warning: 1 variables dropped from basis
  600573    2.7521229e+01   1.915972e+06   0.000000e+00   1260s
  601893   -3.4613389e+02   1.123085e+07   0.000000e+00   1266s
  602595   -3.4575762e+02   3.410226e+06   0.000000e+00   1270s
  603942   -3.4480148e+02   2.927065e+07   0.000000e+00   1275s
  605653   -3.4356803e+02   4.763506e+07   0.000000e+00   1281s
  607039   -3.4290904e+02   4.271652e+07   0.000000e+00   1285s

Root relaxation: interrupted, 607070 iterations, 1272.81 seconds (2924.22 work units)

    Nodes    |    Current Node    |     Objective Bounds      |     Work
 Expl Unexpl |  Obj  Depth IntInf | Incumbent    BestBd   Gap | It/Node Time

     0     0          -    0               -   27.52123      -     - 1285s

Explored 1 nodes (607070 simplex iterations) in 1285.50 seconds (2940.33 work units)
Thread count was 16 (of 16 available processors)

Solution count 0

Solve interrupted
Best objective -, best bound 2.752122916597e+01, gap -
