
Gurobi 9.5.1 (mac64[x86]) logging started Tue Jun  7 23:27:00 2022

Set parameter LogFile to value "/Users/keyvanmajd/Documents/GitHub/NNRepLayer_v2/demos/examples/tc7_walking_example/repair_inp_out_constraint/repair_net/logs/opt_log_6_7_2022_23_26_38.log"
Gurobi Optimizer version 9.5.1 build v9.5.1rc2 (mac64[x86])
Thread count: 4 physical cores, 8 logical processors, using up to 8 threads
Optimize a model with 573 rows, 203 columns and 1538 nonzeros
Model fingerprint: 0x6b4491ba
Model has 170 quadratic objective terms
Coefficient statistics:
  Matrix range     [9e-03, 3e+01]
  Objective range  [1e-03, 2e-01]
  QObjective range [1e-02, 2e+00]
  Bounds range     [1e+01, 1e+02]
  RHS range        [1e-03, 2e+01]
Presolve removed 368 rows and 16 columns
Presolve time: 0.00s
Presolved: 205 rows, 187 columns, 1149 nonzeros
Presolved model has 170 quadratic objective terms
Ordering time: 0.00s

Barrier statistics:
 Dense cols : 11
 AA' NZ     : 1.331e+03
 Factor NZ  : 1.920e+03
 Factor Ops : 2.563e+04 (less than 1 second per iteration)
 Threads    : 1

                  Objective                Residual
Iter       Primal          Dual         Primal    Dual     Compl     Time
   0   6.42302512e+07 -6.43450804e+07  2.39e+03 7.17e+02  9.37e+05     0s
   1   1.80706034e+07 -1.82837410e+07  1.23e+03 3.70e+02  4.91e+05     0s
   2   1.62672680e+05 -8.01041280e+05  1.19e+02 3.58e+01  6.43e+04     0s
   3   3.44984788e+01 -4.55707704e+05  1.42e+00 4.26e-01  1.82e+03     0s
   4   2.32876530e+01 -2.13288522e+05  2.42e-01 7.26e-02  6.47e+02     0s
   5   2.10854235e+01 -2.19577479e+04  8.75e-03 2.63e-03  5.42e+01     0s
   6   2.03176903e+01 -1.18999789e+02  3.51e-05 1.05e-05  3.38e-01     0s
   7   1.11518674e+01 -2.38872713e+01  7.47e-06 2.24e-06  8.50e-02     0s
   8   6.84398591e+00 -7.09572015e+00  1.65e-06 4.96e-07  3.38e-02     0s
   9   5.86264593e+00 -2.96232841e+00  7.41e-07 2.23e-07  2.14e-02     0s
  10   5.07352732e+00  1.91703388e+00  2.20e-07 6.60e-08  7.66e-03     0s
  11   4.87618150e+00  4.21562778e+00  2.02e-08 6.06e-09  1.60e-03     0s
  12   4.83573086e+00  4.70625877e+00  2.56e-09 7.69e-10  3.14e-04     0s
  13   4.82947505e+00  4.80969969e+00  3.20e-13 3.83e-14  4.80e-05     0s
  14   4.82841297e+00  4.82839044e+00  7.11e-13 3.63e-13  5.47e-08     0s
  15   4.82841077e+00  4.82841075e+00  1.06e-10 1.14e-12  5.47e-11     0s

Barrier solved model in 15 iterations and 0.00 seconds (0.00 work units)
Optimal objective 4.82841077e+00

