
Gurobi 9.5.1 (linux64) logging started Fri 10 Jun 2022 12:28:03 PM MST

Set parameter LogFile to value "/home/local/ASUAD/kmajd1/NNRepLayer_v2/demos/walking_example/dynamic_constraint/repair_net/logs/opt_log_6_10_2022_12_27_27.log"
Gurobi Optimizer version 9.5.1 build v9.5.1rc2 (linux64)
Thread count: 48 physical cores, 96 logical processors, using up to 32 threads
Optimize a model with 40962 rows, 25207 columns and 115394 nonzeros
Model fingerprint: 0x5d87eeb2
Model has 151 quadratic objective terms
Variable types: 10807 continuous, 14400 integer (14400 binary)
Coefficient statistics:
  Matrix range     [7e-04, 6e+01]
  Objective range  [2e-02, 3e+00]
  QObjective range [1e-01, 2e+00]
  Bounds range     [1e+00, 6e+01]
  RHS range        [2e-04, 6e+01]
Presolve removed 24620 rows and 9760 columns
Presolve time: 0.17s
Presolved: 16342 rows, 15447 columns, 76054 nonzeros
Presolved model has 151 quadratic objective terms
Variable types: 10647 continuous, 4800 integer (4800 binary)
Root relaxation presolve removed 4800 rows and 4800 columns
Root relaxation presolved: 11542 rows, 10647 columns, 66454 nonzeros
Root relaxation presolved model has 151 quadratic objective terms


Root relaxation: objective 7.235487e+01, 13374 iterations, 1.26 seconds (2.40 work units)

    Nodes    |    Current Node    |     Objective Bounds      |     Work
 Expl Unexpl |  Obj  Depth IntInf | Incumbent    BestBd   Gap | It/Node Time

     0     0   72.35487    0  871          -   72.35487      -     -    2s
     0     0   72.35487    0  815          -   72.35487      -     -   12s
     0     0   72.35487    0  725          -   72.35487      -     -   13s
     0     0   72.35487    0  907          -   72.35487      -     -   13s
     0     0   72.35487    0  872          -   72.35487      -     -   13s
     0     0   72.35487    0  990          -   72.35487      -     -   14s
     0     0   72.35487    0  975          -   72.35487      -     -   14s
     0     0   72.35487    0 1030          -   72.35487      -     -   15s
     0     2   72.35487    0 1030          -   72.35487      -     -   66s
     7    16   72.38014    3 1147          -   72.35487      -  1346   72s
    15    32   72.38795    4 1264          -   72.35487      -  2074   75s
    31    64   72.38795    5 1306          -   72.35487      -  1884   97s
    63    96   72.38795    6 2949          -   72.35487      -  3891  229s
    95   128   72.38795    7 2973          -   72.35487      - 13154  262s
   128   129   72.40494    8 1030          -   72.35487      -  9814  269s
   129   130   72.38014    8 1030          -   72.35487      -  9738  272s
   130   130   72.41698    8  852          -   72.35487      -  9663  279s
   131   131   72.42007    8  794          -   72.35487      -  9589  287s
   134   133   72.37033    7 1095          -   72.35487      -  9374  296s
   136   134   72.38795    6 1117          -   72.35497      -  9236  308s
   137   135   72.36968    7 1099          -   72.35497      -  9169  310s
   138   136   72.38795    8 1076          -   72.35499      -  9102  322s
   139   136   72.40768    8  957          -   72.35499      -  9037  359s
   141   138   72.38551    7  957          -   72.35499      -  8909  395s
   145   141   72.41698    8  845          -   72.35499      -  9605  404s
   146   142   72.40768    6  774          -   72.35499      -  9539  409s
   147   143   72.40494    6  699          -   72.35499      -  9474  411s
   149   144   72.42007    8  546          -   72.35499      -  9347  418s
   150   145   72.38014    7  668          -   72.35524      -  9285  424s
   151   145   72.38014    8  638          -   72.35559      -  9223  428s
   153   147   72.40494    6  688          -   72.35605      -  9103  432s
   155   148   72.38551    8  715          -   72.35612      -  8985  435s
   159   151   72.40768    8  720          -   72.35644      -  8759  441s
   161   152   72.40494    6  701          -   72.35644      -  8651  445s
   164   154   72.40768    7  721          -   72.35644      -  8492  489s
   167   158   72.38987    6 1030          -   72.35644      -  8812  491s
   168   158   72.38795    6  853          -   72.35644      -  8759  496s
   170   160   72.40768    8  692          -   72.35644      -  8656  503s
   172   161   72.44544    7  877          -   72.35648      -  8556  507s
   174   162   72.40494    6 1016          -   72.35707      -  8457  512s
   178   165   72.40768    8 1142          -   72.35734      -  8267  517s
   181   167   72.36262    7 1202          -   72.35734      -  8130  522s
   183   168   72.36364    8 1202          -   72.35734      -  8041  565s
   187   172   72.38014    8  852          -   72.35734      -  8201  573s
   188   173   72.40083    6  772          -   72.35734      -  8158  578s
   189   174   72.40768    6  704          -   72.35734      -  8114  580s
   191   175   72.40768    7  624          -   72.35734      -  8029  588s
   192   176   72.40768    6  349          -   72.35734      -  7988  596s
   193   176   72.40494    6  781          -   72.35734      -  7946  605s
   197   179   72.42726    8  962          -   72.35873      -  7785  611s
   201   182   72.38795    7 1041          -   72.35873      -  7630  618s
   203   183   72.37283    8 1094          -   72.35873      -  7555  620s
   206   185   72.38795    8 1081          -   72.35873      -  7445  670s
   210   189   72.44544    7  851          -   72.35873      -  7795  677s
   211   190   72.40768    8  776          -   72.35873      -  7758  681s
   214   192   72.38014    8  789          -   72.35873      -  7650  690s
   216   193   72.42007    8  964          -   72.35873      -  7579  704s
   218   195   72.35873    7 1116          -   72.35873      -  7509  707s
   220   196   72.38983    8 1152          -   72.35873      -  7441  711s
   222   197   72.40768    6 1158          -   72.35873      -  7374  715s
   226   200   72.38987    6 1244          -   72.35874      -  7243  723s
   228   201   72.40494    8 1275          -   72.35874      -  7180  732s
   229   202   72.38014    8 1303          -   72.35874      -  7148  735s
   231   203   72.42007    8 1303          -   72.35874      -  7087  778s
   234   207   72.37033    7 1030          -   72.35874      -  7372  780s
   235   207   72.41698    8  846          -   72.35874      -  7341  786s
   237   209   72.36968    7  723          -   72.35874      -  7279  791s
   239   210   72.40768    8  846          -   72.35874      -  7218  796s
   241   211   72.38551    7 1034          -   72.35874      -  7158  801s
   245   214   72.41698    8 1087          -   72.35893      -  7041  816s
   247   215   72.40494    6 1169          -   72.35893      -  6984  829s
   248   216   72.40768    7 1230          -   72.35893      -  6956  830s
   249   217   72.42007    8 1202          -   72.35893      -  6928  845s
   251   218   72.38014    8 1217          -   72.35893      -  6873  860s
   253   219   72.40494    6 1267          -   72.35893      -  6819  872s
   256   221   72.42726    7 1311          -   72.35893      -  6739  914s
   259   225   72.40768    8 1030          -   72.35893      -  7008  916s
   260   225   72.40768    6  838          -   72.35893      -  6981  921s
   262   227   72.39984    8  779          -   72.35893      -  6928  925s
   264   228   72.40768    7  919          -   72.35893      -  6876  931s
   267   230   72.38987    6 1211          -   72.35893      -  6798  935s
   270   232   72.40768    8 1237          -   72.35893      -  6723  940s
   274   235   72.40494    6 1239          -   72.35894      -  6625  947s
   276   236   72.40768    8 1260          -   72.35894      -  6577  955s
   278   237   72.40768    8 1267          -   72.35894      -  6529  963s
   280   239   72.38795    8 1278          -   72.35894      -  6483  970s
   282   240   72.41698    8 1255          -   72.35894      -  6437  983s
   283   241   72.36364    8 1250          -   72.35894      -  6414  986s
H  284   228                      87.2633337   72.35894  17.1%  6391 1027s
H  284   216                      87.2254411   72.35894  17.0%  6391 1037s
H  286   208                      85.5231274   72.35894  15.4%  6654 1129s
   287   209   72.38014    8 1030   85.52313   72.35894  15.4%  6631 1130s
H  288   199                      85.5229576   72.35894  15.4%  6608 1132s
   290   200   72.41698    8  825   85.52296   72.35894  15.4%  6562 1138s
   292   201   72.40768    6  882   85.52296   72.35894  15.4%  6517 1144s
H  292   191                      85.5129329   72.35894  15.4%  6517 1154s
   294   193   72.40768    7  961   85.51293   72.35894  15.4%  6473 1158s
   295   193   72.38795    7  976   85.51293   72.35894  15.4%  6451 1162s
   296   194   72.42007    8 1093   85.51293   72.35894  15.4%  6429 1171s
   299   196   72.38983    8 1184   85.51293   72.35894  15.4%  6365 1177s
   301   197   72.38795    7 1175   85.51293   72.35894  15.4%  6323 1180s
   304   199   72.38795    8 1232   85.51293   72.35894  15.4%  6260 1185s
   307   201   72.40494    6 1255   85.51293   72.35894  15.4%  6199 1191s
   309   203   72.42007    8 1309   85.51293   72.35894  15.4%  6159 1196s
   313   205   72.40768    8 1302   85.51293   72.35894  15.4%  6080 1203s
   314   206   72.38014    8 1308   85.51293   72.35894  15.4%  6061 1206s
   316   207   72.42007    8 1308   85.51293   72.35894  15.4%  6022 1213s
H  317   198                      85.5098312   72.35894  15.4%  6390 1241s
   321   201   72.40768    8  756   85.50983   72.35894  15.4%  6310 1255s
   323   202   72.40768    7  874   85.50983   72.35894  15.4%  6271 1261s
   325   204   72.40768    6 1032   85.50983   72.35894  15.4%  6232 1265s
   327   205   72.40494    6 1135   85.50983   72.35894  15.4%  6194 1270s
   328   206   72.40494    8 1143   85.50983   72.35894  15.4%  6175 1278s
   329   206   72.38014    8 1191   85.50983   72.35894  15.4%  6157 1290s
   330   207   72.41698    8 1182   85.50983   72.35894  15.4%  6138 1303s
   331   208   72.42007    8 1219   85.50983   72.35894  15.4%  6119 1310s
   334   210   72.37033    7 1299   85.50983   72.35894  15.4%  6064 1323s
   336   211   72.38795    6 1299   85.50983   72.35894  15.4%  6028 1327s
   338   212   72.38795    8 1307   85.50983   72.35894  15.4%  5993 1331s
H  338   201                      85.4917398   72.35894  15.4%  5993 1332s
   341   203   72.38551    7 1358   85.49174   72.35894  15.4%  5940 1335s
   342   204   72.38983    8 1360   85.49174   72.35894  15.4%  5923 1343s
   344   205   72.36968    7 1445   85.49174   72.35894  15.4%  5888 1353s
   346   207   72.40768    6 1440   85.49174   72.35894  15.4%  5854 1358s
   347   207   72.40494    6 1455   85.49174   72.35894  15.4%  5837 1362s
   349   209   72.42007    8 1455   85.49174   72.35894  15.4%  5804 1370s
   351   211   72.38014    8 1030   85.49174   72.35894  15.4%  6089 1401s
   354   213   72.42726    8  795   85.49174   72.35894  15.4%  6038 1412s
   355   214   72.38551    8  733   85.49174   72.35894  15.4%  6021 1417s
   356   214   72.42726    7  883   85.49174   72.35894  15.4%  6004 1424s
   357   215   72.40494    6  844   85.49174   72.35894  15.4%  5987 1430s
   358   216   72.38551    8  924   85.49174   72.35894  15.4%  5970 1437s
   359   216   72.40768    8 1011   85.49174   72.35894  15.4%  5954 1446s
   361   218   72.40494    6 1203   85.49174   72.35911  15.4%  5921 1450s
   365   220   72.38014    8 1329   85.49174   72.35911  15.4%  5856 1455s
   369   223   72.38795    8 1319   85.49174   72.35911  15.4%  5792 1462s
   371   224   72.38014    8 1396   85.49174   72.35911  15.4%  5761 1465s
   374   226   72.40494    6 1446   85.49174   72.35911  15.4%  5715 1473s
   375   227   72.40494    6 1442   85.49174   72.35911  15.4%  5699 1477s
   377   228   72.38795    6 1469   85.49174   72.35911  15.4%  5669 1480s
   379   230   72.38014    7 1536   85.49174   72.35911  15.4%  5639 1488s
   381   231   72.36262    7 1532   85.49174   72.35911  15.4%  5610 1491s
   382   232   72.41698    8 1527   85.49174   72.35911  15.4%  5595 1495s
   384   233   72.38795    8 1527   85.49174   72.35911  15.4%  5566 1503s
   385   237   72.38248   91 1664   85.49174   72.35911  15.4%  5999 1505s
   391   247   72.38795   93 1812   85.49174   72.36211  15.4%  5948 1514s
   399   260   72.39649   94 1843   85.49174   72.36211  15.4%  5909 1519s
   415   287   72.39649   95 2747   85.49174   72.36211  15.4%  5863 1613s
   447   308   72.39649   96 2764   85.49174   72.36211  15.4%  5937 1641s
H  479   316                      85.1898947   72.36211  15.1%  5624 1653s
H  509   295                      85.0351851   72.36211  14.9%  5311 1653s
   543   348   72.39649   97 2771   85.03519   72.36211  14.9%  5007 1655s
   931   681   72.39649  103 2765   85.03519   72.36211  14.9%  3040 1660s
  1542  1203   72.43864  108 2348   85.03519   72.36211  14.9%  1915 1687s
H 1586  1235                      85.0179139   72.36211  14.9%  1868 1696s
H 1587  1235                      84.7851285   72.36211  14.7%  1867 1696s
H 1590  1235                      84.4539863   72.36211  14.3%  1864 1696s
H 1602  1235                      84.3730026   72.36211  14.2%  1853 1696s
  1956  1638   72.39649  113 2749   84.37300   72.36211  14.2%  1550 1723s
H 2021  1670                      84.3721533   72.36211  14.2%  1505 1736s
H 2023  1670                      84.3538607   72.36211  14.2%  1505 1736s
H 2026  1670                      84.3279422   72.36211  14.2%  1503 1736s
H 2036  1670                      84.1475611   72.36211  14.0%  1496 1736s
  2823  2724   72.39649  117 2746   84.14756   72.36211  14.0%  1124 1740s
  4267  4221   72.39649  123 2740   84.14756   72.36211  14.0%   799 1745s
  4608  4531   72.39649  124 2739   84.14756   72.36211  14.0%   749 1750s
  6173  6216   72.49324  131 2043   84.14756   72.36211  14.0%   604 1762s
  6605  6707   72.39649  133 2728   84.14756   72.36211  14.0%   582 1767s
  7096  7208   72.39649  136 2725   84.14756   72.36211  14.0%   559 1771s
  8102  8141   72.46287  142 2117   84.14756   72.36211  14.0%   513 1778s
  8536  8622   72.39649  144 2668   84.14756   72.36211  14.0%   502 1785s
  9017  9144   72.39649  146 2651   84.14756   72.36211  14.0%   503 1798s
  9539  9669   72.39649  148 2673   84.14756   72.36211  14.0%   501 1803s
 10068 10182   72.39984  150 2621   84.14756   72.36211  14.0%   495 1816s
 10587 10773   72.39649  153 2646   84.14756   72.36211  14.0%   497 1828s
 11186 11444   72.39649  156 2646   84.14756   72.36211  14.0%   491 1834s
 11871 12156   72.47207  159 2141   84.14756   72.36211  14.0%   488 1839s
 12593 12847   72.39649  163 2674   84.14756   72.36211  14.0%   482 1846s
 13298 13594   72.39649  168 2644   84.14756   72.36211  14.0%   484 1856s
 14061 14319   72.41965  171 2344   84.14756   72.36211  14.0%   486 1868s
 14794 15050   72.39649  179 2577   84.14756   72.36211  14.0%   488 1875s
 15539 15724   72.39649  192 2515   84.14756   72.36211  14.0%   491 1883s
H16221 15756                      84.1475607   72.36211  14.0%   495 2010s
H16223 15756                      84.1472078   72.36211  14.0%   495 2010s
H16224 15756                      83.9104943   72.36211  13.8%   495 2010s
H16253 15788                      83.8848603   72.36211  13.7%   496 3086s
H16255 15788                      83.8803296   72.36211  13.7%   496 3086s
H16257 15788                      83.8780615   72.36211  13.7%   496 3086s
H16260 15788                      83.7977354   72.36211  13.6%   496 3086s
H16265 15788                      83.7057922   72.36211  13.6%   496 3086s
H16267 15788                      83.5351940   72.36211  13.4%   497 3086s
 16285 16219   72.39649  201 2544   83.53519   72.36211  13.4%   500 3119s
 16750 16948   72.39649  204 2506   83.53519   72.36211  13.4%   509 3139s
 17497 17148   72.44544  213 2111   83.53519   72.36211  13.4%   509 3272s
 17705 17980   72.44544  225 2029   83.53519   72.36211  13.4%   515 3302s
 18553 18973   72.44544  237 1959   83.53519   72.36211  13.4%   521 3325s
 19580 19409   72.44544  244 1961   83.53519   72.36211  13.4%   522 3353s
 20030 19680   72.44544  253 2008   83.53519   72.36211  13.4%   534 3447s
 20309 20999   72.44544  259 1959   83.53519   72.36211  13.4%   549 3478s
 21628 22076   72.44544  266 2021   83.53519   72.36211  13.4%   550 3506s
 22707 22107   72.44544  268 2011   83.53519   72.36211  13.4%   566 3567s
 22739 23060   72.44544  269 1982   83.53519   72.36211  13.4%   575 3595s
 23692 23717   72.44544  269 2024   83.53519   72.36211  13.4%   602 3621s
H23741 23717                      83.4987442   72.36211  13.3%   605 3621s
H24277 23717                      82.0098034   72.36211  11.8%   619 3621s
 24357 24741   72.44545  271 2027   82.00980   72.36211  11.8%   626 3650s
H25391 25249                      81.9988073   72.36211  11.8%   651 3683s
H25429 25249                      81.9979107   72.36211  11.8%   650 3683s
H25461 25249                      81.9450737   72.36211  11.7%   653 3683s
H25530 25249                      81.9358506   72.36211  11.7%   655 3683s
 25901 26048   72.45635  291 1935   81.93585   72.36211  11.7%   680 3710s
 26706 26639   72.46581  345 1856   81.93585   72.36211  11.7%   714 3740s
H27297 26747                      81.9339494   72.36211  11.7%   763 3838s
H27298 26747                      81.9304790   72.36211  11.7%   765 3838s
H27310 26747                      81.9245949   72.36211  11.7%   766 3838s
H27313 26747                      81.8982994   72.36211  11.6%   768 3838s
H27316 26747                      81.8962238   72.36211  11.6%   768 3838s
H27324 26747                      81.8094263   72.36211  11.5%   774 3838s
H27404 26747                      81.8085874   72.36211  11.5%   795 3838s
 27405 27156   72.46581  377 1722   81.80859   72.36211  11.5%   795 3859s
 27816 27467   72.46581  382 1871   81.80859   72.36211  11.5%   853 3886s
 28129 27818   72.46581  395 1824   81.80859   72.36211  11.5%   911 3910s
 28482 28209   72.46581  414 1805   81.80859   72.36211  11.5%   968 3944s
 28877 28798   72.46581  420 1777   81.80859   72.36211  11.5%  1021 3978s
 29506 29384   72.46581  437 1777   81.80859   72.36211  11.5%  1069 4011s
 30094 30564   72.47826  446 2089   81.80859   72.36211  11.5%  1121 4053s
 31282 32217   72.47826  446 2089   81.80859   72.36211  11.5%  1098 4087s
 32953 33204   72.47899  456 2036   81.80859   72.36211  11.5%  1080 4121s
 33942 34642   72.47899  467 2021   81.80859   72.36211  11.5%  1118 4150s
 35382 35582   72.47903  481 1963   81.80859   72.36211  11.5%  1144 4183s
H36332 35613                      81.7995267   72.36211  11.5%  1200 4339s
H36339 35613                      81.5954116   72.36211  11.3%  1202 4339s
H36340 35613                      81.5369523   72.36211  11.3%  1202 4339s
H36361 35613                      81.5111537   72.36211  11.2%  1223 4339s
 36365 36404   72.48139  521 2011   81.51115   72.36211  11.2%  1222 4372s
 37176 39391   72.48154  572 1806   81.51115   72.36211  11.2%  1288 4408s
 40219 39910   72.48166  580 1787   81.51115   72.36211  11.2%  1228 4550s
 40746 41317   72.48155  581 1790   81.51115   72.36211  11.2%  1232 4592s
 42153 44300   72.48176  614 1744   81.51115   72.36211  11.2%  1266 4638s
 45164 45686   72.48187  630 1726   81.51115   72.36211  11.2%  1220 4683s
 46568 47192   72.48187  640 1648   81.51115   72.36211  11.2%  1210 4726s
 48080 51126   72.48203  676 1593   81.51115   72.36211  11.2%  1257 4772s
 52060 54354   72.48263  692 1546   81.51115   72.36211  11.2%  1200 4829s
 55416 58073   72.53351  707 1661   81.51115   72.36211  11.2%  1165 4902s
 59273 62359   72.53420  721 1678   81.51115   72.36211  11.2%  1119 4990s
 63632 64016   72.53749  740 1674   81.51115   72.36211  11.2%  1070 5038s
 65472 68572   72.53426  742 1673   81.51115   72.36211  11.2%  1054 5112s
 70090 72852   72.53870  819 1514   81.51115   72.36211  11.2%  1017 5168s
 74390 77777   72.53964  856 1448   81.51115   72.36211  11.2%   986 5236s
 79367 81193   72.53871  862 1447   81.51115   72.36211  11.2%   951 5293s
 82881 85517   72.54128  893 1436   81.51115   72.36211  11.2%   935 5349s
 87267 88948   72.54238  907 1453   81.51115   72.36211  11.2%   914 5436s
 90724 92500   72.54474  930 1457   81.51115   72.36211  11.2%   902 5523s
H91058 91822                      75.9400948   72.36211  4.71%   904 5523s
 94418 93116   72.54474  937 1450   75.94009   72.36211  4.71%   892 5645s
 95879 95637   72.56531  937 1443   75.94009   72.36211  4.71%   889 5711s
 98511 101904   72.54474  950 1436   75.94009   72.36211  4.71%   891 5831s
 105234 106176   72.54474  952 1434   75.94009   72.36211  4.71%   867 5902s
 110120 109386   72.56959  965 1576   75.94009   72.36211  4.71%   854 5972s
H113666 110174                      75.9346681   72.36211  4.70%   850 6126s
H113684 110174                      75.9338255   72.36211  4.70%   850 6126s
H113686 110173                      75.9315413   72.36211  4.70%   850 6126s
H113690 110169                      75.9293382   72.36211  4.70%   850 6126s
H113919 110158                      75.9286894   72.36211  4.70%   851 6126s
H114305 110136                      75.9243042   72.36211  4.69%   849 6126s
 114566 113652   72.57014  990 1548   75.92430   72.36211  4.69%   852 6183s

Cutting planes:
  Gomory: 57
  Cover: 2
  Implied bound: 411
  Projected implied bound: 1
  MIR: 11481
  Flow cover: 5547
  Relax-and-lift: 31

Explored 118328 nodes (99784114 simplex iterations) in 6183.79 seconds (15106.35 work units)
Thread count was 32 (of 96 available processors)

Solution count 10: 75.9243 75.9287 75.9293 ... 81.5954

Solve interrupted
Best objective 7.592430416680e+01, best bound 7.236211461974e+01, gap 4.6918%
