
Gurobi 9.5.1 (linux64) logging started Tue 09 Aug 2022 01:32:53 PM MST

Set parameter LogFile to value "/home/local/ASUAD/kmajd1/NNRepLayer_v2/demos/walking_example/dynamic_constraint/repair_net/logs/opt_log_8_9_2022_13_27_27.log"
Set parameter SolFiles to value "/home/local/ASUAD/kmajd1/NNRepLayer_v2/demos/walking_example/dynamic_constraint/repair_net/sol/sol__8_9_2022_13_27_27/solution"
Gurobi Optimizer version 9.5.1 build v9.5.1rc2 (linux64)
Thread count: 48 physical cores, 96 logical processors, using up to 48 threads
Optimize a model with 137514 rows, 102414 columns and 2158122 nonzeros
Model fingerprint: 0x131b27ab
Model has 270 quadratic objective terms
Variable types: 67854 continuous, 34560 integer (34560 binary)
Coefficient statistics:
  Matrix range     [3e-05, 2e+02]
  Objective range  [3e-03, 1e+00]
  QObjective range [7e-02, 7e-02]
  Bounds range     [1e-04, 7e+02]
  RHS range        [2e-05, 2e+02]

Concurrent MIP optimizer: 3 concurrent instances (16 threads per instance)

Presolve removed 2076 rows and 1536 columns (presolve time = 5s) ...
Presolve removed 2076 rows and 1536 columns
Presolve time: 7.33s
Presolved: 135438 rows, 100878 columns, 2154528 nonzeros
Presolved model has 270 quadratic objective terms
Variable types: 66318 continuous, 34560 integer (34560 binary)
Root relaxation presolve removed 34560 rows and 34560 columns (presolve time = 5s) ...
Root relaxation presolve removed 34560 rows and 34560 columns (presolve time = 10s) ...
Root relaxation presolve removed 34560 rows and 34560 columns
Root relaxation presolved: 100878 rows, 66318 columns, 2050848 nonzeros
Root relaxation presolved model has 270 quadratic objective terms


Root simplex log...

Iteration    Objective       Primal Inf.    Dual Inf.      Time
       0    2.4669303e+01   0.000000e+00   0.000000e+00     25s
    4087    2.4669303e+01   7.090854e+03   0.000000e+00     25s
   41563    2.4669303e+01   0.000000e+00   0.000000e+00     27s
   41563    2.4669303e+01   0.000000e+00   0.000000e+00     28s

Root relaxation: objective 2.466930e+01, 41563 iterations, 17.55 seconds (30.69 work units)

    Nodes    |    Current Node    |     Objective Bounds      |     Work
 Expl Unexpl |  Obj  Depth IntInf | Incumbent    BestBd   Gap | It/Node Time

     0     0      -    -    -              -   24.66930      -     -   31s
     0     0      -    -    -              -   24.66930      -     -   83s
     0     2      -    -    -              -   24.66930      -     -  208s
     1     4      -    -    -              -   24.66930      -     -  229s
     3     8      -    -    -              -   24.66930      -     -  247s
     7    16      -    -    -              -   24.66930      -     -  322s
    15    32      -    -    -              -   24.66930      -     -  403s
    31    48      -    -    -              -   24.66930      -     -  406s
    63    80      -    -    -              -   24.66930      -     -  412s
    95   124      -    -    -              -   24.66930      -     -  424s
   123   155      -    -    -              -   24.66930      -     -  426s
   154   183      -    -    -              -   24.66930      -     -  433s
   182   213      -    -    -              -   24.66930      -     -  495s
   212   251      -    -    -              -   24.66930      -     -  542s
   250   295      -    -    -              -   24.66930      -     -  549s
   294   344      -    -    -              -   24.66930      -     -  634s
   343   414      -    -    -              -   24.66930      -     -  643s
   413   478      -    -    -              -   24.66930      -     -  668s
   477   542      -    -    -              -   24.66930      -     -  679s
   541   585      -    -    -              -   24.66930      -     -  699s
   584   655      -    -    -              -   24.66930      -     -  878s
   654   761      -    -    -              -   24.66930      -     -  909s
   760   881      -    -    -              -   24.66930      -     -  919s
   880   968      -    -    -              -   24.66930      -     -  931s
   967  1083      -    -    -              -   24.66930      -     -  995s
  1082  1227      -    -    -              -   24.66930      -     - 1010s
  1226  1366      -    -    -              -   24.66930      -     - 1023s
  1365  1506      -    -    -              -   24.66930      -     - 1035s
  1505  1644      -    -    -              -   24.66930      -     - 1544s
  1643  1793      -    -    -              -   24.66930      -     - 1555s
  1792  1973      -    -    -              -   24.66930      -     - 1573s
  1972  2131      -    -    -              -   24.66930      -     - 1589s
  2130  2266      -    -    -              -   24.66930      -     - 1603s
  2265  2487      -    -    -              -   24.66930      -     - 1624s
  2486  2707      -    -    -              -   24.66930      -     - 1637s
  2706  2969      -    -    -              -   24.66930      -     - 1652s
  2968  3291      -    -    -              -   24.66930      -     - 1669s
  3290  3512      -    -    -              -   24.66930      -     - 1683s
  3511  3867      -    -    -              -   24.66930      -     - 1695s
  3866  4169      -    -    -              -   24.66930      -     - 1709s
  4168  4532      -    -    -              -   24.66930      -     - 1728s
  4531  4921      -    -    -              -   24.66930      -     - 1826s
  4920  5001      -    -    -      202.32515   24.66930  87.8%     - 2016s
  5000  5431      -    -    -      202.32515   24.66930  87.8%     - 2035s
  5430  5866      -    -    -      202.32515   24.66930  87.8%     - 2059s
  5865  6385      -    -    -      202.32515   24.66930  87.8%     - 2078s
  6384  6896      -    -    -      202.32515   24.66930  87.8%     - 2098s
  6895  7461      -    -    -      202.32515   24.66930  87.8%     - 2118s
  7460  8036      -    -    -      202.32515   24.66930  87.8%     - 2136s
  8035  8634      -    -    -      202.32515   24.66930  87.8%     - 2150s
  8633  9312      -    -    -       52.31096   24.66930  52.8%     - 2192s
  9311  9977      -    -    -       52.31096   24.66930  52.8%     - 2212s
  9976 10729      -    -    -       52.31096   24.66930  52.8%     - 2237s
 10729 10730      -    -    -       52.31096   24.66930  52.8%     - 2251s
 10731 10731      -    -    -       52.31096   24.66930  52.8%     - 2305s
 10733 10733      -    -    -       51.81556   24.66930  52.4%     - 2523s
 10734 10736      -    -    -       50.27629   24.66930  50.9%     - 2883s
 10736 10740      -    -    -       50.27629   24.66930  50.9%     - 2960s
 10740  9699      -    -    -       50.27629   24.66930  50.9%     - 3093s
 10748  8331      -    -    -       50.27629   24.66930  50.9%     - 3203s
 10764  8341      -    -    -       50.27629   24.66930  50.9%     - 3232s
 10780  8352      -    -    -       50.27629   24.66930  50.9%     - 3243s
 10796  8363      -    -    -       50.27629   24.66930  50.9%     - 3249s
 10812  8373      -    -    -       50.27629   24.66930  50.9%     - 3256s
 10828  7969      -    -    -       50.27629   24.66930  50.9%     - 3462s
 10844  7224      -    -    -       50.27629   24.66930  50.9%     - 3476s
 10873  7246      -    -    -       50.27629   24.66930  50.9%     - 3494s
 10905  7278      -    -    -       50.27629   24.66930  50.9%     - 3518s
 10948  7310      -    -    -       50.27629   24.66930  50.9%     - 3541s
 10994  7354      -    -    -       50.27629   24.66930  50.9%     - 3554s
 11053  7407      -    -    -       50.27629   24.66930  50.9%     - 3561s
 11126  7454      -    -    -       50.27629   24.66930  50.9%     - 3573s
 11197  7511      -    -    -       50.27629   24.66930  50.9%     - 3617s
 11278  7575      -    -    -       50.27629   24.66930  50.9%     - 3691s
 11369  7649      -    -    -       50.27629   24.66930  50.9%     - 3720s
 11473  7731      -    -    -       50.27629   24.66930  50.9%     - 3739s
 11590  7807      -    -    -       50.27629   24.66930  50.9%     - 3756s
 11705  7896      -    -    -       50.27629   24.66930  50.9%     - 3768s
 11832  7956      -    -    -       50.27629   24.66930  50.9%     - 3780s
 11935  7967      -    -    -       50.27629   24.66930  50.9%     - 3821s
 11980  6792      -    -    -       50.27629   24.66930  50.9%     - 3865s
 12141  6908      -    -    -       50.27629   24.66930  50.9%     - 3884s
 12311  7015      -    -    -       50.27629   24.66930  50.9%     - 3898s
 12476  7144      -    -    -       50.27629   24.66930  50.9%     - 3912s
 12666  7275      -    -    -       50.27629   24.66930  50.9%     - 3924s
 12863  7390      -    -    -       50.27629   24.66930  50.9%     - 4162s
 13043  7491      -    -    -       50.27629   24.66930  50.9%     - 4190s
 13204  7391      -    -    -       50.27629   24.66930  50.9%     - 4208s
 13448  7564      -    -    -       50.27629   24.66930  50.9%     - 4224s
 13702  7741      -    -    -       50.27629   24.66930  50.9%     - 4240s
 13964  7792      -    -    -       50.27629   24.66930  50.9%     - 4254s
 14102  7874      -    -    -       50.27629   24.66930  50.9%     - 4279s
 14230  7579      -    -    -       50.27629   24.66930  50.9%     - 4307s
 14516  7718      -    -    -       50.27629   24.66930  50.9%     - 4336s
 14750  7717      -    -    -       50.27629   24.66930  50.9%     - 4492s
 14827  7724      -    -    -       50.27629   24.66930  50.9%     - 4519s
 15110  7694      -    -    -       49.50122   24.66930  50.2%     - 5439s
 15174  7164      -    -    -       49.50122   24.66930  50.2%     - 5476s
 15549  7418      -    -    -       49.50122   24.66930  50.2%     - 5503s
 15928  7717      -    -    -       49.50122   24.66930  50.2%     - 5538s
 16359  7589      -    -    -       49.50122   24.66930  50.2%     - 5777s
 16375  7826      -    -    -       49.50122   24.66930  50.2%     - 5807s
 16809  8085      -    -    -       49.50122   24.66930  50.2%     - 5836s
 17225  8381      -    -    -       49.50122   24.66930  50.2%     - 5867s
 17681  8717      -    -    -       49.50122   24.66930  50.2%     - 5906s
 18190  9079      -    -    -       49.50122   24.66930  50.2%     - 5946s
 18752  9473      -    -    -       49.50122   24.66930  50.2%     - 5986s
 19364  9807      -    -    -       49.50122   24.66930  50.2%     - 6027s
 19917 10298      -    -    -       49.50122   24.66930  50.2%     - 6071s
 20595 10761      -    -    -       49.50122   24.66930  50.2%     - 6112s
 21292 12385      -    -    -       48.04972   24.66930  48.7%     - 6265s
 23150 12926      -    -    -       48.04972   24.66930  48.7%     - 6307s
 23825 13561      -    -    -       48.04972   24.66930  48.7%     - 6341s
 24460 14176      -    -    -       48.04972   24.66930  48.7%     - 6374s
 25075 14780      -    -    -       47.98999   24.66930  48.6%     - 6410s
 25679 15504      -    -    -       47.98999   24.66930  48.6%     - 6453s
 26407 16163      -    -    -       47.98999   24.66930  48.6%     - 6485s
 27101 16847      -    -    -       47.98999   24.66930  48.6%     - 6531s
 27801 17558      -    -    -       47.98999   24.66930  48.6%     - 6570s
 28512 18234      -    -    -       47.98999   24.66930  48.6%     - 6626s
 29188 18942      -    -    -       47.98999   24.66930  48.6%     - 6667s
 29896 18958      -    -    -       47.98999   24.66930  48.6%     - 6893s
 29912 19767      -    -    -       47.98999   24.66930  48.6%     - 6940s
 30723 20576      -    -    -       47.98999   24.66930  48.6%     - 6986s
 31546 21423      -    -    -       47.98999   24.66930  48.6%     - 7035s
 32412 22378      -    -    -       47.98999   24.66930  48.6%     - 7090s
 33388 23212      -    -    -       47.98999   24.66930  48.6%     - 7143s
 34264 24133      -    -    -       47.98999   24.66930  48.6%     - 7201s
 35235 25098      -    -    -       47.98999   24.66930  48.6%     - 7261s
 36252 26045      -    -    -       47.98999   24.66930  48.6%     - 7324s
 37298 27053      -    -    -       47.98999   24.66930  48.6%     - 7388s
 38379 28079      -    -    -       47.98999   24.66930  48.6%     - 7459s
 39443 29242      -    -    -       47.98999   24.66930  48.6%     - 7532s
 40684 30321      -    -    -       47.98999   24.66930  48.6%     - 7604s
 41839 32058      -    -    -       47.98999   24.66930  48.6%     - 7895s
 43706 33645      -    -    -       47.98999   24.66930  48.6%     - 8012s
 45402 35173      -    -    -       47.98999   24.66930  48.6%     - 8126s
 47032 36567      -    -    -       47.98999   24.66930  48.6%     - 8235s
 48608 37947      -    -    -       47.98999   24.66930  48.6%     - 8346s
 50197 39363      -    -    -       47.98999   24.66930  48.6%     - 8458s
 51765 40889      -    -    -       47.98999   24.66930  48.6%     - 8582s
 53409 42360      -    -    -       47.98999   24.66930  48.6%     - 8697s
 55077 43705      -    -    -       47.98999   24.66930  48.6%     - 8787s
 56543 45164      -    -    -       47.98999   24.66930  48.6%     - 8892s
 58127 46494      -    -    -       47.98999   24.66930  48.6%     - 8995s
 59547 46448      -    -    -       47.98999   24.66930  48.6%     - 9090s
 61216 48190      -    -    -       47.98999   24.66930  48.6%     - 9175s
 62966 50126      -    -    -       47.98999   24.66930  48.6%     - 9302s
 64936 50292      -    -    -       47.98999   24.66930  48.6%     - 9464s
 65102 52092      -    -    -       47.98999   24.66930  48.6%     - 9576s
 66914 53870      -    -    -       45.05163   24.66930  45.2%     - 9696s
 68704 55599      -    -    -       45.05163   24.66930  45.2%     - 9804s
 70449 57237      -    -    -       45.05163   24.66930  45.2%     - 9919s
 72138 58810      -    -    -       45.05163   24.66930  45.2%     - 10043s
 73783 60411      -    -    -       45.05163   24.66930  45.2%     - 10155s
 75424 61915      -    -    -       45.05163   24.66930  45.2%     - 10254s
 76940 63372      -    -    -       45.05163   24.66930  45.2%     - 10351s
 78411 64940      -    -    -       45.03858   24.66930  45.2%     - 10470s
 80011 66429      -    -    -       45.03858   24.66930  45.2%     - 10582s
 81552 67233      -    -    -       45.03858   24.66930  45.2%     - 10859s
 82378 67686      -    -    -       45.03858   24.66930  45.2%     - 10977s
 84069 69582      -    -    -       45.03858   24.66930  45.2%     - 11159s
 85970 71207      -    -    -       45.03858   24.66930  45.2%     - 11279s
 87621 72841      -    -    -       45.03858   24.66930  45.2%     - 11406s
 89285 74493      -    -    -       45.03858   24.66930  45.2%     - 11525s
 90987 76120      -    -    -       45.03858   24.66930  45.2%     - 11635s
 92616 77786      -    -    -       45.03858   24.66930  45.2%     - 11720s
 94294 79424      -    -    -       45.03858   24.66930  45.2%     - 12164s
 95958 34488      -    -    -       45.03858   24.66930  45.2%     - 12354s
 96178 36140      -    -    -       45.03858   24.66930  45.2%     - 12479s
 97855 37725      -    -    -       45.03858   24.66930  45.2%     - 12568s
 99585 39269      -    -    -       45.03858   24.66930  45.2%     - 12660s
 101269 40815      -    -    -       45.03858   24.66930  45.2%     - 12760s
 102950 40831      -    -    -       45.03858   24.66930  45.2%     - 13339s
 102951 40831      -    -    -       45.03858   24.66930  45.2%     - 13340s
 102966 41153      -    -    -       45.03858   24.66930  45.2%     - 13460s
 104600 42808      -    -    -       45.03858   24.66930  45.2%     - 13606s
 106526 44232      -    -    -       45.03858   24.66930  45.2%     - 13698s
 108129 45449      -    -    -       45.03858   24.66930  45.2%     - 13773s
 109699 46692      -    -    -       45.03858   24.66930  45.2%     - 13868s
 111052 48024      -    -    -       45.03858   24.66930  45.2%     - 13963s
 112520 49409      -    -    -       45.03858   24.66930  45.2%     - 14039s
 114025 50939      -    -    -       45.03858   24.66930  45.2%     - 14099s
 115583 52611      -    -    -       45.03858   24.66930  45.2%     - 14170s
 117291 54151      -    -    -       45.03858   24.66930  45.2%     - 14214s
 118861 54382      -    -    -       45.03858   24.66930  45.2%     - 14304s
 119097 54212      -    -    -       45.03858   24.66930  45.2%     - 14381s
 119757 54216      -    -    -       44.22209   24.66930  44.2%     - 14454s
 121272 55592      -    -    -       44.20981   24.66930  44.2%     - 14812s
 122763 57048      -    -    -       44.20981   24.66930  44.2%     - 14904s
 124350 58427      -    -    -       44.20981   24.66930  44.2%     - 15023s
 125921 60056      -    -    -       44.20981   24.66930  44.2%     - 15161s
 127857 61511      -    -    -       44.20981   24.66930  44.2%     - 15251s
 129514 62993      -    -    -       44.20981   24.66930  44.2%     - 15357s
 131140 64388      -    -    -       44.20981   24.66930  44.2%     - 15431s
 132762 65815      -    -    -       44.20981   24.66930  44.2%     - 15845s
 134406 67312      -    -    -       44.20981   24.66930  44.2%     - 16292s
 136127 68790      -    -    -       44.20981   24.66930  44.2%     - 16650s
 137803 70357      -    -    -       44.20981   24.66930  44.2%     - 16731s
 139494 70394      -    -    -       44.20981   24.66930  44.2%     - 16882s
 139531 69647      -    -    -       44.20981   24.66930  44.2%     - 16968s
 141122 71175      -    -    -       44.20981   24.66930  44.2%     - 17066s
 142692 72764      -    -    -       44.20981   24.66930  44.2%     - 17169s
 144377 74349      -    -    -       44.20981   24.66930  44.2%     - 17273s
 146049 75960      -    -    -       44.20981   24.66930  44.2%     - 17366s
 147704 77627      -    -    -       44.20981   24.66930  44.2%     - 17507s
 149492 79165      -    -    -       44.20981   24.66930  44.2%     - 17605s
 151164 80465      -    -    -       44.20981   24.66930  44.2%     - 17695s
 152499 81994      -    -    -       44.20981   24.66930  44.2%     - 17808s
 154096 83457      -    -    -       44.20981   24.66930  44.2%     - 17907s
 155626 84675      -    -    -       44.20981   24.66930  44.2%     - 17996s
 156918 86185      -    -    -       44.20981   24.66930  44.2%     - 18174s
 158545 87729      -    -    -       44.20981   24.66930  44.2%     - 18275s
 160257 89248      -    -    -       44.20981   24.66930  44.2%     - 18371s
 161888 90466      -    -    -       44.20981   24.66930  44.2%     - 18458s
 163178 91908      -    -    -       44.20981   24.66930  44.2%     - 18541s
 164807 93377      -    -    -       44.20981   24.66930  44.2%     - 18612s
 166440 94823      -    -    -       43.63170   24.66930  43.5%     - 18699s
 168066 96168      -    -    -       43.63170   24.66930  43.5%     - 18802s
 169656 97756      -    -    -       43.63170   24.66930  43.5%     - 18907s
 171499 99030      -    -    -       43.63170   24.66930  43.5%     - 18981s
 173040 100011      -    -    -       43.63170   24.66930  43.5%     - 19077s
 174198 101307      -    -    -       43.63170   24.66930  43.5%     - 19158s
 175759 102583      -    -    -       43.63170   24.66930  43.5%     - 19247s
 177363 103943      -    -    -       43.63170   24.66930  43.5%     - 19327s
 179039 105263      -    -    -       43.63170   24.66930  43.5%     - 19393s
 180599 106620      -    -    -       43.63170   24.66930  43.5%     - 19476s
 182125 108024      -    -    -       43.63170   24.66930  43.5%     - 19559s
 183587 109568      -    -    -       43.63170   24.66930  43.5%     - 19640s
 185188 111067      -    -    -       43.63170   24.66930  43.5%     - 19731s
 186821 112314      -    -    -       43.63170   24.66930  43.5%     - 19814s
 188157 112865      -    -    -       43.63170   24.66930  43.5%     - 19981s
 188828 114420      -    -    -       43.63170   24.66930  43.5%     - 20053s
 190497 116099      -    -    -       43.63170   24.66930  43.5%     - 20185s
 192244 117187      -    -    -       43.63170   24.66930  43.5%     - 20294s
 193506 118688      -    -    -       43.63170   24.66930  43.5%     - 20391s
 195207 120231      -    -    -       43.63170   24.66930  43.5%     - 20523s
 196872 121742      -    -    -       43.63170   24.66930  43.5%     - 20631s
 198546 123179      -    -    -       43.63170   24.66930  43.5%     - 20719s
 200115 124504      -    -    -       43.63170   24.66930  43.5%     - 20826s
 201728 126028      -    -    -       43.63170   24.66930  43.5%     - 20913s
 203462 127382      -    -    -       43.63170   24.66930  43.5%     - 20994s
 205078 128402      -    -    -       43.63170   24.66930  43.5%     - 22051s
 206130 107314      -    -    -       43.63170   24.66930  43.5%     - 22201s
 206867 106841      -    -    -       43.63170   24.66930  43.5%     - 22345s
 208423 108326      -    -    -       43.63170   24.66930  43.5%     - 22468s
 210122 109868      -    -    -       43.62945   24.66930  43.5%     - 22595s
 211894 111279      -    -    -       43.62945   24.66930  43.5%     - 22739s
 213680 112457      -    -    -       43.62945   24.66930  43.5%     - 23125s
 215143 113928      -    -    -       43.62945   24.66930  43.5%     - 23253s
 216838 115703      -    -    -       43.62945   24.66930  43.5%     - 23368s
 218654 117313      -    -    -       43.62945   24.66930  43.5%     - 23457s
 220356 118903      -    -    -       43.62945   24.66930  43.5%     - 23524s
 222006 120513      -    -    -       43.62945   24.66930  43.5%     - 23580s
 223675 122124      -    -    -       43.62945   24.66930  43.5%     - 23629s
 225392 123767      -    -    -       43.62945   24.66930  43.5%     - 23685s
 227170 125310      -    -    -       43.62945   24.66930  43.5%     - 23739s
 228790 125715      -    -    -       43.62945   24.66930  43.5%     - 23867s
 229233 126961      -    -    -       43.62945   24.66930  43.5%     - 23920s
 230593 128404      -    -    -       43.62945   24.66930  43.5%     - 23979s
 232201 129794      -    -    -       43.42266   24.66930  43.2%     - 24033s
 233783 131470      -    -    -       43.42266   24.66930  43.2%     - 24177s
 235655 132896      -    -    -       43.42266   24.66930  43.2%     - 24258s
 237308 134290      -    -    -       43.42266   24.66930  43.2%     - 24317s
 238870 134306      -    -    -       43.42266   24.66930  43.2%     - 24506s
 238886 131137      -    -    -       43.42266   24.66930  43.2%     - 24581s
 240336 132418      -    -    -       43.42266   24.66930  43.2%     - 24641s
 241785 133842      -    -    -       43.42266   24.66930  43.2%     - 24702s
 243326 135275      -    -    -       43.42266   24.66930  43.2%     - 24751s
 244872 136855      -    -    -       43.42266   24.66930  43.2%     - 24831s
 246572 138461      -    -    -       43.42266   24.66930  43.2%     - 24894s
 248272 140042      -    -    -       43.42266   24.66930  43.2%     - 24960s
 249896 141666      -    -    -       43.42266   24.66930  43.2%     - 25005s
 251546 143215      -    -    -       43.42266   24.66930  43.2%     - 25064s
 253186 144771      -    -    -       43.42266   24.66930  43.2%     - 25099s
 254802 146650      -    -    -       43.42266   24.66930  43.2%     - 25223s
 256682 148430      -    -    -       43.42266   24.66930  43.2%     - 25289s
 258468 150172      -    -    -       43.42266   24.66930  43.2%     - 25346s
 260210 151755      -    -    -       43.42266   24.66930  43.2%     - 25400s
 261815 153325      -    -    -       43.42266   24.66930  43.2%     - 25444s
 263385 153438      -    -    -       43.42266   24.66930  43.2%     - 25618s
 263498 153900      -    -    -       43.42266   24.66930  43.2%     - 25676s
 264454 155579      -    -    -       43.42266   24.66930  43.2%     - 25719s
 266169 157153      -    -    -       43.42266   24.66930  43.2%     - 25761s
 267774 158728      -    -    -       43.42266   24.66930  43.2%     - 25820s
 269377 160374      -    -    -       43.42266   24.66930  43.2%     - 25869s
 271049 161956      -    -    -       43.42266   24.66930  43.2%     - 25926s
 272738 163427      -    -    -       43.42266   24.66930  43.2%     - 26072s
 274255 164900      -    -    -       43.42266   24.66930  43.2%     - 26116s
 275846 166608      -    -    -       42.24821   24.66930  41.6%     - 26252s
 277699 168114      -    -    -       42.20476   24.66930  41.5%     - 26333s
 279303 169450      -    -    -       42.20476   24.66930  41.5%     - 26428s
 280715 170809      -    -    -       42.13908   24.66930  41.5%     - 26522s
 282173 172130      -    -    -       42.13908   24.66930  41.5%     - 26629s
 283533 173653      -    -    -       42.13908   24.66930  41.5%     - 26695s
 285160 175163      -    -    -       42.13908   24.66930  41.5%     - 26802s
 286763 176685      -    -    -       42.13908   24.66930  41.5%     - 26880s
 288337 178193      -    -    -       42.13908   24.66930  41.5%     - 26961s
 289991 178253      -    -    -       42.13908   24.66930  41.5%     - 27149s
 290055 177483      -    -    -       42.13908   24.66930  41.5%     - 27233s
 291670 178976      -    -    -       42.13908   24.66930  41.5%     - 27314s
 293222 180350      -    -    -       42.13908   24.66930  41.5%     - 27355s
 294634 181658      -    -    -       42.13908   24.66930  41.5%     - 27512s
 296001 183221      -    -    -       42.13908   24.66930  41.5%     - 27576s
 297631 185031      -    -    -       42.13908   24.66930  41.5%     - 27720s
 299453 186581      -    -    -       42.13908   24.66930  41.5%     - 27783s
 301049 188064      -    -    -       42.13908   24.66930  41.5%     - 27848s
 302599 188838      -    -    -       42.13908   24.66930  41.5%     - 27982s
 303578 190288      -    -    -       42.13908   24.66930  41.5%     - 28069s
 305144 191807      -    -    -       42.13908   24.66930  41.5%     - 28155s
 306738 193202      -    -    -       42.13908   24.66930  41.5%     - 28229s
 308238 194410      -    -    -       42.13908   24.66930  41.5%     - 28309s
 309599 195677      -    -    -       42.13908   24.66930  41.5%     - 28446s
 310978 195693      -    -    -       42.13908   24.66930  41.5%     - 28847s
 310994 177024      -    -    -       42.13908   24.66930  41.5%     - 28923s
 312357 178364      -    -    -       42.13908   24.66930  41.5%     - 29003s
 313780 179662      -    -    -       42.13908   24.66930  41.5%     - 29263s
 315238 180792      -    -    -       42.13908   24.66930  41.5%     - 29353s
 316575 180981      -    -    -       42.13908   24.66930  41.5%     - 29479s
 316766 182524      -    -    -       42.13908   24.66930  41.5%     - 29575s
 318499 184188      -    -    -       42.13908   24.66930  41.5%     - 29706s
 320304 185677      -    -    -       42.13908   24.66930  41.5%     - 29801s
 321899 187107      -    -    -       42.13908   24.66930  41.5%     - 29895s
 323443 188679      -    -    -       42.13908   24.66930  41.5%     - 29993s
 325105 190034      -    -    -       42.13908   24.66930  41.5%     - 30071s
 326573 191439      -    -    -       42.13908   24.66930  41.5%     - 30145s
 328091 192865      -    -    -       42.13908   24.66930  41.5%     - 30215s
 329632 194358      -    -    -       42.13908   24.66930  41.5%     - 30286s
 331220 195765      -    -    -       42.13908   24.66930  41.5%     - 30375s
 332758 197210      -    -    -       42.13908   24.66930  41.5%     - 30461s
 334356 198642      -    -    -       42.13908   24.66930  41.5%     - 30541s
 335838 200064      -    -    -       42.11371   24.66930  41.4%     - 30622s
 337350 201509      -    -    -       42.11371   24.66930  41.4%     - 30710s
 338904 203331      -    -    -       42.11371   24.66930  41.4%     - 30827s
 340865 204702      -    -    -       42.11371   24.66930  41.4%     - 30894s
 342360 206116      -    -    -       42.11371   24.66930  41.4%     - 30967s
 343781 207613      -    -    -       42.11371   24.66930  41.4%     - 31038s
 345280 208077      -    -    -       41.97519   24.66930  41.2%     - 31197s
 345748 209848      -    -    -       41.97519   24.66930  41.2%     - 31275s
 347535 211573      -    -    -       41.97519   24.66930  41.2%     - 31372s
 349274 213207      -    -    -       41.97519   24.66930  41.2%     - 31454s
 350922 214925      -    -    -       41.97519   24.66930  41.2%     - 31512s
 352687 216572      -    -    -       41.97519   24.66930  41.2%     - 31579s
 354444 218042      -    -    -       41.97519   24.66930  41.2%     - 31637s
 356082 219603      -    -    -       41.97519   24.66930  41.2%     - 31718s
 357758 221138      -    -    -       41.97519   24.66930  41.2%     - 31796s
 359444 222736      -    -    -       41.97519   24.66930  41.2%     - 31900s
 361352 224181      -    -    -       41.97519   24.66930  41.2%     - 31987s
 363041 225595      -    -    -       41.97519   24.66930  41.2%     - 32059s
 364627 226893      -    -    -       41.97519   24.66930  41.2%     - 32127s
 366096 228313      -    -    -       41.97519   24.66930  41.2%     - 32191s
 367661 229570      -    -    -       41.97519   24.66930  41.2%     - 32253s
 369105 230863      -    -    -       41.97519   24.66930  41.2%     - 32315s
 370706 232047      -    -    -       41.97519   24.66930  41.2%     - 32381s
 372141 233341      -    -    -       41.18604   24.66930  40.1%     - 32447s
 373695 234723      -    -    -       41.18604   24.66930  40.1%     - 32517s
 375247 236099      -    -    -       41.18604   24.66930  40.1%     - 32597s
 376783 237584      -    -    -       41.13553   24.66930  40.0%     - 32687s
 378381 237619      -    -    -       41.13553   24.66930  40.0%     - 32811s
 378418 239167      -    -    -       41.13553   24.66930  40.0%     - 32885s
 380004 239311      -    -    -       41.13553   24.66930  40.0%     - 33150s
 380170 241281      -    -    -       41.13553   24.66930  40.0%     - 33256s
 382298 243158      -    -    -       41.13553   24.66930  40.0%     - 33359s
 384228 244765      -    -    -       41.13553   24.66930  40.0%     - 33502s
 385959 246493      -    -    -       41.13553   24.66930  40.0%     - 33612s
 387725 248168      -    -    -       41.13553   24.66930  40.0%     - 33725s
 389421 249565      -    -    -       41.13553   24.66930  40.0%     - 33819s
 390849 251250      -    -    -       41.13553   24.66930  40.0%     - 33932s
 392567 252899      -    -    -       41.13553   24.66930  40.0%     - 34025s
 394320 254324      -    -    -       41.13553   24.66930  40.0%     - 34134s
 395808 255817      -    -    -       41.13553   24.66930  40.0%     - 34206s
 397465 257331      -    -    -       41.13553   24.66930  40.0%     - 34279s
 399083 258722      -    -    -       41.13200   24.66930  40.0%     - 34385s
 400682 260148      -    -    -       41.13200   24.66930  40.0%     - 34507s
 402245 261896      -    -    -       41.13200   24.66930  40.0%     - 34655s
 404257 263410      -    -    -       41.13200   24.66930  40.0%     - 34789s
 406044 264871      -    -    -       41.13200   24.66930  40.0%     - 34889s
 407607 266397      -    -    -       41.13200   24.66930  40.0%     - 34977s
 409305 268005      -    -    -       41.13200   24.66930  40.0%     - 35085s
 410954 269670      -    -    -       41.13200   24.66930  40.0%     - 35173s
 412665 271263      -    -    -       41.13200   24.66930  40.0%     - 35259s
 414286 272917      -    -    -       41.13200   24.66930  40.0%     - 35355s
 415996 274534      -    -    -       41.13200   24.66930  40.0%     - 35439s
 417685 276235      -    -    -       41.13200   24.66930  40.0%     - 35515s
 419416 277671      -    -    -       41.13200   24.66930  40.0%     - 35607s
 420896 278530      -    -    -       41.13200   24.66930  40.0%     - 35769s
 421775 280373      -    -    -       41.13200   24.66930  40.0%     - 35911s
 423703 281530      -    -    -       41.13200   24.66930  40.0%     - 35986s
 424913 283196      -    -    -       41.13200   24.66930  40.0%     - 36080s
 426610 284751      -    -    -       41.13200   24.66930  40.0%     - 36199s
 428250 286289      -    -    -       41.13200   24.66930  40.0%     - 36285s
 429973 287783      -    -    -       41.13200   24.66930  40.0%     - 36357s
 431519 289181      -    -    -       41.13200   24.66930  40.0%     - 36430s
 433084 290635      -    -    -       41.13200   24.66930  40.0%     - 36510s
 434615 292070      -    -    -       41.13200   24.66930  40.0%     - 36610s
 436193 293474      -    -    -       41.13200   24.66930  40.0%     - 36699s
 437716 294882      -    -    -       41.13200   24.66930  40.0%     - 36766s
 439309 296341      -    -    -       41.13200   24.66930  40.0%     - 37174s
 440784 297978      -    -    -       41.13200   24.66930  40.0%     - 37260s
 442439 297994      -    -    -       41.13200   24.66930  40.0%     - 37677s
 442455 295118      -    -    -       41.13200   24.66930  40.0%     - 37987s
 444583 295235      -    -    -       41.13200   24.66930  40.0%     - 38133s
 446347 297206      -    -    -       41.13200   24.66930  40.0%     - 38273s
 448347 298971      -    -    -       41.13200   24.66930  40.0%     - 38394s
 450187 300781      -    -    -       41.13200   24.66930  40.0%     - 38507s
 452010 300797      -    -    -       41.01905   24.66930  39.9%     - 38652s
 452026 302538      -    -    -       41.01905   24.66930  39.9%     - 38753s
 453777 304224      -    -    -       41.01905   24.66930  39.9%     - 38847s
 455495 305852      -    -    -       41.01905   24.66930  39.9%     - 38943s
 457200 307394      -    -    -       41.01905   24.66930  39.9%     - 39050s
 458910 307589      -    -    -       41.01905   24.66930  39.9%     - 39232s
 459107 307479      -    -    -       41.01905   24.66930  39.9%     - 39360s
 460604 309093      -    -    -       41.01905   24.66930  39.9%     - 39457s
 462256 310715      -    -    -       41.01905   24.66930  39.9%     - 39561s
 463939 312431      -    -    -       41.01905   24.66930  39.9%     - 39706s
 465727 313881      -    -    -       41.01905   24.66930  39.9%     - 39785s
 467273 315429      -    -    -       41.01905   24.66930  39.9%     - 39867s
 468881 316623      -    -    -       41.01905   24.66930  39.9%     - 39946s
 470133 318302      -    -    -       41.01905   24.66930  39.9%     - 40029s
 471814 319852      -    -    -       41.01905   24.66930  39.9%     - 40102s
 473434 321280      -    -    -       41.01905   24.66930  39.9%     - 40171s
 474926 322781      -    -    -       41.01905   24.66930  39.9%     - 40225s
 476455 324322      -    -    -       41.01905   24.66930  39.9%     - 40310s
 478081 325773      -    -    -       41.01905   24.66930  39.9%     - 40383s
 479633 327200      -    -    -       41.01905   24.66930  39.9%     - 40474s
 481111 328508      -    -    -       41.01905   24.66930  39.9%     - 40682s
 482523 329276      -    -    -       41.01905   24.66930  39.9%     - 40826s
 483491 330757      -    -    -       40.99065   24.66930  39.8%     - 40927s
 485084 332485      -    -    -       40.99065   24.66930  39.8%     - 41079s
 486944 333887      -    -    -       40.99065   24.66930  39.8%     - 41168s
 488528 335288      -    -    -       40.99065   24.66930  39.8%     - 41267s
 490080 336757      -    -    -       40.99065   24.66930  39.8%     - 41363s
 491677 338192      -    -    -       40.99065   24.66930  39.8%     - 41449s
 493201 339634      -    -    -       40.99065   24.66930  39.8%     - 41529s
 494675 341159      -    -    -       40.99065   24.66930  39.8%     - 41613s
 496301 342703      -    -    -       40.99065   24.66930  39.8%     - 41711s
 497906 344138      -    -    -       40.99065   24.66930  39.8%     - 41797s
 499465 345694      -    -    -       40.99065   24.66930  39.8%     - 41870s
 501057 347175      -    -    -       40.99065   24.66930  39.8%     - 41940s
 502626 348474      -    -    -       40.99065   24.66930  39.8%     - 42032s
 504188 349795      -    -    -       40.99065   24.66930  39.8%     - 42116s
 505640 351502      -    -    -       40.99065   24.66930  39.8%     - 42237s
 507519 352907      -    -    -       40.99065   24.66930  39.8%     - 42320s
 509046 354467      -    -    -       40.91335   24.66930  39.7%     - 42409s
 510632 356107      -    -    -       40.91335   24.66930  39.7%     - 42508s
 512298 357496      -    -    -       40.91179   24.66930  39.7%     - 42598s
 513759 358866      -    -    -       40.91179   24.66930  39.7%     - 42668s
 515339 360478      -    -    -       40.91179   24.66930  39.7%     - 42731s
 516979 361973      -    -    -       40.91179   24.66930  39.7%     - 42813s
 518552 363484      -    -    -       40.91179   24.66930  39.7%     - 42903s
 520184 364981      -    -    -       40.91179   24.66930  39.7%     - 42976s
 521740 366497      -    -    -       40.91179   24.66930  39.7%     - 43043s
 523268 367820      -    -    -       40.91179   24.66930  39.7%     - 43138s
 524694 369357      -    -    -       40.91179   24.66930  39.7%     - 43224s
 526324 371258      -    -    -       40.91179   24.66930  39.7%     - 43342s
 528311 372836      -    -    -       40.91179   24.66930  39.7%     - 43412s
 529954 374420      -    -    -       40.91179   24.66930  39.7%     - 43489s
 531547 375931      -    -    -       40.91179   24.66930  39.7%     - 43558s
 533131 377344      -    -    -       40.91179   24.66930  39.7%     - 43618s
 534614 377360      -    -    -       40.91179   24.66930  39.7%     - 44056s
 534630 376137      -    -    -       40.91179   24.66930  39.7%     - 44169s
 534769 377533      -    -    -       40.91179   24.66930  39.7%     - 44239s
 536232 378817      -    -    -       40.91179   24.66930  39.7%     - 44308s
 537599 380010      -    -    -       40.91179   24.66930  39.7%     - 45491s
 538916 380795      -    -    -       40.91179   24.66930  39.7%     - 45667s
 539798 382320      -    -    -       40.91179   24.66930  39.7%     - 45788s
 541511 383957      -    -    -       40.91056   24.66930  39.7%     - 45884s
 543320 385615      -    -    -       40.91056   24.66930  39.7%     - 45980s
 545147 387389      -    -    -       40.91056   24.66930  39.7%     - 46090s
 546943 389184      -    -    -       40.91056   24.66930  39.7%     - 46237s
 548858 390677      -    -    -       40.91056   24.66930  39.7%     - 46311s
 550534 392114      -    -    -       40.91056   24.66930  39.7%     - 46408s
 552023 393345      -    -    -       40.91056   24.66930  39.7%     - 46477s
 553428 394742      -    -    -       40.91056   24.66930  39.7%     - 46560s
 554903 396117      -    -    -       40.91056   24.66930  39.7%     - 46645s
 556426 397593      -    -    -       40.91056   24.66930  39.7%     - 46724s
 557979 398583      -    -    -       40.91056   24.66930  39.7%     - 46815s
 558990 400101      -    -    -       40.91056   24.66930  39.7%     - 46896s
 560550 401769      -    -    -       40.91056   24.66930  39.7%     - 46989s
 562226 403502      -    -    -       40.91056   24.66930  39.7%     - 47085s
 563968 405180      -    -    -       40.91056   24.66930  39.7%     - 47151s
 565677 406670      -    -    -       40.91056   24.66930  39.7%     - 47199s
 567346 408568      -    -    -       40.91056   24.66930  39.7%     - 47345s
 569317 410031      -    -    -       40.91056   24.66930  39.7%     - 47414s
 570833 410046      -    -    -       40.91056   24.66930  39.7%     - 47561s
 570850 411499      -    -    -       40.84237   24.66930  39.6%     - 47647s
 572402 412866      -    -    -       40.84237   24.66930  39.6%     - 47730s
 573985 414293      -    -    -       40.84237   24.66930  39.6%     - 47828s
 575464 415798      -    -    -       40.84237   24.66930  39.6%     - 47904s
 577001 417003      -    -    -       40.84237   24.66930  39.6%     - 47992s
 578368 418173      -    -    -       40.84237   24.66930  39.6%     - 48081s
 579643 419440      -    -    -       40.84237   24.66930  39.6%     - 48183s
 580998 420548      -    -    -       40.84237   24.66930  39.6%     - 48486s
 582244 421836      -    -    -       40.84237   24.66930  39.6%     - 48571s
 583634 423197      -    -    -       40.84237   24.66930  39.6%     - 48643s
 585039 424521      -    -    -       40.84237   24.66930  39.6%     - 48718s
 586432 425763      -    -    -       40.84237   24.66930  39.6%     - 48802s
 587781 427152      -    -    -       40.84237   24.66930  39.6%     - 48925s
 589335 428769      -    -    -       40.84237   24.66930  39.6%     - 49022s
 591036 430222      -    -    -       40.84237   24.66930  39.6%     - 49107s
 592583 431725      -    -    -       40.84237   24.66930  39.6%     - 49215s
 594270 433280      -    -    -       40.84237   24.66930  39.6%     - 49319s
 595869 434896      -    -    -       40.84237   24.66930  39.6%     - 49426s
 597539 436445      -    -    -       40.84237   24.66930  39.6%     - 49547s
 599212 438029      -    -    -       40.84237   24.66930  39.6%     - 49631s
 600983 439475      -    -    -       40.84237   24.66930  39.6%     - 49715s
 602715 440974      -    -    -       40.84237   24.66930  39.6%     - 49796s
 604304 442398      -    -    -       40.84237   24.66930  39.6%     - 49897s
 605820 444052      -    -    -       40.84237   24.66930  39.6%     - 49996s
 607490 445589      -    -    -       40.84237   24.66930  39.6%     - 50073s
 609128 445604      -    -    -       40.84211   24.66930  39.6%     - 51139s
 609144 447630      -    -    -       40.84211   24.66930  39.6%     - 51285s
 611272 449266      -    -    -       40.84211   24.66930  39.6%     - 51381s
 613017 450827      -    -    -       40.84211   24.66930  39.6%     - 51462s
 614589 452292      -    -    -       40.84211   24.66930  39.6%     - 51536s
 616105 453642      -    -    -       40.84211   24.66930  39.6%     - 51608s
 617573 454928      -    -    -       40.84211   24.66930  39.6%     - 51679s
 618979 456159      -    -    -       40.84211   24.66930  39.6%     - 51753s
 620239 457291      -    -    -       40.84211   24.66930  39.6%     - 51852s
 621575 458492      -    -    -       40.84211   24.66930  39.6%     - 51938s
 622826 459780      -    -    -       40.84211   24.66930  39.6%     - 52023s
 624150 461119      -    -    -       40.84211   24.66930  39.6%     - 52112s
 625538 462433      -    -    -       40.84211   24.66930  39.6%     - 52203s
 626924 463758      -    -    -       40.84211   24.66930  39.6%     - 52296s
 628327 465214      -    -    -       40.84211   24.66930  39.6%     - 52372s
 629796 466834      -    -    -       40.84211   24.66930  39.6%     - 52488s
 631506 468438      -    -    -       40.84211   24.66930  39.6%     - 52564s
 633146 469977      -    -    -       40.84211   24.66930  39.6%     - 52643s
 634689 471429      -    -    -       40.84211   24.66930  39.6%     - 52754s
 636161 472897      -    -    -       40.84211   24.66930  39.6%     - 52851s
 637651 473295      -    -    -       40.84211   24.66930  39.6%     - 52988s
 638049 474817      -    -    -       40.84211   24.66930  39.6%     - 53072s
 639571 476294      -    -    -       40.84211   24.66930  39.6%     - 53162s
 641109 477705      -    -    -       40.84211   24.66930  39.6%     - 53265s
 642591 479297      -    -    -       40.84211   24.66930  39.6%     - 53354s
 644187 480780      -    -    -       40.84211   24.66930  39.6%     - 53439s
 645673 482351      -    -    -       40.84211   24.66930  39.6%     - 53517s
 647247 483888      -    -    -       40.84211   24.66930  39.6%     - 53570s
 648790 485457      -    -    -       40.84211   24.66930  39.6%     - 53623s
 650359 487188      -    -    -       40.84211   24.66930  39.6%     - 53713s
 652104 488738      -    -    -       40.84211   24.66930  39.6%     - 53763s
 653706 490109      -    -    -       40.84211   24.66930  39.6%     - 53813s
 655107 491415      -    -    -       40.84211   24.66930  39.6%     - 53866s
 656425 492823      -    -    -       40.84211   24.66930  39.6%     - 53946s
 657904 494219      -    -    -       40.84211   24.66930  39.6%     - 54052s
 659321 495479      -    -    -       40.84211   24.66930  39.6%     - 54139s
 660654 496665      -    -    -       40.84211   24.66930  39.6%     - 54238s
 661959 497791      -    -    -       40.84211   24.66930  39.6%     - 54393s
 663256 499053      -    -    -       40.84211   24.66930  39.6%     - 54501s
 664703 500266      -    -    -       40.84211   24.66930  39.6%     - 54594s
 666109 501648      -    -    -       40.84211   24.66930  39.6%     - 54730s
 667599 502912      -    -    -       40.84211   24.66930  39.6%     - 54837s
 669065 503947      -    -    -       40.84211   24.66930  39.6%     - 54923s
 670453 505139      -    -    -       40.84211   24.66930  39.6%     - 55011s
 671743 506536      -    -    -       40.84211   24.66930  39.6%     - 55141s
 673198 508008      -    -    -       40.84211   24.66930  39.6%     - 55282s
 674795 509182      -    -    -       40.84211   24.66930  39.6%     - 55392s
 676060 510589      -    -    -       40.84211   24.66930  39.6%     - 55508s
 677591 510742      -    -    -       40.84211   24.66930  39.6%     - 55640s
 677744 512117      -    -    -       40.84211   24.66930  39.6%     - 55790s
 679316 513274      -    -    -       40.84211   24.66930  39.6%     - 55926s
 680772 514580      -    -    -       40.84211   24.66930  39.6%     - 56048s
 682347 516125      -    -    -       40.84211   24.66930  39.6%     - 56183s
 683942 517569      -    -    -       40.84211   24.66930  39.6%     - 56297s
 685524 519136      -    -    -       40.84211   24.66930  39.6%     - 56426s
 687217 520514      -    -    -       40.84211   24.66930  39.6%     - 56546s
 688758 521820      -    -    -       40.84211   24.66930  39.6%     - 56671s
 690260 523368      -    -    -       40.84211   24.66930  39.6%     - 56774s
 691923 524910      -    -    -       40.84211   24.66930  39.6%     - 56868s
 693541 526474      -    -    -       40.84211   24.66930  39.6%     - 56992s
 695180 527968      -    -    -       40.84211   24.66930  39.6%     - 57107s
 696754 529467      -    -    -       40.84211   24.66930  39.6%     - 57208s
 698341 530915      -    -    -       40.84211   24.66930  39.6%     - 57307s
 699895 532332      -    -    -       40.84211   24.66930  39.6%     - 57394s
 701414 533811      -    -    -       40.84211   24.66930  39.6%     - 57478s
 702984 535287      -    -    -       40.84211   24.66930  39.6%     - 57545s
 704538 536622      -    -    -       40.84211   24.66930  39.6%     - 57627s
 706041 538040      -    -    -       40.84211   24.66930  39.6%     - 57727s
 707550 539549      -    -    -       40.84211   24.66930  39.6%     - 57804s
 709060 540999      -    -    -       40.84211   24.66930  39.6%     - 57881s
 710524 542347      -    -    -       40.84211   24.66930  39.6%     - 57955s
 711965 543666      -    -    -       40.84211   24.66930  39.6%     - 58023s
 713364 545072      -    -    -       40.84211   24.66930  39.6%     - 58100s
 714792 546731      -    -    -       40.84211   24.66930  39.6%     - 58244s
 716451 548250      -    -    -       40.84211   24.66930  39.6%     - 58341s
 717970 549728      -    -    -       40.84211   24.66930  39.6%     - 58436s
 719464 551240      -    -    -       40.84211   24.66930  39.6%     - 58521s
 720976 552673      -    -    -       40.84211   24.66930  39.6%     - 58601s
 722445 554047      -    -    -       40.84211   24.66930  39.6%     - 58674s
 723837 555435      -    -    -       40.84211   24.66930  39.6%     - 58760s
 725225 556789      -    -    -       40.84211   24.66930  39.6%     - 58857s
 726588 558168      -    -    -       40.84211   24.66930  39.6%     - 58945s
 727993 559565      -    -    -       40.84211   24.66930  39.6%     - 59026s
 729408 560878      -    -    -       40.84211   24.66930  39.6%     - 59103s
 730733 562117      -    -    -       40.84211   24.66930  39.6%     - 59213s
 732042 563352      -    -    -       40.84211   24.66930  39.6%     - 59395s
 733372 564703      -    -    -       40.84211   24.66930  39.6%     - 59478s
 734813 565943      -    -    -       40.84211   24.66930  39.6%     - 59554s
 736184 567426      -    -    -       40.84211   24.66930  39.6%     - 59669s
 737777 568951      -    -    -       40.84211   24.66930  39.6%     - 59765s
 739335 569843      -    -    -       40.84211   24.66930  39.6%     - 60313s
 740227 559878      -    -    -       40.84211   24.66930  39.6%     - 60438s
 742113 559942      -    -    -       40.84211   24.66930  39.6%     - 60625s
 742177 560135      -    -    -       40.84211   24.66930  39.6%     - 60775s
 742370 561854      -    -    -       40.84202   24.66930  39.6%     - 61043s
 744123 563649      -    -    -       40.84202   24.66930  39.6%     - 61188s
 745982 565450      -    -    -       40.84202   24.66930  39.6%     - 61667s
 747809 567144      -    -    -       40.84202   24.66930  39.6%     - 61818s
 749503 568712      -    -    -       40.84202   24.66930  39.6%     - 61950s
 751155 570659      -    -    -       40.84202   24.66930  39.6%     - 62078s
 753107 572377      -    -    -       40.84202   24.66930  39.6%     - 62175s
 754870 574073      -    -    -       40.84202   24.66930  39.6%     - 62263s
 756642 575661      -    -    -       40.84202   24.66930  39.6%     - 62382s
 758278 577322      -    -    -       40.84202   24.66930  39.6%     - 62506s
 759968 578754      -    -    -       40.84202   24.66930  39.6%     - 62634s
 761564 580286      -    -    -       40.84202   24.66930  39.6%     - 62749s
 763186 581837      -    -    -       40.84202   24.66930  39.6%     - 62847s
 764819 583402      -    -    -       40.84202   24.66930  39.6%     - 62939s
 766475 584990      -    -    -       40.84202   24.66930  39.6%     - 63045s
 768083 586505      -    -    -       40.84202   24.66930  39.6%     - 63131s
 769612 587874      -    -    -       40.84202   24.66930  39.6%     - 63217s
 771041 589420      -    -    -       40.84202   24.66930  39.6%     - 63302s
 772669 590372      -    -    -       40.84202   24.66930  39.6%     - 63993s
 773793 591785      -    -    -       40.84202   24.66930  39.6%     - 64098s
 775407 593239      -    -    -       40.84202   24.66930  39.6%     - 64207s
 777027 594689      -    -    -       40.84202   24.66930  39.6%     - 64305s
 778565 596431      -    -    -       40.84202   24.66930  39.6%     - 64442s
 780401 597914      -    -    -       40.84202   24.66930  39.6%     - 64524s
 781948 599255      -    -    -       40.84202   24.66930  39.6%     - 64595s
 783328 600671      -    -    -       40.84202   24.66930  39.6%     - 64662s
 784791 602101      -    -    -       40.84202   24.66930  39.6%     - 64738s
 786223 603479      -    -    -       40.84202   24.66930  39.6%     - 64802s
 787642 604854      -    -    -       40.84202   24.66930  39.6%     - 64882s
 789075 606086      -    -    -       40.84202   24.66930  39.6%     - 64968s
 790413 607245      -    -    -       40.84202   24.66930  39.6%     - 65051s
 791709 608744      -    -    -       40.84202   24.66930  39.6%     - 65138s
 793284 610141      -    -    -       40.84202   24.66930  39.6%     - 65223s
 794748 611553      -    -    -       40.84202   24.66930  39.6%     - 65323s
 796193 612970      -    -    -       40.84202   24.66930  39.6%     - 65396s
 797628 614310      -    -    -       40.84202   24.66930  39.6%     - 65475s
 798990 616031      -    -    -       40.84202   24.66930  39.6%     - 65592s
 800735 617556      -    -    -       40.84202   24.66930  39.6%     - 65676s
 802274 619026      -    -    -       40.84202   24.66930  39.6%     - 65745s
 803746 620353      -    -    -       40.84202   24.66930  39.6%     - 65802s
 805191 621836      -    -    -       40.84202   24.66930  39.6%     - 65894s
 806692 623124      -    -    -       40.84202   24.66930  39.6%     - 66001s
 808038 623942      -    -    -       40.84202   24.66930  39.6%     - 66591s
 808872 620480      -    -    -       40.84202   24.66930  39.6%     - 66713s
 810493 620496      -    -    -       40.84202   24.66930  39.6%     - 67000s
 810509 621764      -    -    -       40.84202   24.66930  39.6%     - 67116s
 811853 621779      -    -    -       40.84202   24.66930  39.6%     - 67323s
 811870 623340      -    -    -       40.84202   24.66930  39.6%     - 67431s
 813528 623356      -    -    -       40.84202   24.66930  39.6%     - 67753s
 813544 624332      -    -    -       40.84202   24.66930  39.6%     - 68049s
 814560 625824      -    -    -       40.84202   24.66930  39.6%     - 68236s
 816206 627308      -    -    -       40.84202   24.66930  39.6%     - 68386s
 817889 628772      -    -    -       40.84202   24.66930  39.6%     - 68524s
 818779 628772      -    -    -       40.84202   24.66930  39.6%     - 68525s
 819475 630265      -    -    -       40.84202   24.66930  39.6%     - 68661s
 821100 631696      -    -    -       40.84202   24.66930  39.6%     - 68766s
 822578 633239      -    -    -       40.84202   24.66930  39.6%     - 68883s
 824148 634656      -    -    -       40.84202   24.66930  39.6%     - 69014s
 825676 635782      -    -    -       40.84202   24.66930  39.6%     - 69152s
 827004 637340      -    -    -       40.84202   24.66930  39.6%     - 69287s
 828656 638843      -    -    -       40.84202   24.66930  39.6%     - 69440s
 830308 640456      -    -    -       40.84202   24.66930  39.6%     - 69605s
 832082 641933      -    -    -       40.84202   24.66930  39.6%     - 69763s
 833722 643500      -    -    -       40.84202   24.66930  39.6%     - 70016s
 835361 644842      -    -    -       40.84202   24.66930  39.6%     - 70256s
 836795 646360      -    -    -       40.84202   24.66930  39.6%     - 70374s
 838333 647828      -    -    -       40.84202   24.66930  39.6%     - 70514s
 839857 649293      -    -    -       40.84202   24.66930  39.6%     - 70647s
 841344 650391      -    -    -       40.84202   24.66930  39.6%     - 70843s
 842484 652151      -    -    -       40.84202   24.66930  39.6%     - 70980s
 844483 653563      -    -    -       40.84202   24.66930  39.6%     - 71097s
 846111 655296      -    -    -       40.84202   24.66930  39.6%     - 71206s
 847973 656831      -    -    -       40.84202   24.66930  39.6%     - 71328s
 849636 658393      -    -    -       40.84202   24.66930  39.6%     - 71423s
 851274 660067      -    -    -       40.84202   24.66930  39.6%     - 71506s
 852977 661371      -    -    -       40.84202   24.66930  39.6%     - 71599s
 854312 663015      -    -    -       40.84202   24.66930  39.6%     - 71706s
 855965 664644      -    -    -       40.84202   24.66930  39.6%     - 71791s
 857604 666275      -    -    -       40.84202   24.66930  39.6%     - 71864s
 859269 666291      -    -    -       40.84202   24.66930  39.6%     - 72341s
 859285 653862      -    -    -       40.84202   24.66930  39.6%     - 72418s
 860545 653878      -    -    -       40.84202   24.66930  39.6%     - 72567s
 860561 654946      -    -    -       40.84202   24.66930  39.6%     - 72662s
 861719 656501      -    -    -       40.84202   24.66930  39.6%     - 72750s
 863299 658130      -    -    -       40.84202   24.66930  39.6%     - 72868s
 865017 659505      -    -    -       40.84202   24.66930  39.6%     - 72959s
 866465 659657      -    -    -       40.84202   24.66930  39.6%     - 73120s
 866617 661216      -    -    -       40.84202   24.66930  39.6%     - 73212s
 868204 662606      -    -    -       40.84202   24.66930  39.6%     - 73316s
 869635 664026      -    -    -       40.84202   24.66930  39.6%     - 73396s
 871129 665516      -    -    -       40.84202   24.66930  39.6%     - 73464s
 872658 666778      -    -    -       40.84202   24.66930  39.6%     - 73546s
 873941 668292      -    -    -       40.84202   24.66930  39.6%     - 73622s
 875503 669682      -    -    -       40.84202   24.66930  39.6%     - 73696s
 876944 671074      -    -    -       40.84202   24.66930  39.6%     - 73778s
 878386 672499      -    -    -       40.84202   24.66930  39.6%     - 73857s
 879827 673931      -    -    -       40.84202   24.66930  39.6%     - 73958s
 881264 675398      -    -    -       40.84202   24.66930  39.6%     - 74051s
 882747 676910      -    -    -       40.84202   24.66930  39.6%     - 74137s
 884269 678407      -    -    -       40.84202   24.66930  39.6%     - 74303s
 885814 680097      -    -    -       40.84202   24.66930  39.6%     - 74433s
 887558 681666      -    -    -       40.84202   24.66930  39.6%     - 74532s
 889163 683192      -    -    -       40.84202   24.66930  39.6%     - 74617s
 890724 684611      -    -    -       40.84202   24.66930  39.6%     - 74714s
 892208 686129      -    -    -       40.84202   24.66930  39.6%     - 74817s
 893855 687630      -    -    -       40.84202   24.66930  39.6%     - 74937s
 895481 688989      -    -    -       40.84202   24.66930  39.6%     - 75047s
 896950 690369      -    -    -       40.84202   24.66930  39.6%     - 75148s
 898451 691489      -    -    -       40.84202   24.66930  39.6%     - 75235s
 899829 692635      -    -    -       40.84202   24.66930  39.6%     - 75342s
 901132 693957      -    -    -       40.84202   24.66930  39.6%     - 75467s
 902587 695229      -    -    -       40.84202   24.66930  39.6%     - 75563s
 904022 696620      -    -    -       40.84202   24.66930  39.6%     - 75673s
 905527 698249      -    -    -       40.84202   24.66930  39.6%     - 75813s
 907222 699272      -    -    -       40.84202   24.66930  39.6%     - 75907s
 908359 700775      -    -    -       40.84202   24.66930  39.6%     - 76026s
 909955 702302      -    -    -       40.84202   24.66930  39.6%     - 76148s
 911530 703638      -    -    -       40.84202   24.66930  39.6%     - 76254s
 912934 705058      -    -    -       40.84202   24.66930  39.6%     - 76370s
 914428 706555      -    -    -       40.84202   24.66930  39.6%     - 76463s
 915976 708020      -    -    -       40.84202   24.66930  39.6%     - 76555s
 917539 709443      -    -    -       40.84202   24.66930  39.6%     - 76643s
 919075 710837      -    -    -       40.84202   24.66930  39.6%     - 76709s
 920539 712096      -    -    -       40.68373   24.66930  39.4%     - 76785s
 921903 713363      -    -    -       40.68373   24.66930  39.4%     - 76890s
 923308 714704      -    -    -       40.68373   24.66930  39.4%     - 76980s
 924751 715982      -    -    -       40.68373   24.66930  39.4%     - 77071s
 926129 715998      -    -    -       40.68373   24.66930  39.4%     - 77389s
 926135 708072      -    -    -       40.68373   24.66930  39.4%     - 77390s
 926145 707339      -    -    -       40.68373   24.66930  39.4%     - 77743s
 928273 707607      -    -    -       40.68373   24.66930  39.4%     - 77911s
 928630 709130      -    -    -       40.68373   24.66930  39.4%     - 78074s
 930527 710965      -    -    -       40.68373   24.66930  39.4%     - 78211s
 932630 712756      -    -    -       40.68373   24.66930  39.4%     - 78352s
 934632 714309      -    -    -       40.68373   24.66930  39.4%     - 78485s
 936404 716027      -    -    -       40.68373   24.66930  39.4%     - 78609s
 937018 716027      -    -    -       40.68373   24.66930  39.4%     - 78610s
 938252 717756      -    -    -       40.68373   24.66930  39.4%     - 78725s
 940155 719443      -    -    -       40.68373   24.66930  39.4%     - 78830s
 942057 721118      -    -    -       40.68373   24.66930  39.4%     - 78963s
 943872 722732      -    -    -       40.68373   24.66930  39.4%     - 79071s
 945666 724260      -    -    -       40.68373   24.66930  39.4%     - 79124s
 947391 725882      -    -    -       40.68373   24.66930  39.4%     - 79254s
 949164 727293      -    -    -       40.68373   24.66930  39.4%     - 79360s
 950742 728724      -    -    -       40.68373   24.66930  39.4%     - 79457s
 952273 730149      -    -    -       40.68373   24.66930  39.4%     - 79552s
 953813 731725      -    -    -       40.68373   24.66930  39.4%     - 79633s
 955423 733184      -    -    -       40.68373   24.66930  39.4%     - 79717s
 956958 734633      -    -    -       40.68373   24.66930  39.4%     - 79803s
 958463 736125      -    -    -       40.68373   24.66930  39.4%     - 79888s
 959974 737438      -    -    -       40.68373   24.66930  39.4%     - 79976s
 961321 738962      -    -    -       40.68373   24.66930  39.4%     - 80078s

Resetting heuristic parameters to focus on improving solution
(using Heuristics=0.5 and RINS=10)...

 962945 739166      -    -    -       40.68373   24.66930  39.4%     - 80212s
 963196 739204      -    -    -       40.68373   24.66930  39.4%     - 80723s
 963251 740198      -    -    -       40.68373   24.66930  39.4%     - 81487s
 965379 735857      -    -    -       40.68373   24.67167  39.4%     - 81901s
 965440 731694      -    -    -       40.67836   24.67167  39.3%     - 82154s
 966238 731694      -    -    -       40.67836   24.67167  39.3%     - 82155s
 967568 731713      -    -    -       40.67836   24.67167  39.3%     - 82376s
 967589 731809      -    -    -       40.67836   24.67167  39.3%     - 82627s
 967736 731736      -    -    -       40.67836   24.67167  39.3%     - 82922s
 967770 732576      -    -    -       40.66400   24.67167  39.3%     - 83408s
 968394 732576      -    -    -       40.66400   24.67167  39.3%     - 83410s
 969674 732482      -    -    -       40.30019   24.67167  38.8%     - 83593s
 969699 733618      -    -    -       40.30019   24.67167  38.8%     - 84394s
 971827 733614      -    -    -       40.30019   24.67167  38.8%     - 84845s
 971888 734173      -    -    -       40.29889   24.67167  38.8%     - 87061s
 971966 734173      -    -    -       40.29889   24.67167  38.8%     - 87068s

Instance 0 was solved

Explored 973204 nodes (173167563 simplex iterations) in 87283.10 seconds (108154.45 work units)
Thread count was 16 (of 96 available processors)

Solution count 10: 40.2989 40.2989 40.2989 ... 40.6837 

Time limit reached
Best objective 4.029889229511e+01, best bound 2.467166894224e+01, gap 38.7783%
