
Gurobi 9.5.1 (mac64[x86]) logging started Thu Jun  9 22:12:10 2022

Set parameter LogFile to value "/Users/keyvanmajd/Documents/GitHub/NNRepLayer_v2/demos/walking_example/dynamic_constraint/repair_net/logs/opt_log_6_9_2022_22_11_13.log"
Gurobi Optimizer version 9.5.1 build v9.5.1rc2 (mac64[x86])
Thread count: 4 physical cores, 8 logical processors, using up to 8 threads
Optimize a model with 40962 rows, 25207 columns and 115394 nonzeros
Model fingerprint: 0x3c7a3188
Model has 151 quadratic objective terms
Variable types: 10807 continuous, 14400 integer (14400 binary)
Coefficient statistics:
  Matrix range     [7e-04, 6e+01]
  Objective range  [2e-02, 3e+00]
  QObjective range [1e-01, 2e+00]
  Bounds range     [2e-01, 6e+01]
  RHS range        [2e-04, 6e+01]
Presolve removed 27119 rows and 12253 columns
Presolve time: 0.45s
Presolved: 13843 rows, 12954 columns, 65513 nonzeros
Presolved model has 151 quadratic objective terms
Variable types: 8991 continuous, 3963 integer (3963 binary)
Found heuristic solution: objective 75.3485700
Root relaxation presolve removed 3963 rows and 3963 columns
Root relaxation presolved: 9880 rows, 8991 columns, 57587 nonzeros
Root relaxation presolved model has 151 quadratic objective terms


Root simplex log...

Iteration    Objective       Primal Inf.    Dual Inf.      Time
   21062    4.0675508e+01   3.607873e+01   0.000000e+00      5s
   25705    4.0679053e+01   0.000000e+00   0.000000e+00      6s
   25708    4.0679052e+01   0.000000e+00   0.000000e+00      6s
Extra simplex iterations after uncrush: 3

Root relaxation: objective 4.067905e+01, 25708 iterations, 3.44 seconds (7.55 work units)

    Nodes    |    Current Node    |     Objective Bounds      |     Work
 Expl Unexpl |  Obj  Depth IntInf | Incumbent    BestBd   Gap | It/Node Time

     0     0   40.67907    0 1110   75.34857   40.67907  46.0%     -    7s
H    0     0                      75.3389762   40.67907  46.0%     -    7s
     0     0   40.68123    0 1319   75.33898   40.68123  46.0%     -    9s
     0     0   40.68123    0 1303   75.33898   40.68123  46.0%     -   10s
H    0     0                      75.3355901   40.68316  46.0%     -   14s
H    0     0                      75.1054701   40.68316  45.8%     -   14s
     0     0   40.68459    0 1351   75.10547   40.68459  45.8%     -   14s
     0     0   40.68459    0 1379   75.10547   40.68459  45.8%     -   15s
H    0     0                      74.8628627   40.68459  45.7%     -   19s
     0     0   40.68459    0 1469   74.86286   40.68459  45.7%     -   19s
     0     2   40.68459    0 1469   74.86286   40.68459  45.7%     -   42s
     1     4   40.68701    1 1467   74.86286   40.68459  45.7%  1350   46s
     3     8   40.69157    2 1460   74.86286   40.68530  45.7%  3431   51s
     7    12   40.71513    3 1621   74.86286   40.69096  45.6%  6353   82s
    11    16   40.71788    3 1910   74.86286   40.69096  45.6% 17821  198s
    15    20   40.72338    4 1633   74.86286   40.71513  45.6% 32092  202s
    19    24   40.72128    4 1650   74.86286   40.71788  45.6% 26190  247s
    23    28   40.72801    5 1633   74.86286   40.71788  45.6% 25051  269s
    27    34   40.72519    5 1673   74.86286   40.71788  45.6% 24298  284s
H   28    34                      74.7860983   40.71788  45.6% 23430  284s
    33    38   40.72791    6 1701   74.78610   40.71788  45.6% 21056  292s
    37    44   40.72979    6 1685   74.78610   40.71788  45.6% 19824  302s
    43    52   40.72820    7 1698   74.78610   40.71788  45.6% 17658  324s
    51    63   40.73253    8 1681   74.78610   40.71788  45.6% 15043  332s
    62    75   40.73633    9 1637   74.78610   40.71788  45.6% 13058  336s
    74    85   40.74303   10 1625   74.78610   40.71788  45.6% 11803  347s
    84    99   40.74429   11 1655   74.78610   40.71788  45.6% 10633  360s
    98   109   40.75377   12 1638   74.78610   40.71788  45.6%  9695  373s
H   99   109                      74.3447301   40.71788  45.2%  9597  373s
H  101   109                      70.0349573   40.71788  41.9%  9870  373s
   108   124   40.78641   13 1632   70.03496   40.71788  41.9%  9762  396s
   123   151   40.78894   14 1600   70.03496   40.71788  41.9%  9034  408s
   150   172   40.83553   18 1577   70.03496   40.71788  41.9%  8286  430s
H  151   172                      69.5383661   40.71788  41.4%  8231  430s
H  159   172                      69.3794740   40.71788  41.3%  7840  430s
   171   187   40.83694   18 1579   69.37947   40.71788  41.3%  7443  443s
   191   207   40.85739   19 1624   69.37947   40.71788  41.3%  7300  454s
H  195   207                      69.2885120   40.71788  41.2%  7369  454s
H  205   207                      68.7804052   40.71788  40.8%  7012  454s
   211   232   40.88503   20 1567   68.78041   40.71788  40.8%  7082  482s
H  236   235                      67.2089223   40.71788  39.4%  6630  495s
   241   274   40.90416   21 1602   67.20892   40.71788  39.4%  6562  512s
H  280   303                      60.3725987   40.71788  32.6%  6016  530s
H  293   303                      60.3281583   40.71788  32.5%  5988  530s
   309   336   40.95079   29 1574   60.32816   40.71788  32.5%  5821  542s
H  344   376                      59.7631134   40.71788  31.9%  5512  563s
H  347   376                      59.5606807   40.71788  31.6%  5587  563s
H  383   376                      58.8641550   40.71788  30.8%  5084  563s
   384   420   40.99139   32 1588   58.86416   40.71788  30.8%  5196  576s
H  434   449                      58.5358989   40.71788  30.4%  4862  598s
H  435   449                      58.3846581   40.71788  30.3%  4872  598s
H  462   449                      57.6411808   40.71788  29.4%  4608  598s
   463   501   41.05219   37 1578   57.64118   40.71788  29.4%  4695  609s
   518   543   41.05816   41 1560   57.64118   40.71788  29.4%  4360  630s
   564   586   41.06558   43 1565   57.64118   40.71788  29.4%  4274  643s
   619   660   41.06880   47 1627   57.64118   40.71788  29.4%  4023  676s
H  663   660                      51.6454370   40.71788  21.2%  3789  676s
   701   793   41.11734   74 1604   51.64544   40.71788  21.2%  3612  680s
   845   952   41.11801  105 1607   51.64544   40.71788  21.2%  3036  688s
  1014  1044   41.11981  140 1717   51.64544   40.71788  21.2%  2602  736s
H 1025  1044                      51.5482997   40.71788  21.0%  2582  736s
H 1128  1071                      51.4836870   40.71788  20.9%  2362  747s
H 1129  1071                      51.4760029   40.71788  20.9%  2374  747s
  1161  1150   41.12176  148 1681   51.47600   40.71788  20.9%  2344  758s
  1250  1248   41.15771  160 1712   51.47600   40.71788  20.9%  2258  769s
  1356  1312   41.14619  180 1740   51.47600   40.71788  20.9%  2164  783s
  1424  1339   41.16554  193 1821   51.47600   40.71788  20.9%  2160  866s
H 1442  1339                      51.4491115   40.71788  20.9%  2160  866s
H 1446  1339                      51.3579029   40.71788  20.7%  2161  866s
H 1451  1343                      51.3337591   40.71788  20.7%  2162  926s
H 1452  1343                      51.3101507   40.71788  20.6%  2162  926s
  1455  1396   41.43361  201 1878   51.31015   40.71788  20.6%  2162 1050s
H 1477  1396                      51.3061601   40.71788  20.6%  2138 1050s
  1508  1564   41.79561  215 1904   51.30616   40.71788  20.6%  2169 1070s
  1680  1781   41.93468  257 1922   51.30616   40.71788  20.6%  2043 1081s
  1917  2106   41.98765  316 1869   51.30616   40.71788  20.6%  1844 1091s
  2261  2532   41.99402  392 1798   51.30616   40.71788  20.6%  1598 1100s
  2717  2535   42.00493  474 1688   51.30616   40.71788  20.6%  1349 1157s
  2722  3029   42.00331  474 1686   51.30616   40.71788  20.6%  1347 1163s
  3270  3548   42.18527  575 1590   51.30616   40.71788  20.6%  1136 1171s
  3860  3967   42.31551  686 1502   51.30616   40.71788  20.6%   980 1178s
  4338  4298   42.80388  773 1437   51.30616   40.71788  20.6%   886 1185s
  4731  4635   42.91482  865 1380   51.30616   40.71788  20.6%   824 1192s
H 5113  4635                      51.3059006   40.71788  20.6%   774 1245s
  5116  4637   41.07649  128 1059   51.30590   40.71788  20.6%   773 1252s
H 5116  4405                      51.3059002   40.71788  20.6%   773 1254s
  5118  4407   41.12597  206 1444   51.30590   40.71788  20.6%   773 1257s
  5120  4408   41.99462  462 1422   51.30590   40.71788  20.6%   773 1260s
  5123  4410   42.51880  744 1808   51.30590   40.76389  20.5%   772 1284s
  5124  4411   41.98800  450 1933   51.30590   40.80786  20.5%   772 1295s
  5125  4411   41.11278   56 1959   51.30590   40.80786  20.5%   772 1300s
  5126  4412   41.91764  443 1958   51.30590   40.93469  20.2%   772 1306s
  5127  4413   41.96645  421 1969   51.30590   41.04609  20.0%   772 1318s
  5128  4413   41.99434  458 2082   51.30590   41.18354  19.7%   771 1331s
  5129  4414   42.51879  752 2118   51.30590   41.25368  19.6%   771 1335s
  5131  4415   41.28725   46 2051   51.30590   41.28725  19.5%   771 1346s
  5132  4416   42.97101  675 2085   51.30590   41.28725  19.5%   771 1351s
  5133  4417   41.75680  213 2255   51.30590   41.32562  19.5%   771 1366s
  5134  4417   43.05139  832 2227   51.30590   41.36103  19.4%   771 1374s
  5135  4418   41.96531  508 2178   51.30590   41.37073  19.4%   770 1386s
  5136  4419   41.69377  209 2256   51.30590   41.41348  19.3%   770 1409s
  5137  4419   42.01997  571 2181   51.30590   41.41348  19.3%   770 1414s
  5140  4423   41.41348   32 1469   51.30590   41.41348  19.3%   840 1415s
  5143  4425   41.41348   30 1636   51.30590   41.41348  19.3%   840 1424s
  5144  4426   41.73894  239 1743   51.30590   41.41348  19.3%   839 1456s
  5145  4426   42.64052  630 1780   51.30590   41.41348  19.3%   839 1462s
  5146  4427   43.17772  880 1812   51.30590   41.41348  19.3%   839 1466s
  5148  4428   41.64723  353 1878   51.30590   41.41348  19.3%   839 1470s
  5149  4429   41.99653  441 2287   51.30590   41.41348  19.3%   839 1488s
  5150  4430   41.95388  260 2270   51.30590   41.41348  19.3%   838 1490s
  5152  4431   41.97056  396 2222   51.30590   41.41348  19.3%   838 1495s
  5153  4432   42.45776  569 2139   51.30590   41.42059  19.3%   838 1511s
  5154  4432   41.97678  477 2140   51.30590   41.44480  19.2%   838 1519s
  5155  4433   41.46559  101 2095   51.30590   41.46559  19.2%   838 1535s
  5156  4434   41.90514  403 2114   51.30590   41.47875  19.2%   837 1564s
  5158  4435   41.47917  102 2114   51.30590   41.47917  19.2%   837 1574s
  5159  4439   41.48324   27 2106   51.30590   41.48324  19.1%   897 1660s
  5161  4442   41.51371   28 2058   51.30590   41.48428  19.1%   900 1782s
  5165  4445   41.53317   29 2123   51.30590   41.50797  19.1%   915 1824s
  5169  4445   41.54554   29 2103   51.30590   41.51426  19.1%   941 1878s
  5173  4448   41.53691   30 2142   51.30590   41.52847  19.1%   971 1893s
  5177  4451   41.69346   30 2223   51.30590   41.52847  19.1%   990 1949s
  5181  4453   41.55646   31 2142   51.30590   41.53211  19.1%  1027 1980s
  5185  4457   41.59285   31 2139   51.30590   41.53211  19.1%  1055 2024s
  5190  4462   41.57862   32 2142   51.30590   41.54451  19.0%  1086 2053s
  5197  4464   41.58685   33 2122   51.30590   41.54451  19.0%  1114 2110s
  5201  4469   41.57966   34 2173   51.30590   41.54554  19.0%  1142 2219s
  5207  4473   41.61607   35 2239   51.30590   41.54554  19.0%  1183 2366s
  5213  4478   41.61237   35 2213   51.30590   41.54554  19.0%  1241 2444s
H 5219  4253                      51.3048844   41.54554  19.0%  1278 2444s
  5220  4261   41.61624   36 2187   51.30488   41.54554  19.0%  1280 2475s
  5229  4266   41.63960   37 2203   51.30488   41.54554  19.0%  1305 2519s
  5237  4271   41.64805   39 2198   51.30488   41.54554  19.0%  1330 2618s
  5244  4276   41.64850   41 2192   51.30488   41.54554  19.0%  1390 2689s
H 5245  4066                      51.2821458   41.54554  19.0%  1389 2689s
  5252  4076   41.69055   44 2161   51.28215   41.54554  19.0%  1423 2747s
  5264  4084   41.72539   46 2148   51.28215   41.54554  19.0%  1443 2794s
  5276  4095   41.70595   49 2092   51.28215   41.54554  19.0%  1467 2838s
H 5284  3891                      51.2671066   41.54554  19.0%  1480 2838s
  5291  3911   41.78262   51 2156   51.26711   41.54554  19.0%  1496 2873s
  5313  3920   41.75899   55 2167   51.26711   41.54554  19.0%  1520 2910s
H 5321  3728                      51.1726136   41.54554  18.8%  1522 2910s
  5330  3747   41.78864   57 2147   51.17261   41.54554  18.8%  1543 2943s
  5352  3764   41.78145   62 2128   51.17261   41.54554  18.8%  1563 2976s
H 5364  3579                      51.1641111   41.54554  18.8%  1563 2976s
H 5374  3404                      51.1566997   41.54554  18.8%  1566 2976s
  5377  3424   41.79504   67 2142   51.15670   41.54554  18.8%  1574 3009s
  5398  3443   41.80391   72 2137   51.15670   41.54554  18.8%  1596 3047s
H 5400  3279                      51.0033526   41.54554  18.5%  1595 3047s
  5426  3299   41.81916   78 2088   51.00335   41.54554  18.5%  1609 3089s
H 5454  3143                      51.0022834   41.54554  18.5%  1642 3126s
H 5458  2994                      50.9452566   41.54554  18.5%  1649 3126s
  5463  3040   41.82968   86 2115   50.94526   41.54554  18.5%  1654 3200s
  5511  3062   41.84710   94 2105   50.94526   41.54554  18.5%  1684 3247s
H 5532  2915                      50.8363298   41.54554  18.3%  1688 3247s
H 5546  2779                      50.8134856   41.54554  18.2%  1700 3247s
  5549  2808   41.87222   96 2109   50.81349   41.54554  18.2%  1711 3294s
H 5581  2723                      50.8134350   41.54554  18.2%  1742 3347s
H 5603  2596                      50.8103670   41.54554  18.2%  1737 3347s
H 5617  2477                      50.6688317   41.54554  18.0%  1742 3347s
H 5639  2362                      49.8818384   41.54554  16.7%  1744 3347s
  5640  2430   41.91356  117 2060   49.88184   41.54554  16.7%  1747 3397s
  5712  2445   41.97314  129 2061   49.88184   41.54554  16.7%  1762 3447s
H 5744  2332                      49.8038879   41.54554  16.6%  1772 3447s
  5751  2384   41.98749  138 2044   49.80389   41.54554  16.6%  1782 3518s
H 5771  2280                      49.8003806   41.54554  16.6%  1782 3518s
H 5807  2226                      49.8003787   41.54554  16.6%  1815 3570s
H 5813  2135                      49.7999819   41.54554  16.6%  1820 3570s
H 5830  2046                      49.7996782   41.54554  16.6%  1824 3570s
H 5849  1960                      49.7969609   41.54554  16.6%  1827 3570s
  5857  2008   42.03737  156 2024   49.79696   41.54554  16.6%  1832 4104s
H 5875  1926                      49.7966745   41.54554  16.6%  1833 4104s
H 5908  1847                      49.7878884   41.54554  16.6%  2049 4354s
  5912  1869   42.23604  169 2058   49.78789   41.54554  16.6%  2093 4445s
  5939  1900   42.24734  175 2052   49.78789   41.54554  16.6%  2161 4514s
H 5970  1821                      49.7870677   41.54554  16.6%  2167 4514s
  5984  1891   42.27137  190 2016   49.78707   41.54554  16.6%  2192 4578s
  6067  1943   42.34310  208 2006   49.78707   41.54554  16.6%  2211 4672s
H 6119  1861                      49.7870674   41.54554  16.6%  2212 4672s
  6148  1916   42.42670  231 1988   49.78707   41.54554  16.6%  2236 4860s
  6213  1898   42.42220  234 1977   49.78707   41.54554  16.6%  2246 5360s
H 6215  1837                      49.7820679   41.54554  16.5%  2246 5360s
  6217  1866   42.43500  234 1968   49.78207   41.54554  16.5%  2247 5374s
H 6218  1807                      49.7707380   41.54554  16.5%  2247 5374s

Cutting planes:
  Gomory: 58
  Cover: 46
  Implied bound: 205
  Projected implied bound: 12
  Clique: 96
  MIR: 3529
  StrongCG: 13
  Flow cover: 3344
  Zero half: 2
  Relax-and-lift: 403
  PSD: 1

Explored 6251 nodes (14034693 simplex iterations) in 5374.05 seconds (9398.70 work units)
Thread count was 8 (of 8 available processors)

Solution count 10: 49.7707 49.7821 49.7871 ... 49.8004

Solve interrupted
Best objective 4.977073796932e+01, best bound 4.154553999627e+01, gap 16.5262%
