
Gurobi 9.5.1 (linux64) logging started Fri 15 Jul 2022 10:15:56 AM MST

Set parameter LogFile to value "/home/local/ASUAD/kmajd1/NNRepLayer_v2/demos/walking_example/dynamic_constraint/repair_net/logs/opt_log_7_15_2022_10_14_54.log"
Gurobi Optimizer version 9.5.1 build v9.5.1rc2 (linux64)
Thread count: 48 physical cores, 96 logical processors, using up to 40 threads
Optimize a model with 55914 rows, 38094 columns and 1536618 nonzeros
Model fingerprint: 0xfc9f01b3
Model has 270 quadratic objective terms
Variable types: 20814 continuous, 17280 integer (17280 binary)
Coefficient statistics:
  Matrix range     [3e-04, 8e+02]
  Objective range  [5e-04, 1e+00]
  QObjective range [7e-02, 7e-02]
  Bounds range     [4e-01, 3e+03]
  RHS range        [1e-05, 8e+02]
Presolve removed 540 rows and 0 columns
Presolve time: 3.37s
Presolved: 55374 rows, 38094 columns, 1536078 nonzeros
Presolved model has 270 quadratic objective terms
Variable types: 20814 continuous, 17280 integer (17280 binary)
Root relaxation presolve removed 17280 rows and 17280 columns
Root relaxation presolved: 38094 rows, 20814 columns, 1484238 nonzeros
Root relaxation presolved model has 270 quadratic objective terms


Root simplex log...

Iteration    Objective       Primal Inf.    Dual Inf.      Time
       0    3.4507098e+01   0.000000e+00   0.000000e+00      6s
   35441    3.4507098e+01   5.592391e+01   0.000000e+00     10s
   38315    3.4507098e+01   0.000000e+00   0.000000e+00     11s
   38315    3.4507098e+01   0.000000e+00   0.000000e+00     11s

Root relaxation: objective 3.450710e+01, 38315 iterations, 6.60 seconds (38.71 work units)

    Nodes    |    Current Node    |     Objective Bounds      |     Work
 Expl Unexpl |  Obj  Depth IntInf | Incumbent    BestBd   Gap | It/Node Time

     0     0   34.50710    0 4953          -   34.50710      -     -   12s
     0     0   34.50710    0 4711          -   34.50710      -     -   23s
     0     0   34.50710    0 4623          -   34.50710      -     -   31s
     0     0   34.50710    0 4642          -   34.50710      -     -   41s
     0     0   34.50710    0 4649          -   34.50710      -     -   53s
     0     0   34.50710    0 4516          -   34.50710      -     -   62s
     0     0   34.50710    0 4598          -   34.50710      -     -   76s
     0     0   34.50710    0 4518          -   34.50710      -     -   93s
     0     0   34.50710    0 4518          -   34.50710      -     -   96s
     0     2   34.50710    0 4518          -   34.50710      -     -  251s
     3     8   34.50710    2 4636          -   34.50710      - 21132  282s
     7    16   34.50710    3 4421          -   34.50710      - 55523  332s
    15    32   34.53686    4 4461          -   34.50710      - 96584  872s
    31    64   34.57450    5 3980          -   34.50710      - 123947 1110s
    63   104   34.77110    6 3686          -   34.50710      - 148232 1260s
   103   144   34.77110    7 3575          -   34.50710      - 147608 1415s
   143   184   34.77110    8 3586          -   34.50710      - 145499 1515s
   183   224   34.77110    9 3585          -   34.50710      - 126913 1609s
   223   291   34.77110    9 3596          -   34.50710      - 115205 1706s
   290   366   34.77110   10 3595          -   34.50710      - 96513 1793s
   365   442   34.77110   11 3603          -   34.50710      - 82655 1862s
   441   548   34.77110   12 3600          -   34.50710      - 71221 1942s
   547   655   34.77110   13 3599          -   34.50710      - 59707 2018s
   654   783   34.77835   15 3651          -   34.50710      - 52106 2115s
   782   925   34.77110   16 3626          -   34.50710      - 46353 2198s
   924  1095   34.77110   18 3613          -   34.50710      - 41187 2280s
  1094  1287   34.77110   19 3607          -   34.50710      - 35927 2370s
  1286  1528   34.77110   20 3606          -   34.50710      - 32072 2449s
  1527  1809   34.77110   25 3611          -   34.50710      - 27988 2530s
  1808  2136   34.77110   30 3605          -   34.50710      - 24312 2617s
  2135  2508   34.77110   33 3611          -   34.50710      - 21476 2698s
  2507  2902   34.77110   36 3609          -   34.50710      - 18897 2794s
  2901  3491   34.77110   40 3610          -   34.50710      - 17008 2891s
  3490  4091   34.77110   42 3632          -   34.50710      - 14781 2992s
  4090  4748   34.77110   51 3618          -   34.50710      - 13289 3093s
  4747  5518   34.77110   52 3610          -   34.50710      - 12033 3191s
  5517  6423   34.77110   61 3610          -   34.50710      - 10816 3302s
  6422  7400   34.77110   66 3631          -   34.50710      -  9745 3417s
  7399  8509   34.77110   79 3608          -   34.50710      -  8912 3515s
  8508  9857   34.77110   80 3615          -   34.50710      -  8086 3624s
  9856 11205   34.77110   80 3608          -   34.50710      -  7253 3748s
 11208 12880   34.77413   90 3619          -   34.50710      -  6644 3855s
 12883 14505   35.92164  123 3614          -   34.50710      -  5995 4024s
 12960 14505   39.18068  320 3931          -   34.50710      -  5965 4025s
 14510 15911   37.29119  183 4161          -   34.50710      -  5536 4149s
 15926 16618   49.38290  191 4183          -   34.50710      -  5229 4354s
 16650 16619   34.78483   30 4518          -   34.50710      -  5150 4474s
 16652 16620   34.78483   47 4953          -   34.50710      -  5149 4491s
 16653 16621   35.58324  122 4773          -   34.50710      -  5149 4500s
 16654 16622   34.78516   78 4698          -   34.50710      -  5148 4513s
 16655 16622   37.37063  214 4740          -   34.50710      -  5148 4523s
 16656 16623   37.64728  237 4679          -   34.50710      -  5148 4580s
 16657 16624   38.77933  287 4677          -   34.50710      -  5147 4604s
 16658 16624   36.25853  110 4701          -   34.50710      -  5147 4751s
 16659 16625   34.75008  167 4646          -   34.50710      -  5147 4795s
 16660 16626   37.49661  188 4588          -   34.50710      -  5146 4903s
 16661 16626   48.91806  418 4430          -   34.50710      -  5146 4923s
 16662 16627   37.91134  322 4524          -   34.50710      -  5146 5041s
 16663 16628   36.67478   38 4547          -   34.50710      -  5146 5081s
 16665 16629   36.39149  240 4547          -   34.50710      -  5145 5518s
 16666 16633   34.50710   10 4539          -   34.50710      -  5194 6614s
 16668 16636   34.84343   11 4494          -   34.50710      -  5197 6644s
 16672 16643   35.32486   12 4493          -   34.50710      -  5219 6677s
 16680 16656   36.64348   13 4417          -   34.50710      -  5283 6762s
 16696 16683   36.76864   14 4382          -   34.50710      -  5432 7323s
 16728 16712   36.76864   15 3885          -   34.50710      -  5716 7492s
 16768 16739   36.78338   16 3769          -   34.50710      -  6122 7659s
 16808 16765   36.76864   16 3762          -   34.50710      -  6513 7857s
 16848 16792   36.76864   17 3778          -   34.50710      -  6808 7983s
 16888 16839   37.02809   17 3805          -   34.50710      -  7065 8091s
 16948 16886   36.82607   18 3808          -   34.50710      -  7260 8190s
 17015 16934   36.76864   18 3777          -   34.50710      -  7391 8279s
 17086 17002   38.46838   19 3925          -   34.50710      -  7500 8381s
 17177 17070   36.76864   20 3751          -   34.50710      -  7641 8478s
 17276 17160   37.45821   20 3811          -   34.50710      -  7775 8575s
 17399 17239   36.80816   21 3752          -   34.50710      -  7877 8678s
 17519 17342   37.43920   22 3913          -   34.50710      -  7998 8790s
 17662 17439   36.76864   23 3769          -   34.50710      -  8109 8891s
 17806 17449   36.76864   24 3767          -   34.50710      -  8215 11285s
 17864 17603   36.76864   25 3766          -   34.50710      -  8271 11394s
 18038 17733   36.76864   26 3766          -   34.50710      -  8362 11503s
 18226 17878   36.76864   29 3771          -   34.50710      -  8455 11628s
 18433 18051   37.06389   32 3779          -   34.50710      -  8564 11740s
 18675 18256   37.28308   33 3827          -   34.50710      -  8625 11844s
 18961 18449   36.95249   35 3775          -   34.50710      -  8659 11950s
 19249 18664   36.81457   41 3778          -   34.50710      -  8719 12061s
 19560 18921   37.59161   45 3793          -   34.50710      -  8756 12179s
 19925 19235   36.76864   47 3775          -   34.50710      -  8767 12290s
 20361 19574   36.76864   49 3774          -   34.50710      -  8760 12405s
 20845 19865   37.26503   49 3810          -   34.50710      -  8709 12527s
 21297 20180   36.81083   50 3768          -   34.50710      -  8695 12664s
 21763 20579   40.18304   53 4115          -   34.50710      -  8708 12790s
 22317 20955   37.23356   54 3837          -   34.50710      -  8673 12915s
 22878 21417   36.76864   54 3775          -   34.50710      -  8642 13034s
 23527 21826   36.76864   55 3782          -   34.50710      -  8566 13174s
 24152 22252   37.21650   55 3888          -   34.50710      -  8531 13307s
 24789 22760   37.14486   56 3806          -   34.50710      -  8495 13468s
 25509 23201   36.76864   56 3784          -   34.50710      -  8439 13628s
 26194 23790   36.76864   57 3789          -   34.50710      -  8411 13772s
 27011 24348   37.08230   57 3881          -   34.50710      -  8332 13910s
 27848 25088   36.76864   58 3788          -   34.50710      -  8243 14092s
 28869 25785   36.76864   59 3785          -   34.50710      -  8111 14255s
 29906 26655   36.86384   65 3784          -   34.50710      -  8000 14415s
 31138 27395   36.86384   99 3747          -   34.50710      -  7833 14592s
 32296 28306   36.86384  100 3752          -   34.50710      -  7720 14761s
 33633 29492   36.88285  101 3769          -   34.50710      -  7565 15150s
 35297 30699   36.93589  102 3774          -   34.50710      -  7450 15299s
 37073 32029   37.18201  106 3733          -   34.50710      -  7221 15444s
 39033 33311   36.88285  107 3749          -   34.50710      -  6965 15608s
 40978 34413   36.92449  109 3759          -   34.50710      -  6740 15766s
 42744 35763   36.92449  110 3756          -   34.50710      -  6567 15925s
 44713 37352   36.92449  111 3761          -   34.50710      -  6376 16073s
 46970 38865   37.96291  117 3881          -   34.50710      -  6159 16225s
 49258 40056   36.95314  121 3772          -   34.50710      -  5957 16404s
 51233 41432   37.95740  135 3801          -   34.50710      -  5813 16552s
 53344 42322   38.04414  136 3804          -   34.50710      -  5657 16711s
 55103 43298   36.95314  137 3765          -   34.50710      -  5556 16891s
 56892 44425   36.95314  138 3769          -   34.50710      -  5464 17103s
 58841 45074   37.71048  140 3791          -   34.50710      -  5365 17276s
 60408 46036   37.82843  152 3806          -   34.50710      -  5306 17455s
 62064 47188   38.97132  154 3833          -   34.50710      -  5244 17648s
 63952 48399   38.87507  156 3804          -   34.50710      -  5168 17857s
 65936 50006   37.82843  156 3796          -   34.50710      -  5091 18242s
 68519 52016   37.82843  158 3802          -   34.50710      -  5070 18576s
 71040 54590   37.87578  159 3836          -   34.50710      -  5042 18905s
 73850 57237   37.87578  160 3840          -   34.50710      -  4988 19263s
 76717 60151   37.87578  161 3849          -   34.50710      -  4938 19624s
 80011 62914   37.87578  163 3830          -   34.50710      -  4867 19974s
 82964 65551   37.87578  164 3822          -   34.50710      -  4822 20331s
 85679 69275   37.87578  168 3821          -   34.50710      -  4799 20707s
 89657 73180   38.11860  180 3877          -   34.50710      -  4710 21071s
 93796 76614   38.16975  184 3845          -   34.50710      -  4613 21439s
 97450 79704   38.44900  189 3889          -   34.50710      -  4542 21894s
 99585 79704  116.58730  651 4636          -   34.50710      -  4476 21895s
 100714 82832   38.44900  194 3844          -   34.50710      -  4495 22504s
 103994 87778   39.09037  210 3907          -   34.50710      -  4504 23038s
 109136 93408   40.31069  219 4170          -   34.50710      -  4433 23504s
 114964 98267   47.38895  227 4190          -   34.50710      -  4319 24006s
 120093 102924   61.26395  313 4388          -   34.50710      -  4227 24469s
 125134 107051   65.39293  440 4300          -   34.50710      -  4140 24984s
 129609 111539   66.30424  607 4201          -   34.50710      -  4071 25493s
 134249 116173   65.59173  775 4111          -   34.50710      -  3998 26074s
 139247 120183   67.97242  942 4006          -   34.50710      -  3948 26534s
 143499 124371   65.60666 1105 3801          -   34.50710      -  3908 27163s
 147877 128341   66.13493 1197 3757          -   34.50710      -  3864 27581s
 152161 132046   66.22475 1232 3724          -   34.50710      -  3820 28431s
 156100 135984   65.88670 1330 3644          -   34.50710      -  3792 28932s
 160232 140279   65.88670 1417 3581          -   34.50710      -  3762 29681s
 164701 144242   67.14201 1529 3619          -   34.50710      -  3727 30169s
 168862 148603   67.09008 1585 3549          -   34.50710      -  3694 30764s
 173557 152827   67.09008 1676 3434          -   34.50710      -  3668 31850s
 178053 157198   67.09008 1722 3400          -   34.50710      -  3643 32336s
 182676 161897   67.11104 1788 3357          -   34.50710      -  3613 33211s
 187609 166272   67.11104 1878 3288          -   34.50710      -  3579 33665s
 192302 169798   67.12176 1969 3207          -   34.50710      -  3543 34220s
 195954 173307   68.25395 2062 3221          -   34.50710      -  3529 34760s
 199607 176590  110.14360 2153 3353          -   34.50710      -  3514 35229s
 203156 179416 infeasible 2229               -   34.50710      -  3504 35848s
 206306 183292  172.98040 2234 3422          -   34.50710      -  3508 36723s
 210576 186769  177.56715 2251 3471          -   34.50710      -  3508 37763s
 214523 189551 infeasible 2252               -   34.50710      -  3518 38692s
 217795 192319   35.48574   20 3726          -   34.50710      -  3539 39758s
 220975 196424   34.93114   27 3706          -   34.50710      -  3567 40599s
 225378 201152   35.41783   30 3796          -   34.50710      -  3573 41399s
 230490 205682   36.84120   37 3963          -   34.50710      -  3560 42177s
 235608 208671   37.30341   40 3782          -   34.50710      -  3548 43200s

Cutting planes:
  Gomory: 956
  Cover: 192
  Implied bound: 17
  Projected implied bound: 3568
  MIR: 23852
  Flow cover: 4137
  Zero half: 1
  RLT: 271
  Relax-and-lift: 71

Explored 238961 nodes (848003332 simplex iterations) in 43200.91 seconds (126049.72 work units)
Thread count was 40 (of 96 available processors)

Solution count 0

Time limit reached
Best objective -, best bound 3.450709786850e+01, gap -
