
Gurobi 9.5.1 (mac64[x86]) logging started Wed Jun  8 00:37:42 2022

Set parameter LogFile to value "/Users/keyvanmajd/Documents/GitHub/NNRepLayer_v2/demos/examples/tc7_walking_example/repair_inp_out_constraint/repair_net/logs/opt_log_6_8_2022_0_37_17.log"
Gurobi Optimizer version 9.5.1 build v9.5.1rc2 (mac64[x86])
Thread count: 4 physical cores, 8 logical processors, using up to 8 threads
Optimize a model with 6179 rows, 3682 columns and 16623 nonzeros
Model fingerprint: 0x787e8b11
Model has 170 quadratic objective terms
Variable types: 1654 continuous, 2028 integer (2028 binary)
Coefficient statistics:
  Matrix range     [5e-03, 2e+02]
  Objective range  [1e-02, 2e+00]
  QObjective range [1e-01, 2e+00]
  Bounds range     [1e+00, 2e+02]
  RHS range        [5e-04, 2e+02]
Presolve removed 3742 rows and 1364 columns
Presolve time: 0.06s
Presolved: 2437 rows, 2318 columns, 10841 nonzeros
Presolved model has 170 quadratic objective terms
Variable types: 1642 continuous, 676 integer (676 binary)
Found heuristic solution: objective 48.7877699
Root relaxation presolve removed 676 rows and 676 columns
Root relaxation presolved: 1761 rows, 1642 columns, 9489 nonzeros
Root relaxation presolved model has 170 quadratic objective terms


Root relaxation: objective 2.365235e+01, 2174 iterations, 0.07 seconds (0.07 work units)

    Nodes    |    Current Node    |     Objective Bounds      |     Work
 Expl Unexpl |  Obj  Depth IntInf | Incumbent    BestBd   Gap | It/Node Time

     0     0   23.65235    0  422   48.78777   23.65235  51.5%     -    0s
     0     0   23.65238    0  439   48.78777   23.65238  51.5%     -    0s
     0     0   23.65248    0  437   48.78777   23.65248  51.5%     -    0s
     0     0   23.65272    0  420   48.78777   23.65272  51.5%     -    0s
     0     0   23.65272    0  421   48.78777   23.65272  51.5%     -    0s
     0     0   23.65418    0  402   48.78777   23.65418  51.5%     -    1s
     0     0   23.65418    0  402   48.78777   23.65418  51.5%     -    1s
     0     0   23.69608    0  340   48.78777   23.69608  51.4%     -    1s
     0     0   23.69608    0  374   48.78777   23.69608  51.4%     -    1s
     0     0   23.69724    0  393   48.78777   23.69724  51.4%     -    1s
     0     0   23.69724    0  395   48.78777   23.69724  51.4%     -    1s
     0     0   23.69724    0  397   48.78777   23.69724  51.4%     -    1s
     0     0   23.69724    0  398   48.78777   23.69724  51.4%     -    1s
     0     0   23.69724    0  394   48.78777   23.69724  51.4%     -    1s
     0     2   23.69724    0  394   48.78777   23.69724  51.4%     -    2s
H  406   422                      48.7853942   23.71467  51.4%  86.8    3s
H  417   422                      48.5906243   23.71467  51.2%  88.8    3s
H  443   471                      48.4409932   23.71467  51.0%  91.9    4s
H  472   475                      48.3631683   23.71467  51.0%  98.7    4s
H  473   475                      48.3614564   23.71467  51.0%   100    4s
H  474   475                      48.2429718   23.71467  50.8%   100    4s
   480   583   23.83536   58  389   48.24297   23.71467  50.8%   101    5s
H 1015  1036                      48.1478663   23.71467  50.7%   110    7s
H 1018  1036                      48.0337261   23.71467  50.6%   110    7s
  1760  1871   27.61801  318  162   48.03373   23.71467  50.6%   103   10s
  2716  2698   39.63440  493   48   48.03373   23.71467  50.6%  91.9   15s
H 2789  2819                      48.0286627   23.71467  50.6%  90.7   17s
H 2818  2819                      47.8966390   23.71467  50.5%  90.1   17s
H 2859  2815                      45.9543352   23.71467  48.4%  89.4   17s
H 2958  2796                      40.1266287   23.71467  40.9%  87.9   18s
H 3128  2787                      39.6070473   23.71467  40.1%  89.4   19s
H 3129  2787                      39.6069378   23.71467  40.1%  89.4   19s
  3298  2844   24.52882  224  394   39.60694   23.71467  40.1%  96.3   21s
  3308  2854   23.71467   12  483   39.60694   23.71467  40.1%  97.8   25s
H 3339  2736                      39.6069377   23.71467  40.1%   100   26s
H 3341  2600                      39.5982283   23.71467  40.1%   100   26s
H 3345  2470                      39.5579238   23.71467  40.1%   100   26s
H 3410  2399                      39.5031545   23.71467  40.0%   102   27s
H 3412  2282                      39.4927643   23.71467  40.0%   102   27s
H 3418  2170                      39.4728891   23.71467  39.9%   102   27s
H 3448  2095                      39.4228455   23.71467  39.8%   102   28s
H 3454  1993                      39.4086404   23.71467  39.8%   102   28s
H 3458  1898                      39.3516817   23.71467  39.7%   102   28s
  3674  2069   23.80465   34  461   39.35168   23.71467  39.7%   106   30s
  4113  2398   24.61291   70  407   39.35168   23.71467  39.7%   117   36s
H 4185  2284                      37.9237912   23.71467  37.5%   118   36s
H 4703  2549                      37.9006571   23.71467  37.4%   121   41s
H 4718  2463                      37.8935136   23.71467  37.4%   121   41s
  5332  2919   26.78090  115  376   37.89351   23.71467  37.4%   120   47s
H 5394  2817                      37.3270844   23.71467  36.5%   121   47s
  5946  3274   28.72350  147  322   37.32708   23.71467  36.5%   120   50s
H 6491  3389                      37.3270844   23.71467  36.5%   122   58s
H 6492  3318                      37.3270844   23.71467  36.5%   122   58s
H 6497  3251                      37.3270842   23.71467  36.5%   122   58s
H 6498  3157                      37.0927330   23.71467  36.1%   122   58s
H 6604  3133                      36.9036441   23.71467  35.7%   123   72s
H 6606  3051                      36.3437131   23.71467  34.7%   123   72s
H 6613  3058                      36.3283649   23.71467  34.7%   123   76s
H 6615  3058                      36.2801933   23.71467  34.6%   123   76s
  7170  3693   33.27048  208  257   36.28019   23.71467  34.6%   121   80s
H 8756  4953                      36.2311316   23.71467  34.5%   116   84s
H 8765  4953                      36.2306142   23.71467  34.5%   116   84s
  8982  5186   33.27275   47  480   36.23061   23.71467  34.5%   116   86s
  9764  6014   24.28968   37  398   36.23061   23.71467  34.5%   115   90s
 10801  6814   34.99585  150  301   36.23061   23.71467  34.5%   116   95s
 12173  7879   32.71488   39  425   36.23061   23.71467  34.5%   122  100s
 13454  9042   36.05671  133  337   36.23061   23.71467  34.5%   125  106s
 14514 10282   25.14491   78  306   36.23061   23.71467  34.5%   127  112s
 15446 10695   27.02428  114  269   36.23061   23.71467  34.5%   127  115s
 16427 11792   30.14438  178  217   36.23061   23.71467  34.5%   130  121s
H17218 11877                      36.2306140   23.71467  34.5%   130  127s
H17220 11877                      36.2306140   23.71467  34.5%   130  127s
H17222 11848                      36.1932436   23.71467  34.5%   130  127s
 17332 12697   32.13272  223  190   36.19324   23.71467  34.5%   130  131s
 18377 12696   32.86853  272  143   36.19324   23.71467  34.5%   129  137s
H18383 12434                      35.9168057   23.71467  34.0%   129  137s
 18388 13022   32.86888  272  144   35.91681   23.71467  34.0%   129  140s
H20067 13785                      35.9168056   23.71467  34.0%   129  161s
H20068 13585                      35.7416906   23.71467  33.6%   129  161s
H20074 13559                      35.7263867   23.71467  33.6%   129  161s
 20075 14161   34.82629  357   83   35.72639   23.71467  33.6%   129  165s
 21450 15557   24.23863   71  350   35.72639   23.71467  33.6%   130  172s
 22314 16492   26.10664  121  276   35.72639   23.71467  33.6%   130  176s
 23377 17188   30.38584  180  219   35.72639   23.71467  33.6%   129  180s
 25127 18391   28.11016  137  329   35.72639   23.71467  33.6%   129  190s
H25144 18391                      35.7263864   23.71467  33.6%   129  190s
H25273 18389                      35.7253298   23.71467  33.6%   129  190s
H25486 18366                      35.7034280   23.71467  33.6%   128  190s
 25517 19300   31.78482  154  313   35.70343   23.71467  33.6%   129  195s
 26628 20258   24.01350   61  420   35.70343   23.71467  33.6%   128  200s
 27678 21363   27.42410  121  342   35.70343   23.71467  33.6%   129  205s
 28899 22202   29.62897  153  313   35.70343   23.71467  33.6%   128  210s
 29909 23663   32.10958  174  279   35.70343   23.71467  33.6%   126  217s
 31564 24411     cutoff  239        35.70343   23.71467  33.6%   124  222s
 32521 25460   23.73196   51  399   35.70343   23.71467  33.6%   125  226s
 33741 26434   35.12460  185  248   35.70343   23.71467  33.6%   124  230s
 34924 26827   30.63900  163  282   35.70343   23.71467  33.6%   123  235s
H35303 26798                      35.6919568   23.71467  33.6%   123  235s
 35409 26930   30.70979  164  281   35.69196   23.71467  33.6%   123  242s
H35410 26930                      35.6919565   23.71467  33.6%   123  242s
H35411 26930                      35.6900202   23.71467  33.6%   123  242s
 35577 28015   31.43093  165  287   35.69002   23.71467  33.6%   123  246s
 36861 28977   28.03971   62  366   35.69002   23.71467  33.6%   122  251s
H37631 28400                      35.4598442   23.71467  33.1%   121  251s
 39143 30415   33.67546  314  125   35.45984   23.71467  33.1%   121  258s
 40415 31306   27.47044   78  412   35.45984   23.71467  33.1%   120  262s
 41467 32235   30.35762  132  302   35.45984   23.71467  33.1%   120  266s
H43610 32991                      35.4598441   23.71467  33.1%   120  290s
H43611 32991                      35.4598434   23.71467  33.1%   120  290s
H44858 34540                      35.4337439   23.71467  33.1%   120  300s
H45612 35917                      35.4337436   23.71467  33.1%   120  311s
H45780 35917                      35.4336095   23.71467  33.1%   120  311s
H46049 35917                      35.4336093   23.71467  33.1%   120  311s

Cutting planes:
  Cover: 84
  Implied bound: 248
  Clique: 4
  MIR: 425
  StrongCG: 1
  Flow cover: 820
  Relax-and-lift: 13

Explored 47278 nodes (5673845 simplex iterations) in 311.37 seconds (355.26 work units)
Thread count was 8 (of 8 available processors)

Solution count 10: 35.4336 35.4336 35.4337 ... 35.7034

Solve interrupted
Best objective 3.543360932621e+01, best bound 2.371467217295e+01, gap 33.0729%
