
Gurobi 9.5.1 (mac64[x86]) logging started Fri Jun 10 00:01:10 2022

Set parameter LogFile to value "/Users/keyvanmajd/Documents/GitHub/NNRepLayer_v2/demos/walking_example/dynamic_constraint/repair_net/logs/opt_log_6_10_2022_0_0_47.log"
Gurobi Optimizer version 9.5.1 build v9.5.1rc2 (mac64[x86])
Thread count: 4 physical cores, 8 logical processors, using up to 8 threads
Optimize a model with 516 rows, 184 columns and 1469 nonzeros
Model fingerprint: 0x7cc55191
Model has 151 quadratic objective terms
Coefficient statistics:
  Matrix range     [3e-03, 2e+01]
  Objective range  [2e-02, 3e+00]
  QObjective range [1e-01, 2e+00]
  Bounds range     [5e+00, 6e+01]
  RHS range        [7e-04, 2e+01]
Presolve removed 323 rows and 12 columns
Presolve time: 0.01s
Presolved: 193 rows, 172 columns, 1129 nonzeros
Presolved model has 151 quadratic objective terms
Ordering time: 0.00s

Barrier statistics:
 Dense cols : 12
 AA' NZ     : 1.299e+03
 Factor NZ  : 1.982e+03
 Factor Ops : 2.891e+04 (less than 1 second per iteration)
 Threads    : 1

                  Objective                Residual
Iter       Primal          Dual         Primal    Dual     Compl     Time
   0   4.03012368e+07 -4.05109249e+07  4.44e+03 4.81e+02  9.17e+05     0s
   1   1.37667217e+07 -1.40386469e+07  2.53e+03 2.74e+02  5.29e+05     0s
   2   1.53121582e+05 -7.57206702e+05  2.70e+02 2.93e+01  7.74e+04     0s
   3   1.63349411e+03 -5.45563511e+05  2.48e+01 2.69e+00  8.13e+03     0s
   4   3.97377546e+02 -4.43952107e+05  9.88e+00 1.07e+00  3.61e+03     0s
   5   1.15044220e+02 -2.97577221e+05  1.98e+00 2.15e-01  1.17e+03     0s
   6   1.03812219e+02 -2.33735771e+05  1.38e+00 1.49e-01  9.00e+02     0s
   7   1.02251561e+02 -1.72592075e+05  1.11e+00 1.20e-01  7.69e+02     0s
   8   1.02525027e+02 -7.65220464e+04  9.05e-01 9.81e-02  6.12e+02     0s
   9   1.06331581e+02  1.09897928e+05  8.29e-01 8.98e-02  5.44e+02     0s
  10   1.10575446e+02  4.65974812e+05  7.94e-01 8.61e-02  5.15e+02     0s
  11   1.13880278e+02  7.60103742e+05  7.83e-01 8.49e-02  5.03e+02     0s
  12   1.15995372e+02  1.49652913e+06  7.79e-01 8.45e-02  5.00e+02     0s
  13   1.00650589e+09 -1.00755493e+09  2.22e+04 2.40e+03  2.29e+07     0s
  14   2.39737018e+08 -2.41544700e+08  1.05e+04 1.06e+03  1.19e+07     0s
  15   8.42592449e+03 -2.62223149e+06  6.04e+01 6.12e+00  7.97e+04     0s
  16   1.29371238e+02 -1.80785533e+06  2.70e+00 2.74e-01  7.50e+03     0s
  17   1.14394837e+02 -1.53915060e+06  1.96e+00 1.98e-01  5.99e+03     0s
  18   1.03858211e+02 -1.11557184e+06  1.26e+00 1.27e-01  4.35e+03     0s
  19   1.02454601e+02 -4.56790243e+05  9.21e-01 9.32e-02  3.33e+03     0s
  20   1.05482499e+02  4.84619453e+05  8.24e-01 8.34e-02  2.84e+03     0s
  21   1.07143205e+02  1.24132588e+06  8.02e-01 8.12e-02  2.72e+03     0s
  22   1.10842878e+02  2.57178257e+06  7.87e-01 7.97e-02  2.64e+03     0s
  23   1.13714708e+02  4.12205099e+06  7.80e-01 7.90e-02  2.61e+03     0s
  24   1.14230104e+02  6.01301742e+06  7.80e-01 7.89e-02  2.62e+03     0s
  25   1.16060060e+02  8.76094088e+06  7.79e-01 7.88e-02  2.64e+03     0s
  26   1.17617923e+02  1.36626043e+07  7.77e-01 7.86e-02  2.67e+03     0s
  27   1.18589368e+02  1.90881653e+07  7.76e-01 7.86e-02  2.71e+03     0s
  28   1.22789992e+02  4.55519765e+07  7.74e-01 7.83e-02  2.74e+03     0s
  29   1.24658001e+02  1.98058585e+08  7.72e-01 7.81e-02  2.68e+03     0s
  30   1.00650589e+09 -1.00755493e+09  2.22e+04 2.40e+03  2.29e+07     0s
  31   2.57287890e+04 -2.91838077e+04  1.10e+02 2.09e+01  5.58e+02     0s
  32   9.02522836e+01  1.53244088e+01  3.31e+00 6.49e-01  5.98e-01     0s
  33   7.40294345e+01  6.69779244e+01  1.46e+00 2.84e-01  2.24e-01     0s
  34   7.46659851e+01  9.50421170e+01  1.18e+00 2.40e-01  2.14e-01     0s
  35   7.88304180e+01  1.11790303e+02  1.04e+00 2.10e-01  2.25e-01     0s
  36   8.75118226e+01  1.55006793e+02  9.78e-01 1.84e-01  3.83e-01     0s
  37   1.06336097e+02  2.50688560e+02  9.11e-01 1.32e-01  8.45e-01     0s
  38   1.15104885e+02  7.77059546e+02  9.26e-01 9.30e-02  5.41e+00     0s
  39   1.19430289e+02  3.47121323e+04  1.19e+00 1.19e-01  8.42e+02     0s
  40*  1.13550055e+02  5.83981998e+06  7.73e-02 1.29e-02  1.92e+01     0s
  41*  1.13551144e+02  5.78976311e+09  7.74e-05 1.29e-05  1.92e-02     0s
  42*  1.13566173e+02  5.78787758e+12  7.74e-08 2.84e-07  1.92e-05     0s
  43*  1.13566175e+02  5.78787450e+15  7.74e-11 1.18e-08  1.92e-08     0s
  44*  1.13566175e+02  5.78787449e+18  7.74e-14 6.73e-09  1.92e-11     0s

Barrier performed 44 iterations in 0.02 seconds (0.01 work units)
Infeasible model

