
Gurobi 9.5.1 (mac64[x86]) logging started Wed Jun  8 00:28:48 2022

Set parameter LogFile to value "/Users/keyvanmajd/Documents/GitHub/NNRepLayer_v2/demos/examples/tc7_walking_example/repair_inp_out_constraint/repair_net/logs/opt_log_6_8_2022_0_28_20.log"
Gurobi Optimizer version 9.5.1 build v9.5.1rc2 (mac64[x86])
Thread count: 4 physical cores, 8 logical processors, using up to 8 threads
Optimize a model with 10433 rows, 6316 columns and 28850 nonzeros
Model fingerprint: 0x5e8eb671
Model has 170 quadratic objective terms
Variable types: 2767 continuous, 3549 integer (3549 binary)
Coefficient statistics:
  Matrix range     [4e-03, 1e+02]
  Objective range  [1e-03, 2e-01]
  QObjective range [1e-02, 2e+00]
  Bounds range     [1e+00, 1e+02]
  RHS range        [5e-04, 1e+02]
Presolve removed 6295 rows and 2387 columns
Presolve time: 0.11s
Presolved: 4138 rows, 3929 columns, 18964 nonzeros
Presolved model has 170 quadratic objective terms
Variable types: 2746 continuous, 1183 integer (1183 binary)
Found heuristic solution: objective 4.8424631
Root relaxation presolve removed 1183 rows and 1183 columns
Root relaxation presolved: 2955 rows, 2746 columns, 16598 nonzeros
Root relaxation presolved model has 170 quadratic objective terms


Root relaxation: objective 2.365204e+00, 3542 iterations, 0.16 seconds (0.19 work units)

    Nodes    |    Current Node    |     Objective Bounds      |     Work
 Expl Unexpl |  Obj  Depth IntInf | Incumbent    BestBd   Gap | It/Node Time

     0     0    2.36520    0  680    4.84246    2.36520  51.2%     -    0s
H    0     0                       4.8424631    2.36520  51.2%     -    0s
H    0     0                       4.8256993    2.36521  51.0%     -    2s
H    0     0                       4.8241441    2.36521  51.0%     -    2s
     0     0    2.36521    0  505    4.82414    2.36521  51.0%     -    2s
     0     0    2.36521    0  364    4.82414    2.36521  51.0%     -    2s
     0     0    2.36521    0  366    4.82414    2.36521  51.0%     -    2s
     0     0    2.36521    0  366    4.82414    2.36521  51.0%     -    2s
     0     0    2.36521    0  345    4.82414    2.36521  51.0%     -    2s
     0     0    2.36521    0  350    4.82414    2.36521  51.0%     -    4s
     0     0    2.36521    0  359    4.82414    2.36521  51.0%     -    4s
H    0     0                       4.5777981    2.36521  48.3%     -    6s
H    0     0                       4.5707428    2.36521  48.3%     -    6s
     0     2    2.36521    0  359    4.57074    2.36521  48.3%     -    6s
H   71    76                       4.2577255    2.36531  44.4%  84.1    8s
   675   671    2.46546  146  420    4.25773    2.36531  44.4%  79.1   11s
H 1142  1150                       4.2550320    2.36531  44.4%   123   13s
H 1149  1150                       4.2417082    2.36531  44.2%   124   13s
  1206  1210    2.59347  297  332    4.24171    2.36531  44.2%   124   15s
H 1210  1210                       4.2394565    2.36531  44.2%   123   15s
  2174  2193    2.93936  416  237    4.23946    2.36531  44.2%   114   20s
  3092  3147    3.29951  598  148    4.23946    2.36531  44.2%   108   25s
  3624  3650    3.66193  692  116    4.23946    2.36531  44.2%   104   30s
H 3885  3850                       4.2388896    2.36531  44.2%   108   34s
H 3917  3781                       4.0911147    2.36531  42.2%   107   34s
  3919  3881    3.78037  739   89    4.09111    2.36531  42.2%   107   35s
  4593  4692     cutoff  838         4.09111    2.36531  42.2%   113   40s
H 5142  4944                       4.0911147    2.36532  42.2%   111   46s
  5150  4950    3.70950  549  406    4.09111    2.36532  42.2%   111   50s
H 5150  4702                       4.0911147    2.36532  42.2%   111   50s
  5156  4706    2.77429  347  366    4.09111    2.36882  42.1%   111   55s
H 5157  4470                       4.0911146    2.36882  42.1%   111   55s
H 5158  4249                       4.0911146    2.36882  42.1%   116   55s
H 5189  4065                       4.0900103    2.36882  42.1%   117   59s
H 5190  3862                       4.0868965    2.36882  42.0%   117   59s
H 5193  3669                       4.0836872    2.36882  42.0%   117   59s
  5270  3725    2.49358   20  474    4.08369    2.36882  42.0%   116   61s
H 5272  3542                       4.0830487    2.36882  42.0%   116   61s
H 5273  3368                       4.0814154    2.36882  42.0%   116   61s
H 5275  3203                       3.9847425    2.36882  40.6%   116   61s
  5432  3311    2.49358   31  460    3.98474    2.36882  40.6%   115   70s
H 5436  3153                       3.9421600    2.36882  39.9%   115   70s
H 6459  3683                       3.9180145    2.36882  39.5%   119   98s
H 6465  3540                       3.9167335    2.36882  39.5%   119   98s
H 6466  3406                       3.9143687    2.36882  39.5%   119   98s
  6467  3414    2.50989   96  427    3.91437    2.36882  39.5%   119  104s
H 6468  3286                       3.9041315    2.36882  39.3%   119  104s
H 6469  3165                       3.9021632    2.36882  39.3%   119  104s
H 6470  3050                       3.8918834    2.36882  39.1%   119  104s
  6510  3125    2.50989   98  425    3.89188    2.36882  39.1%   120  105s
H 7016  3298                       3.8916181    2.36882  39.1%   126  139s
H 7017  3193                       3.8580149    2.36882  38.6%   126  139s
H 7020  3093                       3.8555814    2.36882  38.6%   126  139s
H 7021  3000                       3.8390128    2.36882  38.3%   126  139s
  7177  3145    2.59108  135  364    3.83901    2.36882  38.3%   127  141s
  7945  3602    2.61983  191  370    3.83901    2.36882  38.3%   133  145s
H 8316  3635                       3.8339921    2.36882  38.2%   136  157s
  8599  3906    2.67694  213  348    3.83399    2.36882  38.2%   139  160s
  9087  4205    2.69752  230  316    3.83399    2.36882  38.2%   148  165s
  9486  4484    2.79205  245  313    3.83399    2.36882  38.2%   157  171s
  9879  4755    2.79938  259  305    3.83399    2.36882  38.2%   163  175s
 10294  5040    2.89212  283  302    3.83399    2.36882  38.2%   170  180s
 11067  5862    2.97071  321  284    3.83399    2.36882  38.2%   168  186s

Cutting planes:
  Gomory: 1
  Cover: 6
  Implied bound: 33
  MIR: 247
  Flow cover: 450
  Relax-and-lift: 11

Explored 11565 nodes (1943313 simplex iterations) in 187.46 seconds (236.65 work units)
Thread count was 8 (of 8 available processors)

Solution count 10: 3.83399 3.83901 3.85558 ... 3.91673

Solve interrupted
Best objective 3.833992143087e+00, best bound 2.368819217178e+00, gap 38.2153%
