
Gurobi 9.5.1 (linux64) logging started Thu 09 Jun 2022 01:04:06 PM MST

Set parameter LogFile to value "/home/local/ASUAD/kmajd1/NNRepLayer_v2/demos/walking_example/dynamic_constraint/repair_net/logs/opt_log_6_9_2022_13_3_1.log"
Gurobi Optimizer version 9.5.1 build v9.5.1rc2 (linux64)
Thread count: 48 physical cores, 96 logical processors, using up to 32 threads
Optimize a model with 72042 rows, 44527 columns and 205002 nonzeros
Model fingerprint: 0xdb770442
Model has 271 quadratic objective terms
Variable types: 18607 continuous, 25920 integer (25920 binary)
Coefficient statistics:
  Matrix range     [7e-04, 5e+01]
  Objective range  [1e-02, 1e+00]
  QObjective range [7e-02, 2e+00]
  Bounds range     [1e+00, 5e+01]
  RHS range        [2e-04, 5e+01]
Presolve removed 43996 rows and 17408 columns
Presolve time: 0.74s
Presolved: 28046 rows, 27119 columns, 134830 nonzeros
Presolved model has 271 quadratic objective terms
Variable types: 18479 continuous, 8640 integer (8640 binary)
Root relaxation presolve removed 8640 rows and 8640 columns
Root relaxation presolved: 19406 rows, 18479 columns, 117550 nonzeros
Root relaxation presolved model has 271 quadratic objective terms


Root simplex log...

Iteration    Objective       Primal Inf.    Dual Inf.      Time
    3960    2.9585259e+01   5.823615e+03   0.000000e+00      5s
   22158    2.9585259e+01   0.000000e+00   0.000000e+00      8s
   22158    2.9585259e+01   0.000000e+00   0.000000e+00      8s

Root relaxation: objective 2.958526e+01, 22158 iterations, 4.28 seconds (9.61 work units)

    Nodes    |    Current Node    |     Objective Bounds      |     Work
 Expl Unexpl |  Obj  Depth IntInf | Incumbent    BestBd   Gap | It/Node Time

     0     0   29.58526    0 1651          -   29.58526      -     -    8s
     0     0   29.58526    0 1453          -   29.58526      -     -   29s
     0     0   29.58526    0 1069          -   29.58526      -     -   36s
     0     0   29.58526    0 1219          -   29.58526      -     -   36s
     0     0   29.58526    0 1217          -   29.58526      -     -   36s
     0     0   29.58526    0 1328          -   29.58526      -     -   39s
     0     0   29.58526    0 1313          -   29.58526      -     -   39s
     0     0   29.58526    0 1426          -   29.58526      -     -   41s
     0     0   29.58526    0 1412          -   29.58526      -     -   41s
     0     0   29.58526    0 1453          -   29.58526      -     -   44s
H    0     0                      37.0619005   29.58526  20.2%     -   91s
     0     2   29.58526    0 1453   37.06190   29.58526  20.2%     -  111s
     1     4   29.70121    1 2618   37.06190   29.58526  20.2%  5209  120s
     3     8   29.70121    2 2614   37.06190   29.58526  20.2%  1850  127s
     7    16   29.70121    3 2746   37.06190   29.58526  20.2%  2337  139s
    15    32   29.70121    4 2858   37.06190   29.58526  20.2%  2868  143s
H   31    64                      37.0614957   29.58526  20.2%  2353  157s
H   32    64                      37.0575016   29.58526  20.2%  2332  157s
H   33    64                      37.0570968   29.58526  20.2%  2316  157s
H   36    64                      37.0481955   29.58526  20.1%  2248  157s
H   57    64                      37.0093691   29.58526  20.1%  3529  157s
    63    96   29.70121    6 2927   37.00937   29.58526  20.1%  3403  574s
H   95   128                      36.9866591   29.58526  20.0%  4843  715s
H   96   128                      36.9532612   29.58526  19.9%  4793  715s
H  100   128                      36.9458897   29.58526  19.9%  4628  715s
H  101   128                      36.9447888   29.58526  19.9%  4583  715s
H  104   128                      35.8646916   29.58526  17.5%  4453  715s
H  116   128                      35.8208428   29.58526  17.4%  4109  715s
   127   160   29.70121    8 2926   35.82084   29.58526  17.4%  3775  765s
H  159   160                      35.8178876   29.58526  17.4%  3038  976s
H  161   153                      35.8178810   29.58526  17.4%  3000  982s
H  161   146                      35.8173758   29.58526  17.4%  3000  984s
   163   147   29.68450    7 1755   35.81738   29.58526  17.4%  2964  988s
   164   148   29.70264    9 1443   35.81738   29.58526  17.4%  2945 1010s
H  165   140                      35.8110335   29.58526  17.4%  2928 1035s
H  165   133                      35.7969467   29.58526  17.4%  2928 1035s
H  165   126                      35.7401817   29.58526  17.2%  2928 1035s
   167   128   29.64072    8 1754   35.74018   29.58526  17.2%  2893 1042s
   168   128   29.70264    6 1692   35.74018   29.58526  17.2%  2875 1062s
   170   130   29.70121    6 1774   35.74018   29.58526  17.2%  2842 1084s
   171   130   29.68450    9 1871   35.74018   29.58526  17.2%  2825 1091s
   173   132   29.75372    8 1871   35.74018   29.58526  17.2%  2792 1118s
H  173   127                      35.7401817   29.58526  17.2%  3409 1118s
H  174   120                      35.7401816   29.58526  17.2%  3389 1255s
   177   122   29.68450    7 1679   35.74018   29.58526  17.2%  3332 1262s
   178   123   29.70264    9 1338   35.74018   29.58526  17.2%  3313 1266s
   179   124   29.69981    9 1296   35.74018   29.58526  17.2%  3294 1298s
   180   124   29.70121    6 1519   35.74018   29.58526  17.2%  3276 1305s
   181   125   29.70121    9 1470   35.74018   29.58526  17.2%  3258 1326s
   182   126   29.70121    8 1635   35.74018   29.58526  17.2%  3240 1350s
   183   126   29.70121    8 1611   35.74018   29.58526  17.2%  3222 1422s
   184   127   29.70121    9 1732   35.74018   29.58526  17.2%  3205 1434s
   185   128   29.70264    9 1686   35.74018   29.58526  17.2%  3188 1474s
   186   128   29.70121    7 1393   35.74018   29.58526  17.2%  3170 1485s
   188   130   29.70121    9 1393   35.74018   29.58526  17.2%  3137 1521s
H  189   124                      35.7401815   29.58526  17.2%  3756 1788s
   192   126   29.70264    8 1680   35.74018   29.58526  17.2%  3697 1795s
   193   127   29.70121    8 1683   35.74018   29.58526  17.2%  3678 1805s
   194   128   29.68450    9 1296   35.74018   29.58526  17.2%  3659 1820s
   195   128   29.70264    8 1581   35.74018   29.58526  17.2%  3640 1831s
   196   129   29.70264    8 1471   35.74018   29.58526  17.2%  3622 1864s
   197   130   29.75372    8 1668   35.74018   29.58526  17.2%  3603 1891s
   198   130   29.70121    8 1654   35.74018   29.58526  17.2%  3585 1948s
   199   131   29.70121    9 1696   35.74018   29.58526  17.2%  3567 1961s
   200   132   29.70121    9 1669   35.74018   29.58526  17.2%  3549 2001s
   201   132   29.68450    7 1738   35.74018   29.58526  17.2%  3532 2009s
   203   134   29.68450    8 1738   35.74018   29.58526  17.2%  3497 2023s
H  204   128                      35.7401814   29.58526  17.2%  4028 2139s
   205   129   29.77271    6 1453   35.74018   29.58526  17.2%  4009 2140s
H  206   123                      35.7401656   29.58526  17.2%  3989 2145s
   208   124   29.70121    7 1285   35.74017   29.58526  17.2%  3951 2155s
   209   125   29.70121    9 1459   35.74017   29.58526  17.2%  3932 2163s
H  209   119                      35.7399817   29.58526  17.2%  3932 2178s
   210   119   29.68450    6 1315   35.73998   29.58526  17.2%  3913 2185s
H  210   113                      35.7381285   29.58526  17.2%  3913 2190s
H  210   107                      35.7355918   29.58526  17.2%  3913 2190s
H  210   101                      35.7338325   29.58526  17.2%  3913 2190s
   211   102   29.68450    8 1308   35.73383   29.58526  17.2%  3895 2217s
   212   103   29.77271    7 1464   35.73383   29.58526  17.2%  3876 2240s
   213   103   29.68450    9 1430   35.73383   29.58526  17.2%  3858 2296s
   214   104   29.70264    7 1560   35.73383   29.58526  17.2%  3840 2312s
   215   105   29.70264    8 1532   35.73383   29.58526  17.2%  3822 2364s
   216   105   29.70121    8 1562   35.73383   29.58526  17.2%  3805 2365s
   217   106   29.68450    8 1537   35.73383   29.58526  17.2%  3787 2387s
   218   107   29.70264    8 1577   35.73383   29.58526  17.2%  3770 2396s
   220   108   29.70264    9 1577   35.73383   29.58526  17.2%  3736 2433s
H  221   105                      35.7338324   29.58526  17.2%  4325 2560s
   224   107   29.70121    9 1658   35.73383   29.58526  17.2%  4267 2568s
   225   108   29.68450    7 1292   35.73383   29.58526  17.2%  4248 2572s
H  225   102                      35.7338296   29.58526  17.2%  4248 2613s
   226   103   29.68450    7 1223   35.73383   29.58526  17.2%  4229 2615s
   227   103   29.68450    8 1400   35.73383   29.58526  17.2%  4210 2622s
   228   104   29.70121    6 1356   35.73383   29.58526  17.2%  4192 2648s
   229   105   29.70121    8 1464   35.73383   29.58526  17.2%  4174 2675s
   230   105   29.70121    6 1453   35.73383   29.58526  17.2%  4155 2753s
   231   106   29.70121    7 1534   35.73383   29.58526  17.2%  4137 2766s
   232   107   29.68450    6 1529   35.73383   29.58526  17.2%  4120 2818s
   234   108   29.68450    9 1581   35.73383   29.58526  17.2%  4084 2852s
H  234   102                      35.7338205   29.58526  17.2%  4084 2854s
   236   103   29.70121    8 1556   35.73382   29.58526  17.2%  4050 2887s
   237   104   29.70121    8 1591   35.73382   29.58526  17.2%  4033 2893s
   239   105   29.68450    9 1591   35.73382   29.58526  17.2%  3999 2909s
   240   109   29.70121   71 2726   35.73382   29.58526  17.2%  4893 2918s
   242   112   29.70121   72 2788   35.73382   29.58526  17.2%  4858 2926s
   246   119   29.70121   73 2794   35.73382   29.58526  17.2%  4827 2936s
   254   132   29.70121   74 2842   35.73382   29.58526  17.2%  4770 2940s
   270   159   29.70121   75 2856   35.73382   29.58526  17.2%  4559 3040s
H  271   154                      35.7338205   29.58526  17.2%  4542 3040s
H  273   148                      35.7338173   29.58526  17.2%  4517 3040s
H  286   138                      35.7308073   29.58526  17.2%  4345 3040s
H  289   133                      35.7292888   29.58526  17.2%  4348 3040s
H  298   125                      35.7286088   29.58526  17.2%  4230 3040s
H  302   119                      35.6671278   29.58526  17.1%  4179 3192s
   305   121   29.77271    6 1640   35.66713   29.58526  17.1%  4137 3200s
   307   123   29.70121    7 1371   35.66713   29.58526  17.1%  4110 3214s
   308   123   29.70121    7 1564   35.66713   29.58526  17.1%  4097 3234s
   309   124   29.70121    9 1520   35.66713   29.58526  17.1%  4084 3270s
   310   125   29.68450    6 1741   35.66713   29.58526  17.1%  4071 3299s
   311   125   29.68450    8 1669   35.66713   29.58526  17.1%  4058 3371s
   312   126   29.77271    7 1739   35.66713   29.58526  17.1%  4045 3383s
H  312   119                      35.6671275   29.58526  17.1%  4045 3405s
   313   120   29.68450    9 1784   35.66713   29.58526  17.1%  4032 3428s
   315   121   29.70264    8 1803   35.66713   29.58526  17.1%  4006 3448s
   316   122   29.70121    8 1827   35.66713   29.58526  17.1%  3993 3451s
   317   122   29.68450    8 1891   35.66713   29.58526  17.1%  3981 3484s
   318   123   29.70264    8 1851   35.66713   29.58526  17.1%  3968 3486s
   319   124   29.68450    7 1921   35.66713   29.58526  17.1%  3956 3504s
   320   124   29.70264    9 2066   35.66713   29.58526  17.1%  3943 3513s
   322   126   29.70264    8 2066   35.66713   29.58526  17.1%  3919 3544s
   324   128   29.70121    9 1453   35.66713   29.58526  17.1%  4697 3610s
   326   129   29.68450    7 1641   35.66713   29.58526  17.1%  4668 3617s
   327   130   29.68450    8 1309   35.66713   29.58526  17.1%  4654 3623s
   328   131   29.70121    6 1247   35.66713   29.58526  17.1%  4640 3670s
   329   131   29.70121    8 1349   35.66713   29.58526  17.1%  4625 3678s
   330   132   29.70121    6 1355   35.66713   29.58526  17.1%  4611 3715s
   331   133   29.70121    7 1481   35.66713   29.58526  17.1%  4597 3742s
   332   133   29.68450    6 1454   35.66713   29.58526  17.1%  4584 3833s
   333   134   29.69889    8 1641   35.66713   29.58526  17.1%  4570 3852s
   334   135   29.68450    9 1579   35.66713   29.58526  17.1%  4556 3901s
   336   136   29.70121    8 1693   35.66713   29.58526  17.1%  4529 3920s
   338   137   29.68450    6 1693   35.66713   29.58526  17.1%  4502 3946s
   339   138   29.68450    9 1686   35.66713   29.58526  17.1%  4489 3953s
   340   139   29.70264    9 1784   35.66713   29.58526  17.1%  4476 4011s
   342   140   29.70121    6 1765   35.66713   29.58526  17.1%  4450 4039s
   343   141   29.68450    8 1894   35.66713   29.58526  17.1%  4437 4053s
   345   142   29.70264    6 1894   35.66713   29.58526  17.1%  4411 4085s
H  346   136                      35.6669488   29.58526  17.1%  5461 4241s
   349   138   29.70264    8 1630   35.66695   29.58526  17.1%  5414 4264s
   350   139   29.70264    6 1549   35.66695   29.58526  17.1%  5399 4266s
   351   140   29.70121    9 1354   35.66695   29.58526  17.1%  5383 4294s
   352   140   29.70264    9 1566   35.66695   29.58526  17.1%  5368 4302s
H  352   132                      35.6669487   29.58526  17.1%  5368 4306s
   353   133   29.68450    8 1524   35.66695   29.58526  17.1%  5353 4324s
   354   134   29.68450    9 1682   35.66695   29.58526  17.1%  5338 4347s
   355   134   29.70121    9 1628   35.66695   29.58526  17.1%  5323 4427s
   356   135   29.69981    8 1734   35.66695   29.58526  17.1%  5308 4440s
   357   136   29.70121    9 1735   35.66695   29.58526  17.1%  5293 4497s
   359   137   29.74461    7 1826   35.66695   29.58526  17.1%  5263 4530s
   361   138   29.70264    9 1819   35.66695   29.58526  17.1%  5234 4560s
   363   140   29.68450    7 1955   35.66695   29.58526  17.1%  5205 4589s
   364   140   29.70264    9 1949   35.66695   29.58526  17.1%  5191 4593s
   365   141   29.68450    9 1860   35.66695   29.58526  17.1%  5177 4628s
   366   142   29.70264    6 1920   35.66695   29.58526  17.1%  5163 4645s
   367   142   29.64072    8 1953   35.66695   29.58526  17.1%  5149 4672s
   368   143   29.70264    6 1990   35.66695   29.58526  17.1%  5135 4684s
   369   144   29.74883    7 1990   35.66695   29.58526  17.1%  5121 4685s
   370   144   29.70121    6 1990   35.66695   29.58526  17.1%  5107 4707s
   371   148   29.61917  113 2488   35.66695   29.58526  17.1%  5786 4713s
   373   151   29.61917  114 2557   35.66695   29.58526  17.1%  5761 4731s
   377   158   29.61917  115 2681   35.66695   29.58526  17.1%  5748 4745s
   385   171   29.61917  116 2685   35.66695   29.58526  17.1%  5732 4753s
   401   198   29.61917  117 2715   35.66695   29.58526  17.1%  5599 4797s
   433   219   29.61917  118 2712   35.66695   29.58526  17.1%  5346 4801s
   465   241   29.63755  118 3022   35.66695   29.58526  17.1%  5048 4844s
H  468   233                      35.6669412   29.58526  17.1%  5039 4844s
H  477   222                      35.6669087   29.58526  17.1%  4947 4844s
H  478   215                      35.6667011   29.58526  17.1%  4938 4844s
H  491   204                      35.6651202   29.58526  17.0%  4820 4844s
H  495   197                      35.6630784   29.58526  17.0%  4781 4844s
   529   249   29.64136  119 2787   35.66308   29.58526  17.0%  4481 4845s
   994   725   29.61917  125 2714   35.66308   29.58526  17.0%  2509 4850s
  1507  1170   29.61917  130 2697   35.66308   29.58526  17.0%  1704 5195s
H 1510  1170                      34.9134186   29.58526  15.3%  1701 5195s
H 1512  1170                      34.9002756   29.58526  15.2%  1699 5195s
H 1519  1170                      34.8846853   29.58526  15.2%  1691 5195s
H 1523  1170                      34.8825456   29.58526  15.2%  1687 5195s
H 2114  1777                      34.8672223   29.58526  15.1%  1250 5273s
H 2116  1777                      34.8586864   29.58526  15.1%  1250 5273s
H 2130  1777                      34.8296118   29.58526  15.1%  1242 5273s
  2146  1855   29.69631  135 2981   34.82961   29.58526  15.1%  1234 5308s
  2431  2160   29.61917  138 2684   34.82961   29.58526  15.1%  1101 5354s
  2529  2440   29.61917  139 2686   34.82961   29.58526  15.1%  1064 5355s
  3653  3559   29.61917  147 2645   34.82961   29.58526  15.1%   765 5361s
  4534  4484   29.61917  152 2641   34.82961   29.58526  15.1%   636 5367s
  4853  4817   29.61917  154 2638   34.82961   29.58526  15.1%   618 5373s
  5186  5168   29.61917  155 2648   34.82961   29.58526  15.1%   601 5379s
  5537  5541   29.61917  157 2625   34.82961   29.58526  15.1%   599 5383s
  6305  6318   29.61917  161 2611   34.82961   29.58526  15.1%   552 5385s
  7522  7557   29.61917  172 2575   34.82961   29.58526  15.1%   480 5395s
  8869  8967   29.62284  181 2571   34.82961   29.58526  15.1%   425 5400s
  9338  9515   29.61917  184 2566   34.82961   29.58526  15.1%   410 5409s
  9886 10099   29.61917  188 2570   34.82961   29.58526  15.1%   402 5410s
 11711 12044   29.61917  198 2476   34.82961   29.58526  15.1%   357 5416s
 12417 12779   29.63048  201 2557   34.82961   29.58526  15.1%   342 5425s
 13903 14291   29.63048  213 2555   34.82961   29.58526  15.1%   323 5447s
 14672 15154   29.69365  217 2785   34.82961   29.58526  15.1%   324 5456s
H15539 15185                      34.1754187   29.58526  13.4%   319 5779s
H15543 15185                      34.0818365   29.58526  13.2%   319 5779s
H15572 15215                      34.0814856   29.58526  13.2%   319 6857s
H15574 15215                      34.0760219   29.58526  13.2%   319 6857s
H15575 15215                      34.0650578   29.58526  13.2%   319 6857s
H15592 15215                      34.0579376   29.58526  13.1%   319 6857s
H15601 15215                      34.0468150   29.58526  13.1%   319 6857s
H15604 15246                      34.0450353   29.58526  13.1%   319 7452s
H15610 15246                      34.0432595   29.58526  13.1%   319 7452s
H15613 15246                      34.0431398   29.58526  13.1%   319 7452s
H15615 15246                      34.0260613   29.58526  13.1%   319 7452s
H15617 15246                      33.9808079   29.58526  12.9%   319 7452s
 15637 16184   29.63048  221 2572   33.98081   29.58526  12.9%   319 7473s
 16583 16541   29.63048  226 2568   33.98081   29.58526  12.9%   325 7516s
 16945 17591   29.63048  230 2568   33.98081   29.58526  12.9%   322 7531s
 17997 18649   29.64021  238 2701   33.98081   29.58526  12.9%   330 7547s
 19059 19737   29.63048  249 2506   33.98081   29.58526  12.9%   334 7560s
 20151 20605   29.63048  258 2510   33.98081   29.58526  12.9%   336 7578s
 21023 21598   29.63048  266 2481   33.98081   29.58526  12.9%   353 7595s
 22020 22517   29.63048  274 2465   33.98081   29.58526  12.9%   386 7606s
 22941 22544   29.66138  280 2547   33.98081   29.58526  12.9%   408 7716s
 22973 23396   29.63318  281 2460   33.98081   29.58526  12.9%   408 7731s
 23844 24267   29.63318  290 2522   33.98081   29.58526  12.9%   441 7752s
 24725 25060   29.63318  305 2500   33.98081   29.58526  12.9%   480 7776s
 25566 25625   29.64530  318 2524   33.98081   29.58526  12.9%   522 7795s
 26177 26326   29.63414  332 2467   33.98081   29.58526  12.9%   569 7811s
 26894 27127   29.63414  347 2472   33.98081   29.58526  12.9%   614 7834s
 27695 27713   29.63414  362 2449   33.98081   29.58526  12.9%   649 7850s
 28281 28376   29.63414  384 2406   33.98081   29.58526  12.9%   696 7868s
 28944 30739   29.63414  408 2368   33.98081   29.58526  12.9%   742 7936s
 31311 31640   29.65725  497 2427   33.98081   29.58526  12.9%  1083 8032s
 32216 33310   29.63414  510 2331   33.98081   29.58526  12.9%  1143 8081s
 33895 34692   29.63449  577 2289   33.98081   29.58526  12.9%  1327 8134s
 35308 36002   29.63449  628 2288   33.98081   29.58526  12.9%  1501 8251s
 36745 37172   29.63449  682 2301   33.98081   29.58526  12.9%  1670 8319s
 37988 37862   29.63451  793 2186   33.98081   29.58526  12.9%  1851 8402s
 38691 38822   29.63451  815 2131   33.98081   29.58526  12.9%  1975 8471s
 39687 40248   29.63451  834 2137   33.98081   29.58526  12.9%  2190 8537s
 41151 41650   29.63451  845 2114   33.98081   29.58526  12.9%  2412 8619s
 42572 43155   29.63451  885 2059   33.98081   29.58526  12.9%  2621 8700s
 44111 43919   29.63451  905 2073   33.98081   29.58526  12.9%  2868 8785s
 44879 44676   29.65535  919 2189   33.98081   29.58526  12.9%  3138 8953s
 45650 45648   29.63451  939 2012   33.98081   29.58526  12.9%  3245 9039s
 46644 46564   29.69883  980 2411   33.98081   29.58526  12.9%  3439 9139s
 47578 47471   29.69883  992 2359   33.98081   29.58526  12.9%  3642 9254s
 48575 47998   29.77559 1006 2427   33.98081   29.58526  12.9%  3829 9364s
 49116 48888   29.77559 1015 2376   33.98081   29.58526  12.9%  4027 9499s
 50043 48926   29.77559 1019 2348   33.98081   29.58526  12.9%  4218 14609s
H50044 48926                      33.9805645   29.58526  12.9%  4218 14609s
H50046 48848                      33.9719264   29.58526  12.9%  4219 14609s
H50053 48759                      33.8955626   29.58526  12.7%  4222 14609s
H50081 49223                      33.8955625   29.58526  12.7%  4242 15395s
H50116 49223                      33.8955625   29.58526  12.7%  4270 15395s
H50145 49223                      33.8955622   29.58526  12.7%  4298 15395s
 50563 50294   29.77559 1026 2915   33.89556   29.58526  12.7%  4483 15570s
 51651 50659   29.77559 1041 2859   33.89556   29.58526  12.7%  4898 15799s
 52064 51013   29.77559 1046 2856   33.89556   29.58526  12.7%  5020 16021s
H52236 51013                      33.8955621   29.58526  12.7%  5068 16021s

Resetting heuristic parameters to focus on improving solution
(using Heuristics=0.5 and RINS=10)...

 52442 51353   29.77559 1060 2767   33.89556   29.58526  12.7%  5120 16298s
H52471 51318                      33.8933476   29.58526  12.7%  5123 16298s
H52493 51264                      33.8859930   29.58526  12.7%  5126 16298s
 52808 51640   29.77559 1061 2854   33.88599   29.58526  12.7%  5186 17378s
 53253 52430   29.88587 1067 2705   33.88599   29.58526  12.7%  5506 18000s

Cutting planes:
  Gomory: 2
  Cover: 3
  Implied bound: 271
  MIR: 8408
  Flow cover: 4265
  Relax-and-lift: 23

Explored 54137 nodes (320055506 simplex iterations) in 18000.05 seconds (39801.44 work units)
Thread count was 32 (of 96 available processors)

Solution count 10: 33.886 33.8933 33.8956 ... 33.9808

Time limit reached
Best objective 3.388599304226e+01, best bound 2.958526259593e+01, gap 12.6918%
