
Gurobi 9.5.1 (linux64) logging started Tue 12 Jul 2022 07:23:35 PM MST

Set parameter LogFile to value "/home/local/ASUAD/kmajd1/NNRepLayer_v2/demos/walking_example/dynamic_constraint/repair_net/logs/opt_log_7_12_2022_19_22_46.log"
Gurobi Optimizer version 9.5.1 build v9.5.1rc2 (linux64)
Thread count: 48 physical cores, 96 logical processors, using up to 32 threads
Optimize a model with 54762 rows, 36942 columns and 861610 nonzeros
Model fingerprint: 0x53d047bb
Model has 270 quadratic objective terms
Variable types: 19662 continuous, 17280 integer (17280 binary)
Coefficient statistics:
  Matrix range     [2e-04, 6e+02]
  Objective range  [3e-03, 1e+00]
  QObjective range [7e-02, 7e-02]
  Bounds range     [5e-01, 2e+03]
  RHS range        [2e-04, 6e+02]
Presolve removed 582 rows and 28 columns
Presolve time: 2.13s
Presolved: 54180 rows, 36914 columns, 859789 nonzeros
Presolved model has 270 quadratic objective terms
Variable types: 19648 continuous, 17266 integer (17266 binary)
Root relaxation presolve removed 17265 rows and 17265 columns
Root relaxation presolved: 36915 rows, 19649 columns, 807994 nonzeros
Root relaxation presolved model has 270 quadratic objective terms


Root simplex log...

Iteration    Objective       Primal Inf.    Dual Inf.      Time
   12514    3.4032221e+01   3.423081e+02   0.000000e+00      5s
   70473    3.4902342e+01   0.000000e+00   0.000000e+00      9s
   70473    3.4902342e+01   0.000000e+00   0.000000e+00      9s

Root relaxation: objective 3.490234e+01, 70473 iterations, 6.10 seconds (14.65 work units)

    Nodes    |    Current Node    |     Objective Bounds      |     Work
 Expl Unexpl |  Obj  Depth IntInf | Incumbent    BestBd   Gap | It/Node Time

     0     0   34.90234    0 3616          -   34.90234      -     -    9s
     0     0   34.90234    0 3384          -   34.90234      -     -   16s
     0     0   34.90234    0 3270          -   34.90234      -     -   28s
     0     0   34.90234    0 2984          -   34.90234      -     -   35s
     0     0   34.90234    0 2910          -   34.90234      -     -   55s
     0     0   34.90234    0 2574          -   34.90234      -     -   67s
     0     0   34.90234    0 2711          -   34.90234      -     -   88s
     0     0   34.90234    0 2544          -   34.90234      -     -  127s
     0     0   34.90234    0 2654          -   34.90234      -     -  159s
     0     0   34.90234    0 2115          -   34.90234      -     -  177s
     0     0   34.90234    0 2225          -   34.90234      -     -  195s
     0     0   34.90234    0 2262          -   34.90234      -     -  234s
     0     0   34.90234    0 2262          -   34.90234      -     -  285s
     0     2   34.90234    0 2262          -   34.90234      -     -  585s
     1     4   34.90234    1 2253          -   34.90234      -  29.0  652s
     3     8   34.90234    2 2251          -   34.90234      - 28372  720s
     7    16   34.90234    3 2221          -   34.90234      - 22143  734s
    15    32   34.90234    4 2218          -   34.90234      - 11529  739s
    31    64   34.90234    5 2370          -   34.90234      - 10601 1308s
    63    96   34.90234    6 3063          -   34.90234      - 65577 1793s
    95   128   34.96501    7 2397          -   34.90234      - 85229 1877s
   127   160   34.90234    7 2991          -   34.90234      - 95008 1957s
   159   192   35.47479    8 2993          -   34.90234      - 92417 2068s
   191   225   34.90234    8 2991          -   34.90234      - 86302 2175s
   225   226   36.88985   10 2262          -   34.90234      - 80959 2229s
   226   227   38.63462    8 2262          -   34.90234      - 80601 2230s
   227   227   35.85457    9 3592          -   34.90234      - 80246 2242s
   228   228   38.20243    7 3583          -   34.90234      - 79894 2255s
   229   229   40.22868    8 3359          -   34.90234      - 79545 2269s
   230   229   36.29357    6 3220          -   34.90234      - 79199 2278s
   231   230   39.39284   11 3236          -   34.90234      - 78856 2312s
   232   231   39.60731    8 3155          -   34.90234      - 78516 2319s
   233   231   40.07414    8 3042          -   34.90234      - 78179 2353s
   234   232   39.06889    6 3098          -   34.90234      - 77845 2365s
   235   233   39.89420    9 3045          -   34.90234      - 77514 2427s
   236   233   36.90539    9 2804          -   34.90234      - 77185 2437s
   237   234   35.46920    8 2743          -   34.90234      - 76860 2480s
   238   235   38.27106   11 2874          -   34.90234      - 76537 2511s
   239   235   36.90539    9 2854          -   34.90234      - 76216 2571s
   240   236   37.72182    9 2726          -   34.90234      - 75899 2597s
   241   237   38.86386    8 2614          -   34.90234      - 75584 2649s
   242   237   38.37885    9 2607          -   34.90234      - 75272 2678s
   243   238   37.29892   10 2674          -   34.90234      - 74962 2754s
   244   239   38.82539    7 2534          -   34.90234      - 74655 2785s
   246   240   36.84145    7 2534          -   34.90234      - 74048 2938s
   248   243   36.90539    9 2262          -   34.90234      - 78844 2945s
   250   244   39.64134    9 3636          -   34.90234      - 78213 2956s
   251   245   38.78957    9 3343          -   34.90234      - 77902 2962s
   252   246   39.89420    9 3346          -   34.90234      - 77592 2975s
   253   246   38.04495    8 3251          -   34.90234      - 77286 2981s
   254   247   36.63685    8 3371          -   34.90234      - 76981 3016s
   255   248   39.64134    9 3135          -   34.90234      - 76680 3027s
   256   248   39.78654    8 3091          -   34.90234      - 76380 3072s
   257   249   38.42363   10 3095          -   34.90234      - 76083 3093s
   258   250   37.68553    8 3054          -   34.90234      - 75788 3148s
   259   250   39.08065    6 2825          -   34.90234      - 75495 3162s
   260   251   38.37885    9 2690          -   34.90234      - 75205 3201s
   261   252   36.23743   10 2767          -   34.90234      - 74917 3218s
   262   252   38.02864    7 2929          -   34.90234      - 74631 3284s
   263   253   39.68016   10 2740          -   34.90234      - 74347 3312s
   264   254   38.59579    8 2558          -   34.90234      - 74066 3371s
   265   254   39.68016   10 2624          -   34.90234      - 73786 3438s
   267   256   39.30378   11 2624          -   34.90234      - 73233 3586s
   269   258   38.20243    8 2262          -   34.90234      - 76076 3590s
   271   259   36.88985   10 3624          -   34.90234      - 75514 3602s
   272   260   38.88557    6 3445          -   34.90234      - 75236 3608s
   273   261   37.71845    9 3311          -   34.90234      - 74961 3616s
   274   261   37.35087    9 3243          -   34.90234      - 74687 3621s
   275   262   39.12236    8 3258          -   34.90234      - 74416 3662s
   276   263   36.04834   10 3079          -   34.90234      - 74146 3670s
   277   263   36.27423    7 3205          -   34.90234      - 73878 3716s
   278   264   34.90234    9 3131          -   34.90234      - 73613 3726s
   279   265   39.89420    9 3094          -   34.90234      - 73349 3781s
   280   265   36.77843    7 2929          -   34.90234      - 73087 3786s
   281   266   39.64134    9 2796          -   34.90234      - 72827 3833s
   282   267   38.86386    8 2794          -   34.90234      - 72568 3840s
   283   267   38.69014    9 2853          -   34.90234      - 72312 3885s
   284   268   37.20929   11 2730          -   34.90234      - 72057 3893s
   285   269   36.90539    9 2718          -   34.90234      - 71805 3942s
   286   269   36.79140   10 2725          -   34.90234      - 71554 4000s
   288   271   37.35087    9 2725          -   34.90234      - 71057 4140s
   291   274   39.10772    6 2262          -   34.90234      - 71935 4145s
   292   274   34.90234    9 3637          -   34.90234      - 71688 4156s
   293   275   38.39620   10 3363          -   34.90234      - 71444 4162s
   294   276   39.97488   10 3304          -   34.90234      - 71201 4168s
   295   276   36.75379    9 3229          -   34.90234      - 70959 4172s
   296   277   39.14872    8 3127          -   34.90234      - 70720 4212s
   297   278   36.90539    9 3068          -   34.90234      - 70481 4219s
   298   278   35.73586    7 2995          -   34.90234      - 70245 4274s
   299   279   37.72182    9 3061          -   34.90234      - 70010 4280s
   300   280   38.69014    8 3097          -   34.90234      - 69777 4344s
   301   280   35.85457    6 2916          -   34.90234      - 69545 4350s
   302   281   36.27077    9 2817          -   34.90234      - 69315 4409s
   303   282   38.04495    8 2887          -   34.90234      - 69086 4424s
   304   282   36.31741    9 2898          -   34.90234      - 68859 4497s
   305   283   38.78957    9 2768          -   34.90234      - 68633 4508s
   306   284   39.49669   10 2675          -   34.90234      - 68408 4573s
   307   284   36.84145    7 2721          -   34.90234      - 68186 4643s
   309   286   35.87093    8 2721          -   34.90234      - 67744 4777s
   311   288   38.80613   11 2262          -   34.90234      - 69545 4781s
   313   289   35.63207    6 3683          -   34.90234      - 69101 4793s
   314   290   39.60731    8 3472          -   34.90234      - 68881 4802s
   315   291   36.75379    9 3216          -   34.90234      - 68662 4810s
   316   291   39.97663   10 3199          -   34.90234      - 68445 4815s
   317   292   38.78957    9 3196          -   34.90234      - 68229 4858s
   318   293   36.77843    8 3061          -   34.90234      - 68014 4870s
   319   293   36.23743    9 3073          -   34.90234      - 67801 4925s
   320   294   38.82539    7 3032          -   34.90234      - 67589 4934s
   321   295   39.31149    8 2982          -   34.90234      - 67379 4976s
   322   295   36.04834   10 2843          -   34.90234      - 67169 4983s
   323   296   38.14690    9 2926          -   34.90234      - 66961 5028s
   324   297   39.50527    9 2972          -   34.90234      - 66755 5040s
   325   297   36.88985   10 2919          -   34.90234      - 66549 5099s
   326   298   38.63462    8 2721          -   34.90234      - 66345 5104s
   327   299   35.85457    9 2643          -   34.90234      - 66142 5158s
   328   299   38.20243    7 2659          -   34.90234      - 65941 5170s
   329   300   40.22868    8 2690          -   34.90234      - 65740 5234s
   330   301   36.29357    6 2492          -   34.90234      - 65541 5240s
   331   301   39.39284   11 2500          -   34.90234      - 65343 5290s
   332   302   39.60731    8 2548          -   34.90234      - 65146 5351s
   334   303   39.06889    6 2548          -   34.90234      - 64756 5473s
   336   306   36.90539    9 2262          -   34.90234      - 66904 5477s
   338   307   38.27106   11 3631          -   34.90234      - 66508 5489s
   339   308   36.90539    9 3378          -   34.90234      - 66312 5494s
   340   309   37.72182    9 3256          -   34.90234      - 66117 5500s
   341   309   38.86386    8 3241          -   34.90234      - 65923 5505s
   342   310   38.37885    9 3285          -   34.90234      - 65730 5550s
   343   311   37.29892   10 3174          -   34.90234      - 65539 5562s
   344   311   38.82539    7 3036          -   34.90234      - 65348 5616s
   345   312   37.43717   10 3045          -   34.90234      - 65159 5632s
   346   313   36.84145    7 2988          -   34.90234      - 64971 5679s
   347   313   36.20451    8 2891          -   34.90234      - 64783 5692s
   348   314   36.90539    9 2843          -   34.90234      - 64597 5745s
   349   315   39.64134    9 2890          -   34.90234      - 64412 5786s
   350   315   39.64134    9 2834          -   34.90234      - 64228 5847s
   351   316   38.78957    9 2760          -   34.90234      - 64045 5859s
   352   317   39.89420    9 2611          -   34.90234      - 63863 5908s
   353   317   38.04495    8 2725          -   34.90234      - 63682 5947s
   354   318   36.63685    8 2761          -   34.90234      - 63502 6024s
   355   319   39.64134    9 2646          -   34.90234      - 63323 6038s
   356   319   39.78654    8 2610          -   34.90234      - 63146 6090s
   357   320   38.42363   10 2677          -   34.90234      - 62969 6180s
   359   321   39.08065    6 2677          -   34.90234      - 62618 6316s
   361   324   36.23743   10 2262          -   34.90234      - 65298 6320s
   363   325   39.68016   10 3615          -   34.90234      - 64938 6332s
   364   326   38.59579    8 3488          -   34.90234      - 64760 6339s
   365   327   39.68016   10 3226          -   34.90234      - 64582 6347s
   366   327   39.33097   10 3158          -   34.90234      - 64406 6352s
   367   328   39.30378   11 3183          -   34.90234      - 64230 6393s
   368   329   39.25722    6 3109          -   34.90234      - 64056 6404s
   369   329   38.20243    8 3029          -   34.90234      - 63882 6443s
   370   330   38.39620   10 3131          -   34.90234      - 63709 6451s
   371   331   36.88985   10 3101          -   34.90234      - 63538 6516s
   372   331   38.88557    6 2981          -   34.90234      - 63367 6523s
   373   332   37.71845    9 2934          -   34.90234      - 63197 6590s
   374   333   37.35087    9 2959          -   34.90234      - 63028 6627s
   375   333   39.12236    8 2906          -   34.90234      - 62860 6698s
   376   334   36.04834   10 2813          -   34.90234      - 62693 6728s
   377   335   36.27423    7 2658          -   34.90278      - 62526 6792s
   378   335   34.96308    9 2661          -   34.96308      - 62361 6795s
   379   336   39.89420    9 2704          -   34.96308      - 62197 6823s
   380   337   36.77843    7 2618          -   34.96308      - 62033 6826s
   381   337   39.64134    9 2621          -   34.96308      - 61870 6856s
   383   339   38.69014    9 2543          -   34.96308      - 61547 6886s
   385   340   36.90539    9 2437          -   34.96308      - 61227 6916s
   386   341   36.79140   10 2508          -   34.96308      - 61069 6920s
   387   341   39.19432    9 2516          -   34.96308      - 60911 6956s
   389   343   36.25474    6 2371          -   34.96308      - 60598 6995s
   390   343   39.50527    9 2420          -   35.02513      - 60442 7000s
   391   344   39.10772    6 2449          -   35.02627      - 60288 7042s
   392   345   35.07533    9 2344          -   35.07533      - 60134 7046s
   393   345   38.39620   10 2342          -   35.07845      - 59981 7074s
   394   346   39.97488   10 2341          -   35.07928      - 59829 7097s
   395   347   36.75379    9 2307          -   35.09550      - 59677 7130s
   397   348   36.90539    9 2269          -   35.13748      - 59377 7167s
   398   349   35.73586    7 2283          -   35.16553      - 59227 7170s
   399   349   37.72182    9 2268          -   35.16553      - 59079 7207s
   401   351   35.85457    6 2311          -   35.19228      - 58784 7238s
   402   351   36.27077    9 2211          -   35.19968      - 58638 7242s
   403   352   38.04495    8 2240          -   35.22344      - 58492 7275s
   404   353   36.31741    9 2164          -   35.23607      - 58348 7280s
   405   353   38.78957    9 2226          -   35.24388      - 58204 7331s
   406   354   39.49669   10 2137          -   35.24583      - 58060 7336s
   407   355   36.84145    7 2150          -   35.25494      - 57918 7381s
   408   355   39.62048   11 2089          -   35.25494      - 57776 7385s
   409   356   35.87093    8 2114          -   35.25494      - 57634 7435s
   411   357   38.80613   11 2024          -   35.25494      - 57354 7485s
   413   359   35.63207    6 2102          -   35.25774      - 57076 7539s
   414   359   39.60731    8 2028          -   35.25774      - 56938 7543s
   415   360   36.75379    9 2026          -   35.25774      - 56801 7600s
   416   361   39.97663   10 2001          -   35.25774      - 56665 7606s
   417   361   38.78957    9 2040          -   35.25774      - 56529 7660s
   418   362   36.77843    8 1966          -   35.25774      - 56393 7665s
   419   363   36.23743    9 1952          -   35.25860      - 56259 7716s
   420   363   38.82539    7 1908          -   35.25879      - 56125 7720s
   421   364   39.31149    8 1927          -   35.25879      - 55992 7761s
   422   365   36.04834   10 1921          -   35.25906      - 55859 7766s
   423   365   38.14690    9 1915          -   35.25906      - 55727 7814s
   424   366   39.50527    9 1904          -   35.25906      - 55595 7817s
   425   367   36.88985   10 1913          -   35.28004      - 55465 7879s
   426   367   38.63462    8 1880          -   35.28044      - 55334 7883s
   427   368   35.85457    9 1869          -   35.28044      - 55205 7926s
   429   369   40.22868    8 1851          -   35.28044      - 54947 7959s
   430   370   36.29357    6 1858          -   35.28044      - 54820 7963s
   431   371   39.39284   11 1840          -   35.28044      - 54693 7996s
   432   371   39.60731    8 1826          -   35.28044      - 54566 8000s
   433   372   40.07414    8 1819          -   35.28044      - 54440 8051s
   434   373   39.06889    6 1807          -   35.28044      - 54314 8057s
   435   373   39.89420    9 1827          -   35.31798      - 54190 8122s
   436   374   36.90539    9 1773          -   35.31915      - 54065 8127s
   437   375   35.46920    8 1768          -   35.32957      - 53942 8189s
   438   375   38.27106   11 1760          -   35.32957      - 53818 8193s
   439   376   36.90539    9 1758          -   35.33210      - 53696 8243s
   440   377   37.72182    9 1735          -   35.33613      - 53574 8248s
   441   377   38.86386    8 1745          -   35.33783      - 53452 8320s
   442   378   38.37885    9 1749          -   35.39086      - 53331 8335s
   443   379   37.29892   10 1743          -   35.39335      - 53211 8401s
   444   379   38.82539    7 1741          -   35.39439      - 53091 8409s
   445   380   37.43717   10 1704          -   35.39746      - 52972 8452s
   446   381   36.84145    7 1802          -   35.40376      - 52853 8458s
   447   381   36.20451    8 1780          -   35.40699      - 52735 8503s
   448   382   36.90539    9 1758          -   35.40699      - 52617 8508s
   449   383   39.64134    9 1763          -   35.40699      - 52500 8563s
   450   383   39.64134    9 1705          -   35.40737      - 52383 8568s
   451   384   38.78957    9 1720          -   35.40769      - 52267 8620s
   453   385   38.04495    8 1720          -   35.40769      - 52036 8669s
   454   386   36.63685    8 1723          -   35.42455      - 51922 8678s
   455   387   39.64134    9 1702          -   35.43398      - 51808 8737s
   456   387   39.78654    8 1671          -   35.46980      - 51694 8746s
   457   388   38.42363   10 1683          -   35.46988      - 51581 8802s
   458   389   37.68553    8 1672          -   35.47014      - 51468 8806s
   459   389   39.08065    6 1675          -   35.48743      - 51356 8851s
   460   390   38.37885    9 1660          -   35.48787      - 51245 8855s
   461   391   36.23743   10 1646          -   35.48859      - 51133 8913s
   462   391   38.02864    7 1665          -   35.48859      - 51023 8916s
   463   392   39.68016   10 1650          -   35.48859      - 50912 8983s
   464   393   38.59579    8 1657          -   35.48859      - 50803 8987s
   465   393   39.68016   10 1663          -   35.48859      - 50693 9023s
   466   394   39.33097   10 1657          -   35.48859      - 50585 9026s
   467   395   39.30378   11 1658          -   35.48859      - 50476 9062s
   468   395   39.25722    6 1638          -   35.48859      - 50369 9067s
   469   396   38.20243    8 1632          -   35.48860      - 50261 9150s
   470   397   38.39620   10 1609          -   35.48864      - 50154 9156s
   471   397   36.88985   10 1671          -   35.49591      - 50048 9365s
   472   398   38.88557    6 1676          -   35.51707      - 49942 9374s
   473   399   37.71845    9 1660          -   35.51728      - 49836 9448s
   474   399   37.35087    9 1609          -   35.52133      - 49731 9454s
   475   400   39.12236    8 1603          -   35.52133      - 49626 9519s
   476   401   36.04834   10 1603          -   35.54456      - 49522 9527s
   477   401   36.27423    7 1619          -   35.54456      - 49418 9578s
   478   402   35.54456    9 1613          -   35.54456      - 49315 9582s
   479   403   39.89420    9 1630          -   35.54456      - 49212 9627s
   480   403   36.77843    7 1641          -   35.54456      - 49109 9630s
   481   404   39.64134    9 1672          -   35.54456      - 49007 9675s
   483   405   38.69014    9 1675          -   35.54814      - 48804 9714s
   484   406   37.20929   11 1674          -   35.54814      - 48703 9717s
   485   407   36.90539    9 1688          -   35.55189      - 48603 9760s
   487   408   39.19432    9 1687          -   35.55189      - 48403 9801s
   489   409   36.25474    6 1669          -   35.55189      - 48205 9850s
   491   411   39.10772    6 1621          -   35.57052      - 48009 9901s
   492   411   35.57059    9 1594          -   35.57059      - 47912 9905s
   493   412   38.39620   10 1614          -   35.57059      - 47814 9944s
   494   413   39.97488   10 1625          -   35.57059      - 47718 9948s
   495   413   36.75379    9 1590          -   35.57059      - 47621 9985s
   497   415   36.90539    9 1609          -   35.57059      - 47430 10024s
   498   415   35.73586    7 1601          -   35.57325      - 47334 10029s
   499   416   37.72182    9 1611          -   35.57325      - 47239 10067s
   500   417   38.69014    8 1594          -   35.57325      - 47145 10070s
   501   417   35.85457    6 1625          -   35.58011      - 47051 10111s
   502   418   36.27077    9 1608          -   35.58011      - 46957 10115s
   503   419   38.04495    8 1637          -   35.58011      - 46864 10151s
   504   419   36.31741    9 1623          -   35.58389      - 46771 10155s
   505   420   38.78957    9 1628          -   35.58397      - 46678 10197s
   506   421   39.49669   10 1611          -   35.58397      - 46586 10200s
   507   421   36.84145    7 1561          -   35.60885      - 46494 10240s
   509   423   35.87093    8 1531          -   35.61883      - 46311 10306s
   510   423   39.08065    6 1547          -   35.62260      - 46221 10310s
   511   424   38.80613   11 1560          -   35.62260      - 46130 10374s
   512   425   35.97898    9 1642          -   35.62702      - 46040 10378s
   513   425   35.63540    6 1598          -   35.63540      - 45950 10440s
   515   427   36.75379    9 1530          -   35.63540      - 45772 10495s
   517   428   38.78957    9 1553          -   35.63940      - 45595 10541s
   519   429   36.23743    9 1599          -   35.63940      - 45419 10595s
   521   431   39.31149    8 1572          -   35.63940      - 45245 10655s
   523   432   38.14690    9 1583          -   35.64074      - 45072 10713s
   524   433   39.50527    9 1519          -   35.64142      - 44986 10717s
   525   433   36.88985   10 1518          -   35.64142      - 44900 10775s
   527   435   35.85457    9 1524          -   35.64142      - 44730 10823s
   528   435   38.20243    7 1525          -   35.64142      - 44645 10825s
   529   436   40.22868    8 1548          -   35.64142      - 44560 10869s
   530   437   36.29357    6 1549          -   35.64350      - 44476 10873s
   531   437   39.39284   11 1556          -   35.64350      - 44393 10905s
   533   439   40.07414    8 1538          -   35.64350      - 44226 10941s
   535   440   39.89420    9 1541          -   35.64350      - 44061 10981s
   536   441   36.90539    9 1558          -   35.64437      - 43978 10985s
   537   441   35.64437    8 1536          -   35.64437      - 43897 11026s
   539   443   36.90539    9 1546          -   35.64437      - 43734 11064s
   540   443   37.72182    9 1551          -   35.64437      - 43653 11067s
   541   444   38.86386    8 1548          -   35.64437      - 43572 11110s
   543   445   37.29892   10 1539          -   35.64437      - 43412 11153s
   544   446   38.82539    7 1559          -   35.64437      - 43332 11156s
   545   447   37.43717   10 1596          -   35.64437      - 43252 11169s
   546   447   36.84145    7 1602          -   35.64441      - 43173 11172s
   547   448   36.20451    8 1640          -   35.64673      - 43094 11186s
   548   449   36.90539    9 1627          -   35.65151      - 43015 11190s
   549   449   39.64134    9 1635          -   35.65323      - 42937 11201s
   551   451   38.78957    9 1605          -   35.65512      - 42781 11215s
   552   451   39.89420    9 1584          -   35.67714      - 42704 11220s
   553   452   38.04495    8 1586          -   35.67714      - 42627 11232s
   554   453   36.63685    8 1561          -   35.68796      - 42550 11236s
   555   453   39.64134    9 1578          -   35.68866      - 42473 11248s
   556   454   39.78654    8 1557          -   35.69046      - 42397 11251s
   557   455   38.42363   10 1554          -   35.69046      - 42320 11263s
   558   455   37.68553    8 1560          -   35.69047      - 42245 11266s
   559   456   39.08065    6 1552          -   35.69049      - 42169 11278s
   560   457   38.37885    9 1551          -   35.69152      - 42094 11282s
   561   457   36.23743   10 1545          -   35.69159      - 42019 11295s
   564   461   38.59579    8 2262          -   35.69159      - 45263 11300s
   566   462   39.33097   10 3615          -   35.69159      - 45103 11312s
   567   463   39.30378   11 3411          -   35.69159      - 45024 11318s
   568   464   39.25722    6 3221          -   35.69159      - 44944 11324s
   569   464   38.20243    8 3171          -   35.69159      - 44865 11330s
   570   465   38.39620   10 3082          -   35.69159      - 44787 11363s
   571   466   36.88985   10 3122          -   35.69159      - 44708 11370s
   572   466   38.88557    6 3054          -   35.69159      - 44630 11401s
   573   467   37.71845    9 3119          -   35.69159      - 44552 11407s
   574   468   37.35087    9 3058          -   35.69159      - 44475 11437s
   575   468   39.12236    8 2962          -   35.69159      - 44397 11443s
   576   469   36.04834   10 2842          -   35.69159      - 44320 11482s
   577   470   36.27423    7 2938          -   35.69159      - 44243 11491s
   578   470   35.69159    9 2860          -   35.69159      - 44167 11531s
   579   471   39.89420    9 2736          -   35.69159      - 44091 11538s
   580   472   36.77843    7 2765          -   35.69159      - 44015 11577s
   581   472   39.64134    9 2871          -   35.69159      - 43939 11589s
   582   473   38.86386    8 2907          -   35.69159      - 43863 11644s
   583   474   38.69014    9 2866          -   35.69159      - 43788 11675s
   584   474   37.20929   11 2725          -   35.69159      - 43713 11705s
   586   476   36.79140   10 2574          -   35.69159      - 43564 11738s
   587   476   39.19432    9 2548          -   35.69159      - 43490 11740s
   588   477   37.35087    9 2533          -   35.69159      - 43416 11769s
   589   478   36.25474    6 2500          -   35.69159      - 43342 11771s
   590   478   39.50527    9 2555          -   35.69159      - 43269 11803s
   591   479   39.10772    6 2479          -   35.69159      - 43195 11806s
   592   480   35.69159    9 2491          -   35.69159      - 43122 11841s
   594   481   39.97488   10 2431          -   35.69159      - 42977 11874s
   595   482   36.75379    9 2481          -   35.69159      - 42905 11878s
   596   482   39.14872    8 2441          -   35.69159      - 42833 11916s
   597   483   36.90539    9 2431          -   35.69159      - 42761 11920s
   598   484   35.73586    7 2388          -   35.69159      - 42690 11954s
   599   484   37.72182    9 2429          -   35.69159      - 42618 11957s
   600   485   38.69014    8 2377          -   35.69159      - 42547 11989s
   601   486   35.85457    6 2449          -   35.69159      - 42477 11993s
   602   486   36.27077    9 2399          -   35.69159      - 42406 12025s
   604   488   36.31741    9 2400          -   35.69159      - 42266 12059s
   605   488   38.78957    9 2298          -   35.69159      - 42196 12062s
   606   489   39.49669   10 2342          -   35.69159      - 42126 12092s
   607   490   36.84145    7 2257          -   35.69159      - 42057 12095s
   608   490   39.62048   11 2280          -   35.69159      - 41988 12127s
   609   491   35.87093    8 2233          -   35.69159      - 41919 12130s
   610   492   39.08065    6 2266          -   35.69159      - 41850 12165s
   612   493   35.97898    9 2227          -   35.69159      - 41713 12203s
   613   494   35.69159    6 2185          -   35.69159      - 41645 12259s
   614   494   39.60731    8 2167          -   35.69159      - 41577 12307s
   615   495   36.75379    9 2128          -   35.69159      - 41510 12310s
   616   496   39.97663   10 2160          -   35.69159      - 41442 12364s
   617   496   38.78957    9 2173          -   35.69159      - 41375 12370s
   618   497   36.77843    8 2123          -   35.69159      - 41308 12409s
   619   498   36.23743    9 2037          -   35.69159      - 41241 12412s
   620   498   38.82539    7 2027          -   35.69159      - 41175 12446s
   622   500   36.04834   10 1989          -   35.69159      - 41042 12457s
   623   500   38.14690    9 2011          -   35.69159      - 40977 12460s
   624   501   39.50527    9 2003          -   35.69159      - 40911 12468s
   625   502   36.88985   10 1965          -   35.69159      - 40845 12471s
   626   502   38.63462    8 2000          -   35.69159      - 40780 12480s
   628   504   38.20243    7 1916          -   35.69159      - 40650 12492s
   629   504   40.22868    8 1882          -   35.69159      - 40586 12495s
   630   505   36.29357    6 1886          -   35.69159      - 40521 12508s
   631   506   39.39284   11 1807          -   35.69159      - 40457 12515s
   632   506   39.60731    8 1820          -   35.69159      - 40393 12528s
   633   507   40.07414    8 1751          -   35.69159      - 40329 12534s
   634   508   39.06889    6 1776          -   35.69159      - 40266 12545s
   635   508   39.89420    9 1745          -   35.69159      - 40202 12555s
   636   509   36.90539    9 1756          -   35.69159      - 40139 12568s
   637   510   35.69159    8 1748          -   35.69159      - 40076 12576s
   638   510   38.27106   11 1792          -   35.69159      - 40013 12594s
   639   511   36.90539    9 1740          -   35.69159      - 39951 12599s
   640   512   37.72182    9 1776          -   35.69159      - 39888 12613s
   641   512   38.86386    8 1724          -   35.69159      - 39826 12617s
   642   513   38.37885    9 1721          -   35.69159      - 39764 12631s
   643   514   37.29892   10 1691          -   35.69159      - 39702 12637s
   644   514   38.82539    7 1721          -   35.69159      - 39640 12652s
   645   515   37.43717   10 1654          -   35.69159      - 39579 12657s
   646   516   36.84145    7 1657          -   35.69159      - 39518 12670s
   647   516   36.20451    8 1636          -   35.69159      - 39457 12675s
   648   517   36.90539    9 1621          -   35.69159      - 39396 12688s
   649   518   39.64134    9 1593          -   35.69159      - 39335 12693s
   650   518   39.64134    9 1604          -   35.69159      - 39275 12706s
   651   519   38.78957    9 1571          -   35.69159      - 39214 12718s
   652   520   39.89420    9 1589          -   35.69159      - 39154 12734s
   653   520   38.04495    8 1531          -   35.69159      - 39094 12740s
   654   521   36.63685    8 1539          -   35.69159      - 39034 12752s
   655   522   39.64134    9 1534          -   35.69159      - 38975 12755s
   656   522   39.78654    8 1542          -   35.69159      - 38915 12769s
   657   523   38.42363   10 1517          -   35.69159      - 38856 12773s
   658   524   37.68553    8 1520          -   35.69159      - 38797 12785s
   660   525   38.37885    9 1497          -   35.69159      - 38679 12801s
   661   526   36.23743   10 1485          -   35.69159      - 38621 12807s
   662   526   38.02864    7 1523          -   35.69159      - 38563 12824s
   663   527   39.68016   10 1482          -   35.69159      - 38504 12869s
   664   528   38.59579    8 1491          -   35.69159      - 38446 12884s
   665   528   39.68016   10 1587          -   35.69159      - 38389 12896s
   666   529   39.33097   10 1602          -   35.69159      - 38331 12912s
   667   530   39.30378   11 1592          -   35.69159      - 38274 12917s
   668   530   39.25722    6 1590          -   35.69159      - 38216 12929s
   669   531   38.20243    8 1593          -   35.69159      - 38159 12933s
   670   532   38.39620   10 1569          -   35.69159      - 38102 12945s
   672   533   38.88557    6 1523          -   35.69159      - 37989 12962s
   673   534   37.71845    9 1463          -   35.69159      - 37932 12965s
   674   534   37.35087    9 1512          -   35.69159      - 37876 12978s
   675   535   39.12236    8 1505          -   35.69159      - 37820 12981s
   676   536   36.04834   10 1514          -   35.69159      - 37764 12993s
   677   536   36.27423    7 1459          -   35.69159      - 37708 13000s
   678   537   35.69159    9 1471          -   35.69159      - 37653 13012s
   679   538   39.89420    9 1484          -   35.69159      - 37597 13017s
   680   538   36.77843    7 1417          -   35.69159      - 37542 13030s
   681   539   39.64134    9 1449          -   35.69159      - 37487 13035s
   682   540   38.86386    8 1458          -   35.69159      - 37432 13047s
   683   540   38.69014    9 1528          -   35.70575      - 37377 13052s
   684   541   37.20929   11 1545          -   35.70575      - 37322 13064s
   685   542   36.90539    9 1528          -   35.70715      - 37268 13068s
   686   542   36.79140   10 1549          -   35.70715      - 37213 13080s
   688   544   37.35087    9 1510          -   35.71242      - 37105 13096s
   689   544   36.25474    6 1482          -   35.71242      - 37051 13101s
   690   545   39.50527    9 1441          -   35.71326      - 36998 13114s
   691   546   39.10772    6 1471          -   35.72420      - 36944 13120s
   692   546   35.72789    9 1474          -   35.72789      - 36891 13133s
   693   547   38.39620   10 1453          -   35.72789      - 36838 13137s
   694   548   39.97488   10 1468          -   35.72789      - 36784 13150s
   695   548   36.75379    9 1445          -   35.72789      - 36732 13155s
   696   549   39.14872    8 1462          -   35.72912      - 36679 13236s
   697   550   36.90539    9 1473          -   35.72963      - 36626 13310s
   698   550   35.73586    7 1463          -   35.73329      - 36574 13324s
   699   551   37.72182    9 1471          -   35.73414      - 36521 13329s
   700   552   38.69014    8 1494          -   35.73417      - 36469 13342s
   701   552   35.85457    6 1508          -   35.73417      - 36417 13346s
   702   553   36.27077    9 1517          -   35.73431      - 36365 13357s
   703   554   38.04495    8 1528          -   35.73526      - 36314 13361s
   704   554   36.31741    9 1531          -   35.73526      - 36262 13446s
   705   555   38.78957    9 1496          -   35.73596      - 36211 13450s
   706   556   39.49669   10 1505          -   35.73596      - 36159 13463s
   707   556   36.84145    7 1523          -   35.73596      - 36108 13466s
   708   557   39.62048   11 1519          -   35.73596      - 36057 13479s
   709   558   35.87093    8 1518          -   35.73596      - 36006 13482s
   710   558   39.08065    6 1511          -   35.73596      - 35956 13494s
   711   559   38.80613   11 1522          -   35.73596      - 35905 13498s
   712   560   35.97898    9 1530          -   35.73596      - 35855 13513s
   713   560   35.73596    6 1516          -   35.73596      - 35804 13518s
   714   561   39.60731    8 1513          -   35.73605      - 35754 13532s
   715   562   36.75379    9 1557          -   35.74181      - 35704 13538s
   716   562   39.97663   10 1545          -   35.74332      - 35654 13549s
   717   563   38.78957    9 1546          -   35.74776      - 35605 13552s
   718   564   36.77843    8 1684          -   35.74973      - 35555 13564s
   719   564   36.23743    9 1675          -   35.75441      - 35505 13568s
   720   565   38.82539    7 1681          -   35.75457      - 35456 13580s
   722   566   36.04834   10 1667          -   35.75502      - 35358 13595s
   724   568   39.50527    9 1681          -   35.75509      - 35260 13610s
   726   569   38.63462    8 1684          -   35.75509      - 35163 13625s
   728   570   38.20243    7 1679          -   35.75660      - 35067 13640s
   730   572   36.29357    6 1684          -   35.75694      - 34970 13654s
   731   572   39.39284   11 1685          -   35.75694      - 34923 13657s
   732   573   39.60731    8 1693          -   35.75694      - 34875 13670s
   734   574   39.06889    6 1677          -   35.75694      - 34780 13685s
   736   576   36.90539    9 1714          -   35.76757      - 34685 13702s
   737   576   35.77230    8 1648          -   35.77230      - 34638 13707s
   738   577   38.27106   11 1584          -   35.77825      - 34591 13721s
   739   578   36.90539    9 1558          -   35.78244      - 34545 13727s
   740   578   37.72182    9 1509          -   35.79120      - 34498 13746s
   741   579   38.86386    8 1546          -   35.79956      - 34451 13752s
   742   580   38.37885    9 1582          -   35.79982      - 34405 13765s
   744   581   38.82539    7 1582          -   35.80058      - 34312 13782s
   745   582   37.43717   10 1619          -   35.80166      - 34266 13785s
   746   582   36.84145    7 1604          -   35.80166      - 34220 13798s
   747   583   36.20451    8 1618          -   35.80271      - 34175 13802s
   748   584   36.90539    9 1652          -   35.80271      - 34129 13815s
   750   585   39.64134    9 1613          -   35.80271      - 34038 13833s
   751   586   38.78957    9 1640          -   35.80271      - 33993 13837s
   752   586   39.89420    9 1637          -   35.80375      - 33947 13851s
   753   587   38.04495    8 1615          -   35.80479      - 33902 13857s
   754   588   36.63685    8 1649          -   35.80479      - 33857 13870s
   756   589   39.78654    8 1660          -   35.80495      - 33768 13888s
   757   590   38.42363   10 1691          -   35.80495      - 33723 13892s
   758   590   37.68553    8 1648          -   35.80502      - 33679 13907s
   759   591   39.08065    6 1636          -   35.80502      - 33634 13911s
   760   592   38.37885    9 1650          -   35.80502      - 33590 13924s
   761   592   36.23743   10 1659          -   35.80502      - 33546 13928s
   762   593   38.02864    7 1655          -   35.80502      - 33502 13942s
   763   594   39.68016   10 1662          -   35.80533      - 33458 13946s
   764   594   38.59579    8 1654          -   35.80533      - 33414 13959s
   765   595   39.68016   10 1666          -   35.80533      - 33370 13961s
   767   598   39.30378   11 2262          -   35.80533      - 36576 13965s
   769   599   38.20243    8 3695          -   35.80533      - 36481 13979s
   770   600   38.39620   10 3486          -   35.80533      - 36433 13984s
   771   601   36.88985   10 3294          -   35.80533      - 36386 13990s
   772   601   38.88557    6 3311          -   35.80533      - 36339 13995s
   773   602   37.71845    9 3238          -   35.80533      - 36292 14053s
   774   603   37.35087    9 3261          -   35.80533      - 36245 14062s
   775   603   39.12236    8 3123          -   35.80533      - 36198 14142s
   776   604   36.04834   10 3240          -   35.80533      - 36152 14148s
   777   605   36.27423    7 3200          -   35.80533      - 36105 14227s
   778   605   35.80533    9 3109          -   35.80533      - 36059 14233s
   779   606   39.89420    9 2981          -   35.80533      - 36013 14296s
   780   607   36.77843    7 3060          -   35.80533      - 35966 14308s
   781   607   39.64134    9 2984          -   35.80533      - 35920 14371s
   782   608   38.86386    8 2850          -   35.80533      - 35874 14376s
   783   609   38.69014    9 2825          -   35.80533      - 35829 14430s
   784   609   37.20929   11 2823          -   35.80533      - 35783 14437s
   785   610   36.90539    9 2908          -   35.80533      - 35737 14519s
   786   611   36.79140   10 2927          -   35.80533      - 35692 14522s
   787   611   39.19432    9 2763          -   35.80533      - 35646 14580s
   789   613   36.25474    6 2727          -   35.80533      - 35556 14592s
   790   613   39.50527    9 2719          -   35.80533      - 35511 14596s
   791   614   39.10772    6 2688          -   35.80533      - 35466 14604s
   792   615   35.80533    9 2685          -   35.80533      - 35421 14607s
   793   615   38.39620   10 2674          -   35.80533      - 35377 14616s
   795   617   36.75379    9 2662          -   35.80533      - 35288 14628s
   796   617   39.14872    8 2702          -   35.80533      - 35243 14633s
   797   618   36.90539    9 2724          -   35.80533      - 35199 14646s
   798   619   35.80533    7 2680          -   35.80533      - 35155 14651s
   799   619   37.72182    9 2636          -   35.80533      - 35111 14660s
   800   620   38.69014    8 2668          -   35.80533      - 35067 14666s
   801   621   35.85457    6 2591          -   35.80533      - 35023 14676s
   802   621   36.27077    9 2577          -   35.80533      - 34980 14680s
   803   622   38.04495    8 2533          -   35.80533      - 34936 14692s
   804   623   36.31741    9 2520          -   35.80533      - 34893 14695s
   805   623   38.78957    9 2571          -   35.80533      - 34849 14707s
   806   624   39.49669   10 2492          -   35.80533      - 34806 14711s
   807   625   36.84145    7 2537          -   35.80533      - 34763 14725s
   809   626   35.87093    8 2440          -   35.80533      - 34677 14741s
   810   627   39.08065    6 2411          -   35.80533      - 34634 14746s
   811   627   38.80613   11 2447          -   35.80533      - 34592 14761s
   812   628   35.97898    9 2330          -   35.80533      - 34549 14766s
   813   629   35.80533    6 2323          -   35.80533      - 34506 14778s
   814   629   39.60731    8 2265          -   35.80533      - 34464 14782s
   815   630   36.75379    9 2281          -   35.80533      - 34422 14794s
   816   631   39.97663   10 2179          -   35.80533      - 34380 14798s
   817   631   38.78957    9 2210          -   35.80533      - 34338 14809s
   818   632   36.77843    8 2158          -   35.80533      - 34296 14812s
   819   633   36.23743    9 2142          -   35.80533      - 34254 14823s
   820   633   38.82539    7 2110          -   35.80533      - 34212 14827s
   821   634   39.31149    8 2114          -   35.80533      - 34170 14839s
   822   635   36.04834   10 2080          -   35.80533      - 34129 14843s
   823   635   38.14690    9 2111          -   35.80533      - 34087 14855s
   825   637   36.88985   10 2033          -   35.80533      - 34005 14874s
   826   637   38.63462    8 1999          -   35.80533      - 33963 14878s
   827   638   35.85457    9 1969          -   35.80533      - 33922 14890s
   828   639   38.20243    7 1954          -   35.80533      - 33881 14896s
   829   639   40.22868    8 1958          -   35.80533      - 33840 14908s
   830   640   36.29357    6 1987          -   35.80533      - 33800 14912s
   831   641   39.39284   11 1938          -   35.80533      - 33759 14933s
   832   641   39.60731    8 1872          -   35.80533      - 33718 14937s
   833   642   40.07414    8 1885          -   35.80533      - 33678 14951s
   834   643   39.06889    6 1895          -   35.80533      - 33638 14955s
   835   643   39.89420    9 1959          -   35.80533      - 33597 14978s
   836   644   36.90539    9 1821          -   35.80533      - 33557 14982s
   837   645   35.80533    8 1904          -   35.80533      - 33517 14995s
   839   646   36.90539    9 1899          -   35.80533      - 33437 15011s
   841   647   38.86386    8 1852          -   35.80533      - 33358 15027s
   842   648   38.37885    9 1763          -   35.80533      - 33318 15031s
   843   649   37.29892   10 1794          -   35.80533      - 33278 15043s
   844   649   38.82539    7 1744          -   35.80533      - 33239 15047s
   845   650   37.43717   10 1735          -   35.80533      - 33200 15059s
   846   651   36.84145    7 1686          -   35.80533      - 33160 15064s
   847   651   36.20451    8 1716          -   35.80533      - 33121 15076s
   848   652   36.90539    9 1692          -   35.80533      - 33082 15081s
   849   653   39.64134    9 1701          -   35.80533      - 33043 15093s
   850   653   39.64134    9 1672          -   35.80533      - 33004 15097s
   851   654   38.78957    9 1718          -   35.80533      - 32966 15111s
   852   655   39.89420    9 1701          -   35.80533      - 32927 15115s
   853   655   38.04495    8 1707          -   35.80533      - 32888 15127s
   854   656   36.63685    8 1733          -   35.80533      - 32850 15132s
   855   657   39.64134    9 1697          -   35.80533      - 32811 15144s
   856   657   39.78654    8 1687          -   35.80533      - 32773 15149s
   857   658   38.42363   10 1693          -   35.80533      - 32735 15161s
   858   659   37.68553    8 1652          -   35.80533      - 32697 15166s
   859   659   39.08065    6 1590          -   35.80533      - 32659 15180s
   860   660   38.37885    9 1588          -   35.80533      - 32621 15186s
   861   661   36.23743   10 1708          -   35.80533      - 32583 15203s
   862   661   38.02864    7 1638          -   35.80533      - 32545 15209s
   863   662   39.68016   10 1601          -   35.80533      - 32507 15223s
   864   663   38.59579    8 1610          -   35.80533      - 32470 15228s
   865   663   39.68016   10 1625          -   35.80533      - 32432 15241s
   866   664   39.33097   10 1600          -   35.80533      - 32395 15246s
   867   665   39.30378   11 1612          -   35.80533      - 32357 15259s
   868   665   39.25722    6 1595          -   35.80533      - 32320 15263s
   869   666   38.20243    8 1594          -   35.80533      - 32283 15275s
   871   667   36.88985   10 1604          -   35.80533      - 32209 15294s
   872   668   38.88557    6 1613          -   35.80533      - 32172 15299s
   873   669   37.71845    9 1631          -   35.80533      - 32135 15312s
   874   669   37.35087    9 1599          -   35.80533      - 32098 15317s
   875   670   39.12236    8 1599          -   35.80533      - 32061 15330s
   877   671   36.27423    7 1606          -   35.80533      - 31988 15347s
   878   672   35.80533    9 1632          -   35.80533      - 31952 15352s
   879   673   39.89420    9 1631          -   35.80533      - 31916 15364s
   880   673   36.77843    7 1605          -   35.80533      - 31879 15368s
   881   674   39.64134    9 1627          -   35.80533      - 31843 15380s
   882   675   38.86386    8 1594          -   35.80533      - 31807 15385s
   883   675   38.69014    9 1586          -   35.80533      - 31771 15396s
   884   676   37.20929   11 1577          -   35.80533      - 31735 15400s
   885   677   36.90539    9 1587          -   35.80533      - 31699 15414s
   886   677   36.79140   10 1610          -   35.80533      - 31663 15417s
   887   678   39.19432    9 1615          -   35.80533      - 31628 15430s
   888   679   37.35087    9 1612          -   35.80533      - 31592 15435s
   889   679   36.25474    6 1584          -   35.80533      - 31557 15449s
   890   680   39.50527    9 1567          -   35.80533      - 31521 15454s
   891   681   39.10772    6 1584          -   35.80533      - 31486 15466s
   892   681   35.80533    9 1586          -   35.80533      - 31450 15470s
   893   682   38.39620   10 1584          -   35.80533      - 31415 15485s
   895   683   36.75379    9 1528          -   35.80533      - 31345 15502s
   896   684   39.14872    8 1508          -   35.80533      - 31310 15507s
   897   685   36.90539    9 1521          -   35.80533      - 31275 15529s
   898   685   35.80533    7 1531          -   35.80533      - 31240 15535s
   899   686   37.72182    9 1543          -   35.80533      - 31205 15550s
   900   687   38.69014    8 1528          -   35.80533      - 31171 15555s
   901   687   35.85457    6 1515          -   35.80533      - 31136 15570s
   903   689   38.04495    8 1484          -   35.80533      - 31067 15589s
   904   689   36.31741    9 1499          -   35.80533      - 31033 15594s
   905   690   38.78957    9 1472          -   35.80533      - 30999 15609s
   906   691   39.49669   10 1484          -   35.80533      - 30964 15614s
   907   691   36.84145    7 1475          -   35.80533      - 30930 15629s
   908   692   39.62048   11 1472          -   35.80533      - 30896 15634s
   909   693   35.87093    8 1481          -   35.80533      - 30862 15647s
   910   693   39.08065    6 1479          -   35.80533      - 30828 15652s
   911   694   38.80613   11 1490          -   35.80533      - 30794 15667s
   912   695   35.97898    9 1478          -   35.80533      - 30761 15672s
   913   695   35.81439    6 1444          -   35.81439      - 30727 15689s
   914   696   39.60731    8 1428          -   35.81439      - 30693 15694s
   915   697   36.75379    9 1427          -   35.81439      - 30660 15712s
   916   697   39.97663   10 1429          -   35.81439      - 30626 15717s
   917   698   38.78957    9 1437          -   35.81439      - 30593 15734s
   918   699   36.77843    8 1450          -   35.81439      - 30560 15738s
   919   699   36.23743    9 1463          -   35.81439      - 30526 15753s
   920   700   38.82539    7 1452          -   35.81439      - 30493 15760s
   921   701   39.31149    8 1472          -   35.81439      - 30460 15776s
   922   701   36.04834   10 1463          -   35.81439      - 30427 15782s
   923   702   38.14690    9 1526          -   35.81443      - 30394 15800s
   924   703   39.50527    9 1502          -   35.81472      - 30361 15806s
   925   703   36.88985   10 1497          -   35.81472      - 30328 15822s
   926   704   38.63462    8 1491          -   35.81472      - 30296 15827s
   927   705   35.85457    9 1471          -   35.81472      - 30263 15843s
   928   705   38.20243    7 1483          -   35.81472      - 30230 15849s
   929   706   40.22868    8 1495          -   35.81472      - 30198 15866s
   930   707   36.29357    6 1485          -   35.81472      - 30165 15873s
   931   707   39.39284   11 1494          -   35.81472      - 30133 15889s
   932   708   39.60731    8 1493          -   35.81472      - 30101 15894s
   933   709   40.07414    8 1514          -   35.81472      - 30068 15911s
   934   709   39.06889    6 1520          -   35.81472      - 30036 15918s
   935   710   39.89420    9 1515          -   35.81477      - 30004 15942s
   936   711   36.90539    9 1478          -   35.81507      - 29972 15948s
   937   711   35.81507    8 1489          -   35.81507      - 29940 15967s
   938   712   38.27106   11 1489          -   35.81507      - 29908 15972s
   939   713   36.90539    9 1485          -   35.81540      - 29876 15989s
   940   713   37.72182    9 1482          -   35.81540      - 29844 15995s
   941   714   38.86386    8 1488          -   35.81540      - 29813 16013s
   942   715   38.37885    9 1493          -   35.81540      - 29781 16018s
   943   715   37.29892   10 1505          -   35.81587      - 29749 16037s
   944   716   38.82539    7 1502          -   35.81587      - 29718 16043s
   945   717   37.43717   10 1498          -   35.81587      - 29686 16059s
   946   717   36.84145    7 1487          -   35.81587      - 29655 16064s
   947   718   36.20451    8 1496          -   35.81587      - 29624 16080s
   948   719   36.90539    9 1477          -   35.81587      - 29593 16085s
   949   719   39.64134    9 1508          -   35.81587      - 29561 16102s
   950   720   39.64134    9 1497          -   35.81587      - 29530 16105s
   951   721   38.78957    9 1502          -   35.81587      - 29499 16120s
   953   722   38.04495    8 1509          -   35.81592      - 29437 16145s
   954   723   36.63685    8 1482          -   35.81633      - 29406 16152s
   955   723   39.64134    9 1469          -   35.81633      - 29376 16169s
   956   724   39.78654    8 1458          -   35.81633      - 29345 16174s
   957   725   38.42363   10 1453          -   35.81633      - 29314 16189s
   958   725   37.68553    8 1458          -   35.81633      - 29284 16194s
   959   726   39.08065    6 1523          -   35.81793      - 29253 16212s
   960   727   38.37885    9 1499          -   35.81931      - 29223 16221s
   961   727   36.23743   10 1481          -   35.82014      - 29192 16237s
   962   728   38.02864    7 1490          -   35.82032      - 29162 16243s
   963   729   39.68016   10 1504          -   35.82032      - 29132 16258s
   964   729   38.59579    8 1497          -   35.82032      - 29101 16264s
   965   730   39.68016   10 1496          -   35.82032      - 29071 16280s
   966   731   39.33097   10 1456          -   35.82133      - 29041 16286s
   967   731   39.30378   11 1484          -   35.82154      - 29011 16304s
   968   732   39.25722    6 1495          -   35.82154      - 28981 16306s
   970   735   38.39620   10 2262          -   35.82154      - 30862 16310s
   972   736   38.88557    6 3724          -   35.82154      - 30798 16323s
   973   737   37.71845    9 3595          -   35.82154      - 30767 16327s
   974   738   37.35087    9 3242          -   35.82154      - 30735 16334s
   975   738   39.12236    8 3214          -   35.82154      - 30704 16339s
   976   739   36.04834   10 3175          -   35.82154      - 30672 16381s
   977   740   36.27423    7 3211          -   35.82154      - 30641 16390s
   978   740   35.82154    9 3040          -   35.82154      - 30609 16446s
   979   741   39.89420    9 3094          -   35.82154      - 30578 16452s
   980   742   36.77843    7 3109          -   35.82154      - 30547 16513s
   981   742   39.64134    9 3027          -   35.82154      - 30516 16521s
   982   743   38.86386    8 2906          -   35.82154      - 30485 16573s
   983   744   38.69014    9 3077          -   35.82154      - 30454 16605s
   984   744   37.20929   11 3130          -   35.82154      - 30423 16678s
   985   745   36.90539    9 3074          -   35.82154      - 30392 16682s
   986   746   36.79140   10 2856          -   35.82154      - 30361 16716s
   988   747   37.35087    9 2768          -   35.82154      - 30300 16754s
   989   748   36.25474    6 2786          -   35.82154      - 30269 16756s
   990   748   39.50527    9 2780          -   35.82154      - 30238 16795s
   992   750   35.82154    9 2781          -   35.82154      - 30177 16803s
   993   750   38.39620   10 2722          -   35.82154      - 30147 16805s
   994   751   39.97488   10 2714          -   35.82154      - 30117 16811s
   996   752   39.14872    8 2740          -   35.82154      - 30056 16820s
   998   754   35.82154    7 2636          -   35.82154      - 29996 16832s
   999   754   37.72182    9 2585          -   35.82154      - 29966 16836s
  1000   755   38.69014    8 2512          -   35.82154      - 29936 16845s
  1002   756   36.27077    9 2576          -   35.82154      - 29876 16862s
  1003   757   38.04495    8 2569          -   35.82154      - 29847 16865s
  1004   758   36.31741    9 2481          -   35.82154      - 29817 16878s
  1005   758   38.78957    9 2475          -   35.82154      - 29787 16882s
  1006   759   39.49669   10 2447          -   35.82154      - 29758 16892s
  1007   760   36.84145    7 2598          -   35.82154      - 29728 16899s
  1008   760   39.62048   11 2616          -   35.82154      - 29698 16910s
  1010   762   39.08065    6 2470          -   35.82154      - 29640 16928s
  1011   762   38.80613   11 2393          -   35.82154      - 29610 16935s
  1012   763   35.97898    9 2370          -   35.82154      - 29581 16949s
  1013   764   35.82154    6 2406          -   35.82154      - 29552 16954s
  1014   764   39.60731    8 2507          -   35.82154      - 29523 16967s
  1015   765   36.75379    9 2415          -   35.82154      - 29494 16970s
  1016   766   39.97663   10 2495          -   35.82154      - 29465 16984s
  1017   766   38.78957    9 2363          -   35.82154      - 29436 16989s
  1018   767   36.77843    8 2410          -   35.82154      - 29407 17004s
  1019   768   36.23743    9 2334          -   35.82154      - 29378 17009s
  1020   768   38.82539    7 2376          -   35.82154      - 29349 17022s
  1021   769   39.31149    8 2299          -   35.82154      - 29320 17026s
  1022   770   36.04834   10 2264          -   35.82154      - 29292 17040s
  1024   771   39.50527    9 2200          -   35.82154      - 29234 17058s
  1025   772   36.88985   10 2145          -   35.82154      - 29206 17062s
  1026   772   38.63462    8 2123          -   35.82154      - 29177 17075s
  1028   774   38.20243    7 2110          -   35.82154      - 29121 17092s
  1029   774   40.22868    8 2054          -   35.82154      - 29092 17096s
  1030   775   36.29357    6 2048          -   35.82154      - 29064 17109s
  1031   776   39.39284   11 2045          -   35.82154      - 29036 17114s
  1032   776   39.60731    8 2094          -   35.82154      - 29008 17129s
  1033   777   40.07414    8 2058          -   35.82154      - 28980 17137s
  1034   778   39.06889    6 2034          -   35.82154      - 28952 17152s
  1035   778   39.89420    9 1972          -   35.82154      - 28924 17157s
  1036   779   36.90539    9 2029          -   35.82154      - 28896 17173s
  1037   780   35.82154    8 1983          -   35.82154      - 28868 17177s
  1038   780   38.27106   11 1996          -   35.82154      - 28840 17192s
  1039   781   36.90539    9 1945          -   35.82154      - 28812 17196s
  1040   782   37.72182    9 1962          -   35.82154      - 28785 17213s
  1041   782   38.86386    8 1969          -   35.82154      - 28757 17217s
  1042   783   38.37885    9 2032          -   35.82154      - 28729 17233s
  1043   784   37.29892   10 1952          -   35.82154      - 28702 17241s
  1044   784   38.82539    7 1928          -   35.82154      - 28674 17254s
  1045   785   37.43717   10 1860          -   35.82154      - 28647 17260s
  1046   786   36.84145    7 1840          -   35.82154      - 28620 17277s
  1047   786   36.20451    8 1846          -   35.82154      - 28592 17282s
  1048   787   36.90539    9 1908          -   35.82154      - 28565 17298s
  1049   788   39.64134    9 1852          -   35.82154      - 28538 17304s
  1050   788   39.64134    9 1866          -   35.82154      - 28511 17319s
  1051   789   38.78957    9 1856          -   35.82154      - 28483 17324s
  1052   790   39.89420    9 1875          -   35.82154      - 28456 17338s
  1053   790   38.04495    8 1834          -   35.82154      - 28429 17354s
  1054   791   36.63685    8 1803          -   35.82154      - 28402 17369s
  1055   792   39.64134    9 1773          -   35.82154      - 28375 17374s
  1056   792   39.78654    8 1805          -   35.82154      - 28349 17391s
  1057   793   38.42363   10 1753          -   35.82154      - 28322 17396s
  1058   794   37.68553    8 1763          -   35.82154      - 28295 17411s
  1059   794   39.08065    6 1775          -   35.82154      - 28268 17417s
  1060   795   38.37885    9 1778          -   35.82154      - 28242 17430s
  1061   796   36.23743   10 1819          -   35.82154      - 28215 17435s
  1062   796   38.02864    7 1853          -   35.82330      - 28188 17456s
  1063   797   39.68016   10 1804          -   35.84408      - 28162 17463s
  1064   798   38.59579    8 1818          -   35.84408      - 28135 17477s
  1065   798   39.68016   10 1797          -   35.84408      - 28109 17481s
  1066   799   39.33097   10 1840          -   35.84408      - 28083 17495s
  1067   800   39.30378   11 1808          -   35.84408      - 28056 17502s
  1068   800   39.25722    6 1837          -   35.84408      - 28030 17516s
  1069   801   38.20243    8 1799          -   35.84408      - 28004 17522s
  1070   802   38.39620   10 1810          -   35.84408      - 27978 17535s
  1071   802   36.88985   10 1817          -   35.84408      - 27952 17610s
  1072   803   38.88557    6 2046          -   35.84865      - 27925 17629s
  1073   804   37.71845    9 2013          -   35.85134      - 27899 17635s
  1074   804   37.35087    9 2029          -   35.85649      - 27873 17652s
  1075   805   39.12236    8 1999          -   35.85736      - 27848 17657s
  1076   806   36.04834   10 1989          -   35.86040      - 27822 17673s
  1077   806   36.27423    7 2027          -   35.86040      - 27796 17678s
  1078   807   35.86040    9 2002          -   35.86040      - 27770 17695s
  1079   808   39.89420    9 1997          -   35.86040      - 27744 17700s
  1080   808   36.77843    7 2000          -   35.86040      - 27719 17714s
  1081   809   39.64134    9 1985          -   35.86040      - 27693 17719s
  1082   810   38.86386    8 1956          -   35.86075      - 27667 17735s
  1083   810   38.69014    9 1948          -   35.86075      - 27642 17741s
  1084   811   37.20929   11 1920          -   35.86077      - 27616 17760s
  1085   812   36.90539    9 1880          -   35.86077      - 27591 17768s
  1086   812   36.79140   10 1880          -   35.86077      - 27565 17786s
  1087   813   39.19432    9 1873          -   35.86077      - 27540 17792s
  1088   814   37.35087    9 1861          -   35.86079      - 27515 17808s
  1089   814   36.25474    6 1816          -   35.86079      - 27490 17815s
  1090   815   39.50527    9 1809          -   35.86333      - 27464 17833s
  1091   816   39.10772    6 1806          -   35.86333      - 27439 17839s
  1092   816   35.86333    9 1817          -   35.86333      - 27414 17855s
  1093   817   38.39620   10 1828          -   35.86404      - 27389 17865s
  1094   818   39.97488   10 1813          -   35.86404      - 27364 17884s
  1095   818   36.75379    9 1797          -   35.86404      - 27339 17891s
  1096   819   39.14872    8 1820          -   35.87491      - 27314 17924s
  1097   820   36.90539    9 1805          -   35.87491      - 27289 17929s
  1098   820   35.87491    7 1787          -   35.87491      - 27264 17948s
  1099   821   37.72182    9 1811          -   35.87491      - 27239 17953s
  1100   822   38.69014    8 1769          -   35.87575      - 27215 17971s
  1101   822   35.87575    6 1781          -   35.87575      - 27190 17977s
  1102   823   36.27077    9 1767          -   35.87575      - 27165 17996s

Cutting planes:
  Gomory: 2529
  Cover: 11
  Implied bound: 24
  Projected implied bound: 1342
  MIR: 30937
  Flow cover: 5017
  RLT: 10
  Relax-and-lift: 170

Explored 1102 nodes (32611446 simplex iterations) in 18000.24 seconds (35475.96 work units)
Thread count was 32 (of 96 available processors)

Solution count 0

Time limit reached
Best objective -, best bound 3.587575251045e+01, gap -
