
Gurobi 9.5.0 (win64) logging started Mon Mar 28 13:03:31 2022

Set parameter LogFile to value "C:\Users\kmajd1\Documents\NNRepLayer_v2\demos\examples\tc1_affine_transform/tc1/repair_net_weighted/logs/opt_log_layer3.log"
Gurobi Optimizer version 9.5.0 build v9.5.0rc5 (win64)
Thread count: 8 physical cores, 16 logical processors, using up to 16 threads
Optimize a model with 1494 rows, 643 columns and 4878 nonzeros
Model fingerprint: 0xfd741b1a
Model has 631 quadratic objective terms
Coefficient statistics:
  Matrix range     [1e-01, 4e+00]
  Objective range  [5e-03, 4e-02]
  QObjective range [1e-02, 2e+00]
  Bounds range     [5e-01, 6e+00]
  RHS range        [2e-02, 5e+00]
Presolve removed 420 rows and 0 columns
Presolve time: 0.01s
Presolved: 1074 rows, 1063 columns, 4458 nonzeros
Presolved model has 631 quadratic objective terms
Ordering time: 0.00s

Barrier statistics:
 Dense cols : 12
 AA' NZ     : 3.870e+03
 Factor NZ  : 1.054e+04 (roughly 1 MB of memory)
 Factor Ops : 1.151e+05 (less than 1 second per iteration)
 Threads    : 1

                  Objective                Residual
Iter       Primal          Dual         Primal    Dual     Compl     Time
   0   1.92266378e+08 -1.92790966e+08  2.41e+03 6.04e+02  9.93e+05     0s
   1   4.29525106e+07 -4.35382772e+07  1.14e+03 2.84e+02  5.18e+05     0s
   2   8.65437953e+03 -7.09233892e+05  1.61e+01 4.02e+00  8.75e+03     0s
   3   7.61109757e+00 -6.43113047e+05  1.61e-05 4.02e-06  2.99e+02     0s
   4   7.60422359e+00 -7.38580681e+02  2.58e-09 6.45e-10  3.47e-01     0s
   5   4.53402823e+00 -1.37288134e+01  3.07e-11 7.68e-12  8.49e-03     0s
   6   5.43811883e-01 -1.85299137e+00  5.24e-14 1.32e-14  1.11e-03     0s
   7   1.57348631e-01 -6.81139769e-01  8.10e-15 2.05e-15  3.90e-04     0s
   8   1.43842239e-01 -3.73494787e-01  3.44e-15 1.02e-15  2.41e-04     0s
   9   1.29156012e-01  8.36682057e-02  1.78e-15 2.38e-15  2.12e-05     0s
  10   1.27863859e-01  1.25595225e-01  1.78e-15 7.49e-15  1.06e-06     0s
  11   1.27825129e-01  1.27700215e-01  2.66e-15 3.24e-14  5.81e-08     0s
  12   1.27824220e-01  1.27823813e-01  1.78e-15 1.63e-15  1.89e-10     0s
  13   1.27824217e-01  1.27824189e-01  1.78e-15 2.19e-15  1.28e-11     0s

Barrier solved model in 13 iterations and 0.06 seconds (0.01 work units)
Optimal objective 1.27824217e-01


Gurobi 9.5.0 (win64) logging started Mon Mar 28 13:06:03 2022

Set parameter LogFile to value "C:\Users\kmajd1\Documents\NNRepLayer_v2\demos\examples\tc1_affine_transform/tc1/repair_net_weighted/logs/opt_log_layer3.log"
Gurobi Optimizer version 9.5.0 build v9.5.0rc5 (win64)
Thread count: 8 physical cores, 16 logical processors, using up to 16 threads
Optimize a model with 1494 rows, 643 columns and 4878 nonzeros
Model fingerprint: 0xfd741b1a
Model has 631 quadratic objective terms
Coefficient statistics:
  Matrix range     [1e-01, 4e+00]
  Objective range  [5e-03, 4e-02]
  QObjective range [1e-02, 2e+00]
  Bounds range     [5e-01, 6e+00]
  RHS range        [2e-02, 5e+00]
Presolve removed 420 rows and 0 columns
Presolve time: 0.01s
Presolved: 1074 rows, 1063 columns, 4458 nonzeros
Presolved model has 631 quadratic objective terms
Ordering time: 0.00s

Barrier statistics:
 Dense cols : 12
 AA' NZ     : 3.870e+03
 Factor NZ  : 1.054e+04 (roughly 1 MB of memory)
 Factor Ops : 1.151e+05 (less than 1 second per iteration)
 Threads    : 1

                  Objective                Residual
Iter       Primal          Dual         Primal    Dual     Compl     Time
   0   1.92266378e+08 -1.92790966e+08  2.41e+03 6.04e+02  9.93e+05     0s
   1   4.29525106e+07 -4.35382772e+07  1.14e+03 2.84e+02  5.18e+05     0s
   2   8.65437953e+03 -7.09233892e+05  1.61e+01 4.02e+00  8.75e+03     0s
   3   7.61109757e+00 -6.43113047e+05  1.61e-05 4.02e-06  2.99e+02     0s
   4   7.60422359e+00 -7.38580681e+02  2.58e-09 6.45e-10  3.47e-01     0s
   5   4.53402823e+00 -1.37288134e+01  3.07e-11 7.68e-12  8.49e-03     0s
   6   5.43811883e-01 -1.85299137e+00  5.24e-14 1.32e-14  1.11e-03     0s
   7   1.57348631e-01 -6.81139769e-01  8.10e-15 2.05e-15  3.90e-04     0s
   8   1.43842239e-01 -3.73494787e-01  3.44e-15 1.02e-15  2.41e-04     0s
   9   1.29156012e-01  8.36682057e-02  1.78e-15 2.38e-15  2.12e-05     0s
  10   1.27863859e-01  1.25595225e-01  1.78e-15 7.49e-15  1.06e-06     0s
  11   1.27825129e-01  1.27700215e-01  2.66e-15 3.24e-14  5.81e-08     0s
  12   1.27824220e-01  1.27823813e-01  1.78e-15 1.63e-15  1.89e-10     0s
  13   1.27824217e-01  1.27824189e-01  1.78e-15 2.19e-15  1.28e-11     0s

Barrier solved model in 13 iterations and 0.06 seconds (0.01 work units)
Optimal objective 1.27824217e-01


Gurobi 9.5.0 (win64) logging started Mon Mar 28 14:11:57 2022

Set parameter LogFile to value "C:\Users\kmajd1\Documents\NNRepLayer_v2\demos\examples\tc1_affine_transform/tc1/repair_net_weighted/logs/opt_log_layer3.log"
Gurobi Optimizer version 9.5.0 build v9.5.0rc5 (win64)
Thread count: 8 physical cores, 16 logical processors, using up to 16 threads
Optimize a model with 1494 rows, 643 columns and 4878 nonzeros
Model fingerprint: 0x0daec939
Model has 631 quadratic objective terms
Coefficient statistics:
  Matrix range     [1e-01, 4e+00]
  Objective range  [5e-03, 4e-01]
  QObjective range [1e-02, 2e+00]
  Bounds range     [5e+00, 1e+01]
  RHS range        [2e-02, 5e+00]
Presolve removed 420 rows and 0 columns
Presolve time: 0.01s
Presolved: 1074 rows, 1063 columns, 4458 nonzeros
Presolved model has 631 quadratic objective terms
Ordering time: 0.00s

Barrier statistics:
 Dense cols : 12
 AA' NZ     : 3.870e+03
 Factor NZ  : 1.054e+04 (roughly 1 MB of memory)
 Factor Ops : 1.151e+05 (less than 1 second per iteration)
 Threads    : 1

                  Objective                Residual
Iter       Primal          Dual         Primal    Dual     Compl     Time
   0   1.52419856e+08 -1.58263575e+08  3.83e+03 6.05e+02  9.95e+05     0s
   1   3.39020418e+07 -3.97513891e+07  1.80e+03 2.85e+02  5.19e+05     0s
   2   3.18232626e+01 -5.57270016e+06  1.56e+00 2.46e-01  3.06e+03     0s
   3   2.32898831e+01 -1.22127732e+05  1.56e-06 2.46e-07  5.68e+01     0s
   4   2.17968422e+01 -7.72179565e+02  7.75e-09 1.22e-09  3.69e-01     0s
   5   8.62360464e+00 -6.99313368e+01  8.63e-11 1.36e-11  3.65e-02     0s
   6   1.29366259e+00 -9.74768039e+00  7.11e-15 4.99e-14  5.14e-03     0s
   7   4.24224494e-01 -1.82014114e+00  7.11e-15 2.09e-14  1.04e-03     0s
   8   3.24507826e-01 -1.43434062e+00  3.55e-15 2.99e-14  8.18e-04     0s
   9   3.03818227e-01 -2.83378275e-01  7.11e-15 9.61e-15  2.73e-04     0s
  10   2.97028895e-01  2.39990629e-01  7.11e-15 8.87e-15  2.65e-05     0s
  11   2.96643632e-01  2.95586899e-01  7.11e-15 6.53e-14  4.92e-07     0s
  12   2.96632565e-01  2.96520894e-01  7.11e-15 7.28e-12  5.19e-08     0s
  13   2.96632247e-01  2.96631030e-01  7.11e-15 2.14e-12  5.66e-10     0s
  14   2.96632243e-01  2.96632186e-01  9.77e-15 2.48e-12  2.68e-11     0s

Barrier solved model in 14 iterations and 0.06 seconds (0.01 work units)
Optimal objective 2.96632243e-01


Gurobi 9.5.0 (win64) logging started Mon Mar 28 14:17:17 2022

Set parameter LogFile to value "C:\Users\kmajd1\Documents\NNRepLayer_v2\demos\examples\tc1_affine_transform/tc1/repair_net_weighted/logs/opt_log_layer3.log"
Gurobi Optimizer version 9.5.0 build v9.5.0rc5 (win64)
Thread count: 8 physical cores, 16 logical processors, using up to 16 threads
Optimize a model with 1494 rows, 643 columns and 4878 nonzeros
Model fingerprint: 0xe03a0f97
Model has 631 quadratic objective terms
Coefficient statistics:
  Matrix range     [1e-01, 4e+00]
  Objective range  [5e-03, 4e+01]
  QObjective range [1e-02, 1e+01]
  Bounds range     [5e+00, 1e+01]
  RHS range        [2e-02, 5e+00]
Presolve removed 420 rows and 0 columns
Presolve time: 0.01s
Presolved: 1074 rows, 1063 columns, 4458 nonzeros
Presolved model has 631 quadratic objective terms
Ordering time: 0.00s

Barrier statistics:
 Dense cols : 12
 AA' NZ     : 3.870e+03
 Factor NZ  : 1.054e+04 (roughly 1 MB of memory)
 Factor Ops : 1.151e+05 (less than 1 second per iteration)
 Threads    : 1

                  Objective                Residual
Iter       Primal          Dual         Primal    Dual     Compl     Time
   0   1.88164498e+08 -2.26614436e+08  2.80e+03 6.03e+02  1.00e+06     0s
   1   4.14627562e+07 -7.68306635e+07  1.31e+03 2.83e+02  5.24e+05     0s
   2   2.24396722e+03 -2.91006761e+07  4.26e+00 9.19e-01  1.52e+04     0s
   3   9.98380209e+02 -8.28063809e+05  5.23e-03 1.13e-03  3.86e+02     0s
   4   9.07958558e+02 -2.04569045e+04  1.23e-04 2.66e-05  9.94e+00     0s
   5   2.32684496e+02 -7.36433153e+03  1.87e-05 4.03e-06  3.53e+00     0s
   6   6.45819497e+01 -5.87594881e+02  1.00e-06 2.16e-07  3.03e-01     0s
   7   2.53949324e+01 -1.54443341e+02  2.44e-07 5.27e-08  8.36e-02     0s
   8   2.15917992e+01 -1.23384219e+02  7.98e-08 1.72e-08  6.74e-02     0s
   9   1.78847615e+01 -1.64882217e+01  8.08e-14 3.32e-13  1.60e-02     0s
  10   1.73314112e+01  1.21845416e+01  2.84e-14 1.69e-10  2.39e-03     0s
  11   1.73158608e+01  1.61502958e+01  7.11e-15 5.61e-11  5.42e-04     0s
  12   1.73054058e+01  1.72685155e+01  7.11e-15 7.74e-10  1.72e-05     0s
  13   1.73051271e+01  1.73050104e+01  7.11e-15 4.35e-10  5.43e-08     0s
  14   1.73051263e+01  1.73051207e+01  1.47e-13 7.40e-12  2.60e-09     0s

Barrier solved model in 14 iterations and 0.06 seconds (0.01 work units)
Optimal objective 1.73051263e+01

