
Gurobi 9.5.0 (win64) logging started Mon Mar 28 13:06:44 2022

Set parameter LogFile to value "C:\Users\kmajd1\Documents\NNRepLayer_v2\demos\examples\tc1_affine_transform/tc1/repair_net_weighted/logs/opt_log_layer2.log"
Gurobi Optimizer version 9.5.0 build v9.5.0rc5 (win64)
Thread count: 8 physical cores, 16 logical processors, using up to 16 threads
Optimize a model with 6534 rows, 3793 columns and 15585 nonzeros
Model fingerprint: 0xfc79d692
Model has 631 quadratic objective terms
Variable types: 1903 continuous, 1890 integer (1890 binary)
Coefficient statistics:
  Matrix range     [2e-03, 5e+00]
  Objective range  [5e-03, 4e-02]
  QObjective range [1e-02, 2e+00]
  Bounds range     [5e-01, 6e+00]
  RHS range        [2e-02, 5e+00]
Presolve removed 1260 rows and 1260 columns
Presolve time: 0.01s

Explored 0 nodes (0 simplex iterations) in 0.02 seconds (0.00 work units)
Thread count was 1 (of 16 available processors)

Solution count 0

Model is infeasible
Best objective -, best bound -, gap -

Gurobi 9.5.0 (win64) logging started Mon Mar 28 13:17:43 2022

Set parameter LogFile to value "C:\Users\kmajd1\Documents\NNRepLayer_v2\demos\examples\tc1_affine_transform/tc1/repair_net_weighted/logs/opt_log_layer2.log"
Gurobi Optimizer version 9.5.0 build v9.5.0rc5 (win64)
Thread count: 8 physical cores, 16 logical processors, using up to 16 threads
Optimize a model with 6534 rows, 3793 columns and 15585 nonzeros
Model fingerprint: 0xe7131484
Model has 631 quadratic objective terms
Variable types: 1903 continuous, 1890 integer (1890 binary)
Coefficient statistics:
  Matrix range     [2e-03, 1e+01]
  Objective range  [5e-03, 4e-02]
  QObjective range [1e-02, 2e+00]
  Bounds range     [1e+00, 1e+01]
  RHS range        [2e-02, 1e+01]
Presolve removed 3570 rows and 1680 columns
Presolve time: 0.03s
Presolved: 2964 rows, 2113 columns, 9495 nonzeros
Presolved model has 631 quadratic objective terms
Variable types: 1693 continuous, 420 integer (420 binary)
Found heuristic solution: objective 0.1174824
Root relaxation presolve removed 840 rows and 420 columns
Root relaxation presolved: 2124 rows, 2113 columns, 8235 nonzeros
Root relaxation presolved model has 631 quadratic objective terms


Root relaxation: objective 2.332520e-02, 3225 iterations, 0.06 seconds (0.10 work units)

    Nodes    |    Current Node    |     Objective Bounds      |     Work
 Expl Unexpl |  Obj  Depth IntInf | Incumbent    BestBd   Gap | It/Node Time

     0     0    0.02333    0  416    0.11748    0.02333  80.1%     -    0s
     0     0    0.02809    0  420    0.11748    0.02809  76.1%     -    0s
     0     0    0.03216    0  420    0.11748    0.03216  72.6%     -    0s
     0     0    0.03613    0  420    0.11748    0.03613  69.2%     -    0s
     0     0    0.04311    0  420    0.11748    0.04311  63.3%     -    0s
     0     0    0.04356    0  285    0.11748    0.04356  62.9%     -    1s
     0     0    0.04356    0  280    0.11748    0.04356  62.9%     -    1s
     0     0    0.04356    0  285    0.11748    0.04356  62.9%     -    1s
     0     0    0.06347    0  285    0.11748    0.06347  46.0%     -    1s
     0     0    0.06584    0  285    0.11748    0.06584  44.0%     -    1s
     0     0    0.08095    0  285    0.11748    0.08095  31.1%     -    1s
     0     0    0.08095    0  285    0.11748    0.08095  31.1%     -    1s
     0     0    0.09783    0  285    0.11748    0.09783  16.7%     -    2s
     0     0    0.09783    0  221    0.11748    0.09783  16.7%     -    2s
     0     0    0.09783    0  218    0.11748    0.09783  16.7%     -    2s
     0     0    0.09783    0  221    0.11748    0.09783  16.7%     -    2s
     0     0    0.09783    0  221    0.11748    0.09783  16.7%     -    2s
     0     0    0.09783    0  221    0.11748    0.09783  16.7%     -    2s
     0     0    0.09793    0  221    0.11748    0.09793  16.6%     -    3s
     0     0    0.09804    0  212    0.11748    0.09804  16.6%     -    3s
     0     2    0.09804    0  212    0.11748    0.09804  16.6%     -    3s
   304     2    0.11600  106  104    0.11748    0.11600  1.26%  11.1    5s

Cutting planes:
  Gomory: 17
  Cover: 2
  Implied bound: 2
  MIR: 64
  Flow cover: 31

Explored 374 nodes (14792 simplex iterations) in 5.56 seconds (12.75 work units)
Thread count was 16 (of 16 available processors)

Solution count 1: 0.117482 

Optimal solution found (tolerance 1.00e-03)
Best objective 1.174824358978e-01, best bound 1.174824358978e-01, gap 0.0000%

Gurobi 9.5.0 (win64) logging started Mon Mar 28 13:26:05 2022

Set parameter LogFile to value "C:\Users\kmajd1\Documents\NNRepLayer_v2\demos\examples\tc1_affine_transform/tc1/repair_net_weighted/logs/opt_log_layer2.log"
Gurobi Optimizer version 9.5.0 build v9.5.0rc5 (win64)
Thread count: 8 physical cores, 16 logical processors, using up to 16 threads
Optimize a model with 6534 rows, 3793 columns and 15585 nonzeros
Model fingerprint: 0xe7131484
Model has 631 quadratic objective terms
Variable types: 1903 continuous, 1890 integer (1890 binary)
Coefficient statistics:
  Matrix range     [2e-03, 1e+01]
  Objective range  [5e-03, 4e-02]
  QObjective range [1e-02, 2e+00]
  Bounds range     [1e+00, 1e+01]
  RHS range        [2e-02, 1e+01]
Presolve removed 3570 rows and 1680 columns
Presolve time: 0.02s
Presolved: 2964 rows, 2113 columns, 9495 nonzeros
Presolved model has 631 quadratic objective terms
Variable types: 1693 continuous, 420 integer (420 binary)
Found heuristic solution: objective 0.1174824
Root relaxation presolve removed 840 rows and 420 columns
Root relaxation presolved: 2124 rows, 2113 columns, 8235 nonzeros
Root relaxation presolved model has 631 quadratic objective terms


Root relaxation: objective 2.332520e-02, 3225 iterations, 0.09 seconds (0.10 work units)

    Nodes    |    Current Node    |     Objective Bounds      |     Work
 Expl Unexpl |  Obj  Depth IntInf | Incumbent    BestBd   Gap | It/Node Time

     0     0    0.02333    0  416    0.11748    0.02333  80.1%     -    0s
     0     0    0.02809    0  420    0.11748    0.02809  76.1%     -    0s
     0     0    0.03216    0  420    0.11748    0.03216  72.6%     -    0s
     0     0    0.03613    0  420    0.11748    0.03613  69.2%     -    0s
     0     0    0.04311    0  420    0.11748    0.04311  63.3%     -    0s
     0     0    0.04356    0  285    0.11748    0.04356  62.9%     -    1s
     0     0    0.04356    0  280    0.11748    0.04356  62.9%     -    1s
     0     0    0.04356    0  285    0.11748    0.04356  62.9%     -    1s
     0     0    0.06347    0  285    0.11748    0.06347  46.0%     -    1s
     0     0    0.06584    0  285    0.11748    0.06584  44.0%     -    1s
     0     0    0.08095    0  285    0.11748    0.08095  31.1%     -    1s
     0     0    0.08095    0  285    0.11748    0.08095  31.1%     -    2s
     0     0    0.09783    0  285    0.11748    0.09783  16.7%     -    2s
     0     0    0.09783    0  221    0.11748    0.09783  16.7%     -    2s
     0     0    0.09783    0  218    0.11748    0.09783  16.7%     -    2s
     0     0    0.09783    0  221    0.11748    0.09783  16.7%     -    2s
     0     0    0.09783    0  221    0.11748    0.09783  16.7%     -    2s
     0     0    0.09783    0  221    0.11748    0.09783  16.7%     -    2s
     0     0    0.09793    0  221    0.11748    0.09793  16.6%     -    3s
     0     0    0.09804    0  212    0.11748    0.09804  16.6%     -    3s
     0     2    0.09804    0  212    0.11748    0.09804  16.6%     -    3s
   293     2     cutoff  100         0.11748    0.11572  1.50%  11.3    5s

Cutting planes:
  Gomory: 17
  Cover: 2
  Implied bound: 2
  MIR: 64
  Flow cover: 31

Explored 363 nodes (14743 simplex iterations) in 5.58 seconds (12.59 work units)
Thread count was 16 (of 16 available processors)

Solution count 1: 0.117482 

Solve interrupted
Best objective 1.174824358978e-01, best bound 1.172648742227e-01, gap 0.1852%

Gurobi 9.5.0 (win64) logging started Mon Mar 28 14:00:41 2022

Set parameter LogFile to value "C:\Users\kmajd1\Documents\NNRepLayer_v2\demos\examples\tc1_affine_transform/tc1/repair_net_weighted/logs/opt_log_layer2.log"
Gurobi Optimizer version 9.5.0 build v9.5.0rc5 (win64)
Thread count: 8 physical cores, 16 logical processors, using up to 16 threads
Optimize a model with 6534 rows, 3793 columns and 15585 nonzeros
Model fingerprint: 0xf34e05c7
Model has 631 quadratic objective terms
Variable types: 1903 continuous, 1890 integer (1890 binary)
Coefficient statistics:
  Matrix range     [2e-03, 1e+01]
  Objective range  [5e-03, 2e-01]
  QObjective range [1e-02, 2e+00]
  Bounds range     [1e+00, 1e+01]
  RHS range        [2e-02, 1e+01]
Presolve removed 3570 rows and 1680 columns
Presolve time: 0.04s
Presolved: 2964 rows, 2113 columns, 9495 nonzeros
Presolved model has 631 quadratic objective terms
Variable types: 1693 continuous, 420 integer (420 binary)
Found heuristic solution: objective 0.1968946
Root relaxation presolve removed 840 rows and 420 columns
Root relaxation presolved: 2124 rows, 2113 columns, 8235 nonzeros
Root relaxation presolved model has 631 quadratic objective terms


Root relaxation: objective 2.777848e-02, 3244 iterations, 0.07 seconds (0.10 work units)

    Nodes    |    Current Node    |     Objective Bounds      |     Work
 Expl Unexpl |  Obj  Depth IntInf | Incumbent    BestBd   Gap | It/Node Time

     0     0    0.02778    0  417    0.19689    0.02778  85.9%     -    0s
     0     0    0.03496    0  420    0.19689    0.03496  82.2%     -    0s
     0     0    0.04491    0  420    0.19689    0.04491  77.2%     -    0s
     0     0    0.05825    0  420    0.19689    0.05825  70.4%     -    0s
     0     0    0.06442    0  420    0.19689    0.06442  67.3%     -    0s
     0     0    0.06468    0  318    0.19689    0.06468  67.1%     -    1s
     0     0    0.06468    0  315    0.19689    0.06468  67.1%     -    1s
     0     0    0.08229    0  318    0.19689    0.08229  58.2%     -    1s
     0     0    0.09003    0  318    0.19689    0.09003  54.3%     -    1s
     0     0    0.10507    0  318    0.19689    0.10507  46.6%     -    1s
     0     0    0.10507    0  318    0.19689    0.10507  46.6%     -    1s
     0     0    0.12203    0  318    0.19689    0.12203  38.0%     -    2s
     0     0    0.12207    0  218    0.19689    0.12207  38.0%     -    2s
     0     0    0.12207    0  218    0.19689    0.12207  38.0%     -    2s
     0     0    0.12207    0  218    0.19689    0.12207  38.0%     -    2s
     0     0    0.12207    0  218    0.19689    0.12207  38.0%     -    2s
     0     0    0.12207    0  218    0.19689    0.12207  38.0%     -    2s
     0     0    0.12207    0  218    0.19689    0.12207  38.0%     -    3s
     0     0    0.12207    0  218    0.19689    0.12207  38.0%     -    3s
     0     0    0.12207    0  218    0.19689    0.12207  38.0%     -    3s
     0     0    0.12207    0  210    0.19689    0.12207  38.0%     -    3s
     0     2    0.12207    0  210    0.19689    0.12207  38.0%     -    3s
   325     3    0.19416  105  103    0.19689    0.19416  1.39%  11.6    5s

Cutting planes:
  Gomory: 20
  MIR: 61
  Flow cover: 20

Explored 373 nodes (15053 simplex iterations) in 5.43 seconds (12.20 work units)
Thread count was 16 (of 16 available processors)

Solution count 1: 0.196895 

Optimal solution found (tolerance 1.00e-03)
Best objective 1.968945503861e-01, best bound 1.967160350028e-01, gap 0.0907%

Gurobi 9.5.0 (win64) logging started Mon Mar 28 14:02:43 2022

Set parameter LogFile to value "C:\Users\kmajd1\Documents\NNRepLayer_v2\demos\examples\tc1_affine_transform/tc1/repair_net_weighted/logs/opt_log_layer2.log"
Gurobi Optimizer version 9.5.0 build v9.5.0rc5 (win64)
Thread count: 8 physical cores, 16 logical processors, using up to 16 threads
Optimize a model with 6534 rows, 3793 columns and 15585 nonzeros
Model fingerprint: 0x88536035
Model has 631 quadratic objective terms
Variable types: 1903 continuous, 1890 integer (1890 binary)
Coefficient statistics:
  Matrix range     [2e-03, 1e+01]
  Objective range  [5e-03, 4e+00]
  QObjective range [1e-02, 2e+00]
  Bounds range     [1e+00, 1e+01]
  RHS range        [2e-02, 1e+01]
Presolve removed 3570 rows and 1680 columns
Presolve time: 0.02s
Presolved: 2964 rows, 2113 columns, 9495 nonzeros
Presolved model has 631 quadratic objective terms
Variable types: 1693 continuous, 420 integer (420 binary)
Found heuristic solution: objective 1.8465513
Root relaxation presolve removed 840 rows and 420 columns
Root relaxation presolved: 2124 rows, 2113 columns, 8235 nonzeros
Root relaxation presolved model has 631 quadratic objective terms


Root relaxation: objective 4.083092e-02, 3269 iterations, 0.06 seconds (0.09 work units)

    Nodes    |    Current Node    |     Objective Bounds      |     Work
 Expl Unexpl |  Obj  Depth IntInf | Incumbent    BestBd   Gap | It/Node Time

     0     0    0.04083    0  414    1.84655    0.04083  97.8%     -    0s
     0     0    0.18820    0  414    1.84655    0.18820  89.8%     -    0s
     0     0    0.25105    0  411    1.84655    0.25105  86.4%     -    0s
     0     0    0.25105    0  410    1.84655    0.25105  86.4%     -    0s
     0     0    0.25105    0  410    1.84655    0.25105  86.4%     -    0s
     0     0    0.25105    0  410    1.84655    0.25105  86.4%     -    1s
     0     0    0.53134    0  383    1.84655    0.53134  71.2%     -    1s
     0     2    0.53134    0  383    1.84655    0.53134  71.2%     -    1s
  2379   880    1.83694  213  166    1.84655    1.16415  37.0%  19.8    5s

Cutting planes:
  Cover: 20
  Implied bound: 137
  MIR: 161
  Flow cover: 430
  Relax-and-lift: 49

Explored 3764 nodes (94583 simplex iterations) in 7.99 seconds (23.74 work units)
Thread count was 16 (of 16 available processors)

Solution count 1: 1.84655 

Optimal solution found (tolerance 1.00e-03)
Best objective 1.846551277962e+00, best bound 1.846551277962e+00, gap 0.0000%

Gurobi 9.5.0 (win64) logging started Mon Mar 28 14:11:30 2022

Set parameter LogFile to value "C:\Users\kmajd1\Documents\NNRepLayer_v2\demos\examples\tc1_affine_transform/tc1/repair_net_weighted/logs/opt_log_layer2.log"
Gurobi Optimizer version 9.5.0 build v9.5.0rc5 (win64)
Thread count: 8 physical cores, 16 logical processors, using up to 16 threads
Optimize a model with 6534 rows, 3793 columns and 15585 nonzeros
Model fingerprint: 0x1437be12
Model has 631 quadratic objective terms
Variable types: 1903 continuous, 1890 integer (1890 binary)
Coefficient statistics:
  Matrix range     [2e-03, 1e+01]
  Objective range  [5e-03, 4e-01]
  QObjective range [1e-02, 2e+00]
  Bounds range     [1e+00, 1e+01]
  RHS range        [2e-02, 1e+01]
Presolve removed 3570 rows and 1680 columns
Presolve time: 0.02s
Presolved: 2964 rows, 2113 columns, 9495 nonzeros
Presolved model has 631 quadratic objective terms
Variable types: 1693 continuous, 420 integer (420 binary)
Found heuristic solution: objective 0.2901920
Root relaxation presolve removed 840 rows and 420 columns
Root relaxation presolved: 2124 rows, 2113 columns, 8235 nonzeros
Root relaxation presolved model has 631 quadratic objective terms


Root relaxation: objective 3.172073e-02, 3250 iterations, 0.07 seconds (0.10 work units)

    Nodes    |    Current Node    |     Objective Bounds      |     Work
 Expl Unexpl |  Obj  Depth IntInf | Incumbent    BestBd   Gap | It/Node Time

     0     0    0.03172    0  417    0.29019    0.03172  89.1%     -    0s
     0     0    0.04234    0  419    0.29019    0.04234  85.4%     -    0s
     0     0    0.04301    0  419    0.29019    0.04301  85.2%     -    0s
     0     0    0.05495    0  419    0.29019    0.05495  81.1%     -    0s
     0     0    0.06390    0  419    0.29019    0.06390  78.0%     -    0s
     0     0    0.07029    0  419    0.29019    0.07029  75.8%     -    0s
     0     0    0.09201    0  290    0.29019    0.09201  68.3%     -    1s
     0     0    0.09201    0  287    0.29019    0.09201  68.3%     -    1s
     0     0    0.11386    0  290    0.29019    0.11386  60.8%     -    1s
     0     0    0.11404    0  290    0.29019    0.11404  60.7%     -    1s
     0     0    0.12759    0  290    0.29019    0.12759  56.0%     -    1s
     0     0    0.16564    0  290    0.29019    0.16564  42.9%     -    1s
     0     0    0.16564    0  290    0.29019    0.16564  42.9%     -    1s
     0     0    0.16619    0  290    0.29019    0.16619  42.7%     -    2s
     0     0    0.16620    0  290    0.29019    0.16620  42.7%     -    2s
     0     0    0.16786    0  290    0.29019    0.16786  42.2%     -    2s
     0     0    0.16838    0  212    0.29019    0.16838  42.0%     -    2s
     0     0    0.16838    0  213    0.29019    0.16838  42.0%     -    2s
     0     0    0.16838    0  213    0.29019    0.16838  42.0%     -    2s
     0     0    0.16838    0  213    0.29019    0.16838  42.0%     -    2s
     0     0    0.17756    0  213    0.29019    0.17756  38.8%     -    3s
     0     0    0.18305    0  213    0.29019    0.18305  36.9%     -    3s
     0     0    0.18314    0  213    0.29019    0.18314  36.9%     -    3s
     0     0    0.19063    0  213    0.29019    0.19063  34.3%     -    3s
     0     0    0.19084    0  210    0.29019    0.19084  34.2%     -    3s
     0     2    0.19084    0  210    0.29019    0.19084  34.2%     -    3s
   300     2    0.28699  124   85    0.29019    0.28699  1.10%  10.4    5s

Cutting planes:
  Gomory: 10
  Implied bound: 1
  MIR: 50
  Flow cover: 15

Explored 363 nodes (14356 simplex iterations) in 5.44 seconds (11.51 work units)
Thread count was 16 (of 16 available processors)

Solution count 1: 0.290192 

Optimal solution found (tolerance 1.00e-03)
Best objective 2.901920236435e-01, best bound 2.899265337228e-01, gap 0.0915%
