
Gurobi 9.5.0 (win64) logging started Mon Mar 28 13:07:49 2022

Set parameter LogFile to value "C:\Users\kmajd1\Documents\NNRepLayer_v2\demos\examples\tc1_affine_transform/tc1/repair_net_weighted/logs/opt_log_layer1.log"
Gurobi Optimizer version 9.5.0 build v9.5.0rc5 (win64)
Thread count: 8 physical cores, 16 logical processors, using up to 16 threads
Optimize a model with 11574 rows, 6943 columns and 26298 nonzeros
Model fingerprint: 0x83295e15
Model has 631 quadratic objective terms
Variable types: 3163 continuous, 3780 integer (3780 binary)
Coefficient statistics:
  Matrix range     [8e-02, 5e+00]
  Objective range  [5e-03, 4e-02]
  QObjective range [1e-02, 2e+00]
  Bounds range     [5e-01, 6e+00]
  RHS range        [1e-02, 5e+00]
Presolve removed 2520 rows and 2520 columns
Presolve time: 0.01s

Explored 0 nodes (0 simplex iterations) in 0.03 seconds (0.01 work units)
Thread count was 1 (of 16 available processors)

Solution count 0

Model is infeasible
Best objective -, best bound -, gap -

Gurobi 9.5.0 (win64) logging started Mon Mar 28 13:08:17 2022

Set parameter LogFile to value "C:\Users\kmajd1\Documents\NNRepLayer_v2\demos\examples\tc1_affine_transform/tc1/repair_net_weighted/logs/opt_log_layer1.log"
Gurobi Optimizer version 9.5.0 build v9.5.0rc5 (win64)
Thread count: 8 physical cores, 16 logical processors, using up to 16 threads
Optimize a model with 11574 rows, 6943 columns and 26298 nonzeros
Model fingerprint: 0x83295e15
Model has 631 quadratic objective terms
Variable types: 3163 continuous, 3780 integer (3780 binary)
Coefficient statistics:
  Matrix range     [8e-02, 5e+00]
  Objective range  [5e-03, 4e-02]
  QObjective range [1e-02, 2e+00]
  Bounds range     [5e-01, 6e+00]
  RHS range        [1e-02, 5e+00]
Presolve removed 2520 rows and 2520 columns
Presolve time: 0.00s

Explored 0 nodes (0 simplex iterations) in 0.02 seconds (0.01 work units)
Thread count was 1 (of 16 available processors)

Solution count 0

Model is infeasible
Best objective -, best bound -, gap -

Gurobi 9.5.0 (win64) logging started Mon Mar 28 13:08:49 2022

Set parameter LogFile to value "C:\Users\kmajd1\Documents\NNRepLayer_v2\demos\examples\tc1_affine_transform/tc1/repair_net_weighted/logs/opt_log_layer1.log"
Gurobi Optimizer version 9.5.0 build v9.5.0rc5 (win64)
Thread count: 8 physical cores, 16 logical processors, using up to 16 threads
Optimize a model with 11574 rows, 6943 columns and 26298 nonzeros
Model fingerprint: 0x83295e15
Model has 631 quadratic objective terms
Variable types: 3163 continuous, 3780 integer (3780 binary)
Coefficient statistics:
  Matrix range     [8e-02, 5e+00]
  Objective range  [5e-03, 4e-02]
  QObjective range [1e-02, 2e+00]
  Bounds range     [5e-01, 6e+00]
  RHS range        [1e-02, 5e+00]
Presolve removed 2520 rows and 2520 columns
Presolve time: 0.00s

Explored 0 nodes (0 simplex iterations) in 0.02 seconds (0.01 work units)
Thread count was 1 (of 16 available processors)

Solution count 0

Model is infeasible
Best objective -, best bound -, gap -

Gurobi 9.5.0 (win64) logging started Mon Mar 28 13:17:12 2022

Set parameter LogFile to value "C:\Users\kmajd1\Documents\NNRepLayer_v2\demos\examples\tc1_affine_transform/tc1/repair_net_weighted/logs/opt_log_layer1.log"
Gurobi Optimizer version 9.5.0 build v9.5.0rc5 (win64)
Thread count: 8 physical cores, 16 logical processors, using up to 16 threads
Optimize a model with 11574 rows, 6943 columns and 26298 nonzeros
Model fingerprint: 0xbecc5ceb
Model has 631 quadratic objective terms
Variable types: 3163 continuous, 3780 integer (3780 binary)
Coefficient statistics:
  Matrix range     [8e-02, 1e+01]
  Objective range  [5e-03, 4e-02]
  QObjective range [1e-02, 2e+00]
  Bounds range     [1e+00, 1e+01]
  RHS range        [1e-02, 1e+01]
Presolve removed 7140 rows and 3360 columns
Presolve time: 0.13s
Presolved: 4434 rows, 3583 columns, 14328 nonzeros
Presolved model has 631 quadratic objective terms
Variable types: 2743 continuous, 840 integer (840 binary)
Found heuristic solution: objective 0.0984924
Root relaxation presolve removed 1260 rows and 840 columns
Root relaxation presolved: 3174 rows, 3163 columns, 12228 nonzeros
Root relaxation presolved model has 631 quadratic objective terms

Extra simplex iterations after uncrush: 9

Root relaxation: objective 1.118132e-02, 4725 iterations, 0.09 seconds (0.10 work units)

    Nodes    |    Current Node    |     Objective Bounds      |     Work
 Expl Unexpl |  Obj  Depth IntInf | Incumbent    BestBd   Gap | It/Node Time

     0     0    0.01118    0  823    0.09849    0.01118  88.6%     -    0s
     0     0    0.01118    0  816    0.09849    0.01118  88.6%     -    0s
     0     0    0.01118    0  667    0.09849    0.01118  88.6%     -    0s
     0     0    0.01118    0  663    0.09849    0.01118  88.6%     -    0s
     0     0    0.01118    0  665    0.09849    0.01118  88.6%     -    1s
     0     0    0.01118    0  664    0.09849    0.01118  88.6%     -    1s
     0     0    0.01137    0  815    0.09849    0.01137  88.5%     -    1s
     0     2    0.01137    0  815    0.09849    0.01137  88.5%     -    1s

Cutting planes:
  Gomory: 153
  Cover: 90
  Implied bound: 196
  MIR: 358
  Flow cover: 237
  Relax-and-lift: 22

Explored 68 nodes (13768 simplex iterations) in 2.57 seconds (2.88 work units)
Thread count was 16 (of 16 available processors)

Solution count 1: 0.0984924 

Solve interrupted
Best objective 9.849242224236e-02, best bound 1.137871829263e-02, gap 88.4471%

Gurobi 9.5.0 (win64) logging started Mon Mar 28 14:03:51 2022

Set parameter LogFile to value "C:\Users\kmajd1\Documents\NNRepLayer_v2\demos\examples\tc1_affine_transform/tc1/repair_net_weighted/logs/opt_log_layer1.log"
Gurobi Optimizer version 9.5.0 build v9.5.0rc5 (win64)
Thread count: 8 physical cores, 16 logical processors, using up to 16 threads
Optimize a model with 11574 rows, 6943 columns and 26298 nonzeros
Model fingerprint: 0x8da22352
Model has 631 quadratic objective terms
Variable types: 3163 continuous, 3780 integer (3780 binary)
Coefficient statistics:
  Matrix range     [8e-02, 1e+01]
  Objective range  [5e-03, 4e-01]
  QObjective range [1e-02, 2e+00]
  Bounds range     [1e+00, 1e+01]
  RHS range        [1e-02, 1e+01]
Presolve removed 7140 rows and 3360 columns
Presolve time: 0.13s
Presolved: 4434 rows, 3583 columns, 14328 nonzeros
Presolved model has 631 quadratic objective terms
Variable types: 2743 continuous, 840 integer (840 binary)
Found heuristic solution: objective 0.2588092
Root relaxation presolve removed 1260 rows and 840 columns
Root relaxation presolved: 3174 rows, 3163 columns, 12228 nonzeros
Root relaxation presolved model has 631 quadratic objective terms

Extra simplex iterations after uncrush: 9

Root relaxation: objective 1.118132e-02, 4763 iterations, 0.07 seconds (0.09 work units)

    Nodes    |    Current Node    |     Objective Bounds      |     Work
 Expl Unexpl |  Obj  Depth IntInf | Incumbent    BestBd   Gap | It/Node Time

     0     0    0.01118    0  829    0.25881    0.01118  95.7%     -    0s
     0     0    0.01118    0  830    0.25881    0.01118  95.7%     -    0s
     0     0    0.01118    0  691    0.25881    0.01118  95.7%     -    0s
     0     0    0.01118    0  687    0.25881    0.01118  95.7%     -    0s
     0     0    0.01118    0  685    0.25881    0.01118  95.7%     -    1s
     0     0    0.01119    0  795    0.25881    0.01119  95.7%     -    1s
     0     0    0.01121    0  782    0.25881    0.01121  95.7%     -    1s
     0     0    0.01121    0  782    0.25881    0.01121  95.7%     -    1s
     0     2    0.01121    0  782    0.25881    0.01121  95.7%     -    1s
   573   502    0.02098   52  663    0.25881    0.01127  95.6%  47.1    5s
  1535  1363    0.16077  112  747    0.25881    0.01161  95.5%  30.0   10s
  1549  1372    0.15224   56  707    0.25881    0.06058  76.6%  29.7   15s
  1567  1384    0.12576   25  709    0.25881    0.06205  76.0%  29.4   20s
  1590  1401    0.06609   25  591    0.25881    0.06609  74.5%  42.5   25s
  2774  1346    0.06609   60  520    0.25881    0.06609  74.5%  38.5   33s
  3028  1234    0.08974   64  448    0.25881    0.06611  74.5%  40.4   35s
  4692  1549     cutoff   92         0.25881    0.06611  74.5%  43.2   40s
H 7332  2943                       0.2576854    0.06611  74.3%  35.6   43s
  7851  3148     cutoff  151         0.25769    0.06611  74.3%  34.8   49s
H 7852  2043                       0.2153374    0.06611  69.3%  34.8   49s
H 7870  2039                       0.2152391    0.06611  69.3%  34.8   49s
  8634  2736     cutoff  174         0.21524    0.06611  69.3%  33.4   50s
H 9090  2727                       0.2147106    0.06611  69.2%  32.3   53s
 10212  3556     cutoff  229         0.21471    0.06611  69.2%  31.3   55s
 14792  6259    0.21227  395   85    0.21471    0.07162  66.6%  27.8   60s
 18778  8670    0.20677  327  150    0.21471    0.08086  62.3%  26.5   65s
*22811 10743             475       0.2135820    0.08090  62.1%  24.1   68s
H23218 10667                       0.2133177    0.08090  62.1%  24.0   71s
 26252 13273    0.18077  132  318    0.21332    0.10375  51.4%  22.7   75s
 31627 16520    0.14805  141  341    0.21332    0.10803  49.4%  21.5   80s
 37310 18955    0.16762  117  365    0.21332    0.11651  45.4%  20.0   87s
H37327 18955                       0.2133177    0.11651  45.4%  20.0   87s
 40484 22049    0.21090  174  260    0.21332    0.11980  43.8%  19.3   91s
 45869 25361    0.19879  135  323    0.21332    0.12351  42.1%  18.2   95s
 51744 28033     cutoff  118         0.21332    0.12968  39.2%  17.5  100s
 58095 30633    0.20149  220  283    0.21332    0.13349  37.4%  16.9  105s
 65125 32511    0.19725  279  186    0.21332    0.13973  34.5%  16.4  111s
 70133 33940    0.19362  170  296    0.21332    0.14418  32.4%  16.1  115s
 76423 34088    0.18400  147  341    0.21332    0.15465  27.5%  16.0  120s
 82987 34495     cutoff  149         0.21332    0.16140  24.3%  15.8  125s
 89415 34406     cutoff  175         0.21332    0.16650  21.9%  15.6  131s
 95348 34677    0.19950  287  174    0.21332    0.17255  19.1%  15.2  135s
 101679 35454    0.21139  328  164    0.21332    0.17714  17.0%  14.9  140s
 108123 35829     cutoff  108         0.21332    0.18096  15.2%  14.6  145s
 115246 34869     cutoff  112         0.21332    0.18438  13.6%  14.2  153s
H115474 34869                       0.2133177    0.18438  13.6%  14.2  153s
 117767 34673     cutoff  284         0.21332    0.18505  13.3%  14.1  156s
 123242 33858    0.20023  290  180    0.21332    0.18905  11.4%  13.8  160s
 130267 32270    0.20958  277  211    0.21332    0.19145  10.3%  13.6  165s
 136764 29337     cutoff  128         0.21332    0.19519  8.50%  13.4  170s
 143692 27636     cutoff  244         0.21332    0.19746  7.43%  13.2  175s
 151996 23364     cutoff  311         0.21332    0.20040  6.05%  12.9  180s
 158718 19427     cutoff  134         0.21332    0.20333  4.68%  12.7  185s
 167142 13886     cutoff  371         0.21332    0.20636  3.26%  12.5  190s
 173739  9134     cutoff  303         0.21332    0.20864  2.19%  12.3  195s
 181829  3104     cutoff  334         0.21332    0.21129  0.95%  12.0  200s

Cutting planes:
  Gomory: 85
  Cover: 70
  Implied bound: 180
  MIR: 140
  Flow cover: 314
  Inf proof: 1
  Relax-and-lift: 14

Explored 189529 nodes (2216273 simplex iterations) in 204.58 seconds (299.75 work units)
Thread count was 16 (of 16 available processors)

Solution count 7: 0.213318 0.213582 0.214711 ... 0.258809

Optimal solution found (tolerance 1.00e-03)
Best objective 2.133177385414e-01, best bound 2.133177385414e-01, gap 0.0000%

Gurobi 9.5.0 (win64) logging started Mon Mar 28 14:17:39 2022

Set parameter LogFile to value "C:\Users\kmajd1\Documents\NNRepLayer_v2\demos\examples\tc1_affine_transform/tc1/repair_net_weighted/logs/opt_log_layer1.log"
Gurobi Optimizer version 9.5.0 build v9.5.0rc5 (win64)
Thread count: 8 physical cores, 16 logical processors, using up to 16 threads
Optimize a model with 11574 rows, 6943 columns and 26298 nonzeros
Model fingerprint: 0x465a7f5a
Model has 631 quadratic objective terms
Variable types: 3163 continuous, 3780 integer (3780 binary)
Coefficient statistics:
  Matrix range     [8e-02, 1e+01]
  Objective range  [5e-03, 4e+01]
  QObjective range [1e-02, 1e+01]
  Bounds range     [1e+00, 1e+01]
  RHS range        [1e-02, 1e+01]
Presolve removed 7140 rows and 3360 columns
Presolve time: 0.14s
Presolved: 4434 rows, 3583 columns, 14328 nonzeros
Presolved model has 631 quadratic objective terms
Variable types: 2743 continuous, 840 integer (840 binary)
Found heuristic solution: objective 17.3821446
Root relaxation presolve removed 1260 rows and 840 columns
Root relaxation presolved: 3174 rows, 3163 columns, 12228 nonzeros
Root relaxation presolved model has 631 quadratic objective terms

Extra simplex iterations after uncrush: 9

Root relaxation: objective 1.118132e-02, 4763 iterations, 0.09 seconds (0.09 work units)

    Nodes    |    Current Node    |     Objective Bounds      |     Work
 Expl Unexpl |  Obj  Depth IntInf | Incumbent    BestBd   Gap | It/Node Time

     0     0    0.01118    0  829   17.38214    0.01118   100%     -    0s
     0     0    0.01118    0  830   17.38214    0.01118   100%     -    0s
     0     0    0.01118    0  694   17.38214    0.01118   100%     -    0s
     0     0    0.01118    0  690   17.38214    0.01118   100%     -    0s
     0     0    0.01118    0  687   17.38214    0.01118   100%     -    1s
     0     0    0.01119    0  773   17.38214    0.01119   100%     -    1s
     0     0    0.01146    0  752   17.38214    0.01146   100%     -    2s
     0     0    0.01146    0  752   17.38214    0.01146   100%     -    2s
     0     2    0.01146    0  752   17.38214    0.01146   100%     -    2s
   362   265    0.21799   59  599   17.38214    0.01412   100%  76.9    5s
  1487  1026    9.81856  114  752   17.38214    0.01412   100%  47.8   10s
  1579  1053    0.10158   22  568   17.38214    0.07131   100%  64.7   15s
H 1734  1044                      17.3814764    0.13465  99.2%  66.4   18s
H 1749   989                      17.3619080    0.13513  99.2%  66.2   18s
  1795  1005    0.13584   27  563   17.36191    0.13584  99.2%  65.7   28s
  2156  1132   16.71565   35  528   17.36191    0.23824  98.6%  68.9   30s
H 2851  1287                      17.3508818    0.23824  98.6%  65.3   34s
H 2852  1242                      17.3341509    0.23824  98.6%  65.2   34s
  3001  1397   10.21421   74  456   17.33415    0.23824  98.6%  63.8   35s
  5187  2539    1.49853   34  470   17.33415    0.67470  96.1%  57.2   40s
  7818  3930    6.93558   87  403   17.33415    0.67470  96.1%  53.1   45s
 10809  5266    8.80560  137  378   17.33415    0.67470  96.1%  51.0   52s
H10812  5266                      17.3339889    0.67470  96.1%  51.0   52s
 12354  6581   10.06667  181  342   17.33399    0.67470  96.1%  49.1   55s
 15051  8056   13.63475  250  238   17.33399    0.67470  96.1%  48.1   60s
 16297  8416     cutoff  291        17.33399    0.67470  96.1%  47.4   72s
H16298  6047                      13.8019496    0.67470  95.1%  47.4   72s
H16311  5795                      13.5787577    0.67470  95.0%  47.5   72s
H16314  5374                      13.1151835    0.67470  94.9%  47.5   72s
H16323  5271                      12.9328475    0.67470  94.8%  47.5   72s
 17594  6684    6.40588   86  390   12.93285    2.73150  78.9%  47.9   75s
 20480  7922   10.54641   59  752   12.93285    2.91901  77.4%  45.6   85s
H20489  7531                      12.9328460    2.91901  77.4%  45.5   88s
 20495  7536    2.91901   25  557   12.93285    2.91901  77.4%  45.8   93s
 20501  7534    2.91901   28  551   12.93285    2.91901  77.4%  46.0   95s
 20507  7533    2.91901   31  551   12.93285    2.91901  77.4%  46.1  100s
H20777  7151                      12.8564063    2.91901  77.3%  47.2  105s
 21027  7256    2.91901   52  510   12.85641    2.91901  77.3%  47.5  110s
H21851  7093                      12.8088658    2.91901  77.2%  47.6  116s
H21865  6748                      12.7982162    2.91901  77.2%  47.6  116s
H21866  6424                      12.7981416    2.91901  77.2%  47.6  116s
 23386  6791    5.08330   86  395   12.79814    2.91901  77.2%  47.6  120s
 26390  7202   10.39954  148  308   12.79814    2.91901  77.2%  46.9  125s
 29570  7575   10.92559   95  350   12.79814    3.30403  74.2%  46.5  130s
 31803  7487    9.23045   50  400   12.79814    5.81225  54.6%  46.6  135s
 34908  7127     cutoff   73        12.79814    6.82922  46.6%  47.2  144s
 34949  7091   12.49278   73  388   12.79814    6.91456  46.0%  47.3  145s
 37982  6071     cutoff  128        12.79814    8.07621  36.9%  48.2  150s
 41424  5996     cutoff  118        12.79814    9.06834  29.1%  48.0  155s
 44999  5816     cutoff  118        12.79814    9.96725  22.1%  47.4  160s
 49998  6781   12.37835  300  105   12.79814   10.52489  17.8%  45.6  166s
H51013  6762                      12.7981403   10.52489  17.8%  45.2  169s
 51091  6849     cutoff  158        12.79814   10.73767  16.1%  45.3  171s
 54737  6875     cutoff  143        12.79814   11.17323  12.7%  44.7  178s
H54827  6875                      12.7981368   11.20964  12.4%  44.7  178s
 54848  7395     cutoff  141        12.79814   11.22774  12.3%  44.7  181s
 59597  6853     cutoff  249        12.79814   11.75405  8.16%  43.6  186s
 62391  5399     cutoff  158        12.79814   12.16647  4.94%  43.2  190s
 67264  2540     cutoff  189        12.79814   12.52269  2.15%  41.9  195s
 71897   396     cutoff  305        12.79814   12.61954  1.40%  39.9  200s

Cutting planes:
  Gomory: 28
  Cover: 92
  Implied bound: 114
  MIR: 206
  Flow cover: 446
  Inf proof: 5
  Relax-and-lift: 3

Explored 74363 nodes (2905857 simplex iterations) in 200.83 seconds (384.35 work units)
Thread count was 16 (of 16 available processors)

Solution count 10: 12.7981 12.7982 12.8089 ... 17.334

Optimal solution found (tolerance 1.00e-03)
Best objective 1.279813684493e+01, best bound 1.279813684493e+01, gap 0.0000%
