
Gurobi 9.5.0 (linux64) logging started Thu 17 Mar 2022 09:31:33 AM MST

Set parameter LogFile to value "/home/local/ASUAD/kmajd1/Documents/NNRepLayer_v2/demos/examples/tc2_forward_kinematics/tc2/repair_net/logs/opt_log_layer2.log"
Gurobi Optimizer version 9.5.0 build v9.5.0rc5 (linux64)
Thread count: 48 physical cores, 96 logical processors, using up to 32 threads
Optimize a model with 106135 rows, 66291 columns and 512355 nonzeros
Model fingerprint: 0x33abb77b
Model has 861 quadratic objective terms
Variable types: 27591 continuous, 38700 integer (38700 binary)
Coefficient statistics:
  Matrix range     [1e-05, 2e+00]
  Objective range  [5e-06, 2e-02]
  QObjective range [9e-03, 2e+00]
  Bounds range     [1e+00, 2e+00]
  RHS range        [3e-31, 2e+00]
Presolve removed 66650 rows and 27735 columns
Presolve time: 3.83s
Presolved: 39485 rows, 38556 columns, 405070 nonzeros
Presolved model has 861 quadratic objective terms
Variable types: 26301 continuous, 12255 integer (12255 binary)
Root relaxation presolve removed 12255 rows and 12255 columns
Root relaxation presolved: 27230 rows, 26301 columns, 380560 nonzeros
Root relaxation presolved model has 861 quadratic objective terms


Root simplex log...

Iteration    Objective       Primal Inf.    Dual Inf.      Time
       0    1.1904036e-01   0.000000e+00   0.000000e+00     11s
   15939    1.1904036e-01   1.715346e+03   0.000000e+00     15s
   29121    1.1904036e-01   2.267174e+02   0.000000e+00     20s
   38880    1.1904036e-01   3.568774e+00   0.000000e+00     25s
   41246    1.1904036e-01   0.000000e+00   0.000000e+00     27s
   41246    1.1904036e-01   0.000000e+00   0.000000e+00     27s

Root relaxation: objective 1.190404e-01, 41246 iterations, 18.01 seconds (48.25 work units)

    Nodes    |    Current Node    |     Objective Bounds      |     Work
 Expl Unexpl |  Obj  Depth IntInf | Incumbent    BestBd   Gap | It/Node Time

     0     0    0.11904    0 8148          -    0.11904      -     -   27s
     0     0    0.11904    0 8102          -    0.11904      -     -   69s
     0     0    0.11904    0 7948          -    0.11904      -     -   78s
     0     0    0.11904    0 7896          -    0.11904      -     -   88s
     0     0    0.11904    0 7931          -    0.11904      -     -   92s
     0     0    0.11904    0 7699          -    0.11904      -     -  106s
     0     0    0.11904    0 7466          -    0.11904      -     -  116s
     0     0    0.11904    0 7470          -    0.11904      -     -  125s
H    0     0                       2.7486851    0.11904  95.7%     -  220s
H    0     0                       2.7486851    0.11904  95.7%     -  221s
     0     2    0.11904    0 7470    2.74869    0.11904  95.7%     -  221s
     1     4    0.11904    1 7469    2.74869    0.11904  95.7%  25.0  229s
     3     8    0.11904    2 7375    2.74869    0.11904  95.7%  2316  243s
     7    16    0.11904    3 7457    2.74869    0.11904  95.7%  3496  254s
    15    28     cutoff    4         2.74869    0.11904  95.7% 15301 4010s
H   31    56                       2.7486850    0.11947  95.7% 64311 4242s
H   35    56                       2.7486850    0.11947  95.7% 62236 4242s
H   43    56                       2.7486850    0.11947  95.7% 60726 4242s
H   48    56                       2.7486850    0.11947  95.7% 59510 4243s
    59    88    0.11962    6 6920    2.74869    0.11947  95.7% 50197 4681s
    92    89    0.12445    7 7470    2.74869    0.11947  95.7% 34243 5364s
H   93    85                       2.7486850    0.11947  95.7% 33875 5386s
    94    85    0.11962    7 8148    2.74868    0.11947  95.7% 33515 5405s
    95    86    0.12305    7 8327    2.74868    0.11947  95.7% 33162 5418s
    96    87    0.12305    6 8375    2.74868    0.11947  95.7% 32816 5442s
    97    87    0.12305    6 8403    2.74868    0.11947  95.7% 32478 5447s
    98    88    0.12305    7 8279    2.74868    0.11947  95.7% 32147 5546s
    99    89    0.12305    7 8310    2.74868    0.11947  95.7% 31822 5554s
   101    90    0.12445    7 8310    2.74868    0.11947  95.7% 31192 5581s
   103    93    0.12445    6 7470    2.74868    0.11947  95.7% 31164 6383s
   105    94    0.12445    7 8149    2.74868    0.11947  95.7% 30570 6424s
   106    95    0.11992    7 8320    2.74868    0.11947  95.7% 30282 6437s
   107    96    0.12445    7 8190    2.74868    0.11947  95.7% 29999 6470s
   108    96    0.12948    7 8277    2.74868    0.11947  95.7% 29721 6486s
   109    97    0.12445    7 8175    2.74868    0.11947  95.7% 29449 6611s
   110    98    0.12305    7 8188    2.74868    0.11947  95.7% 29181 6615s
   111    98    0.15478    6 8096    2.74868    0.11947  95.7% 28918 6711s
   114   100    0.12230    6 8104    2.74868    0.11947  95.7% 28157 6761s
H  114    96                       2.7486850    0.11947  95.7% 28777 6761s
   116    97    0.12445    7 7470    2.74868    0.11947  95.7% 28281 7631s
   118    98    0.12305    7 8149    2.74868    0.11947  95.7% 27802 7686s
   119    99    0.12305    7 8357    2.74868    0.11947  95.7% 27568 7696s
   120   100    0.12530    7 8336    2.74868    0.11947  95.7% 27338 7716s
   121   100    0.12230    7 8365    2.74868    0.11947  95.7% 27112 7720s
   122   101    0.12305    7 8185    2.74868    0.11947  95.7% 26890 7848s
   123   102    0.12305    7 8177    2.74868    0.11947  95.7% 26671 7852s
   124   102    0.12305    7 8146    2.74868    0.11947  95.7% 26456 7943s
   125   103    0.12230    7 8156    2.74868    0.11947  95.7% 26245 7948s
   126   104    0.12305    6 8052    2.74868    0.11947  95.7% 26036 8010s
   127   104    0.12305    7 8051    2.74868    0.11947  95.7% 25831 8018s
   129   106    0.12305    7 8051    2.74868    0.11947  95.7% 25431 8232s
   131   108    0.12445    7 7470    2.74868    0.11947  95.7% 25608 9052s
H  132   103                       2.7486849    0.11947  95.7% 25414 9093s
   134   104    0.12445    7 8343    2.74868    0.11947  95.7% 25035 9115s
   135   105    0.12305    7 8075    2.74868    0.11947  95.7% 24849 9140s
   137   106    0.12305    7 8100    2.74868    0.11947  95.7% 24486 9208s
   138   107    0.12305    6 8123    2.74868    0.11947  95.7% 24309 9212s
   139   107    0.12530    6 8035    2.74868    0.11947  95.7% 24134 9278s
   140   108    0.12948    7 8052    2.74868    0.11947  95.7% 23962 9282s
   141   109    0.15478    6 7940    2.74868    0.11947  95.7% 23792 9409s
   142   109    0.12445    7 7941    2.74868    0.11947  95.7% 23624 9413s
   143   110    0.12305    7 7881    2.74868    0.11947  95.7% 23459 9482s
   144   111    0.12901    6 7865    2.74868    0.11947  95.7% 23296 9494s
   146   112    0.12230    7 7865    2.74868    0.11947  95.7% 22977 9556s
   148   115    0.12305    7 7470    2.74868    0.11947  95.7% 23308 10486s
   150   116    0.12530    6 8149    2.74868    0.11947  95.7% 22997 10542s
   151   117    0.12445    7 8331    2.74868    0.11947  95.7% 22845 10553s
   152   118    0.12948    7 8317    2.74868    0.11947  95.7% 22695 10578s
   153   118    0.12305    7 8371    2.74868    0.11947  95.7% 22546 10584s
   154   119    0.11947    7 8190    2.74868    0.11947  95.7% 22400 10744s
   155   120    0.12305    7 8189    2.74868    0.11947  95.7% 22256 10748s
   156   120    0.12948    7 8141    2.74868    0.11947  95.7% 22113 10831s
   157   121    0.12445    6 8130    2.74868    0.11947  95.7% 21972 10836s
   158   122    0.12445    7 8048    2.74868    0.11947  95.7% 21833 10909s
   159   122    0.12901    7 8040    2.74868    0.11947  95.7% 21696 10913s
   160   123    0.12305    7 7967    2.74868    0.11947  95.7% 21560 11043s
   161   124    0.12445    6 7962    2.74868    0.11947  95.7% 21426 11047s
   162   124    0.12948    6 7864    2.74868    0.11947  95.7% 21294 11179s
   163   125    0.12445    6 7850    2.74868    0.11947  95.7% 21163 11190s
   165   126    0.12948    7 7850    2.74868    0.11947  95.7% 20907 11366s
   167   129    0.12305    7 7470    2.74868    0.11947  95.7% 21182 12282s
   169   130    0.12305    7 8149    2.74868    0.11947  95.7% 20931 12323s
   170   131    0.12305    7 8287    2.74868    0.11947  95.7% 20808 12336s
   171   132    0.12530    7 8172    2.74868    0.11947  95.7% 20687 12371s
   172   132    0.12948    7 8254    2.74868    0.11947  95.7% 20566 12376s
   173   133    0.12948    7 8186    2.74868    0.11947  95.7% 20447 12479s
   174   134    0.12901    7 8185    2.74868    0.11947  95.7% 20330 12483s
   175   134    0.12305    7 8142    2.74868    0.11947  95.7% 20214 12561s
   176   135    0.12948    7 8111    2.74868    0.11947  95.7% 20099 12565s
   177   136    0.12305    7 8028    2.74868    0.11947  95.7% 19985 12634s
   178   136    0.12445    7 8025    2.74868    0.11947  95.7% 19873 12638s
   179   137    0.12445    7 7912    2.74868    0.11947  95.7% 19762 12725s
   181   138    0.12530    7 7863    2.74868    0.11947  95.7% 19544 12815s
   183   140    0.12305    6 7728    2.74868    0.11947  95.7% 19330 12924s
   184   140    0.15478    7 7701    2.74868    0.11947  95.7% 19225 12933s
   186   142    0.12445    7 7701    2.74868    0.11947  95.7% 19018 13021s
   188   144    0.12445    7 7470    2.74868    0.11947  95.7% 19307 14075s
   190   145    0.12305    7 8149    2.74868    0.11947  95.7% 19104 14116s
   191   146    0.12901    6 8312    2.74868    0.11947  95.7% 19004 14136s
   192   147    0.12445    7 8055    2.74868    0.11947  95.7% 18905 14172s
   193   147    0.12445    6 8242    2.74868    0.11947  95.7% 18807 14178s
   194   148    0.11962    7 8154    2.74868    0.11947  95.7% 18710 14299s
   195   149    0.12305    7 8157    2.74868    0.11947  95.7% 18614 14303s
   196   149    0.12305    6 8168    2.74868    0.11947  95.7% 18519 14374s
   197   150    0.12305    6 8117    2.74868    0.11947  95.7% 18425 14379s
   198   151    0.12305    7 7964    2.74868    0.11947  95.7% 18332 14498s
   199   151    0.12305    7 7996    2.74868    0.11947  95.7% 18240 14503s
   200   152    0.12445    6 7949    2.74868    0.11947  95.7% 18148 14615s
   202   153    0.12530    7 7893    2.74868    0.11947  95.7% 17969 14694s
   203   154    0.12445    6 7917    2.74868    0.11947  95.7% 17880 14699s
   204   155    0.12230    7 7805    2.74868    0.11947  95.7% 17793 14831s
   205   155    0.12445    7 7756    2.74868    0.11947  95.7% 17706 14835s
   206   156    0.11992    7 7681    2.74868    0.11947  95.7% 17620 14913s
   207   157    0.12445    7 7696    2.74868    0.11947  95.7% 17535 14921s
   209   158    0.12445    7 7696    2.74868    0.11947  95.7% 17367 15082s
   211   161    0.15478    6 7470    2.74868    0.11947  95.7% 17715 16062s
   213   162    0.11992    7 8149    2.74868    0.11947  95.7% 17549 16116s
   214   163    0.12230    6 8341    2.74868    0.11947  95.7% 17467 16122s
   215   164    0.11992    7 8308    2.74868    0.11947  95.7% 17386 16146s
   216   164    0.12445    7 8331    2.74868    0.11947  95.7% 17305 16150s
   217   165    0.15478    7 8140    2.74868    0.11947  95.7% 17225 16336s
   218   166    0.12305    7 8187    2.74868    0.11947  95.7% 17146 16343s
   219   166    0.12305    7 8182    2.74868    0.11947  95.7% 17068 16412s
   220   167    0.12530    7 8184    2.74868    0.11947  95.7% 16991 16415s
   221   168    0.12230    7 8103    2.74868    0.11947  95.7% 16914 16490s
   223   169    0.12305    7 7969    2.74868    0.11947  95.7% 16762 16566s
   225   170    0.12230    7 7859    2.74868    0.11947  95.7% 16613 16633s
   226   171    0.12305    6 7847    2.74868    0.11947  95.7% 16539 16637s
   227   172    0.12305    7 7746    2.74868    0.11947  95.7% 16467 16707s
   228   172    0.12305    7 7730    2.74868    0.11947  95.7% 16394 16711s
   229   173    0.12305    7 7618    2.74868    0.11947  95.7% 16323 16781s
   230   174    0.12530    7 7623    2.74868    0.11947  95.7% 16252 16785s
   231   174    0.12445    7 7591    2.74868    0.11947  95.7% 16181 16843s
   232   175    0.12305    7 7599    2.74868    0.11947  95.7% 16112 16845s
   234   176    0.12445    7 7599    2.74868    0.11947  95.7% 15974 16945s
   235   180    0.11947  113 7512    2.74868    0.11947  95.7% 16359 16950s
   237   183    0.11947  114 7381    2.74868    0.11947  95.7% 16236 16963s
   241   188    0.11947  115 7290    2.74868    0.11947  95.7% 16058 18710s
   249   199    0.11947  116 7278    2.74868    0.11947  95.7% 19323 18717s
   263   223    0.11947  117 7285    2.74868    0.11947  95.7% 18427 20042s
H  281   207                       2.7472118    0.11947  95.7% 19021 20042s
   291   235    0.11947  118 7290    2.74721    0.11947  95.7% 18386 20055s
   323   257    0.11947  119 7286    2.74721    0.11947  95.7% 16646 21029s
H  343   242                       2.7472118    0.11947  95.7% 15692 21029s
H  355   261                       2.7472118    0.11947  95.7% 15173 22625s
H  358   252                       2.7472118    0.11947  95.7% 15117 22625s
H  368   242                       2.7472118    0.11947  95.7% 14708 22625s
H  385   229                       2.7456633    0.11947  95.6% 14062 22625s
H  387   253                       2.7456632    0.11947  95.6% 13990 25757s
H  391   246                       2.7456632    0.11947  95.6% 13847 25757s
H  392   239                       2.7456632    0.11947  95.6% 13811 25757s
H  400   231                       2.7456502    0.11947  95.6% 13538 25757s
   419   289    0.13218  120 7254    2.74565    0.11947  95.6% 12952 25763s
   483   331    0.13078  121 7185    2.74565    0.11947  95.6% 11272 25771s
   547   376    0.11947  122 7289    2.74565    0.11947  95.6%  9985 25775s
   611   465    0.13058  123 7212    2.74565    0.11947  95.6%  8968 25932s
   700   555    0.11947  124 7287    2.74565    0.11947  95.6%  7847 26082s
   790   671    0.11947  125 7286    2.74565    0.11947  95.6%  6990 26138s
   906   788    0.11947  126 7285    2.74565    0.11947  95.6%  6197 27786s
  1023   944    0.11947  127 7283    2.74565    0.11947  95.6%  5523 27794s
  1179  1128    0.11947  128 7282    2.74565    0.11947  95.6%  4827 27921s
  1363  1371    0.11947  129 7281    2.74565    0.11947  95.6%  4243 27929s
  1606  1403    0.11947  130 7280    2.74565    0.11947  95.6%  3628 29125s
H 1607  1403                       2.7456502    0.11947  95.6%  3626 29125s
  1638  1673    0.13089  130 7237    2.74565    0.11947  95.6%  3564 29134s
  1908  1989    0.11947  131 7279    2.74565    0.11947  95.6%  3081 29241s
  2224  2360    0.11947  132 7277    2.74565    0.11947  95.6%  2683 29249s
  2595  2778    0.11947  133 7276    2.74565    0.11947  95.6%  2323 29256s
  3013  3257    0.11947  134 7275    2.74565    0.11947  95.6%  2016 29264s
  3492  3731    0.11947  135 7274    2.74565    0.11947  95.6%  1753 29272s
  3966  4161    0.11947  136 7273    2.74565    0.11947  95.6%  1558 29285s
  4396  4631    0.11947  137 7272    2.74565    0.11947  95.6%  1422 29293s
  4866  5165    0.11947  138 7271    2.74565    0.11947  95.6%  1296 29301s
  5400  5786    0.11947  139 7270    2.74565    0.11947  95.6%  1177 29308s
  6021  6393    0.11947  140 7269    2.74565    0.11947  95.6%  1064 29334s
  6628  6973    0.11947  141 7268    2.74565    0.11947  95.6%   976 30536s
  7208  7783    0.11947  142 7267    2.74565    0.11947  95.6%   969 30551s
  8018  8522    0.11947  143 7266    2.74565    0.11947  95.6%   880 30563s
  8757  9335    0.11947  144 7264    2.74565    0.11947  95.6%   813 30668s
  9570 10290    0.11947  145 7263    2.74565    0.11947  95.6%   755 30681s
 10525 11227    0.11947  146 7262    2.74565    0.11947  95.6%   693 30697s
 11462 12123    0.11947  147 7261    2.74565    0.11947  95.6%   643 30756s
 12358 13093    0.11947  148 7260    2.74565    0.11947  95.6%   608 30771s
 13328 14083    0.11947  149 7259    2.74565    0.11947  95.6%   570 30788s
 14318 15065    0.11947  150 7258    2.74565    0.11947  95.6%   537 30802s
 15300 15097    0.11947  151 7257    2.74565    0.11947  95.6%   508 32238s
 15332 16155    0.12958  151 7110    2.74565    0.11947  95.6%   508 32257s
 16390 17224    0.11947  152 7256    2.74565    0.11947  95.6%   481 33624s
 17459 18433    0.11947  153 7255    2.74565    0.11947  95.6%   488 35100s
 18668 19920    0.11947  155 7253    2.74565    0.11947  95.6%   495 35129s
 20155 21364    0.11947  157 7250    2.74565    0.11947  95.6%   466 35157s
 21599 22768    0.11947  160 7247    2.74565    0.11947  95.6%   443 36196s
 23005 24319    0.11947  163 7244    2.74565    0.11947  95.6%   442 36306s
 24564 25987    0.11947  165 7242    2.74565    0.11947  95.6%   424 36341s
 26238 27735    0.11947  169 7176    2.74565    0.11947  95.6%   405 36366s
 27994 29468    0.11947  174 7152    2.74565    0.11947  95.6%   387 36425s
 29731 35126    0.11947  177 7076    2.74565    0.11947  95.6%   374 37308s
 35389 37472    0.11947  198 7052    2.74565    0.11947  95.6%   359 37389s
 37736 39652    0.11947  199 7052    2.74565    0.11947  95.6%   351 38844s
 39916 41711    0.11947  204 7035    2.74565    0.11947  95.6%   359 41866s
 41975 43897    0.11947  207 7030    2.74565    0.11947  95.6%   394 43200s

Cutting planes:
  Gomory: 8
  Cover: 197
  Implied bound: 14
  MIR: 5639
  Flow cover: 4916
  Relax-and-lift: 4

Explored 44163 nodes (18045970 simplex iterations) in 43200.25 seconds (132534.29 work units)
Thread count was 32 (of 96 available processors)

Solution count 10: 2.74565 2.74565 2.74566 ... 2.74721

Time limit reached
Best objective 2.745650150641e+00, best bound 1.194664927122e-01, gap 95.6489%

Gurobi 9.5.0 (win64) logging started Thu May 26 18:21:53 2022

Set parameter LogFile to value "C:\Users\kmajd1\Documents\NNRepLayer_v2\demos\examples\tc2_forward_kinematics/tc2/repair_net/logs/opt_log_layer2.log"
Gurobi Optimizer version 9.5.0 build v9.5.0rc5 (win64)
Thread count: 8 physical cores, 16 logical processors, using up to 16 threads
Optimize a model with 56239 rows, 35323 columns and 141149 nonzeros
Model fingerprint: 0x4c736aaa
Model has 861 quadratic objective terms
Variable types: 14683 continuous, 20640 integer (20640 binary)
Coefficient statistics:
  Matrix range     [1e-04, 1e+01]
  Objective range  [2e-06, 2e-02]
  QObjective range [9e-03, 2e+00]
  Bounds range     [1e+00, 1e+01]
  RHS range        [9e-05, 1e+01]
Presolve removed 45069 rows and 24437 columns
Presolve time: 0.69s
Presolved: 11170 rows, 10886 columns, 56840 nonzeros
Presolved model has 861 quadratic objective terms
Variable types: 8431 continuous, 2455 integer (2455 binary)

Root relaxation: objective 1.731278e-01, 23173 iterations, 0.60 seconds (0.62 work units)

    Nodes    |    Current Node    |     Objective Bounds      |     Work
 Expl Unexpl |  Obj  Depth IntInf | Incumbent    BestBd   Gap | It/Node Time

     0     0    0.17313    0 1735          -    0.17313      -     -    1s
     0     0    0.17948    0 1657          -    0.17948      -     -    2s
     0     0    0.19431    0 1639          -    0.19431      -     -    4s
     0     0    0.19546    0 1658          -    0.19546      -     -    5s
     0     0    0.19670    0 1643          -    0.19670      -     -    7s
     0     0    0.19670    0 1649          -    0.19670      -     -    7s
     0     0    0.19670    0 1652          -    0.19670      -     -    8s
     0     0    0.19670    0 1650          -    0.19670      -     -    9s
     0     0    0.19670    0 1660          -    0.19670      -     -   10s
     0     0    0.19670    0 1501          -    0.19670      -     -   12s
H    0     0                     100.6903839    0.19670   100%     -   32s
H    0     0                      54.0591044    0.19670   100%     -  155s
     0     2    0.19670    0 1501   54.05910    0.19670   100%     -  156s
     3     8    0.19670    2 1513   54.05910    0.19670   100%  2193  167s
H   15    24                      51.3237776    0.19670   100% 14712  173s
H   19    24                      49.5842472    0.19670   100% 11636  173s
H   22    24                      37.2036935    0.19670  99.5% 10101  173s
H   23    32                      36.7232244    0.19670  99.5%  9696  175s
H   24    32                      35.4712516    0.19670  99.4%  9298  175s
H   26    32                      33.2428936    0.19670  99.4%  8691  175s
    39    48    0.19670    6 1516   33.24289    0.19670  99.4%  5960  183s
    47    62    0.19812    7 1512   33.24289    0.19670  99.4%  6839  185s
H   80    92                      33.2428936    0.19670  99.4%  4172  188s
    91   106    0.20225   11 1503   33.24289    0.19670  99.4%  3710  196s
   105   114    0.20228   12 1498   33.24289    0.19670  99.4%  4159  200s
   113   128    0.20228   13 1496   33.24289    0.19670  99.4%  3897  206s
   152   161    0.20234   18 1482   33.24289    0.19670  99.4%  3050  213s
H  166   168                      24.1979590    0.19670  99.2%  2847  218s
H  169   168                      24.1534851    0.19670  99.2%  2800  218s
H  170   168                      24.0445995    0.19670  99.2%  2784  218s
H  171   168                      22.4552564    0.19670  99.1%  2785  218s
H  173   168                      20.1264428    0.19670  99.0%  2753  218s
H  175   176                      17.7028460    0.19670  98.9%  2722  220s
H  180   176                      15.1044056    0.19670  98.7%  2650  220s
   197   198    0.20236   20 1477   15.10441    0.19670  98.7%  2459  226s
   205   227    0.20498   21 1470   15.10441    0.19670  98.7%  2369  232s
H  208   227                      12.3865733    0.19670  98.4%  2335  232s
H  216   227                      12.1155177    0.19670  98.4%  2254  232s
   234   235    0.20294   23 1473   12.11552    0.19670  98.4%  2120  237s
H  237   235                       9.6184028    0.19670  98.0%  2093  237s
   242   269    0.20327   24 1472    9.61840    0.19670  98.0%  2078  251s
H  276   277                       7.5521003    0.19670  97.4%  1975  263s
H  278   277                       5.9946219    0.19670  96.7%  1975  263s
H  282   277                       5.1947119    0.19670  96.2%  1948  263s
   284   292    0.20744   28 1464    5.19471    0.19670  96.2%  1940  271s
   301   333    0.20793   30 1460    5.19471    0.19670  96.2%  1963  278s
H  344   341                       3.9629621    0.19670  95.0%  1994  294s
H  345   341                       3.5327919    0.19670  94.4%  1988  294s
H  350   341                       2.8156841    0.19670  93.0%  1965  294s
   352   379    0.23345   37 1427    2.81568    0.19670  93.0%  1963  299s
H  394   387                       1.6279994    0.19670  87.9%  1810  358s
H  395   387                       1.4601795    0.19670  86.5%  1805  358s
   402   402    0.20968   39 1430    1.46018    0.19670  86.5%  1775  387s
   427   418    0.20969   40 1428    1.46018    0.19670  86.5%  1715  475s
H  428   418                       1.4601795    0.19670  86.5%  1711  475s
H  432   418                       1.4601795    0.19670  86.5%  1696  475s
H  438   418                       1.2356701    0.19670  84.1%  1674  475s
H  443   424                       1.2356701    0.19670  84.1%  1746  512s
H  445   424                       1.1182007    0.19670  82.4%  1740  512s
H  447   424                       1.0739562    0.19670  81.7%  1733  512s
H  453   431                       1.0739562    0.19670  81.7%  1799  567s
H  456   431                       1.0739562    0.19670  81.7%  1787  567s
   462   475    0.20975   43 1416    1.07396    0.19670  81.7%  1765  628s
H  469   475                       1.0739561    0.19670  81.7%  1740  628s
H  510   449                       1.0739561    0.19670  81.7%  1788  685s
H  513   449                       0.9522031    0.19670  79.3%  1779  685s
H  514   449                       0.9522020    0.19670  79.3%  1775  685s
   519   484    0.21344   48 1406    0.95220    0.19670  79.3%  1768  736s
H  529   484                       0.9522020    0.19670  79.3%  1736  736s
H  559   484                       0.8533401    0.19670  76.9%  1674  736s
H  564   471                       0.8533400    0.19670  76.9%  1794  830s
H  565   471                       0.8533400    0.19670  76.9%  1791  830s
H  568   470                       0.8218757    0.19670  76.1%  1845  830s
   575   534    0.27746   58 1314    0.82188    0.19670  76.1%  1837  887s
H  586   534                       0.8218757    0.19670  76.1%  1803  887s
H  603   534                       0.8218757    0.19670  76.1%  1761  887s
   645   590    0.21109   68 1350    0.82188    0.19670  76.1%  1715  902s
   707   598    0.21128   72 1340    0.82188    0.19670  76.1%  1734  995s
H  709   591                       0.7694188    0.19670  74.4%  1729  995s
H  710   589                       0.7616312    0.19670  74.2%  1727  995s
   715   663    0.21129   73 1339    0.76163    0.19670  74.2%  1722 1006s
H  801   684                       0.7616312    0.19670  74.2%  1644 1046s
H  820   684                       0.7616312    0.19670  74.2%  1614 1046s
H  821   668                       0.6760264    0.19670  70.9%  1614 1046s
H  823   676                       0.6760264    0.19670  70.9%  1610 1209s
H  824   676                       0.6760263    0.19670  70.9%  1610 1209s
   831   788    0.21175   79 1324    0.67603    0.19670  70.9%  1601 1223s
   949   796    0.21256   89 1305    0.67603    0.19670  70.9%  1444 1279s
H  950   795                       0.6527315    0.19670  69.9%  1442 1279s
H  951   785                       0.4720865    0.19670  58.3%  1441 1279s
   957   914    0.21282   90 1304    0.47209    0.19670  58.3%  1432 1291s
H 1096   919                       0.4644863    0.19670  57.7%  1306 1324s
H 1098   916                       0.4580605    0.19670  57.1%  1307 1324s
  1105  1086    0.21429  104 1253    0.45806    0.19670  57.1%  1301 1359s
H 1131  1086                       0.4580605    0.19670  57.1%  1274 1359s
H 1158  1086                       0.4572647    0.19670  57.0%  1249 1359s
H 1185  1083                       0.4492770    0.19670  56.2%  1225 1359s
  1289  1171    0.21342  120 1249    0.44928    0.19670  56.2%  1171 1552s
H 1300  1171                       0.4492770    0.19670  56.2%  1173 1552s
H 1312  1171                       0.4492770    0.19670  56.2%  1164 1552s
H 1348  1171                       0.4492770    0.19670  56.2%  1142 1552s
H 1384  1170                       0.4436561    0.19670  55.7%  1119 1552s
H 1385  1178                       0.4436561    0.19670  55.7%  1119 1728s
H 1390  1178                       0.4436560    0.19670  55.7%  1118 1728s
H 1393  1185                       0.4364485    0.19670  54.9%  1116 1759s
H 1394  1177                       0.4169197    0.19670  52.8%  1115 1759s
H 1399  1177                       0.4167714    0.19670  52.8%  1111 1759s
  1401  1369    0.21349  129 1227    0.41677    0.19670  52.8%  1109 1810s
H 1427  1368                       0.4089425    0.19670  51.9%  1091 1810s
H 1535  1353                       0.4011389    0.19670  51.0%  1047 1810s
  1617  1528    0.21601  150 1197    0.40114    0.19670  51.0%  1008 1848s
H 1643  1528                       0.4001959    0.19670  50.8%   995 1848s
H 1670  1528                       0.3992788    0.19670  50.7%   983 1848s
  1836  1711    0.21663  171 1151    0.39928    0.19670  50.7%   937 1888s
H 1862  1711                       0.3991988    0.19670  50.7%   931 1888s
H 1890  1711                       0.3988731    0.19670  50.7%   922 1888s
H 1917  1711                       0.3982680    0.19670  50.6%   913 1888s
H 1971  1711                       0.3981954    0.19670  50.6%   901 1888s
H 1998  1711                       0.3981391    0.19670  50.6%   893 1888s
H 2041  1710                       0.3972059    0.19670  50.5%   893 1888s
  2042  1887    0.22157  188 1130    0.39721    0.19670  50.5%   893 1926s
H 2068  1887                       0.3972059    0.19670  50.5%   886 1926s
H 2095  1887                       0.3972059    0.19670  50.5%   879 1926s
H 2122  1886                       0.3965272    0.19670  50.4%   873 1926s
H 2177  1886                       0.3965110    0.19670  50.4%   857 1926s
H 2204  1875                       0.3947728    0.19670  50.2%   851 1926s
  2252  2048    0.24579  205 1089    0.39477    0.19670  50.2%   850 1971s
H 2278  2048                       0.3944927    0.19670  50.1%   842 1971s
H 2332  2047                       0.3942889    0.19670  50.1%   830 1971s
H 2413  2040                       0.3940288    0.19670  50.1%   815 1971s
H 2440  2040                       0.3939614    0.19670  50.1%   813 1971s
  2468  2200    0.22450  223 1063    0.39396    0.19670  50.1%   811 2025s
H 2494  2200                       0.3938223    0.19670  50.1%   808 2025s
H 2548  2200                       0.3936909    0.19670  50.0%   799 2025s
  2684  2308    0.22513  240 1036    0.39369    0.19670  50.0%   779 2159s
H 2700  2308                       0.3936909    0.19670  50.0%   776 2159s
H 2734  2308                       0.3936909    0.19670  50.0%   773 2159s
H 2785  2308                       0.3936909    0.19670  50.0%   765 2159s
  2820  2719    0.23329  252 1014    0.39369    0.19670  50.0%   767 2185s
  3351  3086    0.25286  298  929    0.39369    0.19670  50.0%   716 2322s
H 3475  3086                       0.3936909    0.19670  50.0%   702 2322s
H 3575  3086                       0.3936908    0.19670  50.0%   688 2322s
H 3687  3059                       0.3901505    0.19670  49.6%   680 2322s
  3787  3159    0.24777  345  886    0.39015    0.19670  49.6%   674 2465s
H 3800  3159                       0.3901505    0.19670  49.6%   672 2465s
H 3828  3159                       0.3896620    0.19670  49.5%   669 2465s
H 3899  3167                       0.3896619    0.19670  49.5%   663 2634s
H 3900  3167                       0.3896619    0.19670  49.5%   663 2634s
H 3901  3123                       0.3863139    0.19670  49.1%   663 2634s
  3906  3123    0.22276  197 1086    0.38631    0.19670  49.1%   662 2635s
  3907  3697    0.27710  354  845    0.38631    0.19670  49.1%   662 2739s
H 4163  3697                       0.3863139    0.19670  49.1%   641 2739s
H 4506  3697                       0.3863139    0.19670  49.1%   616 2739s
  4582  3826    0.28108  397  797    0.38631    0.19670  49.1%   618 2866s
H 4619  3826                       0.3863139    0.19670  49.1%   613 2866s
H 4638  3799                       0.3853134    0.19670  48.9%   613 2866s
H 4734  3799                       0.3853133    0.19670  48.9%   608 2999s
  4735  3800    0.21701   85 1501    0.38531    0.19670  48.9%   608 3000s
  4738  3802    0.36644  179 1419    0.38531    0.19670  48.9%   608 3005s
  4744  3806    0.20315   14 1276    0.38531    0.20308  47.3%   607 3010s
  4750  3811    0.23455  281 1443    0.38531    0.20308  47.3%   617 3015s
H 4757  3625                       0.3853132    0.20308  47.3%   616 3020s
H 4759  3444                       0.3834038    0.20308  47.0%   615 3148s
  4783  3469    0.20981   27 1267    0.38340    0.20626  46.2%   624 3150s
H 4815  3319                       0.3826609    0.20742  45.8%   621 3180s
H 4816  3154                       0.3799364    0.20742  45.4%   621 3180s
H 4817  2998                       0.3784475    0.20742  45.2%   621 3180s
H 4900  2906                       0.3784475    0.20895  44.8%   613 3184s
H 4901  2766                       0.3784475    0.20895  44.8%   614 3184s
  4907  2777     cutoff   34         0.37845    0.20895  44.8%   614 3187s
  4942  2794    0.21481   36 1236    0.37845    0.20895  44.8%   613 3190s
H 4947  2659                       0.3784475    0.20895  44.8%   613 3190s
  4983  2690    0.21507   38 1234    0.37845    0.20895  44.8%   612 3195s
H 4987  2561                       0.3784475    0.20895  44.8%   612 3195s
  5013  2597    0.21510   39 1225    0.37845    0.20895  44.8%   612 3200s
  5057  2622    0.21532   42 1199    0.37845    0.20895  44.8%   626 3206s
H 5112  2524                       0.3753619    0.20895  44.3%   623 3245s
H 5113  2409                       0.3743609    0.20895  44.2%   623 3245s
H 5115  2300                       0.3743156    0.20895  44.2%   623 3245s
H 5120  2205                       0.3709908    0.20895  43.7%   623 3267s
  5165  2249    0.21543   45 1193    0.37099    0.20895  43.7%   622 3271s
  5195  2265    0.21561   47 1183    0.37099    0.20895  43.7%   622 3423s
H 5200  2164                       0.3709908    0.20895  43.7%   621 3423s
  5221  2195    0.21883   50 1175    0.37099    0.20895  43.7%   621 3432s
  5267  2211    0.21608   52 1172    0.37099    0.20895  43.7%   625 3435s
  5341  2239    0.22602   54 1169    0.37099    0.20895  43.7%   627 3441s
  5360  2291    0.22013   55 1163    0.37099    0.20895  43.7%   627 3445s
  5486  2380    0.21692   62 1140    0.37099    0.20895  43.7%   620 3497s
H 5550  2266                       0.3709908    0.20895  43.7%   617 3497s
  5561  2318    0.21695   64 1133    0.37099    0.20895  43.7%   616 3508s
  5617  2360    0.21695   65 1129    0.37099    0.20895  43.7%   620 3512s
  5682  2381    0.21701   68 1124    0.37099    0.20895  43.7%   619 3555s
H 5726  2277                       0.3691594    0.20895  43.4%   620 3610s
  5785  2357    0.21708   73 1107    0.36916    0.20895  43.4%   620 3679s
H 5838  2256                       0.3691594    0.20895  43.4%   620 3679s
  5848  2321    0.21716   74 1104    0.36916    0.20895  43.4%   620 3684s
  5929  2367    0.21716   76 1100    0.36916    0.20895  43.4%   620 3689s
  6008  2372    0.21720   78 1093    0.36916    0.20895  43.4%   619 3698s
  6043  2443    0.21737   80 1091    0.36916    0.20895  43.4%   622 3703s
  6134  2502    0.21745   84 1088    0.36916    0.20895  43.4%   621 3707s
  6231  2567    0.22136   89 1083    0.36916    0.20895  43.4%   619 3712s
  6344  2648    0.22207   95 1066    0.36916    0.20895  43.4%   616 3718s
  6471  2728 infeasible  101         0.36916    0.20895  43.4%   623 3793s
  6601  2782    0.22812  106 1054    0.36916    0.20895  43.4%   618 3799s
  6709  2886    0.22324  114 1029    0.36916    0.20895  43.4%   617 3805s
H 6857  2753                       0.3666503    0.20895  43.0%   613 3866s
H 6863  2675                       0.3658334    0.20895  42.9%   612 3866s
  6865  2784    0.22555  120 1020    0.36583    0.20895  42.9%   612 3890s
H 6963  2680                       0.3658334    0.20895  42.9%   612 3890s
  6991  2726    0.22458  128 1001    0.36583    0.20895  42.9%   610 3983s
H 7014  2650                       0.3658334    0.20895  42.9%   612 3983s
H 7063  2568                       0.3658334    0.20895  42.9%   612 3983s
  7064  2669    0.22459  132  992    0.36583    0.20895  42.9%   612 4016s
  7195  2671    0.22478  137  974    0.36583    0.20895  42.9%   612 4144s
H 7206  2606                       0.3658334    0.20895  42.9%   612 4144s
H 7236  2538                       0.3658334    0.20895  42.9%   611 4144s
  7243  2684    0.22489  140  971    0.36583    0.20895  42.9%   610 4164s
  7412  2829    0.24398  149  941    0.36583    0.20895  42.9%   615 4179s
  7629  2967    0.22739  167  924    0.36583    0.20895  42.9%   617 4284s
H 7853  2836                       0.3658334    0.20895  42.9%   611 4284s
  7869  3011    0.22809  177  908    0.36583    0.20895  42.9%   611 4375s
H 7914  2991                       0.3658334    0.20895  42.9%   611 4375s
  8075  2998    0.22912  184  890    0.36583    0.20895  42.9%   608 4500s
H 8076  2998                       0.3658334    0.20895  42.9%   608 4500s
H 8078  2983                       0.3643150    0.20895  42.6%   608 4500s
  8084  3102    0.23894  184  878    0.36432    0.20895  42.6%   608 4634s
H 8100  3102                       0.3643150    0.20895  42.6%   607 4634s
H 8153  3102                       0.3641800    0.20895  42.6%   618 4634s
  8215  3353    0.22931  193  873    0.36418    0.20895  42.6%   620 4654s
H 8500  3379                       0.3641800    0.20895  42.6%   629 4750s
H 8501  3379                       0.3641800    0.20895  42.6%   629 4750s
H 8537  3336                       0.3617155    0.20895  42.2%   629 4750s
  8538  3533    0.24619  212  842    0.36172    0.20895  42.2%   629 4770s
  8787  3628    0.24133  219  840    0.36172    0.20895  42.2%   645 4941s
H 8853  3628                       0.3617155    0.20895  42.2%   648 4941s
H 8867  3628                       0.3617155    0.20895  42.2%   648 4941s
H 8895  3628                       0.3617155    0.20895  42.2%   648 4941s
H 8923  3628                       0.3617155    0.20895  42.2%   649 4941s
  8924  3977    0.24172  230  811    0.36172    0.20895  42.2%   649 4964s
  9315  4235    0.24366  259  767    0.36172    0.20895  42.2%   646 4988s
  9639  4493    0.24999  275  740    0.36172    0.20895  42.2%   659 5064s
H 9909  4493                       0.3617155    0.20895  42.2%   673 5064s
  9965  4726    0.25014  284  727    0.36172    0.20895  42.2%   676 5156s
H10000  4726                       0.3617155    0.20895  42.2%   674 5156s
 10228  5208    0.25297  302  707    0.36172    0.20895  42.2%   669 5242s
 10768  5418    0.25714  334  669    0.36172    0.20895  42.2%   654 5326s
H10926  5418                       0.3617155    0.20895  42.2%   656 5326s
 11059  5694     cutoff  350         0.36172    0.20895  42.2%   653 5429s
H11100  5688                       0.3610126    0.20895  42.1%   652 5429s
H11226  5682                       0.3604274    0.20895  42.0%   651 5429s
H11395  5690                       0.3604274    0.20895  42.0%   646 5592s
H11395  5690                       0.3604274    0.20895  42.0%   646 5592s
H11398  5690                       0.3604274    0.20895  42.0%   646 5592s
H11399  5689                       0.3599900    0.20895  42.0%   646 5592s
H11402  5681                       0.3586260    0.20895  41.7%   646 5592s
 11403  6313    0.27016  372  611    0.35863    0.20895  41.7%   646 5693s
H11500  6313                       0.3586260    0.20895  41.7%   644 5693s
H11772  6313                       0.3586260    0.20895  41.7%   639 5693s
H11968  6313                       0.3586260    0.20895  41.7%   634 5693s
 12165  6587    0.27725  421  540    0.35863    0.20895  41.7%   626 5793s
H12200  6587                       0.3586260    0.20895  41.7%   626 5793s
H12272  6577                       0.3583429    0.20895  41.7%   625 5793s
H12480  6576                       0.3583147    0.20895  41.7%   620 5793s
 12553  6902    0.27852  439  519    0.35831    0.20895  41.7%   619 5877s
H12600  6902                       0.3583147    0.20895  41.7%   618 5877s
H12760  6902                       0.3583147    0.20895  41.7%   617 5877s
H12808  6902                       0.3583147    0.20895  41.7%   616 5877s
H12856  6902                       0.3583146    0.20895  41.7%   615 5877s
 13001  7476    0.28410  463  490    0.35831    0.20895  41.7%   614 5978s
H13100  7476                       0.3583146    0.20895  41.7%   613 5978s
 13825  7961    0.33278  513  449    0.35831    0.20895  41.7%   595 6123s
H14325  7961                       0.3583146    0.20895  41.7%   584 6123s
H14477  7955                       0.3579835    0.20895  41.6%   579 6123s
 14554  8343    0.35230  610  348    0.35798    0.20928  41.5%   579 6270s
H14600  8343                       0.3579835    0.20928  41.5%   578 6270s
 15030  9028    0.28560   57 1135    0.35798    0.20961  41.4%   569 6441s
H15100  9028                       0.3579835    0.20961  41.4%   567 6441s
H15242  9028                       0.3579835    0.20961  41.4%   564 6441s
H15718  9028                       0.3579835    0.20961  41.4%   556 6441s
 15905  9630     cutoff  126         0.35798    0.21037  41.2%   553 6719s
H16196  9616                       0.3567326    0.21041  41.0%   549 6719s
H16292  9613                       0.3566332    0.21049  41.0%   548 6719s
 16878  9837     cutoff   92         0.35663    0.21109  40.8%   545 6931s
H16900  9837                       0.3566332    0.21109  40.8%   545 6931s
H16923  9837                       0.3566332    0.21109  40.8%   544 6931s
H16946  9834                       0.3565006    0.21109  40.8%   545 6931s
H17115  9831                       0.3560803    0.21109  40.7%   543 6931s
 17262 10194    0.21774   48 1206    0.35608    0.21109  40.7%   541 7203s
H17300 10194                       0.3560803    0.21109  40.7%   541 7203s
H17409 10194                       0.3560803    0.21109  40.7%   538 7203s
H17547 10194                       0.3560803    0.21109  40.7%   536 7203s
H17636 10182                       0.3556564    0.21109  40.6%   535 7203s
 17715 11282    0.28690  157  899    0.35566    0.21109  40.6%   535 7449s
H17800 11282                       0.3556564    0.21109  40.6%   532 7449s
H17900 11282                       0.3556564    0.21109  40.6%   530 7449s
H18172 11282                       0.3556564    0.21129  40.6%   529 7449s
H18544 11271                       0.3552980    0.21129  40.5%   520 7449s
 18903 12196    0.21879   62 1152    0.35530    0.21129  40.5%   523 7639s
H19000 12196                       0.3552980    0.21129  40.5%   520 7639s
H19630 12196                       0.3552980    0.21129  40.5%   509 7639s
H19924 12171                       0.3546459    0.21129  40.4%   514 7639s
 19925 13292    0.28943  160  894    0.35465    0.21129  40.4%   514 7827s
H20000 13292                       0.3546458    0.21129  40.4%   512 7827s
H21069 13292                       0.3546458    0.21129  40.4%   501 7827s
 21246 13892    0.32775  336  644    0.35465    0.21167  40.3%   501 8036s
H21300 13892                       0.3546458    0.21167  40.3%   500 8036s
H21510 13887                       0.3545229    0.21182  40.3%   499 8036s
H21986 14071                       0.3545229    0.21182  40.3%   497 8283s
 22206 14913    0.35197   89 1062    0.35452    0.21188  40.2%   496 8529s
H22490 14906                       0.3544105    0.21198  40.2%   497 8530s
 23271 15745    0.22361   78 1070    0.35441    0.21198  40.2%   498 8765s
H23300 15745                       0.3544105    0.21198  40.2%   498 8765s
H24018 15745                       0.3544105    0.21198  40.2%   502 8766s
 24379 16349    0.27122  112 1033    0.35441    0.21198  40.2%   499 9058s
H24500 16349                       0.3544105    0.21198  40.2%   501 9058s
H24679 16349                       0.3544105    0.21198  40.2%   501 9058s
 25190 16803    0.27718  174  907    0.35441    0.21198  40.2%   500 9271s
H25200 16803                       0.3544105    0.21198  40.2%   500 9271s
 25726 17700    0.28015  224  812    0.35441    0.21198  40.2%   498 9524s
H25800 17700                       0.3543178    0.21198  40.2%   499 9524s
H26276 17700                       0.3543178    0.21198  40.2%   499 9524s
H26376 17700                       0.3543178    0.21198  40.2%   498 9524s
H26837 17970                       0.3543178    0.21198  40.2%   497 9829s
 27161 18992    0.32902  302  707    0.35432    0.21198  40.2%   498 10110s
H27200 18992                       0.3543178    0.21198  40.2%   498 10110s
H27738 18992                       0.3543178    0.21198  40.2%   499 10110s
H28158 18992                       0.3543178    0.21198  40.2%   499 10110s
H28298 18992                       0.3543178    0.21198  40.2%   499 10110s
 28299 19642    0.32157  347  664    0.35432    0.21198  40.2%   499 10326s
H28400 19642                       0.3543178    0.21198  40.2%   499 10326s
H29098 19640                       0.3541808    0.21198  40.1%   499 10326s
 29099 20402     cutoff  389         0.35418    0.21198  40.1%   499 10541s
H29100 20402                       0.3541808    0.21198  40.1%   499 10541s
H29504 20402                       0.3541782    0.21198  40.1%   499 10541s
H29506 20402                       0.3541556    0.21198  40.1%   499 10541s
H30105 21627                       0.3541555    0.21198  40.1%   500 10771s
H30200 21627                       0.3541555    0.21203  40.1%   499 10771s
H30694 21615                       0.3539206    0.21203  40.1%   497 10771s
H31281 21607                       0.3536693    0.21203  40.0%   493 10771s
 31567 22597    0.25198  124  975    0.35367    0.21203  40.0%   493 10972s
H31600 22597                       0.3536693    0.21203  40.0%   493 10972s
H31868 22597                       0.3536693    0.21203  40.0%   491 10972s
H32236 22597                       0.3536693    0.21203  40.0%   489 10972s
H32670 22596                       0.3536449    0.21203  40.0%   487 10972s
 32839 23408    0.26645  258  740    0.35364    0.21203  40.0%   486 11238s
H32900 23408                       0.3536449    0.21203  40.0%   485 11238s
H33224 23408                       0.3536449    0.21203  40.0%   483 11238s
 33975 24024    0.29753  420  519    0.35364    0.21210  40.0%   483 11515s
H34556 24014                       0.3532631    0.21238  39.9%   481 11515s
 34783 24397    0.21468   36 1227    0.35326    0.21238  39.9%   479 11737s
H34800 24397                       0.3532631    0.21238  39.9%   479 11737s
H34818 24397                       0.3532631    0.21238  39.9%   478 11737s
H34972 24397                       0.3532631    0.21238  39.9%   479 11737s
 35327 25383    0.22139   54 1149    0.35326    0.21240  39.9%   478 12003s
H35600 25379                       0.3532208    0.21240  39.9%   476 12003s
H36643 25383                       0.3532208    0.21241  39.9%   470 12177s
H36644 25342                       0.3525433    0.21241  39.7%   470 12177s
H36644 25250                       0.3518578    0.21241  39.6%   470 12177s
H36651 25225                       0.3515518    0.21241  39.6%   470 12177s
 36655 25863    0.24389   82 1076    0.35155    0.21241  39.6%   470 12371s
H36700 25863                       0.3515517    0.21241  39.6%   470 12371s
H36746 25863                       0.3515517    0.21241  39.6%   470 12371s
H36792 25863                       0.3515517    0.21241  39.6%   469 12371s
 37387 26585    0.33478  122  930    0.35155    0.21241  39.6%   465 12728s
H37428 26585                       0.3515517    0.21241  39.6%   464 12728s
H37542 26572                       0.3514458    0.21241  39.6%   463 12728s
 38225 27559    0.33533  135  895    0.35145    0.21257  39.5%   458 13043s
H38300 27559                       0.3514458    0.21257  39.5%   458 13043s
H38433 27559                       0.3514458    0.21287  39.4%   457 13043s
H38533 27559                       0.3514458    0.21287  39.4%   456 13043s
H38609 27548                       0.3513650    0.21296  39.4%   455 13043s
 39430 28716    0.28259  136  956    0.35136    0.21313  39.3%   448 13267s
H39500 28716                       0.3513649    0.21313  39.3%   447 13267s
H39600 28716                       0.3513649    0.21313  39.3%   446 13267s
H39842 28716                       0.3513649    0.21313  39.3%   445 13267s
H39984 28716                       0.3513649    0.21313  39.3%   444 13267s
H40697 28716                       0.3513649    0.21313  39.3%   439 13267s
 40698 29345    0.30737  307  670    0.35136    0.21314  39.3%   439 13534s
H40700 29345                       0.3513649    0.21314  39.3%   439 13534s
H40803 29342                       0.3513472    0.21316  39.3%   438 13534s
H41218 29342                       0.3513472    0.21316  39.3%   435 13534s
H41422 30092                       0.3511456    0.21316  39.3%   434 13770s
H41552 30083                       0.3509641    0.21316  39.3%   433 13770s
H41747 30069                       0.3508724    0.21316  39.2%   433 13770s
H42084 30046                       0.3506927    0.21316  39.2%   431 13770s
 42342 31096    0.21693   39 1239    0.35069    0.21316  39.2%   430 14004s
H42400 31096                       0.3506927    0.21316  39.2%   429 14004s
H42631 31096                       0.3506927    0.21316  39.2%   428 14004s
H42690 31096                       0.3506927    0.21316  39.2%   428 14004s
H43373 31093                       0.3506486    0.21316  39.2%   423 14004s
 43474 32153    0.25260  111 1026    0.35065    0.21316  39.2%   422 14332s
H43500 32153                       0.3506486    0.21316  39.2%   422 14332s
H43600 32153                       0.3506486    0.21316  39.2%   421 14332s
H43627 32145                       0.3504868    0.21316  39.2%   420 14332s
H44590 32755                       0.3504868    0.21316  39.2%   414 14566s
H45009 32755                       0.3504863    0.21316  39.2%   410 14566s
H45132 32720                       0.3501383    0.21316  39.1%   411 14566s
H45243 34112                       0.3501383    0.21316  39.1%   411 15499s
H45244 34068                       0.3498067    0.21324  39.0%   411 15499s
 46329 34068    0.33242   50 1187    0.34981    0.21339  39.0%   408 15500s
 46903 35488    0.33916  106 1006    0.34981    0.21348  39.0%   408 15914s
H47000 35488                       0.3498067    0.21348  39.0%   408 15914s
H47198 35488                       0.3498067    0.21351  39.0%   408 15914s
H48623 35485                       0.3497880    0.21351  39.0%   409 15914s
 48934 35753 infeasible   98         0.34979    0.21355  38.9%   409 16225s
H48935 35753                       0.3497880    0.21355  38.9%   409 16225s
H49143 35753                       0.3497880    0.21355  38.9%   408 16226s
H49146 35753                       0.3497880    0.21355  38.9%   408 16226s
 49280 36576    0.24983   62 1121    0.34979    0.21355  38.9%   409 16492s
H49365 36576                       0.3497880    0.21355  38.9%   409 16492s
H50052 36567                       0.3497509    0.21355  38.9%   411 16492s
 50253 37538    0.34083  103  977    0.34975    0.21361  38.9%   411 16758s
H50300 37538                       0.3497509    0.21361  38.9%   411 16758s
H50348 37538                       0.3497509    0.21361  38.9%   412 16758s
H51384 38288                       0.3492927    0.21361  38.8%   413 17035s
H51852 38252                       0.3490321    0.21361  38.8%   415 17035s
 52442 39173    0.22687   54 1170    0.34903    0.21361  38.8%   414 17286s
H52500 39173                       0.3490321    0.21361  38.8%   414 17286s
H52634 39167                       0.3490033    0.21361  38.8%   413 17286s
H52721 39166                       0.3489945    0.21361  38.8%   413 17286s
H53405 39163                       0.3489816    0.21361  38.8%   412 17286s
H53506 40074                       0.3489816    0.21361  38.8%   412 17652s
H53600 40074                       0.3489816    0.21367  38.8%   412 17652s
H53795 40074                       0.3489816    0.21367  38.8%   412 17652s
H53797 40027                       0.3486358    0.21367  38.7%   412 17652s
H53895 40025                       0.3486276    0.21367  38.7%   413 17652s
H54285 40007                       0.3485356    0.21367  38.7%   412 17652s
 54757 40564    0.31805   71 1073    0.34854    0.21367  38.7%   413 17935s
H54800 40564                       0.3485355    0.21367  38.7%   413 17935s
H55030 40564                       0.3485355    0.21367  38.7%   414 17935s
H55262 40562                       0.3485228    0.21367  38.7%   414 17935s
 55560 41503     cutoff  103         0.34852    0.21376  38.7%   413 22212s
H55600 41503                       0.3485228    0.21376  38.7%   413 22212s
H55700 41503                       0.3485228    0.21376  38.7%   413 22212s
H55982 41486                       0.3483875    0.21376  38.6%   412 22212s
H56871 41672                       0.3483875    0.21376  38.6%   411 22483s
H56900 41672                       0.3483875    0.21376  38.6%   411 22483s
H56901 41672                       0.3483875    0.21376  38.6%   411 22483s
H57111 42784                       0.3482011    0.21376  38.6%   411 22819s
H57202 42723                       0.3479955    0.21394  38.5%   411 22819s
H57587 42707                       0.3479058    0.21402  38.5%   411 22819s
 58531 43715    0.22179   38 1237    0.34791    0.21402  38.5%   411 23095s
H58600 43715                       0.3479058    0.21402  38.5%   411 23095s
H58940 43715                       0.3479058    0.21402  38.5%   413 23095s
H59010 43715                       0.3479058    0.21402  38.5%   413 23095s
H59280 43713                       0.3478951    0.21402  38.5%   413 23095s
 59749 44569    0.23962  119 1031    0.34790    0.21402  38.5%   413 23379s
H59800 44569                       0.3478951    0.21402  38.5%   414 23379s
H59905 44569                       0.3478951    0.21402  38.5%   414 23379s
H60157 44526                       0.3477463    0.21402  38.5%   415 23379s
 61021 45496    0.24548  167  925    0.34775    0.21402  38.5%   415 23610s
H61100 45496                       0.3477463    0.21402  38.5%   416 23610s
H61312 45494                       0.3477437    0.21402  38.5%   416 23610s
 62227 46736    0.21697   40 1231    0.34774    0.21402  38.5%   414 23837s
H62300 46736                       0.3477437    0.21402  38.5%   414 23837s
H62574 46736                       0.3477437    0.21402  38.5%   413 23837s
H62848 46736                       0.3477437    0.21402  38.5%   413 23837s
H63171 46736                       0.3477437    0.21402  38.5%   413 23837s
H63586 46736                       0.3477437    0.21402  38.5%   411 23837s
 63687 47352    0.33626  303  672    0.34774    0.21405  38.4%   411 24074s
H63700 47352                       0.3477436    0.21405  38.4%   411 24074s
H64498 47352                       0.3477436    0.21405  38.4%   409 24074s
 64499 47876    0.34618  108 1001    0.34774    0.21406  38.4%   409 24311s
H64822 47876                       0.3477436    0.21406  38.4%   408 24312s
 65357 48610    0.26271   43 1194    0.34774    0.21406  38.4%   407 24575s
H65488 48600                       0.3477094    0.21406  38.4%   407 24575s
H66370 48608                       0.3477094    0.21406  38.4%   405 24750s
H66370 48608                       0.3477094    0.21406  38.4%   405 24750s
H66371 48564                       0.3475177    0.21406  38.4%   404 24750s
 66382 49008     cutoff   86         0.34752    0.21406  38.4%   405 24974s
H66400 49007                       0.3475177    0.21406  38.4%   405 24974s
H66438 49007                       0.3475177    0.21406  38.4%   405 24974s
 67018 49907     cutoff  102         0.34752    0.21417  38.4%   403 25264s
 68128 50950    0.22252   61 1157    0.34752    0.21429  38.3%   402 25473s
H68200 50950                       0.3475177    0.21429  38.3%   403 25473s
H69223 51766                       0.3475075    0.21429  38.3%   403 25663s
H69463 51569                       0.3468884    0.21429  38.2%   403 25663s
 70174 52340    0.23546  191  875    0.34689    0.21429  38.2%   406 25881s
H70200 52340                       0.3468884    0.21429  38.2%   406 25881s
H70300 52340                       0.3468884    0.21429  38.2%   406 25881s
 71041 53302    0.26369  232  828    0.34689    0.21429  38.2%   407 26081s
H71200 53302                       0.3468884    0.21429  38.2%   407 26081s
H71485 53302                       0.3468884    0.21429  38.2%   407 26081s
 72197 54007    0.24411  292  725    0.34689    0.21429  38.2%   408 26325s
H72459 54007                       0.3468884    0.21429  38.2%   408 26325s
H72563 54007                       0.3468884    0.21429  38.2%   408 26325s
H72667 53993                       0.3468475    0.21429  38.2%   408 26325s
 73080 54687    0.24830  322  682    0.34685    0.21429  38.2%   409 26650s
H73100 54687                       0.3468475    0.21429  38.2%   409 26650s
H73200 54573                       0.3464295    0.21429  38.1%   409 26650s
H74020 55209                       0.3460753    0.21429  38.1%   410 26920s
H74210 55038                       0.3456992    0.21429  38.0%   410 26920s
 75049 56048    0.26172  369  620    0.34570    0.21429  38.0%   411 27212s
H75100 56048                       0.3456992    0.21429  38.0%   411 27212s
H75252 56047                       0.3456919    0.21429  38.0%   411 27212s
H76465 56055                       0.3456918    0.21429  38.0%   412 27368s
H76466 56055                       0.3456918    0.21429  38.0%   412 27368s
H76471 56046                       0.3456634    0.21429  38.0%   412 27368s
 76473 56647    0.32888  411  569    0.34566    0.21429  38.0%   412 27555s
H76500 56647                       0.3456634    0.21429  38.0%   412 27555s
H76628 56647                       0.3456634    0.21429  38.0%   412 27555s
H76884 56647                       0.3456634    0.21429  38.0%   412 27555s
H77296 56645                       0.3456578    0.21429  38.0%   411 27555s
 77298 57456    0.31504  441  527    0.34566    0.21432  38.0%   411 27918s
H77300 57456                       0.3456578    0.21432  38.0%   411 27918s
H77400 57456                       0.3456578    0.21432  38.0%   411 27918s
H77403 57456                       0.3456578    0.21432  38.0%   411 27918s
H77706 57456                       0.3456578    0.21432  38.0%   410 27918s
H77812 57456                       0.3456578    0.21432  38.0%   410 27918s
 78322 58420    0.32314   42 1189    0.34566    0.21437  38.0%   409 28212s
H78483 58419                       0.3456501    0.21440  38.0%   408 28212s
 79468 58963    0.29555   87 1088    0.34565    0.21441  38.0%   406 28522s
H79500 58963                       0.3456501    0.21441  38.0%   406 28522s
H79533 58963                       0.3456501    0.21445  38.0%   406 28522s
H79566 58963                       0.3456501    0.21445  38.0%   406 28522s
H79666 58963                       0.3456500    0.21445  38.0%   406 28522s
H79998 58913                       0.3455092    0.21448  37.9%   405 28522s
H80132 59887                       0.3454661    0.21448  37.9%   405 29076s
 81207 60913    0.32964  136  922    0.34547    0.21451  37.9%   402 29358s
H81500 60913                       0.3454661    0.21451  37.9%   401 29358s
H81511 60913                       0.3454653    0.21451  37.9%   401 29358s
H81604 60913                       0.3454538    0.21453  37.9%   401 29358s
H81810 60908                       0.3454431    0.21453  37.9%   401 29358s
H82296 60741                       0.3450776    0.21453  37.8%   399 29358s
H82584 60911                       0.3443315    0.21453  37.7%   399 29601s
 83205 62235    0.25627  193  857    0.34433    0.21455  37.7%   397 29879s
H83300 62235                       0.3443315    0.21455  37.7%   397 29879s
H83770 62235                       0.3443315    0.21455  37.7%   397 29879s
 84853 62822    0.23388   75 1093    0.34433    0.21457  37.7%   395 30191s
H84900 62822                       0.3443315    0.21457  37.7%   395 30191s
H84901 62799                       0.3442771    0.21457  37.7%   395 30191s
H85589 62636                       0.3439320    0.21457  37.6%   394 30191s
H85637 62981                       0.3439320    0.21457  37.6%   394 30512s
H85700 62981                       0.3439320    0.21463  37.6%   394 30512s
H85765 62981                       0.3439320    0.21463  37.6%   394 30512s
H85766 62981                       0.3439283    0.21463  37.6%   394 30512s
H85830 62946                       0.3438605    0.21463  37.6%   394 30512s
 86102 64046    0.22741   74 1107    0.34386    0.21463  37.6%   394 30772s
H86200 64046                       0.3438604    0.21463  37.6%   394 30772s
H86399 64046                       0.3438604    0.21463  37.6%   393 30772s
H86697 64046                       0.3438604    0.21463  37.6%   393 30772s
H87295 63948                       0.3437315    0.21463  37.6%   393 30773s
 87594 64500    0.25142  173  875    0.34373    0.21463  37.6%   392 31070s
H87600 64500                       0.3437315    0.21463  37.6%   392 31070s
H87700 64500                       0.3437315    0.21463  37.6%   391 31070s
H87722 64500                       0.3437315    0.21463  37.6%   391 31070s
 88265 65428    0.26762  295  715    0.34373    0.21463  37.6%   390 31372s
H88300 65428                       0.3437315    0.21463  37.6%   390 31372s
H88400 65399                       0.3436774    0.21463  37.5%   389 31372s
H88600 65399                       0.3436774    0.21463  37.5%   388 31372s
H89327 66357                       0.3436648    0.21463  37.5%   387 31724s
H89330 66290                       0.3435241    0.21469  37.5%   387 31724s
H89579 66289                       0.3435205    0.21470  37.5%   387 31724s
H90563 66289                       0.3435201    0.21482  37.5%   386 31724s
 90634 67018    0.34128   81 1059    0.34352    0.21482  37.5%   386 32066s
H90700 67018                       0.3435201    0.21482  37.5%   386 32066s
H90967 67018                       0.3435201    0.21484  37.5%   386 32066s
 91533 67834    0.22241   95 1057    0.34352    0.21485  37.5%   387 32372s
H91534 67792                       0.3434126    0.21485  37.4%   387 32372s
H91535 67718                       0.3432501    0.21485  37.4%   387 32372s
H91536 67718                       0.3432226    0.21485  37.4%   387 32372s
H91727 67702                       0.3431838    0.21485  37.4%   388 32372s
 92521 69007    0.22393  127  989    0.34318    0.21485  37.4%   391 32658s
H92600 69007                       0.3431838    0.21485  37.4%   391 32658s
H92980 69007                       0.3431838    0.21485  37.4%   391 32658s
H93060 69007                       0.3431838    0.21485  37.4%   391 32658s
H93263 69007                       0.3431838    0.21485  37.4%   391 32658s
H93803 69007                       0.3431837    0.21485  37.4%   393 32658s
 93984 69991    0.23872  191  880    0.34318    0.21485  37.4%   393 32933s
H94000 69991                       0.3431837    0.21485  37.4%   393 32933s
H94117 69955                       0.3430887    0.21485  37.4%   392 32933s
H94217 69943                       0.3430636    0.21485  37.4%   392 32933s
H95120 69949                       0.3430636    0.21485  37.4%   393 33107s
H95122 69949                       0.3430636    0.21485  37.4%   393 33107s
H95123 69949                       0.3430636    0.21485  37.4%   393 33107s
 95130 71171    0.23637  225  830    0.34306    0.21485  37.4%   393 33390s
H95300 71171                       0.3430636    0.21485  37.4%   393 33390s
H95371 71144                       0.3429899    0.21485  37.4%   393 33390s
H95813 71139                       0.3429846    0.21485  37.4%   394 33390s
 96698 71731    0.24941  280  744    0.34298    0.21485  37.4%   394 33632s
H96700 71731                       0.3429846    0.21485  37.4%   394 33632s
H96800 71731                       0.3429845    0.21485  37.4%   394 33632s
H97006 71731                       0.3429845    0.21485  37.4%   395 33632s
H97218 71731                       0.3429845    0.21485  37.4%   395 33632s
 97422 72717    0.25288  317  702    0.34298    0.21485  37.4%   395 33901s
H97500 72717                       0.3429845    0.21485  37.4%   395 33901s
H97758 72717                       0.3429845    0.21485  37.4%   395 33901s
H98574 72717                       0.3429845    0.21485  37.4%   397 33901s
 98754 73529    0.26333  360  645    0.34298    0.21485  37.4%   397 34187s
H98900 73529                       0.3429845    0.21485  37.4%   397 34187s
 100032 74417    0.27319  392  618    0.34298    0.21485  37.4%   398 34481s
H101183 74417                       0.3429845    0.21485  37.4%   399 34482s
 101184 74812    0.28176  451  548    0.34298    0.21485  37.4%   399 34702s
H101200 74812                       0.3429845    0.21485  37.4%   399 34702s
 101759 75069     cutoff  485         0.34298    0.21493  37.3%   400 34984s
H101762 75062                       0.3429583    0.21493  37.3%   400 34984s
H101765 75051                       0.3429158    0.21493  37.3%   400 34984s
H101899 75027                       0.3428595    0.21498  37.3%   400 34984s
 102096 75528    0.33772   58 1115    0.34286    0.21498  37.3%   400 35274s
H102100 75528                       0.3428595    0.21498  37.3%   400 35274s
H102210 75528                       0.3428595    0.21498  37.3%   400 35274s
H102315 75528                       0.3428595    0.21498  37.3%   400 35274s
H102479 75528                       0.3428595    0.21498  37.3%   400 35274s
H102579 75528                       0.3428595    0.21498  37.3%   400 35274s
 102685 76053    0.22206   40 1191    0.34286    0.21498  37.3%   400 35879s
H102716 76053                       0.3428595    0.21498  37.3%   400 35879s
 103292 76846    0.25709   56 1128    0.34286    0.21503  37.3%   400 36146s
H104192 76846                       0.3428595    0.21503  37.3%   400 36147s
 104293 77483    0.33877   80 1052    0.34286    0.21503  37.3%   400 36432s
H105026 77483                       0.3428595    0.21503  37.3%   401 36432s
 105104 78116    0.34129   83 1037    0.34286    0.21505  37.3%   401 36778s
H105201 78113                       0.3428539    0.21505  37.3%   400 36778s
H105291 78113                       0.3428539    0.21505  37.3%   401 36778s
H105388 78113                       0.3428539    0.21505  37.3%   401 36778s
 105837 79431    0.21926   52 1184    0.34285    0.21505  37.3%   401 37110s
H105900 79431                       0.3428539    0.21505  37.3%   401 37110s
H106064 79431                       0.3428539    0.21505  37.3%   401 37110s
H107191 79431                       0.3428539    0.21505  37.3%   402 37110s
H107291 79431                       0.3428539    0.21505  37.3%   402 37110s
 107456 80487    0.32962  104 1011    0.34285    0.21508  37.3%   402 37437s
H107500 80487                       0.3428539    0.21508  37.3%   402 37437s
 108742 81519    0.23801   40 1182    0.34285    0.21508  37.3%   402 37659s
H109732 81519                       0.3428539    0.21508  37.3%   402 37659s
 109954 82507    0.28823   98 1018    0.34285    0.21508  37.3%   402 37926s
H110000 82485                       0.3428193    0.21508  37.3%   402 37926s
 111291 83153    0.21565   57 1148    0.34282    0.21511  37.3%   402 38158s
H111300 83153                       0.3428193    0.21511  37.3%   402 38158s
H111500 83153                       0.3428193    0.21511  37.3%   402 38158s
H111820 83153                       0.3428193    0.21512  37.2%   402 38158s
 112189 83914    0.24215  107 1008    0.34282    0.21512  37.2%   401 38386s
H112601 83914                       0.3428193    0.21512  37.2%   400 38386s
H112725 83914                       0.3428193    0.21512  37.2%   400 38386s
 113150 84926    0.25824  219  806    0.34282    0.21512  37.2%   400 38648s
 114358 85245    0.29185  370  571    0.34282    0.21512  37.2%   398 38896s
H114641 85245                       0.3428192    0.21512  37.2%   397 38896s
H114726 85245                       0.3428192    0.21512  37.2%   397 38896s
 114727 86775    0.29989  412  521    0.34282    0.21513  37.2%   397 39179s
 116491 87363    0.22400   56 1144    0.34282    0.21513  37.2%   394 39421s
H117260 87827                       0.3427690    0.21513  37.2%   393 39713s
H117262 87777                       0.3426626    0.21518  37.2%   393 39713s
 117988 88194    0.25060   86 1060    0.34266    0.21518  37.2%   392 39964s
H118000 88194                       0.3426626    0.21518  37.2%   392 39964s
H118067 88194                       0.3426626    0.21518  37.2%   392 39964s
H118586 88191                       0.3426554    0.21518  37.2%   392 39964s
 118587 88647 infeasible  111         0.34266    0.21523  37.2%   392 40266s
H118700 88647                       0.3426554    0.21523  37.2%   392 40266s
H118800 88647                       0.3426553    0.21523  37.2%   392 40266s
H119104 88647                       0.3426553    0.21523  37.2%   392 40266s
H119182 88647                       0.3426553    0.21523  37.2%   392 40266s
 119211 89474    0.33979  170  831    0.34266    0.21523  37.2%   392 40552s
H119300 89474                       0.3426553    0.21523  37.2%   392 40552s
H120328 89471                       0.3426469    0.21529  37.2%   390 40553s
 120329 90354    0.25814   44 1173    0.34265    0.21529  37.2%   390 40879s
H120400 90354                       0.3426469    0.21529  37.2%   390 40879s
H120572 90354                       0.3426469    0.21529  37.2%   391 40879s
H120644 90354                       0.3426469    0.21529  37.2%   391 40879s
H120744 90353                       0.3426391    0.21529  37.2%   391 40879s
H121505 91353                       0.3426391    0.21529  37.2%   390 41111s
H121600 91353                       0.3426391    0.21532  37.2%   390 41111s
H121696 91353                       0.3426391    0.21533  37.2%   390 41111s
 122583 92382    0.32219  107  987    0.34264    0.21535  37.1%   388 41320s
H122600 92382                       0.3426391    0.21535  37.1%   388 41320s
H122773 92382                       0.3426391    0.21535  37.1%   388 41320s
H123061 92381                       0.3426326    0.21535  37.1%   387 41320s
 123766 93029    0.24991   85 1050    0.34263    0.21535  37.1%   385 41616s
H123800 93029                       0.3426326    0.21535  37.1%   385 41616s
H123900 93029                       0.3426326    0.21535  37.1%   385 41616s
H124005 93029                       0.3426326    0.21535  37.1%   385 41616s
 124500 93642    0.27168  220  790    0.34263    0.21535  37.1%   384 42079s
H124602 93642                       0.3426326    0.21535  37.1%   383 42079s
H124904 93642                       0.3426325    0.21535  37.1%   383 42079s
 125163 93897    0.31386  321  643    0.34263    0.21535  37.1%   382 42390s
H125200 93897                       0.3426323    0.21535  37.1%   382 42390s
H125443 93897                       0.3426323    0.21535  37.1%   383 42390s
 125482 94364     cutoff  356         0.34263    0.21538  37.1%   383 42728s
H125485 94364                       0.3426319    0.21538  37.1%   383 42728s
H125661 94362                       0.3426255    0.21538  37.1%   383 42728s
H125665 94348                       0.3425753    0.21538  37.1%   383 42728s
 126069 95149    0.21999   80 1105    0.34258    0.21538  37.1%   383 43039s
H126100 95149                       0.3425753    0.21538  37.1%   383 43039s
H126200 95149                       0.3425753    0.21538  37.1%   383 43039s
H126232 95149                       0.3425753    0.21538  37.1%   383 43039s
H127124 95149                       0.3425753    0.21538  37.1%   384 43039s
 127166 95969    0.23103  143  949    0.34258    0.21538  37.1%   384 43598s
H127200 95969                       0.3425753    0.21538  37.1%   384 43598s
H127335 95951                       0.3425508    0.21538  37.1%   384 43598s
H127505 95951                       0.3425508    0.21538  37.1%   384 43598s
H128145 95946                       0.3425434    0.21538  37.1%   385 43598s
 128146 97249    0.23403  196  869    0.34254    0.21538  37.1%   385 43893s
H128200 97249                       0.3425434    0.21538  37.1%   385 43893s
H128362 97249                       0.3425434    0.21538  37.1%   385 43893s
H128573 97249                       0.3425434    0.21538  37.1%   385 43893s
H128797 97249                       0.3425434    0.21538  37.1%   385 43893s
H128982 97249                       0.3425434    0.21538  37.1%   385 43893s
 129593 98470    0.25166  254  776    0.34254    0.21538  37.1%   384 44201s
H129776 98470                       0.3425434    0.21538  37.1%   384 44201s
H130423 98470                       0.3425433    0.21538  37.1%   384 44201s
 131040 99526    0.25829  312  700    0.34254    0.21538  37.1%   383 44483s
 132290 100188    0.28513  380  590    0.34254    0.21543  37.1%   383 44711s
H132511 100188                       0.3425433    0.21543  37.1%   383 44711s
 133148 100760    0.33571  132  926    0.34254    0.21544  37.1%   383 44993s
 133872 101415    0.21560   55 1149    0.34254    0.21545  37.1%   383 45271s
 134788 102238    0.28585   92 1041    0.34254    0.21546  37.1%   383 45613s
H135226 102238                       0.3425433    0.21546  37.1%   384 45613s
 135992 102820    0.23019   61 1130    0.34254    0.21547  37.1%   384 45891s
H136387 102820                       0.3425433    0.21547  37.1%   385 45891s
 136706 104242    0.22906   78 1103    0.34254    0.21547  37.1%   385 46196s
 138336 105187    0.26234  164  908    0.34254    0.21547  37.1%   386 46454s
H139543 105708                       0.3425411    0.21547  37.1%   386 46689s
H139660 105707                       0.3425409    0.21547  37.1%   386 46689s
H139718 105706                       0.3425383    0.21547  37.1%   386 46689s
H140085 105701                       0.3425264    0.21547  37.1%   386 46689s
H140147 105696                       0.3425166    0.21547  37.1%   386 46689s
 140201 106773    0.25340  244  780    0.34252    0.21547  37.1%   386 46961s
H140300 106773                       0.3425166    0.21547  37.1%   386 46961s
H140500 106773                       0.3425166    0.21547  37.1%   386 46961s
H140600 106773                       0.3425166    0.21547  37.1%   386 46961s
 141601 107623    0.27325  344  635    0.34252    0.21547  37.1%   385 47174s
H141700 107621                       0.3425073    0.21547  37.1%   385 47175s
 142673 108076    0.33512  431  525    0.34251    0.21551  37.1%   384 47389s
H142800 108076                       0.3425073    0.21551  37.1%   384 47389s
H142956 108068                       0.3424983    0.21551  37.1%   384 47389s
 143297 108636    0.30157  100 1016    0.34250    0.21551  37.1%   384 47622s
H143300 108636                       0.3424983    0.21551  37.1%   384 47622s
H143448 108636                       0.3424983    0.21551  37.1%   384 47622s
 144063 108995     cutoff  140         0.34250    0.21552  37.1%   384 47871s
H144100 108995                       0.3424983    0.21552  37.1%   384 47871s
H144179 108995                       0.3424983    0.21552  37.1%   384 47871s
H144333 108980                       0.3424778    0.21552  37.1%   384 47871s
 144552 109922    0.33225   88 1006    0.34248    0.21553  37.1%   384 48144s
H144600 109922                       0.3424778    0.21553  37.1%   384 48144s
H144800 109922                       0.3424778    0.21553  37.1%   384 48144s
H145098 109922                       0.3424778    0.21553  37.1%   383 48144s
H145296 109922                       0.3424778    0.21553  37.1%   383 48144s
 145786 110214    0.31971  146  912    0.34248    0.21553  37.1%   383 48389s
H145800 110214                       0.3424778    0.21553  37.1%   383 48389s
H145815 110214                       0.3424778    0.21553  37.1%   383 48389s
 146206 111136    0.32355  160  888    0.34248    0.21557  37.1%   383 48669s
H146300 111136                       0.3424778    0.21557  37.1%   383 48669s
H146590 111136                       0.3424778    0.21557  37.1%   382 48669s
H147170 111136                       0.3424778    0.21557  37.1%   382 48669s
 147366 112036    0.22236   62 1128    0.34248    0.21558  37.1%   381 48947s
H147904 112036                       0.3424776    0.21559  37.1%   380 48947s
H148379 112407                       0.3424776    0.21559  37.1%   380 49201s
H148400 112407                       0.3424776    0.21559  37.1%   380 49201s
H148466 112405                       0.3424739    0.21559  37.1%   380 49201s
 148854 112657     cutoff   72         0.34247    0.21559  37.1%   380 49481s
H148900 112657                       0.3424739    0.21559  37.1%   379 49481s
H148912 112645                       0.3424561    0.21559  37.0%   380 49481s
H149053 112640                       0.3424522    0.21559  37.0%   380 49481s
 149230 113595     cutoff  111         0.34245    0.21559  37.0%   379 49789s
H149300 113595                       0.3424522    0.21559  37.0%   379 49789s
H149400 113595                       0.3424522    0.21559  37.0%   379 49789s
 150398 113625    0.31156   66 1117    0.34245    0.21560  37.0%   379 50025s
H150400 113625                       0.3424522    0.21560  37.0%   379 50025s
 150428 114668    0.31557   69 1112    0.34245    0.21560  37.0%   379 50355s
H150600 114668                       0.3424522    0.21560  37.0%   378 50355s
 151667 115293    0.28335  158  889    0.34245    0.21562  37.0%   378 50630s
H152050 115293                       0.3424520    0.21562  37.0%   377 50630s
 152456 116155     cutoff  202         0.34245    0.21564  37.0%   377 50895s
H152500 116155                       0.3424520    0.21564  37.0%   377 50895s
H152545 116155                       0.3424520    0.21567  37.0%   377 50895s
H153250 116155                       0.3424520    0.21567  37.0%   377 50895s
 153496 117116    0.23397   86 1062    0.34245    0.21567  37.0%   377 51191s
H153600 117116                       0.3424520    0.21567  37.0%   376 51191s
H153605 117116                       0.3424520    0.21567  37.0%   376 51191s
 154525 118076    0.25517  191  820    0.34245    0.21567  37.0%   375 51426s
H154601 118076                       0.3424520    0.21567  37.0%   375 51426s
H154676 118076                       0.3424520    0.21567  37.0%   375 51426s
H154928 118076                       0.3424520    0.21567  37.0%   375 51426s
 155603 119559    0.29787  267  699    0.34245    0.21567  37.0%   373 51726s
H155700 119559                       0.3424520    0.21567  37.0%   373 51726s
H156260 119559                       0.3424520    0.21568  37.0%   373 51726s
H156558 119559                       0.3424520    0.21570  37.0%   373 51726s
 157406 120394    0.22943   99 1037    0.34245    0.21570  37.0%   371 52006s
 158405 121285    0.23515  140  946    0.34245    0.21570  37.0%   373 52234s
 158597 121285    0.22560  121 1004    0.34245    0.21570  37.0%   373 52235s
 159452 122298    0.24133  175  880    0.34245    0.21570  37.0%   374 52520s
 160577 123225    0.24929  217  803    0.34245    0.21570  37.0%   374 52953s
 161646 124562    0.25670  260  739    0.34245    0.21570  37.0%   375 53206s
 163211 125659    0.26094  319  673    0.34245    0.21570  37.0%   375 53419s
H163490 125659                       0.3424520    0.21570  37.0%   375 53419s
 164710 126345    0.27653  362  616    0.34245    0.21570  37.0%   376 53783s
H164991 126345                       0.3424520    0.21570  37.0%   376 53783s
 165769 126986     cutoff  412         0.34245    0.21571  37.0%   377 54001s
H165904 126985                       0.3424504    0.21571  37.0%   377 54001s
H166329 126981                       0.3424467    0.21571  37.0%   377 54001s

Cutting planes:
  Gomory: 42
  Cover: 315
  Implied bound: 682
  Clique: 157
  MIR: 969
  StrongCG: 5
  Flow cover: 1222
  GUB cover: 2
  Network: 1
  RLT: 74
  Relax-and-lift: 266
  BQP: 13
  PSD: 2

Explored 166725 nodes (62951767 simplex iterations) in 54001.80 seconds (156845.99 work units)
Thread count was 16 (of 16 available processors)

Solution count 10: 0.342447 0.34245 0.342452 ... 0.342452

Time limit reached
Best objective 3.424466736494e-01, best bound 2.157125068862e-01, gap 37.0084%
