
Gurobi 9.5.0 (mac64[x86]) logging started Sun Mar 13 22:50:52 2022

Set parameter LogFile to value "/Users/keyvanmajd/Documents/NNRepLayer_v2/demos/examples/tc2_forward_kinematics/tc2/repair_net/logs/opt_log_layer4.log"
Gurobi Optimizer version 9.5.0 build v9.5.0rc5 (mac64[x86])
Thread count: 4 physical cores, 8 logical processors, using up to 8 threads
Optimize a model with 2348 rows, 1805 columns and 32008 nonzeros
Model fingerprint: 0x56562fa0
Model has 1681 quadratic objective terms
Coefficient statistics:
  Matrix range     [9e-06, 1e+00]
  Objective range  [1e-06, 8e-03]
  QObjective range [5e-03, 2e+00]
  Bounds range     [1e+00, 1e+01]
  RHS range        [1e-33, 7e-01]
Presolve removed 420 rows and 0 columns
Presolve time: 0.02s
Presolved: 1928 rows, 1805 columns, 31588 nonzeros
Presolved model has 1681 quadratic objective terms
Ordering time: 0.01s

Barrier statistics:
 Dense cols : 112
 AA' NZ     : 3.046e+04
 Factor NZ  : 3.436e+04 (roughly 2 MB of memory)
 Factor Ops : 6.648e+05 (less than 1 second per iteration)
 Threads    : 1

                  Objective                Residual
Iter       Primal          Dual         Primal    Dual     Compl     Time
   0   2.56157376e+08 -2.60781776e+08  1.00e+03 4.90e+02  1.00e+06     0s
   1   1.12402921e+08 -1.16853901e+08  1.32e+03 3.24e+02  6.70e+05     0s
   2   2.39404851e+07 -3.04576745e+07  3.06e+02 1.50e+02  3.94e+05     0s
   3   5.55304825e+05 -8.83972246e+06  9.27e+01 2.29e+01  7.86e+04     0s
   4   9.23044927e+01 -7.73737305e+06  1.18e+00 3.03e-01  2.96e+03     0s
   5   4.27277986e+01 -2.95088749e+06  8.72e-02 3.20e-02  8.08e+02     0s
   6   4.70183635e+01 -2.73199304e+04  1.96e-04 1.89e-04  7.10e+00     0s
   7   4.61768204e+01 -5.26766660e+02  3.75e-06 3.61e-06  1.49e-01     0s
   8   1.76357660e+01 -3.01319516e+02  1.29e-09 1.25e-09  8.27e-02     0s
   9   7.21254545e+00 -1.46843152e+02  1.55e-15 3.62e-15  3.99e-02     0s
  10   1.66330907e+00 -1.19350948e+01  6.66e-16 2.57e-15  3.52e-03     0s
  11   3.29592019e-01 -1.96707181e+00  6.66e-16 1.89e-15  5.95e-04     0s
  12   2.23619310e-01 -6.92191206e-01  6.66e-16 5.00e-16  2.37e-04     0s
  13   2.10226134e-01 -1.22564067e-01  6.66e-16 1.47e-15  8.63e-05     0s
  14   2.04139955e-01  1.22610143e-01  8.88e-16 4.39e-15  2.11e-05     0s
  15   2.03000273e-01  1.81087068e-01  6.66e-16 2.02e-15  5.68e-06     0s
  16   2.02646848e-01  1.99946677e-01  6.66e-16 4.87e-15  7.00e-07     0s
  17   2.02604107e-01  2.02401900e-01  6.66e-16 3.06e-14  5.24e-08     0s
  18   2.02601598e-01  2.02578484e-01  7.77e-16 1.82e-14  5.99e-09     0s
  19   2.02601298e-01  2.02601190e-01  6.66e-16 4.05e-14  2.81e-11     0s
  20   2.02601296e-01  2.02601296e-01  6.66e-16 1.72e-13  2.28e-13     0s

Barrier solved model in 20 iterations and 0.08 seconds (0.09 work units)
Optimal objective 2.02601296e-01


Gurobi 9.5.0 (mac64[x86]) logging started Sun Mar 13 22:51:29 2022

Set parameter LogFile to value "/Users/keyvanmajd/Documents/NNRepLayer_v2/demos/examples/tc2_forward_kinematics/tc2/repair_net/logs/opt_log_layer4.log"
Gurobi Optimizer version 9.5.0 build v9.5.0rc5 (mac64[x86])
Thread count: 4 physical cores, 8 logical processors, using up to 8 threads
Optimize a model with 2348 rows, 1805 columns and 32008 nonzeros
Model fingerprint: 0x56562fa0
Model has 1681 quadratic objective terms
Coefficient statistics:
  Matrix range     [9e-06, 1e+00]
  Objective range  [1e-06, 8e-03]
  QObjective range [5e-03, 2e+00]
  Bounds range     [1e+00, 1e+01]
  RHS range        [1e-33, 7e-01]
Presolve removed 420 rows and 0 columns
Presolve time: 0.01s
Presolved: 1928 rows, 1805 columns, 31588 nonzeros
Presolved model has 1681 quadratic objective terms
Ordering time: 0.01s

Barrier statistics:
 Dense cols : 112
 AA' NZ     : 3.046e+04
 Factor NZ  : 3.436e+04 (roughly 2 MB of memory)
 Factor Ops : 6.648e+05 (less than 1 second per iteration)
 Threads    : 1

                  Objective                Residual
Iter       Primal          Dual         Primal    Dual     Compl     Time
   0   2.56157376e+08 -2.60781776e+08  1.00e+03 4.90e+02  1.00e+06     0s
   1   1.12402921e+08 -1.16853901e+08  1.32e+03 3.24e+02  6.70e+05     0s
   2   2.39404851e+07 -3.04576745e+07  3.06e+02 1.50e+02  3.94e+05     0s
   3   5.55304825e+05 -8.83972246e+06  9.27e+01 2.29e+01  7.86e+04     0s
   4   9.23044927e+01 -7.73737305e+06  1.18e+00 3.03e-01  2.96e+03     0s
   5   4.27277986e+01 -2.95088749e+06  8.72e-02 3.20e-02  8.08e+02     0s
   6   4.70183635e+01 -2.73199304e+04  1.96e-04 1.89e-04  7.10e+00     0s
   7   4.61768204e+01 -5.26766660e+02  3.75e-06 3.61e-06  1.49e-01     0s
   8   1.76357660e+01 -3.01319516e+02  1.29e-09 1.25e-09  8.27e-02     0s
   9   7.21254545e+00 -1.46843152e+02  1.55e-15 3.62e-15  3.99e-02     0s
  10   1.66330907e+00 -1.19350948e+01  6.66e-16 2.57e-15  3.52e-03     0s
  11   3.29592019e-01 -1.96707181e+00  6.66e-16 1.89e-15  5.95e-04     0s
  12   2.23619310e-01 -6.92191206e-01  6.66e-16 5.00e-16  2.37e-04     0s
  13   2.10226134e-01 -1.22564067e-01  6.66e-16 1.47e-15  8.63e-05     0s
  14   2.04139955e-01  1.22610143e-01  8.88e-16 4.39e-15  2.11e-05     0s
  15   2.03000273e-01  1.81087068e-01  6.66e-16 2.02e-15  5.68e-06     0s
  16   2.02646848e-01  1.99946677e-01  6.66e-16 4.87e-15  7.00e-07     0s
  17   2.02604107e-01  2.02401900e-01  6.66e-16 3.06e-14  5.24e-08     0s
  18   2.02601598e-01  2.02578484e-01  7.77e-16 1.82e-14  5.99e-09     0s
  19   2.02601298e-01  2.02601190e-01  6.66e-16 4.05e-14  2.81e-11     0s
  20   2.02601296e-01  2.02601296e-01  6.66e-16 1.72e-13  2.28e-13     0s

Barrier solved model in 20 iterations and 0.08 seconds (0.09 work units)
Optimal objective 2.02601296e-01


Gurobi 9.5.0 (mac64[x86]) logging started Sun Mar 13 22:52:48 2022

Set parameter LogFile to value "/Users/keyvanmajd/Documents/NNRepLayer_v2/demos/examples/tc2_forward_kinematics/tc2/repair_net/logs/opt_log_layer4.log"
Gurobi Optimizer version 9.5.0 build v9.5.0rc5 (mac64[x86])
Thread count: 4 physical cores, 8 logical processors, using up to 8 threads
Optimize a model with 2348 rows, 1805 columns and 32008 nonzeros
Model fingerprint: 0x56562fa0
Model has 1681 quadratic objective terms
Coefficient statistics:
  Matrix range     [9e-06, 1e+00]
  Objective range  [1e-06, 8e-03]
  QObjective range [5e-03, 2e+00]
  Bounds range     [1e+00, 1e+01]
  RHS range        [1e-33, 7e-01]
Presolve removed 420 rows and 0 columns
Presolve time: 0.01s
Presolved: 1928 rows, 1805 columns, 31588 nonzeros
Presolved model has 1681 quadratic objective terms
Ordering time: 0.01s

Barrier statistics:
 Dense cols : 112
 AA' NZ     : 3.046e+04
 Factor NZ  : 3.436e+04 (roughly 2 MB of memory)
 Factor Ops : 6.648e+05 (less than 1 second per iteration)
 Threads    : 1

                  Objective                Residual
Iter       Primal          Dual         Primal    Dual     Compl     Time
   0   2.56157376e+08 -2.60781776e+08  1.00e+03 4.90e+02  1.00e+06     0s
   1   1.12402921e+08 -1.16853901e+08  1.32e+03 3.24e+02  6.70e+05     0s
   2   2.39404851e+07 -3.04576745e+07  3.06e+02 1.50e+02  3.94e+05     0s
   3   5.55304825e+05 -8.83972246e+06  9.27e+01 2.29e+01  7.86e+04     0s
   4   9.23044927e+01 -7.73737305e+06  1.18e+00 3.03e-01  2.96e+03     0s
   5   4.27277986e+01 -2.95088749e+06  8.72e-02 3.20e-02  8.08e+02     0s
   6   4.70183635e+01 -2.73199304e+04  1.96e-04 1.89e-04  7.10e+00     0s
   7   4.61768204e+01 -5.26766660e+02  3.75e-06 3.61e-06  1.49e-01     0s
   8   1.76357660e+01 -3.01319516e+02  1.29e-09 1.25e-09  8.27e-02     0s
   9   7.21254545e+00 -1.46843152e+02  1.55e-15 3.62e-15  3.99e-02     0s
  10   1.66330907e+00 -1.19350948e+01  6.66e-16 2.57e-15  3.52e-03     0s
  11   3.29592019e-01 -1.96707181e+00  6.66e-16 1.89e-15  5.95e-04     0s
  12   2.23619310e-01 -6.92191206e-01  6.66e-16 5.00e-16  2.37e-04     0s
  13   2.10226134e-01 -1.22564067e-01  6.66e-16 1.47e-15  8.63e-05     0s
  14   2.04139955e-01  1.22610143e-01  8.88e-16 4.39e-15  2.11e-05     0s
  15   2.03000273e-01  1.81087068e-01  6.66e-16 2.02e-15  5.68e-06     0s
  16   2.02646848e-01  1.99946677e-01  6.66e-16 4.87e-15  7.00e-07     0s
  17   2.02604107e-01  2.02401900e-01  6.66e-16 3.06e-14  5.24e-08     0s
  18   2.02601598e-01  2.02578484e-01  7.77e-16 1.82e-14  5.99e-09     0s
  19   2.02601298e-01  2.02601190e-01  6.66e-16 4.05e-14  2.81e-11     0s
  20   2.02601296e-01  2.02601296e-01  6.66e-16 1.72e-13  2.28e-13     0s

Barrier solved model in 20 iterations and 0.08 seconds (0.09 work units)
Optimal objective 2.02601296e-01


Gurobi 9.5.0 (mac64[x86]) logging started Sun Mar 13 22:53:11 2022

Set parameter LogFile to value "/Users/keyvanmajd/Documents/NNRepLayer_v2/demos/examples/tc2_forward_kinematics/tc2/repair_net/logs/opt_log_layer4.log"
Gurobi Optimizer version 9.5.0 build v9.5.0rc5 (mac64[x86])
Thread count: 4 physical cores, 8 logical processors, using up to 8 threads
Optimize a model with 2348 rows, 1805 columns and 32008 nonzeros
Model fingerprint: 0x56562fa0
Model has 1681 quadratic objective terms
Coefficient statistics:
  Matrix range     [9e-06, 1e+00]
  Objective range  [1e-06, 8e-03]
  QObjective range [5e-03, 2e+00]
  Bounds range     [1e+00, 1e+01]
  RHS range        [1e-33, 7e-01]
Presolve removed 420 rows and 0 columns
Presolve time: 0.01s
Presolved: 1928 rows, 1805 columns, 31588 nonzeros
Presolved model has 1681 quadratic objective terms
Ordering time: 0.01s

Barrier statistics:
 Dense cols : 112
 AA' NZ     : 3.046e+04
 Factor NZ  : 3.436e+04 (roughly 2 MB of memory)
 Factor Ops : 6.648e+05 (less than 1 second per iteration)
 Threads    : 1

                  Objective                Residual
Iter       Primal          Dual         Primal    Dual     Compl     Time
   0   2.56157376e+08 -2.60781776e+08  1.00e+03 4.90e+02  1.00e+06     0s
   1   1.12402921e+08 -1.16853901e+08  1.32e+03 3.24e+02  6.70e+05     0s
   2   2.39404851e+07 -3.04576745e+07  3.06e+02 1.50e+02  3.94e+05     0s
   3   5.55304825e+05 -8.83972246e+06  9.27e+01 2.29e+01  7.86e+04     0s
   4   9.23044927e+01 -7.73737305e+06  1.18e+00 3.03e-01  2.96e+03     0s
   5   4.27277986e+01 -2.95088749e+06  8.72e-02 3.20e-02  8.08e+02     0s
   6   4.70183635e+01 -2.73199304e+04  1.96e-04 1.89e-04  7.10e+00     0s
   7   4.61768204e+01 -5.26766660e+02  3.75e-06 3.61e-06  1.49e-01     0s
   8   1.76357660e+01 -3.01319516e+02  1.29e-09 1.25e-09  8.27e-02     0s
   9   7.21254545e+00 -1.46843152e+02  1.55e-15 3.62e-15  3.99e-02     0s
  10   1.66330907e+00 -1.19350948e+01  6.66e-16 2.57e-15  3.52e-03     0s
  11   3.29592019e-01 -1.96707181e+00  6.66e-16 1.89e-15  5.95e-04     0s
  12   2.23619310e-01 -6.92191206e-01  6.66e-16 5.00e-16  2.37e-04     0s
  13   2.10226134e-01 -1.22564067e-01  6.66e-16 1.47e-15  8.63e-05     0s
  14   2.04139955e-01  1.22610143e-01  8.88e-16 4.39e-15  2.11e-05     0s
  15   2.03000273e-01  1.81087068e-01  6.66e-16 2.02e-15  5.68e-06     0s
  16   2.02646848e-01  1.99946677e-01  6.66e-16 4.87e-15  7.00e-07     0s
  17   2.02604107e-01  2.02401900e-01  6.66e-16 3.06e-14  5.24e-08     0s
  18   2.02601598e-01  2.02578484e-01  7.77e-16 1.82e-14  5.99e-09     0s
  19   2.02601298e-01  2.02601190e-01  6.66e-16 4.05e-14  2.81e-11     0s
  20   2.02601296e-01  2.02601296e-01  6.66e-16 1.72e-13  2.28e-13     0s

Barrier solved model in 20 iterations and 0.07 seconds (0.09 work units)
Optimal objective 2.02601296e-01


Gurobi 9.5.0 (mac64[x86]) logging started Sun Mar 13 22:54:17 2022

Set parameter LogFile to value "/Users/keyvanmajd/Documents/NNRepLayer_v2/demos/examples/tc2_forward_kinematics/tc2/repair_net/logs/opt_log_layer4.log"
Gurobi Optimizer version 9.5.0 build v9.5.0rc5 (mac64[x86])
Thread count: 4 physical cores, 8 logical processors, using up to 8 threads
Optimize a model with 2348 rows, 1805 columns and 32008 nonzeros
Model fingerprint: 0x56562fa0
Model has 1681 quadratic objective terms
Coefficient statistics:
  Matrix range     [9e-06, 1e+00]
  Objective range  [1e-06, 8e-03]
  QObjective range [5e-03, 2e+00]
  Bounds range     [1e+00, 1e+01]
  RHS range        [1e-33, 7e-01]
Presolve removed 420 rows and 0 columns
Presolve time: 0.01s
Presolved: 1928 rows, 1805 columns, 31588 nonzeros
Presolved model has 1681 quadratic objective terms
Ordering time: 0.01s

Barrier statistics:
 Dense cols : 112
 AA' NZ     : 3.046e+04
 Factor NZ  : 3.436e+04 (roughly 2 MB of memory)
 Factor Ops : 6.648e+05 (less than 1 second per iteration)
 Threads    : 1

                  Objective                Residual
Iter       Primal          Dual         Primal    Dual     Compl     Time
   0   2.56157376e+08 -2.60781776e+08  1.00e+03 4.90e+02  1.00e+06     0s
   1   1.12402921e+08 -1.16853901e+08  1.32e+03 3.24e+02  6.70e+05     0s
   2   2.39404851e+07 -3.04576745e+07  3.06e+02 1.50e+02  3.94e+05     0s
   3   5.55304825e+05 -8.83972246e+06  9.27e+01 2.29e+01  7.86e+04     0s
   4   9.23044927e+01 -7.73737305e+06  1.18e+00 3.03e-01  2.96e+03     0s
   5   4.27277986e+01 -2.95088749e+06  8.72e-02 3.20e-02  8.08e+02     0s
   6   4.70183635e+01 -2.73199304e+04  1.96e-04 1.89e-04  7.10e+00     0s
   7   4.61768204e+01 -5.26766660e+02  3.75e-06 3.61e-06  1.49e-01     0s
   8   1.76357660e+01 -3.01319516e+02  1.29e-09 1.25e-09  8.27e-02     0s
   9   7.21254545e+00 -1.46843152e+02  1.55e-15 3.62e-15  3.99e-02     0s
  10   1.66330907e+00 -1.19350948e+01  6.66e-16 2.57e-15  3.52e-03     0s
  11   3.29592019e-01 -1.96707181e+00  6.66e-16 1.89e-15  5.95e-04     0s
  12   2.23619310e-01 -6.92191206e-01  6.66e-16 5.00e-16  2.37e-04     0s
  13   2.10226134e-01 -1.22564067e-01  6.66e-16 1.47e-15  8.63e-05     0s
  14   2.04139955e-01  1.22610143e-01  8.88e-16 4.39e-15  2.11e-05     0s
  15   2.03000273e-01  1.81087068e-01  6.66e-16 2.02e-15  5.68e-06     0s
  16   2.02646848e-01  1.99946677e-01  6.66e-16 4.87e-15  7.00e-07     0s
  17   2.02604107e-01  2.02401900e-01  6.66e-16 3.06e-14  5.24e-08     0s
  18   2.02601598e-01  2.02578484e-01  7.77e-16 1.82e-14  5.99e-09     0s
  19   2.02601298e-01  2.02601190e-01  6.66e-16 4.05e-14  2.81e-11     0s
  20   2.02601296e-01  2.02601296e-01  6.66e-16 1.72e-13  2.28e-13     0s

Barrier solved model in 20 iterations and 0.07 seconds (0.09 work units)
Optimal objective 2.02601296e-01


Gurobi 9.5.0 (mac64[x86]) logging started Sun Mar 13 22:56:00 2022

Set parameter LogFile to value "/Users/keyvanmajd/Documents/NNRepLayer_v2/demos/examples/tc2_forward_kinematics/tc2/repair_net/logs/opt_log_layer4.log"
Gurobi Optimizer version 9.5.0 build v9.5.0rc5 (mac64[x86])
Thread count: 4 physical cores, 8 logical processors, using up to 8 threads
Optimize a model with 2348 rows, 1805 columns and 32008 nonzeros
Model fingerprint: 0x56562fa0
Model has 1681 quadratic objective terms
Coefficient statistics:
  Matrix range     [9e-06, 1e+00]
  Objective range  [1e-06, 8e-03]
  QObjective range [5e-03, 2e+00]
  Bounds range     [1e+00, 1e+01]
  RHS range        [1e-33, 7e-01]
Presolve removed 420 rows and 0 columns
Presolve time: 0.01s
Presolved: 1928 rows, 1805 columns, 31588 nonzeros
Presolved model has 1681 quadratic objective terms
Ordering time: 0.02s

Barrier statistics:
 Dense cols : 112
 AA' NZ     : 3.046e+04
 Factor NZ  : 3.436e+04 (roughly 2 MB of memory)
 Factor Ops : 6.648e+05 (less than 1 second per iteration)
 Threads    : 1

                  Objective                Residual
Iter       Primal          Dual         Primal    Dual     Compl     Time
   0   2.56157376e+08 -2.60781776e+08  1.00e+03 4.90e+02  1.00e+06     0s
   1   1.12402921e+08 -1.16853901e+08  1.32e+03 3.24e+02  6.70e+05     0s
   2   2.39404851e+07 -3.04576745e+07  3.06e+02 1.50e+02  3.94e+05     0s
   3   5.55304825e+05 -8.83972246e+06  9.27e+01 2.29e+01  7.86e+04     0s
   4   9.23044927e+01 -7.73737305e+06  1.18e+00 3.03e-01  2.96e+03     0s
   5   4.27277986e+01 -2.95088749e+06  8.72e-02 3.20e-02  8.08e+02     0s
   6   4.70183635e+01 -2.73199304e+04  1.96e-04 1.89e-04  7.10e+00     0s
   7   4.61768204e+01 -5.26766660e+02  3.75e-06 3.61e-06  1.49e-01     0s
   8   1.76357660e+01 -3.01319516e+02  1.29e-09 1.25e-09  8.27e-02     0s
   9   7.21254545e+00 -1.46843152e+02  1.55e-15 3.62e-15  3.99e-02     0s
  10   1.66330907e+00 -1.19350948e+01  6.66e-16 2.57e-15  3.52e-03     0s
  11   3.29592019e-01 -1.96707181e+00  6.66e-16 1.89e-15  5.95e-04     0s
  12   2.23619310e-01 -6.92191206e-01  6.66e-16 5.00e-16  2.37e-04     0s
  13   2.10226134e-01 -1.22564067e-01  6.66e-16 1.47e-15  8.63e-05     0s
  14   2.04139955e-01  1.22610143e-01  8.88e-16 4.39e-15  2.11e-05     0s
  15   2.03000273e-01  1.81087068e-01  6.66e-16 2.02e-15  5.68e-06     0s
  16   2.02646848e-01  1.99946677e-01  6.66e-16 4.87e-15  7.00e-07     0s
  17   2.02604107e-01  2.02401900e-01  6.66e-16 3.06e-14  5.24e-08     0s
  18   2.02601598e-01  2.02578484e-01  7.77e-16 1.82e-14  5.99e-09     0s
  19   2.02601298e-01  2.02601190e-01  6.66e-16 4.05e-14  2.81e-11     0s
  20   2.02601296e-01  2.02601296e-01  6.66e-16 1.72e-13  2.28e-13     0s

Barrier solved model in 20 iterations and 0.09 seconds (0.09 work units)
Optimal objective 2.02601296e-01


Gurobi 9.5.0 (mac64[x86]) logging started Sun Mar 13 22:59:18 2022

Set parameter LogFile to value "/Users/keyvanmajd/Documents/NNRepLayer_v2/demos/examples/tc2_forward_kinematics/tc2/repair_net/logs/opt_log_layer4.log"
Gurobi Optimizer version 9.5.0 build v9.5.0rc5 (mac64[x86])
Thread count: 4 physical cores, 8 logical processors, using up to 8 threads
Optimize a model with 2348 rows, 1805 columns and 32008 nonzeros
Model fingerprint: 0x56562fa0
Model has 1681 quadratic objective terms
Coefficient statistics:
  Matrix range     [9e-06, 1e+00]
  Objective range  [1e-06, 8e-03]
  QObjective range [5e-03, 2e+00]
  Bounds range     [1e+00, 1e+01]
  RHS range        [1e-33, 7e-01]
Presolve removed 420 rows and 0 columns
Presolve time: 0.01s
Presolved: 1928 rows, 1805 columns, 31588 nonzeros
Presolved model has 1681 quadratic objective terms
Ordering time: 0.01s

Barrier statistics:
 Dense cols : 112
 AA' NZ     : 3.046e+04
 Factor NZ  : 3.436e+04 (roughly 2 MB of memory)
 Factor Ops : 6.648e+05 (less than 1 second per iteration)
 Threads    : 1

                  Objective                Residual
Iter       Primal          Dual         Primal    Dual     Compl     Time
   0   2.56157376e+08 -2.60781776e+08  1.00e+03 4.90e+02  1.00e+06     0s
   1   1.12402921e+08 -1.16853901e+08  1.32e+03 3.24e+02  6.70e+05     0s
   2   2.39404851e+07 -3.04576745e+07  3.06e+02 1.50e+02  3.94e+05     0s
   3   5.55304825e+05 -8.83972246e+06  9.27e+01 2.29e+01  7.86e+04     0s
   4   9.23044927e+01 -7.73737305e+06  1.18e+00 3.03e-01  2.96e+03     0s
   5   4.27277986e+01 -2.95088749e+06  8.72e-02 3.20e-02  8.08e+02     0s
   6   4.70183635e+01 -2.73199304e+04  1.96e-04 1.89e-04  7.10e+00     0s
   7   4.61768204e+01 -5.26766660e+02  3.75e-06 3.61e-06  1.49e-01     0s
   8   1.76357660e+01 -3.01319516e+02  1.29e-09 1.25e-09  8.27e-02     0s
   9   7.21254545e+00 -1.46843152e+02  1.55e-15 3.62e-15  3.99e-02     0s
  10   1.66330907e+00 -1.19350948e+01  6.66e-16 2.57e-15  3.52e-03     0s
  11   3.29592019e-01 -1.96707181e+00  6.66e-16 1.89e-15  5.95e-04     0s
  12   2.23619310e-01 -6.92191206e-01  6.66e-16 5.00e-16  2.37e-04     0s
  13   2.10226134e-01 -1.22564067e-01  6.66e-16 1.47e-15  8.63e-05     0s
  14   2.04139955e-01  1.22610143e-01  8.88e-16 4.39e-15  2.11e-05     0s
  15   2.03000273e-01  1.81087068e-01  6.66e-16 2.02e-15  5.68e-06     0s
  16   2.02646848e-01  1.99946677e-01  6.66e-16 4.87e-15  7.00e-07     0s
  17   2.02604107e-01  2.02401900e-01  6.66e-16 3.06e-14  5.24e-08     0s
  18   2.02601598e-01  2.02578484e-01  7.77e-16 1.82e-14  5.99e-09     0s
  19   2.02601298e-01  2.02601190e-01  6.66e-16 4.05e-14  2.81e-11     0s
  20   2.02601296e-01  2.02601296e-01  6.66e-16 1.72e-13  2.28e-13     0s

Barrier solved model in 20 iterations and 0.07 seconds (0.09 work units)
Optimal objective 2.02601296e-01

