
Gurobi 9.5.0 (mac64[x86]) logging started Sun Mar 13 23:05:40 2022

Set parameter LogFile to value "/Users/keyvanmajd/Documents/NNRepLayer_v2/demos/examples/tc2_forward_kinematics/tc2/repair_net/logs/opt_log_layer3.log"
Gurobi Optimizer version 9.5.0 build v9.5.0rc5 (mac64[x86])
Thread count: 4 physical cores, 8 logical processors, using up to 8 threads
Optimize a model with 104760 rows, 65611 columns and 460680 nonzeros
Model fingerprint: 0x7b35cf8e
Model has 1681 quadratic objective terms
Variable types: 27811 continuous, 37800 integer (37800 binary)
Coefficient statistics:
  Matrix range     [3e-05, 1e+01]
  Objective range  [1e-06, 8e-03]
  QObjective range [5e-03, 2e+00]
  Bounds range     [1e+00, 1e+01]
  RHS range        [7e-33, 1e+01]
Presolve removed 63420 rows and 25200 columns
Presolve time: 1.44s
Presolved: 41340 rows, 40411 columns, 359460 nonzeros
Presolved model has 1681 quadratic objective terms
Variable types: 27811 continuous, 12600 integer (12600 binary)
Root relaxation presolve removed 12600 rows and 12600 columns
Root relaxation presolved: 28740 rows, 27811 columns, 334260 nonzeros
Root relaxation presolved model has 1681 quadratic objective terms


Root simplex log...

Iteration    Objective       Primal Inf.    Dual Inf.      Time
       0    6.0937328e-02   0.000000e+00   0.000000e+00      8s
   28327    6.0937328e-02   5.386240e+02   0.000000e+00     10s
   38347    6.0937328e-02   3.742731e+00   0.000000e+00     15s
   41921    6.0937330e-02   0.000000e+00   0.000000e+00     17s
   41921    6.0937330e-02   0.000000e+00   0.000000e+00     17s

Root relaxation: objective 6.093733e-02, 41921 iterations, 11.01 seconds (34.24 work units)

    Nodes    |    Current Node    |     Objective Bounds      |     Work
 Expl Unexpl |  Obj  Depth IntInf | Incumbent    BestBd   Gap | It/Node Time

     0     0    0.06094    0 8871          -    0.06094      -     -   17s
     0     0    0.06094    0 8871          -    0.06094      -     -   66s
     0     0    0.06094    0 8871          -    0.06094      -     -   66s
     0     0    0.06094    0 8877          -    0.06094      -     -   86s
     0     0    0.06094    0 8881          -    0.06094      -     -   87s
     0     0    0.06094    0 8886          -    0.06094      -     -  109s
     0     0    0.06094    0 8893          -    0.06094      -     -  109s
     0     0    0.06094    0 8905          -    0.06094      -     -  132s
     0     0    0.06094    0 8905          -    0.06094      -     -  142s
H    0     0                      26.8658345    0.06094   100%     -  332s
     0     0    0.06094    0 8031   26.86583    0.06094   100%     -  342s
     0     0    0.06094    0 8054   26.86583    0.06094   100%     -  362s
     0     0    0.06094    0 8054   26.86583    0.06094   100%     -  400s
     0     0    0.06094    0 8053   26.86583    0.06094   100%     -  417s
     0     0    0.06094    0 8058   26.86583    0.06094   100%     -  435s
     0     0    0.06094    0 8068   26.86583    0.06094   100%     -  455s
     0     0    0.06094    0 8068   26.86583    0.06094   100%     -  456s
     0     0    0.06094    0 8072   26.86583    0.06094   100%     -  478s
     0     0    0.06094    0 8072   26.86583    0.06094   100%     -  488s
     0     2    0.06094    0 8072   26.86583    0.06094   100%     -  520s
     1     5    0.06161    1 10586   26.86583    0.06094   100%  7120  525s
     3     8    0.06161    2 10584   26.86583    0.06094   100%  2484  532s
    15    20    0.06272    5 10943   26.86583    0.06094   100%  1980  536s
    59    67    0.06161   12 10578   26.86583    0.06094   100%  1049  550s
    99   104    0.06161   22 10507   26.86583    0.06094   100%  1264  611s
   117   138    0.06161   26 10484   26.86583    0.06094   100%  1128  627s
   137   162    0.06161   30 10150   26.86583    0.06094   100%  1634  639s
H  148   162                      26.8009782    0.06094   100%  1545  639s
   161   200    0.06161   37 10134   26.80098    0.06094   100%  1441  641s
H  199   211                      26.7827301    0.06094   100%  1270  769s
   210   264    0.06161   46 9990   26.78273    0.06094   100%  1252  772s
   263   291    0.06161   54 9535   26.78273    0.06094   100%  1063  775s
   320   337    0.06161   60 9381   26.78273    0.06094   100%   987  782s
   336   386    0.06161   63 9378   26.78273    0.06094   100%  1108  785s
   421   464    0.06161   67 9058   26.78273    0.06094   100%   983  791s
   494   522    0.06161   82 9037   26.78273    0.06094   100%   945  797s
   521   530    0.06456   91 4168   26.78273    0.06094   100%  1024  803s
   529   565    0.06161   91 9031   26.78273    0.06094   100%  1107  806s
   564   586    0.06161   97 8950   26.78273    0.06094   100%  1083  810s
   608   630    0.06161  105 8235   26.78273    0.06094   100%  1107  819s
   629   646    0.06161  107 8124   26.78273    0.06094   100%  1126  834s
   645   691    0.06162  110 6607   26.78273    0.06094   100%  1283  840s
   727   773    0.06162  142 6548   26.78273    0.06094   100%  1220  876s
   772   787    0.06162  170 6522   26.78273    0.06094   100%  1307  881s
   786   840    0.06162  178 6519   26.78273    0.06094   100%  1325  889s
   839   886    0.06162  222 6450   26.78273    0.06094   100%  1365  904s
   885   913    0.06163  255 5741   26.78273    0.06094   100%  1431  914s
   912   968    0.06163  260 5740   26.78273    0.06094   100%  1512  932s
   967   992    0.06163  271 5587   26.78273    0.06094   100%  1489  953s
   991  1048    0.06163  274 5594   26.78273    0.06094   100%  1639  959s
  1047  1087    0.06163  289 5524   26.78273    0.06094   100%  1600  966s
  1086  1098    0.06308  294 4731   26.78273    0.06094   100%  1634  977s
  1097  1135    0.06164  294 5461   26.78273    0.06094   100%  1688  984s
  1134  1167    0.06168  297 5282   26.78273    0.06094   100%  1695  995s
  1166  1188    0.06167  299 5261   26.78273    0.06094   100%  1717 1262s
  1187  1215    0.06167  301 5261   26.78273    0.06094   100%  1974 1290s
  1214  1229    0.06167  303 5259   26.78273    0.06094   100%  2071 1412s
H 1221  1229                       1.8724469    0.06094  96.7%  2077 1412s
  1228  1257    0.06167  307 5260    1.87245    0.06094  96.7%  2116 1446s
H 1256  1261                       0.2800288    0.06094  78.2%  2204 1910s
  1260  1320    0.06176  312 5272    0.28003    0.06094  78.2%  2198 2031s
  1319  1461    0.06710  316 5419    0.28003    0.06094  78.2%  2132 2050s
  1460  1533    0.06748  349 5347    0.28003    0.06094  78.2%  2029 2063s
  1532  1562    0.06748  362 5518    0.28003    0.06094  78.2%  1977 2116s
  1561  1578    0.06748  363 5650    0.28003    0.06094  78.2%  2110 2175s
  1577  1585    0.06748  366 4695    0.28003    0.06094  78.2%  2291 2223s
  1584  1613    0.06748  366 5588    0.28003    0.06094  78.2%  2418 2321s
  1612  1644    0.07296  368 5698    0.28003    0.06094  78.2%  2546 2536s
  1643  1720    0.06748  374 4937    0.28003    0.06094  78.2%  2661 2554s
  1719  1746    0.06748  380 4835    0.28003    0.06094  78.2%  2580 2621s
  1745  1776    0.06524  338 4727    0.28003    0.06094  78.2%  2603 3600s

Cutting planes:
  MIR: 1380
  Flow cover: 1716

Explored 1775 nodes (4658332 simplex iterations) in 3600.86 seconds (6547.82 work units)
Thread count was 8 (of 8 available processors)

Solution count 5: 0.280029 1.87245 26.7827 ... 26.8658

Time limit reached
Best objective 2.800288497985e-01, best bound 6.093733034465e-02, gap 78.2389%

Gurobi 9.5.0 (win64) logging started Mon Mar 14 10:24:20 2022

Set parameter LogFile to value "C:\Users\kmajd1\Documents\NNRepLayer_v2\demos\examples\tc2_forward_kinematics/tc2/repair_net/logs/opt_log_layer3.log"
Gurobi Optimizer version 9.5.0 build v9.5.0rc5 (win64)
Thread count: 8 physical cores, 16 logical processors, using up to 16 threads
Optimize a model with 79035 rows, 49441 columns and 349905 nonzeros
Model fingerprint: 0x42ae73ad
Model has 1261 quadratic objective terms
Variable types: 21091 continuous, 28350 integer (28350 binary)
Coefficient statistics:
  Matrix range     [3e-05, 1e+01]
  Objective range  [7e-06, 1e-02]
  QObjective range [6e-03, 2e+00]
  Bounds range     [1e+00, 1e+01]
  RHS range        [7e-33, 1e+01]
Presolve removed 47565 rows and 18900 columns
Presolve time: 0.94s
Presolved: 31470 rows, 30541 columns, 273990 nonzeros
Presolved model has 1261 quadratic objective terms
Variable types: 21091 continuous, 9450 integer (9450 binary)
Root relaxation presolve removed 9450 rows and 9450 columns
Root relaxation presolved: 22020 rows, 21091 columns, 255090 nonzeros
Root relaxation presolved model has 1261 quadratic objective terms


Root simplex log...

Iteration    Objective       Primal Inf.    Dual Inf.      Time
       0    8.1249770e-02   0.000000e+00   0.000000e+00      6s
   29561    8.1249770e-02   2.729510e+00   0.000000e+00     10s
   32087    8.1249773e-02   0.000000e+00   0.000000e+00     11s
   32087    8.1249773e-02   0.000000e+00   0.000000e+00     11s

Root relaxation: objective 8.124977e-02, 32087 iterations, 5.92 seconds (20.13 work units)

    Nodes    |    Current Node    |     Objective Bounds      |     Work
 Expl Unexpl |  Obj  Depth IntInf | Incumbent    BestBd   Gap | It/Node Time

     0     0    0.08125    0 6645          -    0.08125      -     -   11s
     0     0    0.08125    0 6645          -    0.08125      -     -   37s
     0     0    0.08125    0 6648          -    0.08125      -     -   38s
     0     0    0.08125    0 6656          -    0.08125      -     -   50s
     0     0    0.08125    0 6656          -    0.08125      -     -   50s
     0     0    0.08125    0 6667          -    0.08125      -     -   68s
     0     0    0.08125    0 6667          -    0.08125      -     -   68s
     0     0    0.08125    0 6680          -    0.08125      -     -   86s
     0     0    0.08125    0 6680          -    0.08125      -     -   92s
H    0     0                       1.9650568    0.08125  95.9%     -   95s
H    0     0                       1.9650568    0.08125  95.9%     -  110s
     0     2    0.08125    0 6680    1.96506    0.08125  95.9%     -  111s
     2     4    0.08125    1 6679    1.96506    0.08125  95.9%  3268  115s
     7    16    0.08365    3 9041    1.96506    0.08125  95.9%  1939  124s
    15    24    0.08365    4 9043    1.96506    0.08125  95.9%  1579  125s
    31    40    0.08365    5 9043    1.96506    0.08125  95.9%  1278  254s
H   32    40                       1.9646898    0.08125  95.9%  1238  254s
H   33    40                       1.9639596    0.08125  95.9%  1201  254s
H   39    40                       1.9632155    0.08125  95.9%  1164  278s
    40    41    0.08429    4 6680    1.96322    0.08125  95.9%  1135  280s
H   41    39                       1.9632155    0.08125  95.9%  1107  292s
H   41    37                       1.9632155    0.08125  95.9%  1107  301s
    44    39    0.08612    7 6648    1.96322    0.08125  95.9%  1032  311s
    46    40    0.08240    6 6661    1.96322    0.08125  95.9%   987  334s
    47    41    0.08202    6 6658    1.96322    0.08125  95.9%   966  362s
H   47    39                       1.9632155    0.08125  95.9%   966  373s
H   47    37                       1.9629611    0.08125  95.9%   966  373s
H   47    35                       1.9570696    0.08125  95.8%   966  373s
H   47    33                       1.9556943    0.08125  95.8%   966  373s
H   47    31                       1.9491564    0.08125  95.8%   966  391s
    49    32    0.08237    6 6660    1.94916    0.08125  95.8%   926  396s
H   50    32                       1.9488489    0.08125  95.8%   908  425s
H   51    32                       1.9475100    0.08125  95.8%  1612  425s
H   52    30                       1.9472949    0.08125  95.8%  1581  456s
H   54    30                       1.9472949    0.08125  95.8%  1523  479s
    56    31    0.08432    7 6607    1.94729    0.08125  95.8%  1468  480s
    57    32    0.08612    6 6609    1.94729    0.08125  95.8%  1443  489s
    58    32    0.08202    6 6611    1.94729    0.08125  95.8%  1418  491s
    59    33    0.08240    6 6611    1.94729    0.08125  95.8%  1394  511s
    60    34    0.08576    4 6617    1.94729    0.08125  95.8%  1370  521s
H   60    32                       1.9472948    0.08125  95.8%  1370  523s
    61    32    0.08365    6 6617    1.94729    0.08125  95.8%  1348  541s
    62    33    0.08395    5 6620    1.94729    0.08125  95.8%  1326  545s
    64    34    0.08395    5 6620    1.94729    0.08125  95.8%  1285  575s
    66    37    0.08432    6 6680    1.94729    0.08125  95.8%  1826  611s
    68    38    0.08365    6 6559    1.94729    0.08125  95.8%  1772  633s
    69    39    0.08429    5 6582    1.94729    0.08125  95.8%  1746  654s
    70    40    0.08125    5 6579    1.94729    0.08125  95.8%  1721  671s
    71    40    0.08202    6 6587    1.94729    0.08125  95.8%  1697  683s
    72    41    0.08202    6 6587    1.94729    0.08125  95.8%  1674  708s
    73    42    0.08432    6 6591    1.94729    0.08125  95.8%  1651  710s
    74    42    0.08125    5 6588    1.94729    0.08125  95.8%  1628  725s
    76    44    0.08395    5 6600    1.94729    0.08125  95.8%  1586  745s
    79    46    0.08183    6 6602    1.94729    0.08125  95.8%  1525  767s
H   80    44                       1.9472948    0.08125  95.8%  2008  811s
H   82    43                       1.9458516    0.08125  95.8%  1959  824s
    83    43    0.08183    4 6471    1.94585    0.08125  95.8%  1935  834s
    84    44    0.08612    7 6494    1.94585    0.08125  95.8%  1912  856s
    85    45    0.08365    6 6492    1.94585    0.08125  95.8%  1889  871s
    86    45    0.08395    5 6504    1.94585    0.08125  95.8%  1867  883s
H   86    43                       1.9451553    0.08125  95.8%  1867  914s
    88    45    0.08612    7 6503    1.94516    0.08125  95.8%  1825  916s
    89    45    0.08528    5 6501    1.94516    0.08125  95.8%  1805  934s
H   89    42                       1.9451553    0.08125  95.8%  1805  935s
    91    44    0.08528    6 6508    1.94516    0.08125  95.8%  1765  953s
    93    45    0.08237    6 6516    1.94516    0.08125  95.8%  1727  980s
    94    46    0.08183    4 6521    1.94516    0.08125  95.8%  1709  985s
H   95    44                       1.9451459    0.08125  95.8%  1691 1008s
H   96    44                       1.9451459    0.08125  95.8%  2112 1008s
H   97    42                       1.9423546    0.08125  95.8%  2091 1060s
H   99    41                       1.9421333    0.08125  95.8%  2048 1072s
   100    41    0.08240    4 6471    1.94213    0.08125  95.8%  2028 1082s
   101    42    0.08202    6 6492    1.94213    0.08125  95.8%  2008 1104s
   102    43    0.08202    6 6491    1.94213    0.08125  95.8%  1988 1117s
   103    43    0.08365    5 6501    1.94213    0.08125  95.8%  1969 1128s
H  103    41                       1.9421230    0.08125  95.8%  1969 1156s
   106    43    0.08528    5 6515    1.94212    0.08125  95.8%  1913 1177s
H  106    41                       1.9421230    0.08125  95.8%  1913 1177s
   108    43    0.08237    6 6520    1.94212    0.08125  95.8%  1878 1196s
   110    44    0.08576    4 6531    1.94212    0.08125  95.8%  1843 1214s
H  110    41                       1.9421230    0.08125  95.8%  1843 1230s
   112    42    0.08365    5 6537    1.94212    0.08125  95.8%  1811 1250s
   113    43    0.08432    7 6542    1.94212    0.08125  95.8%  1795 1255s
   115    44    0.08240    6 6542    1.94212    0.08125  95.8%  1763 1273s
   117    47    0.08395    5 6680    1.94212    0.08125  95.8%  2110 1336s
H  118    45                       1.9419017    0.08125  95.8%  2092 1349s
   119    45    0.08429    5 6471    1.94190    0.08125  95.8%  2075 1360s
   120    46    0.08576    5 6489    1.94190    0.08125  95.8%  2058 1381s
   121    47    0.08246    5 6488    1.94190    0.08125  95.8%  2041 1396s
   122    47    0.08395    5 6499    1.94190    0.08125  95.8%  2024 1408s
   123    48    0.08612    7 6501    1.94190    0.08125  95.8%  2007 1442s
   125    49    0.08246    5 6509    1.94190    0.08125  95.8%  1975 1452s
H  125    46                       1.9419017    0.08125  95.8%  1975 1453s
   127    48    0.08612    6 6515    1.94190    0.08125  95.8%  1944 1461s
   129    49    0.08365    6 6522    1.94190    0.08125  95.8%  1914 1470s
H  129    47                       1.9419017    0.08125  95.8%  1914 1471s
   131    48    0.08237    4 6531    1.94190    0.08125  95.8%  1885 1480s
   133    50    0.08612    7 6536    1.94190    0.08125  95.8%  1856 1489s
   134    50    0.08429    5 6534    1.94190    0.08125  95.8%  1843 1494s
   136    52    0.08240    4 6534    1.94190    0.08125  95.8%  1815 1557s
H  137    50                       1.9419017    0.08125  95.8%  2138 1626s
H  139    49                       1.9413231    0.08125  95.8%  2107 1639s
   140    49    0.08429    4 6471    1.94132    0.08125  95.8%  2092 1648s
   141    50    0.08202    6 6488    1.94132    0.08125  95.8%  2077 1668s
   142    51    0.08429    4 6486    1.94132    0.08125  95.8%  2063 1684s
   143    51    0.08240    6 6496    1.94132    0.08125  95.8%  2048 1695s
   144    52    0.08612    7 6500    1.94132    0.08125  95.8%  2034 1733s
   145    53    0.08395    5 6514    1.94132    0.08125  95.8%  2020 1735s
   146    53    0.08240    6 6517    1.94132    0.08125  95.8%  2006 1756s
H  146    50                       1.9413231    0.08125  95.8%  2006 1757s
   148    52    0.08246    5 6530    1.94132    0.08125  95.8%  1979 1765s
   150    53    0.08125    5 6532    1.94132    0.08125  95.8%  1953 1774s
H  150    50                       1.9413231    0.08125  95.8%  1953 1775s
   152    51    0.08429    5 6550    1.94132    0.08125  95.8%  1927 1783s
   153    52    0.08246    5 6546    1.94132    0.08125  95.8%  1914 1797s
   154    53    0.08237    6 6553    1.94132    0.08125  95.8%  1902 1821s
   156    54    0.08432    7 6560    1.94132    0.08125  95.8%  1878 1838s
   159    56    0.08240    6 6568    1.94132    0.08125  95.8%  1842 1871s
H  160    55                       1.9413231    0.08125  95.8%  2127 1955s
H  162    54                       1.9412820    0.08125  95.8%  2101 1978s
   164    55    0.08395    5 6488    1.94128    0.08125  95.8%  2075 1999s
   165    56    0.08246    5 6487    1.94128    0.08125  95.8%  2063 2013s

Cutting planes:
  MIR: 235
  Flow cover: 983

Explored 165 nodes (410481 simplex iterations) in 2022.93 seconds (5275.28 work units)
Thread count was 16 (of 16 available processors)

Solution count 10: 1.94128 1.94132 1.94132 ... 1.94212

Solve interrupted
Best objective 1.941282028141e+00, best bound 8.124977287900e-02, gap 95.8146%

Gurobi 9.5.0 (win64) logging started Mon Mar 14 10:59:44 2022

Set parameter LogFile to value "C:\Users\kmajd1\Documents\NNRepLayer_v2\demos\examples\tc2_forward_kinematics/tc2/repair_net/logs/opt_log_layer3.log"
Gurobi Optimizer version 9.5.0 build v9.5.0rc5 (win64)
Thread count: 8 physical cores, 16 logical processors, using up to 16 threads
Optimize a model with 79035 rows, 49441 columns and 347085 nonzeros
Model fingerprint: 0xf5c65391
Model has 1261 quadratic objective terms
Variable types: 21091 continuous, 28350 integer (28350 binary)
Coefficient statistics:
  Matrix range     [3e-05, 1e+01]
  Objective range  [1e-06, 1e-02]
  QObjective range [6e-03, 2e+00]
  Bounds range     [1e+00, 1e+01]
  RHS range        [7e-33, 1e+01]
Presolve removed 47565 rows and 18900 columns
Presolve time: 0.93s
Presolved: 31470 rows, 30541 columns, 271170 nonzeros
Presolved model has 1261 quadratic objective terms
Variable types: 21091 continuous, 9450 integer (9450 binary)
Root relaxation presolve removed 9450 rows and 9450 columns
Root relaxation presolved: 22020 rows, 21091 columns, 252270 nonzeros
Root relaxation presolved model has 1261 quadratic objective terms


Root simplex log...

Iteration    Objective       Primal Inf.    Dual Inf.      Time
       0    8.1249770e-02   0.000000e+00   0.000000e+00      6s
   29479    8.1249770e-02   2.926355e+00   0.000000e+00     10s
   32107    8.1249773e-02   0.000000e+00   0.000000e+00     11s
   32107    8.1249773e-02   0.000000e+00   0.000000e+00     11s

Root relaxation: objective 8.124977e-02, 32107 iterations, 5.85 seconds (20.10 work units)

    Nodes    |    Current Node    |     Objective Bounds      |     Work
 Expl Unexpl |  Obj  Depth IntInf | Incumbent    BestBd   Gap | It/Node Time

     0     0    0.08125    0 6651          -    0.08125      -     -   11s
     0     0    0.08125    0 6652          -    0.08125      -     -   42s
     0     0    0.08125    0 6665          -    0.08125      -     -   43s
     0     0    0.08125    0 6677          -    0.08125      -     -   57s
     0     0    0.08125    0 6677          -    0.08125      -     -   58s
     0     0    0.08125    0 6684          -    0.08125      -     -   71s
H    0     0                      26.8346090    0.08125   100%     -  459s
     0     0    0.08125    0 6021   26.83461    0.08125   100%     -  464s
     0     0    0.08125    0 6033   26.83461    0.08125   100%     -  478s
     0     0    0.08125    0 6032   26.83461    0.08125   100%     -  502s
     0     0    0.08125    0 6039   26.83461    0.08125   100%     -  513s
     0     0    0.08125    0 6053   26.83461    0.08125   100%     -  523s
     0     0    0.08125    0 6066   26.83461    0.08125   100%     -  535s

Cutting planes:
  MIR: 466
  Flow cover: 742

Explored 1 nodes (69683 simplex iterations) in 733.01 seconds (1316.20 work units)
Thread count was 16 (of 16 available processors)

Solution count 1: 26.8346 

Solve interrupted
Best objective 2.683460904707e+01, best bound 8.125199811992e-02, gap 99.6972%

Gurobi 9.5.0 (win64) logging started Mon Mar 14 11:14:34 2022

Set parameter LogFile to value "C:\Users\kmajd1\Documents\NNRepLayer_v2\demos\examples\tc2_forward_kinematics/tc2/repair_net/logs/opt_log_layer3.log"
Gurobi Optimizer version 9.5.0 build v9.5.0rc5 (win64)
Thread count: 8 physical cores, 16 logical processors, using up to 16 threads
Optimize a model with 104760 rows, 65611 columns and 460680 nonzeros
Model fingerprint: 0xbf281be6
Model has 1681 quadratic objective terms
Variable types: 27811 continuous, 37800 integer (37800 binary)
Coefficient statistics:
  Matrix range     [3e-05, 1e+01]
  Objective range  [1e-06, 8e-03]
  QObjective range [5e-03, 2e+00]
  Bounds range     [1e+00, 1e+01]
  RHS range        [7e-33, 1e+01]
Presolve removed 63420 rows and 25200 columns
Presolve time: 1.29s
Presolved: 41340 rows, 40411 columns, 359460 nonzeros
Presolved model has 1681 quadratic objective terms
Variable types: 27811 continuous, 12600 integer (12600 binary)
Root relaxation presolve removed 12600 rows and 12600 columns
Root relaxation presolved: 28740 rows, 27811 columns, 334260 nonzeros
Root relaxation presolved model has 1681 quadratic objective terms


Root simplex log...

Iteration    Objective       Primal Inf.    Dual Inf.      Time
       0    6.0937328e-02   0.000000e+00   0.000000e+00      8s
   28829    6.0937328e-02   4.450332e+02   0.000000e+00     10s
   40505    6.0937328e-02   4.702418e-01   0.000000e+00     15s
   41921    6.0937330e-02   0.000000e+00   0.000000e+00     16s
   41921    6.0937330e-02   0.000000e+00   0.000000e+00     16s

Root relaxation: objective 6.093733e-02, 41921 iterations, 9.74 seconds (34.24 work units)

    Nodes    |    Current Node    |     Objective Bounds      |     Work
 Expl Unexpl |  Obj  Depth IntInf | Incumbent    BestBd   Gap | It/Node Time

     0     0    0.06094    0 8871          -    0.06094      -     -   16s
     0     0    0.06094    0 8877          -    0.06094      -     -   61s
     0     0    0.06094    0 8891          -    0.06094      -     -   63s
     0     0    0.06094    0 8896          -    0.06094      -     -   80s
     0     0    0.06094    0 8911          -    0.06094      -     -   82s
     0     0    0.06095    0 8908          -    0.06095      -     -  100s
H    0     0                      26.8658345    0.06095   100%     -  887s
     0     0    0.06095    0 8031   26.86583    0.06095   100%     -  897s
     0     0    0.06095    0 8040   26.86583    0.06095   100%     -  919s
     0     0    0.06095    0 8043   26.86583    0.06095   100%     -  956s
     0     0    0.06095    0 8049   26.86583    0.06095   100%     -  975s

Cutting planes:
  MIR: 516
  Flow cover: 601

Explored 1 nodes (88694 simplex iterations) in 979.57 seconds (1658.70 work units)
Thread count was 16 (of 16 available processors)

Solution count 1: 26.8658 

Solve interrupted
Best objective 2.686583447534e+01, best bound 6.094730137093e-02, gap 99.7731%
