
Gurobi 9.5.1 (linux64) logging started Wed 10 Aug 2022 02:29:52 PM MST

Set parameter LogFile to value "/home/local/ASUAD/kmajd1/NNRepLayer_v2/demos/walking_example/dynamic_constraint/repair_net_relaxed/logs/opt0_log_8_10_2022_14_29_12.log"
Gurobi Optimizer version 9.5.1 build v9.5.1rc2 (linux64)
Thread count: 48 physical cores, 96 logical processors, using up to 32 threads
Optimize a model with 12558 rows, 9048 columns and 186204 nonzeros
Model fingerprint: 0x244d75f9
Model has 270 quadratic objective terms
Variable types: 6078 continuous, 2970 integer (2970 binary)
Coefficient statistics:
  Matrix range     [7e-04, 2e+02]
  Objective range  [3e-03, 1e+00]
  QObjective range [7e-02, 7e-02]
  Bounds range     [2e-04, 3e+02]
  RHS range        [2e-04, 2e+02]
Presolve removed 672 rows and 132 columns
Presolve time: 0.19s
Presolved: 11886 rows, 8916 columns, 185400 nonzeros
Presolved model has 270 quadratic objective terms
Variable types: 5946 continuous, 2970 integer (2970 binary)
Root relaxation presolve removed 2970 rows and 2970 columns
Root relaxation presolved: 8916 rows, 5946 columns, 176490 nonzeros
Root relaxation presolved model has 270 quadratic objective terms


Root relaxation: objective 2.466930e+01, 6107 iterations, 0.31 seconds (1.03 work units)

    Nodes    |    Current Node    |     Objective Bounds      |     Work
 Expl Unexpl |  Obj  Depth IntInf | Incumbent    BestBd   Gap | It/Node Time

     0     0   24.66930    0 1154          -   24.66930      -     -    0s
     0     0   24.66930    0 1154          -   24.66930      -     -    1s
     0     2   24.66930    0 1154          -   24.66930      -     -    5s
  2129  2245   32.88246   76  904          -   24.66930      -  65.5   10s
  5925  6172   33.00450  198  840          -   24.66930      -  74.8   15s
 10051 10401   33.01003  342  757          -   24.66930      -  87.7   20s
 10909 11105   33.01003  355  752          -   24.66930      -   105   25s
 12560 12904   35.00006  402  821          -   24.66930      -   140   32s
 13423 13807   39.30224  415  990          -   24.66930      -   155   37s
 14631 14631   30.11958  263 1154          -   24.66930      -   164   41s
H14632 13900                      59.2596940   24.66930  58.4%   164   44s
H14632 13205                      59.2596940   24.66930  58.4%   164   44s
 14634 13209   26.79138   10  960   59.25969   24.66930  58.4%   164   65s
 14640 13219   26.79138   12  960   59.25969   24.66930  58.4%   164   70s
 14664 13259   29.49360   14  883   59.25969   24.66930  58.4%   165   76s
H14678 12594                      59.2596938   24.66930  58.4%   165   76s
H14728 12014                      58.1722705   24.66930  57.6%   166   82s
H14731 11417                      57.9494955   24.66930  57.4%   166   82s
 14792 11461   29.49360   16  876   57.94950   24.66930  57.4%   166   89s
 14824 11513   30.04411   17  906   57.94950   24.66930  57.4%   166   90s
 15008 11662   30.18656   20  882   57.94950   24.66930  57.4%   166   98s
 15285 11856   29.49360   24  873   57.94950   24.66930  57.4%   167  100s
 15741 12093   29.70923   30  855   57.94950   24.66930  57.4%   168  111s
H15747 11525                      57.9494954   24.66930  57.4%   168  111s
H15757 10984                      57.9494954   24.66930  57.4%   168  111s
H15758 10473                      57.9494954   24.66930  57.4%   168  111s
H15765  9985                      57.9494952   24.66930  57.4%   168  111s
 16612 10743   29.66861   42  829   57.94950   24.66930  57.4%   166  115s
 18864 12310   29.68513   67  825   57.94950   24.66930  57.4%   157  120s
 21153 13598   34.85748   90  991   57.94950   24.66930  57.4%   155  125s
 23741 15587   35.30415  118  969   57.94950   24.66930  57.4%   147  130s
 26564 17476   35.91222  136  954   57.94950   24.66930  57.4%   141  135s
 29686 18997   39.93271  159 1125   57.94950   24.66930  57.4%   133  149s
 29718 21942   35.92282  159 1128   57.94950   24.66930  57.4%   133  154s
 32758 21821   36.02332  207 1070   57.94950   24.66930  57.4%   129  157s
 34878 23889   44.66410  222 1040   57.94950   24.66930  57.4%   126  160s
 39945 26732   39.90505  256 1055   57.94950   24.66930  57.4%   118  165s
 43751 29677   37.55596  281 1013   57.94950   24.66930  57.4%   113  170s
H47427 31529                      57.2713137   24.66930  56.9%   111  238s
H47430 22711                      43.9387585   24.66930  43.9%   111  238s
 47459 22648   37.82499  312  996   43.93876   24.66930  43.9%   111  246s
H47461 22648                      43.9387584   24.66930  43.9%   111  246s
H47479 22648                      43.9387582   24.66930  43.9%   111  246s
 48649 24745   37.84900  325  987   43.93876   24.66930  43.9%   111  250s
 50973 26775   39.78637  351 1008   43.93876   24.66930  43.9%   112  256s
 52117 26788   39.78637  366  990   43.93876   24.66930  43.9%   113  264s
 52158 27828   43.56988  366  972   43.93876   24.66930  43.9%   113  266s
 54568 30256   41.31380  399  971   43.93876   24.66930  43.9%   113  272s
 56090 31599   39.78637  422  954   43.93876   24.66930  43.9%   113  275s
 58843 37716   39.85711  455  922   43.93876   24.66930  43.9%   112  290s
 65909 41480   40.44131  546  830   43.93876   24.66930  43.9%   110  299s
 68157 43481   42.07666  575  823   43.93876   24.66930  43.9%   110  304s
 70320 45316   41.89782  596  809   43.93876   24.66930  43.9%   110  309s
 72230 48179   42.36638  614  775   43.93876   24.66930  43.9%   110  315s
 75508 51317     cutoff  663        43.93876   24.66930  43.9%   108  321s
 78787 54213   40.61076   97 1367   43.93876   24.66930  43.9%   106  327s
 81940 57402   24.86036   32 1126   43.93876   24.66930  43.9%   104  333s
 85230 57434   28.45956  136 1101   43.93876   24.66930  43.9%   103  343s
 85262 59293   28.45956  137 1101   43.93876   24.66930  43.9%   103  349s
 87274 62716   30.12721  239 1046   43.93876   24.66930  43.9%   101  355s
 91014 70304   31.06310  380  939   43.93876   24.66930  43.9%  99.4  371s
 99025 73770   33.06519  719  672   43.93876   24.66930  43.9%  95.5  378s
 102678 73798   34.45660  868  537   43.93876   24.66930  43.9%  93.9  387s
 102714 75964   34.45660  869  536   43.93876   24.66930  43.9%  93.9  393s
 105061 79360   34.64378  921  497   43.93876   24.66930  43.9%  93.3  400s
*106163 77747            1947      43.6720112   24.66930  43.5%  92.9  400s
 108757 80355   35.38544 1084  383   43.67201   24.66930  43.5%  92.2  406s
*109762 80355            1944      43.6719488   24.66930  43.5%  92.0  406s
 112037 83900   37.34352 1232  283   43.67195   24.66930  43.5%  92.3  412s
 115750 86274   39.44862 1375  225   43.67195   24.66930  43.5%  91.4  418s
 118404 91678   40.97574 1492  183   43.67195   24.66930  43.5%  92.0  422s
 124091 100482   42.71407 1707  108   43.67195   24.66930  43.5%  90.5  432s
H124160 96644                      43.1723139   24.66930  42.9%  90.5  432s
 133646 98944   38.79983  194 1233   43.17231   24.66930  42.9%  89.0  436s
 136931 102228   42.44644  398 1041   43.17231   24.66930  42.9%  89.1  441s
 140531 105118   35.41426   78 1336   43.17231   24.66930  42.9%  88.5  446s
 143782 107742   42.59357  268 1196   43.17231   24.66930  42.9%  88.4  450s
 146799 111042   35.44726  144 1043   43.17231   24.66930  42.9%  88.4  456s
 150322 114273   37.89877  349  934   43.17231   24.66930  42.9%  87.8  460s
 153903 122403   41.11359  539  800   43.17231   24.66930  42.9%  87.1  473s
 163284 123341   42.86534  272 1352   43.17231   24.66930  42.9%  85.7  476s
 164403 125539   24.73253   37 1417   43.17231   24.66930  42.9%  85.7  481s
 166892 128711   39.26810  107 1434   43.17231   24.69634  42.8%  85.4  486s
 170547 131585   41.22391   78 1365   43.17231   24.99392  42.1%  85.4  491s
 173986 134615   27.48765   39 1252   43.17231   24.99392  42.1%  85.6  496s
 177459 137875   31.84772  138 1131   43.17231   24.99392  42.1%  85.4  500s
 181065 140663   35.05143  246 1104   43.17231   24.99392  42.1%  84.9  505s
 184304 146006   37.73744  355 1061   43.17231   24.99392  42.1%  84.4  516s
 190567 149447   41.43366  605  887   43.17231   24.99392  42.1%  84.7  520s
 199174 157226   27.24146   42 1228   43.17231   25.22570  41.6%  84.1  526s
 202672 160400   28.71603   65 1160   43.17231   25.22570  41.6%  84.3  530s
 208253 165415   30.96321  134  984   43.17231   25.22570  41.6%  84.3  539s
 211389 167912   31.95920  172  971   43.17231   25.22570  41.6%  84.3  544s
 214153 172378   34.32208  207  970   43.17231   25.22570  41.6%  84.5  554s
 219094 174136   33.51023  268  899   43.17231   25.22570  41.6%  85.2  560s
 221112 177225   34.40666  289  873   43.17231   25.22570  41.6%  86.0  567s
 224382 180628   34.79882  318  849   43.17231   25.22570  41.6%  86.6  574s
 227995 183870   40.22626  354  803   43.17231   25.22570  41.6%  86.7  581s
 231675 186382   37.54258  402  800   43.17231   25.22570  41.6%  86.6  587s
 234582 189645   39.59532  435  803   43.17231   25.22570  41.6%  86.5  594s
 238460 193662   38.14213  478  758   43.17231   25.22570  41.6%  86.2  598s
 243273 198270   38.53882  515  737   43.17231   25.22570  41.6%  85.8  606s
 249085 198700     cutoff  561        43.17231   25.22570  41.6%  85.6  611s
 249646 201026   40.71229  562  689   43.17231   25.22570  41.6%  85.6  617s
 252588 203482   39.50269  587  679   43.17231   25.22570  41.6%  85.5  623s
 256030 205991     cutoff  624        43.17231   25.22570  41.6%  85.6  629s
 259528 208666   39.79897  662  621   43.17231   25.22570  41.6%  85.7  635s
 263033 211528   40.09076  691  610   43.17231   25.22570  41.6%  85.8  641s
 266174 216063     cutoff  710        43.17231   25.22570  41.6%  85.5  645s
 275076 218970   42.45849  770  565   43.17231   25.22570  41.6%  85.1  659s
H275095 218970                      43.1723139   25.22570  41.6%  85.1  659s
 275109 244124   40.48085  771  558   43.17231   25.47486  41.0%  85.1  715s
 307141 248779   35.23241  111 1265   43.17231   25.49351  40.9%  84.1  721s
 312993 251030   41.64339  119 1281   43.17231   25.51852  40.9%  84.6  725s
 315886 252921     cutoff  157        43.17231   25.51852  40.9%  84.9  730s
 320998 257615   31.67922  113 1226   43.17231   25.54857  40.8%  85.9  740s
 323974 260260   32.12696  157 1157   43.17231   25.54857  40.8%  86.2  746s
 326868 262846   33.17140  200 1099   43.17231   25.54857  40.8%  86.4  752s
 329814 265950   34.88521  254 1047   43.17231   25.54857  40.8%  86.5  756s
 333229 268592   34.21725  301  998   43.17231   25.54857  40.8%  86.8  760s
 336200 272839   36.29917  349  955   43.17231   25.54857  40.8%  87.1  769s
 340728 274810   35.67813  415  907   43.17231   25.54857  40.8%  87.2  774s
 342967 277804   36.25287  445  878   43.17231   25.54857  40.8%  87.3  780s
 346397 280716   38.99936  500  854   43.17231   25.54857  40.8%  87.5  787s
 349988 283562   37.97499  557  803   43.17231   25.54857  40.8%  87.5  794s
 353444 286006   38.02520  604  768   43.17231   25.54857  40.8%  87.5  800s
 356742 287641   38.89861  654  730   43.17231   25.54857  40.8%  87.7  805s
 359110 290652   39.37095  675  717   43.17231   25.54857  40.8%  87.9  812s
 363004 293039   39.86782  727  669   43.17231   25.54857  40.8%  87.8  818s
 366120 296264   39.96622  776  633   43.17231   25.54857  40.8%  88.0  827s
 370318 299234   40.73039  827  609   43.17231   25.54857  40.8%  88.0  834s
 373955 301470   40.50291  872  572   43.17231   25.54857  40.8%  87.9  840s
 376824 303707   40.73604  913  533   43.17231   25.54857  40.8%  87.9  846s
 379845 306127   40.83803  956  503   43.17231   25.54857  40.8%  88.0  850s
 382675 309298   40.85925  975  489   43.17231   25.54857  40.8%  87.9  855s
 386515 311697   42.61946 1017  475   43.17231   25.54857  40.8%  88.0  861s
 389408 314604   41.85485 1062  439   43.17231   25.54857  40.8%  88.2  867s
 392847 317352   41.91722 1102  414   43.17231   25.54857  40.8%  88.1  873s
 396221 320804   41.96245 1145  390   43.17231   25.54857  40.8%  88.0  882s
 400544 324371   41.96810 1157  379   43.17231   25.54857  40.8%  87.8  886s
*401914 323516            1794      43.1312534   25.54857  40.8%  87.8  886s
 408795 328475   42.55096 1212  340   43.13125   25.54857  40.8%  87.4  894s
 411124 330995     cutoff 1260        43.13125   25.54857  40.8%  87.5  898s
 414677 333690     cutoff 1329        43.13125   25.68913  40.4%  87.4  903s
 418298 335577   37.23100   63 1291   43.13125   25.72186  40.4%  87.3  908s
 420785 338288   34.96564   54 1054   43.13125   25.72186  40.4%  87.4  913s
 424342 340466   40.77909  153 1105   43.13125   25.72186  40.4%  87.3  918s
 427054 344244   43.09631  190 1029   43.13125   25.72186  40.4%  87.1  926s
 431764 347027   29.44089  108 1175   43.13125   25.73265  40.3%  87.2  932s
 435075 350364   31.10900  149 1087   43.13125   25.73265  40.3%  87.2  937s
 438939 353506   33.34859  225 1029   43.13125   25.73265  40.3%  86.9  943s
 442348 356783   35.09224  306  994   43.13125   25.73265  40.3%  86.7  946s
 445821 360475   38.07228  350  961   43.13125   25.73265  40.3%  86.5  950s
 453427 366695   28.31048   88 1314   43.13125   25.73368  40.3%  86.2  959s
 457134 366724   39.32190  189 1244   43.13125   25.73368  40.3%  85.9  969s
H457135 366724                      43.1312533   25.73368  40.3%  85.9  969s
H457156 366724                      43.1312532   25.73368  40.3%  85.9  969s
 457167 393687   39.32190  190 1244   43.13125   25.76464  40.3%  85.9 1027s
 489199 401276   37.90867  369  767   43.13125   25.78999  40.2%  85.5 1033s
 497345 404629   42.47683  709  592   43.13125   25.81322  40.2%  84.8 1035s
 504267 410936     cutoff  171        43.13125   25.82386  40.1%  84.1 1040s
 512779 417168   29.60555   66 1370   43.13125   25.82386  40.1%  83.7 1046s
 518295 426736   30.21016   57 1300   43.13125   25.82386  40.1%  83.8 1054s
 525485 429952   37.06586  121 1341   43.13125   25.82386  40.1%  83.2 1057s
 532556 436325   39.82847  107 1287   43.13125   25.82386  40.1%  82.7 1061s
 539275 442601   39.06794  131 1378   43.13125   25.82386  40.1%  82.2 1066s
 545924 448627   32.54632   84 1409   43.13125   25.82386  40.1%  81.8 1070s
 549106 456257   40.85541  204 1299   43.13125   25.84270  40.1%  81.6 1078s
 557114 459066   41.72879  203 1351   43.13125   25.87895  40.0%  80.9 1081s
 562721 463942   40.12070  182 1309   43.13125   25.87895  40.0%  80.6 1088s
 565340 466552     cutoff  279        43.13125   25.87895  40.0%  80.4 1091s
 568060 468921   31.85173  152 1236   43.13125   25.87895  40.0%  80.3 1095s
 573209 473787   40.18450  442 1005   43.13125   25.87895  40.0%  80.1 1103s
 575836 476577     cutoff  572        43.13125   25.87895  40.0%  80.1 1107s
 578769 481246   33.58802   59 1547   43.13125   25.87895  40.0%  80.0 1115s
 588066 488867   33.82224  107 1149   43.13125   25.88596  40.0%  79.6 1121s
 591971 491935   37.94987  279 1001   43.13125   25.88596  40.0%  79.3 1125s
 598349 497740   42.89127  581  766   43.13125   25.88596  40.0%  79.0 1133s
 601366 501682   30.15271  165 1067   43.13125   25.88596  40.0%  78.8 1135s
 608915 510792   37.36278  480  846   43.13125   25.88596  40.0%  78.4 1145s
 618228 516793   42.48311  944  532   43.13125   25.90100  39.9%  77.9 1152s
 621461 519933   31.39261   84 1452   43.13125   25.90166  39.9%  77.8 1156s
 624795 522562   38.72068  216 1244   43.13125   25.90166  39.9%  77.6 1160s
 630205 527172   27.99741   80 1181   43.13125   25.90166  39.9%  77.6 1168s
 632960 529498   29.88660  132 1057   43.13125   25.90166  39.9%  77.6 1172s
 635490 532220   30.88825  219  990   43.13125   25.90166  39.9%  77.6 1177s
 638355 536894   32.73455  263  953   43.13125   25.90166  39.9%  77.6 1184s
 643325 540661   34.01752  367  886   43.13125   25.90166  39.9%  77.4 1187s
 647364 543587   35.19666  491  815   43.13125   25.90166  39.9%  77.2 1191s
 650537 546556   37.10263  582  744   43.13125   25.90166  39.9%  77.1 1195s
 656807 551194   39.41085  789  610   43.13125   25.90166  39.9%  77.0 1202s
 659220 554397   39.77447  856  584   43.13125   25.90166  39.9%  76.9 1207s
 662775 557271   40.34924  955  530   43.13125   25.90166  39.9%  76.7 1211s
 666081 559578   41.38142 1028  466   43.13125   25.90166  39.9%  76.6 1215s
 668677 564782   41.85503 1059  437   43.13125   25.90166  39.9%  76.5 1220s
 677371 570560   30.57829   87 1218   43.13125   25.92042  39.9%  76.4 1227s
 680718 573950   33.24510  176 1025   43.13125   25.92042  39.9%  76.3 1230s
 687658 580646   37.38048  359  895   43.13125   25.92042  39.9%  75.9 1238s
 691049 583579   38.43704  452  816   43.13125   25.92042  39.9%  75.7 1242s
 694207 586131   39.98710  541  763   43.13125   25.92042  39.9%  75.6 1246s
 696979 588055   40.93926  626  713   43.13125   25.92042  39.9%  75.6 1250s
 699132 592506   41.40244  694  666   43.13125   25.92042  39.9%  75.5 1257s
 704002 594808   28.44865   87 1130   43.13125   25.93965  39.9%  75.4 1262s
 706512 597709   30.55506  106 1192   43.13125   25.93965  39.9%  75.5 1267s
 709586 600651   32.81279  144 1120   43.13125   25.93965  39.9%  75.6 1272s
 712763 600674   33.78440  185 1076   43.13125   25.93965  39.9%  75.6 1282s
 712804 602518   36.31267  185 1125   43.13125   25.93965  39.9%  75.6 1286s
 714819 605401   34.59891  214 1042   43.13125   25.93965  39.9%  75.6 1290s
 718093 608124   36.19535  255  995   43.13125   25.93965  39.9%  75.7 1295s
 721273 611293   42.84656  296  967   43.13125   25.93965  39.9%  75.8 1301s
 724959 614004   38.24392  331  936   43.13125   25.93965  39.9%  75.8 1307s
 728118 617492   38.44184  364  918   43.13125   25.93965  39.9%  75.8 1314s
 732173 619767   39.07976  404  885   43.13125   25.93965  39.9%  75.9 1320s
 734916 622591   39.35761  431  861   43.13125   25.93965  39.9%  75.9 1325s
 738479 625786   39.49834  464  832   43.13125   25.93965  39.9%  75.9 1331s
 742233 627508   39.94468  496  809   43.13125   25.93965  39.9%  75.9 1336s
 744288 631233   40.12906  508  808   43.13125   25.93965  39.9%  75.8 1342s
 748302 633862   40.19190  539  787   43.13125   25.93965  39.9%  75.7 1348s
 751429 636402   42.73005  575  773   43.13125   25.93965  39.9%  75.8 1353s
 754338 639489   41.05437  610  736   43.13125   25.93965  39.9%  75.9 1359s
 757750 642432   41.84335  651  701   43.13125   25.93965  39.9%  75.9 1367s
 761182 645257   42.27526  713  655   43.13125   25.93965  39.9%  76.0 1373s
 764513 648117     cutoff  776        43.13125   25.93965  39.9%  76.1 1379s
 767797 649902   32.30947   85 1032   43.13125   25.93965  39.9%  76.1 1384s
 769802 653587   34.70439  181  972   43.13125   25.93965  39.9%  76.2 1391s
 773823 656916   37.58303  339  835   43.13125   25.93965  39.9%  76.2 1397s
 777615 658640   41.39173  498  744   43.13125   25.93965  39.9%  76.2 1403s
 779690 661870   41.39521  556  698   43.13125   25.93965  39.9%  76.2 1408s
 783504 665234   42.93430  757  596   43.13125   25.94198  39.9%  76.2 1414s
 787521 668113     cutoff  140        43.13125   25.94198  39.9%  76.2 1421s
 791264 671081   35.50207   87 1223   43.13125   25.94198  39.9%  76.2 1427s
 794929 673699   39.38866  223 1118   43.13125   25.94198  39.9%  76.2 1433s
 798264 677119   42.99465  324 1080   43.13125   25.94198  39.9%  76.1 1438s
 802063 679652   33.20065   93 1051   43.13125   25.94198  39.9%  76.1 1443s
 805152 681927   39.28928  198 1056   43.13125   25.94198  39.9%  76.0 1448s
 808075 683699   42.61953  317 1008   43.13125   25.95618  39.8%  76.0 1453s
 810483 686684   37.72636   70 1270   43.13125   25.95618  39.8%  76.1 1457s
 814378 689570   35.66293   66 1397   43.13125   25.98879  39.7%  76.1 1462s
 818133 691917   38.60259   94 1494   43.13125   25.98938  39.7%  76.2 1469s
 821358 694182   25.98938   55 1448   43.13125   25.98938  39.7%  76.3 1474s
 824024 697711   29.39239   79 1285   43.13125   26.00796  39.7%  76.5 1480s
 827973 701264   31.83060  114 1172   43.13125   26.00796  39.7%  76.7 1485s
 832143 703300   31.87871  158 1122   43.13125   26.00796  39.7%  76.7 1490s
 834656 706138   34.70987  193 1067   43.13125   26.00796  39.7%  76.9 1496s
 838177 709722   34.09210  235 1040   43.13125   26.00796  39.7%  77.0 1502s

Resetting heuristic parameters to focus on improving solution
(using Heuristics=0.5 and RINS=10)...

H842178 706340                      43.0757485   26.00796  39.6%  77.0 1515s
 842178 706340   34.74717  277  974   43.07575   26.00796  39.6%  77.0 1515s
H842180 706180                      43.0730511   26.00796  39.6%  77.0 1516s
H842182 702349                      43.0282181   26.00796  39.6%  77.0 1516s
H842198 699548                      42.9985781   26.00796  39.5%  77.0 1516s
H842227 700225                      42.9985780   26.00796  39.5%  77.0 1800s
H842238 700225                      42.9985779   26.00796  39.5%  77.0 1800s
H842302 700225                      42.9985776   26.00796  39.5%  77.0 1800s

Explored 843337 nodes (64951853 simplex iterations) in 1800.91 seconds (3232.97 work units)
Thread count was 32 (of 96 available processors)

Solution count 10: 42.9986 42.9986 42.9986 ... 43.1313

Time limit reached
Best objective 4.299857758430e+01, best bound 2.600796448903e+01, gap 39.5144%
