
Gurobi 9.5.1 (linux64) logging started Wed 10 Aug 2022 11:08:28 PM MST

Set parameter LogFile to value "/home/local/ASUAD/kmajd1/NNRepLayer_v2/demos/walking_example/dynamic_constraint/repair_net_relaxed/logs/opt18_log_8_10_2022_14_29_12.log"
Gurobi Optimizer version 9.5.1 build v9.5.1rc2 (linux64)
Thread count: 48 physical cores, 96 logical processors, using up to 32 threads
Optimize a model with 12558 rows, 9048 columns and 186204 nonzeros
Model fingerprint: 0x2bb3f289
Model has 270 quadratic objective terms
Variable types: 6078 continuous, 2970 integer (2970 binary)
Coefficient statistics:
  Matrix range     [7e-04, 2e+02]
  Objective range  [3e-03, 1e+00]
  QObjective range [7e-02, 7e-02]
  Bounds range     [6e-03, 2e+02]
  RHS range        [4e-04, 2e+02]
Presolve removed 708 rows and 155 columns
Presolve time: 0.25s
Presolved: 11850 rows, 8893 columns, 184840 nonzeros
Presolved model has 270 quadratic objective terms
Variable types: 5936 continuous, 2957 integer (2957 binary)
Root relaxation presolve removed 2956 rows and 2956 columns
Root relaxation presolved: 8894 rows, 5937 columns, 175972 nonzeros
Root relaxation presolved model has 270 quadratic objective terms


Root relaxation: objective 3.136107e+01, 9411 iterations, 0.41 seconds (1.05 work units)

    Nodes    |    Current Node    |     Objective Bounds      |     Work
 Expl Unexpl |  Obj  Depth IntInf | Incumbent    BestBd   Gap | It/Node Time

     0     0   31.36107    0  695          -   31.36107      -     -    0s
     0     0   31.36107    0  695          -   31.36107      -     -    2s
H    0     0                     102.4745941   31.36107  69.4%     -    8s
     0     2   31.36107    0  695  102.47459   31.36107  69.4%     -    9s
     1     4   38.85835    1  872  102.47459   32.84872  67.9%   555   11s
H   87   106                      99.7608672   37.23520  62.7%   155   18s
H   89   106                      97.8152391   37.23520  61.9%   152   18s
H  101   106                      97.1383045   37.23520  61.7%   147   18s
H  105   106                      94.7970727   37.23520  60.7%   143   18s
H  115   106                      90.5103327   37.23520  58.9%   142   18s
   412   455   43.06957   18  827   90.51033   37.23520  58.9%  90.8   20s
H 1119  1135                      90.5103326   37.23520  58.9%  47.1   28s
H 1124  1135                      90.2119013   37.23520  58.7%  47.7   28s
H 1152  1135                      90.1736350   37.23520  58.7%  46.6   28s
H 1154  1135                      89.9360532   37.23520  58.6%  46.5   28s
  4168  4129   43.07482  142  702   89.93605   37.23520  58.6%  21.8   30s
  8765  8742   43.21443  281  650   89.93605   37.23520  58.6%  24.8   35s
 13711 13333   79.11229  406  847   89.93605   37.23520  58.6%  32.0   40s
 14347 13580   58.69307  164  952   89.93605   37.23520  58.6%  36.2   53s
 14796 13961   75.81553  298  695   89.93605   37.23520  58.6%  38.4   83s
 14798 13962   62.20275  434  695   89.93605   37.23520  58.6%  38.4   86s
 14801 13966   37.23520   10  891   89.93605   37.23520  58.6%  39.0  103s
 14812 13983   38.07828   13  875   89.93605   37.79400  58.0%  39.2  106s
 14847 14014   40.20200   15  972   89.93605   37.79400  58.0%  39.7  110s
H14856 13312                      89.9344202   37.79400  58.0%  39.8  110s
H14879 12671                      89.9344202   37.79400  58.0%  40.0  114s
H14881 12041                      89.9344200   37.79400  58.0%  40.0  114s
H14899 11436                      89.9344199   37.79400  58.0%  40.0  114s
H14905 10865                      89.9344196   37.79400  58.0%  40.1  114s
H14911 10355                      89.8313017   37.79400  57.9%  40.1  117s
H14912  9841                      89.8313017   37.79400  57.9%  40.2  117s
H14914  9353                      89.8289151   37.79400  57.9%  40.2  117s
H14915  8889                      89.7662119   37.79400  57.9%  40.3  117s
H14920  8448                      89.7506723   37.79400  57.9%  40.3  117s
H14929  8027                      89.2695652   37.79400  57.7%  40.3  117s
 15418  8430   40.52997   23  960   89.26957   37.79400  57.7%  42.2  120s
 15940  8711   41.43286   30 1005   89.26957   37.79400  57.7%  45.0  126s
H15941  8313                      89.2695649   37.79400  57.7%  45.0  126s
H15942  7935                      89.2695649   37.79400  57.7%  45.0  126s
H15959  7571                      89.2695648   37.79400  57.7%  45.1  126s
 16963  8411   41.23662   42  949   89.26956   37.79400  57.7%  47.0  130s
 19508 10085   42.58816   74  989   89.26956   37.79400  57.7%  50.9  135s
 22144 11754   44.02892   98  954   89.26956   37.79400  57.7%  51.0  140s
 26432 14511   59.89690  133  930   89.26956   37.79400  57.7%  49.9  145s
 29520 17826   61.52972  159  879   89.26956   37.79400  57.7%  50.0  150s
 34162 19393   61.96219  198  848   89.26956   37.79400  57.7%  50.1  155s
 37571 22425   65.27679  242  816   89.26956   37.79400  57.7%  53.0  160s
 41920 26341   65.37955  286  773   89.26956   37.79400  57.7%  55.0  165s
 45318 28578   65.57160  317  758   89.26956   37.79400  57.7%  56.4  195s
 47134 31287   72.85894  328  743   89.26956   37.79400  57.7%  58.2  201s
 49502 33644   73.01219  354  739   89.26956   37.79400  57.7%  59.7  205s
 52073 36313   73.34139  386  720   89.26956   37.79400  57.7%  61.0  210s
 55133 39193   77.03148  429  699   89.26956   37.79400  57.7%  62.0  215s
 58209 41913   77.19774  475  671   89.26956   37.79400  57.7%  63.5  221s
 59723 43545   77.83603  497  679   89.26956   37.79400  57.7%  64.2  226s
 61624 45776   78.25345  525  647   89.26956   37.79400  57.7%  65.1  231s
 64308 47954   78.92869  570  608   89.26956   37.79400  57.7%  66.2  236s
 66655 50009   79.24588  602  589   89.26956   37.79400  57.7%  66.8  240s
 72138 55409     cutoff  671        89.26956   37.79400  57.7%  67.8  246s
 77650 60361   80.90520  728  493   89.26956   37.79400  57.7%  68.9  253s
 80355 62973     cutoff  758        89.26956   37.79400  57.7%  69.5  257s
 83170 65677   81.38330  782  437   89.26956   37.79400  57.7%  69.7  262s
 86041 65828   81.39855  812  411   89.26956   37.79400  57.7%  69.8  267s
 86232 67700     cutoff  812        89.26956   37.79400  57.7%  69.8  272s
 88341 70477   81.90466  834  394   89.26956   37.79400  57.7%  70.2  278s
 91420 74065   82.35610  855  383   89.26956   37.79400  57.7%  70.6  286s
 95218 76935   82.59407  889  362   89.26956   37.79400  57.7%  71.3  292s
 98389 79667   82.82498  916  342   89.26956   37.79400  57.7%  72.1  297s
 101377 82337   83.16000  945  323   89.26956   37.79400  57.7%  72.8  304s
 104349 85362   83.34954  970  313   89.26956   37.79400  57.7%  73.6  310s
 107621 88082   83.52298 1007  284   89.26956   37.79400  57.7%  74.3  316s
 110643 91211   83.95426 1043  269   89.26956   37.79400  57.7%  74.9  322s
 114046 93298   85.38814 1080  264   89.26956   37.79400  57.7%  75.2  328s
 116279 96192   85.30599 1116  236   89.26956   37.79400  57.7%  75.6  335s
 119531 98787   85.86222 1162  226   89.26956   37.79400  57.7%  76.1  341s
 122434 100796   86.11065 1198  211   89.26956   37.79400  57.7%  76.9  348s
 124639 105559   88.14774 1233  187   89.26956   37.79400  57.7%  77.5  358s
 129714 108701   88.70956 1308  163   89.26956   37.79400  57.7%  77.8  366s
 133024 111742   89.04408 1371  158   89.26956   37.94218  57.5%  78.3  373s
 136324 115033   61.55214   69 1147   89.26956   37.94218  57.5%  78.8  381s
 139763 118281   79.37007  235 1160   89.26956   37.94218  57.5%  79.1  388s
 143351 121407   82.91433  275 1157   89.26956   37.94218  57.5%  79.5  395s
 146619 124361   42.84151   30 1045   89.26956   37.94218  57.5%  79.9  402s
 149907 127276   65.92389  167 1321   89.26956   37.94218  57.5%  80.2  409s
H152600 74323                      75.7720125   37.94218  49.9%  80.2  409s
 152947 72490     cutoff  309        75.77201   37.97275  49.9%  80.2  414s
H152993 72490                      75.7720122   37.97275  49.9%  80.2  414s
H153063 72490                      75.7720117   37.97275  49.9%  80.2  414s
H153109 72490                      75.7720115   37.97275  49.9%  80.1  414s
 153205 101246   40.47742   20  992   75.77201   37.97275  49.9%  80.1  475s
 184575 101835   63.41803   75 1073   75.77201   37.97992  49.9%  82.5  481s
H184742 101835                      75.7720112   37.97992  49.9%  82.5  481s
H185186 101835                      75.7720112   37.97992  49.9%  82.5  481s
H185246 100669                      75.5320805   37.97992  49.7%  82.5  546s
H185248 72702                      70.0451601   37.97992  45.8%  82.5  546s
H185256 58409                      67.0929167   37.97992  43.4%  82.5  546s
 185373 85354   54.58645   62 1379   67.09292   37.97992  43.4%  82.5  607s
 217032 90489   64.13929  282  819   67.09292   38.14630  43.1%  83.5  617s
 222625 93675   60.49349   84  948   67.09292   38.15273  43.1%  82.7  623s
 225992 96620   64.84453  195  871   67.09292   38.25941  43.0%  82.3  629s
 229142 100363   43.68221   25  967   67.09292   38.25941  43.0%  82.0  632s
 233274 103249   65.90793  148 1154   67.09292   38.47123  42.7%  81.8  636s
 239124 107867   50.52263   83  943   67.09292   38.47123  42.7%  82.5  643s
 241758 110826   55.30708  129  924   67.09292   38.47123  42.7%  82.8  648s
 244854 113635   57.66053  207  928   67.09292   38.47123  42.7%  82.9  653s
 247877 117770   59.86812  271  910   67.09292   38.47123  42.7%  83.0  661s
 252546 120512   62.83143  428  881   67.09292   38.47123  42.7%  83.4  667s
 255660 122844   65.52135  482  843   67.09292   38.47123  42.7%  83.5  673s
 258380 125650   66.91992  554  648   67.09292   38.82575  42.1%  84.0  677s
 261744 128066   66.82527  119 1228   67.09292   38.92419  42.0%  84.2  682s
 264861 130563   47.42772   54  943   67.09292   38.93886  42.0%  84.7  687s
 267577 133640   50.27586  110  986   67.09292   38.93886  42.0%  85.3  694s
 270845 137285   56.08450  180 1047   67.09292   38.93886  42.0%  85.6  700s
 278693 146256   60.56550  410  870   67.09292   38.93886  42.0%  85.7  711s
 284379 148186   62.89641  493  895   67.09292   38.93886  42.0%  85.5  716s
 286695 150393   65.76503  501  900   67.09292   38.93886  42.0%  85.7  721s
 289198 152756     cutoff  512        67.09292   38.93886  42.0%  86.0  726s
 291915 155250   65.39592  569  890   67.09292   38.93886  42.0%  86.2  731s
 294776 157650   66.89822  640  737   67.09292   39.08687  41.7%  86.3  737s
 297742 161043   43.19652   26  967   67.09292   39.09942  41.7%  86.5  741s
 301571 163953   66.38377  180 1168   67.09292   39.10205  41.7%  86.6  746s
 305043 166579   62.36931  105 1036   67.09292   39.11935  41.7%  86.6  751s
 308187 170755   54.52717   65 1232   67.09292   39.12198  41.7%  86.7  760s
 316803 177486   50.01457   37 1033   67.09292   39.19315  41.6%  86.5  768s
 320970 179818   48.15882   46  962   67.09292   39.20006  41.6%  86.3  772s
 323654 181718   63.44797  128 1188   67.09292   39.20133  41.6%  86.2  777s
 325939 183797   46.02808   37  947   67.09292   39.20725  41.6%  86.5  781s
 331173 189158   60.92186   85 1006   67.09292   39.22413  41.5%  87.3  789s
 334304 192710   56.16315   50 1013   67.09292   39.22413  41.5%  87.5  796s
 338230 198167   65.73441  174  832   67.09292   39.22413  41.5%  87.3  805s
 344237 200647   66.62231  161 1091   67.09292   39.23659  41.5%  86.7  810s
 346999 203392   61.37725  101  922   67.09292   39.24038  41.5%  86.5  815s
 352822 207386     cutoff  114        67.09292   39.24809  41.5%  86.3  824s
 355176 209554   45.43978   43  971   67.09292   39.25324  41.5%  86.4  827s
 357588 211845   49.50282   76  913   67.09292   39.25324  41.5%  86.8  831s
 360087 214425   51.58625  109  907   67.09292   39.25324  41.5%  87.2  837s
 362810 216816   52.61490  141  864   67.09292   39.25324  41.5%  87.5  843s
 365450 219815   54.11520  177  811   67.09292   39.25324  41.5%  87.8  849s
 368651 223677   54.90112  219  796   67.09292   39.25324  41.5%  87.9  859s
 372940 226603   56.17471  270  771   67.09292   39.25324  41.5%  88.0  865s
 376019 229113   64.61066  293  763   67.09292   39.25324  41.5%  88.0  872s
 378906 231382   57.18795  328  714   67.09292   39.25324  41.5%  88.2  878s
 381440 233935   59.02474  347  704   67.09292   39.25324  41.5%  88.5  883s
 384268 236738   57.53589  371  683   67.09292   39.25324  41.5%  88.8  890s
 387316 239569   58.06777  402  657   67.09292   39.25324  41.5%  88.9  895s
 390515 242084   58.55401  429  650   67.09292   39.25324  41.5%  89.1  901s
 393421 244951   59.19319  461  613   67.09292   39.25324  41.5%  89.3  908s
 396648 247735   60.42634  495  591   67.09292   39.25324  41.5%  89.4  916s
 399984 250919   61.08413  522  587   67.09292   39.25324  41.5%  89.4  924s
 403728 252705   62.03677  571  564   67.09292   39.25324  41.5%  89.5  931s
 405991 255777   63.14859  602  546   67.09292   39.25324  41.5%  89.6  939s
 409868 260935   63.79931  638  532   67.09292   39.25324  41.5%  89.6  944s
 415779 264413   64.17724  677  516   67.09292   39.25324  41.5%  89.2  949s
 419974 267064   64.93828  713  526   67.09292   39.25324  41.5%  89.1  954s
 423158 269823   65.34267  751  480   67.09292   39.25324  41.5%  89.0  960s
 430345 276731   65.61180  819  433   67.09292   39.25324  41.5%  88.8  969s
 434832 278818   65.88003  856  412   67.09292   39.25324  41.5%  88.7  974s
 437405 281047   66.56202  881  389   67.09292   39.25324  41.5%  88.9  979s
 440296 283769   66.20452  903  388   67.09292   39.25324  41.5%  89.0  985s
 443798 285818   66.28898  916  381   67.09292   39.25324  41.5%  89.0  991s
 446402 288406     cutoff  949        67.09292   39.25324  41.5%  89.2  995s
 449297 292246   66.78804  986  329   67.09292   39.31540  41.4%  89.5 1000s
 453497 295371   53.91945   71 1106   67.09292   39.33663  41.4%  89.5 1006s
 456895 298873   65.54925  193 1132   67.09292   39.35617  41.3%  89.5 1012s
 460583 303060   49.54444   51 1014   67.09292   39.40590  41.3%  89.5 1020s
 465134 305784   59.86718  183  895   67.09292   39.40590  41.3%  89.3 1025s
 468393 308455   62.26654  309  836   67.09292   39.40590  41.3%  89.3 1030s
 471521 310287   65.07199  436  736   67.09292   39.40590  41.3%  89.2 1036s
 473729 311875   66.91934  508  662   67.09292   39.41919  41.2%  89.4 1040s
 475549 313893   44.83292   38 1100   67.09292   39.44141  41.2%  89.7 1045s
 477909 316134   54.71466   66  953   67.09292   39.44141  41.2%  90.0 1051s
 480703 321412   56.75268  103 1047   67.09292   39.44141  41.2%  90.2 1056s
 486375 325338   62.66151  180  977   67.09292   39.44141  41.2%  90.0 1061s
 490510 330280   65.64035  239  963   67.09292   39.45686  41.2%  89.7 1068s
 495998 332226   62.30719  100 1128   67.09292   39.46860  41.2%  89.4 1073s
 498567 333963   67.01155  163  939   67.09292   39.48747  41.1%  89.4 1076s
 500592 336169   51.34258   40 1001   67.09292   39.48747  41.1%  89.7 1080s
 506120 341884   66.81415  137 1035   67.09292   39.49308  41.1%  90.2 1089s
 509320 344015   66.85295   91 1052   67.09292   39.49936  41.1%  90.2 1094s
 511739 347124   45.18083   33 1007   67.09292   39.49936  41.1%  90.2 1101s
 515170 350023   66.02338  118 1095   67.09292   39.50074  41.1%  90.1 1106s
 518488 352965   59.05837   95 1132   67.09292   39.51100  41.1%  90.1 1111s
 521925 355397   45.97618   39 1061   67.09292   39.52247  41.1%  90.1 1118s
 524843 358494   62.86542   73  772   67.09292   39.52247  41.1%  90.5 1124s
 528728 361607   54.37848   61 1096   67.09292   39.53222  41.1%  90.8 1130s
 532497 365223   56.45178   71  957   67.09292   39.54620  41.1%  90.9 1137s
 536634 368830   39.92059   18  888   67.09292   39.55344  41.0%  90.8 1142s
 540772 371376 infeasible  100        67.09292   39.56387  41.0%  90.8 1146s
 543917 373341   58.92252   59  888   67.09292   39.57785  41.0%  91.0 1151s
 546127 375736   64.71777   86  864   67.09292   39.58112  41.0%  91.4 1156s
 549282 378281   55.67326   72 1058   67.09292   39.58616  41.0%  91.6 1162s
 552483 380644   66.98189  182  839   67.09292   39.58730  41.0%  91.7 1169s
 555204 384624   49.71718   72  975   67.09292   39.58730  41.0%  92.0 1177s
 559476 387968   62.03439  268  848   67.09292   39.58730  41.0%  92.1 1182s
 563013 391784   66.32263  513  626   67.09292   39.58949  41.0%  92.1 1187s
 567073 395026   58.51160   80  864   67.09292   39.60352  41.0%  92.2 1192s
 570695 397936   51.25912   43 1067   67.09292   39.60352  41.0%  92.3 1198s
 573838 400520   65.02811   72 1059   67.09292   39.60500  41.0%  92.5 1203s
 576820 403140   51.40302   36  780   67.09292   39.60683  41.0%  92.6 1209s
 579884 406365   47.54758   44  927   67.09292   39.60683  41.0%  92.6 1216s
 583514 409311   52.05762   77  885   67.09292   39.60683  41.0%  92.6 1224s
 586725 412899   54.72044  121  853   67.09292   39.60683  41.0%  92.7 1229s
 590544 416618   57.28935  161  818   67.09292   39.60683  41.0%  92.8 1234s
 594517 420281   59.06912  208  813   67.09292   39.60683  41.0%  92.8 1240s
 598398 423323   59.99220  247  792   67.09292   39.60683  41.0%  92.7 1246s
 601802 425675   60.24660  287  766   67.09292   39.60683  41.0%  92.7 1252s
 604591 428412   61.21703  314  738   67.09292   39.60683  41.0%  92.7 1257s
H607942 429190                      67.0929166   39.60683  41.0%  92.7 1262s
 608835 431102   61.27713  357  702   67.09292   39.60683  41.0%  92.7 1267s
 611121 431133   61.26513  381  688   67.09292   39.60683  41.0%  92.8 1273s
 611153 433801   61.43273  381  684   67.09292   39.60683  41.0%  92.8 1279s
 614381 436721   62.21292  417  677   67.09292   39.60683  41.0%  92.9 1286s
 617949 440105   63.50341  465  631   67.09292   39.60683  41.0%  92.9 1292s
 621646 443435   65.00610  510  602   67.09292   39.60683  41.0%  92.9 1299s
H625375 443454                      67.0929151   39.60683  41.0%  92.7 1361s
H625376 391197                      65.9376774   39.60683  39.9%  92.7 1361s
H625378 385479                      65.8025806   39.60683  39.8%  92.7 1361s
H625380 355753                      65.0673289   39.60683  39.1%  92.7 1361s
 625420 357592     cutoff  551        65.06733   39.60683  39.1%  92.7 1367s
 627827 357638   44.86615   35 1091   65.06733   39.66352  39.0%  92.8 1372s
 627912 360180   44.94242   36 1114   65.06733   39.66553  39.0%  92.8 1378s
 630980 362762   50.03285   45 1033   65.06733   39.68123  39.0%  92.8 1384s
 633757 367128   64.01699  156  813   65.06733   39.68505  39.0%  92.7 1391s
 638443 370427   45.82182   30 1070   65.06733   39.68652  39.0%  92.4 1398s
 642130 372922   49.49909   46 1049   65.06733   39.68652  39.0%  92.3 1404s
 644909 376259   53.40953   77 1034   65.06733   39.68652  39.0%  92.4 1412s
 648389 379849   56.13684   96 1031   65.06733   39.68652  39.0%  92.5 1419s
 652209 383135   59.66648  136  910   65.06733   39.68652  39.0%  92.5 1426s
 655704 386219   62.97362  182  936   65.06733   39.68710  39.0%  92.5 1432s
 659104 389154   57.04633   74 1047   65.06733   39.69803  39.0%  92.5 1438s
 662490 391479   53.30497   80 1036   65.06733   39.69858  39.0%  92.5 1443s
 665447 394025   58.83189   69  916   65.06733   39.69927  39.0%  92.5 1449s
 668391 396661   54.70996   75 1067   65.06733   39.71052  39.0%  92.5 1456s
 671564 399279   44.46208   36 1056   65.06733   39.71052  39.0%  92.6 1462s
 674625 403013   65.02953  174  962   65.06733   39.72948  38.9%  92.5 1470s
 678923 405464     cutoff  134        65.06733   39.74410  38.9%  92.5 1475s
 681828 408192   64.92489   81  709   65.06733   39.74471  38.9%  92.4 1481s
 684951 410631   44.09187   44 1018   65.06733   39.74471  38.9%  92.5 1487s
 687868 412966   61.06505  119 1147   65.06733   39.75776  38.9%  92.4 1491s
 690661 416105   45.46591   39  967   65.06733   39.76935  38.9%  92.4 1496s
 694574 418829   49.66331   61 1122   65.06733   39.79501  38.8%  92.5 1501s

Resetting heuristic parameters to focus on improving solution
(using Heuristics=0.5 and RINS=10)...

 697620 418855   61.85428  211 1153   65.06733   39.79501  38.8%  92.5 1506s
H697646 418855                      65.0673287   39.79501  38.8%  92.5 1506s
 697658 437704   64.27746  216 1127   65.06733   39.79604  38.8%  92.5 1800s
H697737 434914                      64.9973040   39.79604  38.8%  92.5 1800s
H697771 395334                      64.0681098   39.79604  37.9%  92.5 1800s
H719447 386726                      63.8452377   39.80769  37.6%  95.4 1800s

Explored 720925 nodes (68900947 simplex iterations) in 1800.66 seconds (3039.99 work units)
Thread count was 32 (of 96 available processors)

Solution count 10: 63.8452 64.0681 64.9973 ... 70.0452

Time limit reached
Best objective 6.384523770151e+01, best bound 3.984167661611e+01, gap 37.5965%
