
Gurobi 9.5.1 (linux64) logging started Wed 10 Aug 2022 08:05:39 PM MST

Set parameter LogFile to value "/home/local/ASUAD/kmajd1/NNRepLayer_v2/demos/walking_example/dynamic_constraint/repair_net_relaxed/logs/opt12_log_8_10_2022_14_29_12.log"
Gurobi Optimizer version 9.5.1 build v9.5.1rc2 (linux64)
Thread count: 48 physical cores, 96 logical processors, using up to 32 threads
Optimize a model with 12558 rows, 9048 columns and 186204 nonzeros
Model fingerprint: 0xd54c8d17
Model has 270 quadratic objective terms
Variable types: 6078 continuous, 2970 integer (2970 binary)
Coefficient statistics:
  Matrix range     [3e-05, 2e+02]
  Objective range  [3e-03, 1e+00]
  QObjective range [7e-02, 7e-02]
  Bounds range     [2e-03, 1e+02]
  RHS range        [4e-05, 2e+02]
Presolve removed 873 rows and 258 columns
Presolve time: 0.27s
Presolved: 11685 rows, 8790 columns, 182529 nonzeros
Presolved model has 270 quadratic objective terms
Variable types: 5895 continuous, 2895 integer (2895 binary)
Root relaxation presolve removed 2894 rows and 2894 columns
Root relaxation presolved: 8791 rows, 5896 columns, 173847 nonzeros
Root relaxation presolved model has 270 quadratic objective terms


Root relaxation: objective 3.018276e+01, 7148 iterations, 0.33 seconds (0.79 work units)

    Nodes    |    Current Node    |     Objective Bounds      |     Work
 Expl Unexpl |  Obj  Depth IntInf | Incumbent    BestBd   Gap | It/Node Time

     0     0   30.18276    0  540          -   30.18276      -     -    0s
     0     0   30.18276    0  540          -   30.18276      -     -    2s
H    0     0                      62.6820184   30.18276  51.8%     -    4s
     0     2   30.18276    0  537   62.68202   30.18276  51.8%     -    4s
     3     8   30.81443    2  530   62.68202   30.81443  50.8%  64.0    5s
H   95   128                      53.7837375   31.16426  42.1%   167   15s
H  100   128                      51.4435027   31.19058  39.4%   161   15s
   127   160   31.20188    7  633   51.44350   31.19058  39.4%   134   20s
H  143   160                      48.7877718   31.19058  36.1%   133   20s
  1184  1185   31.44048   42  609   48.78777   31.19058  36.1%  88.4   31s
H 1186  1185                      48.7877718   31.19058  36.1%  88.3   31s
H 1202  1185                      48.7877717   31.19058  36.1%  87.5   31s
  1216  1216   31.44048   43  608   48.78777   31.19058  36.1%  87.6   44s
  1535  1639   31.44048   54  599   48.78777   31.19058  36.1%  77.9   45s
H 1975  2045                      48.7877712   31.19058  36.1%  73.2   46s
  3445  3479   39.19749  117  686   48.78777   31.19058  36.1%  64.9   50s
  5169  5163   34.12342  158  666   48.78777   31.19058  36.1%  51.6   55s
  8220  8233   35.28054  251  598   48.78777   31.19058  36.1%  44.7   60s
 11942 12374   35.43002  377  552   48.78777   31.19058  36.1%  38.9   65s
 14639 14073   34.91956  263  540   48.78777   31.19058  36.1%  39.1   80s
 14644 14078   31.34654   15  546   48.78777   31.19058  36.1%  39.6   91s
 14691 14140   32.25337   20  538   48.78777   31.19058  36.1%  39.7   99s
H14695 13434                      48.6964246   31.19058  35.9%  39.7   99s
 14755 13478   33.35443   21  560   48.69642   31.19058  35.9%  39.9  103s
 14881 13593   33.25098   23  629   48.69642   31.19058  35.9%  39.8  105s
 15787 14148   32.72886   31  535   48.69642   31.19058  35.9%  40.4  113s
 16316 14585   33.26171   38  578   48.69642   31.19058  35.9%  42.2  115s
 17968 15665   33.49535   56  578   48.69642   31.19058  35.9%  46.2  120s
 20506 17347   33.79376   82  579   48.69642   31.19058  35.9%  49.8  125s
 23613 19558   33.89533  107  547   48.69642   31.19058  35.9%  51.1  130s
 25549 20491   34.66682  126  543   48.69642   31.19058  35.9%  50.7  148s
H25657 19786                      48.6964244   31.19058  35.9%  50.9  148s
 27794 21625   34.37838  148  522   48.69642   31.19058  35.9%  51.3  150s
 29737 24223   34.62235  164  522   48.69642   31.19058  35.9%  51.0  155s
 36164 26644   35.08644  217  470   48.69642   31.19058  35.9%  49.4  160s
 38711 28192   36.36242  237  449   48.69642   31.19058  35.9%  50.4  165s
 42452 30481   39.85604  280  411   48.69642   31.19058  35.9%  50.5  170s
 45454 32405   39.91831  315  381   48.69642   31.19058  35.9%  51.2  175s
 48869 34281   41.50500  352  374   48.69642   31.19058  35.9%  51.7  180s
 52396 36596   42.72655  392  352   48.69642   31.19058  35.9%  53.0  186s
 55176 39221   43.59856  418  354   48.69642   31.19058  35.9%  53.4  190s
 58854 44368   44.18647  451  348   48.69642   31.19058  35.9%  53.6  196s
 64302 47682   44.91118  482  361   48.69642   31.19058  35.9%  54.9  200s
 66122 49482   46.45804  498  342   48.69642   31.19058  35.9%  55.6  207s
 68033 51320   45.68605  514  326   48.69642   31.19058  35.9%  56.1  210s
 72167 55617   46.19878  556  309   48.69642   31.19058  35.9%  56.9  216s
 76619 59899   46.63011  592  291   48.69642   31.19058  35.9%  57.5  223s
 79210 62343   46.80611  619  278   48.69642   31.19058  35.9%  57.9  226s
 81806 65007   46.89323  640  288   48.69642   31.19058  35.9%  58.2  230s
 87478 70335   46.78378  679  249   48.69642   31.19058  35.9%  58.4  238s
 90419 74858   46.78419  688  241   48.69642   31.19058  35.9%  58.5  245s
H95255 71752                      48.2982107   31.19058  35.4%  58.3  274s
H95257 71254                      48.2144335   31.19058  35.3%  58.3  274s
H95262 71129                      48.1853300   31.19058  35.3%  58.3  274s
H95272 70946                      48.1564624   31.19058  35.2%  58.3  274s
H95273 70844                      48.1297733   31.19058  35.2%  58.3  274s
H95274 70215                      48.0204127   31.19058  35.0%  58.3  274s
 95292 72888   46.83997  723  239   48.02041   31.19058  35.0%  58.3  279s
 98377 75377   47.48500  754  226   48.02041   31.19058  35.0%  58.6  284s
 101307 78517     cutoff  773        48.02041   31.19058  35.0%  59.1  288s
 104825 81130   47.54029  805  206   48.02041   31.19058  35.0%  59.2  293s
 107878 83785   35.87280   33  528   48.02041   31.19058  35.0%  59.6  298s
 110815 85146   40.48924   58  701   48.02041   31.19058  35.0%  60.1  301s
 112269 87728   42.23374   72  717   48.02041   31.19058  35.0%  60.3  307s
 115229 87757   43.64746   97  782   48.02041   31.19058  35.0%  61.0  311s
 115264 91153   43.56037   95  814   48.02041   31.19058  35.0%  61.0  317s
 118960 94323   45.80344  114  845   48.02041   31.19058  35.0%  61.0  322s
 122481 99230   47.79636  137  735   48.02041   31.19058  35.0%  60.9  330s
 130901 104989   34.73458   44  549   48.02041   31.19058  35.0%  60.2  339s
 134082 107816   39.75421  143  492   48.02041   31.19058  35.0%  60.1  344s
 137076 110717   42.27251  249  424   48.02041   31.19058  35.0%  60.0  349s
 140182 113604   43.61426  365  342   48.02041   31.19058  35.0%  59.7  354s
 143388 116364   44.19149  474  278   48.02041   31.19058  35.0%  59.4  359s
 146481 120317   47.21201  582  223   48.02041   31.19058  35.0%  59.3  363s
 150753 124510   41.78221  113  678   48.02041   31.19058  35.0%  59.2  366s
 155087 130397 infeasible  286        48.02041   31.19058  35.0%  58.8  372s
 161290 133469   38.93593   46  559   48.02041   31.19058  35.0%  58.4  376s
 164609 136146   47.56195  143  488   48.02041   31.19058  35.0%  58.2  380s
 169821 140668   32.01131   62  528   48.02041   31.19058  35.0%  58.5  387s
 172299 142846   33.31122   86  533   48.02041   31.19058  35.0%  58.9  391s
 174537 145022   33.89636  111  527   48.02041   31.19058  35.0%  59.1  395s
 179530 149865   35.85950  170  521   48.02041   31.19058  35.0%  60.1  402s
 182063 152653   37.03747  188  520   48.02041   31.19058  35.0%  60.8  406s
 185059 156184   37.43494  218  469   48.02041   31.19058  35.0%  61.2  413s
 188860 159389   37.77016  252  476   48.02041   31.19058  35.0%  61.5  418s
 192308 162525   38.01695  286  466   48.02041   31.19058  35.0%  61.7  423s
 195671 162557   38.99280  317  453   48.02041   31.19058  35.0%  61.9  427s
 195703 165487   38.69430  318  444   48.02041   31.19058  35.0%  61.9  432s
 198830 168377   39.07696  347  432   48.02041   31.19058  35.0%  62.2  438s
 202018 170483   39.17783  382  394   48.02041   31.19058  35.0%  62.4  442s
 204535 172428   39.20576  411  380   48.02041   31.19058  35.0%  62.9  447s
 206617 175006   39.35404  443  356   48.02041   31.19058  35.0%  63.6  452s
 209358 177795   39.92848  474  339   48.02041   31.19058  35.0%  64.2  458s
 212255 180116   40.27992  516  315   48.02041   31.19058  35.0%  64.7  464s
 214873 182686   40.57290  555  296   48.02041   31.19058  35.0%  65.4  470s
 217681 185618   40.92924  573  285   48.02041   31.19058  35.0%  66.0  477s
 220935 188513   41.45624  604  248   48.02041   31.19058  35.0%  66.5  484s
 224252 191240   43.36538  651  222   48.02041   31.19058  35.0%  67.0  491s
 227546 194480   44.94356  688  209   48.02041   31.19058  35.0%  67.5  497s
 231408 196743   47.09748  730  197   48.02041   31.19058  35.0%  67.8  504s
 234065 199453   47.10355  775  187   48.02041   31.19058  35.0%  68.0  510s
 237330 202702   35.40922   66  927   48.02041   31.19058  35.0%  68.3  517s
 241294 207175     cutoff  227        48.02041   31.19058  35.0%  68.6  524s
 246185 210883   47.89851  178  646   48.02041   31.19058  35.0%  68.3  532s
 250456 213348   32.51344   59  750   48.02041   31.19058  35.0%  68.1  537s
 253319 215414   42.18220  236  684   48.02041   31.19058  35.0%  68.2  542s
 255645 218133   47.93855  336  600   48.02041   31.19058  35.0%  68.4  547s
 258614 220414   41.77335  194  625   48.02041   31.19058  35.0%  68.8  553s
 261242 222747   34.30981   71  578   48.02041   31.19058  35.0%  69.2  558s
 263832 225227   37.66458  117  585   48.02041   31.19058  35.0%  69.6  564s
 266647 229168   39.82996  128  575   48.02041   31.19058  35.0%  69.9  571s
 270875 232502   40.81032  189  550   48.02041   31.19058  35.0%  69.9  576s
 274533 236134   43.43985  248  540   48.02041   31.19058  35.0%  69.9  582s
 278450 238941   45.55969  329  581   48.02041   31.19058  35.0%  69.7  588s
 281581 242360   46.97058  385  562   48.02041   31.19058  35.0%  69.7  594s
 285516 245537   47.85377  447  483   48.02041   31.27807  34.9%  69.8  600s
 289147 248878   47.96056  155  779   48.02041   31.27807  34.9%  69.9  605s
 292928 252752   42.10807  183  675   48.02041   31.27807  34.9%  69.9  611s
 297156 255057   31.45696   57  583   48.02041   31.27807  34.9%  69.7  616s
 299893 258886   45.47831  197  731   48.02041   31.31589  34.8%  69.8  621s
 303923 262594   39.72814  114  766   48.02041   31.31589  34.8%  69.6  626s
 307950 264844   47.91922  294  573   48.02041   31.31988  34.8%  69.4  633s
 310613 268694   32.99274   74  649   48.02041   31.31988  34.8%  69.6  640s
 314892 272081   38.01780  121  700   48.02041   31.31988  34.8%  69.9  647s
 318689 275459   40.55452  205  638   48.02041   31.31988  34.8%  70.0  653s
 322570 277664   43.25131  279  662   48.02041   31.31988  34.8%  70.0  657s
 325147 281163   44.39962  321  631   48.02041   31.31988  34.8%  70.1  664s
 329071 283789   46.40217  423  573   48.02041   31.31988  34.8%  70.1  669s
 332264 286519   47.24609  506  499   48.02041   31.31988  34.8%  70.4  675s
 335268 289636   47.74763  580  451   48.02041   31.31988  34.8%  70.7  681s
 338711 292850   34.30519   48  559   48.02041   31.31988  34.8%  70.9  689s
 342223 295202   38.09277   81  620   48.02041   31.31988  34.8%  71.0  694s
 344728 299279   38.51676  117  489   48.02041   31.31988  34.8%  71.0  701s
 349103 302559   39.48557  153  460   48.02041   31.31988  34.8%  70.8  707s
 352786 305333   40.54183  181  447   48.02041   31.31988  34.8%  70.7  712s
 355888 308049   41.08519  206  437   48.02041   31.31988  34.8%  70.7  718s
 358925 310916   41.18457  236  423   48.02041   31.31988  34.8%  70.8  724s
 362314 313623   41.52127  265  413   48.02041   31.31988  34.8%  70.8  730s
 365632 318090   42.08353  295  403   48.02041   31.31988  34.8%  70.8  736s
 370410 322375   42.66681  322  385   48.02041   31.31988  34.8%  70.6  743s
 375299 324666   43.20860  353  369   48.02041   31.31988  34.8%  70.4  747s
 377693 324696   43.24157  369  357   48.02041   31.31988  34.8%  70.3  751s
 377727 328098   44.19664  369  364   48.02041   31.31988  34.8%  70.3  756s
 381441 330774   43.32860  396  338   48.02041   31.31988  34.8%  70.1  760s
 388647 336696   43.33429  441  317   48.02041   31.31988  34.8%  69.8  768s
 391095 339647   43.34002  461  308   48.02041   31.31988  34.8%  69.7  773s
 394366 342475   43.34360  481  291   48.02041   31.31988  34.8%  69.7  777s
 397620 344716   44.31461  505  289   48.02041   31.31988  34.8%  69.6  782s
 400247 347456   43.69820  529  273   48.02041   31.31988  34.8%  69.7  788s
 403261 350187   43.55574  568  246   48.02041   31.31988  34.8%  69.8  794s
 406427 353221   44.23767  602  234   48.02041   31.31988  34.8%  69.9  801s
 409914 356956   43.98971  635  215   48.02041   31.31988  34.8%  70.2  806s
 413919 360258   45.62909  670  211   48.02041   31.31988  34.8%  70.3  812s
 417586 364172   46.50131  702  198   48.02041   31.31988  34.8%  70.3  817s
 421806 366989   47.69705  736  178   48.02041   31.63691  34.1%  70.2  821s
 424709 370047   37.87022   67  775   48.02041   31.63691  34.1%  70.2  827s
 428188 373439   47.40418  187  769   48.02041   31.63814  34.1%  70.2  833s
 432117 377116   45.22224  187  676   48.02041   31.63814  34.1%  70.2  839s
 436479 379745   47.90885  292  599   48.02041   31.63917  34.1%  70.1  843s
 439653 382065   46.29484  162  545   48.02041   31.64722  34.1%  70.0  847s
 442478 384274   37.57589   67  641   48.02041   31.64722  34.1%  70.1  852s
 445010 387286   41.70837   96  736   48.02041   31.64722  34.1%  70.2  857s
 448426 388823   44.92475  110  901   48.02041   31.64722  34.1%  70.2  861s
 450440 391839   46.08335  112  913   48.02041   31.64722  34.1%  70.3  867s
 454044 394665     cutoff  134        48.02041   31.67921  34.0%  70.4  873s
 457592 398780   43.35546  168  705   48.02041   31.67921  34.0%  70.4  879s
 461918 402836   48.01064  320  550   48.02041   31.68729  34.0%  70.2  886s
 466511 404957   38.58241  117  638   48.02041   31.68729  34.0%  70.0  891s
 468988 409742   41.85365  207  616   48.02041   31.68729  34.0%  69.9  896s
 474035 413268   47.82597  407  507   48.02041   31.68731  34.0%  69.6  901s
 477924 416005   39.93579  105  757   48.02041   31.68731  34.0%  69.4  905s
 484195 421027   47.85159  282  657   48.02041   31.68731  34.0%  69.3  912s
 486879 424384   42.65849  135  760   48.02041   31.68731  34.0%  69.3  916s
 490386 426019   47.33902  266  641   48.02041   31.68731  34.0%  69.1  921s
 492473 429051   48.00103  285  554   48.02041   31.68731  34.0%  69.2  926s
 495909 433297   45.47586  211  673   48.02041   31.69570  34.0%  69.4  932s
 500392 436117   33.29211   71  606   48.02041   31.70453  34.0%  69.3  938s
 503409 439992   35.72285   92  615   48.02041   31.71283  34.0%  69.4  942s
 507333 442553   38.76643  126  595   48.02041   31.71283  34.0%  69.3  947s
 510065 445840   38.87269  156  538   48.02041   31.71283  34.0%  69.2  951s
 513514 449069   39.61793  183  549   48.02041   31.71283  34.0%  69.2  956s
 516929 451465   39.78133  211  493   48.02041   31.71283  34.0%  69.1  961s
 519616 453831   40.81676  241  471   48.02041   31.71283  34.0%  69.2  965s
 522602 456691   42.86268  270  450   48.02041   31.71283  34.0%  69.2  970s
 525878 460286   41.45429  304  433   48.02041   31.71283  34.0%  69.4  975s
 531857 465291   42.72909  360  408   48.02041   31.71283  34.0%  69.5  983s
 535452 468657   42.95249  391  385   48.02041   31.71283  34.0%  69.6  988s
 539131 472215   43.26106  423  363   48.02041   31.71283  34.0%  69.6  994s
 542917 474666   43.32326  457  330   48.02041   31.71283  34.0%  69.6  998s
 545676 477528   43.36740  492  307   48.02041   31.71283  34.0%  69.7 1002s
 548747 479780   43.38802  514  299   48.02041   31.71283  34.0%  69.8 1006s
 551167 481902   44.08914  549  290   48.02041   31.71283  34.0%  70.0 1011s
 553705 483822   43.59282  578  270   48.02041   31.71283  34.0%  70.2 1016s
 555912 486709   44.15102  606  277   48.02041   31.71283  34.0%  70.4 1022s
 559047 490622   44.12275  655  225   48.02041   31.71283  34.0%  70.7 1030s
 563572 493992   46.53458  712  214   48.02041   31.71283  34.0%  70.9 1037s
 567508 496904   46.82432  765  192   48.02041   31.71283  34.0%  71.1 1043s
 571118 500792   47.05540  812  177   48.02041   31.71283  34.0%  71.3 1048s
 575532 503770   47.13166  875  167   48.02041   31.71419  34.0%  71.3 1053s
 578982 504375   34.24930   79  655   48.02041   31.73087  33.9%  71.3 1058s
 579665 508375   37.02412  101  615   48.02041   31.73087  33.9%  71.3 1064s
 584485 511295     cutoff  392        48.02041   31.73087  33.9%  71.2 1070s
 590314 515583   35.91975   82  679   48.02041   31.73087  33.9%  71.3 1081s
 593933 519456   36.03649   64  818   48.02041   31.73716  33.9%  71.4 1086s
 598427 522984   47.91623  259 1196   48.02041   31.73716  33.9%  71.3 1092s
 602472 526355   41.33110  185  635   48.02041   31.73716  33.9%  71.3 1097s
 606480 528836   46.96683  370  567   48.02041   31.73716  33.9%  71.3 1102s
 609452 532441   39.20103  132  706   48.02041   31.73716  33.9%  71.2 1107s
 613483 535325   45.88610  314  653   48.02041   31.73716  33.9%  71.0 1114s
 616892 538009     cutoff  431        48.02041   31.73716  33.9%  71.1 1119s
 620077 538036     cutoff  432        48.02041   31.73716  33.9%  71.2 1149s
H620095 538016                      48.0184375   31.73716  33.9%  71.2 1149s
 620112 539404   31.73716   54  553   48.01844   31.73716  33.9%  71.2 1155s
 621771 540431   40.10337  131  543   48.01844   31.73716  33.9%  71.2 1160s
 622888 544954   42.44412  162  501   48.01844   31.73716  33.9%  71.2 1168s
 627863 548542   47.43783  468  320   48.01844   31.73716  33.9%  71.2 1175s
 631773 551532   43.29563  105  987   48.01844   31.76007  33.9%  71.2 1182s
 635284 555024   37.85630  100  598   48.01844   31.78046  33.8%  71.3 1188s
H639191 555056                      48.0184375   31.78046  33.8%  71.3 1230s
H639197 555056                      48.0184375   31.78046  33.8%  71.3 1230s
H639199 555056                      48.0184374   31.78046  33.8%  71.3 1230s
H639200 554955                      48.0109553   31.78046  33.8%  71.3 1230s
 639223 557454   35.38084   81  749   48.01096   31.78046  33.8%  71.3 1235s
 641812 558015   39.59303  135  703   48.01096   31.78046  33.8%  71.2 1240s
H641854 558015                      48.0109552   31.78046  33.8%  71.2 1240s
H641951 558015                      48.0109549   31.78046  33.8%  71.2 1240s
 642401 560962   40.31175  177  648   48.01095   31.78046  33.8%  71.2 1247s
 645696 561549   44.70451  297  634   48.01095   31.78046  33.8%  71.2 1252s
H646113 561549                      48.0109549   31.78046  33.8%  71.2 1252s
 646321 565952   45.06249  318  613   48.01095   31.78046  33.8%  71.2 1260s
 651292 566241   34.66088   57  752   48.01095   31.78046  33.8%  71.3 1266s
 651617 569345   35.14137   60  742   48.01095   31.78046  33.8%  71.3 1272s
 655021 571340   40.12750   94  761   48.01095   31.78046  33.8%  71.5 1277s
 657242 574627   41.56425  108  748   48.01095   31.78046  33.8%  71.6 1284s
 661102 577956     cutoff  139        48.01095   31.78757  33.8%  71.7 1292s
 664828 580899   43.58879  207  627   48.01095   31.78833  33.8%  71.7 1299s
 668592 583930     cutoff  300        48.01095   31.78833  33.8%  71.8 1305s
 672057 587445   47.52899  250  691   48.01095   31.79031  33.8%  71.9 1311s
 675940 590307   34.67415   82  612   48.01095   31.79031  33.8%  71.9 1316s
 679016 593598   38.62888  119  517   48.01095   31.79031  33.8%  72.0 1321s
 682563 596205   39.62667  162  468   48.01095   31.79031  33.8%  71.9 1326s
 685692 598901   40.60438  196  481   48.01095   31.79031  33.8%  72.0 1332s
 688828 601200   42.03973  238  465   48.01095   31.79031  33.8%  72.0 1336s
 691590 604240   41.97615  275  452   48.01095   31.79031  33.8%  72.0 1341s
 695213 607289   42.25230  320  417   48.01095   31.79031  33.8%  72.0 1347s
 698718 607316   43.22243  364  380   48.01095   31.79031  33.8%  72.1 1351s
 698755 609259   43.80778  364  383   48.01095   31.79031  33.8%  72.1 1356s
 701042 612651   43.69480  393  370   48.01095   31.79031  33.8%  72.1 1363s
 704770 615335   44.29197  430  355   48.01095   31.79031  33.8%  72.1 1368s
 707957 618997   44.38906  464  341   48.01095   31.79031  33.8%  72.2 1373s
 711803 622116   44.42211  503  326   48.01095   31.79031  33.8%  72.2 1379s
 715198 624760   44.44317  537  295   48.01095   31.79031  33.8%  72.2 1383s
 718142 626751   44.56867  566  265   48.01095   31.79031  33.8%  72.3 1388s
 720267 629210   44.72877  593  253   48.01095   31.79031  33.8%  72.4 1393s
 722939 631633   45.23337  626  241   48.01095   31.79031  33.8%  72.5 1399s
 725650 633754     cutoff  671        48.01095   31.79031  33.8%  72.6 1404s
 727929 636383   45.63982  705  207   48.01095   31.79031  33.8%  72.7 1411s
 730961 638882   47.90807  758  182   48.01095   31.79031  33.8%  72.8 1418s
 733687 641732   34.76935   86  624   48.01095   31.79031  33.8%  73.0 1424s
 736785 643500   38.59609  106  680   48.01095   31.79031  33.8%  73.2 1430s
 738831 647302   41.33293  182  681   48.01095   31.79031  33.8%  73.3 1438s
 743135 651008   45.35011  345  546   48.01095   31.79031  33.8%  73.4 1445s
 747235 654200   47.75849  470  469   48.01095   31.80474  33.8%  73.5 1452s
 750972 657239   31.81565   64  610   48.01095   31.80474  33.8%  73.7 1457s
 754651 660189   33.24486   68  587   48.01095   31.80474  33.8%  73.8 1464s
 758256 663667   39.82062  147  572   48.01095   31.80474  33.8%  73.9 1470s
 762284 666967   47.52468  384  398   48.01095   31.80474  33.8%  73.8 1476s
 766242 669238   33.39384   52  661   48.01095   31.80854  33.7%  73.8 1481s
 769190 672485   42.42625  121  728   48.01095   31.80854  33.7%  73.8 1485s
 773343 676345   40.16339  122  592   48.01095   31.81005  33.7%  73.8 1490s
 779665 682095   47.17129  172  653   48.01095   31.81043  33.7%  73.6 1498s
 784057 685553   47.97615  179  619   48.01095   31.81195  33.7%  73.5 1502s

Resetting heuristic parameters to focus on improving solution
(using Heuristics=0.5 and RINS=10)...

 787982 688203   46.95125  157  768   48.01095   31.81195  33.7%  73.4 1508s
H790222 688203                      48.0109548   31.81195  33.7%  73.5 1508s
 791395 688262   40.67047   84  684   48.01095   31.81195  33.7%  73.5 1517s
 791463 716701   40.84390   88  674   48.01095   31.81195  33.7%  73.5 1583s
H793571 716701                      48.0109546   31.82188  33.7%  73.5 1583s
H803513 716701                      48.0109546   31.82714  33.7%  73.6 1583s
 823495 716761   46.72953  124  667   48.01095   31.82714  33.7%  73.9 1594s
 823561 745144   47.11252  124  678   48.01095   31.82714  33.7%  73.9 1648s
 855593 745235   45.18035  121  617   48.01095   31.85204  33.7%  74.3 1658s
H855602 745235                      48.0109546   31.85204  33.7%  74.3 1658s
H855604 745235                      48.0109546   31.85204  33.7%  74.3 1658s
H855633 745130                      48.0072119   31.85204  33.7%  74.3 1658s
H855636 744291                      47.9876789   31.85204  33.6%  74.3 1658s
 855715 745760   45.65610  123  649   47.98768   31.85204  33.6%  74.3 1800s
H855719 745760                      47.9876789   31.85204  33.6%  74.3 1800s
H855730 745760                      47.9876777   31.85204  33.6%  74.3 1800s
H855795 745760                      47.9876408   31.85204  33.6%  74.3 1800s
H855867 745515                      47.9829382   31.85204  33.6%  74.3 1800s

Explored 857462 nodes (63788009 simplex iterations) in 1800.50 seconds (2995.69 work units)
Thread count was 32 (of 96 available processors)

Solution count 10: 47.9829 47.9876 47.9877 ... 48.0204

Time limit reached
Best objective 4.798293824110e+01, best bound 3.185204321003e+01, gap 33.6180%
