
Gurobi 9.5.1 (linux64) logging started Wed 10 Aug 2022 09:37:03 PM MST

Set parameter LogFile to value "/home/local/ASUAD/kmajd1/NNRepLayer_v2/demos/walking_example/dynamic_constraint/repair_net_relaxed/logs/opt15_log_8_10_2022_14_29_12.log"
Gurobi Optimizer version 9.5.1 build v9.5.1rc2 (linux64)
Thread count: 48 physical cores, 96 logical processors, using up to 32 threads
Optimize a model with 12558 rows, 9048 columns and 186204 nonzeros
Model fingerprint: 0x8e9fae83
Model has 270 quadratic objective terms
Variable types: 6078 continuous, 2970 integer (2970 binary)
Coefficient statistics:
  Matrix range     [7e-04, 2e+02]
  Objective range  [3e-03, 1e+00]
  QObjective range [7e-02, 7e-02]
  Bounds range     [2e-02, 1e+02]
  RHS range        [2e-04, 2e+02]
Presolve removed 672 rows and 132 columns
Presolve time: 0.19s
Presolved: 11886 rows, 8916 columns, 185400 nonzeros
Presolved model has 270 quadratic objective terms
Variable types: 5946 continuous, 2970 integer (2970 binary)
Root relaxation presolve removed 2970 rows and 2970 columns
Root relaxation presolved: 8916 rows, 5946 columns, 176490 nonzeros
Root relaxation presolved model has 270 quadratic objective terms


Root relaxation: objective 2.467947e+01, 7637 iterations, 0.43 seconds (1.11 work units)

    Nodes    |    Current Node    |     Objective Bounds      |     Work
 Expl Unexpl |  Obj  Depth IntInf | Incumbent    BestBd   Gap | It/Node Time

     0     0   24.67947    0  365          -   24.67947      -     -    0s
     0     0   24.67947    0  365          -   24.67947      -     -    1s
     0     2   24.67947    0  365          -   24.67947      -     -    5s
     1     4   38.27119    1 1048          -   24.67947      -  6468   13s
     3     8   73.86017    2 1208          -   25.69975      -  3067   15s
   191   244   78.93884    9 1416          -   27.46126      -   464   20s
  2443  2627   81.88649   71 1569          -   27.46126      -   154   25s
  5745  5846   87.63211  156 1512          -   27.46126      -   118   30s
 10375 10597   91.94658  282 1467          -   27.46126      -   106   35s
H10415  3925                      69.8960368   27.46126  60.7%   105   35s
 10658  3669     cutoff  291        69.89604   27.51553  60.6%   104   41s
 11691  4921   32.12385   28  694   69.89604   27.99620  59.9%   105   49s
H11802  4921                      69.8960368   27.99620  59.9%   104   49s
 12048  5482   33.17153   38  690   69.89604   27.99620  59.9%   105   50s
 14646  7498   51.57272  458  365   69.89604   27.99620  59.9%   101   78s
 14650  7501   44.74456  243  365   69.89604   27.99620  59.9%   101   80s
 14651  7504   38.27119   10 1014   69.89604   27.99620  59.9%   102   93s
 14657  7507   27.99620   12  426   69.89604   27.99620  59.9%   102   96s
H14754  7212                      68.9623077   27.99620  59.4%   104   99s
 14818  7249   28.66224   19  549   68.96231   27.99620  59.4%   103  101s
 14946  7337   29.00480   23  615   68.96231   27.99620  59.4%   105  105s
H15864  7482                      68.9623077   27.99620  59.4%   109  109s
 15880  7589   33.68297   44  792   68.96231   27.99620  59.4%   109  110s
 17704  8694   40.45009   77 1208   68.96231   27.99620  59.4%   110  115s
 20367 10582   45.15978   99 1211   68.96231   27.99620  59.4%   106  120s
 21923 11055   45.58995  111 1172   68.96231   27.99620  59.4%   102  147s
 23306 12382   47.06344  129 1161   68.96231   27.99620  59.4%   102  150s
 26318 13864   48.42506  167 1150   68.96231   27.99620  59.4%  97.0  156s
 28646 16055   49.07724  200 1186   68.96231   27.99620  59.4%  92.5  160s
 29444 18466   49.44691  210 1161   68.96231   27.99620  59.4%  91.5  168s
 32420 18386   52.12537  251 1158   68.96231   27.99620  59.4%  89.4  170s
 36475 21250   53.73437  288 1165   68.96231   27.99620  59.4%  86.5  176s
 39871 24753   56.07372  329 1185   68.96231   27.99620  59.4%  83.4  181s
 43624 29077   57.07648  368 1152   68.96231   27.99620  59.4%  79.8  186s
 51148 35975   58.87535  423 1113   68.96231   27.99620  59.4%  73.3  191s
*51598 35641            1627      68.6390336   27.99620  59.2%  73.0  191s
*51601 35633            1627      68.6332993   27.99620  59.2%  73.0  191s
*51747 35171            1623      68.2428418   27.99620  59.0%  72.9  191s
*52076 34571            1671      67.8469964   27.99620  58.7%  72.8  191s
 55932 38920   60.44653  458 1119   67.84700   27.99620  58.7%  71.1  196s
 59212 44119   60.82423  470 1099   67.84700   27.99620  58.7%  70.1  203s
 63018 45756   62.13165  497 1106   67.84700   27.99620  58.7%  68.6  205s
H64448 45248                      67.4451621   27.99620  58.5%  68.2  205s
 69434 49719   63.69548  540 1066   67.44516   27.99620  58.5%  66.5  211s
H69435 49719                      67.4451620   27.99620  58.5%  66.5  211s
H69452 49719                      67.4451609   27.99620  58.5%  66.5  211s
H69456 49197                      67.1775235   27.99620  58.3%  66.5  211s
 71499 52755   62.67706  541 1072   67.17752   27.99620  58.3%  66.4  217s
 73435 54335   64.32677  585 1070   67.17752   27.99620  58.3%  66.5  220s
 77421 59619   64.67488  603 1048   67.17752   27.99620  58.3%  66.5  225s
 83206 64583   66.97883  665 1063   67.17752   27.99620  58.3%  65.9  232s
 86026 66965   67.11289  701 1045   67.17752   28.67547  57.3%  65.6  235s
 88691 70957   37.89840   38  982   67.17752   28.67547  57.3%  65.9  242s
 92833 73342   40.44671  117  776   67.17752   28.67547  57.3%  65.8  245s
H95335 69099                      66.3506102   28.67547  56.8%  65.9  309s
H95336 65197                      65.4441732   28.67547  56.2%  65.9  309s
H95337 55533                      62.9585259   28.67547  54.5%  65.9  309s
H95340 41784                      59.6073734   28.67547  51.9%  65.9  309s
H95350 34779                      57.1867192   28.67547  49.9%  65.9  309s
H95363 29778                      55.0630075   28.67547  47.9%  65.9  309s
 95368 32075   42.41096  151  911   55.06301   28.67547  47.9%  65.9  313s
 98309 32842   46.66948  206  964   55.06301   28.67547  47.9%  67.7  317s
 99344 35621   47.95266  232  983   55.06301   28.67547  47.9%  68.6  323s
 102503 38886   51.24197  295  963   55.06301   28.67547  47.9%  69.7  329s
 106110 42009   52.77038  336  951   55.06301   28.67547  47.9%  69.9  335s
 109585 45140   53.81216  398  952   55.06301   30.16719  45.2%  69.9  341s
 113240 48717   37.11468   20 1301   55.06301   30.53409  44.5%  69.7  346s
 116976 52038   32.19747   28  693   55.06301   30.53409  44.5%  69.2  352s
 120580 57536   44.20401  156 1000   55.06301   30.53409  44.5%  68.6  362s
 126542 60420   33.08809   30  610   55.06301   30.53409  44.5%  67.9  367s
 129584 63046   44.59416  140 1089   55.06301   30.53409  44.5%  67.6  372s
 132512 65627   49.91150  254 1065   55.06301   30.53409  44.5%  67.5  377s
*133644 62630            1358      54.4023527   30.53409  43.9%  67.5  377s
 135439 63817     cutoff  351        54.40235   30.69442  43.6%  67.6  381s
H138718 63032                      53.4590922   30.77652  42.4%  67.8  384s
 141837 63948   42.78331  183  531   53.45909   30.77652  42.4%  67.6  388s
H142935 63948                      53.4590922   30.77652  42.4%  67.6  388s
H143223 61302                      52.5840200   30.77652  41.5%  67.7  393s
 145700 65549   48.72581  438  401   52.58402   30.77652  41.5%  67.7  398s
 150142 71869   50.60657  682  299   52.58402   30.77652  41.5%  67.3  406s
 156784 74605     cutoff 1035        52.58402   30.81183  41.4%  66.5  410s
 162573 79417   47.27984  200 1122   52.58402   30.81183  41.4%  66.2  419s
H164749 77981                      52.3853463   30.81183  41.2%  66.3  419s
 165131 80310   52.37652  292 1080   52.38535   30.81653  41.2%  66.4  422s
 167903 83819   44.05836  158 1184   52.38535   30.97497  40.9%  66.5  426s
 171848 86440   52.34665  329 1108   52.38535   30.99811  40.8%  66.3  430s
H175062 87188                      52.3853459   31.04166  40.7%  66.4  434s
 175740 90115   39.17760  102  746   52.38535   31.04166  40.7%  66.4  439s
 178832 93813   41.64285  166  771   52.38535   31.04166  40.7%  66.5  442s
 182771 98449   45.28843  225  799   52.38535   31.04166  40.7%  66.5  449s
 187841 101490   49.14549  276  763   52.38535   31.04166  40.7%  66.9  453s
 191028 104365   50.22466  318  739   52.38535   31.04166  40.7%  67.0  459s
 194188 106257   51.37371  346  749   52.38535   31.04166  40.7%  67.2  463s
 196438 108657   51.76949  365  737   52.38535   31.04166  40.7%  67.4  468s
 199493 112656   36.52825   53  696   52.38535   31.04166  40.7%  67.7  472s
 203949 115828   46.76454  274  509   52.38535   31.04166  40.7%  67.5  475s
 211348 122005   35.39680   19 1220   52.38535   31.17542  40.5%  67.3  484s
 214706 126387     cutoff   91        52.38535   31.17546  40.5%  67.0  491s
 220785 129641   47.67196  196  998   52.38535   31.24979  40.3%  66.7  498s
 223947 131746   35.17776   33  790   52.38535   31.31140  40.2%  67.3  504s
H226236 126253                      52.0234407   31.31140  39.8%  67.6  504s
 226401 129953   37.61617   58  954   52.02344   31.31140  39.8%  67.6  510s
 234517 136960   51.99927  375  934   52.02344   31.31140  39.8%  67.6  517s
 238909 140185   38.97049   63  771   52.02344   31.38337  39.7%  67.8  521s
 242735 142792   50.73015  263  780   52.02344   31.42310  39.6%  67.8  526s
 245862 146774   41.92419   90 1016   52.02344   31.43279  39.6%  67.9  533s
 250273 149325   51.26488  245  960   52.02344   31.44070  39.6%  67.9  536s
H253284 145058                      51.7494807   31.47296  39.2%  68.0  536s
 253452 148338   41.04415   67 1097   51.74948   31.49405  39.1%  68.0  540s
H258934 149542                      51.7494806   31.49405  39.1%  67.9  542s
 259007 153097   47.48570  220  943   51.74948   31.50376  39.1%  67.9  548s
 263189 156891   39.72008   64  777   51.74948   31.54461  39.0%  67.7  552s
 267169 159577   49.76156  270  728   51.74948   31.54707  39.0%  67.4  557s
 270403 161272   36.75003   55  670   51.74948   31.56359  39.0%  67.2  561s
 276306 164239 infeasible  274        51.74948   31.58770  39.0%  67.4  565s
 276335 167219   36.72113   69  622   51.74948   31.58770  39.0%  67.4  571s
 280429 169968   38.23492  116  582   51.74948   31.58770  39.0%  67.7  576s
 283592 173080   39.02721  147  573   51.74948   31.58770  39.0%  67.7  581s
 290478 180083   42.28410  225  511   51.74948   31.58770  39.0%  67.5  588s
 294566 183362   43.03475  280  475   51.74948   31.58770  39.0%  67.4  592s
 298148 186396   43.94985  327  448   51.74948   31.58770  39.0%  67.4  597s
 301502 186870   45.34600  372  417   51.74948   31.58770  39.0%  67.3  600s
H301701 186870                      51.7494806   31.58770  39.0%  67.3  600s
H301814 186870                      51.7494806   31.58770  39.0%  67.3  600s
 302106 189782   45.36822  383  402   51.74948   31.58770  39.0%  67.3  605s
 305401 193080   46.76085  436  372   51.74948   31.58770  39.0%  67.3  612s
 309400 195276   48.24764  502  371   51.74948   31.58770  39.0%  67.4  617s
 311954 198846   48.42818  543  316   51.74948   31.58770  39.0%  67.4  623s
 315739 202205   49.06771  598  285   51.74948   31.58770  39.0%  67.4  628s
 319465 206754   50.21198  655  285   51.74948   31.58770  39.0%  67.2  632s
 324229 210808   50.77327  705  246   51.74948   31.58770  39.0%  66.9  636s
 332189 217530   50.45923  785  212   51.74948   31.58770  39.0%  66.3  643s
 335889 222238   50.54081  823  196   51.74948   31.58770  39.0%  66.1  650s
 343735 227250   50.82481  899  179   51.74948   31.58770  39.0%  65.6  659s
 347035 227878     cutoff  953        51.74948   31.58770  39.0%  65.4  662s
 347740 231248     cutoff  963        51.74948   31.64712  38.8%  65.4  667s
 351422 234521   41.86270   79 1048   51.74948   31.64712  38.8%  65.2  672s
 354957 238524   47.20953  179  997   51.74948   31.64915  38.8%  64.9  675s
 359452 238550   33.07546   34  654   51.74948   31.64915  38.8%  64.6  720s
H359456 238549                      51.7494798   31.64915  38.8%  64.6  720s
H359461 227703                      51.3735150   31.64915  38.4%  64.6  721s
H359465 227703                      51.3735150   31.64915  38.4%  64.6  721s
H359576 228538                      51.3735149   31.64915  38.4%  64.6  724s
H360063 228538                      51.3735149   31.64915  38.4%  64.6  724s
 360411 231286   36.67392   45  731   51.37351   31.64915  38.4%  64.6  727s
 363515 232714   47.48897  113 1051   51.37351   31.64915  38.4%  64.4  731s
 365214 236928   51.09706  155 1057   51.37351   31.73872  38.2%  64.4  738s
 369901 239171   47.34960  134  909   51.37351   31.73872  38.2%  64.2  743s
 372622 242157   50.87951  211  857   51.37351   31.74123  38.2%  64.2  748s
 375937 244420   36.10618   45  736   51.37351   31.75031  38.2%  64.2  754s
 378788 247056   46.23905  149  990   51.37351   31.75230  38.2%  64.4  759s
 381891 250095     cutoff  268        51.37351   31.76122  38.2%  64.6  764s
 385376 252583   41.60823  177  550   51.37351   31.77942  38.1%  64.5  769s
 388127 256099   44.53278  295  496   51.37351   31.77942  38.1%  64.4  775s
 392088 259583   48.57625  529  339   51.37351   31.77942  38.1%  64.3  780s
 396018 263826   51.25584  742  235   51.37351   31.77942  38.1%  64.1  788s
 400703 266332   43.89491   78  954   51.37351   31.78479  38.1%  64.0  793s
 403618 268635   50.24971  156  887   51.37351   31.78479  38.1%  64.0  797s
 406341 271341   51.15325  191  847   51.37351   31.78655  38.1%  64.1  803s
 409413 274195   49.14725  117 1035   51.37351   31.79586  38.1%  64.1  808s
 412593 277087   35.41643   42  625   51.37351   31.79586  38.1%  64.1  813s
 415726 280146   39.64552  101  655   51.37351   31.79586  38.1%  64.1  819s
 419049 282749   42.35092  166  636   51.37351   31.79586  38.1%  64.1  824s
 421957 285739   44.00860  222  605   51.37351   31.79586  38.1%  64.1  829s
 425553 289162   46.23153  259  619   51.37351   31.79586  38.1%  64.1  836s
 429760 291202   47.71539  303  565   51.37351   31.79586  38.1%  64.1  841s
 432294 293956   48.54792  334  555   51.37351   31.79586  38.1%  64.2  847s
 435717 297792   48.85825  375  519   51.37351   31.79586  38.1%  64.2  851s
 440435 302137   51.00612  401  521   51.37351   31.79586  38.1%  64.2  855s
 449460 309091   38.91725   53  849   51.37351   31.85784  38.0%  63.7  863s
 453099 312421   48.03416  144  932   51.37351   31.86265  38.0%  63.5  867s
 456700 317994   32.44873   36  662   51.37351   31.87217  38.0%  63.3  875s
 465534 323645   43.94663  103  765   51.37351   31.87811  37.9%  62.9  881s
 469088 326353   42.76505   48  904   51.37351   31.88560  37.9%  62.8  885s
 475273 331486   50.85865  248  849   51.37351   31.88779  37.9%  62.6  892s
 478215 334856   47.28286   85 1110   51.37351   31.89350  37.9%  62.5  895s
 486062 343878   49.79296  273  779   51.37351   31.89350  37.9%  62.2  904s
 491829 346132   45.20687  117 1014   51.37351   31.91935  37.9%  61.9  908s
 494217 349088   47.38108  183  942   51.37351   31.91935  37.9%  61.8  912s
 497446 351971     cutoff  265        51.37351   31.92731  37.9%  61.7  916s
 504871 359574   44.97332  365  518   51.37351   31.92731  37.9%  61.4  923s
 508701 363206   48.96043  517  391   51.37351   31.92731  37.9%  61.2  926s
 512406 366049   50.43930  672  305   51.37351   31.92731  37.9%  60.9  930s
 515428 371113   51.09232  806  243   51.37351   31.92733  37.9%  60.8  936s
 520893 372849     cutoff  243        51.37351   31.94391  37.8%  60.5  941s
 522777 375778   36.41646   59  586   51.37351   31.94391  37.8%  60.5  946s
 529804 382288   44.67298  345  446   51.37351   31.94391  37.8%  60.3  952s
 533471 384992   49.17552  514  346   51.37351   31.94391  37.8%  60.3  956s
 540885 393264   38.32771   83  598   51.37351   31.95849  37.8%  60.0  962s
 545328 400355   43.81929  249  513   51.37351   31.95849  37.8%  59.7  968s
 552548 403285   49.00227  487  364   51.37351   31.95849  37.8%  59.2  970s
 558109 407718   51.00400  714  251   51.37351   31.97569  37.8%  58.9  976s
 562926 412159   32.84100   26  662   51.37351   31.97788  37.8%  58.8  983s
 565425 414930   39.37708   98  616   51.37351   31.97788  37.8%  58.7  985s
 572445 421313   45.14719  357  450   51.37351   31.97788  37.8%  58.4  991s
 575531 425240   49.16787  492  369   51.37351   31.97788  37.8%  58.4  998s
 580027 427533   51.20193  746  235   51.37351   31.98867  37.7%  58.4 1002s
H580623 427533                      51.3735149   31.98867  37.7%  58.4 1002s
H581560 427533                      51.3735138   31.98867  37.7%  58.5 1002s
H582538 427448                      51.3710593   31.98867  37.7%  58.5 1002s
 582710 428120   39.42692  113  665   51.37106   31.98867  37.7%  58.5 1006s
H582744 428120                      51.3710593   31.98867  37.7%  58.4 1007s
H582963 428120                      51.3710592   31.98867  37.7%  58.5 1007s
H583093 428120                      51.3710592   31.98867  37.7%  58.5 1007s
H583538 428120                      51.3710588   31.98867  37.7%  58.5 1007s
 583559 431479   40.85277  147  638   51.37106   31.98867  37.7%  58.5 1012s
 587187 432909   44.87020  278  551   51.37106   31.98867  37.7%  58.4 1016s
 588806 437762   45.55850  325  532   51.37106   31.98867  37.7%  58.4 1020s
 594231 441498   50.23585  560  366   51.37106   32.00683  37.7%  58.3 1025s
 601950 447304   50.46172  134 1612   51.37106   32.01403  37.7%  58.2 1034s
 605059 450445   43.52135   96  906   51.37106   32.02090  37.7%  58.2 1040s
 613469 457908   50.57134  255  749   51.37106   32.02529  37.7%  58.2 1047s
 617434 460674   37.77559   45  873   51.37106   32.02838  37.7%  58.1 1051s
 620783 463989   48.76159  113  954   51.37106   32.03012  37.6%  58.0 1055s
 627244 469589   40.63447  187  620   51.37106   32.03012  37.6%  57.9 1062s
 630473 472600   44.69668  280  564   51.37106   32.03012  37.6%  57.8 1066s
 633581 475617   45.70375  373  512   51.37106   32.03012  37.6%  57.7 1070s
 636730 479077   48.39124  461  430   51.37106   32.03012  37.6%  57.6 1077s
 640616 482129   50.07295  597  350   51.37106   32.03012  37.6%  57.6 1080s
 647853 487792   37.79245   53  714   51.37106   32.04787  37.6%  57.6 1087s
 650513 490235   41.53809  122  687   51.37106   32.04787  37.6%  57.7 1092s
 653292 492761   43.42526  193  670   51.37106   32.04787  37.6%  57.8 1097s
 656122 495808   45.47075  222  646   51.37106   32.04787  37.6%  57.9 1102s
 659322 499342   47.92674  292  654   51.37106   32.04787  37.6%  57.9 1107s
 662968 501526   48.37415  356  627   51.37106   32.04787  37.6%  57.9 1111s
 665362 504710   50.16531  366  591   51.37106   32.04787  37.6%  57.9 1116s
 668801 508137   50.04637  379  641   51.37106   32.04787  37.6%  57.9 1122s
 672724 510939   50.27655  405  623   51.37106   32.04787  37.6%  57.9 1127s
 675984 513769     cutoff  439        51.37106   32.06451  37.6%  57.9 1132s
 679241 516372   37.24474   57  770   51.37106   32.06790  37.6%  57.9 1136s
 682418 519002   47.03408  163  920   51.37106   32.06834  37.6%  57.9 1141s
 685405 522188   36.52099   53  622   51.37106   32.06834  37.6%  57.9 1146s
 688785 525263   44.08819  253  519   51.37106   32.06834  37.6%  57.9 1151s
 692132 528033   48.20983  453  403   51.37106   32.06834  37.6%  57.9 1156s
 695196 530594   50.77375  674  266   51.37106   32.07785  37.6%  58.0 1160s
 698110 533485   43.07132   91  925   51.37106   32.07785  37.6%  58.0 1167s
 701479 535861   46.31941  137  905   51.37106   32.09331  37.5%  58.1 1170s
 704374 539251   33.77701   37  669   51.37106   32.09655  37.5%  58.2 1175s
 708220 542616   41.19790  127  742   51.37106   32.09655  37.5%  58.3 1180s
 715093 548656   46.87811  293  581   51.37106   32.09655  37.5%  58.4 1189s
 718462 551546   48.20227  357  560   51.37106   32.09655  37.5%  58.4 1195s
 721604 554420   49.16339  377  563   51.37106   32.09655  37.5%  58.5 1200s
 724978 557166   50.20375  413  544   51.37106   32.09655  37.5%  58.5 1205s
 728067 560447   50.94483  451  521   51.37106   32.10348  37.5%  58.5 1211s
 731910 562686   35.13498   39  614   51.37106   32.10348  37.5%  58.5 1216s
 734315 566213   39.51860  126  591   51.37106   32.10348  37.5%  58.5 1221s
 738014 569837   43.33676  251  514   51.37106   32.10348  37.5%  58.5 1226s
 741868 572945   45.23088  377  451   51.37106   32.10348  37.5%  58.4 1231s
 745243 576467   48.43088  490  383   51.37106   32.10348  37.5%  58.4 1235s
 752415 581434   34.56214   35  690   51.37106   32.10657  37.5%  58.4 1243s
 754854 584914   39.68291  118  593   51.37106   32.10657  37.5%  58.4 1248s
 758522 588803   42.97240  233  536   51.37106   32.10657  37.5%  58.4 1255s
 765934 595460   47.83129  470  395   51.37106   32.10657  37.5%  58.2 1262s
 770015 598751   49.68246  656  280   51.37106   32.10657  37.5%  58.1 1266s
 777054 604267   39.66930   60  780   51.37106   32.11227  37.5%  58.0 1273s
 779735 606564   45.45580  144  781   51.37106   32.11227  37.5%  58.0 1278s
 782359 609038   49.27103  237  761   51.37106   32.11227  37.5%  58.0 1282s
 785225 612166 infeasible  292        51.37106   32.12442  37.5%  58.0 1285s
 794538 618615   42.55734   95  968   51.37106   32.15428  37.4%  57.9 1294s
 796500 621420   45.44871  151  979   51.37106   32.15428  37.4%  57.9 1297s
 799482 623308   50.70370  307  850   51.37106   32.15803  37.4%  57.9 1301s
 801757 625719   38.07862   59  881   51.37106   32.15803  37.4%  58.0 1305s
 804263 628356   39.70892   96  853   51.37106   32.15803  37.4%  58.1 1310s
 810024 634445   43.41072  182  757   51.37106   32.15803  37.4%  58.2 1318s
 813325 637537   44.66751  228  744   51.37106   32.15803  37.4%  58.2 1323s
 816489 640924   45.41981  249  752   51.37106   32.15803  37.4%  58.3 1326s
 820032 644662   46.69133  303  742   51.37106   32.15803  37.4%  58.3 1331s
 824099 647021   48.10232  327  800   51.37106   32.15803  37.4%  58.3 1335s
 826738 649753   49.54604  329  866   51.37106   32.15803  37.4%  58.4 1340s
 832705 654802   50.86352  374  798   51.37106   32.15803  37.4%  58.5 1349s
 836120 657086   51.19768  404  721   51.37106   32.16154  37.4%  58.5 1354s
 838671 660170   40.27320   87  839   51.37106   32.16154  37.4%  58.5 1359s
 842201 664095   49.53696  273  794   51.37106   32.16636  37.4%  58.5 1363s
 846572 666894   49.87831   37 1317   51.37106   32.17897  37.4%  58.4 1366s
 850024 670226   37.48598   62  749   51.37106   32.17897  37.4%  58.4 1372s
 853501 673411   40.84357  107  717   51.37106   32.17897  37.4%  58.5 1377s
 856764 676261   42.84131  163  662   51.37106   32.17897  37.4%  58.5 1382s
 859648 680079   44.17646  189  637   51.37106   32.17897  37.4%  58.5 1386s
 867181 686616   47.72029  273  671   51.37106   32.17897  37.4%  58.6 1392s
 870336 689999   48.67786  314  636   51.37106   32.17897  37.4%  58.5 1397s
 874048 692648   51.03566  346  688   51.37106   32.17897  37.4%  58.5 1402s
 877149 695222   50.84740  361  620   51.37106   32.17897  37.4%  58.5 1407s
 880322 698641     cutoff  381        51.37106   32.19231  37.3%  58.5 1413s
 884099 701316   45.19832  131  804   51.37106   32.19231  37.3%  58.5 1417s
 887426 703885   49.16720  233  791   51.37106   32.20158  37.3%  58.5 1422s
 890346 707701   36.57656   50  747   51.37106   32.20158  37.3%  58.6 1425s
 895655 711321   50.03588  266  787   51.37106   32.20928  37.3%  58.5 1433s
 898592 714759   40.22060   59  799   51.37106   32.21158  37.3%  58.6 1438s
 902210 717605   47.64958  170  819   51.37106   32.21158  37.3%  58.6 1443s
 905404 720392   51.30426  288  711   51.37106   32.22106  37.3%  58.6 1448s
 908409 723679   42.93876   79  982   51.37106   32.22106  37.3%  58.7 1453s
 911890 727356   50.36092  265  857   51.37106   32.22389  37.3%  58.7 1459s
 916011 730787   42.15071  163  590   51.37106   32.22486  37.3%  58.7 1463s
 919583 733887   45.78914  350  484   51.37106   32.22486  37.3%  58.6 1468s
 922873 736646   48.93563  521  361   51.37106   32.22486  37.3%  58.5 1472s
 925808 739665   50.12138  651  287   51.37106   32.22486  37.3%  58.5 1476s
 929163 742279   51.25900  815  221   51.37106   32.22502  37.3%  58.4 1480s
 935798 748119   50.98616  233  728   51.37106   32.22733  37.3%  58.3 1487s
 938588 750760   41.74275   90  876   51.37106   32.22733  37.3%  58.3 1491s
 941383 753441   47.24893  183  876   51.37106   32.22733  37.3%  58.4 1497s
 944332 756663   49.77188  289  812   51.37106   32.23609  37.2%  58.4 1503s

Resetting heuristic parameters to focus on improving solution
(using Heuristics=0.5 and RINS=10)...

 947895 757262   46.82481  165  696   51.37106   32.23609  37.2%  58.5 1508s
H947940 757262                      51.3710588   32.23609  37.2%  58.5 1508s
H948001 757196                      51.3695529   32.23609  37.2%  58.5 1508s
H948128 756816                      51.3610825   32.23609  37.2%  58.5 1508s
H948488 755770                      51.3373670   32.23609  37.2%  58.5 1508s
 948679 755964     cutoff  177        51.33737   32.23609  37.2%  58.5 1528s
H948726 755964                      51.3373670   32.23609  37.2%  58.5 1528s
H948753 755964                      51.3373669   32.23609  37.2%  58.5 1528s
H948973 755964                      51.3373667   32.23609  37.2%  58.5 1528s
 948986 760088   49.21427  183  734   51.33737   32.23618  37.2%  58.5 1567s
H948997 760088                      51.3373666   32.23618  37.2%  58.5 1567s
H949305 760088                      51.3373664   32.23917  37.2%  58.6 1568s
H949374 759294                      51.3271205   32.24164  37.2%  58.6 1568s
H950458 754798                      51.2843079   32.24164  37.1%  58.6 1568s
 954630 755041   32.83174   25  694   51.28431   32.24164  37.1%  58.8 1584s
H954643 755041                      51.2843079   32.24164  37.1%  58.8 1584s
 954941 766270   45.16195   29 1228   51.28431   32.25233  37.1%  58.9 1610s
 968174 766380 infeasible  141        51.28431   32.26409  37.1%  59.5 1621s
H968183 766380                      51.2843078   32.26409  37.1%  59.5 1621s
H968193 766380                      51.2843078   32.26409  37.1%  59.5 1621s
H968205 766380                      51.2843078   32.26409  37.1%  59.5 1621s
H968272 766380                      51.2843076   32.26409  37.1%  59.5 1621s
 968318 767660   32.97563   26  665   51.28431   32.26409  37.1%  59.5 1633s
H968348 767660                      51.2843071   32.26409  37.1%  59.5 1633s
H968363 766929                      51.2771924   32.26409  37.1%  59.5 1634s
 969834 767069   38.53823   47  718   51.27719   32.26409  37.1%  59.6 1646s
H969836 767069                      51.2771924   32.26409  37.1%  59.6 1646s
H969913 767069                      51.2771921   32.26409  37.1%  59.6 1646s
 970010 768942   38.86789   50  729   51.27719   32.26409  37.1%  59.6 1661s
H970027 768942                      51.2771921   32.26409  37.1%  59.6 1661s
H970095 768942                      51.2771919   32.26520  37.1%  59.6 1661s
H970436 768272                      51.2712837   32.26520  37.1%  59.6 1661s
 972265 768333   37.81061   44  772   51.27128   32.26520  37.1%  59.6 1667s
 972332 790410   37.81326   44  773   51.27128   32.27007  37.1%  59.6 1800s
H972333 790410                      51.2712837   32.27007  37.1%  59.6 1800s
H972348 790410                      51.2712837   32.27007  37.1%  59.6 1800s
H973072 790410                      51.2712824   32.27007  37.1%  59.7 1800s
H974145 790126                      51.2688780   32.27208  37.1%  59.7 1800s
H982466 789725                      51.2654103   32.28163  37.0%  60.1 1800s
H991211 789715                      51.2652041   32.28304  37.0%  60.5 1800s

Explored 998547 nodes (60670331 simplex iterations) in 1800.78 seconds (3012.08 work units)
Thread count was 32 (of 96 available processors)

Solution count 10: 51.2652 51.2654 51.2713 ... 51.3271

Time limit reached
Best objective 5.126520407159e+01, best bound 3.229769964145e+01, gap 36.9988%
