
Gurobi 9.5.1 (linux64) logging started Wed 10 Aug 2022 03:00:20 PM MST

Set parameter LogFile to value "/home/local/ASUAD/kmajd1/NNRepLayer_v2/demos/walking_example/dynamic_constraint/repair_net_relaxed/logs/opt1_log_8_10_2022_14_29_12.log"
Gurobi Optimizer version 9.5.1 build v9.5.1rc2 (linux64)
Thread count: 48 physical cores, 96 logical processors, using up to 32 threads
Optimize a model with 12558 rows, 9048 columns and 186204 nonzeros
Model fingerprint: 0x4227acdd
Model has 270 quadratic objective terms
Variable types: 6078 continuous, 2970 integer (2970 binary)
Coefficient statistics:
  Matrix range     [6e-04, 2e+02]
  Objective range  [3e-03, 1e+00]
  QObjective range [7e-02, 7e-02]
  Bounds range     [3e-03, 1e+02]
  RHS range        [2e-04, 2e+02]
Presolve removed 672 rows and 132 columns
Presolve time: 0.19s
Presolved: 11886 rows, 8916 columns, 185400 nonzeros
Presolved model has 270 quadratic objective terms
Variable types: 5946 continuous, 2970 integer (2970 binary)
Root relaxation presolve removed 2970 rows and 2970 columns
Root relaxation presolved: 8916 rows, 5946 columns, 176490 nonzeros
Root relaxation presolved model has 270 quadratic objective terms


Root relaxation: objective 2.475674e+01, 7258 iterations, 0.36 seconds (0.93 work units)

    Nodes    |    Current Node    |     Objective Bounds      |     Work
 Expl Unexpl |  Obj  Depth IntInf | Incumbent    BestBd   Gap | It/Node Time

     0     0   24.75674    0  458          -   24.75674      -     -    0s
     0     0   24.75674    0  458          -   24.75674      -     -    1s
H    0     0                     726.1047481   24.75674  96.6%     -    4s
H    0     0                     643.7070671   24.75674  96.2%     -    4s
     0     2   24.75674    0  458  643.70707   24.75674  96.2%     -    4s
     1     4   30.86963    1 1018  643.70707   25.13113  96.1%  1371    9s
     3     8   48.73086    2  684  643.70707   26.05944  96.0%  1466   10s
H   31    42                     579.2075092   27.22673  95.3%   593   12s
H   35    42                     567.2031524   27.23863  95.2%   535   12s
H   44    42                     565.7071846   27.35922  95.2%   463   12s
H   48    42                     563.7212185   27.44800  95.1%   438   12s
H  153   151                     525.6527184   27.51754  94.8%   243   19s
H  155   151                     509.2212427   27.51754  94.6%   240   19s
H  156   151                     217.6683747   27.51754  87.4%   239   19s
H  157   151                     203.2061849   27.51754  86.5%   237   19s
H  159   151                     182.1970857   27.51754  84.9%   235   19s
H  185   182                      62.6779558   27.51754  56.1%   212   26s
H  194   182                      62.2380767   27.51754  55.8%   204   26s
H  199   182                      61.5023304   27.51754  55.3%   200   26s
H  214   182                      61.0102071   27.51754  54.9%   190   26s
H  217   182                      60.5411677   27.51754  54.5%   189   26s
   690   735   29.21336   26  732   60.54117   27.59066  54.4%   140   30s
  1346  1243   30.17928   49  800   60.54117   27.59066  54.4%   123   38s
H 1347  1243                      60.5411676   27.59066  54.4%   123   38s
H 1359  1243                      59.9542246   27.59066  54.0%   122   38s
  2191  2100   34.84719   76  776   59.95422   27.59066  54.0%   100   40s
  4079  3721   45.80821  131 1042   59.95422   27.59066  54.0%  81.9   45s
  6608  6001   52.57186  204 1030   59.95422   27.59066  54.0%  83.9   50s
H 7367  3793                      48.9774488   27.59066  43.7%  83.5   68s
  7370  3740   31.19862   79  458   48.97745   27.59066  43.7%  83.5   70s
  7373  3743   41.64106   10 1359   48.97745   27.59066  43.7%  84.8   84s
  7375  3745   42.98835   11 1100   48.97745   27.59066  43.7%  85.0   85s
H 7413  3579                      48.9774488   27.59066  43.7%  85.8   87s
  7524  3648   47.40633   18 1202   48.97745   27.59066  43.7%  85.8   90s
  8376  4131   48.05175   29 1112   48.97745   27.72956  43.4%  84.2   95s
  9065  4558   48.49084   39 1105   48.97745   27.72956  43.4%  87.6  100s
  9901  4908     cutoff   48        48.97745   27.90787  43.0%  86.9  105s
 12636  6699   48.73108   81 1011   48.97745   27.90787  43.0%  85.5  110s
 17110  9403   34.33316  130  907   48.97745   28.00971  42.8%  80.6  115s
 21216 12477   40.58844  261  907   48.97745   28.00971  42.8%  77.8  129s
H21232 12477                      48.9774488   28.00971  42.8%  77.8  129s
 21248 13020   41.39364  262  909   48.97745   28.00971  42.8%  77.8  130s
 24909 16578     cutoff  417        48.97745   28.00971  42.8%  76.4  135s
 28005 19503   34.48984   80  786   48.97745   28.35498  42.1%  74.4  140s
 31530 23031   41.11884  182 1039   48.97745   28.35498  42.1%  73.0  145s
 34517 25617   44.53346  279  900   48.97745   28.35498  42.1%  71.9  150s
 39932 30823   48.90356  497  837   48.97745   28.35498  42.1%  70.6  156s
 44446 34043   33.48749   48  686   48.97745   28.51796  41.8%  70.1  161s
 46183 37163   32.89509   75  670   48.97745   28.51796  41.8%  69.5  166s
 49509 40249   35.93517  132  659   48.97745   28.51796  41.8%  68.9  170s
 53034 43185   37.24200  192  573   48.97745   28.51796  41.8%  68.0  176s
 56229 47161   38.60987  228  608   48.97745   28.51796  41.8%  67.7  181s
 58810 50459   40.04013  246  610   48.97745   28.51796  41.8%  67.3  185s
 64416 53903   42.00033  380  555   48.97745   28.51796  41.8%  66.6  190s
 68240 56271   42.96760  428  606   48.97745   28.51796  41.8%  67.3  224s
H68254 56259                      48.9595199   28.51796  41.8%  67.3  224s
H68528 53547                      48.4038670   28.51796  41.1%  67.3  224s
H68702 53383                      48.3466797   28.51796  41.0%  67.3  224s
 68795 55179   42.50696  438  537   48.34668   28.51796  41.0%  67.3  227s
 70689 56337   44.19524  465  530   48.34668   28.51796  41.0%  67.4  230s
 71873 59674   46.08541  468  522   48.34668   28.51796  41.0%  67.1  235s
 75590 62813   44.55730  523  619   48.34668   28.51796  41.0%  67.1  240s
 82390 69091   47.45890  641  514   48.34668   28.53089  41.0%  66.3  249s
 85486 71609   34.82624   45  776   48.34668   28.65743  40.7%  65.7  254s
 88223 75373   46.27532  129  946   48.34668   28.67186  40.7%  66.0  263s
 92397 78465   42.16007  124  850   48.34668   28.67186  40.7%  67.0  269s
 95787 81172   47.11649  208  843   48.34668   28.67757  40.7%  67.6  274s
 98852 84811   35.59528   57  928   48.34668   28.96917  40.1%  67.9  280s
 102793 88207   42.06176  199  842   48.34668   28.96917  40.1%  67.7  286s
 106463 93003   44.71772  337  798   48.34668   28.96917  40.1%  67.4  290s
 115190 98023   36.21469   98  693   48.34668   28.96917  40.1%  66.8  298s
 116961 101392   37.98871  136  656   48.34668   28.96917  40.1%  66.8  303s
 120466 105796   40.10750  258  622   48.34668   28.96917  40.1%  66.8  311s
 125168 107984   42.80958  320  583   48.34668   28.96917  40.1%  66.7  315s
 127657 112577   43.70526  344  550   48.34668   28.96917  40.1%  66.7  320s
 132433 115644   44.66264  384  564   48.34668   28.96917  40.1%  66.1  325s
 136023 118497   30.67204   28  725   48.34668   28.96917  40.1%  66.2  330s
 142363 125075   47.69225  485  542   48.34668   28.96917  40.1%  65.6  339s
 145919 129176   34.11768   47  818   48.34668   29.23565  39.5%  65.1  342s
 150350 134186   41.77967  245  775   48.34668   29.24625  39.5%  64.5  348s
 155898 136335   42.68516  123  786   48.34668   29.24625  39.5%  64.3  352s
 158454 138546     cutoff  246        48.34668   29.28648  39.4%  64.5  357s
 161024 142241   42.27226  166  789   48.34668   29.28648  39.4%  64.7  360s
 165140 146126   46.87963  356  702   48.34668   29.29435  39.4%  64.5  365s
 172618 151628   42.89376  291  783   48.34668   29.39300  39.2%  63.8  372s
 175589 156215   48.00694  451  670   48.34668   29.39300  39.2%  63.6  375s
 180303 162247   38.45986  146  779   48.34668   29.39300  39.2%  62.8  381s
 189693 167672     cutoff  419        48.34668   29.39300  39.2%  61.5  387s
 192651 169932   38.30718   77  838   48.34668   29.43301  39.1%  61.2  391s
 198680 175877   35.86288   71  785   48.34668   29.49229  39.0%  60.9  397s
 203421 179744   48.11964  277  696   48.34668   29.50022  39.0%  60.9  403s
 206162 181735   35.96572   60  759   48.34668   29.50306  39.0%  60.9  407s
 208280 185715   30.31489   33  665   48.34668   29.51938  38.9%  61.0  411s
 212409 190056   38.70379  215  492   48.34668   29.51938  38.9%  60.8  416s
 216927 193286   43.09440  452  364   48.34668   29.51938  38.9%  60.8  420s
 223210 198948   46.16488  779  224   48.34668   29.51938  38.9%  60.7  429s
 226243 200862   47.50729  961  146   48.34668   29.52871  38.9%  60.7  433s
 228484 203270   33.42387   41  699   48.34668   29.52871  38.9%  60.9  437s
 231333 206109   39.05603  140  596   48.34668   29.52871  38.9%  61.0  442s
 234497 210666   41.67897  255  535   48.34668   29.52871  38.9%  61.0  445s
 243275 218651   47.06976  658  282   48.34668   29.52871  38.9%  60.5  453s
 247880 221320   33.50580   54  752   48.34668   29.52871  38.9%  60.5  457s
 250771 223670   40.43524  137  822   48.34668   29.52871  38.9%  60.5  462s
 253426 225489   44.56947  237  872   48.34668   29.52871  38.9%  60.7  466s
 255391 228045   45.73367  280  800   48.34668   29.52871  38.9%  60.9  471s
 258267 230128   47.97627  395  689   48.34668   29.52871  38.9%  61.1  476s
 264588 236418   46.77981  175  799   48.34668   29.57974  38.8%  61.7  484s
 268116 237027   40.87836  150  852   48.34668   29.57974  38.8%  61.9  488s
H268864 237027                      48.3466797   29.57974  38.8%  62.0  488s
 268899 239709   42.65405  192  818   48.34668   29.57974  38.8%  62.0  493s
 271842 240715   47.95582  389  711   48.34668   29.57974  38.8%  62.3  498s
H272868 240715                      48.3466797   29.62594  38.7%  62.3  498s
 272971 243515   31.60820   35  754   48.34668   29.62594  38.7%  62.3  505s
H276373 244847                      48.3466797   29.62594  38.7%  62.4  509s
H276447 244847                      48.3466796   29.62594  38.7%  62.4  509s
 277570 247183   45.29402  318  662   48.34668   29.62888  38.7%  62.4  515s
 280299 251887   35.85960   80  809   48.34668   29.62888  38.7%  62.6  524s
 285365 255806   46.11459  266  876   48.34668   29.63999  38.7%  62.7  531s
 289587 260523   30.24290   33  717   48.34668   29.63999  38.7%  62.7  535s
 294679 264765   40.98349  286  478   48.34668   29.63999  38.7%  62.6  540s
 301351 270547   45.93687  627  276   48.34668   29.63999  38.7%  62.4  550s
 305250 274127   47.27970  840  198   48.34668   29.64340  38.7%  62.3  557s
 309009 276532   34.89613   57  730   48.34668   29.64340  38.7%  62.3  562s
 311696 278880   47.78884  173  842   48.34668   29.67258  38.6%  62.4  568s
 314443 282346   40.06807   93  981   48.34668   29.67258  38.6%  62.6  572s
 318319 284355     cutoff  299        48.34668   29.67258  38.6%  62.7  575s
 320720 286150   48.10307   50  897   48.34668   29.67611  38.6%  63.2  581s
 323009 288781   37.15417  105  593   48.34668   29.68669  38.6%  63.6  587s
 326137 291500   39.77502  246  501   48.34668   29.68669  38.6%  63.8  593s
 329213 296082   42.62582  383  391   48.34668   29.68669  38.6%  63.8  597s
 334014 299935   45.11849  651  283   48.34668   29.68669  38.6%  63.7  601s
 338054 303812   46.43676  867  206   48.34668   29.68669  38.6%  63.6  607s
 342158 305982   48.04561 1081  123   48.34668   29.68918  38.6%  63.6  611s
 344710 308048   38.44116   96  783   48.34668   29.68918  38.6%  63.7  615s
 346971 310530   46.81586  183  858   48.34668   29.69730  38.6%  63.7  621s
H349756 310026                      48.3048023   29.69730  38.5%  63.8  621s
 350006 312677   34.06671   64  780   48.30480   29.69730  38.5%  63.8  626s
 353311 313547   43.73481  169  931   48.30480   29.69730  38.5%  63.8  631s
H354083 313547                      48.3048021   29.69730  38.5%  63.8  631s
 354317 316861   46.75806  202  964   48.30480   29.71132  38.5%  63.8  637s
 358187 318501   33.57952   47  762   48.30480   29.71132  38.5%  63.6  641s
H358448 318419                      48.3017289   29.71132  38.5%  63.6  641s
H358604 318354                      48.3002368   29.71132  38.5%  63.6  641s
 360025 320798   38.14816  115  730   48.30024   29.71132  38.5%  63.5  646s
 362665 326672   45.22062  220  836   48.30024   29.72123  38.5%  63.4  652s
 369050 330063   39.35365  112  737   48.30024   29.72123  38.5%  63.0  658s
 373071 332528   47.28006  192  710   48.30024   29.72123  38.5%  62.9  663s
 375896 335475   34.33765   66  756   48.30024   29.73711  38.4%  63.0  666s
 379535 338527   45.55905  162  746   48.30024   29.74315  38.4%  63.0  670s
 388260 347855   39.80941  273  472   48.30024   29.76510  38.4%  62.6  676s
 396513 353620   46.21968  586  305   48.30024   29.76510  38.4%  62.0  681s
 398572 359853   46.35911  632  282   48.30024   29.76510  38.4%  61.8  687s
 404917 362532   47.54679  882  175   48.30024   29.76510  38.4%  61.2  690s
 409916 366783   30.80460   30  674   48.30024   29.77012  38.4%  61.0  696s
 412196 368967   33.78545   57  683   48.30024   29.77012  38.4%  61.0  700s
 416902 373696   39.05690  121  658   48.30024   29.77012  38.4%  60.9  707s
 419556 376148   40.34694  138  708   48.30024   29.77012  38.4%  60.9  711s
 426029 383216   44.05144  243  674   48.30024   29.77012  38.4%  60.7  718s
 429789 388333   45.30359  298  679   48.30024   29.77012  38.4%  60.6  724s
 435008 391526   47.05387  439  601   48.30024   29.77012  38.4%  60.3  727s
 438293 394147   48.06646  478  596   48.30024   29.77012  38.4%  60.1  731s
 444174 399840   47.57744  203  779   48.30024   29.78268  38.3%  59.8  738s
 447158 402704   33.80418   58  780   48.30024   29.78783  38.3%  59.7  742s
 453298 409704   44.27590  170  859   48.30024   29.79858  38.3%  59.5  747s
 457631 412658   35.84645   76  741   48.30024   29.79858  38.3%  59.3  750s
 460784 417102   43.29119  205  809   48.30024   29.79858  38.3%  59.3  755s
 468470 422323   42.41244  123  959   48.30024   29.79858  38.3%  59.1  762s
 471248 425555   48.25838  190  903   48.30024   29.79858  38.3%  59.1  765s
 477880 430667   33.82537   54  836   48.30024   29.84052  38.2%  59.4  773s
 480829 433180   40.34359  143  811   48.30024   29.84052  38.2%  59.4  777s
 483420 436935   45.31293  210  848   48.30024   29.84052  38.2%  59.3  780s
H490154 439173                      48.3002367   29.85269  38.2%  59.4  832s
H490157 439173                      48.3002367   29.85269  38.2%  59.4  832s
H490158 438507                      48.2817086   29.85269  38.2%  59.4  832s
H490170 436517                      48.2342384   29.85269  38.1%  59.4  832s
 490186 465526   41.79129  171  879   48.23424   29.85502  38.1%  59.4  892s
 522218 467662   46.28843  603  279   48.23424   29.88353  38.0%  59.0  899s
H522337 465692                      48.2012545   29.88353  38.0%  59.0  899s
 524397 471316   47.05396  722  235   48.20125   29.88353  38.0%  58.8  908s
 530117 473182   47.39524  830  205   48.20125   29.88353  38.0%  58.4  913s
H530188 471303                      48.1709226   29.88353  38.0%  58.4  913s
 532080 473913   47.50527  901  178   48.17092   29.88353  38.0%  58.3  917s
H532330 473913                      48.1709226   29.88353  38.0%  58.3  917s
 534788 476599   47.87582  986  140   48.17092   29.88353  38.0%  58.1  921s
H536057 476328                      48.1670823   29.89466  37.9%  58.1  921s
 537595 479674   33.83335   43  821   48.16708   29.89466  37.9%  58.0  927s
 541270 485649   40.04653  177  880   48.16708   29.90011  37.9%  57.9  934s
 547525 490650   32.36895   39  748   48.16708   29.90379  37.9%  57.6  939s
 552588 496627   40.28489  139  816   48.16708   29.90379  37.9%  57.4  945s
 561850 501798   35.29601   62  801   48.16708   29.90922  37.9%  57.0  951s
 567347 506737   41.76859  197  883   48.16708   29.90922  37.9%  56.9  957s
 569947 509625   44.79085  271  758   48.16708   29.90922  37.9%  56.8  960s
 576141 514477   31.18505   36  680   48.16708   29.90922  37.9%  56.8  966s
 578680 516787   34.16738   54  738   48.16708   29.90922  37.9%  56.8  970s
 584112 523444   40.16887  178  729   48.16708   29.90922  37.9%  56.9  979s
 588574 525809   42.31160  268  549   48.16708   29.90922  37.9%  56.9  982s
 591205 528544   43.91566  312  541   48.16708   29.90922  37.9%  57.0  987s
 594189 531200   44.21366  349  513   48.16708   29.90922  37.9%  57.1  991s
 597231 534430   45.97791  415  481   48.16708   29.90922  37.9%  57.1  996s
 600691 537576   46.55808  435  483   48.16708   29.90922  37.9%  57.1 1001s
 604133 540542     cutoff  491        48.16708   29.94734  37.8%  57.1 1005s
 611276 546578   30.50460   31  653   48.16708   29.95969  37.8%  57.1 1012s
 614643 550406   34.45258   54  769   48.16708   29.96312  37.8%  57.1 1018s
 619062 553394     cutoff  230        48.16708   29.96312  37.8%  57.2 1022s
 622363 556308   42.50058  126  825   48.16708   29.96863  37.8%  57.2 1027s
 625557 559071     cutoff  267        48.16708   29.97982  37.8%  57.1 1030s
 632080 564003   34.41710   49  793   48.16708   29.98285  37.8%  57.3 1037s
 634660 566306   42.45477  125  840   48.16708   29.98285  37.8%  57.4 1041s
 637391 570241   48.11031  204  728   48.16708   29.98285  37.8%  57.4 1045s
 646315 579543   46.79324  314  773   48.16708   29.99566  37.7%  57.1 1053s
 651649 582176   39.76098  111  813   48.16708   29.99566  37.7%  57.0 1056s
 654607 584320   47.01617  237  851   48.16708   29.99735  37.7%  57.0 1060s
 659555 588977   44.22732  142  923   48.16708   30.01055  37.7%  57.0 1067s
 662395 593011   31.71566   35  774   48.16708   30.01055  37.7%  57.0 1070s
 669977 598551   48.14622  315  738   48.16708   30.01153  37.7%  56.8 1077s
 673049 600762   38.52711   94  604   48.16708   30.01153  37.7%  56.8 1081s
 675601 605222   41.91115  245  472   48.16708   30.01153  37.7%  56.9 1085s
 684215 612450   46.58129  639  273   48.16708   30.01153  37.7%  56.7 1091s
 691585 618875   47.94706  897  176   48.16708   30.01153  37.7%  56.4 1097s
 694946 621750   37.71753   53  700   48.16708   30.02001  37.7%  56.3 1100s
 700844 626041   47.80926  182  881   48.16708   30.02001  37.7%  56.1 1107s
 703030 628571     cutoff  212        48.16708   30.02001  37.7%  56.2 1110s
 705749 632154   34.97368   93  683   48.16708   30.02001  37.7%  56.3 1116s
 709801 635029   42.25180  290  510   48.16708   30.02001  37.7%  56.2 1121s
 716468 642265   46.26496  658  251   48.16708   30.02001  37.7%  56.3 1127s
 720720 644470   47.21273  846  181   48.16708   30.02001  37.7%  56.2 1131s
 723570 646435   48.01762 1023  113   48.16708   30.04490  37.6%  56.3 1135s
 728179 651511   37.47779   92  676   48.16708   30.04490  37.6%  56.5 1143s
 730949 654165   39.70414  127  668   48.16708   30.04490  37.6%  56.6 1148s
 733663 657142   39.55136  152  636   48.16708   30.04490  37.6%  56.7 1153s
 736763 660012   40.88337  178  625   48.16708   30.04490  37.6%  56.7 1159s
 739933 663904   41.27458  212  601   48.16708   30.04490  37.6%  56.8 1162s
 744284 667211   42.36199  258  559   48.16708   30.04490  37.6%  56.9 1166s
 748020 669959   42.61924  292  542   48.16708   30.04490  37.6%  56.9 1170s
 754167 675110   43.56327  339  525   48.16708   30.04490  37.6%  56.9 1178s
 756986 677517   43.67334  362  500   48.16708   30.04490  37.6%  57.0 1183s
 759626 679626   43.76358  374  492   48.16708   30.04490  37.6%  57.0 1187s
 762104 682836   44.39145  393  490   48.16708   30.04490  37.6%  57.1 1191s
 765924 685068   44.06505  425  465   48.16708   30.04490  37.6%  57.2 1196s
 768834 687709   44.43935  459  446   48.16708   30.04490  37.6%  57.3 1202s
 772019 690241   44.87172  499  381   48.16708   30.04490  37.6%  57.4 1207s
 774975 693039   44.91546  535  356   48.16708   30.04490  37.6%  57.6 1213s
 778085 695452   46.27304  573  393   48.16708   30.04490  37.6%  57.8 1219s
 780932 697630   46.27566  614  322   48.16708   30.04490  37.6%  58.0 1225s
 783806 700151   47.34212  661  316   48.16708   30.04490  37.6%  58.2 1231s
 786984 703084   46.88232  712  284   48.16708   30.04490  37.6%  58.3 1235s
 794545 708166   47.64921  810  260   48.16708   30.04490  37.6%  58.6 1245s
 797683 710238     cutoff  850        48.16708   30.05580  37.6%  58.7 1252s
 800631 712550   38.07683   80  847   48.16708   30.06833  37.6%  58.8 1257s
 803857 714792   36.00766   58  818   48.16708   30.07202  37.6%  58.9 1263s
 806922 717796   31.23257   32  735   48.16708   30.07202  37.6%  59.0 1269s
 810547 720835   36.83353  108  664   48.16708   30.07202  37.6%  59.1 1275s
 814097 723500   42.79531  236  532   48.16708   30.07202  37.6%  59.1 1280s
 817464 725252   44.42873  380  452   48.16708   30.07202  37.6%  59.1 1285s
 819737 728285   45.83806  463  394   48.16708   30.07202  37.6%  59.3 1291s
 823363 731095   47.03157  609  315   48.16708   30.07202  37.6%  59.3 1297s
 826723 733833   47.91713  745  239   48.16708   30.07856  37.6%  59.3 1303s
 829824 736306   43.46076  112  765   48.16708   30.08092  37.5%  59.3 1309s
 832931 739060   34.77409   44  884   48.16708   30.08092  37.5%  59.4 1313s
 836482 741472   46.17431   90  968   48.16708   30.08092  37.5%  59.5 1318s
 839778 744926   33.60242   43  715   48.16708   30.09002  37.5%  59.6 1323s
 843699 747692   44.96822  259  726   48.16708   30.09316  37.5%  59.6 1329s
 846921 751973   35.09273   64  708   48.16708   30.09316  37.5%  59.6 1332s
 851883 755379   44.64073  282  667   48.16708   30.10316  37.5%  59.6 1336s
 855871 759683   35.81763   61  761   48.16708   30.10316  37.5%  59.5 1341s
 863730 764312   31.47775   36  729   48.16708   30.10684  37.5%  59.4 1347s
 866352 766748   40.14846  160  644   48.16708   30.10684  37.5%  59.4 1351s
 872269 773645   46.42572  478  383   48.16708   30.10684  37.5%  59.5 1358s
 876051 776040   47.22330  653  280   48.16708   30.10684  37.5%  59.4 1361s
 878511 778998   48.05105  728  225   48.16708   30.10910  37.5%  59.4 1366s
 881711 782022   35.69905   71  712   48.16708   30.10910  37.5%  59.4 1370s
 884821 785440   43.04677  158  655   48.16708   30.10910  37.5%  59.4 1376s
 888453 788099   46.91509  270  735   48.16708   30.10910  37.5%  59.3 1380s
 891632 790723   34.62196   53  714   48.16708   30.11328  37.5%  59.4 1385s
 898401 797815   42.01827  160  633   48.16708   30.11328  37.5%  59.4 1392s
 902430 801130   43.83248  243  647   48.16708   30.11328  37.5%  59.4 1396s
 908457 806948   46.41704  343  560   48.16708   30.11328  37.5%  59.4 1403s
 912306 810586   47.26826  354  624   48.16708   30.11328  37.5%  59.3 1408s
 916108 815118   47.92578  447  540   48.16708   30.12570  37.5%  59.2 1414s
 920799 818226   39.21858  107  758   48.16708   30.12570  37.5%  59.1 1418s
 924042 818258   42.97836  191  803   48.16708   30.12570  37.5%  59.0 1420s
 927289 823999   45.01030  283  673   48.16708   30.12570  37.5%  58.9 1428s
 930282 827320     cutoff  371        48.16708   30.12878  37.4%  58.8 1430s
 937035 832940   32.42781   37  829   48.16708   30.13561  37.4%  58.8 1437s
 940155 836078   42.95889  156  803   48.16708   30.13561  37.4%  58.7 1441s
 947184 841856   46.32225  122  804   48.16708   30.13824  37.4%  58.6 1448s
 950274 843908   38.27871   53  887   48.16708   30.14226  37.4%  58.7 1452s
 952549 846892   43.91304   75  851   48.16708   30.14226  37.4%  58.8 1458s
 956324 852168     cutoff  119        48.16708   30.14297  37.4%  58.8 1462s
 961988 856741   42.89079  215  748   48.16708   30.14829  37.4%  58.8 1466s
 967106 859818   32.94196   37  844   48.16708   30.14829  37.4%  58.6 1470s
 974415 867209   44.66330  196  785   48.16708   30.14829  37.4%  58.5 1478s
 978236 872611   47.69370  288  776   48.16708   30.14829  37.4%  58.4 1482s
 984395 875802   47.08447  351  754   48.16708   30.14829  37.4%  58.2 1485s
 990363 880967   48.07532  350  679   48.16708   30.14829  37.4%  58.1 1490s
 995430 885902   41.69897  194  485   48.16708   30.14897  37.4%  58.0 1497s
 1001969 890660   46.00935  483  326   48.16708   30.14897  37.4%  57.9 1502s

Resetting heuristic parameters to focus on improving solution
(using Heuristics=0.5 and RINS=10)...

 1003273 891405   47.37831  520  312   48.16708   30.14897  37.4%  57.9 1507s
H1003286 891405                      48.1670823   30.14897  37.4%  57.9 1507s
H1003292 891405                      48.1670817   30.14897  37.4%  57.9 1507s
H1003400 891405                      48.1670815   30.14897  37.4%  57.9 1507s
H1003880 891405                      48.1670811   30.14897  37.4%  57.9 1507s
 1004427 891533   46.72946  532  299   48.16708   30.14897  37.4%  57.9 1518s
 1004619 899238   47.33305  534  305   48.16708   30.15368  37.4%  57.9 1539s
H1005177 899238                      48.1670809   30.15369  37.4%  57.9 1539s
H1006307 899224                      48.1667614   30.15854  37.4%  58.0 1539s
 1013967 899282     cutoff   83        48.16676   30.16566  37.4%  58.4 1546s
H1014002 899282                      48.1667614   30.16566  37.4%  58.4 1546s
H1014004 899282                      48.1667613   30.16566  37.4%  58.4 1546s
 1014034 926771   47.23630   84  918   48.16676   30.16566  37.4%  58.4 1708s
H1016042 926771                      48.1667611   30.17035  37.4%  58.5 1709s
H1016052 926771                      48.1667605   30.17035  37.4%  58.5 1709s
H1017049 926771                      48.1667599   30.17038  37.4%  58.5 1709s
H1017308 926771                      48.1667597   30.17038  37.4%  58.5 1709s
H1018013 926771                      48.1667595   30.17038  37.4%  58.6 1709s
H1018102 926518                      48.1637864   30.17038  37.4%  58.6 1709s
H1025052 926096                      48.1582414   30.17332  37.3%  58.9 1709s
H1032467 925925                      48.1559289   30.17488  37.3%  59.3 1710s
 1046066 925950   47.30359   93  955   48.15593   30.18127  37.3%  59.9 1715s
 1046143 953514   47.42984   94  954   48.15593   30.18127  37.3%  59.9 1779s
 1078175 953572   44.59528   66  854   48.15593   30.20765  37.3%  61.5 1786s
H1078194 953572                      48.1559289   30.20765  37.3%  61.5 1787s
 1078244 955842   44.59602   67  845   48.15593   30.20765  37.3%  61.5 1800s
H1080232 955842                      48.1559287   30.20971  37.3%  61.6 1800s
H1080251 955842                      48.1559281   30.20971  37.3%  61.6 1800s

Explored 1080984 nodes (66636520 simplex iterations) in 1800.34 seconds (2935.90 work units)
Thread count was 32 (of 96 available processors)

Solution count 10: 48.1559 48.1559 48.1582 ... 48.2013

Time limit reached
Best objective 4.815592810674e+01, best bound 3.020970791716e+01, gap 37.2669%
