
Gurobi 9.5.1 (linux64) logging started Wed 10 Aug 2022 11:38:59 PM MST

Set parameter LogFile to value "/home/local/ASUAD/kmajd1/NNRepLayer_v2/demos/walking_example/dynamic_constraint/repair_net_relaxed/logs/opt19_log_8_10_2022_14_29_12.log"
Gurobi Optimizer version 9.5.1 build v9.5.1rc2 (linux64)
Thread count: 48 physical cores, 96 logical processors, using up to 32 threads
Optimize a model with 12558 rows, 9048 columns and 186204 nonzeros
Model fingerprint: 0x8d97b2b4
Model has 270 quadratic objective terms
Variable types: 6078 continuous, 2970 integer (2970 binary)
Coefficient statistics:
  Matrix range     [7e-04, 2e+02]
  Objective range  [3e-03, 1e+00]
  QObjective range [7e-02, 7e-02]
  Bounds range     [1e-03, 2e+02]
  RHS range        [2e-04, 2e+02]
Presolve removed 672 rows and 132 columns
Presolve time: 0.19s
Presolved: 11886 rows, 8916 columns, 185400 nonzeros
Presolved model has 270 quadratic objective terms
Variable types: 5946 continuous, 2970 integer (2970 binary)
Root relaxation presolve removed 2970 rows and 2970 columns
Root relaxation presolved: 8916 rows, 5946 columns, 176490 nonzeros
Root relaxation presolved model has 270 quadratic objective terms

Extra simplex iterations after uncrush: 2

Root relaxation: objective 2.466930e+01, 5182 iterations, 0.30 seconds (0.81 work units)

    Nodes    |    Current Node    |     Objective Bounds      |     Work
 Expl Unexpl |  Obj  Depth IntInf | Incumbent    BestBd   Gap | It/Node Time

     0     0   24.66930    0  492          -   24.66930      -     -    0s
     0     0   24.66930    0  492          -   24.66930      -     -    2s
H    0     0                     723.4001542   24.66930  96.6%     -    5s
H    0     0                     647.9738511   24.66930  96.2%     -    5s
     0     2   24.66930    0  492  647.97385   24.66930  96.2%     -    5s
H   31    64                     561.9920992   25.36448  95.5%   159    8s
H   33    64                     560.9467299   25.38834  95.5%   172    8s
H   35    64                     553.5006347   25.38834  95.4%   172    8s
H   54    64                     549.9867606   25.74715  95.3%   191    8s
    63    96   31.44155    6  811  549.98676   25.74715  95.3%   331   10s
H   95   128                      72.0638970   25.75283  64.3%   265   20s
H   97   128                      70.9655047   25.75283  63.7%   496   20s
H   98   128                      70.8495402   25.75283  63.7%   492   20s
   223   281   32.87534    9 1499   70.84954   25.75283  63.7%   972   26s
  1372  1511   34.42270   47 1534   70.84954   25.75283  63.7%   296   30s
  3963  4145   43.83492   92 1784   70.84954   25.75283  63.7%   147   35s
  7425  7776   51.22950  157 1725   70.84954   25.75283  63.7%   110   40s
 11239 11680   59.01574  240 1647   70.84954   25.75283  63.7%  93.6   45s
H13174 12953                      69.7280495   25.75283  63.1%  86.4   53s
H13180 12934                      69.5461160   25.75283  63.0%  86.4   53s
H13183 12912                      69.3920612   25.75283  62.9%  86.4   53s
H13198 12772                      68.5790000   25.75283  62.4%  86.4   53s
 13918 14066   62.23576  287 1593   68.57900   25.75283  62.4%  84.5   55s
H14534 13259                      60.9945547   25.75283  57.8%  83.9   71s
 14540 13232   25.75283   10  497   60.99455   25.75283  57.8%  84.2   82s
 14542 13236   27.12399   11  600   60.99455   25.75283  57.8%  84.3   87s
 14546 13241   27.40857   12  607   60.99455   25.75283  57.8%  84.3   95s
 14554 13254   38.98196   13 1086   60.99455   25.75283  57.8%  84.6  100s
H14578 12612                      60.9945542   26.47855  56.6%  85.0  101s
H14592 11979                      59.4179901   26.77056  54.9%  85.2  101s
 14727 12091   29.25837   19  867   59.41799   26.77056  54.9%  87.1  107s
H14728 11494                      59.3606657   26.77056  54.9%  87.1  107s
H14734 10924                      58.8737529   26.77056  54.5%  87.1  107s
 14869 11022   31.15348   24  906   58.87375   26.77056  54.5%  88.6  114s
H14873 10482                      58.8699919   26.77056  54.5%  88.6  114s
 14984 10592   31.64054   28  862   58.86999   26.77056  54.5%  90.6  115s
 15232 10718   35.84552   36  957   58.86999   26.77056  54.5%  98.7  120s
 16222 11398   39.80413   70 1118   58.86999   26.77056  54.5%   100  125s
H16720 11055                      58.6963236   26.77056  54.4%   101  131s
H16723 10568                      58.6963236   26.77056  54.4%   101  131s
H16747 10098                      58.6963236   26.77056  54.4%   101  131s
 18526 11253   50.80449  155 1103   58.69632   26.77056  54.4%   100  135s
 20961 12885   40.59422   51  910   58.69632   26.77639  54.4%   103  140s
 25461 16025   34.44901   68  812   58.69632   26.86151  54.2%  96.7  145s
 29281 19394   39.62101  158  767   58.69632   26.86151  54.2%  90.8  151s
 31007 18823   41.39690  204  741   58.69632   26.86151  54.2%  88.2  163s
 31040 18839   42.41837  205  742   58.69632   26.86151  54.2%  88.2  167s
 32565 20511   43.64587  254  693   58.69632   26.86151  54.2%  87.4  170s
 36128 22882   43.75488  361  600   58.69632   26.86151  54.2%  83.9  175s
 40195 25441   44.28512  481  533   58.69632   26.86151  54.2%  80.2  180s
 44077 28743   54.61000  609  459   58.69632   26.86151  54.2%  79.2  185s
 47172 31702   54.96665  735  353   58.69632   26.86151  54.2%  79.5  191s
 49418 33988   55.50786  829  298   58.69632   26.86151  54.2%  79.6  195s
 53788 38799   56.52721 1027  191   58.69632   26.86151  54.2%  79.0  200s
 59257 44700   57.90934 1344   40   58.69632   26.86151  54.2%  78.2  208s
 62130 46536   39.36477   29 1041   58.69632   27.09674  53.8%  78.4  211s
H65857 48294                      58.6963234   27.09674  53.8%  78.6  265s
H65858 48294                      58.6909718   27.09674  53.8%  78.6  265s
H65911 39202                      55.9277166   27.09674  51.6%  78.5  265s
H65917 33404                      54.8115781   27.09674  50.6%  78.5  265s
 66990 34115   45.09001   54 1204   54.81158   27.45440  49.9%  80.4  271s
 68817 36987   53.03355  143 1183   54.81158   27.48037  49.9%  80.9  278s
 70577 38954   33.46539   22  987   54.81158   27.48037  49.9%  82.8  283s
 72735 40343   48.91136  113 1017   54.81158   27.48037  49.9%  83.1  287s
 74292 42474   52.24490  166  955   54.81158   27.48037  49.9%  84.1  292s
 76771 45425   39.86247   76  902   54.81158   27.52805  49.8%  85.2  298s
 79960 47801   45.27883  213  804   54.81158   27.52805  49.8%  84.5  303s
 82660 50756   46.33431  349  690   54.81158   27.52805  49.8%  84.5  309s
 86033 52868   48.34647  496  539   54.81158   27.52805  49.8%  83.9  315s
 88560 56031   49.71654  639  428   54.81158   27.52805  49.8%  85.4  324s
H91923 58001                      54.8115774   27.52805  49.8%  85.8  331s
H92325 58001                      54.8115773   27.52805  49.8%  85.6  331s
 93997 62407   51.25897  916  269   54.81158   27.52805  49.8%  85.7  343s
 99044 64688   53.72524 1184  136   54.81158   27.52805  49.8%  87.1  352s
 101581 68137   53.81968 1279   99   54.81158   27.94575  49.0%  87.7  361s
 105525 72792   38.91477   29  926   54.81158   27.98262  48.9%  88.0  366s
 111156 77264   51.04930   94 1262   54.81158   28.05968  48.8%  89.3  372s
 116249 81042   48.99608   39 1088   54.81158   28.19658  48.6%  89.6  378s
 120406 87154   33.87161   22 1039   54.81158   28.19658  48.6%  89.3  387s
 127183 87196     cutoff  185        54.81158   28.24797  48.5%  87.8  392s
 127298 92297   48.71867   23 1257   54.81158   28.28032  48.4%  87.9  396s
 132690 96214   42.36589   45 1148   54.81158   28.28032  48.4%  85.9  400s
 140109 102272   40.97182   40  984   54.81158   28.28827  48.4%  83.7  407s
 143311 104902   45.16785  117 1023   54.81158   28.28827  48.4%  82.8  411s
 146162 107187   46.61067  211  869   54.81158   28.28827  48.4%  82.4  416s
 152550 118391   51.27264  493  670   54.81158   28.28827  48.4%  81.6  425s
 162729 123104   44.30578   51  931   54.81158   28.36327  48.3%  80.7  431s
 165540 125379   51.06650  142  919   54.81158   28.36327  48.3%  80.6  435s
 168014 127348   54.66571  218 1002   54.81158   28.36557  48.2%  80.8  440s
 172913 132081   54.61306   64 1181   54.81158   28.36587  48.2%  81.3  449s
 175416 134688   35.61118   23 1058   54.81158   28.36587  48.2%  81.5  452s
 178552 137562   53.07831   60 1139   54.81158   28.36587  48.2%  81.9  456s
 181809 141990   48.43281   45  968   54.81158   28.45533  48.1%  82.3  464s
 186808 146236   52.48941  119  935   54.81158   28.50842  48.0%  82.2  468s
 191423 150394   50.96378  165 1042   54.81158   28.50842  48.0%  81.7  471s
 195782 153582   54.27261  343 1081   54.81158   28.50842  48.0%  80.9  475s
 201890 157537   42.98886   34 1053   54.81158   28.52061  48.0%  80.5  483s
 203844 159571   38.78915   26 1039   54.81158   28.53832  47.9%  81.0  488s
 206091 163089   49.13247  104 1094   54.81158   28.55073  47.9%  81.2  491s
 209924 166527   33.13302   23  933   54.81158   28.57293  47.9%  81.1  495s
 213670 171431   35.29894   22 1063   54.81158   28.57293  47.9%  80.8  502s
 218995 173447   39.19147   26 1088   54.81158   28.64729  47.7%  80.5  506s
 221160 176115   45.47689   65 1142   54.81158   28.64729  47.7%  80.6  511s
 228129 183068     cutoff   22        54.81158   28.65083  47.7%  80.5  518s
 231765 185285   43.62042   83 1106   54.81158   28.65083  47.7%  80.3  522s
 234424 187781   47.94118  182 1087   54.81158   28.65083  47.7%  80.6  527s
 237026 190972   49.80894  292 1045   54.81158   28.65083  47.7%  80.9  532s
 240325 194274   52.52626  380  989   54.81158   28.65083  47.7%  80.6  535s
 244004 197935   52.41097  491  853   54.81158   28.65083  47.7%  80.5  542s
 248378 200382     cutoff  593        54.81158   28.65963  47.7%  80.6  547s
 251143 203389   40.40976   44 1117   54.81158   28.68125  47.7%  80.9  553s
 254452 207488   49.22960  163 1144   54.81158   28.68125  47.7%  80.8  557s
 259133 210483   54.70955  393  980   54.81158   28.78286  47.5%  80.5  560s
 266393 216566   47.36459   51 1007   54.81158   28.79862  47.5%  80.7  568s
 269538 218933     cutoff  119        54.81158   28.80714  47.4%  80.7  573s
 272320 221497   45.92545   90 1166   54.81158   28.80714  47.4%  80.9  578s
 275149 224976   52.86037  191 1082   54.81158   28.84227  47.4%  80.9  583s
 279204 228406   51.13418   61 1187   54.81158   28.84227  47.4%  81.0  586s
 283213 233091   47.85875   41 1413   54.81158   28.88580  47.3%  81.1  590s
 292212 240274   50.03345   56 1320   54.81158   28.92105  47.2%  80.0  598s
 295700 242985     cutoff   75        54.81158   28.98806  47.1%  79.6  602s
 298713 245216   51.57138  100 1170   54.81158   28.98806  47.1%  79.4  606s
 301268 247219   39.69382   33 1145   54.81158   28.98806  47.1%  79.3  610s
 306095 253260   52.76117  185 1190   54.81158   29.03247  47.0%  79.5  620s
 313704 259190   52.41809  135  920   54.81158   29.06094  47.0%  80.0  629s
 316904 261802   54.58361  188  781   54.81158   29.09438  46.9%  80.0  634s
 319936 264279   44.88954  111 1081   54.81158   29.09438  46.9%  80.0  639s
 322980 267391   49.60779  331  780   54.81158   29.09438  46.9%  80.1  644s
 326336 271458   51.26933  576  635   54.81158   29.09438  46.9%  80.1  648s
 330754 273868   53.19863  818  453   54.81158   29.09438  46.9%  79.9  651s
 333902 276000   54.63320  902  358   54.81158   29.17658  46.8%  79.9  656s
 336569 279677   34.53739   25  991   54.81158   29.21284  46.7%  80.0  660s
 343654 286487   49.61180   83 1226   54.81158   29.22350  46.7%  79.9  669s
 347772 289033   54.80269  164 1083   54.81158   29.23374  46.7%  79.7  673s
 350719 291588   43.80354   65 1191   54.81158   29.24530  46.6%  79.8  678s
 353622 294584   50.42655  172 1110   54.81158   29.24530  46.6%  80.0  683s
 356992 297737   53.61590  290 1012   54.81158   29.28096  46.6%  79.8  688s
 360383 302569   39.22080   27 1225   54.81158   29.31125  46.5%  79.6  692s
 365633 308754     cutoff   64        54.81158   29.34302  46.5%  79.1  697s
 375150 313665   47.80318  141 1037   54.81158   29.35240  46.4%  78.3  702s
 377707 315563   49.59103  184 1001   54.81158   29.35240  46.4%  78.2  706s
 382087 319418   53.00545  236  944   54.81158   29.35240  46.4%  78.2  713s
 384204 321855   54.09581  307  902   54.81158   29.35240  46.4%  78.2  718s
 386826 324995   54.66518  378  819   54.81158   29.39128  46.4%  78.1  721s
 393809 331000   50.95674   61 1141   54.81158   29.44614  46.3%  77.9  729s
 397002 335305   33.72231   50  948   54.81158   29.44614  46.3%  77.8  735s
 401414 338435   48.39663   60 1039   54.81158   29.44614  46.3%  77.6  740s
 407533 343591   38.95397   23  920   54.81158   29.46910  46.2%  77.3  747s
 410811 346565   43.02091   40 1301   54.81158   29.50599  46.2%  77.4  752s
 414032 349340   36.74288   26  923   54.81158   29.50599  46.2%  77.3  757s
 417043 352298   49.18169  109  923   54.81158   29.52975  46.1%  77.2  760s
 423457 357762   45.58519   56 1104   54.81158   29.53591  46.1%  77.1  768s
 426480 361096   49.99604  121  953   54.81158   29.53591  46.1%  77.2  774s
 430207 364126   53.52644  208  905   54.81158   29.53591  46.1%  77.2  779s
 433456 367338   38.11284   28 1115   54.81158   29.53591  46.1%  77.1  784s
 437017 370734   52.97835  165 1031   54.81158   29.56610  46.1%  76.9  789s
 440922 374170   43.63131   71 1103   54.81158   29.62334  46.0%  77.0  793s
 444653 376984   53.44677  219  976   54.81158   29.62334  46.0%  76.9  797s
 447861 379306     cutoff  386        54.81158   29.63502  45.9%  76.9  802s
 450528 382293   54.40065   94 1028   54.81158   29.68599  45.8%  77.0  806s
 454015 385323   38.28602   25 1300   54.81158   29.72326  45.8%  77.1  810s
 457572 387406   34.20613   24 1076   54.81158   29.72326  45.8%  77.1  815s
 460002 390676     cutoff   83        54.81158   29.73603  45.7%  77.2  822s
 464069 395044   48.04893   72 1219   54.81158   29.82790  45.6%  77.5  827s
 469069 398146   52.92553  149  962   54.81158   29.91115  45.4%  77.8  833s
 472702 402465   47.15901   72 1267   54.81158   29.96209  45.3%  77.9  837s
 477515 404973   52.98855   53 1049   54.81158   29.96728  45.3%  77.8  841s
 480514 407644   44.60665   53  827   54.81158   30.02209  45.2%  78.0  847s
 483386 410565   49.81594  110  856   54.81158   30.02209  45.2%  78.1  851s
 486618 414420   54.32657  183  787   54.81158   30.03110  45.2%  78.1  857s
 490856 417469   54.18532   65 1157   54.81158   30.07715  45.1%  78.1  861s
 494114 420265   42.09682   33 1040   54.81158   30.07715  45.1%  78.0  866s
 500276 425006     cutoff   85        54.81158   30.10188  45.1%  77.9  873s
 502792 427516   45.73870   45 1320   54.81158   30.10188  45.1%  78.2  878s
 505592 429970   52.23278  138 1206   54.81158   30.15106  45.0%  78.2  883s
 508487 433094   41.66439   31 1330   54.81158   30.15106  45.0%  78.3  887s
 512088 435427   53.12648  171 1158   54.81158   30.18234  44.9%  78.4  891s
 514716 438737   38.18548   23 1114   54.81158   30.18234  44.9%  78.6  896s
 518298 441501   53.79261   94 1146   54.81158   30.18378  44.9%  78.6  902s
 521375 444070   37.66588   33  996   54.81158   30.18378  44.9%  78.6  907s
 524353 447664   50.65219   89  925   54.81158   30.24323  44.8%  78.8  912s
 528407 450692   45.65320   43 1082   54.81158   30.27959  44.8%  78.9  917s
 531836 452916   49.50777   71 1104   54.81158   30.27959  44.8%  79.0  923s
 534425 455752   39.78651   27  890   54.81158   30.31297  44.7%  79.0  929s
 537834 459006   39.06185   32 1050   54.81158   30.31587  44.7%  79.1  935s
 541483 463807   52.13385  149  985   54.81158   30.31587  44.7%  79.0  940s
 551717 471858   50.40243   57 1161   54.81158   30.39855  44.5%  78.4  948s
 555700 474189   49.75558  105 1016   54.81158   30.43901  44.5%  78.3  953s
 558537 476590   37.74436   53  878   54.81158   30.45434  44.4%  78.4  958s
 561332 479224   54.05811  152  999   54.81158   30.47041  44.4%  78.5  962s
 564542 481610   30.77827   27  987   54.81158   30.47041  44.4%  78.6  966s
 567234 484458     cutoff   80        54.81158   30.51410  44.3%  78.6  971s
 570472 487007   44.91340   39 1178   54.81158   30.51410  44.3%  78.7  977s
 573551 489876   51.24454   97 1063   54.81158   30.51410  44.3%  78.7  983s
 576740 492556   54.44974  140  946   54.81158   30.55192  44.3%  78.7  989s
 579801 496101   36.18844   28 1053   54.81158   30.59127  44.2%  78.7  994s
 583891 498797   49.14262   62 1132   54.81158   30.60884  44.2%  78.7  998s
 587360 501366   43.38373   42  860   54.81158   30.64426  44.1%  78.8 1003s
 590566 503843   53.31878  111  753   54.81158   30.66870  44.0%  78.9 1008s
 593731 506494   37.46106   23 1238   54.81158   30.69043  44.0%  79.0 1014s
 596955 508908   53.19336  118 1046   54.81158   30.70199  44.0%  79.0 1020s
 599988 511259   51.34444   64 1186   54.81158   30.74895  43.9%  79.1 1026s
 602716 514556   54.44435   78  996   54.81158   30.75074  43.9%  79.2 1030s
 606600 517225     cutoff  179        54.81158   30.86080  43.7%  79.3 1035s
 609775 519290   39.05662   28 1085   54.81158   30.86168  43.7%  79.4 1040s
 612271 519319   46.12339   66 1078   54.81158   30.86168  43.7%  79.6 1105s
H612292 493303                      54.4075291   30.86168  43.3%  79.6 1106s
H612298 476111                      54.1827241   30.86168  43.0%  79.6 1106s
H612306 478153                      54.1827240   30.86168  43.0%  79.6 1112s
H613196 478153                      54.1827236   30.86168  43.0%  79.6 1112s
H613259 468317                      54.0461199   30.86168  42.9%  79.6 1112s
H614762 468542                      54.0461199   30.86168  42.9%  79.8 1119s
H614770 467152                      54.0260082   30.86168  42.9%  79.8 1119s
H614855 465860                      54.0052485   30.86168  42.9%  79.8 1119s
H614894 460805                      53.9319102   30.86168  42.8%  79.8 1119s
 615038 486298   48.91959  105  999   53.93191   30.88760  42.7%  79.8 1184s
 645588 488484   44.97442   39  996   53.93191   30.96512  42.6%  80.9 1191s
 648123 491723   51.46146  110  921   53.93191   30.96512  42.6%  80.9 1199s
 652250 494547   34.55029   49 1061   53.93191   31.09088  42.4%  81.0 1207s
 655621 497200   39.72184   60  854   53.93191   31.09935  42.3%  81.1 1214s
 658798 500161     cutoff   37        53.93191   31.13515  42.3%  81.2 1221s
 662137 503314   46.16895   48 1148   53.93191   31.13515  42.3%  81.2 1228s
 665635 507616     cutoff  105        53.93191   31.13515  42.3%  81.3 1233s
 670403 511070   45.29952   56 1025   53.93191   31.28908  42.0%  81.2 1237s
 674239 514027   50.42956  116  986   53.93191   31.28908  42.0%  81.3 1242s
 677684 516947     cutoff  167        53.93191   31.32991  41.9%  81.4 1249s
 680952 519929   47.84293   71  900   53.93191   31.33334  41.9%  81.5 1256s
 684350 522987   53.61136  120  867   53.93191   31.33334  41.9%  81.5 1260s
 688105 525692   42.45003   38 1002   53.93191   31.33681  41.9%  81.7 1265s
 691220 528337   47.07238   85  916   53.93191   31.33681  41.9%  81.8 1271s
 694311 530955   50.51732  133  896   53.93191   31.33681  41.9%  81.9 1278s
 697402 534082   51.60509  183  820   53.93191   31.33681  41.9%  81.9 1282s
 701117 537598   53.28208  232  781   53.93191   31.39580  41.8%  82.0 1287s
 705190 540832     cutoff   52        53.93191   31.43305  41.7%  81.9 1292s
 708766 544708   49.95519  113 1105   53.93191   31.46344  41.7%  81.9 1297s
 713344 547306   51.02743   63 1086   53.93191   31.54919  41.5%  81.9 1300s
 716342 550234   41.96626   37 1075   53.93191   31.55604  41.5%  81.9 1305s
 722159 554774   42.75390   47  988   53.93191   31.61111  41.4%  81.8 1314s
 724587 557706   53.63167  159  873   53.93191   31.63480  41.3%  81.9 1318s
 727774 560531   40.91775   72 1049   53.93191   31.63480  41.3%  81.9 1322s
 730988 563440   51.72685   92 1053   53.93191   31.65399  41.3%  81.9 1328s
 734340 566415     cutoff   57        53.93191   31.65988  41.3%  81.9 1333s
 737605 569845   50.06098  114 1129   53.93191   31.70448  41.2%  81.8 1337s
 741619 573012   44.88760   53  928   53.93191   31.73043  41.2%  81.7 1342s
 745439 575174   33.63445   27  994   53.93191   31.76381  41.1%  81.8 1347s
 747867 577556   41.78461   58 1037   53.93191   31.76381  41.1%  81.9 1352s
 750511 580728   45.06989   98  995   53.93191   31.76381  41.1%  82.0 1357s
 754049 583589   46.89763  136  942   53.93191   31.76381  41.1%  82.1 1362s
 757440 586058   47.82533  170  941   53.93191   31.76381  41.1%  82.2 1368s
 760537 588333   48.79884  209  870   53.93191   31.76381  41.1%  82.2 1373s
 763396 591013   49.42446  244  848   53.93191   31.76381  41.1%  82.4 1379s
 766339 593532   49.95547  284  850   53.93191   31.76381  41.1%  82.5 1385s
 769280 596508   49.98889  321  814   53.93191   31.76381  41.1%  82.5 1390s
 772829 599735   50.22109  360  791   53.93191   31.76381  41.1%  82.6 1396s
 776593 602752   51.28159  399  779   53.93191   31.76381  41.1%  82.6 1401s
 780119 605102   50.50462  435  754   53.93191   31.76381  41.1%  82.6 1406s
 782981 607166     cutoff  466        53.93191   31.76381  41.1%  82.6 1412s
 785771 609437   51.09663  502  713   53.93191   31.76381  41.1%  82.6 1418s
 788490 612144     cutoff  515        53.93191   31.76381  41.1%  82.7 1424s
 791603 615472   51.16382  542  685   53.93191   31.76381  41.1%  82.7 1428s
 795634 618024     cutoff  558        53.93191   31.76381  41.1%  82.7 1433s
 798698 620419   51.72143  599  643   53.93191   31.76381  41.1%  82.7 1438s
 801519 622791   51.52285  639  614   53.93191   31.76381  41.1%  82.7 1443s
 804329 624722   51.57588  669  590   53.93191   31.76381  41.1%  82.8 1449s
 806909 628044   51.74191  699  584   53.93191   31.76381  41.1%  82.9 1455s
 811250 631576   51.79584  753  539   53.93191   31.76381  41.1%  83.1 1461s
 815395 634807   52.61174  799  519   53.93191   31.76381  41.1%  83.1 1467s
 819167 637690   53.02937  836  487   53.93191   31.76381  41.1%  83.0 1472s
 822518 640547   53.52889  876  465   53.93191   32.09739  40.5%  83.0 1478s
 825894 644329   48.18608   64  968   53.93191   32.14791  40.4%  82.9 1482s
 830302 646991   50.33926   61 1120   53.93191   32.17032  40.4%  82.8 1487s
 833620 649292   53.89101   64  827   53.93191   32.22477  40.2%  82.8 1493s
 836319 651904   52.19289   93  966   53.93191   32.23218  40.2%  82.8 1500s

Resetting heuristic parameters to focus on improving solution
(using Heuristics=0.5 and RINS=10)...

 839708 652318   52.93858   49 1077   53.93191   32.24021  40.2%  82.9 1507s
H839710 652318                      53.9319102   32.24021  40.2%  82.9 1507s
H839715 652318                      53.9319101   32.24021  40.2%  82.9 1507s
H839718 652318                      53.9319101   32.24021  40.2%  82.9 1507s
H839742 652318                      53.9319100   32.24021  40.2%  82.9 1507s
H839774 651808                      53.9242053   32.26733  40.2%  82.9 1507s
H840083 650333                      53.9040577   32.26733  40.1%  82.9 1507s
 840260 650544   38.00279   51  892   53.90406   32.26733  40.1%  82.9 1530s
H840332 650544                      53.9040577   32.26733  40.1%  82.9 1530s
H840511 650544                      53.9040576   32.26733  40.1%  82.9 1530s
 840557 656516   43.11593   53  966   53.90406   32.26810  40.1%  82.9 1606s
H840826 656516                      53.9040576   32.27241  40.1%  83.0 1607s
H840827 656516                      53.9040576   32.27241  40.1%  83.0 1607s
H841121 655818                      53.8952972   32.27323  40.1%  83.0 1607s
H842620 655818                      53.8952972   32.29025  40.1%  83.1 1607s
H843873 655165                      53.8875540   32.30107  40.1%  83.2 1607s
 848637 655385   39.92348   52  908   53.88755   32.32114  40.0%  83.7 1630s
H848718 655385                      53.8875528   32.32114  40.0%  83.7 1631s
 848923 667184   44.23765   57  915   53.88755   32.32357  40.0%  83.7 1663s
 864870 667242   35.33415   22  998   53.88755   32.43822  39.8%  85.0 1671s
H864871 667242                      53.8875528   32.43822  39.8%  85.0 1671s
H864897 667165                      53.8864663   32.43822  39.8%  85.0 1671s
 864938 677430   35.73931   22 1010   53.88647   32.45078  39.8%  85.0 1800s
H864939 677430                      53.8864663   32.45078  39.8%  85.0 1800s
H864954 677430                      53.8864662   32.45078  39.8%  85.0 1800s
H865055 677430                      53.8864657   32.45919  39.8%  85.1 1800s
H865328 677430                      53.8864654   32.45919  39.8%  85.1 1800s
H865679 677430                      53.8864638   32.46496  39.8%  85.1 1800s
H867197 677394                      53.8859302   32.47212  39.7%  85.2 1800s
H874088 677316                      53.8849710   32.51047  39.7%  85.7 1800s

Explored 878785 nodes (75553736 simplex iterations) in 1800.87 seconds (3106.83 work units)
Thread count was 32 (of 96 available processors)

Solution count 10: 53.885 53.8859 53.8865 ... 53.9319

Time limit reached
Best objective 5.388497104892e+01, best bound 3.254034149220e+01, gap 39.6115%
