
Gurobi 9.5.1 (linux64) logging started Wed 10 Aug 2022 09:06:35 PM MST

Set parameter LogFile to value "/home/local/ASUAD/kmajd1/NNRepLayer_v2/demos/walking_example/dynamic_constraint/repair_net_relaxed/logs/opt14_log_8_10_2022_14_29_12.log"
Gurobi Optimizer version 9.5.1 build v9.5.1rc2 (linux64)
Thread count: 48 physical cores, 96 logical processors, using up to 32 threads
Optimize a model with 12558 rows, 9048 columns and 186204 nonzeros
Model fingerprint: 0xec00835e
Model has 270 quadratic objective terms
Variable types: 6078 continuous, 2970 integer (2970 binary)
Coefficient statistics:
  Matrix range     [7e-04, 2e+02]
  Objective range  [3e-03, 1e+00]
  QObjective range [7e-02, 7e-02]
  Bounds range     [1e-02, 1e+02]
  RHS range        [3e-04, 2e+02]
Presolve removed 672 rows and 132 columns
Presolve time: 0.21s
Presolved: 11886 rows, 8916 columns, 185400 nonzeros
Presolved model has 270 quadratic objective terms
Variable types: 5946 continuous, 2970 integer (2970 binary)
Root relaxation presolve removed 2970 rows and 2970 columns
Root relaxation presolved: 8916 rows, 5946 columns, 176490 nonzeros
Root relaxation presolved model has 270 quadratic objective terms


Root relaxation: objective 2.501234e+01, 16400 iterations, 0.71 seconds (1.57 work units)

    Nodes    |    Current Node    |     Objective Bounds      |     Work
 Expl Unexpl |  Obj  Depth IntInf | Incumbent    BestBd   Gap | It/Node Time

     0     0   25.01234    0  724          -   25.01234      -     -    1s
     0     0   25.01234    0  724          -   25.01234      -     -    2s
H    0     0                     118.5834582   25.09249  78.8%     -    7s
H    0     0                     118.5834582   25.09249  78.8%     -    7s
     0     2   25.09249    0  724  118.58346   25.09249  78.8%     -    7s
     1     4   45.72237    1 1206  118.58346   25.09249  78.8%  4334   13s
     3     8   56.75691    2 1364  118.58346   27.60358  76.7%  2406   15s
H   41    64                     118.5834581   28.57263  75.9%  1159   19s
H   56    64                     118.5834578   28.57263  75.9%   981   19s
H   61    64                     118.5834557   28.57263  75.9%   931   19s
H   95   128                     114.8312010   28.57263  75.1%   708   27s
H   96   128                     108.0518294   28.57263  73.6%   701   27s
   191   224   64.21026    9 1470  108.05183   28.99336  73.2%   440   30s
   597   677   64.94629   19 1488  108.05183   28.99336  73.2%   247   35s
H 1021  1037                     108.0518287   28.99336  73.2%   192   55s
H 1023  1037                     108.0518287   28.99336  73.2%   192   55s
H 1024  1037                      92.5779247   28.99336  68.7%   192   55s
H 1028  1037                      91.3134687   28.99336  68.2%   191   55s
H 1033  1037                      83.6907443   28.99336  65.4%   191   55s
  2129  1936   38.67055   23 1166   83.69074   29.00048  65.3%   182   70s
H 2130  1936                      83.6907442   29.00048  65.3%   182   70s
H 2133  1936                      83.6907440   29.00048  65.3%   182   70s
H 2147  1936                      83.6278332   29.00048  65.3%   181   70s
  4167  4098   62.68686   88 1558   83.62783   29.00048  65.3%   132   75s
  5781  5735   65.91463  141 1587   83.62783   29.00048  65.3%   107   80s
  7000  6917   76.72562  169 1514   83.62783   29.00048  65.3%  98.4   85s
H 7983  7418                      83.4739379   29.00048  65.3%  90.8  119s
H 7985  7049                      83.4739378   29.00048  65.3%  90.8  121s
  7989  7054   45.72237   10 1261   83.47394   29.00048  65.3%  93.6  134s
  7991  7058   64.59336   11 1589   83.47394   30.12830  63.9%  94.2  138s
  8017  7092     cutoff   14        83.47394   33.08987  60.4%  95.3  141s
H 8020  6738                      83.4739378   33.08987  60.4%  95.5  141s
H 8038  6397                      83.4739378   33.51343  59.9%  97.1  141s
H 8077  6124                      78.2663901   33.68466  57.0%  97.5  143s
H 8078  5821                      78.2598467   33.76110  56.9%  97.4  143s
H 8091  5529                      78.1874858   33.76110  56.8%  97.4  143s
  8109  5553   33.76110   17  962   78.18749   33.76110  56.8%  97.9  145s
  9140  6152   46.60203   46 1366   78.18749   33.79195  56.8%   102  151s
H 9144  5877                      77.8185766   33.79195  56.6%   102  151s
H 9169  5610                      77.4032051   33.79195  56.3%   102  151s
 10182  6217   50.04826   83 1346   77.40321   33.79195  56.3%   100  155s
 12979  8091   56.28094  207 1222   77.40321   33.79195  56.3%  92.7  160s
 16895 10599   63.23156  384 1085   77.40321   33.79195  56.3%  84.2  165s
 21779 13536   70.55945  596  945   77.40321   33.79195  56.3%  75.9  170s
 24378 15880   77.30943  704  854   77.40321   33.79195  56.3%  73.9  175s
 28050 19264   57.96697   55 1688   77.40321   36.93557  52.3%  72.1  182s
 28856 19275   60.92973   81 1727   77.40321   36.93557  52.3%  71.9  215s
H28890 22986                      77.4032050   36.93557  52.3%  71.9  241s
H29416 22986                      77.4032049   36.93557  52.3%  72.1  241s
H31379 22168                      76.4033360   36.93557  51.7%  72.9  241s
 33082 22035   66.03890  213 1668   76.40334   36.93557  51.7%  72.7  248s
H33085 22035                      76.4033358   36.93557  51.7%  72.7  248s
H33101 22035                      76.4033356   36.93557  51.7%  72.7  248s
 33119 26593   66.03890  214 1667   76.40334   36.93557  51.7%  72.7  257s
 37962 29377   73.12554  372 1616   76.40334   36.93557  51.7%  71.6  262s
 40965 31452   75.13017  479 1502   76.40334   36.93557  51.7%  70.5  266s
 43311 33620     cutoff  510        76.40334   37.59119  50.8%  70.6  271s
 45588 35777   71.65426   37 1862   76.40334   37.64557  50.7%  70.9  275s
 50310 38134   62.24987   70 1566   76.40334   37.64557  50.7%  69.7  283s
H50313 38134                      76.4033354   37.64557  50.7%  69.7  283s
H50314 38105                      76.3667288   37.64557  50.7%  69.7  283s
 50345 38132   62.38722   71 1565   76.36673   37.64557  50.7%  69.7  285s
H50353 38132                      76.3667286   37.64557  50.7%  69.8  285s
H50355 38132                      76.3667275   37.64557  50.7%  69.8  285s
 50380 40369   62.52560   72 1564   76.36673   37.64557  50.7%  69.8  290s
 55044 44680   66.63437  182 1446   76.36673   37.64557  50.7%  69.1  298s
 57374 46999   68.15456  231 1429   76.36673   37.64557  50.7%  68.6  302s
 59841 51847   67.92252  282 1409   76.36673   37.64557  50.7%  68.3  307s
 65056 53787   69.11991  414 1278   76.36673   37.64557  50.7%  68.0  310s
 69527 58024   69.92894  448 1269   76.36673   37.64557  50.7%  68.8  315s
 74133 62674   72.00886  459 1292   76.36673   37.64557  50.7%  69.6  323s
 76644 64938   73.84092  484 1237   76.36673   37.64557  50.7%  69.7  327s
 79150 67249   74.93611  500 1219   76.36673   37.64557  50.7%  70.0  331s
 81663 69688   75.69182  530 1216   76.36673   37.64557  50.7%  70.5  336s
 84236 72371   76.20248  542 1208   76.36673   38.14638  50.0%  70.8  341s
 87113 75230   58.84180   92 1174   76.36673   38.40123  49.7%  71.2  346s
 90072 80007   69.27924  204 1198   76.36673   38.40123  49.7%  71.5  355s
 98408 84919   72.03408   38 1930   76.36673   38.63775  49.4%  71.6  363s
 100867 87698   55.59818   95 1348   76.36673   38.63775  49.4%  72.5  369s
 104015 89058   72.29850  206 1295   76.36673   38.63775  49.4%  73.1  374s
 105525 92014   72.49627  210 1289   76.36673   38.66961  49.4%  73.3  381s
 108747 94658   48.27375   49 1113   76.36673   38.66961  49.4%  74.0  387s
 111693 98280   62.16255  195 1014   76.36673   38.66961  49.4%  74.7  391s
 115737 101448   73.98109  485  718   76.36673   38.66961  49.4%  75.1  397s
 119198 106141     cutoff  744        76.36673   38.73724  49.3%  75.1  405s
 124176 108605     cutoff  117        76.36673   38.75172  49.3%  75.0  410s
 126923 111386   64.31855   83 1509   76.36673   38.92670  49.0%  75.3  416s
 129906 114497   50.47075   65 1295   76.36673   38.92670  49.0%  75.6  422s
 133210 117539   56.45848  179 1530   76.36673   38.92670  49.0%  75.5  427s
 136429 119800   60.79359  309 1435   76.36673   38.92670  49.0%  75.5  433s
 138947 122774   63.45800  399 1339   76.36673   38.92670  49.0%  75.5  439s
 142111 126802   67.31785  537 1280   76.36673   38.92670  49.0%  75.8  443s
 146346 130480   74.34065  745 1240   76.36673   38.97172  49.0%  75.6  447s
 150274 134468   51.95498   68 1242   76.36673   39.03573  48.9%  75.3  455s
 154483 136597   62.41826  200 1401   76.36673   39.03573  48.9%  75.4  460s
 156793 139132   67.88956  313 1364   76.36673   39.03573  48.9%  75.8  466s
 159588 141970     cutoff  390        76.36673   39.03573  48.9%  76.1  472s
 162764 144743   75.84869  512 1221   76.36673   39.07120  48.8%  76.5  479s
 165939 147805   55.71393   70 1416   76.36673   39.07120  48.8%  76.8  486s
 169285 152305   64.60970  217 1402   76.36673   39.07120  48.8%  76.8  491s
 173945 155613   71.83581  476 1386   76.36673   39.07155  48.8%  76.6  495s
 177603 157992   58.21813   30 1656   76.36673   39.09682  48.8%  76.8  501s
 180202 162228   57.74814   69 1219   76.36673   39.13001  48.8%  77.1  508s
 184687 164688   54.39717  104 1240   76.36673   39.22702  48.6%  77.0  514s
 187433 167383   61.47501  203 1384   76.36673   39.22702  48.6%  77.3  519s
 190348 169873   66.38037  337 1310   76.36673   39.22702  48.6%  77.4  525s
 193125 172174   69.88190  474 1145   76.36673   39.22702  48.6%  77.7  532s
 195662 174581   75.75243  602 1100   76.36673   39.27507  48.6%  78.1  538s
H198218 167316                      75.6393763   39.27507  48.1%  78.5  538s
 198488 169475   41.78859   29 1482   75.63938   39.27507  48.1%  78.5  544s
 201045 170386   54.54647   91 1104   75.63938   39.27507  48.1%  79.1  549s
H201879 170386                      75.6393763   39.27507  48.1%  79.3  549s
 202050 171488   55.91049  138 1069   75.63938   39.27507  48.1%  79.3  555s
H202394 124267                      70.4697181   39.27507  44.3%  79.3  555s
 203264 127075   57.37031  185 1060   70.46972   39.27507  44.3%  79.6  564s
 207018 128362   59.09072  247 1015   70.46972   39.27507  44.3%  80.1  570s
H207468 128362                      70.4697181   39.27507  44.3%  80.2  570s
 208488 132276   60.89692  278  985   70.46972   39.27507  44.3%  80.4  579s
 212878 135605   64.56932  371  896   70.46972   39.27507  44.3%  80.6  587s
 216446 136789   66.58388  439  862   70.46972   39.27507  44.3%  80.5  591s
H216904 136789                      70.4697177   39.27507  44.3%  80.5  591s
 217748 143199   66.26352  462  843   70.46972   39.27507  44.3%  80.4  597s
 224630 146945   68.96880  531  883   70.46972   39.27507  44.3%  79.7  601s
 228702 150178     cutoff  535        70.46972   39.48316  44.0%  79.3  607s
 232306 152933   62.36490   91 1669   70.46972   39.48316  44.0%  79.1  612s
 235436 155635     cutoff  194        70.46972   39.59018  43.8%  78.8  619s
 238361 158446   50.38437   60 1278   70.46972   39.59018  43.8%  78.8  624s
 241388 161990   53.77094  146 1262   70.46972   39.59018  43.8%  78.6  628s
 245223 167172   56.41749  241 1192   70.46972   39.59018  43.8%  78.5  634s
 250663 170308   58.89557  368 1105   70.46972   39.59018  43.8%  78.1  638s
 253971 172353   60.56887  414 1053   70.46972   39.59018  43.8%  77.9  641s
 256237 175301   61.63387  443 1123   70.46972   39.59018  43.8%  78.0  646s
 259372 177946   63.75351  499 1043   70.46972   39.59018  43.8%  77.8  651s
 262275 180568   64.73124  542  994   70.46972   39.59018  43.8%  77.8  656s
 265177 183453   66.22296  598  948   70.46972   39.59018  43.8%  77.7  660s
 268272 186231   67.75396  701  861   70.46972   39.59018  43.8%  77.5  665s
 271288 187855   68.34578  736  852   70.46972   39.59018  43.8%  77.4  670s
 273331 190590   68.64584  750  841   70.46972   39.59018  43.8%  77.4  676s
 276395 191410   69.38232  786  809   70.46972   39.59018  43.8%  77.3  682s
H276690 191410                      70.4697176   39.59018  43.8%  77.3  682s
 277333 204035   69.42065  794  805   70.46972   39.89928  43.4%  77.3  707s
 291462 207325   60.06370  153 1344   70.46972   39.89928  43.4%  76.6  711s
 295350 209882   66.02522  283 1409   70.46972   40.07369  43.1%  76.6  715s
 301029 214698   54.80267   63 1111   70.46972   40.07369  43.1%  77.6  723s
 303752 216864   55.29071   95 1085   70.46972   40.07369  43.1%  78.2  728s
 306303 219820   59.27961  157 1078   70.46972   40.07369  43.1%  78.6  736s
 309690 222800   62.46313  264 1015   70.46972   40.07369  43.1%  79.0  742s
 313127 225879   64.67812  377  914   70.46972   40.07369  43.1%  79.1  749s
 316599 228832   66.16000  443  921   70.46972   40.07369  43.1%  79.2  756s
 319908 231604   69.82766  470  846   70.46972   40.07369  43.1%  79.3  763s
 323053 233097   70.45494  477  739   70.46972   40.14330  43.0%  79.4  769s
H323742 233097                      70.4697176   40.14330  43.0%  79.3  769s
 324802 235425   53.12810   74 1197   70.46972   40.14330  43.0%  79.3  776s
 327580 238438   59.61839  197 1030   70.46972   40.14330  43.0%  79.5  784s
 331101 241400   62.22564  370  860   70.46972   40.14330  43.0%  79.6  791s
 334512 244607   65.99825  524  788   70.46972   40.14330  43.0%  79.7  799s
 338058 247714   69.91505  637  687   70.46972   40.23334  42.9%  79.7  807s
 341677 250425   41.72072   28 1261   70.46972   40.23975  42.9%  79.7  814s
 344993 252756   55.64276  130 1228   70.46972   40.23975  42.9%  79.7  818s
H346621 252514                      70.4469907   40.23975  42.9%  79.7  818s
H346629 252436                      70.4422634   40.23975  42.9%  79.7  818s
 347705 256058   58.48714  255 1077   70.44226   40.23975  42.9%  79.8  824s
 351700 259801   69.42169  481  848   70.44226   40.32302  42.8%  79.8  830s
 355657 260050   59.06152   86 1243   70.44226   40.32302  42.8%  79.6  836s
H355661 256584                      70.2676451   40.32302  42.6%  79.6  836s
H355713 246457                      69.7735985   40.32302  42.2%  79.6  836s
 355934 250143   59.06152   90 1238   69.77360   40.32302  42.2%  79.6  843s
 359990 253444   68.84992  213 1387   69.77360   40.40245  42.1%  79.2  850s
 363499 258106   54.25851   65 1299   69.77360   40.40617  42.1%  79.0  855s
 368451 262717   65.01247   84 1667   69.77360   40.40896  42.1%  78.6  861s
 373431 265020   49.19243   47 1199   69.77360   40.42599  42.1%  78.3  865s
 375985 267127   52.11926   69 1131   69.77360   40.42599  42.1%  78.3  870s
 378254 269381   54.70728  101 1071   69.77360   40.42599  42.1%  78.4  875s
 383423 274429   58.06277  162  970   69.77360   40.42599  42.1%  78.6  884s
 386605 277387   57.83213  195  953   69.77360   40.42599  42.1%  78.8  890s
 389919 280248 infeasible  236        69.77360   40.42599  42.1%  78.9  896s
 393192 283147   62.71677  272  931   69.77360   40.42599  42.1%  78.9  903s
 396353 286108   62.26463  303  844   69.77360   40.42599  42.1%  78.9  909s
 399655 288872   63.03652  346  809   69.77360   40.42599  42.1%  78.8  917s
 402852 292943   65.04118  397  762   69.77360   40.42599  42.1%  79.0  923s
 407302 293510   64.65404  427  736   69.77360   40.42599  42.1%  78.9  927s
H407437 293510                      69.7735985   40.42599  42.1%  78.9  927s
H407487 293510                      69.7735983   40.42599  42.1%  78.9  927s
 407952 296524     cutoff  434        69.77360   40.42599  42.1%  78.9  933s
 411445 299651   65.37114  472  677   69.77360   40.42599  42.1%  78.9  939s
 414991 302865   66.54976  528  632   69.77360   40.42599  42.1%  79.0  946s
 418560 305949   66.89548  580  595   69.77360   40.42599  42.1%  78.9  952s
 421987 308712   68.42524  630  527   69.77360   40.42599  42.1%  78.8  959s
 425128 310669   69.18249  689  506   69.77360   40.47825  42.0%  78.8  965s
 427569 313085   44.42148   28 1118   69.77360   40.49218  42.0%  78.9  972s
 430572 317116   44.11985   30 1177   69.77360   40.49218  42.0%  79.1  978s
 435208 319879   65.29318  149 1405   69.77360   40.49637  42.0%  78.9  982s
 438531 322742   51.38741   27 1490   69.77360   40.59732  41.8%  78.8  986s
 441758 325216   68.08258   30 1864   69.77360   40.68937  41.7%  78.6  991s
 444671 328056   65.29291  127 1436   69.77360   40.76568  41.6%  78.5  995s
 451993 335411   61.97543  196 1452   69.77360   40.79064  41.5%  78.2 1003s
 455780 338326   66.63855  390 1317   69.77360   40.80788  41.5%  77.9 1007s
 459125 340918   48.88309   32 1207   69.77360   40.82112  41.5%  77.7 1012s
 462004 342711   47.88029   44 1284   69.77360   40.82112  41.5%  77.6 1019s
H463197 342711                      69.7735983   40.82112  41.5%  77.5 1019s
 463967 347958   58.66929  258 1038   69.77360   40.82112  41.5%  77.5 1027s
H464367 347958                      69.7735980   40.82112  41.5%  77.4 1027s
H465829 347958                      69.7735968   40.82112  41.5%  77.3 1027s
H466751 347574                      69.7562616   40.82112  41.5%  77.2 1027s
H467010 346166                      69.6973142   40.82112  41.4%  77.2 1027s
H467880 343121                      69.5872812   40.82112  41.3%  77.1 1027s
 469493 346588   62.88076  536  786   69.58728   40.82112  41.3%  77.1 1033s
 473285 352196   63.71840  637  713   69.58728   40.82112  41.3%  76.9 1040s
 479113 355501   67.65394  942  486   69.58728   40.82112  41.3%  76.4 1047s
 482920 360079   69.01647 1189  306   69.58728   40.86809  41.3%  76.2 1051s
H489760 364166                      69.5790989   40.86809  41.3%  75.8 1054s
 492536 370246   62.40005  198 1144   69.57910   40.86809  41.3%  75.6 1060s
 501651 375341     cutoff  621        69.57910   40.94666  41.2%  75.0 1067s
 504222 377530   55.05014   95 1294   69.57910   40.94666  41.2%  74.9 1071s
 506640 379861   60.89531  170 1364   69.57910   40.94666  41.2%  74.8 1075s
H509137 380043                      69.5790986   40.94666  41.2%  74.8 1079s
 509326 382573   63.12754  267 1365   69.57910   40.94666  41.2%  74.8 1084s
 512023 385081   64.70983  370 1262   69.57910   40.94666  41.2%  74.7 1089s
 514805 387698   69.41062  474 1178   69.57910   40.96521  41.1%  74.6 1092s
 517896 390299   52.37180   47 1385   69.57910   40.99439  41.1%  74.6 1097s
 520785 392506   65.38629  179 1373   69.57910   41.05133  41.0%  74.7 1102s
 523414 395868   49.18785   44 1321   69.57910   41.06835  41.0%  74.7 1109s
 527137 400215   62.96244  158 1152   69.57910   41.06835  41.0%  74.6 1113s
 531855 402860   68.05922  392  965   69.57910   41.07491  41.0%  74.5 1117s
 534950 405449   54.41775   78 1357   69.57910   41.11108  40.9%  74.4 1121s
 537817 409226   66.37094  220 1450   69.57910   41.15366  40.9%  74.4 1125s
 544965 415463   59.74940  162 1324   69.57910   41.15366  40.9%  74.0 1133s
 548538 418173   65.38745  352 1217   69.57910   41.15366  40.9%  73.9 1138s
 551597 420818     cutoff  521        69.57910   41.16625  40.8%  73.8 1143s
 554522 424555   59.01332   99 1272   69.57910   41.18625  40.8%  73.8 1150s
 562788 432270   60.59929  167 1251   69.57910   41.18625  40.8%  73.5 1157s
 566907 432296   66.00253  318 1280   69.57910   41.18625  40.8%  73.3 1161s
H566912 432279                      69.5784521   41.18625  40.8%  73.3 1161s
H566916 432279                      69.5784521   41.18625  40.8%  73.3 1161s
H566929 432279                      69.5784520   41.18625  40.8%  73.3 1161s
 566944 434858   66.00253  319 1279   69.57845   41.18625  40.8%  73.3 1165s
 569906 437467     cutoff  433        69.57845   41.20650  40.8%  73.2 1170s
 575145 443693   68.93684  171 1162   69.57845   41.23842  40.7%  73.0 1178s
 579328 447378   47.97309   46 1197   69.57845   41.24450  40.7%  72.8 1182s
 583266 450449   59.15465  204 1094   69.57845   41.24450  40.7%  72.6 1185s
 586600 453985   62.57513  395  907   69.57845   41.24450  40.7%  72.5 1192s
 590664 456606   65.47331  683  634   69.57845   41.24450  40.7%  72.4 1197s
 593608 458446   68.51584  910  502   69.57845   41.24450  40.7%  72.4 1202s
 595732 462315     cutoff 1033        69.57845   41.24450  40.7%  72.5 1206s
 600000 466267   65.92285  153 1152   69.57845   41.26385  40.7%  72.4 1211s
 604402 469028   53.36989   62 1137   69.57845   41.34764  40.6%  72.3 1216s
 607649 471622   46.46138   40 1176   69.57845   41.36621  40.5%  72.2 1221s
 610468 474003   54.22009  103 1188   69.57845   41.36621  40.5%  72.3 1226s
 613027 476026   56.38548  149 1131   69.57845   41.36621  40.5%  72.3 1231s
 615196 479400   57.55894  203 1087   69.57845   41.36621  40.5%  72.4 1235s
 618787 482380   60.22654  337  981   69.57845   41.36621  40.5%  72.5 1241s
 621934 486478   62.21724  433  901   69.57845   41.36621  40.5%  72.6 1247s
 626291 487536   64.41723  546  825   69.57845   41.36621  40.5%  72.6 1252s
H626467 487536                      69.5784520   41.36621  40.5%  72.6 1252s
 627411 490825   65.45459  566  844   69.57845   41.36621  40.5%  72.6 1258s
 630944 493717   65.72307  642  777   69.57845   41.36621  40.5%  72.7 1265s
 634093 496916   66.05042  718  715   69.57845   41.36621  40.5%  72.7 1271s
 637500 499530   68.02979  760  680   69.57845   41.36621  40.5%  72.7 1278s
 640342 502404   68.62046  824  625   69.57845   41.36621  40.5%  72.8 1284s
 643514 505085   69.43816  832  616   69.57845   41.37317  40.5%  72.8 1291s
 646558 507128     cutoff   46        69.57845   41.38066  40.5%  72.9 1297s
 648997 509735   57.65991   97 1262   69.57845   41.38066  40.5%  72.9 1304s
 652004 512707   65.14758  226 1076   69.57845   41.38066  40.5%  73.0 1312s
 655324 516958   68.83162  385  922   69.57845   41.43089  40.5%  73.0 1316s
 660013 517981   64.11857  141 1313   69.57845   41.43561  40.4%  73.0 1321s
 661081 522296   68.87982  163 1206   69.57845   41.44303  40.4%  72.9 1326s
 665656 526060   60.59782   94 1417   69.57845   41.46250  40.4%  72.8 1332s
 669814 529194   48.14213   30 1656   69.57845   41.46250  40.4%  72.7 1338s
 673215 531316   67.16444  125 1619   69.57845   41.46250  40.4%  72.6 1342s
H675322 526746                      69.4674059   41.46250  40.3%  72.7 1343s
 675609 529423     cutoff  196        69.46741   41.51016  40.2%  72.6 1348s
 678663 532109   58.56077  124 1331   69.46741   41.51016  40.2%  72.7 1355s
 681629 534659   65.47266  241 1321   69.46741   41.51016  40.2%  72.7 1362s
 684540 537495   69.30015  390 1102   69.46741   41.52140  40.2%  72.9 1369s
 688051 540746   62.06191  141 1379   69.46741   41.52140  40.2%  73.0 1375s
 691771 542944   69.24215  276 1317   69.46741   41.53904  40.2%  73.0 1381s
 694434 545853   68.58455   60 1454   69.46741   41.55155  40.2%  73.1 1389s
 697862 551154   51.23909   72 1244   69.46741   41.55155  40.2%  73.2 1394s
H703685 523780                      68.9382552   41.55155  39.7%  73.0 1461s
H703686 516105                      68.7913172   41.55155  39.6%  73.0 1461s
H703695 492990                      68.3287384   41.55155  39.2%  73.0 1461s
H703697 406705                      66.4165553   41.55155  37.4%  73.0 1461s
 703727 409639   64.52237  309 1141   66.41656   41.55155  37.4%  73.0 1467s
 707186 410564   66.31860  364 1088   66.41656   41.60112  37.4%  73.0 1472s
 708294 413235   58.97115   30 1730   66.41656   41.60509  37.4%  73.0 1479s
 711341 417717   62.44795  112 1163   66.41656   41.65692  37.3%  72.9 1486s
 716204 421156   51.86636   63 1386   66.41656   41.65692  37.3%  72.8 1492s
 719834 424195   64.24247  227 1379   66.41656   41.66200  37.3%  72.6 1499s
 723021 426520   51.39683   46 1111   66.41656   41.66200  37.3%  72.6 1505s

Resetting heuristic parameters to focus on improving solution
(using Heuristics=0.5 and RINS=10)...

H725525 426575                      66.4165553   41.66200  37.3%  72.5 1509s
 725525 426575   65.79493  125 1356   66.41656   41.66200  37.3%  72.5 1509s
H725587 426575                      66.4165552   41.66200  37.3%  72.6 1509s
H725622 428358                      66.4165552   41.66200  37.3%  72.6 1704s
H725624 428358                      66.4165551   41.67619  37.3%  72.6 1704s
H725643 425176                      66.3442772   41.67619  37.2%  72.6 1704s
H725725 423840                      66.3159029   41.67619  37.2%  72.6 1704s
H725810 419273                      66.2084212   41.68201  37.0%  72.6 1704s
H726121 418092                      66.1820758   41.68201  37.0%  72.6 1704s
H726204 416651                      66.1491301   41.68201  37.0%  72.6 1705s
H726326 416613                      66.1483847   41.68201  37.0%  72.6 1705s
H727408 416312                      66.1417118   41.68201  37.0%  72.7 1705s
 728221 442147     cutoff   56        66.14171   41.68219  37.0%  72.8 1781s
H729032 442147                      66.1417118   41.68219  37.0%  72.9 1781s
H729038 442147                      66.1417115   41.68219  37.0%  72.9 1781s
H729052 442147                      66.1417107   41.68219  37.0%  72.9 1781s
H729106 442147                      66.1417103   41.68219  37.0%  72.9 1781s
H730062 440827                      66.1125008   41.68889  36.9%  73.0 1781s
H742074 440062                      66.0958230   41.72380  36.9%  74.5 1781s
 760253 440058     cutoff   88        66.09582   41.82759  36.7%  76.3 1791s
H760254 440058                      66.0958230   41.82759  36.7%  76.3 1791s
H760255 440058                      66.0958230   41.82759  36.7%  76.3 1791s
H760256 440058                      66.0958229   41.82759  36.7%  76.3 1791s
H760258 440058                      66.0958227   41.82759  36.7%  76.3 1791s
H760264 437813                      66.0476646   41.82759  36.7%  76.3 1791s
H760356 438129                      66.0476645   41.82759  36.7%  76.3 1800s
H760361 438129                      66.0476628   41.83364  36.7%  76.3 1800s
H760419 438129                      66.0476620   41.83364  36.7%  76.3 1800s
H760456 437454                      66.0329928   41.83364  36.6%  76.3 1800s

Explored 760778 nodes (58093668 simplex iterations) in 1800.25 seconds (3018.28 work units)
Thread count was 32 (of 96 available processors)

Solution count 10: 66.033 66.0477 66.0477 ... 66.1125

Time limit reached
Best objective 6.603299283121e+01, best bound 4.183364226469e+01, gap 36.6474%
