
Gurobi 9.5.1 (linux64) logging started Wed 10 Aug 2022 07:35:12 PM MST

Set parameter LogFile to value "/home/local/ASUAD/kmajd1/NNRepLayer_v2/demos/walking_example/dynamic_constraint/repair_net_relaxed/logs/opt11_log_8_10_2022_14_29_12.log"
Gurobi Optimizer version 9.5.1 build v9.5.1rc2 (linux64)
Thread count: 48 physical cores, 96 logical processors, using up to 32 threads
Optimize a model with 12558 rows, 9048 columns and 186204 nonzeros
Model fingerprint: 0x0bd203b5
Model has 270 quadratic objective terms
Variable types: 6078 continuous, 2970 integer (2970 binary)
Coefficient statistics:
  Matrix range     [7e-04, 2e+02]
  Objective range  [3e-03, 1e+00]
  QObjective range [7e-02, 7e-02]
  Bounds range     [4e-02, 1e+02]
  RHS range        [7e-05, 2e+02]
Presolve removed 689 rows and 143 columns
Presolve time: 0.25s
Presolved: 11869 rows, 8905 columns, 185055 nonzeros
Presolved model has 270 quadratic objective terms
Variable types: 5941 continuous, 2964 integer (2964 binary)
Root relaxation presolve removed 2963 rows and 2963 columns
Root relaxation presolved: 8906 rows, 5942 columns, 176166 nonzeros
Root relaxation presolved model has 270 quadratic objective terms


Root relaxation: objective 2.580264e+01, 18837 iterations, 0.80 seconds (1.93 work units)

    Nodes    |    Current Node    |     Objective Bounds      |     Work
 Expl Unexpl |  Obj  Depth IntInf | Incumbent    BestBd   Gap | It/Node Time

     0     0   25.80264    0  586          -   25.80264      -     -    1s
     0     0   25.80264    0  586          -   25.80264      -     -    3s
H    0     0                     728.3444788   25.80264  96.5%     -    6s
H    0     0                     638.7909921   25.80264  96.0%     -    7s
     0     2   25.80264    0  586  638.79099   25.80264  96.0%     -    7s
H   31    64                     562.2666890   28.59376  94.9%  51.0    9s
H   32    64                      82.7009161   28.68594  65.3%  50.4    9s
H   33    64                      81.5904167   28.68594  64.8%  49.5    9s
H   35    64                      81.1057955   28.68594  64.6%  47.8    9s
H   39    64                      80.9326662   28.68594  64.6%  45.0    9s
H   47    64                      80.6328087   28.68594  64.4%  41.0    9s
H   95   128                      79.9213444   28.72780  64.1%  39.3   17s
H   96   128                      77.1724590   28.72780  62.8%  39.0   17s
H   98   128                      77.1135562   28.72780  62.7%  38.5   17s
H  105   128                      76.8039267   28.72780  62.6%  37.1   17s
   350   414   29.20778   15  544   76.80393   28.72780  62.6%  22.7   20s
H 1171  1204                      76.7421142   28.72780  62.6%  18.4   24s
H 1176  1204                      76.0219324   28.72780  62.2%  23.5   24s
H 1198  1204                      74.8729389   28.72780  61.6%  28.8   24s
  1203  1241   31.03934   40  549   74.87294   28.72780  61.6%  28.9   35s
  3149  3341   31.72911  105  490   74.87294   28.72780  61.6%   134   40s
  5801  6246   31.80542  162  505   74.87294   28.72780  61.6%  90.5   45s
H 9289  9352                      73.6203908   28.72780  61.0%  72.0   50s
H 9320  9352                      73.2058863   28.72780  60.8%  72.0   50s
 12088 12395   35.72040  358  654   73.20589   28.72780  60.8%  70.1   55s
 13947 14081   37.45623  398  555   73.20589   28.72780  60.8%  72.2   60s
H14791 13543                      51.0272274   28.72780  43.7%  72.9   70s
 14797 13531   28.72780   11  608   51.02723   28.72780  43.7%  74.4   85s
 14799 13534   31.70741   12  977   51.02723   28.72780  43.7%  74.5   94s
 14810 13551   32.88389   14  971   51.02723   28.72780  43.7%  74.8   99s
 14824 13572   45.78662   15 1343   51.02723   28.72780  43.7%  75.1  104s
 14852 13595   45.78662   16 1256   51.02723   28.72780  43.7%  76.4  105s
H14891 12937                      50.9995036   28.72780  43.7%  76.9  108s
H14894 12293                      50.9687511   28.72780  43.6%  77.0  108s
 14916 12318   45.78662   17 1255   50.96875   28.72780  43.6%  77.3  111s
H14929 11703                      50.9684393   28.72780  43.6%  77.7  111s
H14944 11118                      50.9680737   28.72780  43.6%  77.9  111s
 15866 11731   50.41001   29 1341   50.96807   28.72780  43.6%  82.3  115s
 15970 11727   50.41001   30 1340   50.96807   28.72780  43.6%  82.4  121s
H15990 11170                      50.9680737   28.72780  43.6%  82.3  121s
H15994 10645                      50.9365267   28.72780  43.6%  82.3  121s
 16003 10673     cutoff   30        50.93653   28.72780  43.6%  82.3  133s
H16006 10174                      50.9365267   28.72780  43.6%  82.3  133s
 16297 10426   50.67137   35 1337   50.93653   28.72780  43.6%  81.8  135s
 18053 11346   45.01195   21 1404   50.93653   28.72780  43.6%  86.3  140s
 20118 12428   49.23896   41 1411   50.93653   28.72780  43.6%  88.4  145s
 22772 14059     cutoff   18        50.93653   28.93914  43.2%  87.1  150s
 25648 15888   50.80751   48 1362   50.93653   28.94033  43.2%  83.5  155s
 28881 18999   47.03683  124 1204   50.93653   28.94033  43.2%  81.2  161s
 30947 18342   50.90960  212 1103   50.93653   28.94033  43.2%  80.5  167s
 32458 19721   33.08958   29  997   50.93653   28.94033  43.2%  80.0  170s
 35462 21929   44.29393  120 1144   50.93653   28.94033  43.2%  79.6  175s
 39574 24553     cutoff  209        50.93653   28.94033  43.2%  76.2  180s
 42863 26433   36.67213   70  769   50.93653   28.94787  43.2%  74.1  185s
 45805 29333   43.21557  219  576   50.93653   28.94787  43.2%  72.4  191s
 48884 32386   45.09728  359  460   50.93653   28.94787  43.2%  70.9  195s
 53748 37206   46.78594  595  325   50.93653   28.94787  43.2%  68.5  201s
 57144 40660   47.46425  749  252   50.93653   28.94787  43.2%  66.7  206s
 63479 46504   49.18504 1015  121   50.93653   28.94787  43.2%  63.8  213s
 65516 48326   50.34443 1097   98   50.93653   28.94787  43.2%  63.4  215s
 69446 51960     cutoff 1261        50.93653   29.54868  42.0%  62.5  220s
 74528 57144   49.18205  169 1011   50.93653   29.71707  41.7%  60.6  225s
 79574 61131   33.98128   41  837   50.93653   29.80907  41.5%  59.7  230s
 83892 65618   37.77775   80  871   50.93653   29.80907  41.5%  59.8  237s
 86491 67656   39.49570  102  814   50.93653   29.80907  41.5%  59.4  240s
 88670 71667   40.55605  122  818   50.93653   29.80907  41.5%  59.0  245s
 93302 73475   45.81718  181  737   50.93653   29.80907  41.5%  59.7  250s
 95331 75614   43.88429  220  721   50.93653   29.80907  41.5%  61.8  255s
 97922 78215   43.88000  257  681   50.93653   29.80907  41.5%  63.2  260s
 100918 80041   44.31229  300  654   50.93653   29.80907  41.5%  64.1  265s
 102929 83413   44.74848  327  653   50.93653   29.80907  41.5%  64.1  272s
 106644 85692   46.35217  383  644   50.93653   29.80907  41.5%  64.2  277s
 109260 85719   47.40878  425  583   50.93653   29.80907  41.5%  64.0  283s
H109285 85710                      50.9290138   29.80907  41.5%  64.0  283s
 109297 89669   47.41563  426  582   50.92901   29.80907  41.5%  64.0  290s
 113513 92879   47.73133  483  530   50.92901   29.80907  41.5%  63.2  296s
 117222 96397     cutoff  535        50.92901   29.80907  41.5%  62.5  300s
 121368 99980   48.09888  582  462   50.92901   29.80907  41.5%  62.7  307s
 125556 102496   48.30121  623  444   50.92901   29.80907  41.5%  63.4  312s
 128495 105549   48.40288  660  430   50.92901   29.80907  41.5%  63.8  316s
 132023 108696   48.90563  694  408   50.92901   29.80907  41.5%  64.3  320s
 135699 112154   49.69251  725  396   50.92901   29.80907  41.5%  64.4  325s
 139494 115875     cutoff  758        50.92901   29.80907  41.5%  64.1  330s
 143415 119044   49.05621  784  363   50.92901   29.80907  41.5%  63.5  335s
 149615 125746   49.43536  827  336   50.92901   29.80907  41.5%  62.8  343s
 154057 130135   49.09658  853  318   50.92901   29.80907  41.5%  62.2  350s
 161837 135126   49.32265  913  280   50.92901   29.80907  41.5%  61.5  357s
 164695 137284   49.39943  940  261   50.92901   29.80907  41.5%  61.8  361s
 167170 138572   49.49295  961  256   50.92901   29.80907  41.5%  62.7  368s
 168931 139776     cutoff  970        50.92901   29.80907  41.5%  63.9  374s
 170792 141857   49.49464  974  247   50.92901   29.80907  41.5%  65.0  380s
 173605 141882     cutoff 1030        50.92901   29.80907  41.5%  65.6  385s
 173644 143887     cutoff 1031        50.92901   29.80907  41.5%  65.6  391s
 176300 146766     cutoff 1075        50.92901   29.80907  41.5%  66.2  398s
 179807 149211   49.89042 1135  126   50.92901   29.80907  41.5%  66.6  405s
 182803 150628   50.36712 1188  110   50.92901   29.80907  41.5%  67.3  411s
 184710 152358   50.73255 1240   92   50.92901   29.80907  41.5%  68.5  418s
 187008 155320   50.46121 1296   49   50.92901   29.80907  41.5%  69.8  427s
H187195 154252                      50.8342549   29.80907  41.4%  69.8  427s
 190977 157302     cutoff 1394        50.83425   30.51195  40.0%  70.7  435s
 194675 160391   47.81239  284 1012   50.83425   30.62498  39.8%  70.9  443s
 198372 163803   34.82133   58 1053   50.83425   30.63884  39.7%  71.3  450s
 202200 167787   40.50639  107 1001   50.83425   30.65136  39.7%  71.5  455s
H206843 167816                      50.8342549   30.65136  39.7%  71.6  462s
 206878 170024   32.51597   31  852   50.83425   30.65136  39.7%  71.6  467s
 209439 172666   39.82118  106  923   50.83425   30.65136  39.7%  72.0  472s
 212413 175792   46.48842  122 1049   50.83425   30.65838  39.7%  72.8  480s
 216113 179398   35.51742   42  923   50.83425   30.65838  39.7%  73.1  487s
 220132 181978   46.76707  149 1262   50.83425   30.65838  39.7%  73.0  493s
 223179 184095     cutoff  235        50.83425   30.65899  39.7%  73.0  499s
 225671 186155   47.57950  116 1389   50.83425   30.66419  39.7%  73.4  504s
 228231 188002   33.99906   36  958   50.83425   30.66419  39.7%  73.9  510s
 230797 190274     cutoff   52        50.83425   30.66419  39.7%  74.5  516s
 233739 193188   39.23489   58 1163   50.83425   30.66419  39.7%  74.7  524s
 237339 195466     cutoff   88        50.83425   30.68432  39.6%  74.8  531s
 240399 197604   49.29097   48 1213   50.83425   30.74063  39.5%  75.2  537s
 243210 199417   38.36395   78 1025   50.83425   30.74063  39.5%  75.8  545s
 245581 202234   42.01011  130  997   50.83425   30.74063  39.5%  76.2  552s
 248968 205432   47.84409  256  840   50.83425   30.74063  39.5%  76.4  558s
 252378 208764   49.41336  332  752   50.83425   30.74063  39.5%  76.5  564s
 255989 211607   50.61130  411  721   50.83425   30.75454  39.5%  76.4  570s
 259274 214191   43.65393   51 1213   50.83425   30.75654  39.5%  76.3  576s
 262418 217727   33.69509   37  956   50.83425   30.76230  39.5%  76.4  581s
 266559 223026   34.75759   47  846   50.83425   30.76230  39.5%  76.4  585s
 276659 230832   48.62130  484  476   50.83425   30.76230  39.5%  74.8  596s
 281269 233282   50.26866  751  327   50.83425   30.76230  39.5%  74.7  600s
 284160 235604     cutoff  914        50.83425   30.86664  39.3%  74.6  605s
 286568 237932   37.15387   64  950   50.83425   30.86664  39.3%  74.8  610s
H287315 228788                      50.5640376   30.86664  39.0%  74.7  610s
 288982 231563   40.18298  113  932   50.56404   30.86664  39.0%  74.7  616s
 291931 236034   44.70018  188  865   50.56404   30.86664  39.0%  74.6  620s
 300038 241733   49.10186  390  690   50.56404   30.86664  39.0%  74.0  628s
 303028 243728   49.85876  440  685   50.56404   30.86664  39.0%  74.0  634s
 305861 245154     cutoff  491        50.56404   30.90517  38.9%  74.1  641s
 307978 245194   46.89061   40 1195   50.56404   30.90517  38.9%  74.9  647s
H307980 245194                      50.5640376   30.90517  38.9%  74.9  647s
 308032 247163     cutoff   40        50.56404   30.94517  38.8%  74.9  656s
 310614 255136   45.53713   45 1223   50.56404   30.95912  38.8%  76.0  669s
 319317 260721   46.19032  251  696   50.56404   30.96425  38.8%  75.3  677s
 325114 264157   48.36568  415  579   50.56404   30.96425  38.8%  74.4  683s
 328826 267927   49.45907  550  496   50.56404   30.96425  38.8%  74.0  687s
 333142 270323   50.40276  738  324   50.56404   30.97029  38.8%  73.8  691s
 336150 273712   33.92811   39  927   50.56404   30.98695  38.7%  73.9  698s
 339967 278397   38.28612   83  918   50.56404   31.03212  38.6%  73.9  704s
 344681 284102   45.11163  213  775   50.56404   31.03212  38.6%  73.2  708s
 350490 287584   48.39887  410  600   50.56404   31.03212  38.6%  72.2  712s
 354170 290104   49.60096  566  522   50.56404   31.03212  38.6%  71.9  716s
 359173 293620   39.70011   69 1291   50.56404   31.03820  38.6%  71.9  721s
 361301 294920   31.75553   29  935   50.56404   31.04949  38.6%  72.1  725s
 365128 298965     cutoff  125        50.56404   31.08798  38.5%  72.7  735s
 367892 303073   31.68712   28 1039   50.56404   31.10542  38.5%  73.0  742s
 372570 308106   36.53807   58  919   50.56404   31.10542  38.5%  72.9  749s
 377789 312460   43.13128  192  803   50.56404   31.10542  38.5%  72.3  752s
 382513 315698   46.81317  395  639   50.56404   31.10542  38.5%  71.9  756s
 386078 317874   48.15421  576  496   50.56404   31.10542  38.5%  71.7  761s
 388671 319834   48.70670  752  358   50.56404   31.10542  38.5%  71.8  765s
 391043 321300   49.32402  933  265   50.56404   31.10542  38.5%  72.0  770s
 392881 323223   50.24113 1109  174   50.56404   31.10542  38.5%  72.4  775s
 395251 324894   50.45314 1318   55   50.56404   31.16194  38.4%  72.6  781s
 397533 327197   43.88441   93 1221   50.56404   31.16484  38.4%  72.9  789s
 400520 330424   35.70352   48  881   50.56404   31.16911  38.4%  73.7  799s
 404423 333106     cutoff  111        50.56404   31.16911  38.4%  74.0  808s
 407874 335361   44.88199  182  791   50.56404   31.16911  38.4%  74.3  815s
 410734 338493   45.27219  221  732   50.56404   31.16911  38.4%  74.5  823s
 414412 341862   46.78024  285  680   50.56404   31.16911  38.4%  74.7  828s
 418334 342485   48.49425  355  618   50.56404   31.16911  38.4%  75.0  835s
H418468 342485                      50.5640376   31.16911  38.4%  75.0  835s
H418814 342485                      50.5640373   31.16911  38.4%  75.0  835s
 419082 345876   48.71772  386  614   50.56404   31.16911  38.4%  75.0  843s
 423115 348904   48.59948  451  556   50.56404   31.16911  38.4%  75.3  849s
 426820 351239   49.42980  513  528   50.56404   31.16911  38.4%  75.5  856s
 429817 353585   49.98836  576  488   50.56404   31.16911  38.4%  75.7  862s
 432957 355671   49.75536  633  447   50.56404   31.16911  38.4%  75.8  868s
 435897 358019     cutoff  701        50.56404   31.17417  38.3%  76.0  874s
 439211 360180   38.92755   53 1082   50.56404   31.19511  38.3%  76.2  880s
 442427 361837   35.06153   42 1019   50.56404   31.21276  38.3%  76.5  887s
 445269 363794   33.15897   31  993   50.56404   31.21276  38.3%  76.9  893s
 447823 367976   44.23385  128 1101   50.56404   31.23136  38.2%  77.3  901s
 452535 373425   48.63921  245  708   50.56404   31.23189  38.2%  77.1  908s
 458392 377460   40.18004   64 1239   50.56404   31.23189  38.2%  76.6  916s
 462881 379257   37.60725   43 1069   50.56404   31.23189  38.2%  76.3  921s
 464896 381583   43.53926   99 1055   50.56404   31.25855  38.2%  76.4  927s
 467639 383440   32.86769   26  942   50.56404   31.25855  38.2%  76.4  933s
 469719 386287   38.72439   72  883   50.56404   31.25855  38.2%  76.8  939s
 472763 390599   41.83194  150  831   50.56404   31.25855  38.2%  76.9  946s
 477147 394326   45.43657  215  797   50.56404   31.25855  38.2%  76.6  952s
 481144 396872   47.22290  280  723   50.56404   31.25855  38.2%  76.3  958s
 483941 398932   48.56998  337  699   50.56404   31.25855  38.2%  76.4  965s
 486333 399459   49.72821  410  640   50.56404   31.25855  38.2%  76.7  971s
H486386 399459                      50.5640373   31.25855  38.2%  76.7  971s
 486971 401756     cutoff  443        50.56404   31.25855  38.2%  76.8  978s
 489742 405343     cutoff  479        50.56404   31.29838  38.1%  76.9  986s
 493668 408104     cutoff  100        50.56404   31.29894  38.1%  76.9  992s
 496831 411810   41.68631   81 1045   50.56404   31.30593  38.1%  76.9  996s
 500949 416255   42.31708  129  854   50.56404   31.31683  38.1%  76.8 1000s
 509981 423442   49.79445  573  434   50.56404   31.31683  38.1%  76.2 1007s
 513316 425578   50.49454  742  306   50.56404   31.31765  38.1%  76.1 1012s
 515806 427068   41.80219   89 1100   50.56404   31.31765  38.1%  76.2 1016s
 517749 428543     cutoff  106        50.56404   31.31765  38.1%  76.4 1020s
 519749 429839   39.56462   72 1060   50.56404   31.31765  38.1%  76.7 1026s
 521575 432360   31.50938   26  824   50.56404   31.31765  38.1%  77.3 1036s
 525019 434606 infeasible  123        50.56404   31.36399  38.0%  78.2 1045s
 528058 438021   45.76486  109 1251   50.56404   31.37424  38.0%  78.9 1056s
 532230 442617   35.37505   47  931   50.56404   31.37555  37.9%  79.5 1066s
 537231 446535   43.60568  142  952   50.56404   31.37712  37.9%  79.8 1075s
 541730 449797     cutoff  131        50.56404   31.37712  37.9%  80.0 1083s
 545450 450724     cutoff  134        50.56404   31.37712  37.9%  80.2 1092s
H545642 450010                      50.5471961   31.37712  37.9%  80.2 1092s
 546511 453629     cutoff  134        50.54720   31.38484  37.9%  80.2 1102s
 550650 456180   41.57609   77  910   50.54720   31.38528  37.9%  80.3 1111s
 553298 460216   45.67435  148  892   50.54720   31.38528  37.9%  80.3 1120s
 557661 464481   48.50340  227  768   50.54720   31.38528  37.9%  80.3 1125s
 566156 469588   46.27631   53 1532   50.54720   31.40216  37.9%  80.1 1134s
 568973 472948   49.39040   68 1348   50.54720   31.40216  37.9%  80.2 1140s
 572898 478214   44.78666  221  756   50.54720   31.41778  37.8%  80.1 1146s
 578322 482018   47.96388  467  602   50.54720   31.41778  37.8%  79.6 1151s
 582272 486026   48.91649  667  425   50.54720   31.41778  37.8%  79.3 1159s
 586440 490063   49.57315  876  303   50.54720   31.41778  37.8%  79.0 1162s
 590819 492324   50.50038 1065  167   50.54720   31.43059  37.8%  78.7 1165s
 595814 496438   42.87734   63 1279   50.54720   31.44920  37.8%  78.8 1174s
 598503 500299   36.70615   50  963   50.54720   31.45576  37.8%  78.8 1179s
 602524 504435   44.63452  161  862   50.54720   31.45576  37.8%  78.5 1182s
 606833 508353   47.82513  313  713   50.54720   31.45576  37.8%  78.1 1186s
 611040 510692   49.84933  509  539   50.54720   31.45576  37.8%  77.8 1190s
 613765 512670     cutoff  622        50.54720   31.47335  37.7%  77.7 1196s
 616356 514643   49.62837   37 1400   50.54720   31.48521  37.7%  78.0 1203s
H618803 514662                      50.5471961   31.48521  37.7%  78.4 1210s
H618805 514662                      50.5471959   31.48521  37.7%  78.4 1210s
H618847 514688                      50.5471956   31.48521  37.7%  78.5 1290s
H618855 514214                      50.5367961   31.48521  37.7%  78.5 1290s
 618884 516961     cutoff   61        50.53680   31.49294  37.7%  78.5 1299s
 622335 519548 infeasible  130        50.53680   31.49481  37.7%  78.8 1307s
 625725 521710   35.43895   45  888   50.53680   31.49856  37.7%  79.2 1315s
 628786 523948   32.02397   31  862   50.53680   31.50331  37.7%  79.5 1323s
 632098 525914   45.39364   61 1384   50.53680   31.51266  37.6%  79.8 1331s
 634870 529105   44.36470   57 1160   50.53680   31.52130  37.6%  80.0 1340s
 639126 529129   38.44167   54 1319   50.53680   31.52754  37.6%  80.2 1347s
H639134 529129                      50.5367960   31.52754  37.6%  80.2 1347s
 639166 534379   38.92199   55 1403   50.53680   31.52798  37.6%  80.2 1357s
 644839 539213   43.11940  134  793   50.53680   31.53682  37.6%  80.0 1365s
 650050 541718   47.30080  313  606   50.53680   31.53682  37.6%  79.6 1370s
 652782 543991   49.20166  424  537   50.53680   31.53682  37.6%  79.5 1375s
 655336 546267   50.01350  536  486   50.53680   31.54320  37.6%  79.4 1380s
 657799 548788   33.61925   37  864   50.53680   31.54320  37.6%  79.4 1386s
 660426 551608   39.70955   81  846   50.53680   31.54320  37.6%  79.4 1391s
 663369 554972   44.86433  153  777   50.53680   31.54320  37.6%  79.4 1397s
 666855 558203   48.04207  284  642   50.53680   31.54320  37.6%  79.2 1403s
 670283 560982   49.87130  366  632   50.53680   31.54320  37.6%  79.1 1409s
 673324 563492   49.99342  463  553   50.53680   31.54608  37.6%  79.0 1414s
 676258 566462   37.64320   42 1155   50.53680   31.54608  37.6%  79.0 1422s
 679724 568331   49.98236  145 1545   50.53680   31.54608  37.6%  79.0 1429s
H679775 568331                      50.5367959   31.54608  37.6%  79.0 1429s
H679923 568331                      50.5367958   31.54608  37.6%  79.0 1429s
H680200 568331                      50.5367946   31.54608  37.6%  79.0 1429s
H680579 568299                      50.5361765   31.54608  37.6%  79.0 1429s
H681378 562895                      50.4546618   31.54608  37.5%  79.0 1430s
 682252 563129     cutoff  165        50.45466   31.54608  37.5%  79.1 1438s
H682254 563129                      50.4546618   31.54608  37.5%  79.1 1438s
H682460 563129                      50.4546618   31.54608  37.5%  79.1 1438s
 682525 566172     cutoff  165        50.45466   31.56432  37.4%  79.1 1446s
 685731 570394   39.05953   61  921   50.45466   31.56432  37.4%  79.2 1454s
 690113 574456   43.86389  148  860   50.45466   31.56432  37.4%  79.2 1462s
 694365 577678   46.41775  206  824   50.45466   31.56432  37.4%  79.0 1470s
 698029 580251   47.79972  259  766   50.45466   31.56432  37.4%  78.9 1476s
 701039 582475   49.14112  341  706   50.45466   31.56432  37.4%  79.0 1483s
 703757 585684   49.57133  391  686   50.45466   31.56432  37.4%  79.1 1491s
 707585 590810     cutoff  470        50.45466   31.57703  37.4%  79.1 1499s
 713017 593894   44.97121   33 1241   50.45466   31.57703  37.4%  78.7 1504s

Resetting heuristic parameters to focus on improving solution
(using Heuristics=0.5 and RINS=10)...

H716287 593988                      50.4546618   31.57703  37.4%  78.5 1513s
 716287 593988   43.80718   32 1172   50.45466   31.59259  37.4%  78.5 1513s
H716298 593988                      50.4546617   31.59259  37.4%  78.5 1513s
H716305 593988                      50.4546616   31.59259  37.4%  78.5 1513s
H716306 585180                      50.3667936   31.59259  37.3%  78.5 1514s
H716441 585631                      50.3667935   31.59259  37.3%  78.5 1650s
H716478 585629                      50.3667345   31.59259  37.3%  78.6 1650s
H716531 585198                      50.3620460   31.59259  37.3%  78.6 1650s
H716535 573990                      50.2594208   31.59259  37.1%  78.6 1650s
H716614 573873                      50.2584070   31.59259  37.1%  78.6 1650s
H716902 572970                      50.2495245   31.59259  37.1%  78.6 1650s
 717280 577491   37.33246   38 1116   50.24952   31.59259  37.1%  78.7 1800s
H717403 577491                      50.2495244   31.59259  37.1%  78.7 1800s
H717411 577491                      50.2495243   31.59259  37.1%  78.7 1800s
H717441 577106                      50.2463344   31.59259  37.1%  78.7 1800s
H717556 577073                      50.2460335   31.59259  37.1%  78.7 1800s

Explored 723634 nodes (57823978 simplex iterations) in 1800.38 seconds (3040.29 work units)
Thread count was 32 (of 96 available processors)

Solution count 10: 50.246 50.2463 50.2495 ... 50.4547

Time limit reached
Best objective 5.024603351008e+01, best bound 3.159258672935e+01, gap 37.1242%
