
Gurobi 9.5.1 (linux64) logging started Wed 10 Aug 2022 08:36:08 PM MST

Set parameter LogFile to value "/home/local/ASUAD/kmajd1/NNRepLayer_v2/demos/walking_example/dynamic_constraint/repair_net_relaxed/logs/opt13_log_8_10_2022_14_29_12.log"
Gurobi Optimizer version 9.5.1 build v9.5.1rc2 (linux64)
Thread count: 48 physical cores, 96 logical processors, using up to 32 threads
Optimize a model with 12558 rows, 9048 columns and 186204 nonzeros
Model fingerprint: 0x39d24c02
Model has 270 quadratic objective terms
Variable types: 6078 continuous, 2970 integer (2970 binary)
Coefficient statistics:
  Matrix range     [7e-04, 2e+02]
  Objective range  [3e-03, 1e+00]
  QObjective range [7e-02, 7e-02]
  Bounds range     [9e-02, 1e+02]
  RHS range        [2e-05, 2e+02]
Presolve removed 793 rows and 208 columns
Presolve time: 0.37s
Presolved: 11765 rows, 8840 columns, 183482 nonzeros
Presolved model has 270 quadratic objective terms
Variable types: 5915 continuous, 2925 integer (2925 binary)
Root relaxation presolve removed 2921 rows and 2921 columns
Root relaxation presolved: 8844 rows, 5919 columns, 174719 nonzeros
Root relaxation presolved model has 270 quadratic objective terms


Root relaxation: objective 1.053582e+02, 35907 iterations, 1.99 seconds (4.77 work units)

    Nodes    |    Current Node    |     Objective Bounds      |     Work
 Expl Unexpl |  Obj  Depth IntInf | Incumbent    BestBd   Gap | It/Node Time

     0     0  105.35818    0 2332          -  105.35818      -     -    2s
     0     0  105.35818    0 2332          -  105.35818      -     -   10s
     0     2  105.35818    0 2332          -  105.35818      -     -   24s
     1     2 infeasible    1               -  105.71724      -  2381   26s
     5     8  139.77750    3 2484          -  122.54239      -  1551   30s
    29    24 infeasible    6               -  124.34469      -  1373   35s
    71    36  190.56836    8 2351          -  125.32624      -  1393   40s
   210   113 infeasible   11               -  138.17751      -  1345   45s
   372   140  162.15597   16 2505          -  138.17751      -  1215   50s
   621   220  194.29126   20 2529          -  138.17751      -   996   55s
   766   345 infeasible   21               -  138.17751      -   978   60s
  1683  1028  262.30359   43 2478          -  138.17751      -   569   65s
  3211  2266  225.56557   72 2332          -  138.17751      -   327   70s
  3213  2267  264.63693   47 2145          -  138.17751      -   327   78s
  3215  2269  227.02217   74 2145          -  138.17751      -   327   90s
  3216  2270 infeasible   11               -  138.17751      -   339  163s
  3218  2272  138.17751   12 2242          -  138.17751      -   339  166s
  3220  2275  163.56559   13 2160          -  138.17751      -   339  178s
  3232  2291 infeasible   15               -  138.17751      -   342  180s
  3308  2292 infeasible   18               -  138.17751      -   368  186s
  3541  2342  200.15258   21 2365          -  180.04909      -   407  190s
  4384  2874  232.72544   44 2320          -  180.04909      -   366  195s
  6887  4647  240.13241  126 2190          -  180.04909      -   239  200s
  8427  5390  242.06579  161 2154          -  180.04909      -   203  214s
  8934  6235  241.56722  171 2141          -  180.04909      -   194  215s
 11880  8361  242.75561  243 1998          -  180.04909      -   159  220s
 14097 10980  246.74603  314 1896          -  180.04909      -   146  225s
 15222 11490  246.88576  343 1860          -  180.04909      -   139  238s
 16216 13259  247.09441  371 1822          -  180.04909      -   132  240s
 18366 15234  252.37910  407 1764          -  180.04909      -   132  248s
 20027 16705  252.52806  429 1735          -  180.04909      -   127  251s
 21415 17687  253.09545  483 1674          -  180.04909      -   125  256s
 22014 18578  285.20514  485 1672          -  180.04909      -   132  260s
 22761 18869  268.01440  524 1638          -  180.04909      -   139  265s
 23558 20416  283.49585  526 1636          -  180.04909      -   142  270s
 24652 22125  283.62461  563 1599          -  180.04909      -   140  276s
 27985 24713  283.63525  697 1465          -  180.04909      -   131  281s
 29063 27518  283.67229  711 1451          -  180.04909      -   129  285s
 34818 32477  283.84224  910 1252          -  180.04909      -   114  290s
 40215 37757  284.18852 1068 1097          -  180.04909      -   101  296s
 43586 40957  284.83025 1167  983          -  180.04909      -  95.1  301s
 46461 43584  285.70116 1208  944          -  180.04909      -  91.4  305s
 48951 45005 infeasible 1272               -  180.04909      -  90.8  314s
 49723 46102  285.74919 1296  851          -  180.04909      -  93.0  316s
 50870 46246  285.81910 1322  827          -  180.04909      -  93.5  336s
H50873 46246                     726.7663971  180.04909  75.2%  93.5  336s
H51046 46154                     377.1624836  180.04909  52.3%  94.0  361s
H51048 45370                     357.5493597  180.04909  49.6%  94.0  361s
H51049 33606                     284.0359050  180.04909  36.6%  94.0  361s
H51054 30564                     277.0669642  180.04909  35.0%  94.0  361s
 51081 30843     cutoff 1326       277.06696  182.98323  34.0%  94.2  365s
H51118 30843                     277.0669631  182.98323  34.0%  94.2  365s
 53919 33650  251.00434   30 2363  277.06696  186.39822  32.7%  93.5  373s
H53960 33324                     276.3902724  186.39822  32.6%  93.5  373s
H54175 33245                     276.0052728  186.39822  32.5%  93.2  373s
H55097 33184                     275.6635786  186.39822  32.4%  92.0  373s
 55703 35106  275.05529   71 2076  275.66358  188.16611  31.7%  91.2  377s
 58280 37999  243.56171   28 2361  275.66358  188.16611  31.7%  88.7  387s
 62418 39549  273.35689   77 2179  275.66358  188.16611  31.7%  85.3  392s
 64781 41510  274.26989  119 2115  275.66358  188.16611  31.7%  84.3  397s
 67310 43696  274.81713  165 2058  275.66358  188.16611  31.7%  83.0  403s
 70088 45736  275.12523  206 1998  275.66358  188.16611  31.7%  81.8  408s
 72708 45761     cutoff  255       275.66358  188.16611  31.7%  81.0  412s
H72709 45412                     275.5557773  188.16611  31.7%  81.0  412s
H72717 45412                     275.5557771  188.16611  31.7%  81.0  412s
 72799 48158     cutoff  257       275.55578  191.45119  30.5%  81.4  419s
H73338 39807                     269.2867741  191.45119  28.9%  81.1  419s
H73339 39745                     269.2395642  191.45119  28.9%  81.1  419s
H73742 37960                     267.8203054  191.45119  28.5%  80.8  419s
 76046 36827     cutoff  122       267.82031  195.03268  27.2%  79.7  445s
H76051 34911                     267.0226833  195.03268  27.0%  79.7  445s
H76059 30985                     264.9046124  195.92500  26.0%  79.7  445s
H76066 30350                     264.6147777  196.66241  25.7%  79.7  445s
H76234 25215                     262.2189019  197.75154  24.6%  79.6  445s
H76434 24786                     262.1587242  197.75154  24.6%  80.2  460s
H76438 24439                     261.9648593  198.26025  24.3%  80.3  460s
H76446 23748                     261.6493267  198.26025  24.2%  80.3  460s
H76462 21640                     260.7030895  198.26025  24.0%  80.3  460s
H76473 21466                     260.6167614  198.26025  23.9%  80.4  460s
 76520 24556  200.67758   26 2361  260.61676  200.67758  23.0%  80.5  467s
 80109 28380     cutoff  192       260.61676  209.81323  19.5%  79.4  475s
 84531 31711  258.55341  103 2253  260.61676  212.39218  18.5%  76.9  482s
 88443 38176  251.26003  133 2155  260.61676  212.39218  18.5%  75.0  496s
 95845 38173  254.57065  434 1724  260.61676  212.39218  18.5%  71.2  515s
 95881 40978  254.69262  435 1157  260.61676  212.39218  18.5%  71.2  521s
 99102 44058  256.58837  561 1022  260.61676  212.39218  18.5%  70.2  527s
 102572 47245  257.17511  697  870  260.61676  212.39218  18.5%  68.6  532s
H103302 34553                     257.9841798  212.39218  17.7%  68.3  533s
 106155 35210  257.78309  829  692  257.98418  212.39218  17.7%  66.9  538s
 108982 37494  257.86632  958  563  257.98418  212.39218  17.7%  66.2  544s
 111997 39884  257.91948 1094  417  257.98418  212.62140  17.6%  65.3  550s
 115239 42403  232.94447  201 2134  257.98418  217.08652  15.9%  64.3  556s
 118409 47435     cutoff  142       257.98418  217.72108  15.6%  63.4  568s
 124829 51476  253.15948  147 2146  257.98418  217.72108  15.6%  61.6  572s
 129866 54343  255.60806  391 1744  257.98418  217.72108  15.6%  60.2  575s
 137597 59555  256.88894  167 2062  257.98418  221.32242  14.2%  58.4  582s
 141312 61895  254.54574  146 2144  257.98418  221.64990  14.1%  57.6  585s
 147689 67579  256.01140  198 2021  257.98418  221.93986  14.0%  56.5  599s
 154188 70154  249.61354  164 2137  257.98418  222.06800  13.9%  55.4  603s
 158007 72825     cutoff  162       257.98418  222.23408  13.9%  54.9  606s
 161653 75359  255.80290  236 1954  257.98418  222.43032  13.8%  54.4  610s
 165031 77897     cutoff  377       257.98418  222.44497  13.8%  54.0  615s
 171543 82182  256.70735  351 1763  257.98418  222.66593  13.7%  53.0  624s
 174419 84843  257.74081  456 1597  257.98418  222.71048  13.7%  52.7  627s
 177966 89500     cutoff  195       257.98418  222.98458  13.6%  52.3  636s
 184456 91242  256.99336  176 2010  257.98418  222.98458  13.6%  51.7  641s
 186959 93008  257.88910  264 1748  257.98418  223.19898  13.5%  51.6  646s
 189578 95303  257.77039  276 1720  257.98418  223.33438  13.4%  51.6  651s
 192602 97452     cutoff  225       257.98418  223.34361  13.4%  51.5  657s
 195708 99555     cutoff  146       257.98418  223.48479  13.4%  51.4  660s
 199275 101376     cutoff  242       257.98418  223.48479  13.4%  51.3  665s
 202490 102684  257.59861  404 1563  257.98418  223.57813  13.3%  51.2  671s
 205359 103815  240.64627  227 2032  257.98418  223.57813  13.3%  51.2  676s
 208445 106078  256.07730  274 1891  257.98418  223.57813  13.3%  51.2  685s
 218449 111020  257.33929  429 1668  257.98418  223.57813  13.3%  50.2  692s
 221753 112224     cutoff  481       257.98418  224.13052  13.1%  50.0  697s
 224360 113215  255.69281  221 2017  257.98418  224.44420  13.0%  50.1  701s
 226808 114491  256.63600  320 1820  257.98418  224.55046  13.0%  50.3  706s
 229635 115641     cutoff  204       257.98418  224.68605  12.9%  50.3  711s
 232292 116730  256.15261   37 2203  257.98418  225.05192  12.8%  50.4  716s
 234689 117713     cutoff   32       257.98418  225.21870  12.7%  50.7  722s
 237348 118851  239.53300  333 1879  257.98418  225.48998  12.6%  50.9  730s
 240746 120543     cutoff  151       257.98418  225.71465  12.5%  51.2  737s
 244293 122169     cutoff  205       257.98418  225.71465  12.5%  51.4  744s
 247637 123497     cutoff  259       257.98418  225.71465  12.5%  51.7  749s
H249507 122099                     257.9261420  225.71465  12.5%  52.0  749s
H249509 121902                     257.9206555  225.71465  12.5%  52.0  749s
H249513 121839                     257.9189709  225.71465  12.5%  52.0  749s
 250891 122137  255.82280  315 1803  257.91897  225.71465  12.5%  52.2  754s
H252097 115107                     257.7595899  225.71465  12.4%  52.6  754s
 253002 115386     cutoff  387       257.75959  225.71465  12.4%  53.0  760s
 255019 116818     cutoff  451       257.75959  225.71465  12.4%  54.0  768s
H257461 111791                     257.6460482  225.71465  12.4%  54.4  768s
 258157 113472     cutoff  548       257.64605  227.96192  11.5%  54.4  777s
 261619 114201  257.32781  353 1698  257.64605  228.39500  11.4%  54.9  785s
 264520 114924  235.85956  267 1962  257.64605  229.91958  10.8%  55.6  793s
 266848 117320  256.57633  438 1679  257.64605  230.26811  10.6%  56.3  801s
 270920 118510  247.80363  284 1926  257.64605  230.72302  10.4%  56.6  807s
 273647 119247  247.40062  248 2025  257.64605  231.33132  10.2%  56.9  813s
 276199 119546  253.04386  282 1935  257.64605  231.37820  10.2%  57.5  820s
 278522 119596     cutoff   58       257.64605  231.52248  10.1%  58.4  828s
 280782 119561     cutoff  118       257.64605  232.08505  9.92%  59.3  835s
 282811 119548     cutoff   91       257.64605  232.51108  9.76%  60.2  844s
 285130 119326     cutoff  131       257.64605  233.27476  9.46%  61.2  854s
H286121 116819                     257.5945381  234.01162  9.16%  61.8  854s
 287139 116654  237.19718  194 2094  257.59454  234.40980  9.00%  62.7  861s
 289487 117990     cutoff  174       257.59454  235.80522  8.46%  63.9  871s
 293185 118019     cutoff  230       257.59454  236.10332  8.34%  64.5  894s
H293398 105830                     257.3476201  236.21706  8.21%  64.5  894s
H293813 99519                     257.2083944  236.21706  8.16%  64.9  894s
H293922 94939                     257.1063316  236.21706  8.12%  65.0  894s
H293953 94758                     257.1020383  236.21706  8.12%  65.0  894s
 294083 94223     cutoff  159       257.10204  236.25013  8.11%  65.0  902s
 296175 93902     cutoff  145       257.10204  237.24630  7.72%  66.4  912s
 298787 93808  240.35959  132 2156  257.10204  238.19785  7.35%  67.7  924s
 301673 93822  242.00498  286 1945  257.10204  239.17207  6.97%  69.2  937s
 304902 94002  246.78488  221 2039  257.10204  239.59426  6.81%  70.9  946s
 307240 94514     cutoff  227       257.10204  240.44957  6.48%  71.7  958s
 310683 94686     cutoff  291       257.10204  241.23412  6.17%  73.0  967s
 313285 98075  244.90996   48 2303  257.10204  242.01860  5.87%  74.0  980s
 319140 101647  247.33505   32 2292  257.10204  243.36204  5.34%  73.9  991s
 324472 106085  255.57945   56 2231  257.10204  243.83066  5.16%  73.4 1000s
 330005 108967  254.37749   85 2228  257.10204  243.94749  5.12%  72.5 1007s
 334187 113562     cutoff  139       257.10204  244.36327  4.95%  72.0 1017s
 339929 115592     cutoff  316       257.10204  245.34974  4.57%  71.1 1021s
 342806 119447  257.03556   99 2079  257.10204  245.52476  4.50%  70.7 1026s
 352086 125369     cutoff  364       257.10204  245.64136  4.46%  69.4 1033s
 355878 127555  253.71370   93 2245  257.10204  245.64136  4.46%  68.9 1038s
 358922 130486     cutoff  143       257.10204  245.86669  4.37%  68.5 1041s
 363005 132476  256.09719   85 2158  257.10204  245.96056  4.33%  68.0 1045s
 366004 135809  253.74305   33 2276  257.10204  246.32442  4.19%  67.6 1054s
 371588 138875  254.57234   60 2281  257.10204  246.50732  4.12%  67.0 1058s
 376046 141410  247.99489   70 2281  257.10204  246.50732  4.12%  66.6 1061s
 383297 145923  252.16056   76 2246  257.10204  246.82776  4.00%  65.8 1068s
 386499 148328  255.76844  251 1877  257.10204  246.83966  3.99%  65.5 1072s
 389737 150501     cutoff  141       257.10204  247.10590  3.89%  65.1 1076s
 392842 152805  254.94465  154 2091  257.10204  247.10590  3.89%  64.8 1080s
 396387 156591     cutoff  323       257.10204  247.25595  3.83%  64.5 1088s
 402272 159736  255.38624   83 2221  257.10204  247.33142  3.80%  63.9 1092s
 406482 162089  254.43079  126 2160  257.10204  247.39915  3.77%  63.5 1096s
 409859 163842  253.08953  117 2171  257.10204  247.39915  3.77%  63.1 1100s
 415578 168457  256.94155  123 1924  257.10204  247.48718  3.74%  62.6 1108s
 419067 170606  255.26250  211 1958  257.10204  247.48718  3.74%  62.3 1111s
 422262 172256  256.96621  380 1668  257.10204  247.67824  3.67%  62.1 1116s
 428983 178879  252.92083  106 2206  257.10204  247.81251  3.61%  61.5 1128s
 434958 182660  253.84229   88 2228  257.10204  247.85674  3.60%  61.0 1132s
 439602 185035  256.12633  208 1868  257.10204  247.98920  3.54%  60.5 1135s
 445333 188656  255.80093   96 2206  257.10204  248.06787  3.51%  59.9 1143s
 448132 191390     cutoff   58       257.10204  248.08526  3.51%  59.7 1146s
 451940 193759     cutoff  116       257.10204  248.11809  3.49%  59.4 1150s
 458311 196678  256.12503  281 1820  257.10204  248.18763  3.47%  58.8 1179s
H458419 196678                     257.1020379  248.18763  3.47%  58.8 1179s
H458933 157572                     256.5527452  248.18763  3.26%  58.8 1179s
 460102 171949  249.79407   60 2270  256.55275  248.22948  3.24%  58.7 1208s
 480637 175612  254.32735  146 2087  256.55275  248.43543  3.16%  57.2 1212s
 485467 177372  252.74002   81 2236  256.55275  248.51591  3.13%  56.9 1216s
 487786 183005  256.45897  186 1717  256.55275  248.57387  3.11%  56.7 1223s
 495267 185021     cutoff  447       256.55275  248.73798  3.05%  56.1 1226s
 501363 190027  255.69471  226 1844  256.55275  248.76315  3.04%  55.7 1231s
 508265 194902  256.14831  169 2043  256.55275  248.91175  2.98%  55.2 1237s
 511505 197143  250.89671   72 2262  256.55275  248.91175  2.98%  54.9 1240s
 518047 205175  252.09914   88 2226  256.55275  248.93354  2.97%  54.5 1251s
 528085 209286  256.43340   81 2144  256.55275  249.04216  2.93%  53.8 1258s
 531045 211054  254.18958  128 2149  256.55275  249.07014  2.92%  53.7 1262s
 533711 212900  255.65090  206 1881  256.55275  249.07014  2.92%  53.5 1266s
 540038 218738     cutoff   80       256.55275  249.13367  2.89%  53.1 1273s
H542742 215957                     256.5102708  249.19292  2.85%  53.0 1273s
 543856 219085  254.87422  207 1945  256.51027  249.19292  2.85%  52.9 1276s
 547656 223867  256.00385  343 1680  256.51027  249.20687  2.85%  52.6 1284s
 551241 223867  256.39845  299 1644  256.51027  249.22310  2.84%  52.4 1285s
 557541 229163  254.28425   58 2265  256.51027  249.29752  2.81%  52.0 1291s
 560629 230977  256.34244   79 2034  256.51027  249.33731  2.80%  51.8 1295s
 566973 235578  255.82279  158 2076  256.51027  249.35929  2.79%  51.5 1302s
 569977 237796  254.18515  117 2159  256.51027  249.35929  2.79%  51.4 1306s
 573010 240499  255.82496  203 1923  256.51027  249.41480  2.77%  51.3 1310s
 580247 249436  256.42535  322 1677  256.51027  249.45826  2.75%  50.8 1320s
 589519 253703  252.44892  126 2136  256.51027  249.48956  2.74%  50.3 1327s
 592778 255889  253.84329  278 1866  256.51027  249.48956  2.74%  50.2 1331s
 595648 258228  254.79883  407 1714  256.51027  249.48956  2.74%  50.0 1335s
 602149 263024  256.26607  617 1329  256.51027  249.56129  2.71%  49.7 1341s
 605399 264969  255.24323   76 2236  256.51027  249.61356  2.69%  49.5 1345s
 611467 270489  253.76426  118 2163  256.51027  249.63587  2.68%  49.3 1356s
 617038 271936  252.82472  104 2187  256.51027  249.63587  2.68%  49.0 1361s
 624036 277998  256.27222  355 1543  256.51027  249.67979  2.66%  48.7 1368s
 627767 280723     cutoff   60       256.51027  249.72586  2.64%  48.5 1372s
 631182 283214  254.53896  135 2098  256.51027  249.73874  2.64%  48.3 1376s
 634330 286093  256.31163  211 1856  256.51027  249.75572  2.63%  48.2 1380s
 641444 293167     cutoff   71       256.51027  249.82555  2.61%  47.9 1391s
 651330 299226  255.11021  156 1996  256.51027  249.85272  2.60%  47.4 1398s
 654506 301537  256.31113  254 1630  256.51027  249.85496  2.59%  47.2 1401s
 660912 305866  256.11607  194 1945  256.51027  249.89256  2.58%  46.9 1407s
 663103 306421  256.01810   84 2108  256.51027  249.89256  2.58%  46.8 1428s
H663260 306327                     256.5089101  249.89256  2.58%  46.8 1428s
H663424 306049                     256.5051328  249.89256  2.58%  46.8 1428s
 663809 308700     cutoff   84       256.50513  249.89406  2.58%  46.8 1434s
 667319 310841     cutoff  115       256.50513  249.93912  2.56%  46.7 1438s
 670418 313913  255.83402  188 1954  256.50513  249.95114  2.56%  46.6 1446s
 675095 316603  253.51289  149 2091  256.50513  249.95495  2.55%  46.4 1450s
 682611 320756  256.03534  209 1911  256.50513  249.98107  2.54%  46.1 1457s
 686426 322900  256.35255  108 2131  256.50513  249.99802  2.54%  46.0 1461s
 689692 325043  254.25843   59 2258  256.50513  250.00751  2.53%  45.8 1465s
 694629 329919  254.77478  140 2076  256.50513  250.00977  2.53%  45.7 1472s
 699002 332685  256.19607  293 1702  256.50513  250.01087  2.53%  45.5 1477s
 702550 336191  253.27316   90 2214  256.50513  250.03674  2.52%  45.3 1484s
 707697 338745     cutoff   68       256.50513  250.04771  2.52%  45.1 1487s
 711677 341343  254.11337  145 2111  256.50513  250.04771  2.52%  45.0 1490s
 718754 345570     cutoff  159       256.50513  250.07449  2.51%  44.7 1497s
H719265 344443                     256.4926165  250.07449  2.50%  44.7 1497s
 721912 346562  253.52769   96 2225  256.49262  250.07449  2.50%  44.6 1501s
H724238 323326                     256.3136706  250.07449  2.43%  44.5 1502s

Resetting heuristic parameters to focus on improving solution
(using Heuristics=0.5 and RINS=10)...

 724891 323072     cutoff  174       256.31367  250.07449  2.43%  44.5 1527s
 725025 323731  255.56544  176 2017  256.31367  250.12661  2.41%  44.5 1800s
H725101 284928                     256.0286586  250.12661  2.31%  44.5 1800s
H725789 283079                     256.0135423  250.13518  2.30%  44.5 1800s
H731213 282672                     256.0101311  250.16003  2.29%  44.4 1800s

Explored 732004 nodes (32543808 simplex iterations) in 1800.58 seconds (3030.21 work units)
Thread count was 32 (of 96 available processors)

Solution count 10: 256.01 256.014 256.029 ... 257.102

Time limit reached
Best objective 2.560101311330e+02, best bound 2.501601125894e+02, gap 2.2851%
