
Gurobi 9.5.1 (linux64) logging started Wed 10 Aug 2022 10:07:31 PM MST

Set parameter LogFile to value "/home/local/ASUAD/kmajd1/NNRepLayer_v2/demos/walking_example/dynamic_constraint/repair_net_relaxed/logs/opt16_log_8_10_2022_14_29_12.log"
Gurobi Optimizer version 9.5.1 build v9.5.1rc2 (linux64)
Thread count: 48 physical cores, 96 logical processors, using up to 32 threads
Optimize a model with 12558 rows, 9048 columns and 186204 nonzeros
Model fingerprint: 0x87c3daea
Model has 270 quadratic objective terms
Variable types: 6078 continuous, 2970 integer (2970 binary)
Coefficient statistics:
  Matrix range     [7e-04, 2e+02]
  Objective range  [3e-03, 1e+00]
  QObjective range [7e-02, 7e-02]
  Bounds range     [2e-02, 1e+02]
  RHS range        [3e-04, 2e+02]
Presolve removed 703 rows and 152 columns
Presolve time: 0.25s
Presolved: 11855 rows, 8896 columns, 184875 nonzeros
Presolved model has 270 quadratic objective terms
Variable types: 5937 continuous, 2959 integer (2959 binary)
Root relaxation presolve removed 2959 rows and 2959 columns
Root relaxation presolved: 8896 rows, 5937 columns, 175998 nonzeros
Root relaxation presolved model has 270 quadratic objective terms


Root relaxation: objective 2.716277e+01, 8725 iterations, 0.36 seconds (0.90 work units)

    Nodes    |    Current Node    |     Objective Bounds      |     Work
 Expl Unexpl |  Obj  Depth IntInf | Incumbent    BestBd   Gap | It/Node Time

     0     0   27.16277    0  622          -   27.16277      -     -    0s
     0     0   27.16277    0  622          -   27.16277      -     -    1s
H    0     0                     717.8107765   27.16277  96.2%     -    3s
H    0     0                     631.6876001   27.16277  95.7%     -    3s
     0     2   27.16277    0  622  631.68760   27.16277  95.7%     -    3s
     7    16   28.74291    3  645  631.68760   28.74291  95.4%   102    5s
H   32    64                     569.6866696   29.21761  94.9%   168    6s
H   33    64                     557.1964112   29.21761  94.8%   164    6s
H   35    64                     556.1963712   29.21761  94.7%   155    6s
H   44    64                     555.1944016   29.21761  94.7%   126    6s
H   62    64                     554.7202827   29.23216  94.7%  98.8    6s
H   95   128                      59.8129553   29.23870  51.1%  78.5   12s
H   96   128                      59.1673257   29.23870  50.6%  89.5   12s
H  106   128                      58.5654283   29.23870  50.1%   135   12s
H  107   128                      58.4765814   29.23870  50.0%   139   12s
H  127   160                      58.4765814   29.23870  50.0%   159   17s
H  129   160                      56.3962191   29.23870  48.2%   157   17s
   441   525   29.84671   16  643   56.39622   29.23870  48.2%   104   20s
  1198  1180   30.52743   28  798   56.39622   29.23870  48.2%   150   29s
H 1200  1180                      56.3962191   29.23870  48.2%   149   29s
H 1201  1180                      56.1567329   29.23870  47.9%   149   29s
H 1215  1180                      56.0998586   29.23870  47.9%   148   29s
  1230  1348   30.47639   28  804   56.09986   29.23870  47.9%   147   30s
  3548  3628   31.59220   99  788   56.09986   29.23870  47.9%  73.4   35s
  6781  6734   34.65864  170  694   56.09986   29.23870  47.9%  60.4   40s
 12118 12065   35.38725  311  599   56.09986   29.23870  47.9%  47.1   45s
H14644 13012                      50.2864017   29.23870  41.9%  48.2   61s
 14650 12998   37.55239   14 1042   50.28640   29.23870  41.9%  48.9   72s
 14755 13069   29.84699   21  695   50.28640   29.23870  41.9%  49.3   76s
H14773 12413                      50.1642980   29.23870  41.7%  49.3   76s
H14776 11794                      49.9087246   29.23870  41.4%  49.3   76s
H14797 11224                      49.8826058   29.23870  41.4%  49.3   78s
 15290 11495   30.36776   39  703   49.88261   29.23870  41.4%  49.3   80s
H15814 11194                      49.8826058   29.23870  41.4%  48.9   83s
H15818 10663                      49.8826058   29.23870  41.4%  48.8   83s
H15826 10157                      49.8826057   29.23870  41.4%  48.8   83s
H15827  9680                      49.8826056   29.23870  41.4%  48.8   83s
 16288  9994   30.71676   70  675   49.88261   29.23870  41.4%  49.4   85s
 17821 10816   31.51692  106  689   49.88261   29.23870  41.4%  49.8   95s
H17827 10360                      49.8826048   29.23870  41.4%  49.8   95s
 22049 13364   35.68623  166  593   49.88260   29.23870  41.4%  51.6  100s
 25660 15594   36.80375  240  595   49.88260   29.23870  41.4%  50.0  105s
 29515 18536   37.23221  343  546   49.88260   29.23870  41.4%  49.3  112s
 31442 18516   38.13680  356  582   49.88260   29.23870  41.4%  49.8  115s
 33734 20499   37.80643  435  487   49.88260   29.23870  41.4%  50.6  120s
 35492 21511   38.36520  480  475   49.88260   29.23870  41.4%  50.9  125s
 38188 23558   39.12756  502  521   49.88260   29.23870  41.4%  51.1  130s
 40295 24322   39.47677  519  484   49.88260   29.23870  41.4%  51.3  181s
H40312 23408                      49.3008655   29.23870  40.7%  51.3  181s
 42855 25287   40.76525  536  493   49.30087   29.23870  40.7%  51.6  185s
H42857 25287                      49.3008655   29.23870  40.7%  51.6  185s
 44650 28642   40.63393  557  450   49.30087   29.23870  40.7%  52.3  191s
 48195 31873   41.60855  652  445   49.30087   29.23870  40.7%  52.3  195s
 51543 33372   44.32429  743  406   49.30087   29.23870  40.7%  52.4  200s
 55018 38138   43.38644  775  417   49.30087   29.23870  40.7%  52.6  207s
 58450 44549   44.15304  783  435   49.30087   29.23870  40.7%  52.4  217s
 63536 46292   46.13077  838  398   49.30087   29.23870  40.7%  52.4  220s
 67520 50244   46.17555  875  426   49.30087   29.23870  40.7%  52.5  227s
 69636 52268   47.83339  877  419   49.30087   29.23870  40.7%  52.5  230s
 74142 56031   48.23875  895  400   49.30087   29.23870  40.7%  52.3  237s
 76313 58266   48.03810  896  407   49.30087   29.23870  40.7%  52.7  241s
 78793 60504   48.80739  900  399   49.30087   29.23870  40.7%  52.7  245s
 84045 65607   33.70582   31  702   49.30087   29.23870  40.7%  52.6  253s
 86935 68361   38.63218  125  762   49.30087   29.23870  40.7%  52.2  258s
 89863 72456   45.15567  223  922   49.30087   29.23870  40.7%  51.9  268s
 94546 78205   39.46055   69  973   49.30087   29.23870  40.7%  51.8  272s
 105924 86837   40.26105  225  517   49.30087   29.23870  40.7%  50.6  277s
 110220 90413   42.30269  400  410   49.30087   29.23870  40.7%  50.0  280s
 117327 96401   45.15348  709  230   49.30087   29.23870  40.7%  49.2  286s
 120321 104939   46.05378  851  181   49.30087   29.23870  40.7%  49.0  292s
 129354 108252   48.25470 1169   66   49.30087   29.23870  40.7%  48.1  295s
 135919 114128   38.03638   55  926   49.30087   29.23870  40.7%  47.2  301s
 141741 119529   35.15903   46  766   49.30087   29.23870  40.7%  46.9  307s
 144618 121825   47.44885  156  793   49.30087   29.23870  40.7%  46.9  310s
 149785 129209   37.14365   75  892   49.30087   29.23870  40.7%  47.2  321s
 155030 132148   45.18446  232  880   49.30087   29.23870  40.7%  47.4  325s
 162185 139254   43.70655  168  922   49.30087   29.23870  40.7%  47.6  331s
 167257 143410     cutoff  374        49.30087   29.49467  40.2%  47.9  338s
 170841 146118   35.37489   52  708   49.30087   29.49467  40.2%  48.2  342s
 174041 148949   47.23206  196  807   49.30087   29.55497  40.1%  48.6  346s
 177249 152026   29.70401   45  614   49.30087   29.55497  40.1%  48.8  350s
 180621 156416   42.75869  193  703   49.30087   29.55530  40.1%  49.0  357s
 185698 158877   34.86879   55  680   49.30087   29.56358  40.0%  49.1  362s
 188584 162114   43.83084   89  794   49.30087   29.56358  40.0%  49.5  365s
 196460 169362   49.22151  150  868   49.30087   29.56358  40.0%  49.4  372s
 200248 172780   37.86737   93  698   49.30087   29.56358  40.0%  49.2  376s
 206987 178442   35.55886   72  670   49.30087   29.56358  40.0%  49.1  383s
 209959 182838   38.02697  118  656   49.30087   29.56358  40.0%  49.2  389s
 214648 186186   43.10310  181  673   49.30087   29.56358  40.0%  49.3  392s
 218388 189461   44.60906  269  653   49.30087   29.56358  40.0%  49.5  396s
 222014 192442   46.46984  357  618   49.30087   29.56358  40.0%  49.5  400s
 228495 198183   48.55685  490  555   49.30087   29.56358  40.0%  49.6  407s
 231666 201296   35.22711   79  623   49.30087   29.56358  40.0%  49.6  410s
 237671 207454   46.93861  365  406   49.30087   29.65128  39.9%  49.4  418s
 241354 211479   34.98725   35  674   49.30087   29.65128  39.9%  49.2  424s
 245974 214794   39.44819   67  659   49.30087   29.65128  39.9%  49.3  428s
 249652 218309   33.49854   41  625   49.30087   29.65128  39.9%  49.2  431s
 256685 224183   46.76337  310  448   49.30087   29.65128  39.9%  49.3  436s
 262884 230123   38.16077  124  665   49.30087   29.65128  39.9%  49.6  443s
 266226 233100   46.78163  286  627   49.30087   29.65128  39.9%  49.6  446s
 269471 235657   31.85277   54  597   49.30087   29.65128  39.9%  49.5  450s
 272328 239244   44.08531  198  649   49.30087   29.69963  39.8%  49.5  456s
 276308 242749   33.70922   43  615   49.30087   29.75146  39.7%  49.7  461s
 280113 246272   42.77290  201  537   49.30087   29.75146  39.7%  49.6  465s
 287057 252722   33.38788   38  671   49.30087   29.81416  39.5%  49.5  472s
 290909 255530   47.98655  182  784   49.30087   29.81520  39.5%  49.6  475s
 297134 260392   41.16486  231  527   49.30087   29.82341  39.5%  49.8  483s
 299959 262710   46.23716  393  421   49.30087   29.82341  39.5%  49.9  487s
 302598 265699   48.95180  561  330   49.30087   29.82341  39.5%  50.1  493s
 306093 269245   36.70574   33  694   49.30087   29.82341  39.5%  50.3  496s
 310061 271989     cutoff   59        49.30087   29.82779  39.5%  50.5  500s
 316842 278770   43.22806  202  514   49.30087   29.82885  39.5%  50.8  509s
 320454 281765   46.21825  309  438   49.30087   29.82885  39.5%  50.7  513s
 323674 284792   48.15203  417  371   49.30087   29.82885  39.5%  50.7  517s
 326845 288548   48.88596  522  322   49.30087   29.84699  39.5%  50.7  520s
 334339 294965   34.62511   63  681   49.30087   29.84699  39.5%  50.6  530s
 340683 299340   47.70810  280  766   49.30087   29.84699  39.5%  51.0  538s
 343334 301892   44.61967   65  952   49.30087   29.84699  39.5%  51.3  544s
 346196 305357   30.63875   25  654   49.30087   29.84699  39.5%  51.5  547s
 350212 308040   44.90421  162  852   49.30087   29.84699  39.5%  51.7  550s
 356814 313735   33.15055   36  659   49.30087   29.84699  39.5%  52.2  558s
 359908 316515   42.64338   86  882   49.30087   29.84699  39.5%  52.5  563s
 363226 319505     cutoff  114        49.30087   29.84699  39.5%  52.6  569s
 366765 322597   39.26265  130  560   49.30087   29.84699  39.5%  52.7  573s
 370141 325935   42.83852  235  511   49.30087   29.84699  39.5%  52.8  578s
 373846 328848   46.23510  347  430   49.30087   29.84699  39.5%  52.7  583s
 377132 331689   47.79230  455  377   49.30087   29.84699  39.5%  52.7  587s
 380313 334541   48.93101  561  322   49.30087   29.84699  39.5%  52.7  592s
 383664 337390   36.38842   70  716   49.30087   29.84699  39.5%  52.7  597s
 386907 339851   44.85068  231  719   49.30087   29.84699  39.5%  52.8  602s
 389943 342270   36.07757   55  673   49.30087   29.84699  39.5%  52.8  606s
 392921 344918   46.92387  148  736   49.30087   29.86419  39.4%  52.9  612s
 396171 349258   36.90959   80  639   49.30087   29.86419  39.4%  52.9  615s
 405249 356059   48.99540  426  369   49.30087   29.86825  39.4%  52.7  622s
 408650 357965   41.54969  124  722   49.30087   29.86879  39.4%  52.6  626s
 413949 363464   40.97135  178  683   49.30087   29.87040  39.4%  52.6  633s
 417397 367384   48.22574  337  640   49.30087   29.87040  39.4%  52.5  636s
 425226 374524   33.83015   41  646   49.30087   29.87371  39.4%  52.4  645s
 433051 380845   49.15908  219  847   49.30087   29.87371  39.4%  52.3  651s
 436953 383557   43.56098  119  872   49.30087   29.87371  39.4%  52.2  655s
 443202 389322   42.19062  203  541   49.30087   29.87371  39.4%  52.1  662s
 446361 393337   45.24426  360  419   49.30087   29.87371  39.4%  52.0  665s
 454352 400526   48.35573  665  266   49.30087   29.87371  39.4%  51.8  672s
 458880 402847   38.86980   55  744   49.30087   29.87371  39.4%  51.8  675s
 464888 408313     cutoff  165        49.30087   29.87371  39.4%  52.0  681s
 467697 411409   36.76460   77  734   49.30087   29.87371  39.4%  52.2  685s
 474148 416960   49.02646  257  856   49.30087   29.87408  39.4%  52.2  693s
 476913 419390   38.91932   48  743   49.30087   29.87408  39.4%  52.5  696s
 479445 422319   40.24345   75  712   49.30087   29.87408  39.4%  52.7  701s
 482490 425440   41.58424  115  701   49.30087   29.87408  39.4%  52.7  705s
 485724 428856   43.09585  136  691   49.30087   29.87408  39.4%  52.8  710s
 492679 435296   47.50460  215  674   49.30087   29.87408  39.4%  52.8  719s
 496054 435325   48.27957  249  649   49.30087   29.87408  39.4%  52.8  764s
H496056 435325                      49.3008655   29.87408  39.4%  52.8  764s
H496058 433318                      49.1722610   29.87408  39.2%  52.8  764s
H496071 392171                      48.4044074   29.87408  38.3%  52.8  764s
 496089 392156     cutoff  250        48.40441   29.87408  38.3%  52.8  793s
H496090 392156                      48.4044072   29.87408  38.3%  52.8  794s
H496090 391927                      48.3993829   29.87408  38.3%  52.8  794s
H496094 385700                      48.2765793   29.87408  38.1%  52.8  794s
H496121 385316                      48.2692531   29.87408  38.1%  52.8  794s
H496147 385251                      48.2680659   29.87408  38.1%  52.8  794s
 496162 386124     cutoff  246        48.26807   29.88049  38.1%  52.8  798s
 497091 389765   32.56057   57  677   48.26807   29.88049  38.1%  52.8  803s
 501058 390931   40.69727  169  655   48.26807   29.88049  38.1%  52.8  808s
 502318 394487   43.85847  194  660   48.26807   29.88049  38.1%  52.8  813s
 506298 397572   48.17927  315  712   48.26807   29.88886  38.1%  52.8  819s
 509824 400414   38.57955   92  772   48.26807   29.89113  38.1%  52.9  824s
 513144 404008   47.79022  201  828   48.26807   29.89141  38.1%  52.9  829s
 516924 408406   36.86446   92  616   48.26807   29.89141  38.1%  52.8  835s
 524259 412969   43.94236  310  465   48.26807   29.89141  38.1%  52.6  844s
 526523 415417   44.84554  409  415   48.26807   29.89141  38.1%  52.7  848s
 529164 417981   46.20759  516  369   48.26807   29.89141  38.1%  52.8  853s
 531979 420963   47.26947  629  302   48.26807   29.89141  38.1%  52.9  858s
 535216 424312   30.95928   45  693   48.26807   29.89141  38.1%  53.1  863s
 538618 427294   33.59125   83  667   48.26807   29.89141  38.1%  53.2  868s
 541691 430206   35.48921  124  642   48.26807   29.89141  38.1%  53.5  872s
 544835 433586   37.78013  167  623   48.26807   29.89141  38.1%  53.6  877s
 548377 436927   39.56096  188  693   48.26807   29.89141  38.1%  53.7  883s
 552053 439546   41.90025  232  619   48.26807   29.89141  38.1%  53.8  888s
 555140 442804   42.71374  284  612   48.26807   29.89141  38.1%  53.9  893s
 558579 446258   43.99806  344  597   48.26807   29.89141  38.1%  53.9  898s
 562256 448999   44.72563  396  557   48.26807   29.89141  38.1%  53.9  903s
 565321 451189   45.46592  427  552   48.26807   29.89141  38.1%  53.9  908s
 568012 453998   45.87510  494  493   48.26807   29.89141  38.1%  54.2  912s
 571402 457337   46.94045  593  441   48.26807   29.89141  38.1%  54.5  915s
 575177 461497   47.59260  683  401   48.26807   29.90152  38.1%  54.8  920s
 579725 464031   36.12597   53  755   48.26807   29.90152  38.1%  54.9  925s
 582777 466618   37.01961  103  641   48.26807   29.90152  38.1%  55.2  930s
 585651 470146   40.67199  156  591   48.26807   29.90152  38.1%  55.7  936s
 589443 473429   42.51475  204  596   48.26807   29.90152  38.1%  55.9  942s
 592956 476655   43.71019  261  583   48.26807   29.90152  38.1%  56.0  948s
 596472 479834   45.47143  316  548   48.26807   29.90152  38.1%  56.1  954s
 599884 482611   47.07840  359  515   48.26807   29.90152  38.1%  56.3  960s
 606529 489278   33.04954   46  770   48.26807   29.91073  38.0%  56.7  968s
 610303 492175   47.17741  278  728   48.26807   29.91073  38.0%  57.0  974s
 613564 495381   36.68035  100  704   48.26807   29.91073  38.0%  57.3  979s
 617120 498191 infeasible  323        48.26807   29.91434  38.0%  57.4  985s
 620598 501068     cutoff  177        48.26807   29.91524  38.0%  57.5  990s
 623934 503842   39.46298   50  876   48.26807   29.91524  38.0%  57.6  995s
 627304 506356   41.22286   76  809   48.26807   29.91524  38.0%  57.6 1000s
 630471 508660   44.84415  105  797   48.26807   29.91524  38.0%  57.7 1005s
 633580 511542   33.27481   26  674   48.26807   29.91524  38.0%  57.8 1010s
 637171 514792   46.61782  221  770   48.26807   29.92002  38.0%  58.0 1015s
 641120 519592   47.94444  111  617   48.26807   29.92002  38.0%  58.2 1021s
 647023 523346   47.76781  320  488   48.26807   29.92002  38.0%  58.3 1025s
 653521 528620   36.52754   46  841   48.26807   29.92002  38.0%  58.1 1032s
 656038 530629   39.94236   52  752   48.26807   29.92002  38.0%  58.1 1036s
 660333 534591   41.12824  113  785   48.26807   29.92002  38.0%  58.4 1044s
 662638 536898   41.67572  122  807   48.26807   29.92002  38.0%  58.6 1048s
 665214 538865   44.32797  176  759   48.26807   29.92002  38.0%  58.7 1053s
 667545 541819   44.91163  187  782   48.26807   29.92002  38.0%  58.9 1056s
 670953 545458   47.36601  205  716   48.26807   29.92823  38.0%  59.0 1061s
 675078 548328   38.79098   46  863   48.26807   29.92823  38.0%  59.1 1065s
 678149 551645   45.03293  130  914   48.26807   29.93159  38.0%  59.3 1070s
 681629 554473   32.74405   56  629   48.26807   29.93159  38.0%  59.3 1075s
 687896 560913   35.65885  121  567   48.26807   29.93159  38.0%  59.6 1082s
 691672 563871   38.45656  172  578   48.26807   29.93159  38.0%  59.7 1086s
 694951 567070   40.74647  220  558   48.26807   29.93159  38.0%  59.8 1091s
 698284 569526   42.19340  277  574   48.26807   29.93159  38.0%  59.9 1096s
 701076 572765   43.66529  364  500   48.26807   29.93159  38.0%  60.0 1101s
 707931 577212   45.24412  514  446   48.26807   29.93159  38.0%  60.6 1109s
 710496 579779   46.59155  599  421   48.26807   29.93159  38.0%  60.9 1114s
 713405 582436   47.82896  685  374   48.26807   29.93159  38.0%  61.2 1120s
 716502 585380   41.46896   95  817   48.26807   29.93159  38.0%  61.4 1125s
 719862 589734   34.62204   81  707   48.26807   29.93159  38.0%  61.6 1130s
 729493 597471   39.86238  136  718   48.26807   29.93159  38.0%  61.7 1139s
 733069 601145   45.23092  234  680   48.26807   29.93159  38.0%  61.7 1145s
 740485 606608     cutoff  108        48.26807   29.97812  37.9%  61.9 1152s
 743780 609630   38.68009  125  736   48.26807   29.97812  37.9%  62.1 1157s
 747003 612977   44.11243  226  697   48.26807   29.97812  37.9%  62.2 1161s
 750989 615905     cutoff  356        48.26807   29.97812  37.9%  62.2 1165s
 757364 619040   47.76079  200  772   48.26807   29.97812  37.9%  62.5 1173s
 757898 621395     cutoff  211        48.26807   29.99348  37.9%  62.6 1178s
 760593 624191   36.11382   97  595   48.26807   29.99348  37.9%  62.9 1183s
 763665 627715   40.17754  218  541   48.26807   29.99348  37.9%  63.2 1187s
 767448 631151   44.14865  443  396   48.26807   29.99348  37.9%  63.4 1191s
 771132 633878   46.35886  644  316   48.26807   29.99348  37.9%  63.5 1195s
 774213 636707   47.91690  839  221   48.26807   29.99532  37.9%  63.6 1200s
 777262 639419   38.63887   99  669   48.26807   29.99532  37.9%  63.7 1205s
 780245 642266   47.51990  301  596   48.26807   30.00194  37.8%  63.9 1210s
 786415 648246   37.78647  164  623   48.26807   30.00194  37.8%  64.3 1218s
 789991 652185   38.78476  200  612   48.26807   30.00194  37.8%  64.6 1222s
 794156 656020   40.13890  238  620   48.26807   30.00194  37.8%  64.7 1229s
 798131 658853   42.22651  283  595   48.26807   30.00194  37.8%  64.9 1233s
 801222 661333   43.77237  364  560   48.26807   30.00194  37.8%  65.0 1238s
 803886 664409   44.14805  436  510   48.26807   30.00194  37.8%  65.1 1243s
 807120 667366   45.65414  502  457   48.26807   30.00194  37.8%  65.3 1248s
 810247 670400   46.43104  609  405   48.26807   30.00194  37.8%  65.4 1253s
 813568 673419   47.50869  705  383   48.26807   30.01540  37.8%  65.5 1258s
 816775 676588   42.19870  117  682   48.26807   30.01541  37.8%  65.7 1262s
 820498 680519   37.59538   87  620   48.26807   30.01541  37.8%  65.8 1267s
 824670 684526   44.97127  284  471   48.26807   30.01541  37.8%  65.9 1273s
 829018 687080   45.73196   86  764   48.26807   30.01541  37.8%  65.9 1277s
 831832 690097   37.15836   91  800   48.26807   30.01541  37.8%  65.9 1280s
 838653 695918     cutoff  246        48.26807   30.02032  37.8%  66.1 1288s
 841635 698631   37.47991   83  920   48.26807   30.02032  37.8%  66.1 1293s
 844534 702039   40.35415  122  838   48.26807   30.02032  37.8%  66.2 1296s
 848181 704495   43.19213  195  840   48.26807   30.02032  37.8%  66.4 1300s
 853470 709220   47.18127  278  800   48.26807   30.02032  37.8%  66.8 1309s
 856207 712043     cutoff  328        48.26807   30.03243  37.8%  67.1 1315s
 863935 719867   46.05353  388  414   48.26807   30.03243  37.8%  67.3 1323s
 867611 722837     cutoff  555        48.26807   30.03243  37.8%  67.3 1327s
 870909 725826   38.16126  123  658   48.26807   30.03696  37.8%  67.4 1332s
 874302 729106   44.78946  215  665   48.26807   30.03696  37.8%  67.4 1336s
 877796 732287     cutoff  299        48.26807   30.03901  37.8%  67.4 1340s
 881223 735335 infeasible  159        48.26807   30.04179  37.8%  67.3 1345s
 887652 741914   36.83510   99  940   48.26807   30.04179  37.8%  67.3 1354s
 892186 745231   32.86477   80  651   48.26807   30.04179  37.8%  67.4 1357s
 895891 747810   38.41450  146  553   48.26807   30.04179  37.8%  67.4 1360s
 902079 753762   47.97756  441  450   48.26807   30.04530  37.8%  67.4 1368s
 905216 757228   35.70082  103  516   48.26807   30.05615  37.7%  67.4 1371s
 911979 762371   33.46463   68  609   48.26807   30.05615  37.7%  67.4 1378s
 914579 765538  postponed   94        48.26807   30.05615  37.7%  67.5 1382s
 917853 769178   37.09944  118  495   48.26807   30.05615  37.7%  67.5 1388s
 921795 771595   38.30051  168  516   48.26807   30.05615  37.7%  67.4 1393s
 924490 774329   41.79626  198  495   48.26807   30.05615  37.7%  67.5 1398s
 927511 776874   42.37975  241  459   48.26807   30.05615  37.7%  67.6 1402s
 930697 780939   43.09269  288  447   48.26807   30.05615  37.7%  67.8 1406s
 935057 783937   43.71202  328  422   48.26807   30.05615  37.7%  67.7 1410s
 938447 787203   45.02618  373  413   48.26807   30.05615  37.7%  67.8 1415s
 941978 789614   44.78814  416  371   48.26807   30.05615  37.7%  67.8 1420s
 947199 794474   46.13598  493  342   48.26807   30.05615  37.7%  68.1 1430s
 954020 800214   47.09707  590  293   48.26807   30.05615  37.7%  68.5 1439s
 956906 802751   47.64561  643  262   48.26807   30.07996  37.7%  68.6 1444s
 959654 805260   30.25428   38  629   48.26807   30.07996  37.7%  68.9 1449s
 962554 808287   33.29769   68  571   48.26807   30.07996  37.7%  69.3 1455s
 966082 811325     cutoff   94        48.26807   30.07996  37.7%  69.5 1461s
 969521 814490   36.51157  144  536   48.26807   30.07996  37.7%  69.7 1467s
 973102 817653   38.22794  190  512   48.26807   30.07996  37.7%  69.8 1473s
 976698 820595   39.73231  235  467   48.26807   30.07996  37.7%  69.8 1479s
 979761 823492   41.02194  273  448   48.26807   30.07996  37.7%  69.9 1485s
 983124 825949   45.12765  316  419   48.26807   30.07996  37.7%  69.9 1490s
 985936 828706   43.11583  357  406   48.26807   30.07996  37.7%  70.1 1496s
 989160 831976   43.58843  400  397   48.26807   30.07996  37.7%  70.1 1500s

Resetting heuristic parameters to focus on improving solution
(using Heuristics=0.5 and RINS=10)...

 993026 833327   44.46878  456  352   48.26807   30.07996  37.7%  70.3 1504s
H993954 833327                      48.2680658   30.07996  37.7%  70.3 1505s
H994024 833327                      48.2680654   30.07996  37.7%  70.3 1505s
H994630 833327                      48.2680654   30.07996  37.7%  70.3 1505s
 994920 833408   36.16077   51  685   48.26807   30.07996  37.7%  70.4 1514s
H995004 833408                      48.2680654   30.07996  37.7%  70.4 1514s
 995035 835025   34.39471   50  670   48.26807   30.07996  37.7%  70.4 1525s
H995299 835025                      48.2680652   30.07996  37.7%  70.4 1525s
H995366 835025                      48.2680648   30.07996  37.7%  70.4 1525s
H995531 835025                      48.2680647   30.07996  37.7%  70.4 1525s
H996739 835025                      48.2680644   30.07996  37.7%  70.5 1525s
H996923 835025                      48.2680643   30.07996  37.7%  70.5 1526s
 997066 835142   40.44555   74  873   48.26806   30.07996  37.7%  70.5 1534s
 997205 841249   40.60082   76  869   48.26806   30.08302  37.7%  70.5 1547s
 1005264 841337   33.74802   35  684   48.26806   30.08302  37.7%  70.7 1556s
 1005368 842547     cutoff   38        48.26806   30.08302  37.7%  70.7 1564s
H1005704 842547                      48.2680642   30.08302  37.7%  70.7 1564s
H1005761 842547                      48.2680640   30.08302  37.7%  70.7 1564s
 1006879 842585   38.04277   53  693   48.26806   30.08302  37.7%  70.8 1570s
H1006925 842585                      48.2680640   30.08302  37.7%  70.8 1571s
 1006963 868310   38.51077   55  798   48.26806   30.08302  37.7%  70.8 1759s
H1007027 868310                      48.2680640   30.08302  37.7%  70.8 1759s
H1007463 868310                      48.2680639   30.08302  37.7%  70.8 1760s
H1007705 868310                      48.2680639   30.08302  37.7%  70.9 1760s
H1008870 868310                      48.2680620   30.08302  37.7%  70.9 1760s
H1021715 868310                      48.2680605   30.08302  37.7%  71.4 1760s
H1027858 868310                      48.2680601   30.08302  37.7%  71.6 1760s
 1038995 868366   45.63966  102  753   48.26806   30.08302  37.7%  72.0 1765s
 1039065 869546   45.63966  102  753   48.26806   30.08302  37.7%  72.0 1800s

Explored 1040368 nodes (74955427 simplex iterations) in 1800.07 seconds (3006.90 work units)
Thread count was 32 (of 96 available processors)

Solution count 10: 48.2681 48.2681 48.2681 ... 48.4044

Time limit reached
Best objective 4.826806010746e+01, best bound 3.008301750665e+01, gap 37.6751%
