
Gurobi 9.5.1 (linux64) logging started Thu 11 Aug 2022 12:09:28 AM MST

Set parameter LogFile to value "/home/local/ASUAD/kmajd1/NNRepLayer_v2/demos/walking_example/dynamic_constraint/repair_net_relaxed/logs/opt20_log_8_10_2022_14_29_12.log"
Gurobi Optimizer version 9.5.1 build v9.5.1rc2 (linux64)
Thread count: 48 physical cores, 96 logical processors, using up to 32 threads
Optimize a model with 12558 rows, 9048 columns and 186204 nonzeros
Model fingerprint: 0x1e07021b
Model has 270 quadratic objective terms
Variable types: 6078 continuous, 2970 integer (2970 binary)
Coefficient statistics:
  Matrix range     [7e-04, 2e+02]
  Objective range  [3e-03, 1e+00]
  QObjective range [7e-02, 7e-02]
  Bounds range     [2e-02, 1e+02]
  RHS range        [1e-04, 2e+02]
Presolve removed 672 rows and 132 columns
Presolve time: 0.19s
Presolved: 11886 rows, 8916 columns, 185400 nonzeros
Presolved model has 270 quadratic objective terms
Variable types: 5946 continuous, 2970 integer (2970 binary)
Root relaxation presolve removed 2970 rows and 2970 columns
Root relaxation presolved: 8916 rows, 5946 columns, 176490 nonzeros
Root relaxation presolved model has 270 quadratic objective terms


Root relaxation: objective 2.467152e+01, 4359 iterations, 0.28 seconds (0.66 work units)

    Nodes    |    Current Node    |     Objective Bounds      |     Work
 Expl Unexpl |  Obj  Depth IntInf | Incumbent    BestBd   Gap | It/Node Time

     0     0   24.67152    0  334          -   24.67152      -     -    0s
     0     0   24.67152    0  334          -   24.67152      -     -    1s
     0     2   24.67152    0  334          -   24.67152      -     -    4s
     1     4   31.37529    1  566          -   24.67152      -   743    7s
     7    16   35.04022    3  645          -   25.51630      -   290   10s
  1107  1196   36.43906   42  603          -   26.00826      -  66.5   15s
H 1950  2038                      83.2062945   26.00826  68.7%  48.4   16s
H 2045  2109                      83.2062942   26.00826  68.7%  46.3   17s
H 2050  2109                      83.2062938   26.00826  68.7%  46.2   17s
H 2055  2109                      83.2062928   26.00826  68.7%  46.1   17s
H 2098  2109                      83.2053602   26.00826  68.7%  45.9   17s
H 2669  2696                      77.5535801   26.00826  66.5%  41.5   23s
H 2670  2696                      77.5535801   26.00826  66.5%  41.5   23s
H 2672  2696                      77.2895140   26.00826  66.3%  41.5   23s
H 2673  2696                      72.9321235   26.00826  64.3%  41.5   23s
H 2701  2728                      72.9321233   26.00826  64.3%  41.3   36s
H 2702  2728                      72.9321233   26.00826  64.3%  41.3   36s
H 2703  2728                      72.9321228   26.00826  64.3%  41.3   36s
H 2705  2728                      72.9321225   26.00826  64.3%  41.2   36s
H 2706  2728                      71.1447538   26.00826  63.4%  41.2   36s
H 2714  2728                      69.3183482   26.00826  62.5%  41.3   36s
  2955  3059   36.52665  108  539   69.31835   26.00826  62.5%  40.4   43s
H 2958  3059                      68.8572312   26.00826  62.2%  40.4   43s
  4226  4205   36.52665  153  496   68.85723   26.00826  62.2%  35.0   48s
H 4228  4205                      68.8572311   26.00826  62.2%  34.9   48s
H 4237  4205                      66.7217905   26.00826  61.0%  34.9   48s
H 4238  4205                      66.7160947   26.00826  61.0%  34.9   48s
H 4240  4205                      66.6786125   26.00826  61.0%  34.8   48s
  5656  5916   36.52689  203  447   66.67861   26.00826  61.0%  31.0   50s
 10456 10525   41.06805  352  413   66.67861   26.00826  61.0%  32.9   55s
H14779 14350                      66.6786125   26.00826  61.0%  42.9   74s
 14780 14351   39.37971  145  334   66.67861   26.00826  61.0%  42.9   75s
 14785 14357   26.00826   10  493   66.67861   26.00826  61.0%  43.2   81s
 14895 14451   27.52097   17  434   66.67861   26.85127  59.7%  43.9   86s
H14928 13752                      66.6786125   26.85127  59.7%  44.0   88s
H14947 13063                      66.6786125   26.85127  59.7%  44.0   88s
H14951 12414                      66.6786123   26.85127  59.7%  44.1   88s
 15127 12572   30.23368   24  526   66.67861   26.85127  59.7%  45.0   94s
 15471 12810   43.40048   36  750   66.67861   26.85127  59.7%  48.9   95s
 17531 14203   52.04399  101  740   66.67861   26.85127  59.7%  50.5  100s
 18680 14780   54.84477  142  805   66.67861   26.85127  59.7%  50.4  113s
 20134 15891   56.46419  192  739   66.67861   26.85127  59.7%  49.9  115s
 25130 18894     cutoff  392        66.67861   26.85127  59.7%  46.9  120s
 28507 20912     cutoff  489        66.67861   26.85127  59.7%  47.2  125s
 32063 23066   38.23961   97  704   66.67861   27.11651  59.3%  48.2  130s
 35853 25364   42.40761  205  608   66.67861   27.11651  59.3%  48.7  135s
 39194 27376   56.58201  295  742   66.67861   27.11651  59.3%  49.6  140s
 43089 28860   61.43306  404  647   66.67861   27.11651  59.3%  50.0  150s
 45228 30992   66.55637  462  638   66.67861   27.11651  59.3%  50.9  155s
*45876 29231            1481      65.4952889   27.11651  58.6%  51.1  155s
H47407 29062                      65.4952889   27.21401  58.4%  51.9  158s
H47408 28627                      65.3888184   27.21401  58.4%  51.9  158s
 47439 29646   37.38091   47  591   65.38882   27.21401  58.4%  51.9  160s
H48597 29688                      65.3888183   27.21401  58.4%  52.4  162s
H48637 29688                      65.3888182   27.21401  58.4%  52.4  162s
 50255 32623   30.87475   38  669   65.38882   27.35617  58.2%  53.1  166s
H55602 35277                      64.9711167   27.35617  57.9%  54.4  209s
H55603 31126                      60.5114947   27.35617  54.8%  54.4  209s
H55627 29317                      58.7920626   27.35617  53.5%  54.5  209s
H55640 25655                      55.0304635   27.35617  50.3%  54.5  209s
 55642 27345   42.61419  190  818   55.03046   27.35617  50.3%  54.5  211s
H57562 27565                      55.0304635   27.35617  50.3%  54.6  213s
H57671 27565                      55.0304635   27.35617  50.3%  54.6  213s
H57727 27497                      54.9895789   27.35617  50.3%  54.6  213s
 57818 29212   47.81179  268  806   54.98958   27.35617  50.3%  54.7  215s
 59718 32725   52.07488  350  705   54.98958   27.35617  50.3%  55.0  221s
 63600 34980   37.37460   69  720   54.98958   27.35617  50.3%  54.9  225s
 68085 38775   46.52492  192  877   54.98958   27.35617  50.3%  54.3  231s
 72457 42781   52.82848  340  813   54.98958   27.35617  50.3%  54.4  238s
 74677 44959   54.48213  418  683   54.98958   27.35617  50.3%  54.5  241s
 77088 47011   54.92744  446  657   54.98958   27.52097  50.0%  54.3  245s
 81979 53202   45.65060  168  655   54.98958   27.94197  49.2%  54.5  252s
 90404 64109   38.10968   62  751   54.98958   28.70177  47.8%  53.5  260s
 100538 68808   45.01138  289  669   54.98958   28.70177  47.8%  53.8  266s
 105738 71284   47.27637  325  678   54.98958   28.70177  47.8%  54.8  272s
H105975 71280                      54.9865937   28.70177  47.8%  54.8  272s
H105982 71268                      54.9817950   28.70177  47.8%  54.8  272s
 106264 73989   47.16554  324  679   54.98180   28.70177  47.8%  55.0  276s
 109175 75491   48.00350  366  689   54.98180   28.70177  47.8%  55.5  280s
H109390 75491                      54.9817950   28.70177  47.8%  55.5  280s
H110137 75491                      54.9817949   28.70177  47.8%  55.6  280s
H110688 75491                      54.9817949   28.70177  47.8%  55.6  280s
 114280 81096   49.77594  450  599   54.98179   28.70177  47.8%  55.8  289s
H115199 81096                      54.9817948   28.70177  47.8%  55.9  289s
 117014 83804   50.34108  541  540   54.98179   28.70177  47.8%  55.9  293s
 120023 88341   50.97093  597  521   54.98179   28.70177  47.8%  55.9  301s
 129292 95888   54.54421  717  495   54.98179   28.70177  47.8%  56.1  308s
 132784 98767   53.53608  735  415   54.98179   28.70177  47.8%  56.0  312s
 135899 101452     cutoff  738        54.98179   28.71982  47.8%  56.2  316s
 138837 104549   48.48122   93  792   54.98179   29.48164  46.4%  56.6  320s
 145173 110374   45.02603   61  740   54.98179   29.48164  46.4%  56.7  328s
 148278 112907   49.46182   81  855   54.98179   29.53978  46.3%  56.7  333s
 151088 116695   32.69301   49  726   54.98179   29.53978  46.3%  56.9  340s
 159228 123872   46.11607  392  668   54.98179   29.53978  46.3%  57.4  347s
 163139 127371   49.90951  582  473   54.98179   29.53978  46.3%  57.5  351s
 166848 130380   53.22189  756  380   54.98179   29.54763  46.3%  57.4  355s
 170682 133056   47.76124   66  838   54.98179   29.65475  46.1%  57.5  364s
 173739 135761   51.81115   76  642   54.98179   29.68173  46.0%  57.8  369s
 176947 138843   36.79486  122  715   54.98179   29.75913  45.9%  57.9  374s
 180360 142817   45.05240  318  640   54.98179   29.75913  45.9%  58.0  381s
 184812 145354   52.61686  544  567   54.98179   29.75913  45.9%  58.0  386s
 187822 148008     cutoff  673        54.98179   29.78956  45.8%  58.2  390s
 190941 150706   37.89915   98  499   54.98179   29.80092  45.8%  58.2  396s
 198090 158075   45.94547  221  564   54.98179   29.82171  45.8%  58.4  402s
 202449 161897   30.76320   28  601   54.98179   29.82171  45.8%  58.2  405s
 210039 170128   46.26722  339  668   54.98179   29.82171  45.8%  57.8  415s
 218156 174943   54.60888  686  460   54.98179   29.92331  45.6%  57.5  422s
 220948 177149   30.75463   41  537   54.98179   29.92331  45.6%  57.5  426s
 223440 179402   33.54319   74  478   54.98179   29.92331  45.6%  57.8  430s
 228686 184329   50.08563  129  548   54.98179   29.92331  45.6%  58.4  439s
H231923 164988                      53.6516462   29.92331  44.2%  58.5  458s
H231934 164422                      53.6086675   29.92331  44.2%  58.5  458s
 231957 166930   49.79226  176  502   53.60867   29.92331  44.2%  58.5  463s
H234983 168454                      53.6086675   29.92331  44.2%  58.7  467s
H235918 168161                      53.5853192   29.92331  44.2%  58.8  467s
 236862 170052     cutoff  244        53.58532   29.92331  44.2%  58.9  471s
 239105 172493   52.49924  283  459   53.58532   29.92331  44.2%  59.0  478s
H239877 172089                      53.5508549   29.92331  44.1%  59.0  478s
H239958 166942                      53.1649755   29.92331  43.7%  59.1  478s
 242018 169715   52.43780  322  403   53.16498   29.94404  43.7%  59.2  484s
 245059 174295   34.01010   61  502   53.16498   29.94404  43.7%  59.3  491s
 250127 177534   42.82526  204  651   53.16498   29.96181  43.6%  59.2  497s
 253891 181185   53.07278   65  824   53.16498   29.96376  43.6%  59.4  502s
 257892 184833   39.75663  222  705   53.16498   29.96376  43.6%  59.4  508s
 261741 188331   48.35852  416  803   53.16498   29.96376  43.6%  59.4  513s
 265486 191646   53.08178  563  561   53.16498   29.97059  43.6%  59.4  518s
 269112 195761   40.45282  203  678   53.16498   29.98453  43.6%  59.3  524s
 273602 198564   49.06493  431  658   53.16498   29.98784  43.6%  59.2  528s
 276605 201499   32.63240   40  665   53.16498   29.98784  43.6%  59.3  533s
 279777 203942   47.72398  174  676   53.16498   29.98784  43.6%  59.4  537s
 282787 206742   53.08088   89  639   53.16498   29.98784  43.6%  59.5  542s
 286096 210642   53.10453  153  698   53.16498   30.01149  43.6%  59.5  545s
 294169 216999   47.68480  349  712   53.16498   30.01149  43.6%  59.3  553s
 297517 219599   52.25731  516  499   53.16498   30.03524  43.5%  59.3  557s
 300458 223071   32.28531   38  627   53.16498   30.03524  43.5%  59.4  563s
 304229 226522   36.66766  136  689   53.16498   30.03524  43.5%  59.5  568s
 307861 230182   38.72124  191  693   53.16498   30.03524  43.5%  59.5  571s
 311904 233005   40.42387  258  655   53.16498   30.03524  43.5%  59.6  575s
 318688 239420   42.99762  428  590   53.16498   30.03524  43.5%  59.7  584s
 322013 242195   43.68241  437  547   53.16498   30.03524  43.5%  59.7  588s
 325043 244922   44.14145  466  605   53.16498   30.03524  43.5%  59.7  592s
 328018 247331   45.36407  512  527   53.16498   30.03524  43.5%  59.8  597s
 330770 250654   46.50416  558  535   53.16498   30.03524  43.5%  59.9  603s
 334304 253928   47.26785  661  455   53.16498   30.03524  43.5%  60.0  609s
 337762 256769   47.95154  735  390   53.16498   30.03524  43.5%  60.1  614s
 341002 259697   47.99021  746  392   53.16498   30.03524  43.5%  60.2  618s
 344273 262623   48.99340  767  402   53.16498   30.03524  43.5%  60.3  623s
 347467 266099   49.69580  806  382   53.16498   30.03524  43.5%  60.4  627s
 351251 269308   50.57589  836  358   53.16498   30.03524  43.5%  60.5  631s
 354786 272771   50.57589  839  358   53.16498   30.03524  43.5%  60.6  635s
 358459 275727   52.31726  886  355   53.16498   30.03524  43.5%  60.6  640s
 361567 279053   53.12292  893  380   53.16498   30.11059  43.4%  60.6  646s
 365239 282270   30.69252   31  524   53.16498   30.11059  43.4%  60.6  652s
 368772 285061   38.02734  154  646   53.16498   30.11059  43.4%  60.5  657s
 371902 287972   39.46014  230  571   53.16498   30.11059  43.4%  60.5  662s
 375122 291955   40.48797  295  547   53.16498   30.11059  43.4%  60.4  665s
 383050 298536   41.71052  388  535   53.16498   30.11059  43.4%  60.3  673s
 386494 300862   42.92678  419  529   53.16498   30.11059  43.4%  60.2  677s
 389293 303285   44.68669  447  522   53.16498   30.11059  43.4%  60.3  682s
 392172 306594   45.34144  465  501   53.16498   30.11059  43.4%  60.4  688s
 395847 310680   46.83240  546  434   53.16498   30.11059  43.4%  60.3  692s
 400330 313746   47.80889  601  417   53.16498   30.11059  43.4%  60.2  695s
 407649 320254   50.16076  678  406   53.16498   30.11059  43.4%  60.1  702s
 411215 323233   51.19462  695  392   53.16498   30.11059  43.4%  59.9  706s
 414298 325953   52.14601  699  412   53.16498   30.11059  43.4%  59.9  710s
H420020 330619                      53.1649754   30.11059  43.4%  59.9  718s
H422504 330619                      53.1649747   30.11059  43.4%  59.9  718s
 422564 332527   51.96796  748  358   53.16497   30.11059  43.4%  59.9  722s
 424870 336687   52.58049  759  398   53.16497   30.11059  43.4%  60.0  728s
 429875 340642   52.63934  782  346   53.16497   30.11059  43.4%  60.1  734s
 434431 344455   52.99866  808  326   53.16497   30.19348  43.2%  60.0  739s
 438375 348055   38.31294   84  749   53.16497   30.19348  43.2%  59.9  744s
 442142 352469   46.60712  271  756   53.16497   30.19348  43.2%  59.7  747s
 446829 356003   52.90594  440  715   53.16497   30.19640  43.2%  59.5  750s
 454230 363144   44.84881  275  752   53.16497   30.19640  43.2%  59.3  759s
 458628 365475   51.10630  471  554   53.16497   30.21035  43.2%  59.3  764s
 461512 367753   30.99891   32  662   53.16497   30.21035  43.2%  59.3  768s
 464183 370013   45.79413   54  809   53.16497   30.21035  43.2%  59.5  773s
 466873 372277   52.94354   83  887   53.16497   30.21313  43.2%  59.6  778s
 469657 374811   35.07135   47  632   53.16497   30.21313  43.2%  59.7  781s
 476203 379860   44.48617  446  361   53.16497   30.21313  43.2%  60.0  789s
 479482 383097   45.46536  658  246   53.16497   30.21313  43.2%  60.1  793s
 483228 386739   48.31612  873  132   53.16497   30.21313  43.2%  60.1  799s
 487417 389382   52.79955 1097   48   53.16497   30.24582  43.1%  60.1  803s
 490547 392121   38.89667   93  706   53.16497   30.27056  43.1%  60.1  808s
 493505 394929   46.89919  218  753   53.16497   30.27627  43.1%  60.1  812s
 496727 398238   32.89322   40  571   53.16497   30.27635  43.1%  60.1  815s
 504204 404545   52.01425  241  725   53.16497   30.27966  43.0%  60.1  822s
 507398 407387   38.13779   82  711   53.16497   30.27966  43.0%  60.1  825s
 513434 414100   53.11261  187  746   53.16497   30.28348  43.0%  60.1  835s
 520594 419244   42.01471  153  824   53.16497   30.28348  43.0%  60.0  843s
 523313 421909   47.54495  228  762   53.16497   30.28348  43.0%  60.1  847s
 526261 424408   52.22352  317  644   53.16497   30.28894  43.0%  60.2  852s
 529195 426449   34.87618   72  643   53.16497   30.28894  43.0%  60.3  856s
 531546 429264   42.43807  148  923   53.16497   30.28894  43.0%  60.4  860s
 534622 432064   45.55684  262  749   53.16497   30.28894  43.0%  60.4  865s
 537786 434589   48.19633  376  647   53.16497   30.28894  43.0%  60.5  870s
 540857 437641   52.82931  489  581   53.16497   30.29176  43.0%  60.6  875s
 544272 440996   38.70005   94  752   53.16497   30.29176  43.0%  60.7  881s
 547995 443387   51.83188  195  717   53.16497   30.29418  43.0%  60.6  886s
 550804 445477   31.71280   37  618   53.16497   30.29418  43.0%  60.7  890s
 553421 447917   52.94931   50  833   53.16497   30.29418  43.0%  60.9  895s
 556159 450952     cutoff   59        53.16497   30.29418  43.0%  61.0  901s
 559511 453740   38.06263   76  848   53.16497   30.29418  43.0%  61.0  907s
 562668 456348   45.66635   97  871   53.16497   30.29418  43.0%  61.1  912s
 565787 459038   47.49758  123  895   53.16497   30.29418  43.0%  61.2  915s
 573021 466427   49.24726  178  541   53.16497   30.30491  43.0%  61.2  924s
 576788 469047   31.99091   56  697   53.16497   30.30491  43.0%  61.3  930s
 579759 472148   39.46142  200  752   53.16497   30.30491  43.0%  61.4  935s
 583241 475321   41.72336  290  648   53.16497   30.30491  43.0%  61.6  940s
H584354 473866                      53.1191487   30.30491  42.9%  61.6  940s
H586871 474656                      53.1191487   30.30491  42.9%  61.6  944s
H586872 474656                      53.1191487   30.30491  42.9%  61.6  944s
H586884 474656                      53.1191484   30.30491  42.9%  61.6  944s
 587721 477787   44.02776  429  573   53.11915   30.30491  42.9%  61.7  949s
 591447 480559   45.18020  494  552   53.11915   30.30491  42.9%  61.8  954s
 594469 483915   46.70468  530  536   53.11915   30.30491  42.9%  61.9  959s
 598267 487156   48.00393  585  513   53.11915   30.30491  42.9%  61.9  964s
 601926 489903   48.65127  644  467   53.11915   30.30491  42.9%  62.0  969s
 604954 493009   49.29308  680  463   53.11915   30.30491  42.9%  62.0  973s
 608556 496153   50.17683  762  439   53.11915   30.30491  42.9%  62.0  979s
 611992 498728   50.81125  797  408   53.11915   30.30491  42.9%  62.0  984s
 615089 501469   51.92633  819  438   53.11915   30.30491  42.9%  62.1  988s
 618301 504499     cutoff  861        53.11915   30.30491  42.9%  62.1  993s
 621671 507359     cutoff  940        53.11915   30.30491  42.9%  62.2  998s
 625034 509808   33.45877   44  635   53.11915   30.30660  42.9%  62.2 1003s
 627888 512326     cutoff   71        53.11915   30.30660  42.9%  62.2 1008s
 631007 515264   52.63946  105  767   53.11915   30.30660  42.9%  62.3 1013s
 634254 518317   38.24031  100  713   53.11915   30.30660  42.9%  62.3 1018s
 637642 520569   42.39936  220  731   53.11915   30.30660  42.9%  62.3 1024s
 640321 524277   43.23537  281  724   53.11915   30.30660  42.9%  62.4 1030s
 644402 527167   47.40660  423  586   53.11915   30.30660  42.9%  62.4 1036s
 647770 530392   50.20112  544  530   53.11915   30.30660  42.9%  62.5 1041s
 651402 533855   32.78870   47  700   53.11915   30.30660  42.9%  62.5 1047s
 655079 536987   42.75590  147  852   53.11915   30.30660  42.9%  62.5 1052s
 658483 539692   46.07212  266  743   53.11915   30.30660  42.9%  62.5 1058s
 661580 542056   47.79114  384  647   53.11915   30.30660  42.9%  62.5 1062s
 664106 544986   49.95949  449  663   53.11915   30.30660  42.9%  62.6 1068s
 667282 548297   52.97536  542  543   53.11915   30.30660  42.9%  62.6 1072s
 670943 551135     cutoff  137        53.11915   30.30660  42.9%  62.7 1075s
 676862 555649     cutoff   55        53.11915   30.30660  42.9%  62.8 1084s
 679581 558207   37.87241   71  893   53.11915   30.30660  42.9%  62.9 1088s
 682482 561356   41.77115  102  899   53.11915   30.30660  42.9%  63.0 1093s
 685880 562982   49.79472  125  865   53.11915   30.30660  42.9%  63.1 1097s
 687750 566203   51.40882  145  865   53.11915   30.30660  42.9%  63.1 1103s
 691344 569229   52.30820  183  668   53.11915   30.33753  42.9%  63.2 1108s
 694815 572914   40.00736  117  801   53.11915   30.34282  42.9%  63.2 1113s
 698812 576662   45.19495  352  631   53.11915   30.34282  42.9%  63.2 1119s
 702793 578968   51.17243  556  513   53.11915   30.34571  42.9%  63.1 1123s
 705551 581985   41.75852  159  840   53.11915   30.34591  42.9%  63.2 1128s
 708788 584889   48.67932  340  684   53.11915   30.34591  42.9%  63.2 1132s
 711948 587336     cutoff  495        53.11915   30.34591  42.9%  63.2 1137s
 714731 589731   35.82932   70  759   53.11915   30.34591  42.9%  63.3 1141s
 717483 592342   39.19958  173  684   53.11915   30.34591  42.9%  63.4 1146s
 720396 594981   41.82106  283  615   53.11915   30.34591  42.9%  63.4 1151s
 723442 597962   43.44794  361  576   53.11915   30.34591  42.9%  63.5 1155s
 726694 601101   44.70306  461  537   53.11915   30.34591  42.9%  63.6 1160s
 730041 604128   46.94692  535  500   53.11915   30.34591  42.9%  63.6 1165s
 733229 607409   47.55222  557  458   53.11915   30.34591  42.9%  63.7 1171s
 736606 610383   48.90902  625  435   53.11915   30.34591  42.9%  63.7 1176s
 739718 613311   49.43893  702  400   53.11915   30.34591  42.9%  63.7 1181s
 742891 616316   50.46092  738  432   53.11915   30.34591  42.9%  63.7 1186s
 746121 619228   51.47517  761  412   53.11915   30.34591  42.9%  63.8 1191s
 749328 620156   50.83379  771  406   53.11915   30.34591  42.9%  63.8 1195s
H750130 620156                      53.1191484   30.34591  42.9%  63.8 1195s
 750428 623148   50.82378  772  410   53.11915   30.34591  42.9%  63.8 1200s
 753721 625678   52.47463  773  479   53.11915   30.34591  42.9%  63.9 1206s
 756646 628869   51.93657  775  426   53.11915   30.34591  42.9%  63.9 1212s
 760352 631866   52.64262  846  345   53.11915   30.34591  42.9%  63.9 1217s
 763703 634849   53.02851  882  329   53.11915   30.34591  42.9%  63.9 1222s
 767014 637854   53.00886  906  323   53.11915   30.34591  42.9%  63.9 1227s
 770493 641226   33.97831   60  707   53.11915   30.34591  42.9%  63.9 1232s
 774043 644505   43.57855  242  733   53.11915   30.34591  42.9%  63.9 1237s
 777578 647508   46.94623  444  574   53.11915   30.34591  42.9%  63.8 1242s
 780820 649994   52.95919  616  482   53.11915   30.34591  42.9%  63.7 1247s
 783785 652878   34.70590   74  723   53.11915   30.34591  42.9%  63.7 1252s
 786900 655080   43.09553  255  723   53.11915   30.34591  42.9%  63.7 1257s
 789405 657837   45.62463  389  598   53.11915   30.34591  42.9%  63.7 1263s
 792674 660341   51.63888  592  569   53.11915   30.34591  42.9%  63.8 1268s
 795567 662645   43.30706  116  885   53.11915   30.34591  42.9%  63.9 1273s
 798548 665540   52.94811  319  792   53.11915   30.35523  42.9%  64.0 1279s
 802107 669359   42.13891  206  749   53.11915   30.35523  42.9%  64.1 1285s
 806359 673089   48.27052  451  575   53.11915   30.35523  42.9%  64.0 1290s
 812686 678720   39.90278   85  753   53.11915   30.37622  42.8%  64.0 1297s
 816819 681028   42.87157  180  748   53.11915   30.37622  42.8%  64.0 1301s
 819592 683335   44.31536  260  753   53.11915   30.37622  42.8%  64.1 1306s
 822250 686002   45.21692  333  720   53.11915   30.37622  42.8%  64.3 1312s
 825499 688935   46.91006  442  667   53.11915   30.37622  42.8%  64.4 1317s
 828994 691851   49.09210  571  559   53.11915   30.37622  42.8%  64.5 1323s
 832371 695043   50.66599  630  555   53.11915   30.37622  42.8%  64.6 1329s
 835865 698381   52.10330  670  563   53.11915   30.37622  42.8%  64.7 1334s
 839624 701782   52.69993  702  547   53.11915   30.37622  42.8%  64.7 1340s
 843233 705113     cutoff  750        53.11915   30.37622  42.8%  64.7 1345s
 846861 708432   49.73523  167  597   53.11915   30.39420  42.8%  64.7 1351s
 850551 710675   41.89523   99  805   53.11915   30.39420  42.8%  64.6 1356s
 853108 714209   47.31319  246  866   53.11915   30.39424  42.8%  64.6 1363s
 857051 716957   31.84091   34  629   53.11915   30.39424  42.8%  64.7 1369s
 860311 720787   35.24788   66  653   53.11915   30.39424  42.8%  64.7 1373s
 864668 724609   38.15024  114  611   53.11915   30.39424  42.8%  64.8 1378s
 868703 728004   38.23586  146  592   53.11915   30.39424  42.8%  64.8 1383s
 872352 730793   38.23586  167  581   53.11915   30.39424  42.8%  64.8 1388s
 875564 733650   39.08840  200  546   53.11915   30.39424  42.8%  64.8 1393s
 878878 736965   39.65026  252  511   53.11915   30.39424  42.8%  64.8 1398s
 882416 740335   40.28911  295  488   53.11915   30.39424  42.8%  64.8 1404s
 886105 742678   40.96841  336  467   53.11915   30.39424  42.8%  64.8 1409s
 888821 744558   41.26561  373  476   53.11915   30.39424  42.8%  64.8 1414s
H889201 744558                      53.1191484   30.39424  42.8%  64.8 1414s
H889972 743435                      53.0975930   30.39424  42.8%  64.8 1414s
 891009 746000   41.48959  401  421   53.09759   30.39424  42.8%  64.8 1419s
 893975 748846   41.57808  424  408   53.09759   30.39424  42.8%  64.9 1425s
 897168 752130     cutoff  463        53.09759   30.39424  42.8%  64.9 1430s
 900809 755624   41.79620  493  369   53.09759   30.39424  42.8%  65.0 1435s
 907558 762457   44.00075  549  343   53.09759   30.39424  42.8%  65.0 1443s
 911660 765600   44.17460  582  320   53.09759   30.39424  42.8%  64.9 1448s
 915106 768402   44.21905  610  308   53.09759   30.39424  42.8%  65.0 1453s
 918281 771431   44.43082  648  291   53.09759   30.39424  42.8%  65.0 1458s
 921438 774562   44.61871  669  278   53.09759   30.39424  42.8%  65.0 1463s
 924692 777524   44.63913  699  264   53.09759   30.39424  42.8%  65.0 1468s
 927931 780284   45.03593  721  250   53.09759   30.39424  42.8%  65.0 1473s
 931033 783247   45.12534  746  242   53.09759   30.39424  42.8%  65.1 1478s
 934228 785493   45.13695  780  221   53.09759   30.39424  42.8%  65.1 1483s
 936970 787637   45.48136  803  212   53.09759   30.39424  42.8%  65.2 1488s
 939749 789855   46.36692  836  182   53.09759   30.39424  42.8%  65.3 1493s
 942574 792529   46.89215  869  171   53.09759   30.39424  42.8%  65.3 1498s
 945716 795291   46.94555  890  160   53.09759   30.39424  42.8%  65.4 1504s

Resetting heuristic parameters to focus on improving solution
(using Heuristics=0.5 and RINS=10)...

 948776 795657   51.17705  909  171   53.09759   30.39424  42.8%  65.3 1509s
H948819 795657                      53.0975927   30.39424  42.8%  65.3 1509s
H948834 791408                      53.0390991   30.39424  42.7%  65.3 1509s
 949322 791848   48.91314  916  150   53.03910   30.39424  42.7%  65.4 1530s
H949325 791848                      53.0390990   30.39424  42.7%  65.4 1530s
 949948 797298   48.92850  920  150   53.03910   30.40351  42.7%  65.4 1598s
H949959 797298                      53.0390990   30.40351  42.7%  65.4 1599s
H949963 797298                      53.0390990   30.40351  42.7%  65.4 1599s
H949972 797298                      53.0390989   30.40351  42.7%  65.4 1599s
H949979 797298                      53.0390975   30.40351  42.7%  65.4 1599s
H950039 797231                      53.0383601   30.40351  42.7%  65.4 1599s
H950188 797026                      53.0356244   30.40351  42.7%  65.4 1599s
H950398 796790                      53.0331289   30.40921  42.7%  65.4 1599s
H950492 796783                      53.0330770   30.40921  42.7%  65.4 1599s
H951150 796722                      53.0322880   30.42011  42.6%  65.4 1599s
H951375 796264                      53.0266145   30.42011  42.6%  65.4 1599s
H951732 795226                      53.0142093   30.42011  42.6%  65.4 1599s
 958596 795617   38.36541   45  819   53.01421   30.42011  42.6%  65.9 1621s
H958693 795617                      53.0142093   30.42011  42.6%  65.9 1622s
 959262 806455   36.06521   50  764   53.01421   30.42574  42.6%  65.9 1651s
 977717 806519   52.93075   89 1024   53.01421   30.42574  42.6%  66.9 1657s
H977756 804817                      52.9947047   30.42574  42.6%  66.9 1657s
 977838 815570     cutoff   91        52.99470   30.42574  42.6%  66.9 1795s
H977891 815570                      52.9947045   30.42574  42.6%  66.9 1795s
H978159 815570                      52.9947024   30.42574  42.6%  66.9 1795s
H978262 815570                      52.9947022   30.42574  42.6%  66.9 1795s
H978340 814716                      52.9853941   30.42574  42.6%  66.9 1795s
H978699 812478                      52.9586546   30.44189  42.5%  67.0 1795s
H983891 809147                      52.9192053   30.44189  42.5%  67.3 1795s
H986339 797216                      52.7672992   30.44189  42.3%  67.4 1795s
H993655 746789                      52.0216636   30.44189  41.5%  67.9 1796s
 996357 745482   45.34286   51  997   52.02166   30.44189  41.5%  68.1 1800s
H996361 745482                      52.0216636   30.44189  41.5%  68.1 1800s
H996372 745482                      52.0216631   30.44189  41.5%  68.1 1800s

Explored 996502 nodes (67896039 simplex iterations) in 1800.24 seconds (2706.96 work units)
Thread count was 32 (of 96 available processors)

Solution count 10: 52.0217 52.0217 52.0217 ... 52.9947

Time limit reached
Best objective 5.202166305609e+01, best bound 3.044188811333e+01, gap 41.4823%
