
Gurobi 9.5.1 (linux64) logging started Thu 11 Aug 2022 02:42:47 AM MST

Set parameter LogFile to value "/home/local/ASUAD/kmajd1/NNRepLayer_v2/demos/walking_example/dynamic_constraint/repair_net_relaxed/logs/opt27_log_8_10_2022_14_29_12.log"
Gurobi Optimizer version 9.5.1 build v9.5.1rc2 (linux64)
Thread count: 48 physical cores, 96 logical processors, using up to 32 threads
Optimize a model with 12558 rows, 9048 columns and 186204 nonzeros
Model fingerprint: 0x207cf477
Model has 270 quadratic objective terms
Variable types: 6078 continuous, 2970 integer (2970 binary)
Coefficient statistics:
  Matrix range     [7e-04, 2e+02]
  Objective range  [3e-03, 1e+00]
  QObjective range [7e-02, 7e-02]
  Bounds range     [3e-03, 2e+02]
  RHS range        [3e-04, 2e+02]
Presolve removed 895 rows and 265 columns
Presolve time: 0.26s
Presolved: 11663 rows, 8783 columns, 182688 nonzeros
Presolved model has 270 quadratic objective terms
Variable types: 5903 continuous, 2880 integer (2880 binary)
Root relaxation presolve removed 2879 rows and 2879 columns
Root relaxation presolved: 8784 rows, 5904 columns, 174051 nonzeros
Root relaxation presolved model has 270 quadratic objective terms


Root relaxation: objective 2.781564e+01, 9085 iterations, 0.41 seconds (1.01 work units)

    Nodes    |    Current Node    |     Objective Bounds      |     Work
 Expl Unexpl |  Obj  Depth IntInf | Incumbent    BestBd   Gap | It/Node Time

     0     0   27.81564    0  702          -   27.81564      -     -    0s
     0     0   27.81564    0  702          -   27.81564      -     -    2s
H    0     0                      55.2293278   27.81564  49.6%     -    3s
     0     2   27.81564    0  688   55.22933   27.81564  49.6%     -    3s
    31    64   31.30511    5  632   55.22933   28.12674  49.1%   242    5s
H   95   128                      53.4191377   28.27835  47.1%   149   12s
H   97   128                      52.9193901   28.27835  46.6%   147   12s
H  105   128                      52.0594606   28.27835  45.7%   141   12s
H  110   128                      51.6668827   28.27835  45.3%   136   12s
   127   160   31.41622    8  637   51.66688   28.27835  45.3%   133   16s
H  134   160                      51.6668827   28.27835  45.3%   128   16s
  1097  1181   31.71319   39  613   51.66688   28.27835  45.3%  62.5   20s
  1190  1211   31.71319   42  610   51.66688   28.27835  45.3%  59.8   25s
H 1203  1211                      51.6668826   28.27835  45.3%  59.3   25s
  2384  2505   32.79843   76  589   51.66688   28.27835  45.3%  42.8   30s
  4875  5145   32.81622  147  543   51.66688   28.27835  45.3%  35.7   35s
  6630  7030   32.87543  211  521   51.66688   28.27835  45.3%  31.1   40s
 10595 11016   36.13204  343  526   51.66688   28.27835  45.3%  28.4   45s
 13676 14167   33.87554  433  429   51.66688   28.27835  45.3%  29.2   50s
H14416 14199                      51.6668826   28.27835  45.3%  29.7   54s
H14438 13524                      45.2288176   28.27835  37.5%  29.7   76s
 14443 13516   31.39120  242  598   45.22882   28.27835  37.5%  29.7   80s
 14444 13518   28.27835   16  597   45.22882   28.27835  37.5%  30.2   88s
H14495 12902                      45.2288175   28.27835  37.5%  30.5   89s
 14555 12946   31.07520   22  567   45.22882   28.27835  37.5%  30.7   93s
H14559 12303                      45.2274680   28.27835  37.5%  30.8   93s
H14565 11691                      45.2265005   28.27835  37.5%  30.8   93s
 14587 11716   31.09173   23  588   45.22650   28.27835  37.5%  30.8   96s
 15358 12284   32.39166   33  546   45.22650   28.27835  37.5%  33.5  100s
 15642 12419   31.89082   37  552   45.22650   28.27835  37.5%  34.0  105s
 15674 12440   32.41245   37  559   45.22650   28.27835  37.5%  34.0  121s
H15678 11859                      45.2265005   28.27835  37.5%  34.0  121s
 17386 13165   32.19869   58  524   45.22650   28.27835  37.5%  37.7  125s
 20059 14977   32.97355   90  476   45.22650   28.27835  37.5%  39.0  130s
 22017 16084   33.97226  115  454   45.22650   28.27835  37.5%  40.3  135s
 24455 17881   34.03592  144  441   45.22650   28.27835  37.5%  40.8  140s
 27035 19533   34.06961  161  423   45.22650   28.27835  37.5%  40.5  146s
 29548 20373   34.09010  179  408   45.22650   28.27835  37.5%  41.0  151s
H29557 19820                      45.2265005   28.27835  37.5%  41.0  152s
 29586 22507     cutoff  179        45.22650   28.27835  37.5%  41.0  155s
 34299 23375   35.46806  247  446   45.22650   28.27835  37.5%  45.9  160s
 37408 25278     cutoff  283        45.22650   28.27835  37.5%  46.7  165s
 41262 27856   37.97924  312  407   45.22650   28.27835  37.5%  48.3  188s
H41295 27322                      45.2265004   28.27835  37.5%  48.4  188s
 42304 28958   39.34075  329  404   45.22650   28.27835  37.5%  48.6  190s
 46141 31399   42.08209  373  338   45.22650   28.27835  37.5%  49.0  195s
 49368 34414   43.90050  410  319   45.22650   28.27835  37.5%  50.8  201s
 52823 35961     cutoff  442        45.22650   28.27835  37.5%  50.9  207s
 54450 38772   44.68512  457  304   45.22650   28.27835  37.5%  51.2  212s
 57874 42147   40.34776  132  755   45.22650   28.27835  37.5%  51.2  217s
 59671 45679   44.91138  196  686   45.22650   28.27835  37.5%  51.3  224s
 63690 48807   40.59378  132  772   45.22650   28.27835  37.5%  51.2  226s
 69642 53132   29.33369   38  628   45.22650   28.27835  37.5%  50.2  230s
 73785 57710   36.00638  159  513   45.22650   28.27835  37.5%  50.4  235s
 79600 62828   40.37091  423  326   45.22650   28.27835  37.5%  49.9  240s
 84626 68062   41.96539  682  203   45.22650   28.27835  37.5%  49.8  246s
 90766 74656   43.57761  952  139   45.22650   28.27835  37.5%  50.2  256s
 95224 78546   44.96266 1162   40   45.22650   28.43745  37.1%  50.6  261s
 99600 83430   42.95424  130  828   45.22650   28.45856  37.1%  50.2  265s
H105110 84373                      45.2265004   28.45856  37.1%  49.3  269s
 105778 89244   39.28424  193  463   45.22650   28.45856  37.1%  49.2  273s
 110927 93181   42.74023  390  356   45.22650   28.45856  37.1%  48.2  277s
 115069 96420   43.79771  571  256   45.22650   28.45856  37.1%  47.4  280s
 121179 102889   34.01567   60  583   45.22650   28.66477  36.6%  47.2  291s
 130048 110315   41.25406  154  837   45.22650   28.69945  36.5%  48.0  297s
 134143 113395   32.13333   48  552   45.22650   28.72791  36.5%  48.3  300s
 140827 118543   33.89603   74  670   45.22650   28.73498  36.5%  49.1  307s
 143703 121585   41.80156  166  783   45.22650   28.79475  36.3%  49.3  310s
 150845 126045   36.72874   95  763   45.22650   28.83250  36.2%  49.9  318s
 152552 128648   45.10838  247  771   45.22650   28.83250  36.2%  50.2  326s
H153446 128648                      45.2265004   28.83250  36.2%  50.4  326s
 155577 134640   30.74207  240  464   45.22650   28.85091  36.2%  51.1  337s
 162766 140642   33.46842   83  587   45.22650   28.85801  36.2%  52.5  342s
 169435 145399   40.82278  168  862   45.22650   28.85801  36.2%  52.9  346s
 174794 150328   33.13626  122  572   45.22650   28.85801  36.2%  52.9  350s
 179905 156016   40.13299  321  449   45.22650   28.85801  36.2%  52.5  356s
 188971 161509   43.02594  740  245   45.22650   28.85801  36.2%  51.7  362s
 191798 163965   43.56935  878  171   45.22650   28.85801  36.2%  51.7  365s
 196752 169059   39.87586  140  845   45.22650   28.89695  36.1%  51.8  371s
 199954 171575   31.80941   36  573   45.22650   28.90550  36.1%  52.1  375s
 205466 177103   36.75925  106  588   45.22650   28.90550  36.1%  52.8  383s
 208466 179884   38.41940  144  540   45.22650   28.90550  36.1%  53.0  387s
 211504 183029   40.57183  170  514   45.22650   28.90550  36.1%  53.2  393s
 215333 185627   41.36663  224  550   45.22650   28.90550  36.1%  53.6  397s
 218251 189520   42.45079  263  551   45.22650   28.90550  36.1%  54.0  400s
 226057 195674   43.72337  329  551   45.22650   28.90550  36.1%  54.4  409s
 229371 198743   45.13196  410  517   45.22650   28.96341  36.0%  54.5  413s
 232889 201402   41.20473  115  845   45.22650   28.96428  36.0%  54.5  416s
 236068 204076   32.94783   45  614   45.22650   28.96428  36.0%  54.4  420s
 239586 207187   32.80585   48  591   45.22650   28.96961  35.9%  54.6  425s
 248249 213605   41.38911  114  860   45.22650   29.01654  35.8%  54.6  432s
 250884 215965   38.09549   50  850   45.22650   29.01708  35.8%  54.8  435s
 253666 218107   32.08491   36  768   45.22650   29.01708  35.8%  54.9  443s
 256166 220054   42.44535  110  830   45.22650   29.02736  35.8%  55.1  447s
 258643 223292   37.10592   65  587   45.22650   29.04645  35.8%  55.3  450s
 266546 229818   30.46344   37  689   45.22650   29.04645  35.8%  55.5  456s
 270045 232920   41.00098  172  708   45.22650   29.04645  35.8%  55.5  460s
 273501 236735   45.20016  265  763   45.22650   29.05412  35.8%  55.5  466s
 281654 242420   45.16295   99  930   45.22650   29.08940  35.7%  55.5  472s
 284850 244704   43.24893  120 1024   45.22650   29.11750  35.6%  55.5  476s
 291576 250222     cutoff  257        45.22650   29.12084  35.6%  55.4  482s
 294040 252794   38.91273   84  652   45.22650   29.12579  35.6%  55.7  486s
 300016 258679   35.63879  104  698   45.22650   29.14477  35.6%  55.7  492s
 303629 261587     cutoff  268        45.22650   29.14564  35.6%  55.7  498s
 306953 264535   43.51122  105  673   45.22650   29.15113  35.5%  55.9  503s
 310167 268848   33.98633  139  538   45.22650   29.15113  35.5%  56.1  506s
 314691 272131   41.81122  351  420   45.22650   29.15113  35.5%  56.0  510s
 318136 275419   43.72383  550  321   45.22650   29.15113  35.5%  56.1  515s
 325206 281327   44.38112  925  158   45.22650   29.15689  35.5%  55.9  524s
 328352 284214   31.49025   49  578   45.22650   29.15689  35.5%  55.9  528s
 331558 288415   36.38039  150  489   45.22650   29.15689  35.5%  55.7  531s
 336055 293789   41.97487  323  375   45.22650   29.15689  35.5%  55.5  535s
 344689 298514   43.59028  684  244   45.22650   29.15689  35.5%  55.0  541s
 349850 302517   44.00168  910  148   45.22650   29.15689  35.5%  54.8  547s
 351875 305709   44.03739  947  133   45.22650   29.15689  35.5%  54.7  550s
 358498 310098   44.76399  107  903   45.22650   29.21287  35.4%  54.7  556s
 364737 316700   40.57823  234  506   45.22650   29.21287  35.4%  54.7  561s
 368603 321758   43.46807  386  436   45.22650   29.21287  35.4%  54.7  566s
 376097 327997   44.39084  662  257   45.22650   29.21287  35.4%  54.2  572s
 380196 331537   44.65638  815  199   45.22650   29.21287  35.4%  53.9  575s
 386706 337094   31.67545   75  554   45.22650   29.22120  35.4%  53.5  582s
 389710 338904   37.46546  215  496   45.22650   29.22120  35.4%  53.3  585s
 394266 343616   42.20088  422  377   45.22650   29.22120  35.4%  53.4  592s
 396647 346635   43.02891  590  300   45.22650   29.22120  35.4%  53.4  595s
 400800 350882   36.38067  114  642   45.22650   29.22120  35.4%  53.5  600s
 406506 354927   43.71738  996  131   45.22650   29.22120  35.4%  53.5  607s
 409355 357125   44.76811 1153   89   45.22650   29.22751  35.4%  53.5  611s
 411966 360356   36.10961   69  642   45.22650   29.22751  35.4%  53.6  615s
 418708 365491   34.51065   77  678   45.22650   29.26099  35.3%  53.8  621s
 421581 368510   37.83980  162  608   45.22650   29.26099  35.3%  53.7  625s
 427911 373216   35.71681   56  789   45.22650   29.26099  35.3%  53.9  632s
 431043 376176   43.12070   89  904   45.22650   29.26099  35.3%  54.2  637s
 434646 378807   31.38743   40  614   45.22650   29.26099  35.3%  54.3  641s
 441707 384680   35.20587   70  641   45.22650   29.29496  35.2%  54.3  648s
 444497 387674   38.56911  119  628   45.22650   29.29496  35.2%  54.5  652s
 447622 389403   39.46573  148  591   45.22650   29.29496  35.2%  54.5  655s
 454073 397332   41.90318  206  626   45.22650   29.29496  35.2%  54.5  663s
 457809 400555   43.60950  244  622   45.22650   29.31719  35.2%  54.5  668s
 461471 403854   30.94759   32  644   45.22650   29.31892  35.2%  54.4  673s
 465273 406812   43.99799  130  746   45.22650   29.31892  35.2%  54.4  677s
 468524 410797   37.40271   62  656   45.22650   29.31892  35.2%  54.3  680s
 476745 417441     cutoff  179        45.22650   29.34062  35.1%  54.1  687s
 480017 418051   39.58393   73  632   45.22650   29.34062  35.1%  54.1  691s
H480061 418051                      45.2265003   29.34062  35.1%  54.1  692s
H480327 418051                      45.2265003   29.34062  35.1%  54.1  692s
 480743 420477   43.59850  114  750   45.22650   29.34596  35.1%  54.0  695s
H483412 420507                      45.2265003   29.34666  35.1%  54.1  699s
 483433 423242   40.09012   72  715   45.22650   29.35197  35.1%  54.1  703s
H486625 423264                      45.2265003   29.35197  35.1%  54.0  707s
 486667 426885   33.75542  106  522   45.22650   29.35197  35.1%  54.0  711s
 490450 430557   41.80208  282  431   45.22650   29.35197  35.1%  53.8  717s
 494370 433962   44.59210  470  340   45.22650   29.35219  35.1%  53.7  720s
 502214 440826   44.70421  187  661   45.22650   29.36564  35.1%  53.4  726s
 508819 447428   35.63067  107  619   45.22650   29.36564  35.1%  53.3  731s
 512311 450129   38.00876  149  584   45.22650   29.36564  35.1%  53.2  735s
 517121 455023   43.12264  222  560   45.22650   29.36564  35.1%  53.3  742s
 520333 458743   43.74395  265  585   45.22650   29.37809  35.0%  53.3  747s
 524318 460573   33.90084   53  553   45.22650   29.37809  35.0%  53.2  751s
 526489 463197   34.92541   84  529   45.22650   29.37809  35.0%  53.3  755s
 534038 469588   39.93077  187  484   45.22650   29.37809  35.0%  53.3  761s
 536300 473674   41.74583  209  480   45.22650   29.37809  35.0%  53.3  765s
 544432 481225   34.89798   58  682   45.22650   29.38304  35.0%  53.2  773s
 548303 484038   40.41170  145  655   45.22650   29.38304  35.0%  53.1  777s
 551431 486801   44.21768  232  681   45.22650   29.39215  35.0%  53.1  782s
 554733 489483   33.21070   55  639   45.22650   29.39215  35.0%  53.2  787s
 557621 492150   36.91978  130  649   45.22650   29.39215  35.0%  53.3  792s
 560562 492182   40.13697  194  559   45.22650   29.39215  35.0%  53.3  796s
 560594 495115   40.18190  195  567   45.22650   29.39215  35.0%  53.3  801s
 563831 498410   41.98060  265  527   45.22650   29.39215  35.0%  53.4  807s
 567379 501079   44.95044  292  591   45.22650   29.40056  35.0%  53.5  810s
 573417 506596   33.51042  207  479   45.22650   29.41628  35.0%  53.8  819s
 576533 506621   36.44506  244  451   45.22650   29.41628  35.0%  54.0  859s
H576543 506584                      45.2190359   29.41628  34.9%  54.0  859s
 576567 508790   37.36641  244  439   45.21904   29.41628  34.9%  54.0  863s
 579018 511424   37.20858  270  439   45.21904   29.41628  34.9%  54.1  869s
 581940 513774   38.82985  307  419   45.21904   29.41628  34.9%  54.3  874s
 584493 516636   40.26111  341  468   45.21904   29.41628  34.9%  54.4  880s
 587584 519536   40.96733  379  388   45.21904   29.41628  34.9%  54.6  887s
 590842 523270   41.85474  426  357   45.21904   29.41628  34.9%  54.6  894s
 594834 523300   42.89687  471  335   45.21904   29.41628  34.9%  54.8  898s
 594868 523329     cutoff  471        45.21904   29.41628  34.9%  54.8  902s
 594901 525823   43.76185  472  339   45.21904   29.41628  34.9%  54.8  908s
 597818 529447   43.88458  510  324   45.21904   29.41628  34.9%  54.9  915s
 601882 532901   43.38692  563  309   45.21904   29.41628  34.9%  54.9  921s
 605676 535743   43.41177  627  289   45.21904   29.41628  34.9%  55.0  927s
 609057 538766   44.18551  670  280   45.21904   29.41628  34.9%  55.1  933s
 612730 541171     cutoff  723        45.21904   29.41628  34.9%  55.1  938s
 615470 545353   44.26252  759  258   45.21904   29.41628  34.9%  55.1  944s
 620175 548577   44.62000  818  233   45.21904   29.41628  34.9%  55.0  949s
 623861 551818   45.03102  858  229   45.21904   29.41628  34.9%  54.9  952s
 627682 554375     cutoff  894        45.21904   29.41628  34.9%  55.0  955s
 633950 560322     cutoff  953        45.21904   29.41628  34.9%  55.1  963s
 637123 562812   44.69488  997  166   45.21904   29.41628  34.9%  55.2  967s
 639870 565566     cutoff 1037        45.21904   29.41628  34.9%  55.3  972s
 643143 568463     cutoff 1103        45.21904   29.44527  34.9%  55.3  978s
 646726 571273   32.62230   46  585   45.21904   29.45638  34.9%  55.4  983s
 649711 573984   38.55125  143  737   45.21904   29.45638  34.9%  55.3  988s
 652920 576296     cutoff  255        45.21904   29.46067  34.8%  55.4  993s
 655590 579905   36.46923  107  710   45.21904   29.46185  34.8%  55.5  998s
 659419 582327   32.01049   32  750   45.21904   29.46185  34.8%  55.6 1002s
 662048 584920   43.05769   71  991   45.21904   29.46889  34.8%  55.8 1007s
 664908 587526   36.58276   63  619   45.21904   29.46889  34.8%  55.9 1013s
 668059 590701   30.93926   39  720   45.21904   29.46889  34.8%  56.1 1018s
 671644 594062   42.12845  149  796   45.21904   29.46889  34.8%  56.1 1021s
 675571 597502   42.45881  128  671   45.21904   29.47394  34.8%  56.2 1026s
 679551 599180   39.51755   92  811   45.21904   29.47394  34.8%  56.2 1030s
 681743 601248   30.37482   50  593   45.21904   29.47394  34.8%  56.3 1035s
 684400 603654   43.77422  149  806   45.21904   29.47426  34.8%  56.4 1040s
 691691 610177     cutoff  266        45.21904   29.48378  34.8%  56.5 1048s
 695147 612469   41.19783  102  752   45.21904   29.48427  34.8%  56.5 1052s
 698108 615860   33.44001   40  527   45.21904   29.48427  34.8%  56.6 1056s
 705473 621751   39.53622  150  560   45.21904   29.48427  34.8%  56.7 1065s
 708373 625869   42.43118  166  611   45.21904   29.48427  34.8%  56.7 1071s
 712904 629299   42.06143  206  539   45.21904   29.48427  34.8%  56.7 1075s
 716537 632199   43.82964  248  559   45.21904   29.48427  34.8%  56.7 1080s
 719934 634663   44.71906  277  555   45.21904   29.51042  34.7%  56.7 1085s
 726112 640923   36.58515  112  653   45.21904   29.51042  34.7%  56.8 1092s
 729732 644124   39.66060  164  540   45.21904   29.51042  34.7%  56.8 1097s
 733027 646213   41.62951  221  517   45.21904   29.51042  34.7%  56.9 1101s
 735181 649547   42.96915  282  486   45.21904   29.51042  34.7%  56.9 1106s
 738682 652148   43.89790  315  512   45.21904   29.51878  34.7%  57.0 1111s
 741601 654440   39.97087   70  744   45.21904   29.52385  34.7%  57.1 1115s
 744405 657036   34.05437  133  701   45.21904   29.52385  34.7%  57.2 1120s
 751206 663825   43.54424  180  744   45.21904   29.53253  34.7%  57.4 1128s
 755425 666458   39.80151   91  765   45.21904   29.53673  34.7%  57.4 1132s
 758565 669609   36.32321   90  895   45.21904   29.53673  34.7%  57.4 1135s
 762367 673671     cutoff  203        45.21904   29.54960  34.7%  57.5 1140s
 766834 677108   39.68745   85  642   45.21904   29.56089  34.6%  57.4 1145s
 774879 684411     cutoff  187        45.21904   29.56772  34.6%  57.3 1151s
 782794 690839   32.27008   50  593   45.21904   29.56772  34.6%  57.2 1157s
 786052 693535   41.73719  169  782   45.21904   29.57718  34.6%  57.1 1161s
 792058 699631   44.43894  192  671   45.21904   29.57729  34.6%  57.0 1166s
 798926 706473   43.35426  239  439   45.21904   29.58085  34.6%  56.9 1174s
 803036 708728   33.41549   49  626   45.21904   29.59160  34.6%  56.9 1178s
 805465 711129   43.55339   76  851   45.21904   29.59160  34.6%  56.9 1182s
 808134 714148     cutoff   97        45.21904   29.59160  34.6%  56.9 1185s
 815156 720329     cutoff  322        45.21904   29.59448  34.6%  57.0 1194s
 818448 723131   35.92487  209  477   45.21904   29.59637  34.5%  57.0 1198s
 821519 726994   43.26574  309  624   45.21904   29.59897  34.5%  57.0 1201s
 829534 734327   43.12388  291  459   45.21904   29.60581  34.5%  57.0 1209s
 833478 737084   32.08085   69  560   45.21904   29.60883  34.5%  57.0 1213s
 836329 740156   33.18912  116  508   45.21904   29.60883  34.5%  57.1 1217s
 839429 742643   36.24508  157  481   45.21904   29.60883  34.5%  57.1 1221s
 842075 744883   38.32910  185  494   45.21904   29.60883  34.5%  57.2 1225s
 844493 747275   40.37000  219  489   45.21904   29.60883  34.5%  57.3 1231s
 847083 749718   40.95823  268  471   45.21904   29.60883  34.5%  57.4 1236s
 849883 752268   42.55436  309  450   45.21904   29.60883  34.5%  57.4 1241s
 856997 759313   34.14621  104  590   45.21904   29.61731  34.5%  57.5 1249s
 861275 762322   45.03588  303  577   45.21904   29.61937  34.5%  57.5 1254s
 864768 764875   43.35917  124  745   45.21904   29.62109  34.5%  57.5 1259s
 867806 764904   38.59380  119  511   45.21904   29.62109  34.5%  57.4 1331s
H867840 764904                      45.2190357   29.62109  34.5%  57.4 1332s
 867841 769378   38.59380  120  511   45.21904   29.62341  34.5%  57.4 1336s
 872770 769432   32.04364   84  540   45.21904   29.62341  34.5%  57.3 1341s
 872826 772948   32.41700   85  564   45.21904   29.62341  34.5%  57.3 1346s
 876627 775860   42.48038  174  617   45.21904   29.62341  34.5%  57.3 1350s
 882667 780478   38.56129   73  760   45.21904   29.62341  34.5%  57.2 1359s
 885383 783009   30.19394   50  581   45.21904   29.62341  34.5%  57.2 1363s
 888322 785823     cutoff  120        45.21904   29.62623  34.5%  57.1 1368s
 891560 790177   34.60106  131  589   45.21904   29.62623  34.5%  57.1 1374s
 896057 793020   42.79573  332  419   45.21904   29.62623  34.5%  57.0 1378s
 899117 795727   45.10226  488  327   45.21904   29.64158  34.4%  56.9 1382s
 902070 798526   35.47443  120  595   45.21904   29.64158  34.4%  56.9 1386s
 905049 801616   41.83696  290  484   45.21904   29.64158  34.4%  56.8 1391s
 908304 804236   45.01941  455  325   45.21904   29.64540  34.4%  56.7 1395s
 911204 806625   36.09870   63  908   45.21904   29.65080  34.4%  56.7 1400s
 916504 811437   42.91300  105  843   45.21904   29.65574  34.4%  56.7 1409s
 919306 814120   32.09108   41  768   45.21904   29.65813  34.4%  56.7 1414s
 922277 817508   35.13439  120  622   45.21904   29.65813  34.4%  56.7 1420s
 930411 824797   41.28188  263  639   45.21904   29.65813  34.4%  56.7 1426s
 936470 829878   43.79384  363  554   45.21904   29.65813  34.4%  56.8 1433s
 939309 832361   45.14060  371  534   45.21904   29.65917  34.4%  56.8 1437s
 942107 835027   40.75650  199  673   45.21904   29.66635  34.4%  56.9 1441s
 945045 837740   34.93030   42  746   45.21904   29.66635  34.4%  56.9 1446s
 951541 844434   32.34299  101  529   45.21904   29.67209  34.4%  57.0 1455s
 955087 847802   35.56300  170  520   45.21904   29.67209  34.4%  57.0 1460s
 958493 850667   37.95150  207  519   45.21904   29.67209  34.4%  57.1 1465s
 961408 853671   40.34944  253  514   45.21904   29.67209  34.4%  57.1 1470s
 964517 856650   42.02246  283  499   45.21904   29.67209  34.4%  57.2 1475s
 967800 859440   43.98854  339  506   45.21904   29.67209  34.4%  57.2 1480s
 971240 862464     cutoff  379        45.21904   29.69081  34.3%  57.2 1485s
 974933 865325   39.63407  153  611   45.21904   29.69286  34.3%  57.2 1491s
 983173 873264   41.83969  231  482   45.21904   29.69795  34.3%  57.1 1498s
 987493 875733   33.03178   59  666   45.21904   29.70394  34.3%  57.1 1502s

Resetting heuristic parameters to focus on improving solution
(using Heuristics=0.5 and RINS=10)...

 990217 877122   40.50017   78  747   45.21904   29.70394  34.3%  57.1 1507s
H990236 877122                      45.2190356   29.70394  34.3%  57.1 1507s
H990370 877122                      45.2190356   29.70394  34.3%  57.1 1508s
H990518 877122                      45.2190351   29.70394  34.3%  57.1 1508s
H990663 877122                      45.2190345   29.70394  34.3%  57.1 1508s
H990696 877122                      45.2190334   29.70394  34.3%  57.1 1508s
H991088 877122                      45.2190331   29.70394  34.3%  57.1 1508s
 992114 877162   44.54835   99  789   45.21903   29.70394  34.3%  57.2 1515s
 992202 881746   45.04830  100  817   45.21903   29.70394  34.3%  57.2 1525s
 997580 881804   30.61393   59  640   45.21903   29.71107  34.3%  57.4 1535s
H997630 881804                      45.2190330   29.71107  34.3%  57.4 1535s
 997650 883270   30.97950   60  667   45.21903   29.71107  34.3%  57.4 1542s
H998972 883270                      45.2190328   29.71107  34.3%  57.5 1542s
 999345 883332   37.75183   82  707   45.21903   29.71107  34.3%  57.5 1552s
 999412 884353   37.08896   84  657   45.21903   29.71107  34.3%  57.5 1560s
H999479 884353                      45.2190328   29.71107  34.3%  57.5 1560s
 1000554 884416   41.08909   97  683   45.21903   29.71107  34.3%  57.6 1570s
H1000567 884416                      45.2190328   29.71107  34.3%  57.6 1570s
 1000625 885463   41.70644   99  677   45.21903   29.71107  34.3%  57.6 1579s
 1001899 885526   43.36051  111  667   45.21903   29.71107  34.3%  57.6 1588s
H1001904 885526                      45.2190327   29.71107  34.3%  57.6 1588s
 1001964 886328   44.50088  112  692   45.21903   29.71668  34.3%  57.6 1599s
H1002078 886328                      45.2190327   29.71668  34.3%  57.6 1599s
H1002087 886328                      45.2190327   29.71668  34.3%  57.6 1599s
 1002986 886416   32.88639   38  660   45.21903   29.71668  34.3%  57.7 1614s
 1003076 887651   32.84134   37  692   45.21903   29.71668  34.3%  57.7 1626s
 1004448 887738   39.33951   57  728   45.21903   29.71668  34.3%  57.8 1637s
 1004549 894178   39.37790   58  727   45.21903   29.72238  34.3%  57.8 1651s
 1012108 894207   42.33709   69  823   45.21903   29.73669  34.2%  58.2 1656s
 1012143 910026   42.50045   70  835   45.21903   29.73752  34.2%  58.2 1800s
H1012893 910026                      45.2190324   29.73895  34.2%  58.2 1800s
H1019237 910026                      45.2190320   29.74215  34.2%  58.5 1800s
H1028819 910026                      45.2190313   29.74439  34.2%  58.9 1800s

Explored 1030730 nodes (60850638 simplex iterations) in 1800.53 seconds (2930.88 work units)
Thread count was 32 (of 96 available processors)

Solution count 10: 45.219 45.219 45.219 ... 51.6669

Time limit reached
Best objective 4.521903134457e+01, best bound 2.974796491690e+01, gap 34.2136%
