
Gurobi 9.5.1 (linux64) logging started Wed 10 Aug 2022 03:30:52 PM MST

Set parameter LogFile to value "/home/local/ASUAD/kmajd1/NNRepLayer_v2/demos/walking_example/dynamic_constraint/repair_net_relaxed/logs/opt2_log_8_10_2022_14_29_12.log"
Gurobi Optimizer version 9.5.1 build v9.5.1rc2 (linux64)
Thread count: 48 physical cores, 96 logical processors, using up to 32 threads
Optimize a model with 12558 rows, 9048 columns and 186204 nonzeros
Model fingerprint: 0xcd56c1cd
Model has 270 quadratic objective terms
Variable types: 6078 continuous, 2970 integer (2970 binary)
Coefficient statistics:
  Matrix range     [7e-04, 2e+02]
  Objective range  [3e-03, 1e+00]
  QObjective range [7e-02, 7e-02]
  Bounds range     [2e-03, 2e+02]
  RHS range        [1e-04, 2e+02]
Presolve removed 689 rows and 143 columns
Presolve time: 0.26s
Presolved: 11869 rows, 8905 columns, 185052 nonzeros
Presolved model has 270 quadratic objective terms
Variable types: 5941 continuous, 2964 integer (2964 binary)
Root relaxation presolve removed 2964 rows and 2964 columns
Root relaxation presolved: 8905 rows, 5941 columns, 176160 nonzeros
Root relaxation presolved model has 270 quadratic objective terms


Root relaxation: objective 2.529739e+01, 7083 iterations, 0.36 seconds (0.93 work units)

    Nodes    |    Current Node    |     Objective Bounds      |     Work
 Expl Unexpl |  Obj  Depth IntInf | Incumbent    BestBd   Gap | It/Node Time

     0     0   25.29739    0  570          -   25.29739      -     -    0s
     0     0   25.29739    0  570          -   25.29739      -     -    2s
H    0     0                     715.3173186   25.29739  96.5%     -    5s
H    0     0                     634.5757624   25.29739  96.0%     -    5s
     0     2   25.29739    0  570  634.57576   25.29739  96.0%     -    6s
H   31    64                     555.0464159   26.83927  95.2%   536    9s
H   35    64                     554.5567294   26.87734  95.2%   475    9s
H   42    64                     546.5762065   26.87734  95.1%   396    9s
H   48    64                     546.0602888   26.87734  95.1%   348    9s
H   95   128                      63.1547628   26.90782  57.4%   192   16s
H   98   128                      62.7214057   26.90782  57.1%   186   16s
H  101   128                      62.2857728   26.90782  56.8%   181   16s
H  103   128                      62.0143324   26.90782  56.6%   177   16s
H  106   128                      61.5529596   26.90782  56.3%   172   16s
H  120   128                      61.2278930   26.90782  56.1%   153   16s
H  125   128                      60.0076082   26.90782  55.2%   147   16s
   127   160   27.17659    7  647   60.00761   26.90782  55.2%   144   21s
H  133   160                      59.7842421   26.90782  55.0%   138   21s
   223   272   27.51095    9  778   59.78424   26.90782  55.0%   410   35s
  1158  1178   28.70707   37  835   59.78424   26.90782  55.0%   188   47s
H 1160  1178                      59.7842418   26.90782  55.0%   187   47s
  1708  1830   28.94015   55  816   59.78424   26.90782  55.0%   152   50s
  4042  4166   32.51559  132  986   59.78424   26.90782  55.0%   104   55s
  6925  6929   35.48212  218 1041   59.78424   26.90782  55.0%  74.8   60s
  8737  8667   36.77970  267 1028   59.78424   26.90782  55.0%  75.6   65s
 12823 13164   40.91851  394 1009   59.78424   26.90782  55.0%  66.0   70s
H14668 12196                      47.7067912   26.90782  43.6%  63.3   88s
 14671 12162   41.64099  280  570   47.70679   26.90782  43.6%  63.3   90s
 14674 12166   38.76312   13 1398   47.70679   26.90782  43.6%  63.9  109s
 14679 12173   44.48616   15 1133   47.70679   26.90782  43.6%  64.2  110s
H14739 11594                      47.7067912   26.90782  43.6%  65.2  112s
 14782 11631   27.09922   20  723   47.70679   26.90782  43.6%  65.9  116s
H14784 11053                      47.6397715   26.90782  43.5%  65.9  116s
H14813 10494                      47.6102760   26.90782  43.5%  65.9  116s
 15854 11038   31.28827   50  788   47.61028   26.90782  43.5%  66.1  122s
H15856 10516                      47.6010857   26.90782  43.5%  66.1  122s
H15859 10020                      47.5445693   26.90782  43.4%  66.1  122s
H15884  9541                      47.5358422   26.90782  43.4%  66.0  122s
H15887  9093                      47.5357865   26.90782  43.4%  66.0  122s
 15888  9128   31.48400   51  786   47.53579   26.90782  43.4%  66.1  128s
 16459  9503   47.17402   62 1013   47.53579   26.90782  43.4%  67.3  130s
 17699 10215   29.20635   24  803   47.53579   26.90782  43.4%  66.8  136s
 20300 12083     cutoff   84        47.53579   26.93970  43.3%  64.4  140s
 25119 14919   36.13156  109  836   47.53579   26.93970  43.3%  60.2  145s
 28924 18078   39.46425  202  751   47.53579   26.93970  43.3%  57.5  151s
H30222 17253                      47.5357865   26.93970  43.3%  56.7  153s
 31742 18980   45.32291  292  761   47.53579   26.93970  43.3%  57.1  155s
 35814 21347   34.94182   68 1036   47.53579   27.05026  43.1%  57.1  160s
 39945 24494   45.71827  182  949   47.53579   27.05026  43.1%  58.3  165s
 43055 26462   30.66095   42  844   47.53579   27.24921  42.7%  57.8  171s
 45296 28488   33.86247  114  720   47.53579   27.24921  42.7%  58.2  207s
H45297 28488                      47.5357865   27.24921  42.7%  58.2  207s
H45298 28426                      47.4574640   27.24921  42.6%  58.2  207s
H45309 28422                      47.4544091   27.24921  42.6%  58.2  207s
 46378 29445   36.06232  154  702   47.45441   27.24921  42.6%  58.6  212s
 47618 31063   38.24918  196  668   47.45441   27.24921  42.6%  58.5  215s
 50991 34372   41.13294  306  582   47.45441   27.24921  42.6%  58.5  222s
 53609 36799   41.83412  396  538   47.45441   27.24921  42.6%  58.4  227s
 54855 38316   41.95397  436  498   47.45441   27.24921  42.6%  58.6  230s
 58388 42956   42.51486  577  375   47.45441   27.24921  42.6%  58.4  240s
 64135 46369   45.96857  792  257   47.45441   27.24921  42.6%  58.0  248s
 66123 47138   46.97808  869  222   47.45441   27.24921  42.6%  58.4  251s
 70388 52829   36.25876  137  876   47.45441   27.39321  42.3%  59.4  257s
 73369 54404   45.29600  286  849   47.45441   28.24129  40.5%  59.8  261s
 75208 56283   34.10957   27  929   47.45441   28.24129  40.5%  61.4  265s
 80237 61373     cutoff   88        47.45441   28.43891  40.1%  63.4  272s
 83235 63978   35.10809   93  837   47.45441   28.43891  40.1%  63.8  277s
 86173 66318   46.14744  265  819   47.45441   28.45662  40.0%  64.1  281s
 88734 70797   31.61020   32  798   47.45441   28.45662  40.0%  64.6  287s
 94043 71173   39.72540  189  849   47.45441   28.45662  40.0%  66.0  291s
 94529 73973   39.74141  189  849   47.45441   28.45662  40.0%  66.2  296s
 98048 77072   41.55581  239  853   47.45441   28.45662  40.0%  67.3  302s
 101714 80543   46.47682  335  812   47.45441   28.45662  40.0%  67.1  308s
 105410 85321   47.15429  373  744   47.45441   28.53123  39.9%  66.4  312s
 110815 89118   36.66537   74  882   47.45441   28.53123  39.9%  65.1  315s
 118986 96822   37.82434   95  854   47.45441   28.59492  39.7%  63.7  327s
 123961 100417   47.39842  267  757   47.45441   28.77603  39.4%  63.4  331s
 131685 107503   46.00939  361  488   47.45441   28.82937  39.2%  63.5  337s
 135881 111017   40.39947   92  928   47.45441   29.00699  38.9%  62.9  340s
 142616 116278   39.54749   54 1010   47.45441   29.00699  38.9%  62.4  347s
 145377 118490   45.20039   82 1049   47.45441   29.00699  38.9%  62.3  351s
 148065 123786   47.36445  109 1006   47.45441   29.05722  38.8%  62.3  356s
 157773 129179   38.06979  114  903   47.45441   29.17738  38.5%  61.7  362s
 160408 131456   46.25027  253  820   47.45441   29.17738  38.5%  61.6  366s
 166826 137688   46.34220  180  881   47.45441   29.23125  38.4%  61.0  371s
 174057 144699   44.72390  196  937   47.45441   29.26025  38.3%  60.7  377s
 177689 148168   30.57921   46  813   47.45441   29.26025  38.3%  60.2  383s
 181824 151254   35.63151  133  823   47.45441   29.26025  38.3%  60.3  386s
 186602 154910   43.30927  212  753   47.45441   29.35977  38.1%  61.1  394s
 189335 157870   46.86826   93  999   47.45441   29.38332  38.1%  62.1  399s
 192461 161222   43.26635  164  827   47.45441   29.38332  38.1%  62.8  404s
 196112 164073   37.19923   66  866   47.45441   29.39200  38.1%  63.2  409s
 199435 167172   33.04334   47  945   47.45441   29.39200  38.1%  63.5  415s
 202891 169727     cutoff  215        47.45441   29.40117  38.0%  63.6  420s
 206175 172420   42.93184  220  877   47.45441   29.40117  38.0%  63.8  425s
 209363 175168   33.34861   71  705   47.45441   29.40117  38.0%  64.0  432s
 212745 177936   39.40218  209  605   47.45441   29.40117  38.0%  64.2  438s
 216045 181378   43.68005  349  494   47.45441   29.40117  38.0%  64.5  444s
 219820 185333   46.40030  485  416   47.45441   29.40117  38.0%  64.3  448s
 224403 188244     cutoff  133        47.45441   29.40892  38.0%  64.1  452s
 228082 190302   35.52771   65  927   47.45441   29.41598  38.0%  64.0  456s
 230707 194334   31.42659   46  789   47.45441   29.43433  38.0%  64.0  460s
 239865 203424   43.75493  415  467   47.45441   29.43433  38.0%  63.3  470s
 247547 207733   39.81097   87  815   47.45441   29.49355  37.8%  62.9  478s
 250065 209937   47.40929  165  815   47.45441   29.50317  37.8%  63.1  482s
 252654 212479   33.74804  103  718   47.45441   29.50317  37.8%  63.3  486s
 255510 214693   38.43564  204  634   47.45441   29.50317  37.8%  63.4  491s
 261712 220183   43.91648  518  400   47.45441   29.50317  37.8%  63.6  498s
 264125 223286   44.97288  614  361   47.45441   29.50317  37.8%  63.7  503s
 267644 226166   46.40103  829  253   47.45441   29.50317  37.8%  63.8  508s
 270912 229138   46.92214 1036  159   47.45441   29.51739  37.8%  63.8  514s
 274528 232023   38.47717  113  955   47.45441   29.51739  37.8%  64.0  519s
 277937 234873   46.13593  223  912   47.45441   29.54835  37.7%  64.0  524s
 281221 236398   37.54231   70  961   47.45441   29.54835  37.7%  64.0  529s
H281474 236398                      47.4544091   29.54835  37.7%  64.0  529s
H281992 236324                      47.4408550   29.54835  37.7%  64.0  529s
 282907 239868   38.02300   91  922   47.44085   29.54835  37.7%  63.9  535s
H286916 240586                      47.4408550   29.54835  37.7%  63.7  538s
H286959 240586                      47.4408550   29.54835  37.7%  63.7  538s
 287657 244081   46.71063  242  922   47.44085   29.54835  37.7%  63.7  544s
 291636 245263   32.70954   93  806   47.44085   29.62708  37.5%  63.5  548s
 292887 250582   34.69374  141  772   47.44085   29.62708  37.5%  63.4  553s
 298709 254755   41.85422  371  546   47.44085   29.62708  37.5%  62.9  558s
 303221 259056   44.48865  583  427   47.44085   29.62708  37.5%  62.5  565s
 309315 263670   46.37212  878  235   47.44085   29.62708  37.5%  62.0  573s
 313089 268141   47.26757 1083  162   47.44085   29.63174  37.5%  61.8  576s
 321892 274227   39.19623   74 1008   47.44085   29.69489  37.4%  61.1  583s
 325127 276762   45.75336  148 1026   47.44085   29.69705  37.4%  61.0  587s
 332008 282406   43.57002  166  852   47.44085   29.70821  37.4%  60.7  592s
 334650 286094   30.52094   41  779   47.44085   29.70821  37.4%  60.6  598s
 338946 290615   44.07404  148  817   47.44085   29.70821  37.4%  60.5  601s
 347588 297540   38.76064  104  822   47.44085   29.78118  37.2%  59.9  607s
 351091 300485   47.40526  196  889   47.44085   29.78118  37.2%  59.6  610s
 356900 305711   47.31959  149  861   47.44085   29.78118  37.2%  59.2  616s
 363409 311493   37.42142   45 1098   47.44085   29.81088  37.2%  59.1  621s
 366723 315482   35.54298   50  857   47.44085   29.83569  37.1%  58.9  627s
 371326 317562   38.56480   38 1044   47.44085   29.84015  37.1%  58.8  630s
 376557 323409   34.39425   97  662   47.44085   29.84015  37.1%  59.1  636s
 380319 327420   39.59714  279  539   47.44085   29.84015  37.1%  59.1  640s
 387905 333870   44.62294  609  376   47.44085   29.84015  37.1%  58.7  647s
 391126 336984   46.51089  775  313   47.44085   29.84015  37.1%  58.6  651s
 394486 339552   46.85999  953  210   47.44085   29.84015  37.1%  58.5  655s
 397300 342567     cutoff 1101        47.44085   29.84015  37.1%  58.5  661s
 400633 345713     cutoff  129        47.44085   29.86056  37.1%  58.6  665s
 407934 353658   42.02512  252  607   47.44085   29.88467  37.0%  58.5  672s
 412421 357253   44.79322  474  435   47.44085   29.88467  37.0%  58.3  675s
 419141 362291   46.18606  101  881   47.44085   29.90450  37.0%  58.2  683s
 421938 364945   31.03721   35  838   47.44085   29.90450  37.0%  58.3  687s
 424959 366866   39.11256  177  782   47.44085   29.90450  37.0%  58.3  692s
 427118 369486   46.77897  286  750   47.44085   29.90689  37.0%  58.2  697s
 430297 372503   40.14224   56  921   47.44085   29.90689  37.0%  58.3  701s
 433889 376029   46.78996   92  941   47.44085   29.90689  37.0%  58.5  705s
 437807 379610   34.37584   66  760   47.44085   29.90880  37.0%  58.4  710s
 445433 387938   41.46248  268  595   47.44085   29.90880  37.0%  58.1  717s
 454691 395180   46.25490  617  372   47.44085   29.92039  36.9%  57.4  722s
 458304 399401   40.89196  102  910   47.44085   29.93898  36.9%  57.2  728s
 463035 401063   42.53340   84  810   47.44085   29.93898  36.9%  57.0  731s
 464963 403296   46.55076  135  987   47.44085   29.93898  36.9%  57.0  735s
 470613 408317   33.87193   83  719   47.44085   29.95955  36.8%  57.2  741s
 473592 410673   34.88882  114  682   47.44085   29.95955  36.8%  57.4  745s
 476325 412874   35.73384  144  686   47.44085   29.95955  36.8%  57.6  750s
 481889 418199   38.32015  197  669   47.44085   29.95955  36.8%  58.0  759s
 484898 420996   39.32680  220  662   47.44085   29.95955  36.8%  58.1  765s
 488012 423619   40.37455  255  638   47.44085   29.95955  36.8%  58.2  770s
 490902 425738   40.88856  293  603   47.44085   29.95955  36.8%  58.4  775s
 493461 429117   44.28474  332  573   47.44085   29.95955  36.8%  58.5  781s
 497503 432050   42.73117  378  532   47.44085   29.95955  36.8%  58.6  787s
 500937 435317   42.92065  412  510   47.44085   29.95955  36.8%  58.7  793s
 504709 438285   43.71890  456  460   47.44085   29.95955  36.8%  58.7  798s
 508163 441391   43.40369  500  439   47.44085   29.95955  36.8%  58.8  803s
 511681 445739   43.59998  545  425   47.44085   29.95955  36.8%  58.9  807s
 516334 446282   44.31896  585  399   47.44085   29.95955  36.8%  58.8  810s
 516961 449678     cutoff  591        47.44085   29.95955  36.8%  58.8  815s
 524133 455053   45.07424  668  366   47.44085   29.95955  36.8%  58.6  823s
H527178 453167                      47.3616663   29.95955  36.7%  58.6  877s
 527224 455491     cutoff  697        47.36167   29.95955  36.7%  58.5  882s
 529972 457198   46.19991  734  335   47.36167   29.95955  36.7%  58.5  886s
 531990 459603   46.42082  756  325   47.36167   29.95955  36.7%  58.5  891s
 534729 463527     cutoff  778        47.36167   29.95955  36.7%  58.4  896s
 539026 466546   46.73768  819  307   47.36167   29.95955  36.7%  58.2  902s
 542635 469708   47.05255  865  278   47.36167   29.95955  36.7%  58.1  907s
 546166 473656   47.16910  925  232   47.36167   29.95955  36.7%  58.0  913s
 550641 476109     cutoff 1001        47.36167   30.04360  36.6%  57.9  918s
 553667 479093   36.67375   85  829   47.36167   30.04360  36.6%  57.8  922s
 556940 481730   42.74943  177  839   47.36167   30.04360  36.6%  57.7  926s
 560103 484757   45.40002  278  791   47.36167   30.04360  36.6%  57.6  931s
 563297 487545     cutoff  376        47.36167   30.08329  36.5%  57.6  935s
 566383 489792   33.02059   68  670   47.36167   30.08329  36.5%  57.5  940s
 571314 494507   36.61557  119  697   47.36167   30.08329  36.5%  57.6  949s
 574221 496968   36.02342  146  651   47.36167   30.08329  36.5%  57.6  954s
 577005 500189 infeasible  177        47.36167   30.08329  36.5%  57.7  960s
 580659 502239   46.22853  208  615   47.36167   30.08329  36.5%  57.8  965s
 583365 504759   39.16403  229  582   47.36167   30.08329  36.5%  57.9  970s
 586107 507322   40.57095  261  562   47.36167   30.08329  36.5%  58.0  975s
 592154 514612   41.39422  344  508   47.36167   30.08329  36.5%  58.2  983s
 596423 518276   42.25606  386  521   47.36167   30.08329  36.5%  58.3  988s
 600433 521324   44.42770  437  465   47.36167   30.08329  36.5%  58.3  993s
 604089 523863   44.94104  476  442   47.36167   30.08329  36.5%  58.3  998s
 607528 527095   45.40067  517  418   47.36167   30.08329  36.5%  58.3 1004s
 611554 530341   46.57761  568  397   47.36167   30.08329  36.5%  58.3 1009s
 615080 533035   46.00451  610  376   47.36167   30.08329  36.5%  58.2 1013s
 618110 535674   46.62636  646  362   47.36167   30.13192  36.4%  58.1 1018s
 621177 538662   33.14748   37  811   47.36167   30.13441  36.4%  58.1 1021s
 628605 546624   43.69493  171  770   47.36167   30.14643  36.3%  58.0 1027s
 633152 549821   37.31966   81  920   47.36167   30.15340  36.3%  57.8 1031s
 636654 554449 infeasible  205        47.36167   30.15498  36.3%  57.7 1037s
 641576 557577   43.55938  203  895   47.36167   30.15786  36.3%  57.6 1041s
 648889 564703   43.05812  102  807   47.36167   30.16800  36.3%  57.3 1047s
 652450 567603   31.87592   48  790   47.36167   30.16800  36.3%  57.2 1050s
 658627 572167   39.74984  176  741   47.36167   30.16800  36.3%  57.0 1057s
 660424 575273   41.98562  235  648   47.36167   30.16800  36.3%  56.9 1061s
 667711 584569   45.32009  481  439   47.36167   30.16800  36.3%  56.6 1069s
 673402 586800   47.26831  650  353   47.36167   30.16928  36.3%  56.5 1072s
 675936 589060   34.10104   88  892   47.36167   30.16928  36.3%  56.4 1075s
 681225 595531   39.60593  227  762   47.36167   30.16928  36.3%  56.3 1081s
 687003 598548   37.18777  117  839   47.36167   30.16928  36.3%  56.2 1085s
 690920 602798   46.78503  666  376   47.36167   30.18295  36.3%  56.2 1091s
 692794 605500   43.89993   98  795   47.36167   30.18295  36.3%  56.2 1095s
 698380 611547   41.95245  163  725   47.36167   30.18943  36.3%  56.2 1105s
 705278 618300   35.66439  120  688   47.36167   30.18943  36.3%  56.3 1113s
 709584 620953   47.19119  303  646   47.36167   30.19023  36.3%  56.2 1117s
 712775 623582   42.50315  124  792   47.36167   30.19844  36.2%  56.2 1121s
 719839 629924   46.10896  169  746   47.36167   30.20066  36.2%  56.2 1128s
 723185 632697   37.99659   71  730   47.36167   30.20961  36.2%  56.3 1133s
 726331 635421   47.06456  144  784   47.36167   30.21975  36.2%  56.3 1137s
 729367 640547   34.90492   86  953   47.36167   30.21975  36.2%  56.2 1141s
 737413 646163   35.88311   78  865   47.36167   30.22651  36.2%  56.1 1148s
 741023 649351   43.09005  182  643   47.36167   30.22651  36.2%  56.0 1152s
 744413 652721   46.74872  311  529   47.36167   30.22768  36.2%  55.9 1155s
 751111 658084   41.76266  126  844   47.36167   30.22768  36.2%  55.7 1163s
 753863 661300   46.64578  196  775   47.36167   30.22907  36.2%  55.7 1166s
 760823 670001   42.50615  241  579   47.36167   30.23507  36.2%  55.5 1173s
 766746 672460   45.90037  470  410   47.36167   30.23507  36.2%  55.4 1176s
 772214 676337   42.33263   93  797   47.36167   30.24672  36.1%  55.2 1182s
 773558 678625     cutoff  146        47.36167   30.24763  36.1%  55.2 1186s
 779660 685445     cutoff  278        47.36167   30.24805  36.1%  55.2 1191s
 786880 690782   46.82337  194  727   47.36167   30.25795  36.1%  55.0 1198s
 789610 694516   31.72352   47  705   47.36167   30.25795  36.1%  55.0 1200s
 793533 700452   45.47678  167  795   47.36167   30.26324  36.1%  54.9 1206s
 802126 704638   47.31187  264  732   47.36167   30.26947  36.1%  54.7 1212s
 804392 706847   37.37396   77  841   47.36167   30.27105  36.1%  54.6 1215s
 810085 709755   36.88768   88  712   47.36167   30.27644  36.1%  54.6 1220s
H810121 709755                      47.3616663   30.27644  36.1%  54.6 1220s
 813492 712910   43.35614  226  698   47.36167   30.27644  36.1%  54.5 1226s
 816700 718496   37.80091  111  883   47.36167   30.27644  36.1%  54.5 1233s
 819636 721267   44.98180  237  886   47.36167   30.28719  36.1%  54.4 1237s
 822566 725537   32.41000   55  858   47.36167   30.28754  36.1%  54.4 1242s
 827178 727822   31.54770   60  676   47.36167   30.28754  36.1%  54.3 1245s
 833760 734220     cutoff  287        47.36167   30.29264  36.0%  54.2 1252s
 836700 736422   42.69603  129  849   47.36167   30.29264  36.0%  54.2 1256s
 842208 742917   41.61924  263  642   47.36167   30.29264  36.0%  54.2 1262s
 846362 746911   45.32142  433  493   47.36167   30.30316  36.0%  54.1 1266s
 853642 752833   36.67496  116  835   47.36167   30.30316  36.0%  54.0 1275s
 861156 758985   47.33239  372  649   47.36167   30.30475  36.0%  54.0 1282s
 864561 761491   41.46199   99  896   47.36167   30.30991  36.0%  54.1 1286s
 867543 764325   47.18776  177  835   47.36167   30.30991  36.0%  54.1 1291s
 874922 771873   44.82637  271  617   47.36167   30.32145  36.0%  54.0 1297s
 878897 773665   32.87425   54  737   47.36167   30.32145  36.0%  54.0 1301s
 880971 776557   39.17405  113  725   47.36167   30.32145  36.0%  54.0 1305s
 884219 780224   45.67988  203  753   47.36167   30.32322  36.0%  53.9 1311s
 888161 784310   40.27291  131  748   47.36167   30.32322  36.0%  53.9 1315s
 895456 788580   33.18277   40  937   47.36167   30.32851  36.0%  53.8 1321s
 897494 790643   33.59133   68  914   47.36167   30.32851  36.0%  53.9 1325s
 902062 794796   37.95807  133  805   47.36167   30.32851  36.0%  54.1 1333s
 904362 797021   38.99874  162  806   47.36167   30.32851  36.0%  54.2 1339s
 906893 799054   40.99343  190  724   47.36167   30.32851  36.0%  54.4 1344s
 909359 801531   41.27028  213  716   47.36167   30.32851  36.0%  54.5 1349s
 912352 803237   42.34349  247  737   47.36167   30.32851  36.0%  54.6 1354s
 914503 805381   44.44284  279  720   47.36167   30.32851  36.0%  54.7 1360s
 917258 807954   44.05492  322  685   47.36167   30.32851  36.0%  54.8 1366s
 920616 810476   44.05492  370  647   47.36167   30.32851  36.0%  54.8 1371s
 923979 812991   44.72530  416  554   47.36167   30.32851  36.0%  54.9 1377s
 927254 815748   44.86554  461  494   47.36167   30.32851  36.0%  55.0 1383s
 930722 818782   45.46271  510  468   47.36167   30.32851  36.0%  55.0 1389s
 934345 821320   45.88025  557  439   47.36167   30.33542  35.9%  55.0 1394s
 937566 823951   34.19773   62  831   47.36167   30.33793  35.9%  55.1 1400s
 940671 826878   42.34940   93  853   47.36167   30.33793  35.9%  55.1 1406s
 944234 829609     cutoff  113        47.36167   30.34917  35.9%  55.1 1411s
 947561 831817   44.39874  206  679   47.36167   30.35053  35.9%  55.1 1416s
 950207 834721   41.85608   75  903   47.36167   30.35095  35.9%  55.1 1422s
 953699 838709   35.42767   73  806   47.36167   30.35192  35.9%  55.1 1425s
 963399 848449   44.55487  218  579   47.36167   30.35214  35.9%  55.0 1432s
 968270 851814     cutoff  364        47.36167   30.35214  35.9%  54.9 1436s
 974718 858061   39.05640  126  677   47.36167   30.35505  35.9%  54.7 1445s
 981882 862804   34.22830   56  897   47.36167   30.36203  35.9%  54.6 1453s
 984349 865480   37.37250   96  882   47.36167   30.36203  35.9%  54.7 1457s
 989742 870909   41.45594  172  856   47.36167   30.36203  35.9%  54.7 1463s
 993354 873958   45.42685  232  787   47.36167   30.36203  35.9%  54.8 1467s
 996844 876627   46.67257  329  722   47.36167   30.36203  35.9%  54.8 1471s
 999889 879405   47.29409  403  613   47.36167   30.36216  35.9%  54.8 1476s
 1002985 882100   37.01257   94  704   47.36167   30.36216  35.9%  54.8 1481s
 1006123 885052   40.07584  158  688   47.36167   30.36216  35.9%  54.9 1486s
 1009465 888248   43.13168  203  660   47.36167   30.36216  35.9%  54.9 1491s
 1012981 891046   45.02986  288  655   47.36167   30.36216  35.9%  54.8 1497s
 1016205 893862   46.18842  400  565   47.36167   30.36216  35.9%  54.8 1502s

Resetting heuristic parameters to focus on improving solution
(using Heuristics=0.5 and RINS=10)...

 1019386 895932   46.98459  426  539   47.36167   30.36216  35.9%  54.9 1506s
H1022274 895932                      47.3616662   30.37377  35.9%  54.9 1506s
H1022289 895932                      47.3616662   30.37377  35.9%  54.9 1506s
 1022456 895998   40.79014   65 1005   47.36167   30.37377  35.9%  54.9 1513s
H1022462 895998                      47.3616662   30.37377  35.9%  54.9 1513s
H1022477 895998                      47.3616661   30.37377  35.9%  54.9 1513s
H1022480 895700                      47.3549271   30.37377  35.9%  54.9 1513s
 1022542 896062   38.29178   65  949   47.35493   30.37377  35.9%  54.9 1520s
H1022543 896062                      47.3549271   30.37377  35.9%  54.9 1520s
H1022553 896062                      47.3549269   30.37377  35.9%  54.9 1520s
H1022555 896059                      47.3548625   30.37377  35.9%  54.9 1520s
 1022995 896115   41.76106   72  976   47.35486   30.37377  35.9%  54.9 1526s
H1023003 896115                      47.3548625   30.37377  35.9%  54.9 1526s
H1023067 896618                      47.3548625   30.37377  35.9%  54.9 1534s
H1023074 896618                      47.3548625   30.37377  35.9%  54.9 1534s
H1023075 896618                      47.3548623   30.37377  35.9%  54.9 1534s
H1023077 896618                      47.3548621   30.37377  35.9%  54.9 1534s
H1023643 896714                      47.3548621   30.37377  35.9%  55.0 1543s
H1023659 896714                      47.3548620   30.37377  35.9%  55.0 1543s
 1023739 897516   42.78323   81  993   47.35486   30.37377  35.9%  55.0 1554s
H1023751 897516                      47.3548620   30.37377  35.9%  55.0 1554s
H1023920 897477                      47.3538953   30.37377  35.9%  55.0 1554s
 1024623 897601   44.87653   96 1007   47.35390   30.37377  35.9%  55.0 1563s
 1024753 901007   45.36023   99 1004   47.35390   30.37378  35.9%  55.0 1578s
H1024848 901007                      47.3538953   30.37558  35.9%  55.0 1578s
H1025480 901007                      47.3538952   30.37558  35.9%  55.0 1578s
H1025486 901007                      47.3538952   30.37558  35.9%  55.0 1578s
H1026063 901007                      47.3538943   30.37558  35.9%  55.0 1578s
H1026453 901007                      47.3538939   30.37558  35.9%  55.1 1578s
 1028652 901124   41.90423   70 1004   47.35389   30.37558  35.9%  55.1 1590s
H1028760 901124                      47.3538939   30.37558  35.9%  55.1 1590s
 1028795 902366   43.07265   73  949   47.35389   30.37558  35.9%  55.1 1604s
H1029979 902366                      47.3538937   30.37558  35.9%  55.2 1604s
 1030289 902512   45.41276   92  958   47.35389   30.37558  35.9%  55.2 1618s
H1030390 902512                      47.3538937   30.37558  35.9%  55.2 1618s
 1030463 904040   45.49035   94  956   47.35389   30.38152  35.8%  55.2 1635s
H1031163 904040                      47.3538934   30.38152  35.8%  55.3 1635s
H1031649 904040                      47.3538934   30.38152  35.8%  55.3 1635s
H1031754 904001                      47.3528082   30.38152  35.8%  55.3 1636s
 1032212 904165   36.28475   47  833   47.35281   30.38152  35.8%  55.3 1652s
H1032241 904165                      47.3528082   30.38152  35.8%  55.3 1652s
 1032380 905826   37.40791   50  844   47.35281   30.38152  35.8%  55.3 1671s
H1032386 905826                      47.3528082   30.38152  35.8%  55.3 1671s
H1032404 905826                      47.3528078   30.38152  35.8%  55.3 1671s
H1033139 904907                      47.3343760   30.38152  35.8%  55.3 1671s
 1034316 905076   45.61710   80  978   47.33438   30.38152  35.8%  55.4 1689s
H1034374 905076                      47.3343760   30.38152  35.8%  55.4 1689s
H1034384 905076                      47.3343760   30.38152  35.8%  55.4 1689s
H1034426 905076                      47.3343759   30.38152  35.8%  55.4 1689s
 1034523 907044   45.68873   81  956   47.33438   30.38632  35.8%  55.4 1711s
H1034603 907044                      47.3343759   30.38663  35.8%  55.4 1711s
H1034758 906881                      47.3309787   30.38799  35.8%  55.4 1711s
H1036223 906847                      47.3302106   30.38799  35.8%  55.5 1711s
 1036756 906911   38.20045   56  832   47.33021   30.38799  35.8%  55.5 1717s
H1036766 906911                      47.3302106   30.38799  35.8%  55.5 1718s
H1036801 906911                      47.3302106   30.38799  35.8%  55.5 1718s
 1036820 915946   38.20045   57  831   47.33021   30.38982  35.8%  55.5 1800s
H1036834 915946                      47.3302106   30.38982  35.8%  55.5 1800s
H1036841 915946                      47.3302105   30.38982  35.8%  55.5 1800s
H1036856 915946                      47.3302093   30.38982  35.8%  55.5 1800s
H1039198 915946                      47.3302093   30.39357  35.8%  55.6 1800s
H1040678 915927                      47.3297945   30.39567  35.8%  55.6 1800s

Explored 1047021 nodes (58496662 simplex iterations) in 1800.64 seconds (2901.73 work units)
Thread count was 32 (of 96 available processors)

Solution count 10: 47.3298 47.3302 47.3302 ... 47.3528

Time limit reached
Best objective 4.732979451103e+01, best bound 3.039818059265e+01, gap 35.7737%
