
Gurobi 9.5.1 (linux64) logging started Thu 11 Aug 2022 04:14:35 AM MST

Set parameter LogFile to value "/home/local/ASUAD/kmajd1/NNRepLayer_v2/demos/walking_example/dynamic_constraint/repair_net_relaxed/logs/opt31_log_8_10_2022_14_29_12.log"
Gurobi Optimizer version 9.5.1 build v9.5.1rc2 (linux64)
Thread count: 48 physical cores, 96 logical processors, using up to 32 threads
Optimize a model with 12558 rows, 9048 columns and 186204 nonzeros
Model fingerprint: 0xe5ba047c
Model has 270 quadratic objective terms
Variable types: 6078 continuous, 2970 integer (2970 binary)
Coefficient statistics:
  Matrix range     [7e-04, 2e+02]
  Objective range  [3e-03, 1e+00]
  QObjective range [7e-02, 7e-02]
  Bounds range     [1e-02, 1e+02]
  RHS range        [2e-04, 2e+02]
Presolve removed 672 rows and 132 columns
Presolve time: 0.20s
Presolved: 11886 rows, 8916 columns, 185400 nonzeros
Presolved model has 270 quadratic objective terms
Variable types: 5946 continuous, 2970 integer (2970 binary)
Root relaxation presolve removed 2970 rows and 2970 columns
Root relaxation presolved: 8916 rows, 5946 columns, 176490 nonzeros
Root relaxation presolved model has 270 quadratic objective terms


Root relaxation: objective 2.853358e+01, 11818 iterations, 0.51 seconds (1.26 work units)

    Nodes    |    Current Node    |     Objective Bounds      |     Work
 Expl Unexpl |  Obj  Depth IntInf | Incumbent    BestBd   Gap | It/Node Time

     0     0   28.53358    0  846          -   28.53358      -     -    0s
     0     0   28.53358    0  846          -   28.53358      -     -    2s
     0     2   28.53358    0  846          -   28.53358      -     -    7s
     1     4   38.04437    1 1214          -   28.53358      -  1085   15s
    15    32   64.23424    4 1596          -   32.01733      -   450   20s
  3419  3650   68.98785   86 1535          -   34.77756      -  48.2   25s
  9889 10309   69.45926  295 1334          -   34.77756      -  20.6   32s
 11396 11582   72.13848  337 1376          -   34.77756      -  31.7   35s
H14601 13840                     725.4900047   34.77756  95.2%  39.2   46s
H14601 13148                     684.8023405   34.77756  94.9%  39.2   46s
 14603 13152   38.04437   10 1215  684.80234   34.77756  94.9%  40.0   69s
 14605 13156   44.05048   11 1493  684.80234   34.77756  94.9%  40.1   73s
H14633 12544                     661.7690210   36.61682  94.5%  40.8   76s
H14634 11920                     646.5113939   36.61682  94.3%  40.8   76s
H14635 11326                     632.9894438   36.61682  94.2%  40.8   76s
H14638 10762                     192.8041905   36.61682  81.0%  40.9   76s
 15027 11038   69.37696   21 1573  192.80419   37.61557  80.5%  43.2   80s
 16004 11644   71.53070   31 1647  192.80419   37.61557  80.5%  43.2   85s
 19413 13944   72.83903   59 1608  192.80419   37.61557  80.5%  46.9   90s
 22095 15783   73.48962   73 1605  192.80419   37.61557  80.5%  47.8   95s
 22606 15644   72.93473   76 1591  192.80419   37.61557  80.5%  47.6  109s
 23153 16471   72.93473   80 1586  192.80419   37.61557  80.5%  47.2  110s
 25551 17818   75.73959   92 1505  192.80419   37.61557  80.5%  45.6  166s
 29460 22102   73.44975  114 1549  192.80419   37.61557  80.5%  42.6  173s
 33163 22420   74.80938  164 1388  192.80419   37.61557  80.5%  41.7  175s
 37846 24998   74.57746  190 1358  192.80419   37.61557  80.5%  39.7  180s
 41618 27131   75.77748  219 1333  192.80419   37.61557  80.5%  40.3  185s
 45609 29481   76.16844  251 1291  192.80419   37.61557  80.5%  41.4  190s
 48519 31776   77.13340  271 1279  192.80419   37.61557  80.5%  43.3  195s
 51526 34722   77.66173  289 1269  192.80419   37.61557  80.5%  46.0  201s
 53638 36921   77.83792  313 1255  192.80419   37.61557  80.5%  47.7  206s
 56152 39387   78.57814  333 1237  192.80419   37.61557  80.5%  49.5  211s
 58885 44165   78.77576  358 1213  192.80419   37.61557  80.5%  51.0  222s
 62508 44179   79.11574  390 1191  192.80419   37.61557  80.5%  52.5  248s
 62548 44210  105.90194  390 1265  192.80419   37.61557  80.5%  52.6  259s
H62551 44210                     192.8041886   37.61557  80.5%  52.6  259s
H62554 44210                     192.8041885   37.61557  80.5%  52.6  259s
H62557 44210                     192.8041881   37.61557  80.5%  52.6  259s
 62581 45948   80.10009  391 1218  192.80419   37.61557  80.5%  52.7  264s
H64463 45955                     192.7767264   37.61557  80.5%  53.9  294s
H64470 45955                     192.7767264   37.61557  80.5%  53.9  294s
H64475 45955                     192.7767263   37.61557  80.5%  53.9  294s
 64498 48173   85.55342  406 1139  192.77673   37.61557  80.5%  54.0  299s
 66970 48259   81.43113  425 1159  192.77673   37.61557  80.5%  54.7  310s
H66971 46900                     187.3645966   37.61557  79.9%  54.7  310s
H67063 45628                     179.5552307   37.61557  79.1%  54.8  310s
 67066 48169   85.72832  425 1153  179.55523   37.61557  79.1%  54.8  316s
 69761 50527   81.43129  451 1137  179.55523   37.61557  79.1%  55.4  321s
H70439 49555                     173.2925054   37.61557  78.3%  55.8  321s
 72312 51718   81.50840  479 1123  173.29251   37.61557  78.3%  56.2  326s
 74787 54235   82.12277  502 1100  173.29251   37.61557  78.3%  57.5  331s
 77487 56643   82.76133  526 1084  173.29251   37.61557  78.3%  58.4  337s
 80110 59163   83.17762  559 1070  173.29251   37.61557  78.3%  59.1  343s
 82867 61595   83.31523  583 1063  173.29251   37.61557  78.3%  59.8  349s
H83487 36688                      91.2142933   37.61557  58.8%  60.3  349s
 85474 37555   84.63701  599 1057   91.21429   37.61557  58.8%  60.8  355s
 88775 44693   84.42068  634 1023   91.21429   37.61557  58.8%  61.5  371s
 96810 47885   84.88477  712  959   91.21429   37.61557  58.8%  61.4  377s
 100253 50789   85.25379  748  928   91.21429   37.61557  58.8%  60.9  383s
 103431 53708     cutoff  779        91.21429   37.61557  58.8%  60.7  390s
 106647 56673     cutoff  811        91.21429   37.61557  58.8%  60.5  396s
 109920 59756   86.66444  856  835   91.21429   37.61557  58.8%  60.3  402s
 113242 62738   86.95774  883  816   91.21429   37.61557  58.8%  60.0  408s
 116502 65621   88.21902  928  780   91.21429   37.61557  58.8%  59.7  414s
 119735 71106   88.21946  969  739   91.21429   37.61557  58.8%  59.6  427s
 126370 73314     cutoff 1046        91.21429   37.61557  58.8%  60.0  433s
 129393 75380   88.42459 1092  626   91.21429   37.61557  58.8%  60.5  439s
 132262 77829   88.42553 1120  603   91.21429   37.61557  58.8%  61.1  446s
 135337 80342   88.53227 1155  576   91.21429   37.61557  58.8%  61.8  452s
 138734 83769   88.53370 1183  547   91.21429   37.61557  58.8%  62.0  459s
 142727 87364     cutoff 1225        91.21429   37.61557  58.8%  61.7  465s
 151965 101466   88.55449 1311  429   91.21429   37.61557  58.8%  60.3  479s
 161450 103946   90.09884 1370  378   91.21429   37.64510  58.7%  59.0  482s
 164157 106132   57.12950   56 1827   91.21429   37.64510  58.7%  58.8  487s
 166536 108630   59.30337  140 1749   91.21429   37.64510  58.7%  58.7  491s
 169197 111681   60.29162  232 1715   91.21429   37.64510  58.7%  58.5  496s
 172318 114999   61.97944  371 1614   91.21429   37.64510  58.7%  58.0  501s
 175782 118374   65.19560  529 1578   91.21429   37.64510  58.7%  57.4  505s
 183313 130548   71.40524  817 1465   91.21429   37.64510  58.7%  56.2  517s
 191731 132987   73.95683 1090 1297   91.21429   37.64510  58.7%  55.0  521s
 196900 138170   76.57014 1226 1299   91.21429   37.64510  58.7%  54.7  529s
 199829 141077   77.34103 1348 1219   91.21429   37.64510  58.7%  54.4  533s
 202878 141109   78.49045 1428 1158   91.21429   37.64510  58.7%  54.1  542s
 202910 143946   78.49559 1429 1157   91.21429   37.64510  58.7%  54.1  547s
 205979 147203   78.99259 1565 1043   91.21429   37.64510  58.7%  53.9  552s
 209392 150134   79.54059 1700  914   91.21429   37.64510  58.7%  53.6  556s
 212493 155462   80.33834 1820  809   91.21429   37.64510  58.7%  53.5  567s
 218093 155898   82.35813 2042  645   91.21429   37.64510  58.7%  53.3  575s
 218575 158929   82.54651 2043  644   91.21429   37.64510  58.7%  53.5  581s
 221848 162198   85.04762 2115  690   91.21429   37.64510  58.7%  53.8  587s
 225338 165418   86.10529 2264  563   91.21429   37.64510  58.7%  54.1  594s
 228787 168873   87.53993 2385  462   91.21429   37.64510  58.7%  54.2  601s
 232320 173456   88.63469 2526  332   91.21429   37.64510  58.7%  54.3  606s
 237009 177222   89.10496 2678  178   91.21429   37.64510  58.7%  54.3  611s
 240902 180509   90.62564 2787   78   91.21429   37.64510  58.7%  54.3  616s
 244320 185069   91.20428 2867    7   91.21429   37.64510  58.7%  54.3  624s
 249320 188035   61.06854  183 1658   91.21429   38.11621  58.2%  54.7  630s
 252386 191816   66.25161  360 1519   91.21429   38.11621  58.2%  54.8  636s
 256297 194981   73.15176  565 1461   91.21429   38.11621  58.2%  54.8  642s
 259637 197893   80.17638  731 1355   91.21429   38.11621  58.2%  54.9  647s
 262724 200594   87.40277  880 1288   91.21429   38.11621  58.2%  55.1  653s
 265725 203251   91.20821 1040 1133   91.21429   38.62573  57.7%  55.3  659s
 268783 205730   63.75699  120 1788   91.21429   38.74400  57.5%  55.5  665s
 271651 208824   66.73773  239 1747   91.21429   38.74400  57.5%  55.7  671s
 274956 213156   68.30277  467 1574   91.21429   38.74400  57.5%  55.8  680s
 279544 216721   74.13714  705 1553   91.21429   38.74400  57.5%  56.0  685s
 283242 219993   78.33243  877 1486   91.21429   38.74400  57.5%  56.0  691s
 286655 222675   80.08666 1050 1338   91.21429   38.74400  57.5%  56.1  696s
 289600 225229   82.56231 1147 1318   91.21429   38.74400  57.5%  56.3  701s
 292412 227897   84.90928 1270 1326   91.21429   38.74400  57.5%  56.5  707s
 295362 230928   86.19883 1415 1242   91.21429   38.74400  57.5%  56.7  713s
 298606 233718   86.98887 1595 1077   91.21429   38.74400  57.5%  56.7  719s
 301717 237076   87.84695 1748  954   91.21429   38.74400  57.5%  56.8  725s
 305313 241880   88.37352 1926  789   91.21429   38.74400  57.5%  56.8  734s
 310454 242112   89.21760 2137  610   91.21429   38.74400  57.5%  56.6  745s
 310710 245261   89.21760 2138  599   91.21429   38.74400  57.5%  56.7  752s
 314060 248396   90.63821 2257  510   91.21429   41.69072  54.3%  56.7  759s
 317432 251547   67.28843   37 1497   91.21429   41.69072  54.3%  56.7  766s
 320864 254936   79.36186  156 1723   91.21429   41.69072  54.3%  56.8  773s
 324519 258074   85.25104  329 1535   91.21429   41.69072  54.3%  56.8  778s
 328177 260526   90.41722  475 1483   91.21429   42.04250  53.9%  56.7  784s
 331159 262906   58.11254   40 1571   91.21429   42.18337  53.8%  56.9  789s
 334065 265401   67.97456  150 1834   91.21429   42.18337  53.8%  57.1  795s
 337019 268936   72.44453  290 1739   91.21429   42.18337  53.8%  57.3  801s
 341346 271827   81.43135  575 1501   91.21429   42.18337  53.8%  57.9  806s
 344675 274511   87.62847  781 1314   91.21429   42.18337  53.8%  58.2  812s
 347685 276803   91.18725  953 1066   91.21429   42.48477  53.4%  58.6  817s
 350209 279681   75.15055  118 1857   91.21429   42.48477  53.4%  59.0  823s
 353303 282438   76.59929  261 1810   91.21429   42.48477  53.4%  59.4  830s
 356280 285468   77.94494  462 1663   91.21429   42.48477  53.4%  59.7  836s
 359470 288518   82.79981  692 1540   91.21429   42.48477  53.4%  60.1  843s
H359987 288402                      91.2078457   42.48477  53.4%  60.2  843s
H360003 288397                      91.2071998   42.48477  53.4%  60.2  843s
 362699 290029   87.10799  926 1379   91.20720   42.48477  53.4%  60.4  853s
 364465 293562   90.05929 1088 1309   91.20720   43.04720  52.8%  60.6  861s
 368301 296722   79.53780   62 1610   91.20720   43.04720  52.8%  60.9  869s
 371962 299359     cutoff  198        91.20720   43.26192  52.6%  61.3  876s
 375124 301869   90.91298   59 1481   91.20720   43.36631  52.5%  61.6  883s
 377925 304501   67.20797   53 1440   91.20720   43.36631  52.5%  62.0  891s
 380888 307009   77.95325   88 1392   91.20720   43.36631  52.5%  62.5  897s
 383847 309493   81.45349  127 1342   91.20720   43.36631  52.5%  63.0  905s
 386889 311841   81.54768  167 1281   91.20720   43.36631  52.5%  63.5  912s
 389690 314796   83.76070  201 1248   91.20720   43.36631  52.5%  63.8  920s
 393123 317910   84.12458  247 1210   91.20720   43.36631  52.5%  64.2  928s
 396809 321433   86.44962  292 1179   91.20720   43.36631  52.5%  64.4  936s
H398706 252362                      87.1435490   43.36631  50.2%  64.6  937s
*398707 244399            2046      86.6477248   43.36631  50.0%  64.6  937s
 400645 247870     cutoff  333        86.64772   43.97770  49.2%  64.6  946s
 405067 250943   65.92144  170 1865   86.64772   43.97770  49.2%  64.6  952s
 408413 254021   69.44240  311 1762   86.64772   43.97770  49.2%  64.5  957s
 411799 256871   74.79422  525 1567   86.64772   43.97770  49.2%  64.4  963s
 415143 259242   80.89284  715 1440   86.64772   43.97770  49.2%  64.4  969s
 418074 261377   86.55463  863 1317   86.64772   44.09121  49.1%  64.5  974s
 420594 263330   61.27688   39 1443   86.64772   44.09121  49.1%  64.7  980s
 422986 265338   67.59844   65 1371   86.64772   44.09121  49.1%  65.0  986s
 425480 265368   77.46181   96 1440   86.64772   44.09121  49.1%  65.4  994s
 425514 268755   76.02753   96 1402   86.64772   44.09121  49.1%  65.4 1000s
 429291 271765   76.70803  125 1383   86.64772   44.09121  49.1%  65.6 1006s
 432694 275319   77.26569  160 1346   86.64772   44.09121  49.1%  65.7 1015s
 436757 277934   80.24035  203 1342   86.64772   44.09121  49.1%  65.9 1021s
 440002 280545     cutoff  238        86.64772   44.09121  49.1%  66.1 1027s
 443195 283284   79.40115  266 1254   86.64772   44.09121  49.1%  66.2 1034s
 446429 286050   81.71775  297 1239   86.64772   44.09121  49.1%  66.2 1040s
 449579 288949   81.82429  324 1210   86.64772   44.09121  49.1%  66.3 1046s
 452968 291312   82.26032  350 1214   86.64772   44.09121  49.1%  66.4 1053s
H454203 283703                      86.2186819   44.09121  48.9%  66.5 1053s
H454204 280616                      86.0445208   44.09121  48.8%  66.5 1053s
 455661 283371   85.10484  384 1196   86.04452   44.09121  48.8%  66.5 1060s
 459102 286558   84.52212  419 1172   86.04452   44.09121  48.8%  66.6 1066s
 462786 290235   60.85832   41 1598   86.04452   44.27248  48.5%  66.6 1074s
 467059 294285   64.53913   73 1751   86.04452   44.39135  48.4%  66.7 1078s
 471610 297386   84.65646  259 1724   86.04452   44.51182  48.3%  66.5 1082s
 475117 299623   66.33849   63 1642   86.04452   44.51182  48.3%  66.5 1087s
 477706 302209   75.62446  147 1833   86.04452   44.51182  48.3%  66.5 1092s
 480644 305948   77.91701  264 1819   86.04452   44.51182  48.3%  66.4 1096s
 484983 309653   80.67932  463 1633   86.04452   44.51182  48.3%  66.2 1100s
 492501 316119   56.17347   33 1546   86.04452   45.87592  46.7%  65.9 1112s
 496992 318248   85.93635  154 1691   86.04452   46.02105  46.5%  65.8 1118s
 499778 320298   85.62563   92 1732   86.04452   46.12740  46.4%  65.9 1123s
 502704 325348   82.26588   68 1720   86.04452   46.63817  45.8%  65.9 1128s
 508098 329123   74.07433   85 1471   86.04452   46.63817  45.8%  65.7 1131s
 512275 332336   84.00553  221 1400   86.04452   46.71465  45.7%  65.4 1136s
 515959 335458   56.63230   33 1437   86.04452   46.71465  45.7%  65.3 1140s
 519319 338356   67.48403  124 1608   86.04452   46.71465  45.7%  65.1 1145s
 522495 342354   72.79704  228 1578   86.04452   46.71465  45.7%  65.0 1153s
 526939 346336   85.48557  427 1547   86.04452   46.80584  45.6%  64.8 1157s
 531377 348486   68.29697   88 1545   86.04452   46.82668  45.6%  64.6 1160s
 536276 351840   72.11785   61 1364   86.04452   47.04452  45.3%  64.9 1169s
 538491 354047   56.32764   50 1490   86.04452   47.04452  45.3%  65.1 1175s
 541041 356436   67.45231  149 1774   86.04452   47.04452  45.3%  65.3 1181s
 543869 359136   71.75632  280 1737   86.04452   47.04452  45.3%  65.4 1187s
 546772 363016   77.15441  442 1603   86.04452   47.04452  45.3%  65.4 1192s
 550937 365474   82.99480  676 1393   86.04452   47.14499  45.2%  65.5 1197s
H551137 342244                      85.0755986   47.14499  44.6%  65.4 1197s
 553705 345509   69.51925   50 1636   85.07560   47.22569  44.5%  65.6 1205s
 557475 348727   72.25319   41 1679   85.07560   47.22939  44.5%  65.8 1211s
 560813 352194   84.93574  154 1871   85.07560   47.30926  44.4%  65.9 1218s
 564503 355191   77.62021  105 1704   85.07560   47.30926  44.4%  65.9 1224s
 567811 357713     cutoff  205        85.07560   47.51417  44.2%  66.0 1230s
 570684 360097   77.83631  126 1789   85.07560   47.51417  44.2%  66.2 1237s
 573288 363404   83.31867  264 1730   85.07560   47.61901  44.0%  66.4 1241s
 576809 366534   69.71202   58 1740   85.07560   47.61901  44.0%  66.5 1246s
 580215 369290   82.27772  262 1835   85.07560   47.61901  44.0%  66.6 1252s
 583258 372076   85.07385  489 1517   85.07560   47.67363  44.0%  66.8 1261s
 586478 375189   84.76362  129 1729   85.07560   47.76466  43.9%  67.0 1268s
 589931 378255   50.04356   38 1564   85.07560   47.76466  43.9%  67.2 1275s
 593332 380707   61.85156  172 1755   85.07560   47.76466  43.9%  67.3 1282s
 596339 380739   65.00194  357 1655   85.07560   47.76466  43.9%  67.5 1292s
 596371 383409   65.00194  358 1654   85.07560   47.76466  43.9%  67.5 1300s
 599498 386721   71.28302  637 1427   85.07560   47.76466  43.9%  67.7 1307s
 603069 389665   76.84013  872 1269   85.07560   47.76466  43.9%  67.7 1314s
 606430 392966     cutoff 1024        85.07560   48.06227  43.5%  67.8 1322s
 610119 395566   54.23863   35 1434   85.07560   48.07895  43.5%  67.8 1328s
 613312 397655   59.31528   31 1525   85.07560   48.07895  43.5%  68.0 1335s
 616111 400230   65.05997   62 1564   85.07560   48.07895  43.5%  68.2 1343s
 619406 403120   67.04129  102 1507   85.07560   48.07895  43.5%  68.5 1351s
H620637 320430                      81.4309566   48.07895  41.0%  68.6 1352s
H620638 304869                      80.6704911   48.07895  40.4%  68.6 1352s
 622802 308046   67.83335  142 1470   80.67049   48.07895  40.4%  68.7 1360s
 627065 311183   69.72926  179 1423   80.67049   48.07895  40.4%  68.8 1368s
 631003 314331   69.79428  217 1385   80.67049   48.07895  40.4%  68.8 1375s
 634792 319740   70.11021  249 1338   80.67049   48.07895  40.4%  68.9 1380s
 640634 324045   70.59512  289 1308   80.67049   48.07895  40.4%  68.7 1385s
 645397 328823   70.93953  316 1281   80.67049   48.07895  40.4%  68.5 1392s
 650741 331295   72.75859  354 1254   80.67049   48.07895  40.4%  68.4 1397s
 653634 334039   75.17488  377 1211   80.67049   48.07895  40.4%  68.3 1402s
 656739 336690   74.00906  401 1207   80.67049   48.07895  40.4%  68.2 1407s
 659708 340463   73.66610  418 1190   80.67049   48.07895  40.4%  68.1 1410s
 666353 343739   77.11041 1546  163   80.67049   48.07895  40.4%  67.8 1415s
 670019 347900   74.26068  491 1126   80.67049   48.07895  40.4%  67.8 1424s
H670892 344838                      80.5370951   48.07895  40.3%  67.8 1424s
H670893 338351                      80.2498459   48.07895  40.1%  67.8 1424s
 672627 340496     cutoff  517        80.24985   48.07895  40.1%  67.8 1429s
 675318 344588   77.69560  541 1051   80.24985   48.07895  40.1%  67.7 1435s
 682544 349664   75.20246  594 1027   80.24985   48.07895  40.1%  67.9 1444s
 685258 352338   75.54052  622 1002   80.24985   48.07895  40.1%  68.1 1449s
 688106 355214   75.66107  648  983   80.24985   48.07895  40.1%  68.2 1455s
 691292 357655   76.76728  672  964   80.24985   48.07895  40.1%  68.3 1460s
 694035 360364   77.02174  693  952   80.24985   48.07895  40.1%  68.4 1467s
 697084 363259   78.66227  723  930   80.24985   48.07895  40.1%  68.5 1473s
 700332 366206     cutoff  781        80.24985   48.86428  39.1%  68.6 1480s
 703718 368675   71.98585   41 1454   80.24985   48.86428  39.1%  68.7 1486s
 706820 368706   79.94826  119 1688   80.24985   48.86428  39.1%  68.8 1610s
H706823 308792                      77.8925928   48.86428  37.3%  68.8 1611s
H706826 207762                      73.3566841   48.86428  33.4%  68.8 1611s
H706829 205315                      73.2481588   48.86428  33.3%  68.8 1611s
H706837 172715                      71.6702486   48.86428  31.8%  68.8 1611s

Resetting heuristic parameters to focus on improving solution
(using Heuristics=0.5 and RINS=10)...

 706853 172681     cutoff  118        71.67025   48.86638  31.8%  68.8 1623s
H706856 171977                      71.6382557   48.86638  31.8%  68.8 1623s
H706858 171047                      71.5900392   48.86638  31.7%  68.8 1623s
H706868 165841                      71.3368947   48.86638  31.5%  68.8 1623s
H706880 159799                      71.0330729   48.86638  31.2%  68.8 1623s
 707001 160116   57.98580   31 1435   71.03307   48.86638  31.2%  68.8 1800s
H707020 160116                      71.0330729   48.86638  31.2%  68.8 1800s
H707021 160116                      71.0330729   48.86638  31.2%  68.8 1800s
H707042 160116                      71.0330728   48.86638  31.2%  68.8 1800s
H707044 160116                      71.0330727   48.86638  31.2%  68.8 1800s
H707095 159599                      71.0026146   48.86638  31.2%  68.8 1800s
H707583 159367                      70.9895043   48.86638  31.2%  68.8 1800s

Explored 707725 nodes (48728197 simplex iterations) in 1800.64 seconds (3151.52 work units)
Thread count was 32 (of 96 available processors)

Solution count 10: 70.9895 71.0026 71.0331 ... 71.6702

Time limit reached
Best objective 7.098950426058e+01, best bound 4.886638337975e+01, gap 31.1639%
