
Gurobi 9.5.1 (linux64) logging started Wed 10 Aug 2022 04:01:20 PM MST

Set parameter LogFile to value "/home/local/ASUAD/kmajd1/NNRepLayer_v2/demos/walking_example/dynamic_constraint/repair_net_relaxed/logs/opt3_log_8_10_2022_14_29_12.log"
Gurobi Optimizer version 9.5.1 build v9.5.1rc2 (linux64)
Thread count: 48 physical cores, 96 logical processors, using up to 32 threads
Optimize a model with 12558 rows, 9048 columns and 186204 nonzeros
Model fingerprint: 0xc20dcc55
Model has 270 quadratic objective terms
Variable types: 6078 continuous, 2970 integer (2970 binary)
Coefficient statistics:
  Matrix range     [7e-04, 2e+02]
  Objective range  [3e-03, 1e+00]
  QObjective range [7e-02, 7e-02]
  Bounds range     [9e-03, 1e+02]
  RHS range        [3e-04, 2e+02]
Presolve removed 672 rows and 132 columns
Presolve time: 0.20s
Presolved: 11886 rows, 8916 columns, 185400 nonzeros
Presolved model has 270 quadratic objective terms
Variable types: 5946 continuous, 2970 integer (2970 binary)
Root relaxation presolve removed 2970 rows and 2970 columns
Root relaxation presolved: 8916 rows, 5946 columns, 176490 nonzeros
Root relaxation presolved model has 270 quadratic objective terms


Root relaxation: objective 2.519561e+01, 11275 iterations, 0.48 seconds (1.09 work units)

    Nodes    |    Current Node    |     Objective Bounds      |     Work
 Expl Unexpl |  Obj  Depth IntInf | Incumbent    BestBd   Gap | It/Node Time

     0     0   25.19561    0  599          -   25.19561      -     -    0s
     0     0   25.19561    0  599          -   25.19561      -     -    2s
H    0     0                     727.8415150   25.21509  96.5%     -    7s
H    0     0                     688.8934068   25.21509  96.3%     -    7s
     0     2   25.21509    0  599  688.89341   25.21509  96.3%     -    7s
     1     4   32.42846    1  991  688.89341   25.51156  96.3%  1406   18s
    15    26   34.11105    4 1001  688.89341   28.35611  95.9%   222   20s
H   31    52                     626.3947562   28.73480  95.4%   180   21s
H   33    52                     604.8926899   28.73480  95.2%   172   21s
H   38    52                     101.1800616   28.73480  71.6%   154   21s
   153   180   37.05211    9 1053  101.18006   28.91105  71.4%   730   34s
   185   212   37.05211   10 1054  101.18006   28.91105  71.4%   616   42s
   379   406   41.46378   15 1101  101.18006   28.91105  71.4%   389   45s
  1055  1055   44.90578   34 1101  101.18006   28.91105  71.4%   181   55s
  2943  2912   50.19071   81 1116  101.18006   28.91105  71.4%   102   60s
  4587  4542   57.06107  119 1276  101.18006   28.91105  71.4%   103   65s
  7109  6973   60.69501  195 1269  101.18006   28.91105  71.4%  89.7   70s
  7871  7342   61.25990  220 1262  101.18006   28.91105  71.4%  83.8  105s
 10096  9805   63.39089  291 1195  101.18006   28.91105  71.4%  74.1  110s
 13012 12593   66.14584  387 1128  101.18006   28.91105  71.4%  67.7  116s
 13636 12621   66.52421  392 1134  101.18006   28.91105  71.4%  67.3  124s
 13672 12937   66.60432  392 1105  101.18006   28.91105  71.4%  67.2  125s
H14611 12345                      90.5456754   28.91105  68.1%  71.8  145s
 14617 12346   32.42846   10  981   90.54568   28.91105  68.1%  72.6  169s
 14619 12348   32.42846   11  949   90.54568   28.91105  68.1%  72.6  171s
H14665 11777                      90.5456753   28.91105  68.1%  74.6  173s
H14667 11191                      90.5456738   28.91105  68.1%  74.8  173s
H14719 10680                      90.0538323   28.91105  67.9%  74.9  179s
H14726 10149                      90.0447181   28.91105  67.9%  75.0  179s
H14727  9646                      90.0363431   28.91105  67.9%  75.0  179s
H14737  9164                      89.4979761   28.91105  67.7%  75.1  179s
 14751  9192   61.96444   18 1176   89.49798   28.91105  67.7%  75.1  183s
H14754  8737                      89.3805317   28.91105  67.7%  75.1  183s
H14761  8303                      81.9099760   28.91105  64.7%  75.1  183s
 14880  8421   61.96444   22 1172   81.90998   28.91105  64.7%  75.7  185s
 15816  8886   68.91517   50 1416   81.90998   28.91105  64.7%  78.1  191s
H15832  8471                      81.9099760   28.91105  64.7%  78.0  191s
H15834  8082                      81.9099759   28.91105  64.7%  78.0  191s
H15851  7706                      81.9099759   28.91105  64.7%  78.1  191s
 17412  8616   76.86624   85 1448   81.90998   28.91105  64.7%  77.8  195s
 20923 10648   81.35889  177 1316   81.90998   28.91105  64.7%  75.5  200s
 24339 12595   59.50690   75 1485   81.90998   28.91105  64.7%  76.1  205s
 26886 13710   74.30604  140 1526   81.90998   28.91105  64.7%  77.5  229s
H26891 13357                      81.9099759   28.91105  64.7%  77.4  229s
H26899 13021                      81.9099757   28.91105  64.7%  77.5  229s
 26919 13063   74.30604  141 1525   81.90998   28.91105  64.7%  77.5  230s
H28220 13443                      81.9099757   28.91105  64.7%  77.3  238s
H28235 13137                      81.9099752   28.91105  64.7%  77.3  238s
 28923 15335   32.62288   23  858   81.90998   28.91105  64.7%  77.0  243s
 30882 15272   45.15571   94 1265   81.90998   28.91105  64.7%  77.2  246s
 32433 16190   50.72558  152 1285   81.90998   28.91105  64.7%  77.8  289s
 32930 16474   52.09203  168 1356   81.90998   28.91105  64.7%  78.3  294s
 33220 18014   52.35497  169 1407   81.90998   28.91105  64.7%  78.1  297s
 34838 18034   55.21126  230 1432   81.90998   28.91105  64.7%  78.4  321s
 36171 20598   57.31316  284 1415   81.90998   28.91105  64.7%  78.8  326s
 39106 23524   59.96959  394 1356   81.90998   28.91105  64.7%  77.8  332s
 40599 25039   61.35797  452 1363   81.90998   28.91105  64.7%  77.0  335s
 42164 26619   62.10153  512 1300   81.90998   28.91105  64.7%  75.8  340s
 45276 29584   63.76695  628 1180   81.90998   28.91105  64.7%  73.5  346s
 48480 32343   65.52051  750 1046   81.90998   28.91105  64.7%  71.8  355s
 51238 34934   70.44935  869  895   81.90998   28.91105  64.7%  72.6  361s
 52628 36229   72.32884  897  870   81.90998   28.91105  64.7%  73.1  365s
 55809 39734   74.06910  934  826   81.90998   28.91105  64.7%  73.8  372s
 57734 41689   74.84442  958  814   81.90998   28.91105  64.7%  73.3  376s
 59805 46908   77.97982  993  778   81.90998   28.91105  64.7%  72.7  388s
 65306 48796   80.48068 1099  680   81.90998   28.91105  64.7%  71.7  392s
 67315 50816   81.43002 1140  655   81.90998   31.32616  61.8%  71.3  396s
 69480 53346   34.66076   20  828   81.90998   32.46933  60.4%  70.9  401s
 72031 55898   49.48070   93 1368   81.90998   32.46933  60.4%  69.9  405s
 78714 63414   58.46635  324 1505   81.90998   32.46933  60.4%  67.2  412s
 82425 66984   62.19449  470 1358   81.90998   32.46933  60.4%  65.7  415s
 89460 77427   67.80181  766 1076   81.90998   32.46933  60.4%  63.2  430s
 97273 79959   79.96224 1139  724   81.90998   32.46933  60.4%  63.0  435s
 100139 82612   81.89837 1287  593   81.90998   35.63411  56.5%  63.5  440s
 106889 89202   63.44062  110 1553   81.90998   35.90865  56.2%  64.0  449s
 110077 92859   72.45700  272 1544   81.90998   35.90865  56.2%  64.2  454s
 113856 96504   76.91029  443 1399   81.90998   35.90865  56.2%  63.8  459s
 117611 99399   81.42773  608 1258   81.90998   35.91185  56.2%  63.2  464s
 120599 105978   47.22987   50 1277   81.90998   35.91185  56.2%  63.0  475s
 130947 112914   65.58477  444 1248   81.90998   35.91185  56.2%  62.2  483s
 134655 116050   69.61497  633 1085   81.90998   35.91185  56.2%  61.9  488s
 138027 119107   72.59977  805  943   81.90998   35.91185  56.2%  61.7  493s
 141225 121833   74.34852  981  758   81.90998   35.91185  56.2%  61.4  497s
 144053 124698   76.58980 1146  646   81.90998   35.91185  56.2%  61.4  502s
 147081 127680   78.37891 1301  500   81.90998   35.91185  56.2%  61.3  508s
 150129 131978   80.30294 1448  433   81.90998   35.91185  56.2%  61.2  518s
 154824 135852   60.90840   85 1601   81.90998   36.23853  55.8%  61.4  523s
 158996 139136   80.34225  241 1475   81.90998   36.64148  55.3%  61.8  528s
 162589 142248   63.55407   88 1365   81.90998   36.64148  55.3%  62.0  533s
 165911 145063   73.95254  279 1487   81.90998   36.64148  55.3%  62.1  539s
 168994 148153   81.34455  460 1309   81.90998   36.77989  55.1%  62.1  544s
 172250 152170   56.83047   98 1370   81.90998   36.77989  55.1%  62.1  548s
 176427 155826   64.89406  303 1405   81.90998   36.77989  55.1%  61.8  552s
 180275 161116   75.17617  468 1275   81.90998   36.77989  55.1%  61.6  559s
 185869 163744     cutoff  752        81.90998   36.93625  54.9%  61.6  564s
 188723 166178   50.08275   31 1074   81.90998   36.93625  54.9%  61.8  569s
 191377 168966   52.13098   33  943   81.90998   36.93625  54.9%  62.3  574s
 194349 171764   56.67021   47 1137   81.90998   36.93625  54.9%  62.5  580s
 197330 174852   61.24753   86 1215   81.90998   36.93625  54.9%  62.8  586s
 200506 177366   63.63961  156 1278   81.90998   36.93625  54.9%  62.9  592s
 203182 180484   65.68482  237 1272   81.90998   36.93625  54.9%  63.1  598s
 206435 184293   67.62447  257 1278   81.90998   36.93625  54.9%  63.1  601s
 210624 189522   70.68592  298 1294   81.90998   36.93625  54.9%  63.0  609s
 216209 192167   72.39117  363 1268   81.90998   36.93625  54.9%  62.9  614s
 219040 194901   73.82845  404 1205   81.90998   36.93625  54.9%  62.9  619s
 221951 197650   75.59056  456 1147   81.90998   36.93625  54.9%  62.9  624s
 224870 200421   76.43340  519 1118   81.90998   36.93625  54.9%  62.9  629s
 227745 203398   77.49636  562 1102   81.90998   36.93625  54.9%  62.9  634s
 230810 206252   78.15079  621 1048   81.90998   36.93625  54.9%  62.9  640s
 233732 209045   78.88607  669  982   81.90998   36.93625  54.9%  62.8  646s
H236415 140442                      74.5714394   36.93625  50.5%  62.9  646s
 236707 142107     cutoff  735        74.57144   37.32175  50.0%  62.9  652s
 239687 143842   54.62797  151 1321   74.57144   37.40728  49.8%  63.1  658s
 241505 152905   58.79078  243 1343   74.57144   37.40728  49.8%  63.0  670s
 251000 155883   74.03583  719 1039   74.57144   37.43452  49.8%  62.7  676s
 254218 158192   48.99867   47 1007   74.57144   37.43452  49.8%  62.6  682s
 256906 159702   60.62696   75 1083   74.57144   37.43452  49.8%  62.9  687s
 258565 162151   54.32378   93 1007   74.57144   37.43452  49.8%  63.2  693s
 261316 164846   54.62745  115  990   74.57144   37.43452  49.8%  63.7  700s
 268680 172282   55.98043  150  962   74.57144   37.43452  49.8%  64.1  711s
 272594 175114   58.10281  186  947   74.57144   37.43452  49.8%  64.7  717s
 275658 178436   57.97407  223  901   74.57144   37.43452  49.8%  65.0  723s
 279151 181505   63.12715  267  902   74.57144   37.43452  49.8%  65.2  729s
H280841 168966                      73.4976153   37.43452  49.1%  65.2  729s
 282432 169274   59.61716  305  868   73.49762   37.43452  49.1%  65.3  733s
H282894 118109                      68.3296168   37.43452  45.2%  65.3  733s
H282895 105526                      66.8611154   37.43452  44.0%  65.3  733s
 282983 108782   59.69852  310  861   66.86112   37.43452  44.0%  65.3  739s
H286928 110103                      66.8611145   37.43452  44.0%  65.6  744s
H286942 109891                      66.8340750   37.43452  44.0%  65.6  744s
 288527 110820   60.39742  366  813   66.83408   37.43452  44.0%  65.9  750s
 289674 112037   60.65656  374  805   66.83408   37.43452  44.0%  65.9  756s
 291167 116345   61.15547  394  788   66.83408   37.43452  44.0%  66.0  765s
 295916 120183   61.60540  446  746   66.83408   37.43452  44.0%  66.2  773s
 300191 124269   62.85243  509  693   66.83408   37.43452  44.0%  66.2  782s
 304786 127557     cutoff  571        66.83408   37.43452  44.0%  66.1  785s
 311668 132850   64.25037  623  625   66.83408   37.43452  44.0%  66.4  794s
 314367 135050   64.32758  659  597   66.83408   37.43452  44.0%  66.6  799s
 316901 137541   65.74957  691  567   66.83408   37.43452  44.0%  66.9  805s
 319834 139624   63.99955  727  535   66.83408   37.43452  44.0%  67.1  811s
 322408 141870     cutoff  760        66.83408   37.43452  44.0%  67.4  817s
 325161 144817   64.35567  790  494   66.83408   37.43452  44.0%  67.6  824s
 328474 147267   64.46354  830  458   66.83408   37.43452  44.0%  67.7  830s
 331332 149936   64.86941  877  425   66.83408   37.43452  44.0%  67.9  838s
H333506 141138                      66.1850804   37.43452  43.4%  68.1  838s
 334577 141921   64.67819  912  403   66.18508   37.43452  43.4%  68.1  844s
H335094 141920                      66.1850801   37.43452  43.4%  68.2  844s
 335609 145652   64.62404  918  393   66.18508   37.43452  43.4%  68.2  853s
 340233 146993     cutoff  963        66.18508   37.43452  43.4%  68.5  858s
 341654 151416   64.81866  980  350   66.18508   37.43452  43.4%  68.7  865s
 346830 154864   65.08061 1024  322   66.18508   37.43452  43.4%  69.0  872s
 350711 158097   65.45608 1081  289   66.18508   37.43452  43.4%  69.2  880s
 354550 161232   65.40133 1126  260   66.18508   37.43452  43.4%  69.4  887s
 358292 163832   66.17692 1240  163   66.18508   37.49095  43.4%  69.6  894s
 361485 166907   44.34637   39 1129   66.18508   38.18994  42.3%  69.9  902s
 364892 170031   52.11825  122 1133   66.18508   38.18994  42.3%  70.1  909s
 368450 173472   55.04327  196 1101   66.18508   38.18994  42.3%  70.2  914s
 372332 176375   59.70680  239 1201   66.18508   38.18994  42.3%  70.5  918s
 375842 179024   62.68831  339 1076   66.18508   38.18994  42.3%  70.7  924s
 379153 182031   64.70389  436  965   66.18508   38.33276  42.1%  70.8  930s
 382702 185396   55.63403   43 1124   66.18508   38.33276  42.1%  70.7  936s
 386483 188833   65.73793  153 1060   66.18508   38.37513  42.0%  70.6  941s
 390407 193220   40.58714   28  722   66.18508   38.37513  42.0%  70.6  948s
 395338 195973   44.87654   40 1094   66.18508   38.37513  42.0%  70.5  954s
 398437 198296   58.52789  144 1318   66.18508   38.37513  42.0%  70.5  959s
 401154 201399   63.23496  254 1365   66.18508   38.37513  42.0%  70.4  962s
 404821 204419   43.81145   37  970   66.18508   38.37513  42.0%  70.5  966s
H406891 196135                      65.7938163   38.37513  41.7%  70.5  966s
 408207 196005   61.13126  197 1346   65.79382   38.37513  41.7%  70.4  970s
 408253 198718   61.13126  198 1345   65.79382   38.37513  41.7%  70.4  975s
 411511 201312 infeasible  329        65.79382   38.58677  41.4%  70.5  980s
 414472 204249   40.03221   33  934   65.79382   38.58677  41.4%  70.5  986s
 417670 207773   54.68658  179 1517   65.79382   38.58677  41.4%  70.4  991s
 421413 213399   61.27521  379 1356   65.79382   38.58684  41.4%  70.2  997s
 427528 216278   43.12993   40  990   65.79382   38.67162  41.2%  69.9 1000s
 433422 221418   53.01088  162 1210   65.79382   38.67162  41.2%  69.7 1008s
 436042 223880   54.29101  215 1089   65.79382   38.67162  41.2%  69.7 1013s
 438617 226782   57.18787  285 1102   65.79382   38.67162  41.2%  69.8 1017s
 441648 229340   59.15824  324 1087   65.79382   38.67162  41.2%  69.7 1022s
H442622 153657                      62.2392886   38.67162  37.9%  69.7 1022s
 444366 152687   61.15913  430  997   62.23929   38.67162  37.9%  69.7 1026s
 444518 154980   61.22041  431  996   62.23929   38.67162  37.9%  69.7 1031s
 447277 157300   42.41271   36  873   62.23929   38.70330  37.8%  69.7 1036s
 449933 160619   52.26048   77 1057   62.23929   38.70330  37.8%  69.9 1040s
 453738 164374   58.01884  154 1076   62.23929   38.70330  37.8%  69.9 1047s
 457897 167893   60.76957  266 1044   62.23929   38.78031  37.7%  70.1 1053s
 461728 171490   54.38268   37  904   62.23929   38.84568  37.6%  69.9 1057s
 465881 174606   52.66742  141 1089   62.23929   38.89270  37.5%  69.9 1060s
 469468 177114   59.03173  324  924   62.23929   38.89270  37.5%  69.9 1065s
 472436 179310   62.16124  513  700   62.23929   38.96133  37.4%  69.9 1070s
 474970 181528   59.74247  115  951   62.23929   38.96418  37.4%  70.1 1075s
 482414 189686   58.20712  249 1364   62.23929   39.00790  37.3%  69.9 1083s
 486594 194375   40.41426   28  860   62.23929   39.02853  37.3%  69.8 1090s
 494636 200209   55.49995  165 1371   62.23929   39.02966  37.3%  69.6 1098s
 498355 202914     cutoff  313        62.23929   39.02966  37.3%  69.5 1101s
 501536 205135     cutoff   83        62.23929   39.03607  37.3%  69.6 1106s
 504205 206840   41.09939   34  975   62.23929   39.03607  37.3%  69.6 1110s
 509716 212157   48.11209   60 1090   62.23929   39.16894  37.1%  69.9 1118s
 512421 214738   49.78821   85 1085   62.23929   39.16894  37.1%  70.1 1123s
 515331 217289   50.89752  104 1091   62.23929   39.16894  37.1%  70.1 1126s
 518324 220964   51.56964  123 1078   62.23929   39.16894  37.1%  70.3 1132s
 522289 223823   51.96556  142 1059   62.23929   39.16894  37.1%  70.5 1137s
 525384 226749   53.50222  171 1043   62.23929   39.16894  37.1%  70.6 1143s
 528834 229724   54.10511  198 1015   62.23929   39.16894  37.1%  70.6 1148s
 532195 229755   55.49181  235  975   62.23929   39.16894  37.1%  70.6 1221s
H532196 229755                      62.2392886   39.16894  37.1%  70.6 1221s
H532197 229755                      62.2392885   39.16894  37.1%  70.6 1221s
H532198 213788                      61.5902907   39.16894  36.4%  70.6 1222s
 532228 216090   55.93500  235  966   61.59029   39.16894  36.4%  70.6 1227s
 534859 218359   56.12692  266  949   61.59029   39.16894  36.4%  70.8 1233s
 537509 221102   56.64262  297  926   61.59029   39.16894  36.4%  70.9 1239s
 540684 223950   57.50834  343  880   61.59029   39.16894  36.4%  71.0 1246s
 543938 226126   58.90807  389  836   61.59029   39.16894  36.4%  71.0 1253s
 546642 228874   58.61970  425  801   61.59029   39.16894  36.4%  71.2 1260s
 549834 232545   58.86000  459  771   61.59029   39.16894  36.4%  71.3 1267s
 554198 234603   59.41723  498  738   61.59029   39.16894  36.4%  71.3 1273s
 556886 237016   59.58327  534  716   61.59029   39.16894  36.4%  71.4 1279s
 559932 240361   59.86209  568  706   61.59029   39.16894  36.4%  71.4 1285s
 563734 243192   60.09853  606  679   61.59029   39.16894  36.4%  71.4 1291s
 566974 245192   60.24255  646  644   61.59029   39.16894  36.4%  71.4 1297s
 569476 248083   60.94793  683  647   61.59029   39.34774  36.1%  71.6 1303s
 572542 251006     cutoff  123        61.59029   39.43526  36.0%  71.7 1309s
 575602 254561   44.70685   27  725   61.59029   39.46083  35.9%  71.7 1315s
 579345 258911   52.75333  112 1071   61.59029   39.46083  35.9%  71.7 1323s
 583890 261499   59.17494  288  910   61.59029   39.46083  35.9%  71.6 1329s
 586977 264010   61.26768  424  763   61.59029   39.47401  35.9%  71.5 1335s
H589958 261980                      61.5166640   39.47653  35.8%  71.5 1339s
 590062 264972   49.62536   37  892   61.51666   39.47653  35.8%  71.5 1345s
 593319 266525   55.34807  101  985   61.51666   39.47653  35.8%  71.5 1350s
 595033 269485   59.15204  196  923   61.51666   39.49080  35.8%  71.5 1357s
 598236 273030   42.77492   35 1005   61.51666   39.49080  35.8%  71.5 1363s
 602095 276308   56.11943  146 1309   61.51666   39.49080  35.8%  71.5 1369s
 605703 279186   60.43167  283 1277   61.51666   39.49324  35.8%  71.4 1375s
 608959 281474   51.94593   39  846   61.51666   39.52804  35.7%  71.4 1383s
 611872 284314   53.55016   45 1073   61.51666   39.55664  35.7%  71.7 1390s
 615233 287060     cutoff   91        61.51666   39.55818  35.7%  72.0 1398s
 618495 290924   47.35151   57 1140   61.51666   39.55818  35.7%  72.2 1406s
 622920 293791   56.45473  227 1314   61.51666   39.55818  35.7%  72.2 1414s
 626607 296555   60.93620  400 1242   61.51666   39.57328  35.7%  72.3 1421s
 630108 299350   47.88210   42 1002   61.51666   39.62257  35.6%  72.4 1426s
 633795 302047   42.32557   36  919   61.51666   39.62257  35.6%  72.6 1431s
 637019 304904     cutoff  175        61.51666   39.63614  35.6%  72.8 1437s
 640310 308470   57.02490  181 1022   61.51666   39.65359  35.5%  73.0 1445s
 644312 311038   54.28807   68 1153   61.51666   39.67749  35.5%  73.0 1451s
 647226 313583   56.35489   36 1193   61.51666   39.68269  35.5%  73.0 1457s
 649991 317106   54.40587   43 1174   61.51666   39.68269  35.5%  73.3 1461s
 653905 320537   54.19348   46 1317   61.51666   39.68269  35.5%  73.4 1467s
 657840 323780   57.22010   48 1224   61.51666   39.68269  35.5%  73.3 1473s
 661467 327359   55.18781   47 1333   61.51666   39.69611  35.5%  73.3 1479s
 665399 329568   59.39546   68 1170   61.51666   39.69728  35.5%  73.2 1484s
 668196 333439   49.13984   81 1134   61.51666   39.70006  35.5%  73.2 1488s
 672729 336893   58.86648  282 1184   61.51666   39.70534  35.5%  73.1 1495s
 677212 339381   60.99907  105 1107   61.51666   39.76231  35.4%  73.2 1500s

Resetting heuristic parameters to focus on improving solution
(using Heuristics=0.5 and RINS=10)...

H680253 339462                      61.5166640   39.76231  35.4%  73.2 1505s
 680253 339462   44.55401   41 1142   61.51666   39.76231  35.4%  73.2 1505s
H680392 321946                      61.0536662   39.76231  34.9%  73.2 1630s
H680822 317438                      60.9513549   39.76231  34.8%  73.3 1630s
H681231 315749                      60.9162595   39.76231  34.7%  73.3 1630s
H681579 313386                      60.8644009   39.76231  34.7%  73.4 1630s
H681746 302875                      60.6074328   39.76231  34.4%  73.4 1630s
 682072 325840   55.36417   57 1214   60.60743   39.78334  34.4%  73.4 1718s
H682106 325840                      60.6074327   39.78334  34.4%  73.4 1718s
H682116 325840                      60.6074327   39.78334  34.4%  73.4 1718s
H682188 325840                      60.6074325   39.78334  34.4%  73.4 1718s
H682485 324140                      60.5639556   39.78334  34.3%  73.5 1718s
H695130 322408                      60.5209860   39.80607  34.2%  75.7 1718s
H710315 309224                      60.1814654   39.81559  33.8%  78.2 1719s
 714104 308306   44.16361   36  990   60.18147   39.96648  33.6%  78.7 1726s
H714123 308264                      60.1801043   39.96648  33.6%  78.7 1726s
H714196 310176                      60.1801043   39.96648  33.6%  78.7 1800s
H714815 310176                      60.1801043   39.96648  33.6%  78.8 1800s

Explored 716777 nodes (56773499 simplex iterations) in 1800.21 seconds (3195.63 work units)
Thread count was 32 (of 96 available processors)

Solution count 10: 60.1801 60.1815 60.521 ... 60.9163

Time limit reached
Best objective 6.018010425042e+01, best bound 3.996647612418e+01, gap 33.5886%
