
Gurobi 9.5.1 (linux64) logging started Thu 11 Aug 2022 03:44:08 AM MST

Set parameter LogFile to value "/home/local/ASUAD/kmajd1/NNRepLayer_v2/demos/walking_example/dynamic_constraint/repair_net_relaxed/logs/opt30_log_8_10_2022_14_29_12.log"
Gurobi Optimizer version 9.5.1 build v9.5.1rc2 (linux64)
Thread count: 48 physical cores, 96 logical processors, using up to 32 threads
Optimize a model with 12558 rows, 9048 columns and 186204 nonzeros
Model fingerprint: 0x6a340b6b
Model has 270 quadratic objective terms
Variable types: 6078 continuous, 2970 integer (2970 binary)
Coefficient statistics:
  Matrix range     [7e-04, 2e+02]
  Objective range  [3e-03, 1e+00]
  QObjective range [7e-02, 7e-02]
  Bounds range     [3e-03, 2e+02]
  RHS range        [3e-04, 2e+02]
Presolve removed 672 rows and 132 columns
Presolve time: 0.19s
Presolved: 11886 rows, 8916 columns, 185400 nonzeros
Presolved model has 270 quadratic objective terms
Variable types: 5946 continuous, 2970 integer (2970 binary)
Root relaxation presolve removed 2970 rows and 2970 columns
Root relaxation presolved: 8916 rows, 5946 columns, 176490 nonzeros
Root relaxation presolved model has 270 quadratic objective terms


Root relaxation: objective 2.509948e+01, 10981 iterations, 0.51 seconds (1.24 work units)

    Nodes    |    Current Node    |     Objective Bounds      |     Work
 Expl Unexpl |  Obj  Depth IntInf | Incumbent    BestBd   Gap | It/Node Time

     0     0   25.09948    0  665          -   25.09948      -     -    0s
     0     0   25.09948    0  665          -   25.09948      -     -    2s
H    0     0                     737.7536545   25.09948  96.6%     -    8s
H    0     0                     682.8555381   25.09948  96.3%     -    8s
     0     2   25.09948    0  665  682.85554   25.09948  96.3%     -    8s
     3     8   38.75296    2 1297  682.85554   25.70030  96.2%   794   17s
H   31    64                     623.7405224   28.17830  95.5%   394   20s
H   32    64                     618.1882707   28.17830  95.4%   389   20s
H   33    64                     615.2361606   28.29360  95.4%   379   20s
H   35    64                     610.3186783   28.29360  95.4%   359   20s
H   44    64                     609.9533175   28.29360  95.4%   318   20s
H   95   116                     104.5782863   28.38882  72.9%   220   28s
H  100   116                     102.4898688   28.38882  72.3%   212   28s
H  121   116                     102.2876953   28.38882  72.2%   221   28s
H  124   116                     101.4201522   28.38882  72.0%   220   28s
   127   146   69.86004    8 1459  101.42015   28.38882  72.0%   215   30s
H  145   146                      99.8910088   28.41284  71.6%   208   30s
   191   208   69.87367    9 1459   99.89101   28.41284  71.6%   218   42s
H  192   208                      99.8910088   28.41284  71.6%   217   42s
H  193   208                      99.8910084   28.41284  71.6%   226   42s
H  210   208                      99.8910082   28.41284  71.6%   270   42s
  1128  1168   69.92291   38 1428   99.89101   28.41284  71.6%   115   45s
  1239  1200   70.21313   41 1428   99.89101   28.41284  71.6%   110   54s
H 1246  1200                      99.8910081   28.41284  71.6%   109   54s
  1271  1333   70.21313   42 1427   99.89101   28.41284  71.6%   109   55s
  3337  3294   70.77308  112 1366   99.89101   28.41284  71.6%  66.4   60s
  5940  5697   71.71857  196 1407   99.89101   28.41284  71.6%  53.6   65s
  8325  7887   73.70401  266 1466   99.89101   28.41284  71.6%  51.5   70s
 11031 10378   76.09923  345 1428   99.89101   28.41284  71.6%  50.6   75s
H14504 12708                      96.5176802   28.41284  70.6%  54.9  110s
H14506 12067                      96.5176801   28.41284  70.6%  54.9  112s
 14510 12072   28.41284   10  587   96.51768   28.41284  70.6%  55.7  118s
 14512 12075   38.75296   11 1273   96.51768   28.41284  70.6%  55.8  126s
H14564 11499                      96.5176801   28.41284  70.6%  57.0  127s
H14597 10978                      95.4720502   28.41284  70.2%  57.0  130s
H14604 10432                      95.4715322   28.41284  70.2%  57.1  130s
H14607  9913                      93.3939247   28.41284  69.6%  57.1  130s
H14644  9442                      93.3939247   28.41284  69.6%  57.5  134s
H14645  8974                      93.3939244   28.41284  69.6%  57.5  134s
H14657  8526                      93.3939243   28.41284  69.6%  57.5  134s
 14755  8645   45.41293   21 1072   93.39392   28.41284  69.6%  58.0  135s
 15682  9188   61.76238   53 1113   93.39392   28.41284  69.6%  61.1  142s
H15685  8766                      93.3939243   28.41284  69.6%  61.1  142s
H15692  8362                      93.3939243   28.41284  69.6%  61.2  142s
H15694  7982                      93.3939236   28.41284  69.6%  61.2  142s
 16852  8745   76.53010   92 1214   93.39392   28.41284  69.6%  64.2  145s
 18658 10074   87.32629  143 1482   93.39392   28.41284  69.6%  66.5  150s
 22080 12285   44.53929   69 1071   93.39392   28.41284  69.6%  66.8  155s
 25422 14484   52.36045  146 1240   93.39392   28.41284  69.6%  65.5  160s
 27975 16353   54.63582  218 1307   93.39392   28.41284  69.6%  64.8  165s
 29617 19498   55.55910  260 1285   93.39392   28.41284  69.6%  63.9  177s
H32657 18080                      93.2169588   28.41284  69.5%  63.2  228s
H32659 17678                      93.0626481   28.41284  69.5%  63.2  228s
H32661 16787                      90.7245504   28.41284  68.7%  63.2  228s
H32666 13680                      81.4874323   28.41284  65.1%  63.2  228s
 32689 14098   58.32546  356 1167   81.48743   28.41284  65.1%  63.2  230s
 34243 15063   60.27286  400 1162   81.48743   28.41284  65.1%  64.7  259s
H34249 15063                      81.4874323   28.41284  65.1%  64.7  259s
H34261 15063                      81.4874322   28.41284  65.1%  64.7  259s
 34275 15095   60.36470  401 1153   81.48743   28.41284  65.1%  64.7  262s
H34277 15095                      81.4874321   28.41284  65.1%  64.7  262s
 34307 16101   60.38326  402 1152   81.48743   28.41284  65.1%  64.8  265s
 36513 17381   63.01644  479 1170   81.48743   28.41284  65.1%  65.0  274s
H36579 17099                      80.1259322   28.41284  64.5%  65.0  274s
H36588 16733                      79.2999376   28.41284  64.2%  65.0  274s
 36626 17882   63.01644  480 1169   79.29994   28.41284  64.2%  65.0  276s
 38376 19591   66.72587  548 1153   79.29994   28.41284  64.2%  65.0  281s
 41047 22090   68.24379  641 1042   79.29994   28.41284  64.2%  64.6  289s
 42166 23260   69.12173  677 1037   79.29994   28.41284  64.2%  64.5  293s
 43359 23991   70.75075  721 1007   79.29994   28.41284  64.2%  64.0  295s
 45873 27541   73.09425  825  933   79.29994   28.41284  64.2%  64.0  301s
 47759 29464   75.75309  885  895   79.29994   28.41284  64.2%  63.2  305s
 51381 32260   78.32251 1006  812   79.29994   28.41284  64.2%  61.8  311s
 52643 34073     cutoff 1045        79.29994   28.41284  64.2%  61.6  315s
 56322 37392   55.76201  119 1178   79.29994   28.41284  64.2%  61.4  321s
 58182 39022   67.05344  186 1241   79.29994   28.41284  64.2%  61.5  325s
 59982 44530   73.22762  257 1321   79.29994   28.41284  64.2%  62.0  336s
 67490 48054   57.43690  163 1479   79.29994   28.41284  64.2%  62.8  344s
 69699 50422   61.03252  246 1627   79.29994   28.41284  64.2%  62.8  348s
 72125 52803   65.10747  329 1499   79.29994   28.41284  64.2%  62.5  352s
 74613 54957   66.81686  421 1510   79.29994   28.41284  64.2%  62.2  358s
 76861 57595   70.64937  501 1373   79.29994   28.41284  64.2%  62.1  362s
 79603 60146   72.59700  594 1278   79.29994   28.41284  64.2%  61.7  367s
*81204 55888            1780      77.3310836   28.41284  63.3%  61.2  367s
 82311 56935   75.30258  687 1187   77.33108   28.41284  63.3%  61.4  372s
 84307 60066   76.95736  726 1156   77.33108   28.41284  63.3%  61.9  377s
 87752 63981   77.31981  831  992   77.33108   28.41284  63.3%  61.6  381s
 92241 68642   65.39626  157 1250   77.33108   28.64700  63.0%  61.7  391s
H95232 68642                      77.3310836   28.64700  63.0%  62.2  391s
 97488 72172   40.39713   42 1078   77.33108   28.64700  63.0%  62.6  398s
 101325 75024   55.26109  199 1403   77.33108   28.64700  63.0%  64.4  404s
 104530 78453   60.15908  309 1534   77.33108   28.64700  63.0%  65.7  411s
 108270 83006   65.92253  454 1387   77.33108   28.64700  63.0%  66.9  415s
 113223 87150   71.90340  645 1250   77.33108   28.64700  63.0%  67.5  420s
 117727 89216   76.88343  802 1105   77.33108   28.64700  63.0%  67.5  425s
 120002 93037   77.04673  841 1046   77.33108   28.64700  63.0%  67.8  431s
 124017 99363     cutoff  949        77.33108   28.89222  62.6%  67.7  442s
 130923 102189   35.69706   28  909   77.33108   29.57338  61.8%  67.4  445s
 137701 108280   65.62991   90 1265   77.33108   29.57338  61.8%  68.5  452s
 140789 111408   64.15717  122 1045   77.33108   29.57338  61.8%  69.1  457s
 144249 114385   69.66345  151 1095   77.33108   29.57338  61.8%  69.3  461s
 147543 116997   76.65314  175 1015   77.33108   29.67186  61.6%  69.7  466s
 150528 117024   57.34171   64 1120   77.33108   29.67186  61.6%  70.1  470s
H150530 117024                      77.3310835   29.67186  61.6%  70.1  470s
H150542 112946                      76.7966597   29.67186  61.4%  70.1  470s
 150563 115463   57.35323   65 1119   76.79666   29.67186  61.4%  70.1  475s
 153390 119057     cutoff  169        76.79666   29.68072  61.4%  70.4  484s
 157659 123232   61.92861   93 1002   76.79666   29.70931  61.3%  71.0  492s
 162329 126444   55.44435   67  822   76.79666   29.70931  61.3%  71.3  498s
 165922 129157   65.99048  216  775   76.79666   30.54841  60.2%  71.6  505s
*170528 131825            1712      76.5201870   30.54841  60.1%  72.1  509s
 173805 135871   59.44769  228 1283   76.52019   30.54841  60.1%  72.4  514s
 178153 139182   67.95602  411 1404   76.52019   30.54841  60.1%  72.3  519s
 181700 140437   71.87142  580 1236   76.52019   30.54841  60.1%  72.3  523s
 183019 145451   73.03203  590 1234   76.52019   30.61991  60.0%  72.6  532s
 188435 148142   41.21440   44  892   76.52019   30.61991  60.0%  72.9  537s
 191533 150537   43.37301   76  916   76.52019   30.61991  60.0%  73.3  543s
H194028 148922                      76.3551072   30.61991  59.9%  73.7  543s
 194308 151491   44.74524  107  908   76.35511   30.61991  59.9%  73.7  548s
 197174 154325   45.39766  128  901   76.35511   30.61991  59.9%  74.3  554s
 200170 157052   45.23363  155  876   76.35511   30.61991  59.9%  74.8  559s
 203294 157511   47.95929  193  874   76.35511   30.61991  59.9%  75.2  563s
H203327 157511                      76.3551072   30.61991  59.9%  75.2  564s
H203371 157511                      76.3551058   30.61991  59.9%  75.2  564s
 203831 160510   48.21046  200  868   76.35511   30.61991  59.9%  75.3  570s
 207203 163676   49.35494  229  880   76.35511   30.61991  59.9%  75.8  576s
 210525 168407   50.69635  265  888   76.35511   30.61991  59.9%  76.2  581s
 215500 173763   51.60293  293  866   76.35511   30.61991  59.9%  76.1  587s
 221159 175975   52.83608  331  824   76.35511   30.61991  59.9%  76.2  591s
 223574 178264   53.07658  347  815   76.35511   30.61991  59.9%  76.5  596s
 226095 180689   53.57445  373  806   76.35511   30.61991  59.9%  76.9  601s
 228678 183107   54.04402  394  783   76.35511   30.61991  59.9%  77.4  607s
 231320 185401   54.49028  416  775   76.35511   30.61991  59.9%  78.0  612s
*233715 164034            1699      74.0033320   30.61991  58.6%  78.5  613s
 233941 166253   54.64318  437  761   74.00333   30.61991  58.6%  78.5  618s
 236613 168691   55.08164  452  752   74.00333   30.61991  58.6%  79.1  625s
 239397 171027   55.41304  470  739   74.00333   30.61991  58.6%  79.6  631s
 242162 171378   56.27061  486  729   74.00333   30.61991  58.6%  80.2  637s
 242692 173471   55.74962  486  723   74.00333   30.61991  58.6%  80.4  644s
H244976 174303                      74.0033310   30.61991  58.6%  81.4  651s
 245890 183799   55.74962  506  708   74.00333   30.61991  58.6%  81.9  678s
 256405 187064   56.15630  545  692   74.00333   30.61991  58.6%  84.3  688s
 259986 190188   55.75111  568  683   74.00333   30.61991  58.6%  84.9  695s
 263757 192973   55.75659  582  678   74.00333   30.61991  58.6%  85.8  701s
 266883 195643   56.35540  594  694   74.00333   30.61991  58.6%  86.9  709s
 269875 198797   56.47051  615  659   74.00333   30.61991  58.6%  88.0  718s
 273445 201782   55.98642  642  653   74.00333   30.61991  58.6%  88.6  726s
 276896 202993   56.47848  667  640   74.00333   30.61991  58.6%  89.3  733s
H278091 202993                      74.0033308   30.61991  58.6%  89.5  733s
 278233 209020   56.47900  674  635   74.00333   30.61991  58.6%  89.5  752s
 284881 212957   58.02772  739  594   74.00333   30.61991  58.6%  90.9  763s
 289138 216347   58.13458  784  562   74.00333   30.61991  58.6%  91.4  773s
 292925 219352   58.43813  827  532   74.00333   30.61991  58.6%  91.8  783s
H293735 212014                      73.3345076   30.61991  58.2%  91.9  784s
 296305 214918   58.57950  860  509   73.33451   30.61991  58.2%  92.2  793s
 299513 217725   58.72496  895  490   73.33451   30.61991  58.2%  92.7  802s
 302601 220667   58.78511  927  475   73.33451   30.61991  58.2%  93.0  811s
H304604 215348                      72.8348242   30.61991  58.0%  93.2  811s
H305281 205304                      71.7959679   30.61991  57.4%  93.2  812s
 306116 207357   58.95695  959  467   71.79597   30.61991  57.4%  93.3  820s
 309460 208430   63.30080  990  432   71.79597   30.61991  57.4%  93.6  827s
H309511 208430                      71.7959679   30.61991  57.4%  93.6  827s
H309696 208430                      71.7959674   30.61991  57.4%  93.6  827s
 310884 211877   63.30388  999  425   71.79597   30.61991  57.4%  93.7  837s
 315213 214959   63.53253 1039  404   71.79597   30.61991  57.4%  93.9  846s
 318963 218453   63.55989 1075  393   71.79597   30.61991  57.4%  94.1  854s
 322810 221985   63.82290 1107  405   71.79597   30.61991  57.4%  94.2  862s
 326717 225033   63.78111 1145  368   71.79597   30.61991  57.4%  94.1  871s
 330099 228161   63.81390 1173  356   71.79597   30.61991  57.4%  94.1  879s
 333619 231122   64.01231 1194  338   71.79597   30.61991  57.4%  94.0  887s
 337003 234506   64.01244 1213  319   71.79597   30.61991  57.4%  93.9  896s
 340777 237348   64.05101 1242  299   71.79597   30.61991  57.4%  93.7  904s
 343990 239465   64.05101 1253  289   71.79597   30.61991  57.4%  93.6  911s
H345753 216927                      70.0184790   30.61991  56.3%  93.7  911s
H345754 198983                      68.5073991   30.61991  55.3%  93.7  911s
 346521 200003   64.15317 1276  270   68.50740   30.61991  55.3%  93.8  917s
 348662 201771   64.15317 1284  262   68.50740   30.61991  55.3%  93.9  924s
 350619 205624   64.15317 1297  249   68.50740   30.61991  55.3%  93.8  933s
 354962 208207   64.75906 1334  241   68.50740   30.61991  55.3%  93.7  941s
 357944 210966     cutoff 1364        68.50740   30.61991  55.3%  93.8  950s
 361274 213893   64.78239 1394  198   68.50740   30.61991  55.3%  93.9  959s
 364494 216876   64.88179 1428  184   68.50740   30.61991  55.3%  94.2  968s
 367882 220375   64.88567 1451  166   68.50740   30.61991  55.3%  94.4  978s
 371721 222696   64.91850 1474  151   68.50740   30.61991  55.3%  94.3  984s
 374327 226813   64.92449 1490  148   68.50740   30.61991  55.3%  94.2  990s
H374831 225275                      68.3870808   30.61991  55.2%  94.2  990s
 378915 228241   64.93407 1512  130   68.38708   30.61991  55.2%  94.0  996s
 382414 230992   64.93629 1538  119   68.38708   30.61991  55.2%  94.0 1002s
H383162 199463                      66.1955982   30.61991  53.7%  94.1 1002s
H383163 179579                      64.6845185   30.61991  52.7%  94.1 1002s
 385623 179652     cutoff 1557        64.68452   30.61991  52.7%  94.1 1007s
H385657 179652                      64.6845185   30.61991  52.7%  94.2 1007s
H385745 179652                      64.6845185   30.61991  52.7%  94.2 1007s
H386035 179652                      64.6845180   30.61991  52.7%  94.2 1007s
 386543 183252   47.72169   44 1134   64.68452   30.61991  52.7%  94.3 1014s
 390561 186274   61.95809  155 1440   64.68452   31.24158  51.7%  94.3 1021s
 394145 189282   47.17496   75  990   64.68452   31.24158  51.7%  94.3 1029s
 397633 193292   55.40815  229  856   64.68452   31.45669  51.4%  94.2 1038s
 402023 197255   37.71534   31  980   64.68452   31.92536  50.6%  93.9 1042s
H406466 197206                      64.6774081   31.93067  50.6%  93.6 1108s
H406468 181524                      63.5790651   31.93067  49.8%  93.6 1108s
H406472 175619                      63.1563577   31.93067  49.4%  93.6 1108s
H406478 173696                      63.0092272   31.93067  49.3%  93.6 1108s
 406503 176365   49.63502   44  836   63.00923   31.96392  49.3%  93.6 1113s
 409553 177524   50.99630   74 1085   63.00923   31.96392  49.3%  93.6 1118s
H410728 177524                      63.0092270   31.96392  49.3%  93.5 1118s
 410805 180343   60.48703  182 1234   63.00923   31.96392  49.3%  93.5 1124s
 413926 181184   38.05864   34  934   63.00923   31.96392  49.3%  93.4 1128s
H414548 181184                      63.0092270   31.96392  49.3%  93.3 1128s
 414837 184402   42.25418   54 1105   63.00923   31.96392  49.3%  93.3 1136s
 418177 188246   52.98342  180 1355   63.00923   31.96392  49.3%  93.1 1143s
 422264 191254   56.55875  339 1262   63.00923   31.96392  49.3%  92.9 1151s
 425645 194093   61.39475  478 1191   63.00923   31.96392  49.3%  92.8 1157s
 428854 198004   37.74883   28 1036   63.00923   31.96392  49.3%  92.7 1167s
 433140 200250   60.73918   73 1039   63.00923   32.26533  48.8%  92.7 1173s
 435872 203094   49.90633   75 1183   63.00923   32.26533  48.8%  92.9 1181s
 439381 206202   57.03960  228 1422   63.00923   32.26533  48.8%  93.0 1189s
 442908 208818   62.41695  383 1392   63.00923   32.50628  48.4%  93.0 1196s
 446041 211786   41.95544   42  776   63.00923   32.50628  48.4%  93.1 1204s
 449332 215014   50.42925  104  957   63.00923   32.50628  48.4%  93.3 1211s
 452850 216658   56.93688  162  925   63.00923   32.50628  48.4%  93.4 1218s
H453117 216658                      63.0092268   32.50628  48.4%  93.3 1218s
 454667 220581   58.87771  216  874   63.00923   32.64601  48.2%  93.4 1226s
 458780 222600   39.49282   26 1068   63.00923   32.64601  48.2%  93.2 1233s
 461020 227706   54.80947   98 1543   63.00923   32.73216  48.1%  93.1 1247s
 466642 232304   47.08320   49 1176   63.00923   32.83222  47.9%  93.3 1253s
 471689 236540   62.50568   89 1279   63.00923   32.83468  47.9%  93.4 1260s
 476234 238252   37.52404   29  947   63.00923   32.83468  47.9%  93.3 1265s
 478102 242379   48.26664   56  829   63.00923   32.83468  47.9%  93.2 1273s
 482692 245743   60.44072  258  795   63.00923   32.87709  47.8%  93.0 1279s
 486394 248211   60.36857   60 1447   63.00923   32.87709  47.8%  92.8 1286s
 489214 252779   41.44837   52  926   63.00923   32.87709  47.8%  92.8 1296s
 494262 256606   50.56756  213  863   63.00923   32.87709  47.8%  92.5 1300s
 502009 263709   58.18152  625  593   63.00923   32.87709  47.8%  92.3 1308s
 505988 266637   60.80771  832  480   63.00923   32.87709  47.8%  92.1 1311s
 509227 268906   62.24320 1031  377   63.00923   32.87709  47.8%  92.1 1315s
 511886 270940   62.62786 1233  238   63.00923   33.16210  47.4%  92.2 1320s
 514377 273207   47.33876   89 1093   63.00923   33.16210  47.4%  92.2 1325s
 519219 280185   58.08349  284 1256   63.00923   33.16210  47.4%  92.3 1336s
 524793 281931     cutoff  471        63.00923   33.17103  47.4%  92.2 1341s
 526762 284011   43.27210   46  941   63.00923   33.22862  47.3%  92.5 1346s
 528940 286616   46.07033   91 1113   63.00923   33.22862  47.3%  92.8 1351s
 531587 290484   50.35927  134 1182   63.00923   33.22862  47.3%  93.0 1356s
 535535 294484   52.55095  181 1233   63.00923   33.22862  47.3%  93.0 1362s
 539685 297774   54.00993  247 1126   63.00923   33.22862  47.3%  92.9 1367s
 543343 300800   57.02727  320 1116   63.00923   33.22862  47.3%  92.8 1373s
 546511 303411   58.55365  411 1014   63.00923   33.22862  47.3%  92.7 1379s
 549626 307217   59.80844  436 1010   63.00923   33.22862  47.3%  92.7 1388s
 554128 309650     cutoff  509        63.00923   33.22862  47.3%  92.8 1394s
 557040 312772   62.93856  559  868   63.00923   33.39652  47.0%  92.9 1399s
 560796 316118   52.38198  136 1265   63.00923   33.41425  47.0%  93.0 1404s
 564634 318148   60.42011  361 1317   63.00923   33.41425  47.0%  93.1 1409s
 567114 320912     cutoff  429        63.00923   33.54482  46.8%  93.1 1416s
 570342 324799   61.12425   83  972   63.00923   33.58301  46.7%  93.1 1421s
 574713 328798   53.60596   99 1002   63.00923   33.63394  46.6%  93.1 1425s
 579088 333661   39.21254   39  916   63.00923   33.64937  46.6%  92.9 1434s
 584677 335795   55.99186  109 1259   63.00923   33.73649  46.5%  92.8 1437s
 587216 338232   61.73684  190 1346   63.00923   33.74008  46.5%  93.0 1441s
 589992 340409   39.88034   31  977   63.00923   33.77864  46.4%  93.1 1445s
 592343 342487   50.70556   58 1174   63.00923   33.77864  46.4%  93.4 1450s
 594654 344863   55.40785   78 1041   63.00923   33.77864  46.4%  93.7 1456s
 597275 347861     cutoff  110        63.00923   33.78522  46.4%  93.9 1462s
 600456 350794   46.53772   78 1092   63.00923   33.78522  46.4%  94.0 1468s
 603735 353654     cutoff  191        63.00923   33.80090  46.4%  94.0 1475s
 610068 360953   59.57614   61 1471   63.00923   33.83197  46.3%  94.2 1487s
 615245 363443   62.97113  200 1107   63.00923   33.87413  46.2%  94.1 1493s
 618153 365803   62.08121   70 1358   63.00923   33.97244  46.1%  94.1 1498s
 620871 368607   50.18502   77 1359   63.00923   33.98600  46.1%  94.1 1504s

Resetting heuristic parameters to focus on improving solution
(using Heuristics=0.5 and RINS=10)...

 624029 369136   56.41850  191 1648   63.00923   33.98600  46.1%  94.1 1510s
H624043 368768                      62.9918778   33.98600  46.0%  94.1 1510s
H624209 368277                      62.9621180   33.98600  46.0%  94.2 1510s
H624308 365671                      62.8540788   33.98600  45.9%  94.2 1510s
H624388 365348                      62.8439364   33.98600  45.9%  94.2 1510s
 624619 365659   57.90539  198 1703   62.84394   33.98600  45.9%  94.2 1540s
H624688 365659                      62.8439364   33.98600  45.9%  94.3 1541s
H624924 365659                      62.8439362   33.98600  45.9%  94.3 1541s
 625002 392371   59.05208  202 1755   62.84394   33.99110  45.9%  94.3 1627s
H625448 392371                      62.8439358   34.06409  45.8%  94.4 1627s
H625546 392371                      62.8439354   34.06409  45.8%  94.4 1627s
H626830 392371                      62.8439353   34.09278  45.8%  94.5 1627s
H629721 388373                      62.7251387   34.11528  45.6%  94.9 1627s
H640766 387347                      62.6967144   34.16941  45.5%  96.0 1627s
H652607 387303                      62.6954778   34.22571  45.4%  97.3 1627s
H657034 387137                      62.6954778   34.43177  45.1%  97.8 1637s
H657038 387137                      62.6954775   34.43177  45.1%  97.8 1637s
H657081 387137                      62.6954772   34.43177  45.1%  97.8 1637s
 657100 413577   61.09707   67 1047   62.69548   34.50543  45.0%  97.8 1747s
H657103 413577                      62.6954761   34.50543  45.0%  97.8 1747s
H657547 411320                      62.6325954   34.50543  44.9%  97.8 1747s
H658119 411320                      62.6325954   34.55319  44.8%  97.9 1747s
H660443 411294                      62.6317892   34.56408  44.8%  98.1 1747s
H688710 411051                      62.6258995   34.96598  44.2%   101 1747s
 689132 411037   47.18488   39 1164   62.62590   34.96598  44.2%   101 1754s
 689202 427750   46.87217   39 1117   62.62590   35.05011  44.0%   101 1800s

Explored 709762 nodes (73201086 simplex iterations) in 1800.38 seconds (3090.37 work units)
Thread count was 32 (of 96 available processors)

Solution count 10: 62.6259 62.6318 62.6326 ... 62.6967

Time limit reached
Best objective 6.262589946341e+01, best bound 3.536268655852e+01, gap 43.5334%
