
Gurobi 9.5.1 (linux64) logging started Wed 10 Aug 2022 04:31:51 PM MST

Set parameter LogFile to value "/home/local/ASUAD/kmajd1/NNRepLayer_v2/demos/walking_example/dynamic_constraint/repair_net_relaxed/logs/opt4_log_8_10_2022_14_29_12.log"
Gurobi Optimizer version 9.5.1 build v9.5.1rc2 (linux64)
Thread count: 48 physical cores, 96 logical processors, using up to 32 threads
Optimize a model with 12558 rows, 9048 columns and 186204 nonzeros
Model fingerprint: 0x15db3069
Model has 270 quadratic objective terms
Variable types: 6078 continuous, 2970 integer (2970 binary)
Coefficient statistics:
  Matrix range     [7e-04, 2e+02]
  Objective range  [3e-03, 1e+00]
  QObjective range [7e-02, 7e-02]
  Bounds range     [9e-03, 1e+02]
  RHS range        [2e-04, 2e+02]
Presolve removed 703 rows and 152 columns
Presolve time: 0.27s
Presolved: 11855 rows, 8896 columns, 184923 nonzeros
Presolved model has 270 quadratic objective terms
Variable types: 5937 continuous, 2959 integer (2959 binary)
Root relaxation presolve removed 2956 rows and 2956 columns
Root relaxation presolved: 8899 rows, 5940 columns, 176055 nonzeros
Root relaxation presolved model has 270 quadratic objective terms


Root relaxation: objective 4.345945e+01, 18906 iterations, 0.78 seconds (2.03 work units)

    Nodes    |    Current Node    |     Objective Bounds      |     Work
 Expl Unexpl |  Obj  Depth IntInf | Incumbent    BestBd   Gap | It/Node Time

     0     0   43.45945    0 1173          -   43.45945      -     -    1s
     0     0   43.45945    0 1173          -   43.45945      -     -    3s
H    0     0                     723.7852968   43.45945  94.0%     -   12s
H    0     0                     641.0023773   43.45945  93.2%     -   13s
     0     2   43.45945    0 1173  641.00238   43.45945  93.2%     -   13s
     1     4   72.95495    1 1521  641.00238   43.47175  93.2%  2268   25s
     3     7   87.84836    2 1378  641.00238   47.47541  92.6%  2093   36s
H   28    56                     624.3873293   54.59147  91.3%  1407   41s
H   29    56                     189.4823524   54.59147  71.2%  1359   41s
H   35    56                     188.7051335   54.59147  71.1%  1305   41s
   891   946   99.99227   24 1410  188.70513   57.11516  69.7%   168   45s
  3845  3935  106.14307  126 1356  188.70513   57.11516  69.7%  93.6   50s
  7002  6910  113.10516  238 1275  188.70513   57.11516  69.7%  65.8   55s
 11194 10839  112.50631  391 1167  188.70513   57.11516  69.7%  51.1   60s
 12863 11835  113.17239  459 1130  188.70513   57.11516  69.7%  49.9   77s
H12884 11835                     188.7051331   57.11516  69.7%  49.8   77s
 12896 11867  113.17239  460 1129  188.70513   57.11516  69.7%  49.8   94s
H12898 11867                     188.7051329   57.11516  69.7%  49.8   94s
H12903 11867                     188.7051325   57.11516  69.7%  49.8   94s
 12928 12486  113.17239  461 1128  188.70513   57.11516  69.7%  49.9  111s
H12979 12486                     188.7051322   57.11516  69.7%  49.7  111s
H13005 12486                     188.5109328   57.11516  69.7%  49.6  111s
H13279 12485                     187.9553694   57.11516  69.6%  49.1  111s
 14573 13345  169.69418  149 1173  187.95537   57.11516  69.6%  47.1  175s
H14574 12678                     187.9553692   57.11516  69.6%  47.1  177s
 14577 12680  108.16513  303 1125  187.95537   57.11516  69.6%  47.1  181s
 14578 12683   69.70213   10 1347  187.95537   57.11516  69.6%  48.6  185s
 14584 12692   82.54082   12 1539  187.95537   57.11516  69.6%  48.8  197s
H14607 12092                     187.9553691   57.11516  69.6%  49.8  198s
 14669 12133   82.85418   16 1575  187.95537   57.11516  69.6%  51.4  201s
 14733 12174   82.58398   17 1515  187.95537   57.11516  69.6%  52.5  210s
H14735 11571                     187.2045569   57.11516  69.5%  52.5  210s
H14755 10991                     186.9619341   57.11516  69.5%  52.8  210s
H14771 10475                     186.6050563   57.11516  69.4%  53.0  212s
 15372 10909 infeasible   25       186.60506   57.11516  69.4%  56.3  215s
 15805 11116 infeasible   28       186.60506   57.11516  69.4%  59.1  228s
H15806 10599                     184.1104066   57.11516  69.0%  59.1  228s
H15816 10106                     183.8741814   57.11516  68.9%  59.2  228s
H15822  9638                     181.4104933   57.11516  68.5%  59.2  228s
H15832  9191                     178.6148780   57.11516  68.0%  59.3  228s
H15835  8769                     175.6648997   57.11516  67.5%  59.3  228s
 16544  9382   90.31432   36 1451  175.66490   57.11516  67.5%  60.6  230s
 16717  9433   90.32751   38 1449  175.66490   57.11516  67.5%  60.7  255s
H16733  9029                     162.5330666   57.11516  64.9%  60.9  255s
 16832  9161  105.40734   39 1572  162.53307   57.11516  64.9%  61.1  275s
H16867  8768                     148.9951112   57.11516  61.7%  61.0  275s
H16875  8405                     147.7608910   57.11516  61.3%  61.0  275s
 18642  9709   91.38864   56 1414  147.76089   57.11516  61.3%  62.0  280s
 20567 10828   91.89331   66 1417  147.76089   57.11516  61.3%  66.0  285s
 22930 12427   94.01405   79 1388  147.76089   57.11516  61.3%  65.0  290s
 25766 14069   92.56627   98 1375  147.76089   57.11516  61.3%  63.2  296s
 28226 15413   92.58160  114 1363  147.76089   57.11516  61.3%  63.2  301s
 29664 17774   92.58530  118 1361  147.76089   57.11516  61.3%  62.7  308s
 32023 17018   92.64399  124 1356  147.76089   57.11516  61.3%  61.7  315s
H32044 16669                     147.7608910   57.11516  61.3%  61.7  315s
H32047 16342                     147.7608886   57.11516  61.3%  61.7  315s
 33343 17873   93.83631  132 1354  147.76089   57.11516  61.3%  63.1  322s
 35006 19472   92.69378  141 1358  147.76089   57.11516  61.3%  64.0  326s
 36607 20185   93.73787  148 1373  147.76089   57.11516  61.3%  65.4  389s
 36641 20213   93.03841  148 1363  147.76089   57.11516  61.3%  65.5  451s
H36673 17014                     139.0839203   57.11516  58.9%  65.7  451s
 37443 18481   94.04844  153 1367  139.08392   57.11516  58.9%  67.0  456s
 38234 18943   94.28103  159 1360  139.08392   57.11516  58.9%  68.5  463s
 38712 19877   95.24998  160 1416  139.08392   57.11516  58.9%  68.6  466s
 40872 22061 infeasible  167       139.08392   57.11516  58.9%  71.0  473s
 42007 23204   95.85114  170 1381  139.08392   57.11516  58.9%  72.5  476s
 44346 25403   95.96013  180 1376  139.08392   57.11516  58.9%  74.8  482s
 45617 26546   96.22286  185 1401  139.08392   57.11516  58.9%  75.8  485s
 48182 29289  105.70560  205 1369  139.08392   57.11516  58.9%  78.2  493s
 49682 31000  106.18349  215 1358  139.08392   57.11516  58.9%  78.9  497s
 51421 32684  106.25420  221 1356  139.08392   57.11516  58.9%  78.9  501s
 53129 34659  106.50192  237 1340  139.08392   57.11516  58.9%  78.8  505s
 57156 38647  106.99694  269 1317  139.08392   57.11516  58.9%  77.8  514s
 59237 44917  107.04635  286 1304  139.08392   57.11516  58.9%  77.1  528s
 65713 46768  109.66089  347 1256  139.08392   57.11516  58.9%  76.4  533s
 67622 48926  111.27573  364 1238  139.08392   57.11516  58.9%  76.6  538s
 69830 50888  112.83800  388 1232  139.08392   57.11516  58.9%  76.3  543s
H70336 40586                     121.2442924   57.11516  52.9%  76.3  543s
 71924 41334  112.72783  416 1199  121.24429   57.11516  52.9%  76.4  547s
 73886 44028  113.33039  433 1185  121.24429   57.11516  52.9%  78.3  553s
 76666 44058  114.34625  462 1191  121.24429   57.11516  52.9%  77.8  560s
 76698 46953  114.06093  462 1163  121.24429   57.11516  52.9%  77.8  566s
 79647 49463  114.14037  496 1141  121.24429   57.11516  52.9%  76.8  572s
 82239 51926  116.46094  529 1116  121.24429   57.11516  52.9%  76.6  578s
 84820 54519     cutoff  564       121.24429   57.11516  52.9%  76.5  585s
 87549 57833  116.75815  597 1060  121.24429   57.11516  52.9%  76.6  592s
 90972 66597  116.84004  636 1026  121.24429   57.11516  52.9%  75.7  612s
 100131 70666  116.97236  709  960  121.24429   57.11516  52.9%  74.1  619s
 104393 74592  119.34120  752  925  121.24429   57.11516  52.9%  72.8  625s
 108590 78409     cutoff  789       121.24429   57.11516  52.9%  71.5  630s
 112572 81726  118.62442  833  848  121.24429   57.11516  52.9%  70.2  636s
 116022 84496  118.62605  887  797  121.24429   57.11516  52.9%  69.3  642s
 118927 87122  118.77272  926  760  121.24429   57.11516  52.9%  68.9  647s
 121743 92971  118.78956  977  712  121.24429   57.11516  52.9%  68.7  663s
 128157 97181  121.03892 1086  584  121.24429   57.11516  52.9%  70.2  669s
H128554 91976                     119.7845482   57.11516  52.3%  70.0  669s
H128730 80770                     116.0221700   57.11516  50.8%  70.1  669s
 132944 83289     cutoff 1226       116.02217   57.11516  50.8%  70.0  675s
 136534 86939   78.91412   97 1895  116.02217   57.11516  50.8%  70.6  681s
 140259 90030   84.77283  209 1946  116.02217   57.11516  50.8%  70.6  688s
 143516 92800   92.20393  291 1863  116.02217   57.11516  50.8%  70.9  694s
 146433 95725   95.73897  406 1850  116.02217   57.11516  50.8%  71.3  701s
 149503 98939   99.18480  536 1788  116.02217   57.11516  50.8%  71.7  707s
 152836 104477  101.88912  663 1723  116.02217   57.11516  50.8%  71.9  721s
 158662 107130  108.05293  935 1448  116.02217   57.11516  50.8%  72.6  729s
 161436 110074  111.58034 1059 1362  116.02217   57.11516  50.8%  73.2  737s
 164588 113174     cutoff 1194       116.02217   57.11516  50.8%  73.5  746s
 167861 117048   83.43357  114 1931  116.02217   57.11516  50.8%  73.8  752s
 172120 121043   98.19821  363 1855  116.02217   57.11516  50.8%  73.9  757s
 176320 123974  108.21711  540 1761  116.02217   57.11516  50.8%  73.9  763s
 179361 127377  112.49961  781 1592  116.02217   57.11516  50.8%  74.2  770s
 182905 133011   82.10096   50 1708  116.02217   57.11516  50.8%  74.2  781s
 188824 135907   64.83400   30 1657  116.02217   57.11516  50.8%  74.4  788s
 191818 138486   81.61531  117 1971  116.02217   57.11516  50.8%  74.5  795s
 194554 141628   87.71174  231 1860  116.02217   57.11516  50.8%  74.7  803s
 197854 144336   95.50058  387 1837  116.02217   57.11516  50.8%  74.9  810s
 200730 147624   99.34626  541 1725  116.02217   57.11516  50.8%  75.1  817s
 204275 149998  103.92825  682 1655  116.02217   57.11516  50.8%  75.1  824s
 206872 150030  107.33117  830 1517  116.02217   57.11516  50.8%  75.7  832s
H206880 150030                     116.0221694   57.11516  50.8%  75.7  832s
H206894 150030                     116.0221690   57.11516  50.8%  75.7  832s
 206904 152273  107.33117  831 1516  116.02217   57.11516  50.8%  75.7  841s
 209466 155103  109.68792  974 1408  116.02217   57.11516  50.8%  76.2  849s
 212529 159859  114.40007 1134 1265  116.02217   57.52132  50.4%  76.7  862s
H217057 157953                     115.8381388   57.52132  50.3%  76.7  862s
 217693 160068   82.59697  113 1880  115.83814   57.52132  50.3%  76.7  870s
 220147 162988   89.45216  235 1948  115.83814   57.52132  50.3%  77.3  878s
 223224 165910   95.39948  365 1849  115.83814   57.52132  50.3%  77.6  887s
 226368 168723   98.56509  532 1743  115.83814   57.52132  50.3%  77.9  895s
 229513 172042  103.31087  693 1624  115.83814   57.52132  50.3%  78.4  904s
 232922 175355  108.22143  820 1553  115.83814   57.52132  50.3%  78.7  913s
H234889 148979                     112.1639228   57.52132  48.7%  78.7  913s
 236380 151080  111.96028  988 1334  112.16392   58.16448  48.1%  78.8  922s
 239620 155372   73.31856   60 1710  112.16392   58.84812  47.5%  79.4  927s
H242543 154809                     112.0947411   58.84812  47.5%  79.4  928s
H242544 154718                     112.0813246   58.84812  47.5%  79.4  928s
 244227 158520   79.92490  129 1744  112.08132   58.84812  47.5%  79.7  936s
 248343 162030   85.24258  192 1820  112.08132   58.84812  47.5%  80.1  945s
 252166 165276   85.84978  213 1814  112.08132   58.84812  47.5%  80.6  953s
 255763 168718   91.33313  279 1792  112.08132   58.84812  47.5%  81.0  962s
 259454 172015   99.45816  380 1829  112.08132   58.84812  47.5%  81.2  971s
 262935 175363   95.94972  428 1800  112.08132   58.84812  47.5%  81.4  979s
 266425 178759   99.07820  598 1671  112.08132   58.84812  47.5%  81.4  987s
 270015 181516  100.97524  766 1542  112.08132   58.84812  47.5%  81.3  994s
 272993 184096  101.24668  836 1477  112.08132   58.84812  47.5%  81.4 1002s
H273285 158581                     108.9822160   58.84812  46.0%  81.5 1003s
 275983 161243  101.89351  946 1392  108.98222   58.84812  46.0%  81.7 1015s
 279564 164258  103.09639 1097 1233  108.98222   58.84812  46.0%  82.5 1024s
 283091 168001  104.10317 1182 1205  108.98222   58.84812  46.0%  83.0 1031s
 287278 171898     cutoff 1184       108.98222   58.84812  46.0%  83.4 1037s
 291517 175691  104.72688 1236 1155  108.98222   58.84812  46.0%  83.6 1045s
 295505 178828  105.90529 1270 1120  108.98222   58.84812  46.0%  83.6 1052s
H297394 151024                     105.8743312   58.84812  44.4%  83.7 1053s
 298975 152018     cutoff 1365       105.87433   60.36839  43.0%  83.6 1059s
 301299 154734  100.25144  112 1566  105.87433   60.38298  43.0%  84.3 1067s
 304333 157293   74.51731   66 1634  105.87433   60.38298  43.0%  84.7 1076s
 307188 160684   87.85086  186 1835  105.87433   60.38298  43.0%  85.2 1087s
 311098 163190   98.48456  384 1822  105.87433   60.38298  43.0%  85.6 1096s
 313929 163211  104.09003  555 1745  105.87433   60.38298  43.0%  86.1 1104s
 313963 166276  104.10229  556 1744  105.87433   60.85550  42.5%  86.2 1114s
 317473 169375   85.59049   46 1776  105.87433   60.85550  42.5%  86.5 1124s
 320948 172454   96.17503   87 1630  105.87433   60.85550  42.5%  86.9 1135s
 324464 175789  102.43010  131 1603  105.87433   60.85550  42.5%  87.2 1145s
 328153 178483  102.74154  174 1570  105.87433   60.85550  42.5%  87.3 1154s
 331458 181181  105.33525  208 1490  105.87433   61.01427  42.4%  87.5 1161s
 334979 182735   98.34869   54 1636  105.87433   61.05024  42.3%  88.0 1168s
 337308 184635   68.39292   38 1646  105.87433   61.08050  42.3%  88.9 1178s
 339771 187581   83.55699  194 1913  105.87433   61.08050  42.3%  89.9 1192s
 343399 190967   93.60359  424 2032  105.87433   61.08050  42.3%  90.8 1206s
 347259 193837   97.74434  708 1786  105.87433   61.08050  42.3%  91.5 1220s
 350545 196820   99.84808  961 1570  105.87433   61.08050  42.3%  92.2 1233s
 353994 200223  101.58463 1197 1408  105.87433   61.08050  42.3%  92.9 1246s
 357811 203364  103.36961 1441 1257  105.87433   61.08050  42.3%  93.3 1257s
 361414 206204  105.41259 1632 1101  105.87433   61.08050  42.3%  93.7 1268s
 364586 209641  105.85171 1769  637  105.87433   61.91647  41.5%  94.0 1280s
 368446 212535   80.02017   65 1484  105.87433   61.91647  41.5%  94.3 1291s
 371705 215068   82.60914  100 1442  105.87433   61.91647  41.5%  94.5 1302s
 374721 217599   82.32071  123 1370  105.87433   61.91647  41.5%  95.0 1313s
H377382 131540                      98.8583195   61.91647  37.4%  95.5 1313s
H377383 127790                      98.5003963   61.91647  37.1%  95.5 1313s
 377882 129421   83.81422  148 1355   98.50040   61.91647  37.1%  95.4 1324s
 381510 131528   84.39332  160 1343   98.50040   61.91647  37.1%  96.1 1335s
 384519 133517   86.30850  187 1334   98.50040   61.91647  37.1%  96.9 1345s
 387287 135216   87.32620  209 1334   98.50040   61.91647  37.1%  97.7 1355s
 389738 137810   88.44244  229 1314   98.50040   61.91647  37.1%  98.6 1367s
 392867 137841   90.82783  253 1306   98.50040   61.91647  37.1%  99.3 1376s
H392871 137841                      98.5003963   61.91647  37.1%  99.3 1376s
H392874 136097                      98.3294699   61.91647  37.0%  99.3 1376s
 392900 139638   89.91568  253 1297   98.32947   61.91647  37.0%  99.3 1388s
 397062 142702   91.79366  278 1287   98.32947   61.91647  37.0%   100 1400s
 400781 146336   91.85259  299 1275   98.32947   61.91647  37.0%   100 1412s
 405022 149489   92.55725  336 1227   98.32947   61.91647  37.0%   100 1418s
H406892 126765                      96.3294225   61.91647  35.7%   100 1418s
 408721 128697   93.15481  362 1206   96.32942   61.91647  35.7%   100 1424s
 411972 132354   93.27710  394 1178   96.32942   61.91647  35.7%   101 1431s
 416032 135572   93.99245  417 1153   96.32942   61.91647  35.7%   100 1438s
 419727 137715   93.95156  455 1129   96.32942   61.91647  35.7%   100 1446s
 422391 139303   94.02533  477 1113   96.32942   61.91647  35.7%   101 1453s
 424656 141018 infeasible  501        96.32942   61.91647  35.7%   101 1461s
 426983 143020   94.19664  523 1080   96.32942   61.91647  35.7%   101 1469s
 429435 145683   94.78779  572 1024   96.32942   61.91647  35.7%   102 1479s
 432394 148305   94.84580  640  968   96.32942   61.91647  35.7%   102 1489s
 435511 150549   95.62550  684  928   96.32942   61.91647  35.7%   102 1498s
 438231 153082   95.64961  731  907   96.32942   61.91647  35.7%   103 1510s

Resetting heuristic parameters to focus on improving solution
(using Heuristics=0.5 and RINS=10)...

 441385 153308     cutoff  802        96.32942   61.91647  35.7%   103 1521s
H441389 151448                      96.1840522   61.91647  35.6%   103 1521s
H441397 139108                      95.2395971   61.91647  35.0%   103 1521s
H441435 138469                      95.1918203   61.91647  35.0%   103 1521s
 441729 138642     cutoff  805        95.19182   62.44899  34.4%   103 1593s
 442089 143138   85.44490   37 1753   95.19182   63.10819  33.7%   103 1800s
H442091 143138                      95.1918194   63.10819  33.7%   103 1800s
H442093 141757                      95.0881106   63.10819  33.6%   103 1800s
H442315 139424                      94.9021522   63.10819  33.5%   103 1800s
H442369 138517                      94.8388693   63.10819  33.5%   104 1800s
H442914 137916                      94.7845774   63.22325  33.3%   104 1800s
H443137 135541                      94.5829729   63.26025  33.1%   104 1800s
H444053 135299                      94.5604762   63.27253  33.1%   104 1800s

Explored 449863 nodes (47755283 simplex iterations) in 1800.27 seconds (3138.51 work units)
Thread count was 32 (of 96 available processors)

Solution count 10: 94.5605 94.583 94.7846 ... 96.1841

Time limit reached
Warning: max constraint violation (7.5884e-06) exceeds tolerance
Best objective 9.456047617212e+01, best bound 6.327253345717e+01, gap 33.0878%
