
Gurobi 9.5.1 (linux64) logging started Wed 10 Aug 2022 05:32:44 PM MST

Set parameter LogFile to value "/home/local/ASUAD/kmajd1/NNRepLayer_v2/demos/walking_example/dynamic_constraint/repair_net_relaxed/logs/opt6_log_8_10_2022_14_29_12.log"
Gurobi Optimizer version 9.5.1 build v9.5.1rc2 (linux64)
Thread count: 48 physical cores, 96 logical processors, using up to 32 threads
Optimize a model with 12558 rows, 9048 columns and 186204 nonzeros
Model fingerprint: 0x3e6e7764
Model has 270 quadratic objective terms
Variable types: 6078 continuous, 2970 integer (2970 binary)
Coefficient statistics:
  Matrix range     [7e-04, 2e+02]
  Objective range  [3e-03, 1e+00]
  QObjective range [7e-02, 7e-02]
  Bounds range     [2e-03, 2e+02]
  RHS range        [4e-05, 2e+02]
Presolve removed 672 rows and 132 columns
Presolve time: 0.20s
Presolved: 11886 rows, 8916 columns, 185400 nonzeros
Presolved model has 270 quadratic objective terms
Variable types: 5946 continuous, 2970 integer (2970 binary)
Root relaxation presolve removed 2970 rows and 2970 columns
Root relaxation presolved: 8916 rows, 5946 columns, 176490 nonzeros
Root relaxation presolved model has 270 quadratic objective terms


Root relaxation: objective 2.466930e+01, 3933 iterations, 0.28 seconds (0.64 work units)

    Nodes    |    Current Node    |     Objective Bounds      |     Work
 Expl Unexpl |  Obj  Depth IntInf | Incumbent    BestBd   Gap | It/Node Time

     0     0   24.66930    0  392          -   24.66930      -     -    0s
     0     0   24.66930    0  392          -   24.66930      -     -    1s
     0     2   24.66930    0  392          -   24.66930      -     -    4s
     1     4   24.95251    1  410          -   24.95251      -  2257    5s
   331   370   27.56690   15  582          -   26.03351      -   104   15s
  1768  1794   33.31816   70  798          -   26.03351      -   164   20s
H 1895  1854                      56.3648160   26.03351  53.8%   171   20s
H 1924  1906                      56.3648160   26.03351  53.8%   173   20s
H 1945  1906                      56.3648153   26.03351  53.8%   172   20s
H 2167  2119                      56.0395716   26.03351  53.5%   161   28s
H 2168  2119                      55.6649155   26.03351  53.2%   161   28s
H 2183  2119                      55.5345945   26.03351  53.1%   161   28s
H 2184  2119                      54.6969130   26.03351  52.4%   160   28s
  3296  3207   38.99053  117  907   54.69691   26.03351  52.4%   129   34s
H 3308  3207                      54.6969130   26.03351  52.4%   129   34s
  3328  3447   38.99053  118  906   54.69691   26.03351  52.4%   128   35s
  6239  6404   40.26566  224  858   54.69691   26.03351  52.4%  89.8   40s
 10340 10577   41.67804  363  883   54.69691   26.03351  52.4%  66.6   45s
 11176 10911   41.92722  402  869   54.69691   26.03351  52.4%  64.7   78s
H11177 10911                      54.6844590   26.03351  52.4%  64.6   78s
H11182 10574                      52.4815369   26.03351  50.4%  64.6   78s
H11203 10537                      52.0283039   26.03351  50.0%  64.5   78s
 11819 11626   41.98178  429  851   52.02830   26.03351  50.0%  63.0   80s
H14620 13479                      50.4726278   26.03351  48.4%  57.2   94s
 14621 13472   46.47181  251  392   50.47263   26.03351  48.4%  57.2   95s
 14626 13478   28.15548   10  566   50.47263   26.03351  48.4%  57.6  103s
 14640 13500   38.02738   13  590   50.47263   28.40582  43.7%  57.8  105s
 14986 13738   31.43731   25  573   50.47263   29.09934  42.3%  58.3  114s
H15002 13059                      50.4726278   29.09934  42.3%  58.4  114s
H15005 12418                      50.4726278   29.09934  42.3%  58.5  114s
 15100 12527   31.91879   29  564   50.47263   29.09934  42.3%  58.5  115s
 16113 13137   38.49273   62  979   50.47263   29.09934  42.3%  63.5  120s
H16146 12517                      50.4726278   29.09934  42.3%  63.5  120s
 18028 13849   42.56591  122 1009   50.47263   29.09934  42.3%  65.9  125s
 23489 17546   47.11950  338  873   50.47263   29.09934  42.3%  61.9  130s
 28560 20567   47.93142  550  734   50.47263   29.09934  42.3%  57.0  135s
 29558 21692   49.46958  601  712   50.47263   29.09934  42.3%  58.7  140s
 32790 22799   36.15991   69  846   50.47263   29.09934  42.3%  60.7  145s
 35632 25798   39.65913  146  900   50.47263   29.09934  42.3%  60.1  150s
 41355 27884   41.59689  376  764   50.47263   29.09934  42.3%  56.6  156s
 43595 30412   45.14397  485  782   50.47263   29.09934  42.3%  56.9  160s
 48630 33455     cutoff  696        50.47263   29.37405  41.8%  57.4  166s
 51162 35786   41.37952   86  571   50.47263   29.37405  41.8%  57.8  170s
 55762 40717   45.88891  260  379   50.47263   29.37405  41.8%  57.2  175s
 59802 45138   49.59264  449  292   50.47263   29.59351  41.4%  56.5  180s
 64337 48851   38.81417  106  840   50.47263   29.59351  41.4%  56.2  186s
 71175 55112   48.05664  362  752   50.47263   29.59351  41.4%  55.4  191s
 75121 58641   33.93899   37  758   50.47263   29.59351  41.4%  56.0  196s
 77859 60842   46.85463  113 1061   50.47263   29.59351  41.4%  56.2  200s
 82184 66561   46.57092  296  975   50.47263   29.59351  41.4%  56.5  205s
 87860 70440   49.98374  576  778   50.47263   29.60432  41.3%  57.0  211s
 89906 73050   34.08959   25  751   50.47263   29.60432  41.3%  57.7  217s
 92883 76451   42.14699   48  916   50.47263   29.60432  41.3%  58.7  220s
 100111 81399   49.80819  112  867   50.47263   29.66309  41.2%  60.0  228s
 102685 82800   31.80735   24  641   50.47263   29.66309  41.2%  61.3  231s
 104401 85383     cutoff   41        50.47263   29.68226  41.2%  62.0  236s
 107337 88289   45.46025  107  949   50.47263   29.93284  40.7%  63.1  242s
 112638 93087   38.68453  141  912   50.47263   29.93284  40.7%  63.5  249s
 116571 95914   49.15965  339  849   50.47263   30.43779  39.7%  64.2  254s
 119845 99343   45.11970   57  940   50.47263   30.80786  39.0%  64.9  258s
 123788 102594   36.87914   83  884   50.47263   30.80786  39.0%  65.6  260s
 130069 108007     cutoff  396        50.47263   30.81129  39.0%  66.4  268s
 132779 110670   31.80291   30  640   50.47263   30.85522  38.9%  67.0  271s
 135543 113324   34.43628   47  665   50.47263   30.85522  38.9%  67.5  275s
 138312 116077   35.48971   69  636   50.47263   30.85522  38.9%  68.1  280s
 143466 120999   35.66414  113  596   50.47263   30.85522  38.9%  68.7  289s
 146502 124036   35.80400  135  570   50.47263   30.85522  38.9%  69.1  294s
 149653 126945   36.19058  168  564   50.47263   30.85522  38.9%  69.3  299s
 152797 129698   37.47438  199  541   50.47263   30.85522  38.9%  69.4  304s
 155815 132199   38.52697  228  516   50.47263   30.85522  38.9%  69.5  309s
 158870 135265   39.49089  262  487   50.47263   30.85522  38.9%  69.8  315s
 162421 138021   39.82015  296  475   50.47263   30.85522  38.9%  69.6  321s
 165546 138599   40.15638  331  441   50.47263   30.85522  38.9%  69.8  326s
 166545 141611   40.34221  340  426   50.47263   30.85522  38.9%  69.8  332s
 170438 144292   40.34221  364  409   50.47263   30.85522  38.9%  69.8  337s
 173857 147427   40.43889  379  400   50.47263   30.85522  38.9%  70.2  343s
 177335 150662   40.56734  397  386   50.47263   30.85522  38.9%  70.6  349s
 181058 153276   40.56734  417  367   50.47263   30.85522  38.9%  70.6  354s
 184206 157467   41.56605  452  387   50.47263   30.85522  38.9%  70.6  358s
 188837 160630   42.53494  503  362   50.47263   30.85522  38.9%  70.5  361s
 192072 163954   42.66150  528  402   50.47263   30.85522  38.9%  70.0  365s
 198978 169558   43.84194  595  320   50.47263   30.85522  38.9%  69.5  374s
 202021 172084   43.50013  629  295   50.47263   30.85522  38.9%  69.4  378s
 204786 175849   45.26424  664  279   50.47263   30.85522  38.9%  69.3  382s
 212616 183159   46.27861  724  269   50.47263   30.85522  38.9%  68.9  389s
 216947 186067   46.35568  755  240   50.47263   30.85522  38.9%  68.7  394s
 220058 189046   49.67826  781  231   50.47263   30.85522  38.9%  68.3  398s
 223175 192491   48.41740  805  239   50.47263   30.85522  38.9%  68.1  401s
 230065 197888   47.11074  852  205   50.47263   30.85522  38.9%  67.7  408s
 232939 200098   47.17485  875  198   50.47263   30.85522  38.9%  67.6  412s
 235369 202839   47.18164  901  192   50.47263   30.85522  38.9%  67.5  416s
H239319 203711                      50.4281827   30.85522  38.8%  67.3  419s
 239603 207099   47.32518  935  171   50.42818   30.85522  38.8%  67.3  423s
H243648 208883                      50.4281827   30.85522  38.8%  67.1  427s
H243953 208883                      50.4281827   30.85522  38.8%  67.0  427s
H244148 208883                      50.4281826   30.85522  38.8%  67.1  427s
 245812 208900     cutoff  982        50.42818   30.85522  38.8%  66.8  455s
H245813 181057                      48.9143837   30.85522  36.9%  66.8  455s
 245854 185818     cutoff  983        48.91438   31.22516  36.2%  66.8  464s
 251571 187510   35.31151   43  753   48.91438   31.26001  36.1%  66.8  469s
 253563 191593   37.94810  124  686   48.91438   31.26001  36.1%  66.6  475s
 258186 194749   39.34399  205  751   48.91438   31.26001  36.1%  66.2  481s
 261914 196753   41.94456  285  689   48.91438   31.26001  36.1%  66.3  486s
 264588 198530   44.86347  355  653   48.91438   31.26001  36.1%  66.7  491s
 267059 199945   46.52120  443  647   48.91438   31.26001  36.1%  67.4  496s
 269283 202101   47.81338  509  599   48.91438   31.26001  36.1%  68.1  502s
 272215 204407   48.22874  561  568   48.91438   31.37804  35.9%  68.6  508s
 275104 206423   33.07872   41  717   48.91438   31.37804  35.9%  69.1  515s
 277617 208408   39.95681  163  828   48.91438   31.37804  35.9%  69.5  522s
 280272 211296   48.70500  278  767   48.91438   31.37804  35.9%  70.3  527s
 284227 214532   39.85105  172  886   48.91438   31.38134  35.8%  71.3  534s
 288321 217534   32.69209   48  663   48.91438   31.38134  35.8%  71.8  540s
 291690 221450   39.63754  178  866   48.91438   31.38134  35.8%  72.1  547s
 295993 224726   47.70591  332  774   48.91438   31.40630  35.8%  72.2  553s
 299540 227793   41.58764  134  980   48.91438   31.40630  35.8%  72.4  559s
 302976 230425   34.55770   67  658   48.91438   31.40630  35.8%  72.6  564s
 306110 233411   45.49954  243  647   48.91438   31.42052  35.8%  72.7  570s
 309537 235703   34.80902   69  755   48.91438   31.42052  35.8%  72.8  576s
 312164 238798   35.89336  181  652   48.91438   31.42052  35.8%  72.9  582s
 315520 241631   37.72675  310  604   48.91438   31.42052  35.8%  73.1  588s
 318673 244018   42.54738  445  457   48.91438   31.42052  35.8%  73.2  594s
 321531 246335   44.13711  582  391   48.91438   31.42052  35.8%  73.3  599s
 324348 249033   45.23354  686  353   48.91438   31.42052  35.8%  73.5  606s
 327637 251469   46.05214  834  271   48.91438   31.42052  35.8%  73.6  613s
 330970 253976   46.66218  988  190   48.91438   31.42052  35.8%  73.7  619s
 334048 254005     cutoff 1116        48.91438   31.43731  35.7%  73.9  644s
H334051 251905                      48.8132576   31.43731  35.6%  73.9  644s
H334052 250660                      48.7485721   31.43731  35.5%  73.9  644s
H334061 249909                      48.7213163   31.43731  35.5%  73.9  644s
H334074 245380                      48.5073230   31.43731  35.2%  73.9  644s
 334083 248162   32.64084   23  625   48.50732   31.43731  35.2%  73.9  650s
 337519 250378   41.98824  210  776   48.50732   31.47037  35.1%  74.0  656s
 340440 253228   36.23902   62  805   48.50732   31.48160  35.1%  74.0  662s
 343821 256159   34.29484   51  844   48.50732   31.48514  35.1%  74.1  669s
 347509 259206   47.86837  172  663   48.50732   31.49826  35.1%  74.1  676s
 351059 262416   35.50954   45  816   48.50732   31.49826  35.1%  74.1  682s
 354742 265795   38.22432  115  805   48.50732   31.49826  35.1%  74.0  689s
 358663 268843   40.37808  210  742   48.50732   31.49826  35.1%  73.8  693s
 362136 272986   41.74397  279  754   48.50732   31.49826  35.1%  73.7  697s
 366796 276624   47.66637  339  774   48.50732   31.49826  35.1%  73.4  704s
 370916 278775   47.86370  419  656   48.50732   31.51130  35.0%  73.3  709s
 373558 281443   39.83939   56  939   48.50732   31.51130  35.0%  73.4  714s
 377005 285137   48.40019  160  681   48.50732   31.51367  35.0%  73.3  717s
 381395 289344   42.82147  175  765   48.50732   31.53359  35.0%  73.1  721s
H385963 291035                      48.5073230   31.54090  35.0%  72.7  725s
H386767 289992                      48.4633635   31.54090  34.9%  72.7  725s
H387080 289978                      48.4627683   31.54090  34.9%  72.7  725s
 390818 294960   42.83579  197  901   48.46277   31.54090  34.9%  72.6  734s
 393379 298068   47.11029  281  886   48.46277   31.54388  34.9%  72.6  737s
 396962 302207   34.80565   54  640   48.46277   31.54740  34.9%  72.5  743s
 401576 305067   36.06566  193  539   48.46277   31.54740  34.9%  72.4  747s
 404647 307558   39.38308  232  535   48.46277   31.54740  34.9%  72.3  751s
 407382 310722   42.17176  291  538   48.46277   31.54740  34.9%  72.2  755s
 410821 313585   44.95038  349  505   48.46277   31.54740  34.9%  72.0  760s
 417131 319247   46.87822  416  495   48.46277   31.54740  34.9%  71.8  768s
 420258 321527   47.57364  433  531   48.46277   31.54740  34.9%  71.7  772s
 422806 325096     cutoff  453        48.46277   31.56590  34.9%  71.6  776s
 427082 329939   41.90725  175  745   48.46277   31.56944  34.9%  71.4  781s
 432589 331828   32.96045   33  775   48.46277   31.59807  34.8%  71.1  785s
 437520 336728   48.11394  295  899   48.46277   31.59903  34.8%  71.1  791s
 445004 343226   46.09569  293  700   48.46277   31.59903  34.8%  70.8  798s
 448139 345571   38.64891   50  620   48.46277   31.60984  34.8%  70.6  801s
 450821 348305   40.19247   38  789   48.46277   31.60984  34.8%  70.5  805s
 457645 354826   37.73522   35  800   48.46277   31.61375  34.8%  70.3  813s
 462036 357387     cutoff   71        48.46277   31.62667  34.7%  70.2  817s
 465120 361330   33.95904   21  677   48.46277   31.62751  34.7%  70.1  820s
 473341 366475   37.29760   87  642   48.46277   31.63360  34.7%  69.6  828s
 475777 369740   37.75517  166  595   48.46277   31.63360  34.7%  69.5  832s
 483420 377225   42.78952  427  406   48.46277   31.63360  34.7%  69.0  837s
 487409 382463   45.20058  583  320   48.46277   31.63360  34.7%  68.7  842s
 493228 385038   47.48421  833  216   48.46277   31.63360  34.7%  68.4  845s
 498811 389497   35.32390   38  626   48.46277   31.65154  34.7%  68.2  851s
 504330 394893   39.11042   91  737   48.46277   31.65154  34.7%  68.1  857s
 507795 397662   40.92669  147  718   48.46277   31.65154  34.7%  67.9  861s
 513219 402828   44.23533  213  596   48.46277   31.65154  34.7%  67.7  868s
 516715 407623   46.56201  251  669   48.46277   31.65154  34.7%  67.5  872s
 522350 410667   48.03423  319  671   48.46277   31.65154  34.7%  67.2  875s
 529018 416582   35.64891  100  679   48.46277   31.68563  34.6%  66.8  881s
 534644 421823   40.90867  350  491   48.46277   31.68563  34.6%  66.6  887s
 537490 425099   43.12292  497  378   48.46277   31.68563  34.6%  66.4  890s
 544089 430288   46.05921  788  257   48.46277   31.68563  34.6%  66.1  896s
 547015 434635   47.07570  932  178   48.46277   31.69799  34.6%  66.0  902s
 551675 437705   36.64601   43  703   48.46277   31.69799  34.6%  65.8  905s
 558944 444724   48.15723  110  789   48.46277   31.70516  34.6%  65.5  910s
 566064 450121   41.08324  206  811   48.46277   31.70516  34.6%  65.0  916s
 568982 452547   47.77872  344  810   48.46277   31.71169  34.6%  64.9  920s
H571708 452951                      48.4627683   31.71169  34.6%  64.8  923s
H571884 452951                      48.4627683   31.71169  34.6%  64.8  923s
H571920 452934                      48.4623695   31.71169  34.6%  64.8  923s
H572047 452925                      48.4618471   31.71169  34.6%  64.8  923s
 572194 456152   33.55102   42  944   48.46185   31.71169  34.6%  64.8  926s
H575829 458223                      48.4610714   31.71169  34.6%  64.7  929s
H576532 458219                      48.4606966   31.71169  34.6%  64.7  929s
H577622 452588                      48.3392198   31.71169  34.4%  64.7  929s
 578040 456381   39.33903   85  803   48.33922   31.71169  34.4%  64.7  935s
 584197 459638   39.10628  159  657   48.33922   31.71169  34.4%  64.6  943s
 586508 462364   40.80544  194  624   48.33922   31.71169  34.4%  64.7  948s
 589862 465058   45.12172  233  596   48.33922   31.71169  34.4%  64.8  953s
 593041 468342   47.08458  265  600   48.33922   31.71169  34.4%  64.8  957s
 596980 471715     cutoff  313        48.33922   31.73499  34.3%  64.9  961s
 600892 474545   37.94755  129  847   48.33922   31.73499  34.3%  64.9  966s
 604212 476969   44.53750  229  898   48.33922   31.73499  34.3%  64.9  970s
 607177 479231   32.78629   28  844   48.33922   31.73499  34.3%  65.0  976s
 610058 482696   31.94902   32  613   48.33922   31.73839  34.3%  65.1  982s
 613947 484948   41.70498  156  752   48.33922   31.73839  34.3%  65.2  987s
 616723 487341   47.72231  276  671   48.33922   31.74147  34.3%  65.2  993s
 619677 489690   47.69437   74 1188   48.33922   31.74147  34.3%  65.4  999s
 622644 491707   35.96043   61  809   48.33922   31.74231  34.3%  65.5 1004s
 625235 495261   38.76601   95  725   48.33922   31.74231  34.3%  65.7 1008s
 629455 498301   38.31952  149  661   48.33922   31.74231  34.3%  65.7 1011s
 633039 500382   39.34535  194  628   48.33922   31.74231  34.3%  65.8 1015s
 635578 502390   42.65144  237  650   48.33922   31.74231  34.3%  66.0 1020s
 638082 504054   43.80992  285  630   48.33922   31.74231  34.3%  66.3 1025s
 640071 507438   45.93734  316  611   48.33922   31.74231  34.3%  66.4 1033s
 644274 510512   46.63351  392  529   48.33922   31.74231  34.3%  66.6 1040s
 647971 513807   47.06682  461  499   48.33922   31.74754  34.3%  66.8 1047s
 651922 517038   43.10964   85  710   48.33922   31.75655  34.3%  66.8 1053s
 655862 520137   32.32752   38  731   48.33922   31.75655  34.3%  66.8 1059s
 659735 522936   48.02260  271  891   48.33922   31.77024  34.3%  66.8 1064s
 662909 526342   37.12755  114  740   48.33922   31.77208  34.3%  66.8 1070s
 666910 529068   40.04267  256  650   48.33922   31.77208  34.3%  66.7 1076s
 670429 532509   48.09471  380  589   48.33922   31.77208  34.3%  66.7 1081s
 677739 537179   43.73181   74  851   48.33922   31.77896  34.3%  66.6 1088s
 680366 539369   36.00964   73  652   48.33922   31.78113  34.3%  66.7 1092s
 682898 541309   39.00550  143  633   48.33922   31.78113  34.3%  66.8 1096s
 685193 544297   39.68236  212  615   48.33922   31.78113  34.3%  66.7 1101s
 692633 551187   44.42063  354  543   48.33922   31.78113  34.3%  66.6 1109s
 696500 554261   46.07393  466  518   48.33922   31.78113  34.3%  66.6 1113s
 699950 557531     cutoff  516        48.33922   31.78113  34.3%  66.5 1119s
 703970 560165   32.85583   28  808   48.33922   31.78286  34.3%  66.4 1123s
 707225 563484   41.29856  107 1044   48.33922   31.78286  34.3%  66.4 1127s
 710962 566232   43.49757  202 1120   48.33922   31.78286  34.3%  66.2 1131s
 714183 569353   46.47886  289 1236   48.33922   31.78286  34.3%  66.1 1136s
 721145 575448   38.02113   67  842   48.33922   31.78923  34.2%  66.0 1141s
 727849 582067   39.06278  173  938   48.33922   31.78923  34.2%  65.9 1146s
 731548 586549   40.92732  218  877   48.33922   31.78923  34.2%  65.8 1150s
 739239 591192   43.43452  383  723   48.33922   31.78923  34.2%  65.6 1157s
 741374 593935   44.02066  398  677   48.33922   31.78923  34.2%  65.6 1161s
 744462 596482   44.73407  470  646   48.33922   31.78923  34.2%  65.5 1166s
 747349 599583   46.26891  500  616   48.33922   31.78923  34.2%  65.5 1170s
 753581 604375   47.96013  604  551   48.33922   31.79530  34.2%  65.3 1178s
 756438 608093   39.94109  104  849   48.33922   31.80154  34.2%  65.3 1182s
 760692 611789   46.04251  287  861   48.33922   31.80735  34.2%  65.2 1187s
 764991 614776   48.28054   96  682   48.33922   31.81098  34.2%  65.2 1191s
 770618 619873   35.29413   72  704   48.33922   31.81098  34.2%  65.1 1199s
 773560 623073   35.89554   94  651   48.33922   31.81098  34.2%  65.1 1202s
 777110 625736   36.53246  124  685   48.33922   31.81098  34.2%  65.0 1205s
 783176 631007   37.66474  181  551   48.33922   31.81098  34.2%  65.1 1213s
 786278 633650   37.84892  211  513   48.33922   31.81098  34.2%  65.1 1217s
 789236 636524   37.86191  235  498   48.33922   31.81098  34.2%  65.1 1220s
 792374 640101   37.86191  250  483   48.33922   31.81098  34.2%  65.1 1225s
H796725 643223                      48.3392195   31.81098  34.2%  65.1 1230s
H799623 643421                      48.3392194   31.81098  34.2%  65.0 1234s
 799842 645868   38.08777  284  458   48.33922   31.81098  34.2%  65.0 1238s
 802442 648050     cutoff  318        48.33922   31.81098  34.2%  65.0 1243s
 804952 651208   38.74627  337  421   48.33922   31.81098  34.2%  65.0 1248s
 808610 654125   42.02482  379  393   48.33922   31.81098  34.2%  64.9 1253s
 812029 657002   43.06035  405  376   48.33922   31.81098  34.2%  64.9 1258s
 815363 659424   44.84721  446  351   48.33922   31.81098  34.2%  64.9 1263s
 818109 663102   45.65024  488  348   48.33922   31.81098  34.2%  64.9 1266s
 822405 666326   46.17344  535  343   48.33922   31.81098  34.2%  64.9 1271s
 826345 669043   47.16603  588  330   48.33922   31.81098  34.2%  64.9 1275s
 832142 674302   47.11171  668  302   48.33922   31.81098  34.2%  64.8 1284s
 835415 678009   47.67577  715  288   48.33922   31.81098  34.2%  64.8 1287s
 839490 680823     cutoff  755        48.33922   31.81098  34.2%  64.7 1290s
 845897 685475   47.08789   78  762   48.33922   31.82852  34.2%  64.7 1297s
 848464 688219   39.53866   70  775   48.33922   31.82974  34.2%  64.7 1302s
 851836 691699   41.39275   77  797   48.33922   31.83790  34.1%  64.7 1308s
 855845 695431   47.26977  183  672   48.33922   31.83927  34.1%  64.6 1311s
 863466 700600   47.45970  189  905   48.33922   31.84281  34.1%  64.4 1317s
 866158 702380     cutoff   63        48.33922   31.84445  34.1%  64.4 1321s
 868336 704923   35.50895   80  691   48.33922   31.84445  34.1%  64.5 1325s
 873978 709525   41.32789  265  732   48.33922   31.84445  34.1%  64.5 1334s
 876641 712783   47.80588  358  691   48.33922   31.84445  34.1%  64.5 1337s
 880287 715088   35.41955   59  900   48.33922   31.84580  34.1%  64.4 1341s
 882885 718697   38.79302  107  900   48.33922   31.84580  34.1%  64.4 1346s
 886838 721308   40.50329  187  891   48.33922   31.84580  34.1%  64.4 1350s
 892612 726158   43.44140  322  788   48.33922   31.84580  34.1%  64.4 1358s
 895563 728266   45.22685  408  681   48.33922   31.84580  34.1%  64.4 1363s
 898195 730484   45.99917  469  638   48.33922   31.84580  34.1%  64.5 1367s
 900867 732719   48.32785  533  563   48.33922   31.84885  34.1%  64.6 1372s
 903701 735022   45.80080  124 1238   48.33922   31.84885  34.1%  64.7 1377s
 906469 737595   48.29642  228 1239   48.33922   31.84921  34.1%  64.8 1382s
 909556 740148   43.29695  219  720   48.33922   31.85252  34.1%  64.8 1387s
 912600 742957   37.23834   68  784   48.33922   31.85252  34.1%  64.9 1393s
 916023 745144   40.45117  265  671   48.33922   31.85252  34.1%  64.8 1397s
 918699 747757   43.03189  484  480   48.33922   31.85252  34.1%  64.9 1402s
 921764 750627   47.10110  692  353   48.33922   31.85252  34.1%  64.9 1408s
 925011 753696   37.94689   73  610   48.33922   31.85252  34.1%  64.9 1411s
 928569 757224   41.14153  256  512   48.33922   31.85252  34.1%  64.9 1415s
 932615 760123   47.34775  484  350   48.33922   31.85827  34.1%  64.8 1420s
 939398 765671   36.50283   59  674   48.33922   31.85827  34.1%  64.8 1429s
 942880 768169   41.83805  249  542   48.33922   31.85827  34.1%  64.8 1434s
 945739 771899   44.97435  402  401   48.33922   31.85827  34.1%  64.7 1440s
 949969 774945   34.94246   70  671   48.33922   31.85827  34.1%  64.6 1445s
 957580 782017   39.64161  199  752   48.33922   31.85827  34.1%  64.6 1452s
 961164 785468   41.45603  242  729   48.33922   31.85827  34.1%  64.5 1457s
 964770 788475   44.23074  337  612   48.33922   31.85827  34.1%  64.5 1461s
 968002 791483   45.85931  406  568   48.33922   31.85827  34.1%  64.4 1465s
 974685 799060   37.29247   60  686   48.33922   31.86555  34.1%  64.3 1474s
 979826 801844   42.35689  253  503   48.33922   31.86555  34.1%  64.2 1478s
 982873 804717   46.31800  384  396   48.33922   31.87044  34.1%  64.1 1481s
 989073 809935   37.05496  129  617   48.33922   31.87044  34.1%  63.9 1487s
 991680 812562   39.64407  196  557   48.33922   31.87044  34.1%  63.8 1491s
 994660 815436   40.61966  277  514   48.33922   31.87044  34.1%  63.7 1495s
 1000753 821404   42.35130  452  396   48.33922   31.87044  34.1%  63.6 1501s

Resetting heuristic parameters to focus on improving solution
(using Heuristics=0.5 and RINS=10)...

 1004487 822036   45.79063  612  352   48.33922   31.87044  34.1%  63.5 1506s
 1005482 822201   47.51013  624  388   48.33922   31.87044  34.1%  63.5 1516s
 1005700 828034   47.65006  627  383   48.33922   31.87487  34.1%  63.6 1538s
H1006830 828034                      48.3392193   31.87604  34.1%  63.6 1538s
H1006857 828034                      48.3392191   31.87604  34.1%  63.6 1538s
H1010491 828034                      48.3392189   31.88183  34.0%  63.9 1539s
H1010799 828034                      48.3392187   31.88307  34.0%  63.9 1539s
H1011020 828034                      48.3392175   31.88381  34.0%  63.9 1539s
 1015198 828148   43.10885   41 1002   48.33922   31.88533  34.0%  64.1 1548s
H1015244 828148                      48.3392175   31.88533  34.0%  64.1 1548s
 1015344 829787   44.79620   43  831   48.33922   31.88640  34.0%  64.1 1558s
H1017663 829787                      48.3392174   31.88640  34.0%  64.2 1558s
 1017856 829899   45.57050   52  841   48.33922   31.88640  34.0%  64.2 1568s
H1017919 829899                      48.3392174   31.88640  34.0%  64.2 1568s
H1017922 829899                      48.3392174   31.88640  34.0%  64.2 1568s
 1018046 831426   45.57050   54  840   48.33922   31.88740  34.0%  64.2 1579s
H1018844 831426                      48.3392173   31.88740  34.0%  64.3 1579s
 1020748 831538   40.68893   41  811   48.33922   31.88740  34.0%  64.4 1590s
H1020750 831538                      48.3392172   31.88740  34.0%  64.4 1590s
 1020945 833243   41.42344   42  807   48.33922   31.88845  34.0%  64.4 1602s
H1022243 833243                      48.3392172   31.88937  34.0%  64.5 1602s
 1023683 833361   45.33800   41 1388   48.33922   31.88937  34.0%  64.5 1610s
 1023878 835557   45.33800   42 1387   48.33922   31.88937  34.0%  64.5 1623s
H1024359 835557                      48.3392172   31.88937  34.0%  64.6 1623s
H1024711 835557                      48.3392157   31.88937  34.0%  64.6 1623s
 1027251 835698   41.70244   58  785   48.33922   31.88937  34.0%  64.7 1633s
 1027479 840624   41.17654   59  845   48.33922   31.88937  34.0%  64.7 1647s
H1035325 840676                      48.3392155   31.89165  34.0%  65.1 1652s
H1035328 840676                      48.3392153   31.89165  34.0%  65.1 1652s
 1035401 861583     cutoff   77        48.33922   31.89231  34.0%  65.1 1798s
H1036921 861583                      48.3392137   31.89231  34.0%  65.2 1798s
H1038068 860386                      48.3201604   31.89231  34.0%  65.2 1798s
 1067433 860401   44.65451   54 1187   48.32016   31.89231  34.0%  66.9 1800s

Explored 1067472 nodes (71468868 simplex iterations) in 1800.03 seconds (2691.11 work units)
Thread count was 32 (of 96 available processors)

Solution count 10: 48.3202 48.3392 48.3392 ... 48.7486

Time limit reached
Best objective 4.832016041769e+01, best bound 3.189230976013e+01, gap 33.9979%
