
Gurobi 9.5.1 (linux64) logging started Wed 10 Aug 2022 06:03:46 PM MST

Set parameter LogFile to value "/home/local/ASUAD/kmajd1/NNRepLayer_v2/demos/walking_example/dynamic_constraint/repair_net_relaxed/logs/opt8_log_8_10_2022_14_29_12.log"
Gurobi Optimizer version 9.5.1 build v9.5.1rc2 (linux64)
Thread count: 48 physical cores, 96 logical processors, using up to 32 threads
Optimize a model with 12558 rows, 9048 columns and 186204 nonzeros
Model fingerprint: 0x1908bb5f
Model has 270 quadratic objective terms
Variable types: 6078 continuous, 2970 integer (2970 binary)
Coefficient statistics:
  Matrix range     [7e-04, 2e+02]
  Objective range  [3e-03, 1e+00]
  QObjective range [7e-02, 7e-02]
  Bounds range     [2e-03, 2e+02]
  RHS range        [3e-04, 2e+02]
Presolve removed 672 rows and 132 columns
Presolve time: 0.20s
Presolved: 11886 rows, 8916 columns, 185401 nonzeros
Presolved model has 270 quadratic objective terms
Variable types: 5946 continuous, 2970 integer (2970 binary)
Root relaxation presolve removed 2969 rows and 2969 columns
Root relaxation presolved: 8917 rows, 5947 columns, 176494 nonzeros
Root relaxation presolved model has 270 quadratic objective terms


Root relaxation: objective 2.492567e+01, 6650 iterations, 0.36 seconds (0.90 work units)

    Nodes    |    Current Node    |     Objective Bounds      |     Work
 Expl Unexpl |  Obj  Depth IntInf | Incumbent    BestBd   Gap | It/Node Time

     0     0   24.92567    0  507          -   24.92567      -     -    0s
     0     0   25.29413    0  507          -   25.29413      -     -    2s
H    0     0                     743.6611784   25.29413  96.6%     -    4s
H    0     0                     663.3754321   25.29413  96.2%     -    4s
     0     2   25.29413    0  507  663.37543   25.29413  96.2%     -    4s
     1     3   31.49854    1  776  663.37543   25.37476  96.2%  1223   10s
H   48    60                     604.5885827   30.52227  95.0%   620   13s
H   49    60                     592.6624888   30.52227  94.8%   609   13s
H   50    60                     591.5965341   30.52227  94.8%   597   13s
H   52    60                     589.6705107   30.52227  94.8%   575   13s
H   58    60                     581.3751039   30.52227  94.7%   555   13s
H   74    60                     581.0192347   30.52227  94.7%   452   13s
    80    84   45.95458    7  882  581.01923   30.52227  94.7%   431   15s
H  112   108                      94.0556434   30.52227  67.5%   351   18s
H  113   108                      93.8487160   30.52227  67.5%   348   18s
H  115   108                      93.7631136   30.52227  67.4%   345   18s
H  127   108                      93.6635072   30.52227  67.4%   325   18s
   863   864   46.32671   24  867   93.66351   30.56800  67.4%   100   20s
  1216  1145   46.34076   36  852   93.66351   30.56800  67.4%  78.6   25s
H 1224  1145                      93.6635072   30.56800  67.4%  78.2   25s
  1249  1176   46.34076   37  851   93.66351   30.56800  67.4%  77.2   32s
H 1250  1176                      71.9116757   30.56800  57.5%  77.1   32s
H 1273  1176                      67.3427189   30.56800  54.6%  76.1   32s
  2806  2705   46.47497   84  797   67.34272   30.56800  54.6%  50.4   35s
  5664  5337   46.67151  175  710   67.34272   30.56800  54.6%  35.1   40s
 11346 10441   48.09631  372  546   67.34272   30.56800  54.6%  24.8   45s
H14641  8447                      54.1155732   30.56800  43.5%  24.0   64s
 14642  8393   44.94816  185  507   54.11557   30.56800  43.5%  24.0   65s
 14647  8398   34.06222   14  874   54.11557   30.56800  43.5%  24.5   78s
 14756  8485   41.79807   21  785   54.11557   30.56800  43.5%  25.8   82s
H14767  8061                      53.3212848   30.56800  42.7%  25.9   82s
 15702  8558   43.26470   53  769   53.32128   30.56800  42.7%  26.5   85s
H15816  8147                      53.3212848   30.56800  42.7%  26.4   87s
 16804  8654   43.31758   91  725   53.32128   30.56800  42.7%  26.6   90s
 21337 11275   45.44503  249  725   53.32128   30.56800  42.7%  25.6   95s
 27490 14944   45.85864  485  497   53.32128   30.56800  42.7%  23.6  100s
 29502 18059   45.90375  564  433   53.32128   30.56800  42.7%  23.2  107s
 33677 18813   46.43600  711  384   53.32128   30.56800  42.7%  25.2  110s
 37876 20659   48.82060  876  445   53.32128   30.56800  42.7%  26.6  115s
H39598 21647                      53.3212847   30.56800  42.7%  27.9  129s
H39608 21647                      53.3212847   30.56800  42.7%  27.9  129s
H39610 20790                      53.1360419   30.56800  42.5%  27.9  129s
 39636 21565   51.30930  976  484   53.13604   30.56800  42.5%  28.0  130s
 41606 23131   52.87835 1009  484   53.13604   30.56800  42.5%  30.0  137s
 43739 24974   33.83397   49  773   53.13604   30.56800  42.5%  30.9  144s
 44668 26176   46.50476   74  830   53.13604   30.56800  42.5%  31.2  146s
 47393 28480     cutoff  153        53.13604   30.56800  42.5%  32.1  150s
 50111 30921   42.58804   26  939   53.13604   30.56800  42.5%  33.2  155s
 53109 33838   52.93455  115  823   53.13604   30.83598  42.0%  34.0  160s
 59066 41438   40.95953  246  843   53.13604   30.96362  41.7%  36.2  167s
 62721 41540   46.78873  395  907   53.13604   30.96362  41.7%  37.0  171s
 64566 44612   51.31487  452  865   53.13604   30.96362  41.7%  38.1  177s
 68174 48371   34.04229   46  753   53.13604   31.06130  41.5%  39.6  183s
 70257 50199   34.59760   93  777   53.13604   31.06130  41.5%  39.9  186s
 74986 54982   38.41009  239  795   53.13604   31.06130  41.5%  41.5  190s
 80109 58427   40.70476  315  666   53.13604   31.06130  41.5%  43.4  196s
 81769 60425   42.90410  330  782   53.13604   31.06130  41.5%  44.1  200s
 84117 62276   43.51166  349  771   53.13604   31.06130  41.5%  45.3  205s
 88965 68622   45.52223  398  744   53.13604   31.06130  41.5%  47.2  214s
 93410 70953   47.38673  429  765   53.13604   31.06130  41.5%  48.3  217s
 96339 73540   47.88116  452  725   53.13604   31.06130  41.5%  49.2  222s
 99288 76418   48.44853  533  694   53.13604   31.06130  41.5%  49.6  226s
 102286 79336   49.35267  591  653   53.13604   31.06130  41.5%  50.1  230s
 108806 85303   51.72710  644  636   53.13604   31.06130  41.5%  52.1  237s
 112242 85808   52.44204  758  615   53.13604   31.06130  41.5%  52.8  240s
 115132 90985   36.88778  125  547   53.13604   31.20767  41.3%  54.3  250s
 118525 94444   39.27124  261  446   53.13604   31.20767  41.3%  55.0  257s
 122315 97131   45.75166  413  363   53.13604   31.20767  41.3%  55.6  263s
 125384 99952   46.34892  541  296   53.13604   31.20767  41.3%  56.2  269s
 128606 101536   47.34937  672  246   53.13604   31.20767  41.3%  56.6  274s
 130543 104428   48.83751  756  221   53.13604   31.20767  41.3%  56.9  279s
 133851 106897   49.55355  870  187   53.13604   31.20767  41.3%  57.3  285s
 137157 109734   49.84840  998  145   53.13604   31.20767  41.3%  57.7  291s
 140450 112387   50.59962 1102  100   53.13604   31.20767  41.3%  58.0  297s
 143647 116474   52.05114 1221   72   53.13604   31.23211  41.2%  58.2  300s
 148434 121129   35.03742   45  715   53.13604   31.23211  41.2%  58.3  305s
 156706 126090   45.93255   61  629   53.13604   32.03896  39.7%  58.3  312s
 159703 128571   48.52805  149  590   53.13604   32.03896  39.7%  58.2  316s
 166078 134631   40.56590  139  876   53.13604   32.29336  39.2%  58.1  322s
 169443 136856   46.81031  303  924   53.13604   32.29336  39.2%  58.1  326s
 172171 139091   52.97920  435  806   53.13604   32.30452  39.2%  58.3  330s
 175912 142518   48.28348  191  995   53.13604   32.37248  39.1%  58.5  338s
 179117 147571   35.66855  103  799   53.13604   32.37248  39.1%  58.6  342s
 184731 150032   48.84543  290  775   53.13604   32.37248  39.1%  58.2  345s
 191041 156550   44.96756  140  763   53.13604   32.40409  39.0%  57.6  351s
 198034 163074   45.02460  139  684   53.13604   32.40409  39.0%  56.9  358s
 201491 165626   50.33672  290  570   53.13604   32.44038  38.9%  56.5  361s
 207164 170152   49.73951  183  863   53.13604   32.44038  38.9%  56.2  368s
 209713 173290   37.37678   55  714   53.13604   32.44038  38.9%  56.1  374s
 213582 176481   53.07850  193  758   53.13604   32.44038  38.9%  56.0  379s
 217210 180441   38.52819  114  636   53.13604   32.46315  38.9%  55.9  382s
 221538 183645   38.17046  209  661   53.13604   32.46315  38.9%  55.7  385s
 227572 189239   41.25553  344  617   53.13604   32.46315  38.9%  55.9  391s
 231058 191903   43.35000  384  588   53.13604   32.46315  38.9%  55.8  395s
 236635 196590   46.87800  436  584   53.13604   32.46315  38.9%  56.0  403s
 239210 199349   48.90225  461  596   53.13604   32.46315  38.9%  56.3  408s
 242186 203020   50.30417  496  565   53.13604   32.46315  38.9%  56.4  414s
 246237 205954   51.31062  566  525   53.13604   32.46315  38.9%  56.5  419s
 249675 208446   52.24193  623  492   53.13604   32.46315  38.9%  56.5  424s
 252684 211550   32.46315   59  639   53.13604   32.46315  38.9%  56.7  429s
 256243 216006   44.18034  212  926   53.13604   32.46315  38.9%  56.5  432s
 261160 218504   51.16514  411  734   53.13604   32.46315  38.9%  56.2  436s
 264252 222012   38.79741  118  597   53.13604   32.52587  38.8%  56.2  440s
 268082 225435   48.12785  278  700   53.13604   32.52587  38.8%  56.1  445s
 271698 228984   52.94828  404  740   53.13604   32.56568  38.7%  55.9  450s
 278616 232307   52.50412  168  900   53.13604   32.57388  38.7%  55.8  458s
H278669 232307                      53.1360415   32.57388  38.7%  55.8  458s
H278687 230880                      53.0282344   32.57388  38.6%  55.8  458s
H278733 230165                      52.9990379   32.57388  38.5%  55.9  458s
H279175 228012                      52.9112377   32.57388  38.4%  55.9  458s
 279727 231015     cutoff  180        52.91124   32.57408  38.4%  56.0  462s
 283021 232013   41.48472  192  992   52.91124   32.57408  38.4%  56.2  466s
 284064 234953   43.34658  247  936   52.91124   32.57408  38.4%  56.2  471s
 287633 237374   50.22297  461  817   52.91124   32.57727  38.4%  56.4  476s
 290658 239703   36.97135   58  585   52.91124   32.57727  38.4%  56.8  480s
 296371 244381   37.41046  124  518   52.91124   32.57727  38.4%  57.8  488s
 299263 246754   38.31716  162  511   52.91124   32.57727  38.4%  58.2  494s
 302177 249400   38.71046  197  479   52.91124   32.57727  38.4%  58.6  499s
 305404 252104   39.36300  232  480   52.91124   32.57727  38.4%  58.9  505s
 308928 254646   39.44351  260  457   52.91124   32.57727  38.4%  59.2  511s
 312212 257225   41.29054  296  440   52.91124   32.57727  38.4%  59.5  516s
 315211 260792   41.91678  326  417   52.91124   32.57727  38.4%  59.6  521s
 319324 263602   43.48830  374  397   52.91124   32.57727  38.4%  59.6  527s
 322756 266366   44.13853  407  376   52.91124   32.57727  38.4%  59.8  532s
 326257 269064   44.92722  442  357   52.91124   32.57727  38.4%  59.9  537s
 329491 271670   47.17690  483  332   52.91124   32.57727  38.4%  60.0  542s
 332775 274347   48.52952  533  316   52.91124   32.57727  38.4%  60.0  547s
 336061 277749   49.58758  570  304   52.91124   32.57727  38.4%  60.1  552s
 339867 280255   50.18084  614  288   52.91124   32.57727  38.4%  60.0  557s
 342708 283175   50.52082  647  270   52.91124   32.58547  38.4%  60.0  562s
 346187 286121   36.76623   61  729   52.91124   32.58547  38.4%  59.9  566s
 349679 288486   46.56216  238  889   52.91124   32.58547  38.4%  59.9  571s
 352607 291030   32.61822   51  662   52.91124   32.58547  38.4%  60.0  576s
 355617 293722   40.78388  151  565   52.91124   32.58547  38.4%  60.1  581s
 358664 297019   45.19282  267  493   52.91124   32.58547  38.4%  60.2  586s
 362252 299814   48.40934  394  440   52.91124   32.58547  38.4%  60.1  591s
 365413 302151   51.75536  504  339   52.91124   32.58547  38.4%  60.1  596s
 368106 304706   52.28368  592  304   52.91124   32.59522  38.4%  60.2  600s
 371154 307420   32.64113   52  686   52.91124   32.59522  38.4%  60.3  605s
 374275 310221   40.62624  146  578   52.91124   32.59522  38.4%  60.3  610s
 377538 313539   44.64624  247  500   52.91124   32.59522  38.4%  60.2  615s
 381420 316430   48.11964  371  436   52.91124   32.59522  38.4%  60.1  620s
 388531 322058   52.43197  596  301   52.91124   32.60498  38.4%  59.8  630s
 391797 325247   36.75556   63  540   52.91124   32.60498  38.4%  59.9  635s
 398558 330190   49.85194  278  779   52.91124   32.60498  38.4%  60.0  644s
 401185 332776     cutoff  376        52.91124   32.60498  38.4%  60.1  649s
 404180 335340   40.35413   73  755   52.91124   32.60498  38.4%  60.2  654s
 407126 337950     cutoff  103        52.91124   32.60498  38.4%  60.3  659s
 410207 340450   51.40467  136  700   52.91124   32.60498  38.4%  60.4  664s
 413246 343831   42.44272   98 1028   52.91124   32.60498  38.4%  60.5  668s
 417163 346166   51.91108  255 1290   52.91124   32.60498  38.4%  60.5  672s
 420102 349080   35.33573   69  604   52.91124   32.60987  38.4%  60.6  677s
 423371 352491   39.98109  130  617   52.91124   32.60987  38.4%  60.7  682s
 426894 355891   42.58061  206  630   52.91124   32.60987  38.4%  60.7  685s
 433817 361302   47.16442  269  620   52.91124   32.60987  38.4%  60.7  693s
 436799 363632   49.31650  331  603   52.91124   32.60987  38.4%  60.7  698s
 439582 366705   50.03206  360  606   52.91124   32.60987  38.4%  60.7  702s
 443067 366734   51.91658  393  596   52.91124   32.60987  38.4%  60.8  747s
H443073 366734                      52.9112376   32.60987  38.4%  60.8  748s
H443075 364932                      52.8590594   32.60987  38.3%  60.8  748s
H443076 353533                      52.5663857   32.60987  38.0%  60.8  748s
 443100 354236     cutoff  392        52.56639   32.60987  38.0%  60.8  751s
H443190 354236                      52.5663853   32.60987  38.0%  60.8  751s
 443978 357146   52.53517  398  569   52.56639   32.60987  38.0%  60.8  757s
 447334 358053   41.12717  137  745   52.56639   32.60987  38.0%  60.8  761s
 448476 361248   43.00204  173  924   52.56639   32.60987  38.0%  60.8  766s
 452111 364291   47.83044  288  906   52.56639   32.60987  38.0%  60.7  773s
 455950 367050   52.51216  413  773   52.56639   32.62006  37.9%  60.7  778s
 459171 369824   36.39990   80  686   52.56639   32.62006  37.9%  60.7  783s
 462416 372722   40.20968  151  719   52.56639   32.62006  37.9%  60.7  788s
 465734 375234   42.75631  220  710   52.56639   32.62006  37.9%  60.6  793s
 468641 378073   44.42784  309  644   52.56639   32.62006  37.9%  60.7  798s
 471825 381120   45.84973  403  606   52.56639   32.62006  37.9%  60.7  803s
 475124 384082   47.66728  454  574   52.56639   32.62006  37.9%  60.7  808s
 478486 387144   50.00566  516  531   52.56639   32.62006  37.9%  60.7  814s
 481917 389388   51.70257  565  535   52.56639   32.62006  37.9%  60.6  819s
 484604 393294   32.62006   43  619   52.56639   32.62006  37.9%  60.7  827s
 488954 396807   37.39464  110  576   52.56639   32.62006  37.9%  60.7  833s
 492856 399927   39.66353  163  590   52.56639   32.62006  37.9%  60.6  838s
 496311 403241   41.07576  225  598   52.56639   32.62006  37.9%  60.6  844s
 500066 406546   41.45697  268  590   52.56639   32.62006  37.9%  60.5  849s
 503835 409302   43.71813  301  564   52.56639   32.62006  37.9%  60.4  854s
 507290 411993   46.07457  346  529   52.56639   32.62006  37.9%  60.3  858s
 510250 415654   46.38511  350  513   52.56639   32.62006  37.9%  60.3  863s
 514321 419748   47.30720  398  492   52.56639   32.62006  37.9%  60.1  870s
 522083 426819   50.03185  484  492   52.56639   32.62006  37.9%  59.9  877s
 526377 430447   52.26040  527  481   52.56639   32.64624  37.9%  59.7  880s
 533576 436176   38.73253   78  607   52.56639   32.64624  37.9%  59.5  887s
 536561 438488   39.96828  120  580   52.56639   32.64624  37.9%  59.4  891s
 542030 444129   42.20389  204  623   52.56639   32.64624  37.9%  59.4  898s
 545212 448910   42.85511  260  605   52.56639   32.64624  37.9%  59.3  905s
 553581 455124   45.11993  342  558   52.56639   32.64624  37.9%  58.9  912s
 556888 457703   45.49264  348  554   52.56639   32.64624  37.9%  58.8  916s
 559709 460610   46.12496  399  531   52.56639   32.64624  37.9%  58.7  920s
 566646 466836   48.38325  461  511   52.56639   32.64624  37.9%  58.5  925s
 572610 472429   50.15898  524  484   52.56639   32.64624  37.9%  58.4  932s
 575996 476003   51.83163  556  530   52.56639   32.64624  37.9%  58.3  939s
 579890 478588     cutoff  609        52.56639   32.64624  37.9%  58.3  943s
 582865 481693   41.21759  141  767   52.56639   32.64624  37.9%  58.4  949s
 586299 486031   45.33984  252  793   52.56639   32.64624  37.9%  58.4  952s
 591020 488686   51.68598  460  673   52.56639   32.65743  37.9%  58.2  955s
 598246 495860   43.55400  150  545   52.56639   32.65743  37.9%  58.0  963s
 601716 498356   48.83182  229  504   52.56639   32.65743  37.9%  57.9  967s
 604622 501621   52.15651  297  470   52.56639   32.67096  37.8%  57.8  971s
 608142 506300   42.43743  142  809   52.56639   32.67096  37.8%  57.8  977s
 613321 508867   51.55121  376  701   52.56639   32.67293  37.8%  57.6  981s
 619281 514521   41.58903  146  757   52.56639   32.67293  37.8%  57.5  988s
 622546 517040   45.33151  219  979   52.56639   32.67293  37.8%  57.4  992s
 625509 519749   49.76642  294  879   52.56639   32.67293  37.8%  57.4  996s
 631609 525277   42.32874   95  696   52.56639   32.67729  37.8%  57.4 1002s
 634306 528385   48.90965  156  829   52.56639   32.68314  37.8%  57.4 1006s
 637672 532625   34.03975   50  705   52.56639   32.68337  37.8%  57.4 1012s
 642166 535570   44.84084  229 1045   52.56639   32.68337  37.8%  57.3 1016s
 645272 538578   50.75718  395  796   52.56639   32.68786  37.8%  57.3 1020s
 651697 544974   39.88206  143  615   52.56639   32.68786  37.8%  57.1 1029s
 655125 548237   43.52197  232  530   52.56639   32.68786  37.8%  57.0 1033s
 658714 550488   45.44606  326  485   52.56639   32.68786  37.8%  56.9 1036s
 661272 553554   46.35904  384  454   52.56639   32.68786  37.8%  56.8 1040s
 668284 560201   52.29388  625  268   52.56639   32.69048  37.8%  56.7 1048s
 672048 563395   41.43882  139  800   52.56639   32.69048  37.8%  56.8 1053s
 675432 566287   48.45355  323  835   52.56639   32.69048  37.8%  56.8 1057s
 678666 568534     cutoff  511        52.56639   32.69537  37.8%  56.9 1062s
 681227 570661   40.91682   83  656   52.56639   32.69543  37.8%  57.0 1067s
 683729 571356   35.31840   57  625   52.56639   32.69543  37.8%  57.1 1071s
H683894 571356                      52.5663853   32.69543  37.8%  57.1 1071s
 684505 573749   36.36164   82  626   52.56639   32.69543  37.8%  57.1 1077s
 687451 575344   41.96532  198  527   52.56639   32.69543  37.8%  57.2 1081s
H687518 575344                      52.5663853   32.69543  37.8%  57.2 1082s
 689204 577316   43.05513  248  504   52.56639   32.69543  37.8%  57.2 1087s
 691360 580970   43.95735  316  467   52.56639   32.69543  37.8%  57.2 1094s
 695566 583942   49.01537  471  361   52.56639   32.69543  37.8%  57.2 1100s
 698844 586965   49.88644  594  294   52.56639   32.69543  37.8%  57.3 1105s
 706439 594487   50.69100  955  194   52.56639   32.69543  37.8%  57.2 1112s
 710486 597481   51.64638 1100  145   52.56639   32.69543  37.8%  57.1 1116s
 713859 600141   52.34664 1236  117   52.56639   32.69543  37.8%  57.1 1120s
 719880 604826   51.35250  163 1058   52.56639   32.69543  37.8%  57.0 1128s
 722654 606967   52.55152  183 1126   52.56639   32.69644  37.8%  57.0 1133s
 725083 610520   39.75620   63  886   52.56639   32.69949  37.8%  57.0 1136s
 729223 613533   32.70968   57  694   52.56639   32.69949  37.8%  56.9 1141s
 732881 616267     cutoff  192        52.56639   32.69949  37.8%  57.0 1145s
 735995 619381   36.86721   73  620   52.56639   32.69949  37.8%  57.0 1150s
 742858 623648   51.29146  370  675   52.56639   32.69949  37.8%  57.0 1156s
 745195 625845   37.83398   67  826   52.56639   32.69949  37.8%  57.2 1161s
 747807 628040   47.94728  166  903   52.56639   32.69949  37.8%  57.4 1166s
 750801 630982     cutoff  249        52.56639   32.69949  37.8%  57.4 1171s
 754534 633897   45.44045  135  740   52.56639   32.71319  37.8%  57.4 1176s
 758296 637593   52.45448  228  763   52.56639   32.71319  37.8%  57.4 1182s
 762695 639637     cutoff  265        52.56639   32.72462  37.7%  57.3 1185s
 768866 646361   50.06790  253  692   52.56639   32.72752  37.7%  57.3 1193s
 772333 649368   39.10284  134  617   52.56639   32.72752  37.7%  57.2 1197s
 775651 651881   45.17040  226  767   52.56639   32.72752  37.7%  57.2 1201s
 778537 654994   33.23490   93  640   52.56639   32.72752  37.7%  57.2 1206s
 781805 657930   41.22877  169  696   52.56639   32.72752  37.7%  57.2 1210s
 787838 663573   50.37889  363  715   52.56639   32.72752  37.7%  57.2 1220s
 791161 666456   39.77507  101  595   52.56639   32.72752  37.7%  57.2 1225s
 798875 673996   43.78589  180  741   52.56639   32.72752  37.7%  57.2 1231s
 803234 676230   52.32259  351  711   52.56639   32.73440  37.7%  57.1 1235s
 808944 680830   48.78200  234  804   52.56639   32.73440  37.7%  57.1 1243s
 811476 683490   51.63718  294  772   52.56639   32.73611  37.7%  57.1 1246s
 814735 685574   36.23601   76  643   52.56639   32.73611  37.7%  57.2 1250s
 817123 688254   37.36068  112  575   52.56639   32.74306  37.7%  57.4 1256s
 820035 690536   38.09745  153  554   52.56639   32.74306  37.7%  57.5 1261s
 822607 694087   39.96521  201  521   52.56639   32.74306  37.7%  57.7 1267s
 826335 697037   44.12102  262  503   52.56639   32.74306  37.7%  57.8 1274s
 829681 699641   47.58370  319  468   52.56639   32.74306  37.7%  57.9 1279s
 832777 702305   48.49746  371  428   52.56639   32.74306  37.7%  58.0 1284s
 835747 705199   48.83086  416  408   52.56639   32.74306  37.7%  58.1 1290s
 839182 708254   50.82173  468  399   52.56639   32.74306  37.7%  58.2 1296s
 842726 711265     cutoff  506        52.56639   32.74306  37.7%  58.3 1302s
 846279 711284   48.19950  180  786   52.56639   32.74306  37.7%  58.3 1333s
H846280 706486                      52.4834830   32.74306  37.6%  58.3 1333s
H846286 696158                      52.3574855   32.74306  37.5%  58.3 1333s
H846297 694443                      52.3390739   32.74306  37.4%  58.3 1333s
H846298 686788                      52.2433882   32.74306  37.3%  58.3 1333s
 846321 714661   48.31154  181  784   52.24339   32.74306  37.3%  58.3 1392s
 878353 715749   49.95393  409  557   52.24339   32.74306  37.3%  58.6 1398s
 879777 723412   50.45808  451  526   52.24339   32.74306  37.3%  58.6 1410s
 888457 727240   44.23591  156  704   52.24339   32.74443  37.3%  58.4 1415s
 892701 730557   51.98473  363  679   52.24339   32.74443  37.3%  58.3 1420s
 896323 733010   38.89837  136  557   52.24339   32.75603  37.3%  58.2 1425s
 899245 735449   43.62999  238  492   52.24339   32.75603  37.3%  58.2 1430s
H902313 736974                      52.2433881   32.75603  37.3%  58.2 1434s
 903557 739100   46.49511  426  397   52.24339   32.75603  37.3%  58.2 1438s
H904560 739040                      52.2425838   32.75603  37.3%  58.1 1438s
 905786 741751   49.15354  509  356   52.24258   32.75603  37.3%  58.1 1442s
 908922 745458   50.39748  611  278   52.24258   32.75603  37.3%  58.0 1448s
 913188 748282   51.67788  844  212   52.24258   32.75603  37.3%  58.0 1452s
 916341 752345   35.06445   39  569   52.24258   32.75603  37.3%  57.9 1455s
 923341 756564   50.90326  324  763   52.24258   32.75946  37.3%  57.8 1462s
 925914 759548   38.21784   73  641   52.24258   32.75946  37.3%  57.9 1465s
 932995 766124   49.77542  391  408   52.24258   32.76528  37.3%  57.8 1472s
 936555 769458   35.80604   66  711   52.24258   32.76528  37.3%  57.8 1476s
 940097 773661   45.15088  211  756   52.24258   32.76528  37.3%  57.7 1483s
 944685 776238   34.33732   84  644   52.24258   32.76528  37.3%  57.6 1485s
 950955 782539   46.88157  108  759   52.24258   32.76528  37.3%  57.7 1492s
 954478 784974   52.02760  135  754   52.24258   32.76835  37.3%  57.6 1496s
 957290 787360   37.94886   84  618   52.24258   32.77827  37.3%  57.6 1500s

Resetting heuristic parameters to focus on improving solution
(using Heuristics=0.5 and RINS=10)...

 959918 788882   41.25017  141  553   52.24258   32.77827  37.3%  57.7 1505s
H959921 788882                      52.2425838   32.77827  37.3%  57.7 1506s
H959984 788882                      52.2425834   32.77827  37.3%  57.7 1506s
H960014 788882                      52.2425808   32.77827  37.3%  57.7 1506s
 961965 788956     cutoff  171        52.24258   32.77827  37.3%  57.8 1511s
H962059 785797                      52.2062472   32.77827  37.2%  57.8 1511s
 962081 785921     cutoff  174        52.20625   32.77827  37.2%  57.8 1516s
H962105 785921                      52.2062472   32.77827  37.2%  57.8 1516s
 962307 786030   47.45612  175  612   52.20625   32.77827  37.2%  57.8 1524s
 962454 790698   47.92862  176  628   52.20625   32.77827  37.2%  57.8 1539s
H962455 790698                      52.2062469   32.77827  37.2%  57.8 1539s
H962524 790698                      52.2062467   32.77827  37.2%  57.8 1539s
H962712 790698                      52.2062466   32.77925  37.2%  57.8 1539s
H962719 790698                      52.2062465   32.77925  37.2%  57.8 1539s
H963090 790698                      52.2062460   32.78256  37.2%  57.8 1539s
H965532 790087                      52.1985253   32.78352  37.2%  57.9 1539s
 968552 790154   52.01329  106  776   52.19853   32.78352  37.2%  58.1 1545s
H968620 790154                      52.1985250   32.78352  37.2%  58.2 1545s
 968672 794030     cutoff  108        52.19853   32.78454  37.2%  58.2 1554s
 974022 794099   52.09092  134  732   52.19853   32.78454  37.2%  58.5 1561s
H974024 794099                      52.1985250   32.78454  37.2%  58.5 1561s
H974039 793842                      52.1951000   32.78454  37.2%  58.5 1561s
H974042 793816                      52.1944945   32.78454  37.2%  58.5 1561s
H974099 793512                      52.1900198   32.78454  37.2%  58.5 1561s
H974108 793374                      52.1884006   32.78454  37.2%  58.5 1561s
 974113 802039     cutoff  135        52.18840   32.78454  37.2%  58.5 1756s
H974115 801702                      52.1853317   32.78454  37.2%  58.5 1756s
H974120 801697                      52.1852820   32.78454  37.2%  58.5 1756s
H974237 801018                      52.1784101   32.78454  37.2%  58.5 1756s
H974373 798915                      52.1556018   32.78454  37.1%  58.5 1757s
H974912 797635                      52.1414767   32.78454  37.1%  58.5 1757s
H981083 797475                      52.1390152   32.78454  37.1%  58.9 1757s
 986228 797961   39.15907   56  728   52.13902   32.78454  37.1%  59.3 1792s
H986274 797961                      52.1390152   32.78454  37.1%  59.3 1793s
H986326 797961                      52.1390152   32.78454  37.1%  59.3 1793s
 986923 801701   41.94401   66  679   52.13902   32.78454  37.1%  59.3 1800s

Explored 991984 nodes (59073268 simplex iterations) in 1800.07 seconds (2776.24 work units)
Thread count was 32 (of 96 available processors)

Solution count 10: 52.139 52.139 52.1415 ... 52.1945

Time limit reached
Best objective 5.213901516289e+01, best bound 3.278454437986e+01, gap 37.1209%
