
Gurobi 9.5.1 (linux64) logging started Wed 10 Aug 2022 06:34:16 PM MST

Set parameter LogFile to value "/home/local/ASUAD/kmajd1/NNRepLayer_v2/demos/walking_example/dynamic_constraint/repair_net_relaxed/logs/opt9_log_8_10_2022_14_29_12.log"
Gurobi Optimizer version 9.5.1 build v9.5.1rc2 (linux64)
Thread count: 48 physical cores, 96 logical processors, using up to 32 threads
Optimize a model with 12558 rows, 9048 columns and 186204 nonzeros
Model fingerprint: 0x20ce96bb
Model has 270 quadratic objective terms
Variable types: 6078 continuous, 2970 integer (2970 binary)
Coefficient statistics:
  Matrix range     [7e-04, 2e+02]
  Objective range  [3e-03, 1e+00]
  QObjective range [7e-02, 7e-02]
  Bounds range     [9e-03, 1e+02]
  RHS range        [3e-04, 2e+02]
Presolve removed 672 rows and 132 columns
Presolve time: 0.19s
Presolved: 11886 rows, 8916 columns, 185400 nonzeros
Presolved model has 270 quadratic objective terms
Variable types: 5946 continuous, 2970 integer (2970 binary)
Root relaxation presolve removed 2970 rows and 2970 columns
Root relaxation presolved: 8916 rows, 5946 columns, 176490 nonzeros
Root relaxation presolved model has 270 quadratic objective terms


Root relaxation: objective 2.478897e+01, 22344 iterations, 0.97 seconds (2.42 work units)

    Nodes    |    Current Node    |     Objective Bounds      |     Work
 Expl Unexpl |  Obj  Depth IntInf | Incumbent    BestBd   Gap | It/Node Time

     0     0   24.78897    0  549          -   24.78897      -     -    1s
     0     0   24.78897    0  549          -   24.78897      -     -    2s
H    0     0                     727.8830011   25.00586  96.6%     -    6s
H    0     0                      85.6604656   25.00586  70.8%     -    6s
     0     2   25.00586    0  549   85.66047   25.00586  70.8%     -    6s
    12    24   33.73064    4  713   85.66047   30.67030  64.2%   527   10s
H  112   132                      84.2734089   30.67030  63.6%   195   19s
H  113   132                      80.5401637   30.67030  61.9%   194   19s
H  115   132                      80.3306702   30.67030  61.8%   193   19s
H  123   132                      68.6331844   30.67030  55.3%   193   19s
H  127   132                      68.5935576   30.67030  55.3%   187   19s
   176   227   36.35170   10  855   68.59356   30.67030  55.3%   196   20s
H  300   320                      67.2984119   30.67030  54.4%   141   23s
   556   634   37.25549   23  838   67.29841   30.67030  54.4%   112   25s
  1356  1356   37.84559   46  823   67.29841   30.67030  54.4%  97.5   35s
H 1365  1356                      67.2984118   30.67030  54.4%  97.8   35s
H 1370  1356                      67.2984116   30.67030  54.4%  97.7   35s
H 1385  1356                      67.2984104   30.67030  54.4%  97.3   35s
  1388  1388   37.84559   47  822   67.29841   30.67030  54.4%  97.1   56s
H 1389  1388                      67.2617702   30.67030  54.4%  97.0   56s
H 1408  1388                      67.2617701   30.67030  54.4%  97.8   56s
  3000  3134   38.31015  107  774   67.26177   30.67030  54.4%  72.1   60s
  5277  5367   47.38161  188  742   67.26177   30.67030  54.4%  73.7   65s
  7847  7801   49.38503  260  704   67.26177   30.67030  54.4%  72.2   70s
 10049  9893   52.51668  307  701   67.26177   30.67030  54.4%  77.7   75s
H10540  9539                      62.5536661   30.67030  51.0%  76.7   88s
 10543  9533   42.74373   82  434   62.55367   30.67030  51.0%  76.7   91s
 10546  9537   30.68639   10  629   62.55367   30.67030  51.0%  78.6   96s
 10556  9551   33.73064   13  658   62.55367   30.67030  51.0%  79.2  100s
H10586  9116                      62.5536661   31.32213  49.9%  79.4  103s
H10593  8661                      62.5536661   31.32584  49.9%  79.9  103s
H10611  8224                      62.5536657   31.48323  49.7%  80.4  103s
 10650  8273     cutoff   16        62.55367   31.48323  49.7%  80.7  107s
H10655  7863                      62.3656009   31.48323  49.5%  80.8  107s
H10678  7466                      62.0663373   31.48323  49.3%  80.9  107s
 10682  7497   37.08783   17  733   62.06634   31.48323  49.3%  81.0  112s
 10983  7733     cutoff   21        62.06634   31.48323  49.3%  82.2  115s
 11713  8167   38.54655   32  737   62.06634   31.48323  49.3%  86.4  122s
 12611  8823   39.50876   44  736   62.06634   31.48323  49.3%  86.6  125s
 16232 11290   44.35259   82  715   62.06634   31.48323  49.3%  81.5  130s
 21235 14436   45.49031  126  686   62.06634   31.48323  49.3%  72.7  135s
 23566 15920   59.33070  145  667   62.06634   31.48323  49.3%  71.7  140s
H24233 15361                      62.0663371   31.48323  49.3%  71.1  142s
 25567 16783   39.82920   27  908   62.06634   31.48323  49.3%  70.2  145s
 29007 19557   48.86428   86  847   62.06634   31.48323  49.3%  69.0  151s
 32031 20918   51.11687  156  812   62.06634   31.48323  49.3%  68.2  156s
 34867 23810   53.11144  245  754   62.06634   31.48323  49.3%  67.6  161s
 39612 28498   54.81335  372  692   62.06634   31.48323  49.3%  66.5  165s
H43169 30818                      62.0597718   31.48323  49.3%  66.0  168s
 43625 31839   56.06539  437  643   62.05977   31.48323  49.3%  66.1  170s
 47331 35433   57.04131  496  605   62.05977   31.48323  49.3%  67.1  177s
 50475 38999   57.81914  599  512   62.05977   31.48323  49.3%  66.8  180s
 54835 42879   58.86587  724  420   62.05977   31.48323  49.3%  65.6  185s
 57651 45862   59.49664  767  406   62.05977   31.48323  49.3%  65.5  190s
H63138 48819                      62.0597718   31.48323  49.3%  64.0  197s
H63155 48819                      62.0597716   31.48323  49.3%  64.0  197s
H63161 48819                      62.0597716   31.48323  49.3%  64.0  197s
 63171 50721   61.80093  816  423   62.05977   32.82419  47.1%  64.0  200s
 65226 50847   35.50697   18  903   62.05977   32.82419  47.1%  63.8  205s
 67596 55003   51.13820   50  890   62.05977   32.82419  47.1%  64.1  212s
 69876 57119   53.56746   78  864   62.05977   32.86379  47.0%  64.1  215s
 74299 61379   45.66466  113  951   62.05977   32.86379  47.0%  64.6  223s
 76681 63522   57.86950  190  942   62.05977   32.86379  47.0%  64.9  227s
 79011 66013     cutoff  283        62.05977   33.28783  46.4%  65.2  232s
 81708 68655   49.16807   84 1038   62.05977   33.28783  46.4%  65.2  236s
 84665 72770   55.16429  190 1042   62.05977   33.32954  46.3%  65.2  240s
 89054 76911   36.81231   31  935   62.05977   33.32954  46.3%  64.5  245s
 96232 82310   42.02186  100 1136   62.05977   33.38224  46.2%  64.6  254s
 99302 84526   48.59352  300  996   62.05977   33.38224  46.2%  64.4  258s
 101635 88781   52.42908  422  986   62.05977   33.38224  46.2%  64.1  261s
 109424 94473   61.84600  783  648   62.05977   33.65211  45.8%  63.3  268s
 112342 97114   44.40012  185  940   62.05977   33.65211  45.8%  63.6  273s
 115300 99989   51.87764  377  862   62.05977   33.65211  45.8%  63.7  277s
H118545 100105                      62.0597716   33.65211  45.8%  63.6  319s
H118547 100105                      62.0597715   33.65211  45.8%  63.6  319s
H118549 99915                      62.0235710   33.65211  45.7%  63.6  319s
H118630 81158                      58.3933837   33.65211  42.4%  63.5  320s
 118666 109229     cutoff  555        58.39338   34.03550  41.7%  63.5  379s
 150698 109446   58.06203  313  592   58.39338   34.12165  41.6%  63.6  387s
 150974 138230   58.25311  338  554   58.39338   34.15562  41.5%  63.6  448s
 182723 143320   49.97663  355  835   58.39338   34.22443  41.4%  63.4  454s
 188283 147003   52.28865  435  852   58.39338   34.22443  41.4%  63.4  457s
 192064 150206   53.24725  461  847   58.39338   34.22443  41.4%  63.1  460s
 198200 156091   56.44443  488  876   58.39338   34.22443  41.4%  63.0  465s
 204697 161361   55.99214  555  777   58.39338   34.22443  41.4%  62.8  471s
 210814 167942   57.57110  618  718   58.39338   34.22443  41.4%  62.4  476s
 214453 172609   57.92524  653  694   58.39338   34.23236  41.4%  62.1  481s
H215139 172075                      58.3326247   34.23236  41.3%  62.3  481s
 219766 175162   48.28446  117 1006   58.33262   34.23236  41.3%  62.0  487s
 223302 178449     cutoff  237        58.33262   34.23540  41.3%  61.9  490s
 230847 185093   53.76064  293 1034   58.33262   34.23540  41.3%  61.5  495s
 238387 192293   58.13590  526  863   58.33262   34.59226  40.7%  60.9  500s
 245858 201953   41.33968   87 1029   58.33262   34.60775  40.7%  60.0  510s
 255153 207015   45.33287  218  977   58.33262   34.60775  40.7%  59.0  517s
 257643 209290   46.98051  235 1022   58.33262   34.60775  40.7%  58.9  520s
 263573 215251   48.55567  334  950   58.33262   34.60775  40.7%  58.7  525s
 269622 220647   51.09877  465  863   58.33262   34.60775  40.7%  58.6  532s
 272463 223325   52.05865  564  780   58.33262   34.60775  40.7%  58.5  536s
 275369 227146   53.51042  591  762   58.33262   34.60775  40.7%  58.5  543s
 279576 231072   54.80402  654  748   58.33262   34.60775  40.7%  58.4  546s
 287330 237340   56.97792  740  637   58.33262   34.60775  40.7%  58.0  553s
 290595 240292   58.04506  822  596   58.33262   34.67330  40.6%  58.0  557s
 293915 242566   45.16052   81 1130   58.33262   34.72232  40.5%  57.8  561s
 296626 245059   39.33095   53  918   58.33262   34.76663  40.4%  57.8  565s
 303961 252956   53.18886  309  983   58.33262   34.76663  40.4%  57.5  571s
 307983 256458   57.33790  476  881   58.33262   34.78660  40.4%  57.2  577s
 312150 259139   51.73178   93 1080   58.33262   34.82375  40.3%  57.3  582s
 315217 262335   57.24573  180 1040   58.33262   34.82550  40.3%  57.4  585s
 321853 268064   45.06470  133  952   58.33262   34.86563  40.2%  57.8  593s
 325049 271174   47.75725  206  918   58.33262   34.86563  40.2%  57.8  598s
H325482 271174                      58.3326247   34.86563  40.2%  57.8  598s
H325680 271174                      58.3326242   34.86563  40.2%  57.9  598s
 328205 271206   49.43870  260  886   58.33262   34.86563  40.2%  57.8  604s
H328213 265359                      58.0839619   34.86563  40.0%  57.8  604s
 328237 268467   49.71402  261  909   58.08396   34.86563  40.0%  57.8  609s
 331486 268498   50.67142  373  797   58.08396   34.86563  40.0%  57.8  611s
H331489 268498                      58.0839618   34.86563  40.0%  57.8  612s
H331493 267516                      58.0398211   34.86563  39.9%  57.8  612s
 331519 270847   50.67142  374  796   58.03982   34.86563  39.9%  57.8  616s
H335020 270879                      58.0398206   34.86563  39.9%  57.8  619s
 335040 274000   52.84408  445  774   58.03982   34.86563  39.9%  57.8  624s
 338256 277465   55.48211  500  773   58.03982   34.86563  39.9%  57.8  630s
 342098 279751   57.37695  532  768   58.03982   34.86563  39.9%  57.8  635s
 344659 282939   57.67702  557  755   58.03982   34.86946  39.9%  57.9  641s
 348147 285868   48.00233   70 1493   58.03982   34.86946  39.9%  58.0  646s
 351484 288634   53.37727  173 1494   58.03982   34.86946  39.9%  58.0  651s
 354486 292459   57.39878  271 1630   58.03982   34.88744  39.9%  58.1  655s
 362642 298908   54.96920  358  884   58.03982   34.88878  39.9%  58.1  664s
 365838 301222   41.23248   33  675   58.03982   34.89774  39.9%  58.1  669s
 368474 305085   50.02151  145  726   58.03982   34.91236  39.8%  58.3  673s
 372757 307376   48.41057  119  938   58.03982   34.91953  39.8%  58.3  677s
 375560 309518   39.18834   49 1125   58.03982   34.91953  39.8%  58.5  681s
 377967 311618   44.45437   63 1304   58.03982   34.91953  39.8%  58.8  685s
 380574 314017   54.65573   89 1247   58.03982   34.93704  39.8%  59.0  690s
 383929 317258   43.62522   94  937   58.03982   34.93704  39.8%  59.3  699s
 387301 320577   50.86875  216 1032   58.03982   34.93704  39.8%  59.4  705s
 395274 327123   45.43868   79  998   58.03982   34.95275  39.8%  59.4  713s
 398431 330568   36.24278   38  838   58.03982   34.95392  39.8%  59.5  719s
 402108 333395   48.57037  157  952   58.03982   34.95392  39.8%  59.6  725s
 409536 339739   58.00991  479  834   58.03982   34.95896  39.8%  59.5  732s
 412496 341560   46.84653   59 1021   58.03982   34.97509  39.7%  59.7  737s
 414670 343702   52.83700  101 1014   58.03982   34.99526  39.7%  60.1  742s
 417271 346259   37.83502   37  964   58.03982   34.99959  39.7%  60.3  748s
 420189 349920   45.48456  158  959   58.03982   34.99959  39.7%  60.5  752s
 424407 353832   50.86330  391  684   58.03982   34.99959  39.7%  60.6  757s
 428665 357677   54.65192  625  499   58.03982   34.99959  39.7%  60.5  763s
 432803 360753   57.08629  828  359   58.03982   34.99959  39.7%  60.5  768s
 436119 363475   57.84439  991  266   58.03982   35.00991  39.7%  60.4  773s
 439172 366143   45.69356   74 1084   58.03982   35.01366  39.7%  60.5  778s
 442175 369873     cutoff  151        58.03982   35.02840  39.6%  60.5  782s
 446217 373471   53.45425  217  946   58.03982   35.03803  39.6%  60.4  785s
 453039 377982   49.85938  165  919   58.03982   35.03803  39.6%  60.4  793s
 455218 380148   57.51976  247  997   58.03982   35.04410  39.6%  60.5  798s
 457642 382818   46.77061   77 1004   58.03982   35.04410  39.6%  60.7  805s
 460637 385782   37.82808   36  892   58.03982   35.04410  39.6%  60.8  812s
 464129 388884   50.00180  290  728   58.03982   35.04410  39.6%  60.9  815s
 470740 394942   45.47890  118 1011   58.03982   35.07593  39.6%  61.5  824s
H471628 394293                      58.0192643   35.07593  39.5%  61.5  825s
H471631 376904                      57.5173180   35.07593  39.0%  61.5  825s
H474470 377407                      57.5173180   35.07593  39.0%  61.6  828s
H474627 377407                      57.5173180   35.07593  39.0%  61.6  828s
 475116 381091   47.27788  124  946   57.51732   35.07593  39.0%  61.6  835s
 479201 384067     cutoff  384        57.51732   35.08941  39.0%  61.7  841s
 482650 386621   45.10765   49 1321   57.51732   35.08941  39.0%  61.9  846s
 485472 389507   56.10162   72 1198   57.51732   35.08941  39.0%  62.1  851s
 488755 392349   57.41987  106 1225   57.51732   35.10092  39.0%  62.3  858s
 491806 393064   52.48955  134  794   57.51732   35.10092  39.0%  62.4  863s
H492005 393064                      57.5173179   35.10092  39.0%  62.4  863s
 492579 397277   57.19460  160  733   57.51732   35.10852  39.0%  62.4  871s
 497109 400468   56.37454  217 1512   57.51732   35.10852  39.0%  62.5  879s
 500842 403767   43.88914   99  918   57.51732   35.10863  39.0%  62.5  885s
 504522 406536   52.83994  243  947   57.51732   35.10863  39.0%  62.6  892s
 507616 409804   57.02950  390  850   57.51732   35.11239  39.0%  62.7  898s
 511240 413906   44.45516  123  891   57.51732   35.11239  39.0%  62.6  903s
 515999 416895   56.17061  365  924   57.51732   35.11378  39.0%  62.6  907s
 519718 419857   40.61552   42  985   57.51732   35.13855  38.9%  62.7  913s
 522955 423137   46.19141   79 1001   57.51732   35.13855  38.9%  62.8  918s
 526394 426347   49.16057  130  930   57.51732   35.13855  38.9%  63.0  924s
 529749 429280   51.80004  224  863   57.51732   35.13855  38.9%  63.1  930s
 532904 432639   52.73260  256  851   57.51732   35.13855  38.9%  63.1  935s
 536523 435967   55.03813  319  822   57.51732   35.13855  38.9%  63.1  941s
 540047 439472   57.43694  373  702   57.51732   35.13947  38.9%  63.1  945s
 543932 439932   50.33350  163  971   57.51732   35.13947  38.9%  63.2  950s
H544497 435805                      57.4042887   35.13947  38.8%  63.2 1010s
H544499 431123                      57.2876908   35.13947  38.7%  63.2 1010s
H544503 321114                      54.2853160   35.13947  35.3%  63.2 1010s
 544532 323494   50.61062  175  978   54.28532   35.13982  35.3%  63.2 1015s
 547468 323840   39.85361   50 1081   54.28532   35.16858  35.2%  63.3 1020s
H547492 323840                      54.2853159   35.16858  35.2%  63.3 1020s
H547595 323840                      54.2853155   35.16858  35.2%  63.3 1020s
H547660 321766                      54.2191380   35.16858  35.1%  63.3 1020s
 547837 324977   40.73672   56 1092   54.21914   35.16858  35.1%  63.3 1026s
 551167 329015   43.27878  139  941   54.21914   35.16858  35.1%  63.3 1033s
 555371 332051   46.48337  219  887   54.21914   35.16858  35.1%  63.3 1039s
 558551 334700   48.16439  265  876   54.21914   35.16858  35.1%  63.2 1044s
 561405 337464   49.99641  317  851   54.21914   35.16858  35.1%  63.3 1049s
 564464 340440   52.34697  378  824   54.21914   35.16858  35.1%  63.3 1054s
 567818 343900   52.62275  426  806   54.21914   35.16858  35.1%  63.3 1060s
 571449 346604     cutoff  478        54.21914   35.17414  35.1%  63.2 1065s
 574474 349121   37.98861   38 1169   54.21914   35.17414  35.1%  63.2 1070s
 577275 351683   41.63534   63 1023   54.21914   35.17414  35.1%  63.3 1076s
H580152 354548                      54.2191380   35.17414  35.1%  63.4 1083s
H581773 354548                      54.2191379   35.17414  35.1%  63.4 1083s
 583279 355236   44.50376  116  980   54.21914   35.17414  35.1%  63.5 1089s
H583386 355236                      54.2191379   35.17414  35.1%  63.5 1089s
H583457 353569                      54.1711208   35.17414  35.1%  63.5 1089s
H583782 349907                      54.0668525   35.17414  34.9%  63.5 1089s
 584009 352936   45.47374  116 1020   54.06685   35.17414  34.9%  63.5 1098s
 587417 356803   45.11202  154  902   54.06685   35.17414  34.9%  63.7 1107s
 591586 360245   45.16103  181  877   54.06685   35.17414  34.9%  63.9 1115s
 595402 364095   45.84723  217  841   54.06685   35.17414  34.9%  64.1 1123s
 599636 367493   46.59252  256  804   54.06685   35.17414  34.9%  64.1 1130s
 603497 370318   47.39399  293  782   54.06685   35.17414  34.9%  64.2 1136s
 606928 374026   47.77475  312  767   54.06685   35.17414  34.9%  64.3 1143s
 611175 376487   48.75366  342  712   54.06685   35.17414  34.9%  64.3 1150s
 614034 380443   48.97697  355  721   54.06685   35.17414  34.9%  64.3 1157s
 618347 384110   50.74654  380  722   54.06685   35.17414  34.9%  64.3 1163s
 622268 386679   50.82997  403  702   54.06685   35.17414  34.9%  64.2 1169s
 625203 389314   50.96335  414  690   54.06685   35.17414  34.9%  64.2 1175s
 628292 392025   50.89235  428  681   54.06685   35.17414  34.9%  64.3 1181s
 631229 395317   50.91580  443  667   54.06685   35.17414  34.9%  64.4 1188s
 634656 399151   50.94357  460  658   54.06685   35.17414  34.9%  64.4 1192s
 638780 402751   51.00182  476  648   54.06685   35.17414  34.9%  64.4 1197s
 642699 406231   51.00265  484  641   54.06685   35.17414  34.9%  64.4 1203s
 646807 408919   51.25889  499  633   54.06685   35.17414  34.9%  64.5 1209s
 649762 411864   51.25426  503  629   54.06685   35.17414  34.9%  64.4 1214s
 653031 415050   51.49955  510  623   54.06685   35.17414  34.9%  64.4 1218s
 656757 417883   51.49955  515  619   54.06685   35.17414  34.9%  64.5 1222s
 660188 421505   51.49955  517  617   54.06685   35.17414  34.9%  64.5 1227s
 664034 423598   51.64802  522  608   54.06685   35.17414  34.9%  64.4 1232s
 666449 426956   51.54139  532  606   54.06685   35.17414  34.9%  64.4 1238s
 670286 430201   51.70407  545  594   54.06685   35.17414  34.9%  64.3 1243s
 673878 434173   51.70407  550  592   54.06685   35.17414  34.9%  64.3 1248s
 678530 437636   51.70407  554  588   54.06685   35.17414  34.9%  64.3 1252s
 682286 440442   51.91340  564  591   54.06685   35.17414  34.9%  64.3 1256s
 685444 443180   52.00569  579  602   54.06685   35.17414  34.9%  64.2 1261s
 692348 449965   52.07195  611  575   54.06685   35.17414  34.9%  64.1 1267s
 696156 452501     cutoff  620        54.06685   35.17414  34.9%  64.0 1271s
 699143 455013   52.07945  628  565   54.06685   35.17414  34.9%  64.0 1275s
 704602 459871   52.08651  637  555   54.06685   35.17414  34.9%  64.0 1283s
 707767 463214   52.60093  651  560   54.06685   35.17414  34.9%  64.1 1289s
 711276 466665   53.31987  675  530   54.06685   35.17414  34.9%  64.3 1295s
 714892 469923   53.57187  716  504   54.06685   35.24933  34.8%  64.4 1301s
 718364 473346   37.92346   41 1097   54.06685   35.42651  34.5%  64.5 1306s
 722032 476961   36.20931   28  850   54.06685   35.42893  34.5%  64.5 1311s
 725791 480645   50.00182  228  839   54.06685   35.42969  34.5%  64.5 1317s
 729757 482427   43.00077   86  974   54.06685   35.42969  34.5%  64.4 1322s
 731758 486483   45.95356  137  992   54.06685   35.42969  34.5%  64.4 1328s
 736165 490077   48.69837  264  848   54.06685   35.42969  34.5%  64.3 1336s
 740226 493260   52.28121  404  762   54.06685   35.42969  34.5%  64.3 1341s
 743767 496691   52.71554  520  622   54.06685   35.42969  34.5%  64.2 1346s
 747480 501325   53.91869  621  505   54.06685   35.43918  34.5%  64.0 1350s
 755805 506918   49.02591  178  949   54.06685   35.43918  34.5%  63.8 1356s
 758517 510218     cutoff  288        54.06685   35.45069  34.4%  63.8 1360s
 761875 512907   44.67354   74  910   54.06685   35.45069  34.4%  63.8 1365s
 767039 518288   42.37559   41 1026   54.06685   35.45069  34.4%  63.8 1374s
 770792 521383   53.85460   83 1052   54.06685   35.45917  34.4%  63.9 1378s
 774442 523970   52.77978  123 1071   54.06685   35.47803  34.4%  63.9 1383s
 777544 526507   48.36700  118 1050   54.06685   35.47803  34.4%  64.0 1389s
 780665 530483   53.90779  239  922   54.06685   35.49105  34.4%  64.0 1392s
 785311 534734   49.03865  156  915   54.06685   35.50335  34.3%  63.9 1397s
 789841 534936   54.00619  290  837   54.06685   35.50335  34.3%  63.8 1400s
H789844 534936                      54.0668525   35.50335  34.3%  63.8 1400s
H789845 534936                      54.0668524   35.50335  34.3%  63.8 1401s
 790043 538750   54.00619  291  840   54.06685   35.50604  34.3%  63.7 1405s
H795395 535471                      53.9665968   35.51259  34.2%  63.6 1409s
 795916 539657   50.58825   97 1083   53.96660   35.51354  34.2%  63.6 1416s
H800532 539685                      53.9665968   35.51711  34.2%  63.5 1420s
H800547 539685                      53.9665962   35.51711  34.2%  63.5 1420s
H800558 539685                      53.9665960   35.51711  34.2%  63.5 1420s
 804006 544801     cutoff  346        53.96660   35.52291  34.2%  63.4 1427s
 806147 547549   51.80047  110 1410   53.96660   35.52833  34.2%  63.3 1431s
 809159 551416   39.20027   48 1084   53.96660   35.52833  34.2%  63.2 1435s
 813303 554579   47.69815  221  919   53.96660   35.52833  34.2%  63.1 1440s
 816878 557828   53.94707  375  876   53.96660   35.54350  34.1%  63.1 1445s
 824963 567162   52.96341  293  939   53.96660   35.54785  34.1%  62.8 1454s
 830419 570117   45.30289  104  951   53.96660   35.54785  34.1%  62.6 1457s
 833480 573668   49.80346  187  996   53.96660   35.54785  34.1%  62.5 1460s
 840000 578030   42.94762   41  981   53.96660   35.57483  34.1%  62.4 1465s
 844366 582448   53.87971   83 1198   53.96660   35.58364  34.1%  62.5 1473s
 847104 584837   42.47750   86 1088   53.96660   35.58364  34.1%  62.6 1477s
 849812 586475   52.67563  164 1008   53.96660   35.58364  34.1%  62.6 1481s
 851824 588707   53.87172  186  921   53.96660   35.58454  34.1%  62.6 1486s
 854788 592684   43.49564  114 1000   53.96660   35.58635  34.1%  62.7 1493s
 859164 596548   50.03306  254  937   53.96660   35.59424  34.0%  62.6 1496s
 863343 598795   36.70572   30  924   53.96660   35.59424  34.0%  62.5 1500s

Resetting heuristic parameters to focus on improving solution
(using Heuristics=0.5 and RINS=10)...

 865991 599345   42.58276   59  913   53.96660   35.59424  34.0%  62.5 1505s
H866113 599345                      53.9665939   35.59424  34.0%  62.5 1505s
H866152 598727                      53.9574003   35.59424  34.0%  62.5 1505s
H866674 598624                      53.9556572   35.59548  34.0%  62.6 1505s
 866688 598828   49.51971   73  962   53.95566   35.59548  34.0%  62.6 1523s
 866926 606182   50.40174   75  898   53.95566   35.60605  34.0%  62.6 1570s
H866956 606182                      53.9556572   35.60605  34.0%  62.6 1570s
H866961 606182                      53.9556571   35.60605  34.0%  62.6 1570s
H866988 606182                      53.9556571   35.60605  34.0%  62.6 1570s
H866989 593120                      53.7554694   35.60605  33.8%  62.6 1571s
H868110 591908                      53.7377123   35.60864  33.7%  62.6 1571s
 876302 591838   53.05382  110 1084   53.73771   35.62867  33.7%  63.2 1589s
H876332 591838                      53.7377122   35.62867  33.7%  63.2 1589s
 876477 593925   53.17312  111 1083   53.73771   35.63109  33.7%  63.2 1608s
H876486 593925                      53.7377120   35.63109  33.7%  63.2 1609s
H876552 592456                      53.7156530   35.63109  33.7%  63.3 1609s
H877960 590877                      53.6941356   35.63109  33.6%  63.3 1609s
 878955 591042   45.94239   48 1130   53.69414   35.63109  33.6%  63.4 1630s
H878957 591042                      53.6941356   35.63109  33.6%  63.4 1630s
H878974 591042                      53.6941356   35.63109  33.6%  63.4 1630s
H878989 591042                      53.6941356   35.63109  33.6%  63.4 1630s
H878994 591042                      53.6941355   35.63109  33.6%  63.4 1630s
H879142 591042                      53.6941352   35.63109  33.6%  63.4 1630s
 879166 593402   48.12529   51 1126   53.69414   35.63109  33.6%  63.4 1653s
H879172 593024                      53.6877883   35.63109  33.6%  63.4 1653s
H880371 592560                      53.6808571   35.63109  33.6%  63.5 1653s
 882069 592721     cutoff   84        53.68086   35.63465  33.6%  63.6 1674s
H882075 592721                      53.6808570   35.63465  33.6%  63.6 1674s
H882286 595274                      53.6808569   35.63465  33.6%  63.6 1698s
H882312 595274                      53.6808568   35.63465  33.6%  63.6 1698s
H882485 595274                      53.6808567   35.63465  33.6%  63.7 1698s
H882587 595274                      53.6808565   35.63465  33.6%  63.7 1698s
H883101 595274                      53.6808560   35.63465  33.6%  63.7 1698s
H883852 595184                      53.6799776   35.63465  33.6%  63.8 1698s
H883920 595161                      53.6795336   35.63465  33.6%  63.8 1698s
 885498 595215   53.06885   72 1078   53.67953   35.63465  33.6%  63.9 1704s
H885567 594684                      53.6376553   35.63465  33.6%  63.9 1800s

Explored 888710 nodes (57002482 simplex iterations) in 1800.55 seconds (3114.22 work units)
Thread count was 32 (of 96 available processors)

Solution count 10: 53.6377 53.68 53.6809 ... 53.7377

Time limit reached
Best objective 5.363765533717e+01, best bound 3.564996152827e+01, gap 33.5356%
