
Gurobi 9.5.1 (mac64[x86]) logging started Thu Aug  4 02:54:11 2022

Set parameter LogFile to value "/Users/keyvanmajd/Documents/GitHub/NNRepLayer_v2/demos/walking_example/dynamic_constraint/repair_net_relaxed/logs/opt_log_8_4_2022_2_53_27.log"
Gurobi Optimizer version 9.5.1 build v9.5.1rc2 (mac64[x86])
Thread count: 4 physical cores, 8 logical processors, using up to 8 threads
Optimize a model with 15850 rows, 9951 columns and 180906 nonzeros
Model fingerprint: 0x7514b345
Model has 270 quadratic objective terms
Variable types: 5631 continuous, 4320 integer (4320 binary)
Coefficient statistics:
  Matrix range     [2e-03, 3e+02]
  Objective range  [3e-03, 2e+00]
  QObjective range [7e-02, 7e-02]
  Bounds range     [8e-02, 7e+02]
  RHS range        [1e-04, 3e+02]
Presolve removed 540 rows and 0 columns
Presolve time: 0.36s
Presolved: 15310 rows, 9951 columns, 180370 nonzeros
Presolved model has 270 quadratic objective terms
Variable types: 5631 continuous, 4320 integer (4320 binary)
Root relaxation presolve removed 4318 rows and 4318 columns
Root relaxation presolved: 10992 rows, 5633 columns, 167416 nonzeros
Root relaxation presolved model has 270 quadratic objective terms


Root relaxation: objective 3.074919e+01, 7683 iterations, 0.64 seconds (1.16 work units)

    Nodes    |    Current Node    |     Objective Bounds      |     Work
 Expl Unexpl |  Obj  Depth IntInf | Incumbent    BestBd   Gap | It/Node Time

     0     0   30.74919    0 1738          -   30.74919      -     -    1s
     0     0   30.74919    0 1738          -   30.74919      -     -    5s
     0     2   30.74919    0 1738          -   30.74919      -     -   14s
     1     4   30.92626    1 1141          -   30.74919      -  2323   15s
   293   319   31.04494   80  835          -   30.75118      -   130   20s
  1471  1533   31.04547  389  739          -   30.75118      -  65.0   25s
  2228  2280   31.04562  613  659          -   30.75118      -  57.2   30s
  2772  2863   31.04837  749  627          -   30.75118      -  68.3   35s
  3287  3387   31.04837  819  611          -   30.75118      -  74.4   40s
  3742  3824   31.06069  888  715          -   30.75118      -  86.0   45s
  3922  3974   31.24756  908  795          -   30.75118      -  99.3   57s
  4026  4127   31.06069  912  698          -   30.75118      -   117   69s
  4126  4213   31.06453  913  905          -   30.75118      -   147   71s
  4397  4461   31.06453  954  887          -   30.75118      -   153   75s
  4610  4647   31.22180 1015  959          -   30.75118      -   166   88s
  4646  4710   31.06453 1021  912          -   30.75118      -   187   94s
  4709  4784   31.06453 1039  898          -   30.75118      -   188   96s
  4841  4903   31.06469 1096  812          -   30.75118      -   199  110s
  4963  5028   31.12851 1121 1896          -   30.75118      -   230  130s
  5092  5241   31.12851 1122 1898          -   30.75118      -   247  135s
  5243  5243   30.83068  673 1738          -   30.75118      -   244  158s
H 5244  4981                      90.2654138   30.75118  65.9%   244  176s
H 5244  4732                      37.6900210   30.75118  18.4%   244  187s
H 5244  4495                      37.6290177   30.75118  18.3%   244  188s
H 5245  4274                      37.2511034   30.75118  17.4%   246  191s
  5264  4289   31.06008   18  811   37.25110   30.75118  17.4%   247  195s
  5411  4392   31.06008   39  664   37.25110   30.75118  17.4%   250  200s
  5470  4430   31.30148   46  766   37.25110   30.75118  17.4%   252  208s
H 5472  4215                      36.2653374   30.75118  15.2%   252  208s
H 5474  4011                      36.1289840   30.75118  14.9%   253  208s
H 5476  3818                      35.7686875   30.75118  14.0%   253  208s
  5505  3854   31.10034   50  883   35.76869   30.75118  14.0%   253  210s
  5553  3884   31.15906   53  864   35.76869   30.75118  14.0%   254  216s
  5692  3983   31.10034   64  873   35.76869   30.75149  14.0%   255  220s
  5897  4125   31.32487   80  975   35.76869   30.75149  14.0%   257  225s
  6092  4265   31.36104   94  941   35.76869   30.75149  14.0%   258  230s
  6212  4338   31.32487  107  945   35.76869   30.75149  14.0%   259  235s
  6243  4356   31.32487  109  943   35.76869   30.75149  14.0%   261  290s
H 6244  4173                      35.2614344   30.75149  12.8%   261  290s
  6271  4168   31.49427  109  867   35.26143   30.75149  12.8%   260  307s
H 6272  3993                      35.2410298   30.75149  12.7%   260  307s
  6343  4070   31.32487  120  957   35.24103   30.75149  12.7%   261  311s
  6446  4150   31.32487  126  955   35.24103   30.75149  12.7%   266  316s
  6543  4228   31.32487  132  945   35.24103   30.75149  12.7%   268  320s
  6728  4353   31.32487  138  939   35.24103   30.75149  12.7%   272  326s
  6854  4446   31.32487  145  932   35.24103   30.75149  12.7%   275  331s
  6984  4532   31.32487  156  921   35.24103   30.75149  12.7%   278  336s
  7154  4650   31.32487  167  909   35.24103   30.75149  12.7%   280  342s
  7295  4744   31.32487  176  900   35.24103   30.75149  12.7%   284  346s
  7434  4840   31.32487  189  888   35.24103   30.75149  12.7%   287  351s
  7579  4937   31.32487  203  874   35.24103   30.75257  12.7%   292  356s
  7730  5042   31.32487  221  860   35.24103   30.75257  12.7%   297  362s
  7810  5064   31.32487  231  856   35.24103   30.75257  12.7%   298  369s
  7858  5098   31.32487  238  875   35.24103   30.75257  12.7%   303  404s
  7908  5178   31.46132  246  887   35.24103   30.75257  12.7%   305  408s
  8005  5278   31.33045  252  866   35.24103   30.75257  12.7%   307  412s
  8137  5331   31.33045  262  855   35.24103   30.75257  12.7%   308  417s
  8234  5383   31.33045  267  849   35.24103   30.75257  12.7%   311  422s
  8319  5474   31.33045  276  840   35.24103   30.75257  12.7%   315  427s
  8438  5532   31.33304  287  829   35.24103   30.75257  12.7%   317  431s
  8536  5589   31.33304  297  819   35.24103   30.75257  12.7%   321  438s
  8625  5723   31.33304  307  811   35.24103   30.75257  12.7%   328  444s
  8789  5756   31.33304  330  739   35.24103   30.75257  12.7%   330  450s
  8877  5838   31.49156  335  838   35.24103   30.75257  12.7%   334  456s
  8988  5905   31.49156  353  808   35.24103   30.75257  12.7%   341  465s
  9092  5991   31.49396  370  843   35.24103   30.75257  12.7%   347  471s
  9213  6103   31.49156  377  815   35.24103   30.75257  12.7%   353  476s
  9365  6197   31.49156  384  803   35.24103   30.75257  12.7%   355  482s
  9510  6293   31.49156  395  795   35.24103   30.75257  12.7%   358  490s
  9654  6274   31.49156  404  801   35.24103   30.75257  12.7%   362  504s
H 9655  6109                      35.2297427   30.75257  12.7%   362  504s
H 9677  5944                      35.2159848   30.75257  12.7%   362  504s
  9683  6056   31.49156  404  806   35.21598   30.75257  12.7%   362  513s
  9797  6138   31.49156  407  798   35.21598   30.75257  12.7%   368  519s
  9917  6196   31.49156  416  790   35.21598   30.75257  12.7%   375  530s
 10015  6253   31.49156  418  788   35.21598   30.75257  12.7%   383  536s
 10104  6376   31.49156  423  785   35.21598   30.75257  12.7%   390  545s
 10265  6428   31.49156  447  781   35.21598   30.75257  12.7%   394  552s
 10371  6667   31.49156  470  757   35.21598   30.75257  12.7%   399  570s
 10645  6811   31.49156  480  747   35.21598   30.75257  12.7%   405  583s
 10880  6894   31.49156  488  739   35.21598   30.75257  12.7%   413  598s
 11042  6997   31.49160  492  734   35.21598   30.75257  12.7%   426  616s
 11199  7195   31.49160  493  733   35.21598   30.75257  12.7%   439  632s
H11449  6966                      35.2108226   30.75257  12.7%   450  700s
H11451  6824                      35.1278008   30.75257  12.5%   450  700s

Explored 11453 nodes (5208271 simplex iterations) in 700.78 seconds (1481.98 work units)
Thread count was 8 (of 8 available processors)

Solution count 10: 35.1278 35.2108 35.216 ... 37.2511

Solve interrupted
Best objective 3.512780076663e+01, best bound 3.075257165339e+01, gap 12.4552%
