
Gurobi 9.5.0 (win64) logging started Mon Aug 15 17:23:14 2022

Set parameter LogFile to value "C:\Users\kmajd1\Documents\NNRepLayer_v2\demos\walking_example\dynamic_constraint\repair_net_relaxed/logs/opt_log_8_15_2022_17_15_55.log"
Gurobi Optimizer version 9.5.0 build v9.5.0rc5 (win64)
Thread count: 8 physical cores, 16 logical processors, using up to 16 threads
Optimize a model with 101822 rows, 70572 columns and 1788872 nonzeros
Model fingerprint: 0x5f6c2f89
Model has 1250 quadratic objective terms
Variable types: 41822 continuous, 28750 integer (28750 binary)
Coefficient statistics:
  Matrix range     [3e-05, 3e+02]
  Objective range  [1e-04, 4e+00]
  QObjective range [2e-01, 2e-01]
  Bounds range     [1e-03, 7e+02]
  RHS range        [1e-05, 3e+02]
Presolve removed 3190 rows and 690 columns
Presolve time: 4.59s
Presolved: 98632 rows, 69882 columns, 1784993 nonzeros
Presolved model has 1250 quadratic objective terms
Variable types: 41132 continuous, 28750 integer (28750 binary)
Root relaxation presolve removed 28750 rows and 28750 columns
Root relaxation presolved: 69882 rows, 41132 columns, 1698743 nonzeros
Root relaxation presolved model has 1250 quadratic objective terms


Root simplex log...

Iteration    Objective       Primal Inf.    Dual Inf.      Time
       0    2.6932001e+02   0.000000e+00   0.000000e+00     12s
   41828    2.6932001e+02   7.072536e+02   0.000000e+00     15s
   63389    2.6932001e+02   0.000000e+00   0.000000e+00     17s
   63389    2.6932001e+02   0.000000e+00   0.000000e+00     17s

Root relaxation: objective 2.693200e+02, 63389 iterations, 10.59 seconds (31.13 work units)

    Nodes    |    Current Node    |     Objective Bounds      |     Work
 Expl Unexpl |  Obj  Depth IntInf | Incumbent    BestBd   Gap | It/Node Time

     0     0  269.32001    0 9792          -  269.32001      -     -   20s
     0     0  269.32001    0 9792          -  269.32001      -     -   28s
     0     2  269.32001    0 9792          -  269.32001      -     -   85s
    15    24  270.47949    4 12781          -  269.32001      -  6544  203s
    39    48  269.32001    6 9790          -  269.32001      -  8756  205s
   119   133  270.10955   16 9829          -  269.32001      -  3103  210s
   175   194  270.09832   21 9827          -  269.32001      -  2352  215s
   248   267  270.09832   27 9825          -  269.32001      -  1815  225s
   311   336  270.09832   33 9826          -  269.32001      -  1869  258s
   335   358  270.09832   35 9826          -  269.32001      -  2170  267s
   392   425  270.09832   38 9826          -  269.32001      -  2373  271s
   500   535  270.09904   51 9831          -  269.32001      -  1926  277s
   534   559  270.09904   55 9830          -  269.32001      -  1833  284s
   558   599  270.09904   57 9830          -  269.32001      -  1963  302s
   598   635  270.09904   59 9831          -  269.32001      -  1979  312s
   634   686  270.09904   62 9832          -  269.32001      -  2087  321s
   685   740  270.94456   68 10239          -  269.32001      -  2123  328s
   739   783  270.27271   71 9880          -  269.32001      -  2106  336s
   782   825  273.48105   72 9929          -  269.32001      -  2177  344s
   824   865  270.62893   73 10070          -  269.32001      -  2185  352s
   864   920  270.09904   73 9849          -  269.32001      -  2228  372s
   919   966  270.29421   77 10096          -  269.32001      -  2438  384s
   965  1044  270.09904   78 10017          -  269.32001      -  2556  389s
  1043  1114  271.16235   86 10028          -  269.32001      -  2434  396s
  1113  1184  270.85798   99 10413          -  269.32001      -  2354  402s
  1183  1241  270.09904  105 9997          -  269.32001      -  2297  418s
  1240  1310  270.09904  106 9996          -  269.32001      -  2515  439s
  1309  1388  270.09904  107 9996          -  269.32001      -  2579  458s
  1387  1469  270.94933  115 10063          -  269.32001      -  2625  467s
  1468  1594  270.92529  119 10181          -  269.32001      -  2565  484s
  1593  1711  270.30308  120 10028          -  269.32001      -  2492  497s
  1710  1799  270.30308  121 10028          -  269.32001      -  2426  542s
  1798  1930  270.34867  124 10026          -  269.32001      -  2616  566s
  1929  2052  270.34867  126 10024          -  269.32001      -  2538  590s
  2051  2162  271.45000  137 10340          -  269.32001      -  2620  620s
  2161  2265  270.39053  137 10014          -  269.32001      -  2780  645s
  2264  2410  271.92651  146 10055          -  269.32001      -  2895  664s
  2409  2543  271.58566  159 10045          -  269.32001      -  2927  711s
  2542  2718  271.58566  164 10036          -  269.32001      -  2983  745s
  2717  2881  271.58566  172 10030          -  269.32001      -  3083  782s
  2880  3083  271.58566  192 10013          -  269.32001      -  3154  814s
  3086  3299  271.65199  203 9986          -  269.32001      -  3088  845s
  3302  3545  271.69659  209 9970          -  269.32001      -  3002  904s
  3548  3767  272.66080  230 10436          -  269.32001      -  3065  944s
  3770  4000  271.69659  230 9954          -  269.32001      -  3103 1003s
  4003  4333  272.10659  242 9809          -  269.32001      -  3105 1050s
  4336  4620  273.72932  258 10005          -  269.32001      -  3037 1084s
  4623  4735  274.49899  259 10345          -  269.32001      -  2957 1133s
  4738  4881  273.72932  260 10003          -  269.32001      -  3165 1175s
  4884  5182  276.81256  275 10048          -  269.32001      -  3300 1244s
  5185  5340  275.58203  301 10234          -  269.32001      -  3404 1288s
  5343  5520  273.91862  301 10085          -  269.32001      -  3554 1338s
  5523  5681  273.92973  321 10056          -  269.32001      -  3674 1382s
  5684  5895  275.41452  343 10067          -  269.32001      -  3785 1437s
  5898  6243  276.15598  357 10013          -  269.32001      -  3893 1493s
  6246  6589  273.94551  357 9975          -  269.32001      -  3876 1544s
  6592  6798  273.94551  366 9967          -  269.32001      -  3873 1604s
  6801  6939  275.23238  376 10063          -  269.32001      -  4001 1659s
  6942  7161  273.96989  391 9949          -  269.32001      -  4168 1711s
  7164  7562  274.81965  404 9971          -  269.32001      -  4188 1776s
  7566  7563  271.49004   33 9792          -  269.32001      -  4186 1798s
  7567  7564  273.73421  530 9792          -  269.32001      -  4186 1800s
  7568  7564  273.85961  270 9792          -  269.32001      -  4185 1825s
  7570  7566  273.04246   59 9792          -  269.32001      -  4184 2147s
  7571  7569  269.32001   13 9792          -  269.32001      -  4192 2292s
  7601  7595  271.49531   17 9220          -  269.32001      -  4178 2295s
  7681  7649  271.49531   22 9218          -  269.32001      -  4135 2300s
  7713  7674  271.56049   23 9202          -  269.32001      -  4119 2307s
  7725  7680  271.49531   24 9216          -  269.32001      -  4131 2310s
  7735  7689  271.74992   24 9180          -  269.32001      -  4130 2404s
  7747  7701  271.49531   25 9215          -  269.32001      -  4150 2409s
  7763  7715  272.73176   26 9619          -  269.32001      -  4154 2413s
  7783  7728  271.49531   26 9209          -  269.32001      -  4145 2431s
  7828  7764  271.49531   29 9240          -  269.32001      -  4150 2437s
  7853  7775  272.50824   30 9226          -  269.32001      -  4141 2452s
  7901  7813  271.49531   32 9221          -  269.32001      -  4131 2457s
  7927  7829  271.49531   33 9222          -  269.32001      -  4121 2460s
  7951  7848  272.24129   34 8881          -  269.32001      -  4114 2471s
  7978  7876  271.49531   36 9216          -  269.32001      -  4109 2490s
  8015  7899  271.49531   37 9212          -  269.32001      -  4123 2495s
  8051  7919  272.45649   38 9186          -  269.32001      -  4111 2513s
  8083  7948  271.49531   39 9213          -  269.32001      -  4118 2518s
  8122  7973  271.49531   41 9214          -  269.32001      -  4103 2527s
  8160  8003  272.44030   42 8852          -  269.32001      -  4094 2550s
  8203  8035  271.49531   45 9211          -  269.32001      -  4119 2559s
  8249  8071  271.49531   47 9212          -  269.32001      -  4116 2568s
  8301  8095  272.74230   50 9259          -  269.32001      -  4118 2599s
  8342  8125  271.49531   53 9227          -  269.32001      -  4151 2606s
  8386  8142  271.49531   56 9220          -  269.32001      -  4143 2627s
  8417  8176  272.67693   59 9377          -  269.32001      -  4185 2652s
  8462  8205  271.49531   66 9300          -  269.32001      -  4197 2680s
  8506  8247  271.49531   68 9296          -  269.32001      -  4245 2709s
  8562  8292  271.49531   72 9298          -  269.32001      -  4285 2738s
  8626  8335  272.21991   79 9321          -  269.32001      -  4312 2764s
  8690  8428  272.31117   88 9253          -  269.32001      -  4342 2779s
  8805  8462  271.49531   89 9332          -  269.32001      -  4314 2802s
  8877  8511  271.49531   92 9328          -  269.32001      -  4345 2818s

Explored 8950 nodes (38878913 simplex iterations) in 2818.78 seconds (7134.67 work units)
Thread count was 16 (of 16 available processors)

Solution count 0

Solve interrupted
Best objective -, best bound 2.693200125744e+02, gap -
