
Gurobi 9.5.1 (mac64[x86]) logging started Thu Aug  4 08:50:10 2022

Set parameter LogFile to value "/Users/keyvanmajd/Documents/GitHub/NNRepLayer_v2/demos/walking_example/dynamic_constraint/repair_net_relaxed/logs/opt_log_8_4_2022_8_48_54.log"
Gurobi Optimizer version 9.5.1 build v9.5.1rc2 (mac64[x86])
Thread count: 4 physical cores, 8 logical processors, using up to 8 threads
Optimize a model with 36505 rows, 23316 columns and 458793 nonzeros
Model fingerprint: 0xb661f1de
Model has 675 quadratic objective terms
Variable types: 12516 continuous, 10800 integer (10800 binary)
Coefficient statistics:
  Matrix range     [3e-04, 2e+02]
  Objective range  [1e-03, 1e+00]
  QObjective range [3e-02, 3e-02]
  Bounds range     [6e-03, 5e+02]
  RHS range        [1e-04, 2e+02]
Presolve removed 1350 rows and 0 columns
Presolve time: 1.16s
Presolved: 35155 rows, 23316 columns, 457450 nonzeros
Presolved model has 675 quadratic objective terms
Variable types: 12516 continuous, 10800 integer (10800 binary)
Root relaxation presolve removed 10796 rows and 10796 columns
Root relaxation presolved: 24359 rows, 12520 columns, 425062 nonzeros
Root relaxation presolved model has 675 quadratic objective terms


Root relaxation: objective 2.985158e+01, 15087 iterations, 1.25 seconds (1.89 work units)

    Nodes    |    Current Node    |     Objective Bounds      |     Work
 Expl Unexpl |  Obj  Depth IntInf | Incumbent    BestBd   Gap | It/Node Time

     0     0   29.85158    0 4265          -   29.85158      -     -    4s
     0     0   29.85158    0 4265          -   29.85158      -     -    6s
     0     2   29.85158    0 4265          -   29.85158      -     -   18s
    11    16   30.13637    4 2497          -   29.85158      -  1450   20s
    96   108   30.14806   26 2350          -   29.85158      -   514   25s
   320   344   30.14958   83 1594          -   29.85158      -   354   30s
   661   702   30.14958  184 1430          -   29.85158      -   238   35s
  1101  1156   30.14958  308 1379          -   29.85158      -   165   40s
  1535  1612   30.14958  415 1428          -   29.85158      -   134   45s
  1885  1945   30.14958  525 1320          -   29.85158      -   136   50s
  2029  2096   30.14958  555 2353          -   29.85158      -   172   55s
  2231  2247   30.14958  616 2250          -   29.85158      -   171   61s
  2325  2397   30.15075  630 2039          -   29.85158      -   211   67s
  2396  2470   30.15075  648 1992          -   29.85158      -   216   70s
  2469  2513   30.15075  654 2006          -   29.85158      -   223   75s
  2550  2597   30.15075  659 1998          -   29.85158      -   255   81s
  2596  2645   30.15075  664 1992          -   29.85158      -   269   86s
  2714  2775   30.15075  666 1990          -   29.85158      -   302   91s
  2776  2857   30.15075  667 1989          -   29.85158      -   306   95s
  2900  2942   30.15075  670 1985          -   29.85158      -   366  103s
  2943  2958   30.15075  672 1983          -   29.85158      -   377  110s
  2996  3005   30.15075  679 1959          -   29.85158      -   420  122s
  3051  3069   30.15075  683 1951          -   29.85158      -   444  133s
  3070  3111   30.15075  686 1950          -   29.85158      -   485  138s
  3112  3158   30.15075  688 1948          -   29.85158      -   493  147s
  3159  3190   30.15075  689 1947          -   29.85158      -   536  153s
  3191  3202   30.15075  690 1946          -   29.85158      -   565  159s
  3203  3250   30.15075  691 1945          -   29.85158      -   595  163s
  3251  3340   30.15075  692 1944          -   29.85158      -   596  169s
  3341  3354   30.15075  694 1942          -   29.85158      -   597  184s
  3355  3380   30.15075  695 1941          -   29.85158      -   643  188s
  3381  3406   30.15075  697 1936          -   29.85158      -   650  211s
  3407  3440   30.15075  698 1935          -   29.85158      -   700  245s
  3441  3475   30.15075  700 1933          -   29.85158      -   757  273s
  3476  3486   30.15075  702 1931          -   29.85158      -   785  298s
  3487  3496   30.15075  703 1930          -   29.85158      -   853  318s
  3497  3507   30.15075  704 1928          -   29.85158      -   898  337s
  3508  3559   30.15075  705 1928          -   29.85158      -   951  343s
  3560  3576   30.15075  708 1925          -   29.85158      -   963  371s
  3577  3595   30.15075  709 1924          -   29.85158      -  1023  396s
  3596  3608   30.15075  710 1923          -   29.85158      -  1078  421s
  3609  3739   30.15075  712 1916          -   29.85158      -  1141  428s
  3740  3826   30.15075  714 1914          -   29.85158      -  1117  458s
  3827  3849   30.15075  718 2086          -   29.85158      -  1146  490s
  3850  3927   30.15075  722 2080          -   29.85158      -  1187  496s
  3930  3950   30.15075  737 2125          -   29.85158      -  1175  527s
  3955  4008   30.15075  744 2234          -   29.85158      -  1219  558s
  4013  4032   30.15075  777 2201          -   29.85158      -  1248  584s
  4037  4086   30.15075  787 2033          -   29.85158      -  1282  622s
  4091  4099   30.16634  820 2053          -   29.85158      -  1338  635s
  4104  4237   30.16634  821 1982          -   29.85158      -  1385  642s
  4242  4294   30.16887  823 2261          -   29.85158      -  1395  650s
  4299  4301   30.16887  824 2319          -   29.85158      -  1426  658s
  4308  4331   30.16887  825 2336          -   29.85158      -  1469  674s
  4338  4365   30.16887  826 2244          -   29.85158      -  1515  690s
  4372  4379   30.31091  827 2326          -   29.85158      -  1562  708s
  4386  4403   30.16887  827 2229          -   29.85158      -  1599  728s
  4410  4421   30.16887  838 2194          -   29.85158      -  1649  742s
  4428  4452   30.16887  844 2159          -   29.85158      -  1699  756s
  4459  4467   30.16887  845 2157          -   29.85158      -  1751  775s
  4474  4550   30.31648  849 2266          -   29.85158      -  1826  785s
  4561  4568   30.16887  853 2151          -   29.85158      -  1830  840s
  4579  4591   30.16887  854 2190          -   29.85158      -  1908  899s
  4604  4623   30.16887  857 2124          -   29.85158      -  1977  945s
  4636  4645   30.16887  870 2368          -   29.85158      -  2042 1008s
  4658  4710   30.46613  871 2024          -   29.85158      -  2117 1065s
  4723  4746   30.16887  871 2310          -   29.85158      -  2164 1136s
  4759  4777   30.16887  873 2237          -   29.85158      -  2233 1204s
  4790  4784   30.16887  880 2162          -   29.85158      -  2302 1271s
  4797  4913   30.16887  881 2163          -   29.85158      -  2380 1320s
  4928  4975   30.16887  891 2225          -   29.85158      -  2357 1378s
  4990  4986   30.16887  893 2326          -   29.85158      -  2413 1424s
  5003  5097   30.16887  895 2316          -   29.85158      -  2454 1441s
  5118  5099   30.14958  164 4265          -   29.85158      -  2426 1445s
  5121  5101   30.16887  856 4261          -   29.85158      -  2425 1486s
  5122  5104   30.01485   16 2956          -   29.85158      -  2428 1520s
  5178  5147   30.18111   23 2373          -   29.85158      -  2411 1525s
  5255  5201   30.18111   32 2322          -   29.85158      -  2389 1530s
  5341  5262   30.18111   42 2176          -   29.85158      -  2366 1535s
  5406  5306   30.18111   52 2129          -   29.85158      -  2349 1546s
  5477  5356   30.18111   61 2085          -   29.85158      -  2342 1550s
  5535  5397   30.18111   68 2365          -   29.85158      -  2327 1555s
  5598  5445   30.18111   74 2184          -   29.85158      -  2311 1560s
  5667  5489   30.18111   79 2179          -   29.85158      -  2295 1565s
  5739  5537   30.18111   84 2174          -   29.85158      -  2279 1571s
  5786  5583   30.18111   88 2169          -   29.85158      -  2269 1575s
  5862  5631   30.18111   94 2162          -   29.85158      -  2249 1580s
  5936  5677   30.18111  104 2136          -   29.85158      -  2229 1585s
  6013  5759   30.18111  116 2255          -   29.85158      -  2210 1591s
  6076  5780   30.18111  120 2196          -   29.85158      -  2193 1596s
  6118  5793   30.18111  122 2189          -   29.85158      -  2187 1605s
  6187  5869   30.18166  129 2203          -   29.85158      -  2183 1610s
  6288  5919   30.19778  145 2179          -   29.85158      -  2165 1615s
  6422  6066   30.19778  148 2177          -   29.85158      -  2135 1625s
  6591  6143   30.19780  155 2162          -   29.85158      -  2095 1631s
  6731  6280   30.21458  177 2183          -   29.85158      -  2069 1637s
  6836  6305   30.21453  182 2170          -   29.85158      -  2046 1641s
  6896  6335   30.22093  186 2165          -   29.85158      -  2035 1650s
  6946  6413   30.22101  193 2172          -   29.85158      -  2036 1655s
  7089  6454   30.23247  201 2174          -   29.85158      -  2014 1664s
  7129  6498   30.25498  204 2172          -   29.85163      -  2013 1671s
  7187  6518   30.26735  206 2186          -   29.85163      -  2007 1675s
  7226  6571   30.28230  208 2183          -   29.85163      -  2007 1680s
  7292  6577   30.28230  210 2181          -   29.85163      -  1996 1685s
  7351  6636   30.28230  215 2165          -   29.85163      -  2006 1694s
  7399  6675   30.28230  219 2163          -   29.85163      -  2001 1698s
  7454  6695   30.28230  223 2149          -   29.85163      -  1994 1705s
  7492  6775   30.28230  226 2168          -   29.85163      -  2001 1710s
  7585  6857   30.29123  230 2170          -   29.85163      -  1986 1715s
  7698  6893   30.29123  234 2164          -   29.85163      -  1966 1722s
  7771  6872   30.29123  237 2161          -   29.85163      -  1957 1763s

Explored 7775 nodes (15223618 simplex iterations) in 1763.10 seconds (4456.16 work units)
Thread count was 8 (of 8 available processors)

Solution count 0

Solve interrupted
Best objective -, best bound 2.985162993544e+01, gap -
