
Gurobi 9.5.1 (mac64[x86]) logging started Tue May 31 16:05:48 2022

Set parameter LogFile to value "/Users/keyvanmajd/Documents/NNRepLayer_v2/demos/examples/tc7_walking_example/repair_net/logs/opt_log_layer3.log"
Gurobi Optimizer version 9.5.1 build v9.5.1rc2 (mac64[x86])
Thread count: 4 physical cores, 8 logical processors, using up to 8 threads
Optimize a model with 28012 rows, 17157 columns and 78444 nonzeros
Model fingerprint: 0x1e07072c
Model has 101 quadratic objective terms
Variable types: 7557 continuous, 9600 integer (9600 binary)
Coefficient statistics:
  Matrix range     [2e-03, 4e+01]
  Objective range  [3e-02, 4e+01]
  QObjective range [2e+00, 2e+00]
  Bounds range     [1e+00, 4e+01]
  RHS range        [6e-04, 4e+01]
Presolve removed 16456 rows and 6528 columns
Presolve time: 0.16s
Presolved: 11556 rows, 10629 columns, 52132 nonzeros
Presolved model has 101 quadratic objective terms
Variable types: 7429 continuous, 3200 integer (3200 binary)

Root relaxation: objective 7.263588e+02, 17546 iterations, 1.91 seconds (4.19 work units)

    Nodes    |    Current Node    |     Objective Bounds      |     Work
 Expl Unexpl |  Obj  Depth IntInf | Incumbent    BestBd   Gap | It/Node Time

     0     0  726.35877    0 2769          -  726.35877      -     -    3s
     0     0  726.35877    0 2584          -  726.35877      -     -    5s
     0     0  726.35877    0 2428          -  726.35877      -     -    8s
     0     0  726.35877    0 2673          -  726.35877      -     -    9s
     0     0  726.35877    0 2080          -  726.35877      -     -   18s
     0     0  726.35877    0 1836          -  726.35877      -     -   19s
     0     0  726.35877    0 2376          -  726.35877      -     -   25s
     0     0  726.35877    0 2264          -  726.35877      -     -   26s
     0     0  726.35877    0 2161          -  726.35877      -     -   31s
     0     0  726.35877    0 2110          -  726.35877      -     -   31s
H    0     0                    10423.342601  726.35877  93.0%     -   45s
H    0     0                    3877.9249761  726.35877  81.3%     -   92s
H    0     0                    3877.9249437  726.35877  81.3%     -   92s
     0     2  726.35877    0 2110 3877.92494  726.35877  81.3%     -   92s
H   29    35                    3876.4644061  726.35877  81.3%   754   92s
H   30    35                    3872.9606627  726.35877  81.2%   730   92s
    34    39  726.37455    7 1600 3872.96066  726.35877  81.2%   646  114s

Cutting planes:
  MIR: 149
  Flow cover: 1320

Explored 38 nodes (52625 simplex iterations) in 114.99 seconds (194.39 work units)
Thread count was 8 (of 8 available processors)

Solution count 5: 3872.96 3876.46 3877.92 ... 10423.3

Solve interrupted
Best objective 3.872960662698e+03, best bound 7.263587712579e+02, gap 81.2454%

Gurobi 9.5.1 (mac64[x86]) logging started Tue May 31 16:08:31 2022

Set parameter LogFile to value "/Users/keyvanmajd/Documents/NNRepLayer_v2/demos/examples/tc7_walking_example/repair_net/logs/opt_log_layer3.log"
Gurobi Optimizer version 9.5.1 build v9.5.1rc2 (mac64[x86])
Thread count: 4 physical cores, 8 logical processors, using up to 8 threads
Optimize a model with 28012 rows, 17157 columns and 80364 nonzeros
Model fingerprint: 0x68c2b029
Model has 101 quadratic objective terms
Variable types: 7557 continuous, 9600 integer (9600 binary)
Coefficient statistics:
  Matrix range     [2e-03, 4e+01]
  Objective range  [3e-03, 4e+01]
  QObjective range [2e+00, 2e+00]
  Bounds range     [1e+00, 4e+01]
  RHS range        [6e-04, 4e+01]
Presolve removed 16456 rows and 6528 columns
Presolve time: 0.17s
Presolved: 11556 rows, 10629 columns, 54052 nonzeros
Presolved model has 101 quadratic objective terms
Variable types: 7429 continuous, 3200 integer (3200 binary)
Root relaxation presolve removed 3200 rows and 3200 columns
Root relaxation presolved: 8356 rows, 7429 columns, 47652 nonzeros
Root relaxation presolved model has 101 quadratic objective terms


Root relaxation: objective 1.156299e+03, 10804 iterations, 1.13 seconds (2.28 work units)

    Nodes    |    Current Node    |     Objective Bounds      |     Work
 Expl Unexpl |  Obj  Depth IntInf | Incumbent    BestBd   Gap | It/Node Time

     0     0 1156.29881    0  691          - 1156.29881      -     -    3s
H    0     0                    8188.9639451 1156.29881  85.9%     -    9s
H    0     0                    7515.6904675 1156.29881  84.6%     -    9s
H    0     0                    7504.6759539 1156.29881  84.6%     -    9s
H    0     0                    7479.6140312 1156.29881  84.5%     -    9s
H    0     0                    7466.0647991 1156.29881  84.5%     -    9s
H    0     0                    7409.7700499 1156.29881  84.4%     -    9s
H    0     0                    7225.1114055 1156.29881  84.0%     -   12s
H    0     0                    7150.9822217 1156.29881  83.8%     -   12s
H    0     0                    7125.6777229 1156.29881  83.8%     -   12s
     0     0 1156.29881    0  551 7125.67772 1156.29881  83.8%     -   12s
H    0     0                    7103.1365590 1156.29881  83.7%     -   22s
     0     0 1156.29881    0  229 7103.13656 1156.29881  83.7%     -   22s
H    0     0                    7099.2191575 1156.29881  83.7%     -   22s
     0     0 1156.29881    0  227 7099.21916 1156.29881  83.7%     -   22s
     0     0 1156.29881    0  422 7099.21916 1156.29881  83.7%     -   24s
     0     0 1156.29881    0  428 7099.21916 1156.29881  83.7%     -   24s
     0     0 1156.29881    0  439 7099.21916 1156.29881  83.7%     -   25s
     0     0 1156.29881    0  437 7099.21916 1156.29881  83.7%     -   29s
     0     0 1156.29881    0  434 7099.21916 1156.29881  83.7%     -   30s
     0     0 1156.29881    0  434 7099.21916 1156.29881  83.7%     -   33s
     0     2 1156.29881    0  434 7099.21916 1156.29881  83.7%     -   38s
     7    12 1156.33238    3  570 7099.21916 1156.29881  83.7%   638   41s
   376   572 1156.33809  104  466 7099.21916 1156.29881  83.7%  41.4   45s
   764  1147 1156.49979  192  709 7099.21916 1156.29881  83.7%  81.6   51s
  1146  1151 1156.49993  262  645 7099.21916 1156.29881  83.7%  61.0   60s
H 1150  1501                    7098.4872331 1156.29881  83.7%  60.8   62s
H 1341  1501                    7097.9651554 1156.29881  83.7%  55.2   62s
H 1423  1501                    7096.2672385 1156.29881  83.7%  53.5   62s
H 1631  1694                    7089.6589296 1156.29881  83.7%  52.5   67s
H 1662  1694                    7048.8419307 1156.29881  83.6%  52.3   67s
  1809  1876 1156.54985  471  624 7048.84193 1156.29881  83.6%  56.4   71s
H 1875  1964                    2995.9866874 1156.29881  61.4%  62.0   80s
  2461  2572 1156.83190  626  539 2995.98669 1156.29881  61.4%  62.2   88s
  2571  2667 1159.14651  628  602 2995.98669 1156.29881  61.4%  74.6   99s
  2666  2857 1159.10136  629  897 2995.98669 1156.29881  61.4%   104  103s
  2856  2995 1159.13783  685  827 2995.98669 1156.29881  61.4%   112  108s
  2994  3231 1159.13783  725  798 2995.98669 1156.29881  61.4%   122  110s
  3512  3670 1159.13783  792  745 2995.98669 1156.29881  61.4%   116  115s
  3785  3953 1159.13783  902  653 2995.98669 1156.29881  61.4%   121  123s
  3952  3996 1159.13783 1017  562 2995.98669 1156.29881  61.4%   123  140s
H 3995  4024                    2994.4857113 1156.29881  61.4%   153  156s
H 3996  4024                    2990.5617294 1156.29881  61.3%   164  156s
H 3999  4024                    2934.6574657 1156.29881  60.6%   173  156s
  4145  4302 1161.32944 1037  735 2934.65747 1156.29881  60.6%   175  164s
  4301  4412 1161.39664 1066  783 2934.65747 1156.29881  60.6%   180  168s
  4411  4416 1161.48476 1067  795 2934.65747 1156.29881  60.6%   183  184s
H 4415  4484                    2871.4890993 1156.29881  59.7%   184  193s
H 4432  4484                    2766.0157066 1156.29881  58.2%   185  193s
  4483  4644 1161.51363 1080  761 2766.01571 1156.29881  58.2%   187  229s
H 4643  4773                    2735.1435861 1156.29881  57.7%   209  238s
  4772  4874 1161.54259 1166 1177 2735.14359 1156.29881  57.7%   208  252s
  4873  4970 1161.99545 1172 1265 2735.14359 1156.29881  57.7%   225  268s
  4969  4980 1162.37533 1173 1294 2735.14359 1156.29881  57.7%   238  278s
  4979  4993 1162.65930 1174 1287 2735.14359 1156.29881  57.7%   254  290s
H 4992  5062                    2715.1624549 1156.29881  57.4%   273  312s
  5061  5106 1162.70697 1218 1215 2715.16245 1156.29881  57.4%   284  326s
H 5105  5106                    2713.9905153 1156.29881  57.4%   305  352s
H 5107  4852                    2713.7191304 1156.29881  57.4%   305  354s
  5109  4853 1158.70207  927  204 2713.71913 1156.29881  57.4%   305  364s
H 5109  4610                    2713.4762498 1156.29881  57.4%   305  374s
H 5109  4380                    2711.6767064 1156.29881  57.4%   305  374s
H 5109  4161                    2710.8186982 1156.29881  57.3%   305  374s
H 5109  3953                    2710.3971475 1156.29881  57.3%   305  374s
H 5109  3755                    2710.0713191 1156.29881  57.3%   305  374s
  5110  3756 1156.50451  350  462 2710.07132 1156.29881  57.3%   305  375s
H 5112  3569                    2708.9277129 1156.29881  57.3%   304  377s
  5113  3570 1156.31475    7  166 2708.92771 1156.29881  57.3%   304  383s
H 5113  3391                    2708.8519860 1156.29883  57.3%   304  391s
H 5113  3222                    2708.8234842 1156.29883  57.3%   304  391s
H 5113  3060                    2707.3748229 1156.29883  57.3%   304  391s
H 5113  2907                    2704.3731969 1156.29883  57.2%   304  391s
H 5114  2762                    2704.2847540 1156.29883  57.2%   304  394s
H 5115  2624                    2704.1323194 1156.29883  57.2%   304  402s
H 5117  2494                    2703.0848175 1156.29889  57.2%   304  408s
H 5118  2370                    2702.7831970 1156.29927  57.2%   304  408s
  5120  2371 1162.60701  632  509 2702.78320 1156.29927  57.2%   304  413s
  5121  2372 1159.13783  999  511 2702.78320 1156.29930  57.2%   304  418s
  5123  2373 1158.94900 1158  511 2702.78320 1156.29930  57.2%   304  424s
H 5123  2256                    2701.9221016 1156.29930  57.2%   311  424s
  5124  2258 1156.32917   11  609 2701.92210 1156.29930  57.2%   311  436s
  5153  2279 1156.47646   16  914 2701.92210 1156.29942  57.2%   311  444s
H 5154  2166                    2701.5596541 1156.29942  57.2%   311  444s
H 5156  2058                    2701.2613669 1156.29942  57.2%   311  444s
  5157  2063 1156.47646   16  912 2701.26137 1156.29942  57.2%   311  452s
  5255  2191 1156.47646   31  885 2701.26137 1156.29945  57.2%   307  459s
H 5271  2084                    2701.2297057 1156.29945  57.2%   307  459s
H 5288  1981                    2699.0647275 1156.29945  57.2%   306  459s
  5323  2392 1156.47646   40  901 2699.06473 1156.29945  57.2%   305  467s
  5745  2592 1156.56039   86 1205 2699.06473 1156.29945  57.2%   293  472s
  6086  2809 1156.57420  103 1181 2699.06473 1156.29945  57.2%   283  475s
H 6417  2771                    2698.7174980 1156.29945  57.2%   277  483s
H 6581  2676                    2698.6503248 1156.29945  57.2%   276  490s
H 6604  2586                    2685.4616470 1156.29945  56.9%   275  490s
  6765  2827 1156.57420  170 1158 2685.46165 1156.29945  56.9%   275  499s
  6924  3063 1156.57420  207 1134 2685.46165 1156.29945  56.9%   276  504s
  7213  3082 1156.57420  208 1130 2685.46165 1156.29945  56.9%   276  509s
  7328  3404 1156.57420  209 1129 2685.46165 1156.29945  56.9%   275  512s
  7689  3358 1156.57463  221 1151 2685.46165 1156.29945  56.9%   268  515s
  7763  3486 1156.57420  221 1166 2685.46165 1156.29945  56.9%   266  521s
  7916  3439 1156.57755  222 1147 2685.46165 1156.29945  56.9%   269  532s
H 7920  3660                    2684.3945575 1156.29945  56.9%   269  542s
H 8220  3485                    2684.2143786 1156.29945  56.9%   264  542s
  8221  3618 1156.60501  285 1089 2684.21438 1156.29945  56.9%   268  551s
H 8266  3532                    2677.0510468 1156.29945  56.8%   270  551s
  8354  3617 1156.60631  295 1140 2677.05105 1156.29945  56.8%   270  559s
  8469  3754 1156.60631  298 1141 2677.05105 1156.29945  56.8%   275  574s
H 8644  3647                    2676.1347616 1156.29945  56.8%   284  591s
H 8645  3582                    2675.3721244 1156.29945  56.8%   286  591s
H 8649  3541                    2473.6003168 1156.29945  53.3%   287  591s
  8663  3633 1156.60631  307 1138 2473.60032 1156.29945  53.3%   291  603s
  8755  3669 1156.60631  323 1124 2473.60032 1156.29945  53.3%   299  611s
H 8791  3692                    2467.7604026 1156.29945  53.1%   311  627s
H 8812  3692                    2375.4906032 1156.29945  51.3%   311  627s
  8814  3725 1156.60631  327 1134 2375.49060 1156.29945  51.3%   312  638s
  8847  3798 1156.60631  332 1126 2375.49060 1156.29945  51.3%   328  653s
  8920  3995 1156.60631  333 1128 2375.49060 1156.29945  51.3%   331  662s
  9117  4052 1156.60631  341 1117 2375.49060 1156.29945  51.3%   335  666s

Cutting planes:
  Gomory: 1
  Implied bound: 3
  MIR: 498
  Flow cover: 288
  Relax-and-lift: 3

Explored 9174 nodes (3109344 simplex iterations) in 666.12 seconds (1316.84 work units)
Thread count was 8 (of 8 available processors)

Solution count 10: 2375.49 2467.76 2473.6 ... 2698.72

Solve interrupted
Best objective 2.375490603193e+03, best bound 1.156299446864e+03, gap 51.3238%
