
Gurobi 9.5.1 (linux64) logging started Mon 06 Jun 2022 02:51:58 PM MST

Set parameter LogFile to value "/home/local/ASUAD/kmajd1/NNRepLayer_v2/demos/examples/tc7_walking_example/repair_net/logs/opt_log_layer_32_nodes1_100_6_6_2022_14_51_9.log"
Gurobi Optimizer version 9.5.1 build v9.5.1rc2 (linux64)
Thread count: 48 physical cores, 96 logical processors, using up to 32 threads
Optimize a model with 55910 rows, 34806 columns and 239820 nonzeros
Model fingerprint: 0x599f0239
Model has 101 quadratic objective terms
Variable types: 14106 continuous, 20700 integer (20700 binary)
Coefficient statistics:
  Matrix range     [6e-04, 5e+01]
  Objective range  [7e-03, 4e+01]
  QObjective range [2e+00, 2e+00]
  Bounds range     [1e+00, 5e+01]
  RHS range        [1e-03, 5e+01]
Presolve removed 35832 rows and 15064 columns
Presolve time: 0.59s
Presolved: 20078 rows, 19742 columns, 170838 nonzeros
Presolved model has 101 quadratic objective terms
Variable types: 13273 continuous, 6469 integer (6469 binary)

Root simplex log...

Iteration    Objective       Primal Inf.    Dual Inf.      Time
   26648    1.1541715e+03   1.089898e+01   0.000000e+00      5s
   27474    1.1541715e+03   0.000000e+00   0.000000e+00      5s

Root relaxation: objective 1.154172e+03, 27474 iterations, 4.50 seconds (11.89 work units)

    Nodes    |    Current Node    |     Objective Bounds      |     Work
 Expl Unexpl |  Obj  Depth IntInf | Incumbent    BestBd   Gap | It/Node Time

     0     0 1154.17153    0 5065          - 1154.17153      -     -    6s
     0     0 1154.17153    0 5171          - 1154.17153      -     -    9s
     0     0 1154.17153    0 5175          - 1154.17153      -     -   11s
     0     0 1154.17153    0 5157          - 1154.17153      -     -   14s
     0     0 1154.17153    0 5126          - 1154.17153      -     -   15s
     0     0 1154.17153    0 5093          - 1154.17153      -     -   16s
     0     0 1154.17153    0 5070          - 1154.17153      -     -   17s
     0     0 1154.17153    0 5016          - 1154.17153      -     -   18s
     0     0 1154.17153    0 4977          - 1154.17153      -     -   19s
     0     0 1154.17153    0 4966          - 1154.17153      -     -   22s
     0     2 1154.17153    0 4966          - 1154.17153      -     -   87s
     1     4 1395.55306    1 4811          - 1154.17153      -  9345   90s
     3     8 1430.70717    2 4758          - 1154.17153      -  8903   98s
     7    10 infeasible    3               - 1154.17153      -  6502  112s
    15    20 1154.17153    4 4871          - 1154.17153      -  7337  122s
    25    38 1154.89004    5 4839          - 1154.17153      -  5878  127s
    45    66 1154.89004    6 4836          - 1154.17153      -  4264  138s
    77    96 1154.89004    7 4834          - 1154.17153      -  3346  147s
   109   128 1154.89004    8 4834          - 1154.17153      -  2634  153s
   141   160 1154.89004    9 4833          - 1154.17153      -  2154  157s
   226   257 1154.89004   12 4826          - 1154.17153      -  1455  163s
   274   302 1154.89004   14 4824          - 1154.17153      -  1268  183s
   323   357 1154.89004   16 4805          - 1154.17153      -  1248  185s
   380   418 1154.89004   17 4802          - 1154.17153      -  1116  190s
   449   485 1154.89004   18 4783          - 1154.17153      -   990  196s
   597   649 1154.89004   24 4770          - 1154.17153      -   811  201s
   682   728 1154.89004   28 4761          - 1154.17153      -   741  241s
   769   811 1154.89004   33 4756          - 1154.17153      -   782  253s
   856   932 1154.89004   37 4735          - 1154.17153      -   747  257s
   985  1053 1154.89004   41 4729          - 1154.17153      -   676  265s
  1325  1476 1154.89004   48 4694          - 1154.17153      -   569  303s
  1537  1759 1154.89004   53 4665          - 1154.17153      -   592  315s
  1822  2037 1154.89004   67 4673          - 1154.17153      -   548  338s
  2102  2418 1154.89004   71 4674          - 1154.17153      -   553  419s
  2485  2842 1154.89004   98 4617          - 1154.17153      -   610  503s
  2919  3328 1154.89004  106 4613          - 1154.17153      -   629  568s
  3417  3824 1154.89004  121 4596          - 1154.17153      -   665  600s
  3929  4557 1154.89004  152 4586          - 1154.17153      -   661  624s
  4670  5329 1154.89004  159 4542          - 1154.17153      -   631  679s
  5460  6334 1155.65160  172 4465          - 1154.17153      -   661  729s
  6496  7410 infeasible  173               - 1154.17153      -   660  793s
  7624  8355 1155.42054  139 4461          - 1154.17153      -   676  888s
  8611  9178 1155.42054  159 4439          - 1154.17153      -   765  976s
  9488 10521 1155.42054  186 4375          - 1154.17153      -   819 1035s
 10925 11260 1155.42054  201 4355          - 1154.17153      -   857 1141s
 11745 12157 1155.42054  227 4279          - 1154.17153      -   991 1262s
 12755 12757 1155.42054  227 4259          - 1154.17153      -  1135 1382s
 13396 13539 1155.42054  242 4237          - 1154.17153      -  1311 1536s

Cutting planes:
  Cover: 1513
  Implied bound: 637
  Clique: 565
  MIR: 4993
  StrongCG: 60
  Flow cover: 4330
  Zero half: 4
  Network: 1
  RLT: 2
  Relax-and-lift: 516

Explored 14256 nodes (21336040 simplex iterations) in 1538.75 seconds (3936.53 work units)
Thread count was 32 (of 96 available processors)

Solution count 0

Solve interrupted
Best objective -, best bound 1.154171529738e+03, gap -
