
Gurobi 9.5.1 (mac64[x86]) logging started Sat Jun 11 18:16:04 2022

Set parameter LogFile to value "/Users/keyvanmajd/Documents/GitHub/NNRepLayer_v2/demos/walking_example/flow_constraint/repair_net/logs/opt_log_6_11_2022_18_15_26.log"
Gurobi Optimizer version 9.5.1 build v9.5.1rc2 (mac64[x86])
Thread count: 4 physical cores, 8 logical processors, using up to 8 threads
Optimize a model with 21978 rows, 13454 columns and 61178 nonzeros
Model fingerprint: 0xa8d0b3f9
Model has 78 quadratic objective terms
Variable types: 6062 continuous, 7392 integer (7392 binary)
Coefficient statistics:
  Matrix range     [6e-03, 5e+01]
  Objective range  [5e-01, 1e+00]
  QObjective range [3e-01, 2e+00]
  Bounds range     [1e+00, 5e+01]
  RHS range        [2e-04, 5e+01]
Presolve removed 13741 rows and 5600 columns
Presolve time: 0.19s
Presolved: 8237 rows, 7854 columns, 38701 nonzeros
Presolved model has 78 quadratic objective terms
Variable types: 5390 continuous, 2464 integer (2464 binary)
Found heuristic solution: objective 4.6910552
Root relaxation presolve removed 2464 rows and 2464 columns
Root relaxation presolved: 5773 rows, 5390 columns, 33773 nonzeros
Root relaxation presolved model has 78 quadratic objective terms


Root relaxation: objective 2.863256e+00, 6282 iterations, 0.45 seconds (0.69 work units)

    Nodes    |    Current Node    |     Objective Bounds      |     Work
 Expl Unexpl |  Obj  Depth IntInf | Incumbent    BestBd   Gap | It/Node Time

     0     0    2.86326    0  374    4.69106    2.86326  39.0%     -    1s
H    0     0                       4.4355495    2.86326  35.4%     -    1s
H    0     0                       4.3916347    2.86326  34.8%     -    1s
H    0     0                       4.3802255    2.86326  34.6%     -    1s
     0     0    2.86326    0  333    4.38023    2.86326  34.6%     -    2s
H    0     0                       4.1517013    2.86326  31.0%     -    2s
     0     0    2.86326    0  330    4.15170    2.86326  31.0%     -    2s
     0     0    2.86326    0  330    4.15170    2.86326  31.0%     -    2s
     0     0    2.86326    0  330    4.15170    2.86326  31.0%     -    2s
     0     0    2.86326    0  330    4.15170    2.86326  31.0%     -    3s
     0     0    2.86326    0  330    4.15170    2.86326  31.0%     -    3s
     0     0    2.86326    0   87    4.15170    2.86326  31.0%     -    3s
     0     0    2.86326    0  292    4.15170    2.86326  31.0%     -    3s
H    0     0                       4.0927548    2.86326  30.0%     -    4s
     0     0    2.86326    0  291    4.09275    2.86326  30.0%     -    4s
     0     0    2.86326    0  291    4.09275    2.86326  30.0%     -    4s
     0     2    2.86326    0  291    4.09275    2.86326  30.0%     -    5s
H   69    74                       4.0680304    2.86326  29.6%  80.3    7s
H   70    74                       4.0435585    2.86326  29.2%  79.2    7s
   410   415    3.34333  100  284    4.04356    2.86326  29.2%  22.5   10s
H  411   415                       4.0309051    2.86326  29.0%  22.5   10s
H 1463  1459                       3.9744618    2.86326  28.0%  29.8   20s
H 2556  2547                       3.8637208    2.86326  25.9%  53.9   25s
H 2558  2545                       3.7844758    2.86326  24.3%  53.9   25s
  2560  2549    3.34333  603  124    3.78448    2.86326  24.3%  53.9   31s
H 2563  2540                       3.6623930    2.86326  21.8%  53.8   31s
  3781  3869    3.34333  835  144    3.66239    2.86326  21.8%  46.8   35s
H 5139  5065                       3.6613512    2.86326  21.8%  46.7   41s
H 5141  4813                       3.6612825    2.86326  21.8%  46.6   42s
H 5141  4572                       3.6269267    2.86326  21.1%  46.6   43s
H 5144  4346                       3.5596785    2.86326  19.6%  46.6   44s
  5146  4347    3.38759  356  315    3.55968    2.86326  19.6%  46.6   45s
  5151  4350    3.41622  848  317    3.55968    2.86326  19.6%  46.5   50s
  5606  4554    3.53944   66  398    3.55968    2.86326  19.6%  59.3   59s
H 5660  4360                       3.5557699    2.86326  19.5%  60.7   60s
  6562  4828     cutoff  171         3.55577    2.86326  19.5%  70.5   66s
H 6565  4620                       3.5499845    2.86326  19.3%  70.4   66s
  7251  5107     cutoff  248         3.54998    2.86326  19.3%  71.9   70s
  7606  5216    2.97540  294  182    3.54998    2.86326  19.3%  71.9   79s
H 7607  5013                       3.5371329    2.86326  19.1%  71.9   79s
  7610  5064    2.97540  294  182    3.53713    2.86326  19.1%  72.0   80s
  7857  5161    2.97540  313  148    3.53713    2.86326  19.1%  72.5   88s
H 7859  4974                       3.5371329    2.86326  19.1%  72.5   88s
  8179  5293    2.97540  355  124    3.53713    2.86326  19.1%  76.5   90s
  9693  5981    2.97540  485  120    3.53713    2.86326  19.1%  75.1   97s
H 9696  5792                       3.5267521    2.86326  18.8%  75.1   97s
 10354  6697    3.02500  535  108    3.52675    2.86326  18.8%  74.5  100s
 12433  7385    3.02500  730  131    3.52675    2.86326  18.8%  74.2  105s
 13367  7926    3.02500  830  255    3.52675    2.86326  18.8%  78.5  110s
 13687  8198    3.03992  854  374    3.52675    2.86326  18.8%  81.6  128s
H13910  7952                       3.5232522    2.86326  18.7%  81.7  128s
 14114  8287    3.03992  889  388    3.52325    2.86326  18.7%  81.8  131s
H14522  8208                       3.5232522    2.86326  18.7%  83.3  139s
H14526  8208                       3.5232521    2.86326  18.7%  83.3  139s
 14529  8565    3.04911  912  376    3.52325    2.86326  18.7%  83.3  143s
 14962  9112     cutoff  925         3.52325    2.86326  18.7%  82.9  145s
 16639 10498    3.04912  970  346    3.52325    2.86326  18.7%  81.1  151s
 17856 11420    3.12043 1009  389    3.52325    2.86326  18.7%  80.7  156s
 18942 12231    3.14615 1033  372    3.52325    2.86326  18.7%  80.7  160s

Cutting planes:
  Gomory: 2
  MIR: 164
  Flow cover: 562

Explored 19026 nodes (1543050 simplex iterations) in 160.33 seconds (207.85 work units)
Thread count was 8 (of 8 available processors)

Solution count 10: 3.52325 3.52325 3.52325 ... 3.66128

Solve interrupted
Best objective 3.523252148309e+00, best bound 2.863258326026e+00, gap 18.7325%
