
Gurobi 9.5.1 (mac64[x86]) logging started Tue May 31 20:02:31 2022

Set parameter LogFile to value "/Users/keyvanmajd/Documents/NNRepLayer_v2/demos/examples/tc7_walking_example/repair_net/logs/opt_log_layer3_5_31_2022_20_1_53.log"
Gurobi Optimizer version 9.5.1 build v9.5.1rc2 (mac64[x86])
Thread count: 4 physical cores, 8 logical processors, using up to 8 threads
Optimize a model with 1932 rows, 1167 columns and 5186 nonzeros
Model fingerprint: 0xacb4fbec
Model has 101 quadratic objective terms
Variable types: 567 continuous, 600 integer (600 binary)
Coefficient statistics:
  Matrix range     [1e-02, 1e+02]
  Objective range  [7e-02, 4e+01]
  QObjective range [2e+00, 2e+00]
  Bounds range     [1e+00, 1e+02]
  RHS range        [6e-04, 1e+02]
Presolve removed 1170 rows and 462 columns
Presolve time: 0.01s
Presolved: 762 rows, 705 columns, 3301 nonzeros
Presolved model has 101 quadratic objective terms
Variable types: 531 continuous, 174 integer (174 binary)
Root relaxation presolve removed 174 rows and 174 columns
Root relaxation presolved: 588 rows, 531 columns, 2953 nonzeros
Root relaxation presolved model has 101 quadratic objective terms


Root relaxation: objective 1.074135e+03, 985 iterations, 0.02 seconds (0.01 work units)

    Nodes    |    Current Node    |     Objective Bounds      |     Work
 Expl Unexpl |  Obj  Depth IntInf | Incumbent    BestBd   Gap | It/Node Time

     0     0 1074.13483    0  130          - 1074.13483      -     -    0s
H    0     0                    1233.8571756 1074.13483  12.9%     -    0s
     0     0 1074.13483    0  134 1233.85718 1074.13483  12.9%     -    0s
     0     0 1074.13483    0  134 1233.85718 1074.13483  12.9%     -    0s
     0     0 1074.38250    0  122 1233.85718 1074.38250  12.9%     -    0s
     0     0 1074.38250    0  122 1233.85718 1074.38250  12.9%     -    0s
     0     0 1084.34745    0  122 1233.85718 1084.34745  12.1%     -    0s
     0     2 1084.34745    0  122 1233.85718 1084.34745  12.1%     -    0s
H  173   172                    1233.8558335 1096.16744  11.2%  27.9    0s
H  178   172                    1228.6793533 1096.16744  10.8%  27.7    0s
H  534   523                    1228.5208810 1096.16744  10.8%  20.3    0s
H  544   522                    1227.8441843 1096.16744  10.7%  20.1    0s
*  614   570             136    1219.9053156 1096.16744  10.1%  19.1    0s
*  616   570             136    1219.8618488 1096.16744  10.1%  19.1    0s
H  692   608                    1211.6331531 1096.16744  9.53%  19.5    1s
*  716   586             137    1206.2631243 1101.86100  8.66%  20.2    1s
H 1048   842                    1204.7283396 1102.14140  8.52%  21.2    1s
H 1089   828                    1204.5384912 1102.14140  8.50%  23.4    1s
H 1566  1041                    1200.5566092 1102.14140  8.20%  26.8    2s
H 1713  1063                    1200.3992747 1102.14140  8.19%  26.3    2s
H 2744  1391                    1199.9263239 1102.14140  8.15%  24.2    3s
H 2750  1318                    1197.7329299 1102.14140  7.98%  24.2    3s
H 2763  1332                    1197.3013953 1102.14140  7.95%  24.1    3s
H 2806  1277                    1196.7469212 1102.14140  7.91%  24.0    3s
H 2840  1295                    1196.6979821 1102.14140  7.90%  24.0    3s
  5640  3268 1159.72369   27   86 1196.69798 1115.69879  6.77%  23.2    5s
H 7702  4376                    1196.6932887 1120.58690  6.36%  23.8    6s
H 7713  4374                    1196.6816622 1120.58690  6.36%  23.8    6s
H 7723  4373                    1196.6690201 1120.58690  6.36%  23.8    6s
H 7792  4371                    1196.6472943 1120.58690  6.36%  23.8    6s
H12400  7331                    1196.4873734 1125.86845  5.90%  24.1    8s
 15565  9465 1188.46423   44   87 1196.48737 1128.05111  5.72%  23.9   10s
 24028 14648 1195.26342   39   80 1196.48737 1131.31801  5.45%  24.3   15s
 35095 20587 1150.56848   26  100 1196.48737 1134.84405  5.15%  24.2   20s
 46495 26848 1179.29780   34  100 1196.48737 1137.78404  4.91%  24.4   25s
 58153 32982 1184.14808   36   96 1196.48737 1140.18877  4.71%  24.4   30s
 69677 39299 1187.51722   31  101 1196.48737 1142.25223  4.53%  24.4   35s
 77100 43058 1193.28684   60   74 1196.48737 1143.40915  4.44%  24.3   40s
H77160 40567                    1194.2919647 1143.40915  4.26%  24.3   40s
H77452 40361                    1194.1173896 1143.46697  4.24%  24.3   40s
H78700 37612                    1191.7110963 1143.61560  4.04%  24.4   41s
 85767 41227 1190.30587   34   90 1191.71110 1144.94234  3.92%  24.4   45s
 94434 45350 1160.72881   30  111 1191.71110 1146.41831  3.80%  24.4   50s
 101090 48663     cutoff   35      1191.71110 1147.24116  3.73%  24.3   55s
 107722 51678 1178.84134   40   82 1191.71110 1148.10247  3.66%  24.3   60s
 114932 55121 1174.63844   40   98 1191.71110 1148.92265  3.59%  24.2   65s
 123846 59200 1188.42518   49   81 1191.71110 1149.92246  3.51%  24.2   70s
 134757 64243 1170.83672   25   90 1191.71110 1150.82188  3.43%  24.1   75s
 144911 68873 1162.57924   29  101 1191.71110 1151.61293  3.36%  24.1   80s
 155044 73423 1171.48800   31  104 1191.71110 1152.30355  3.31%  24.1   85s
H156179 71927                    1190.9771828 1152.35649  3.24%  24.0   85s
H156986 72357                    1190.9771470 1152.42465  3.24%  24.0   86s
H159105 69558                    1189.6703575 1152.53494  3.12%  24.0   87s
 161918 71066 1160.90749   37   90 1189.67036 1152.72267  3.11%  24.0   90s
 169688 74424 1184.39380   54   78 1189.67036 1153.21252  3.06%  24.0   95s
 178328 78123 1168.72755   31   82 1189.67036 1153.74150  3.02%  24.0  100s
 188985 82591 1179.83259   43   81 1189.67036 1154.25296  2.98%  24.0  105s
H195468 82749                    1188.9680730 1154.60551  2.89%  23.9  108s
H195469 82495                    1188.8831904 1154.60551  2.88%  23.9  108s
H195533 82251                    1188.8033812 1154.60616  2.88%  23.9  108s
H195572 82245                    1188.8012400 1154.60913  2.88%  23.9  108s
H195642 82168                    1188.7789900 1154.61127  2.87%  23.9  108s
 197673 83300     cutoff   41      1188.77899 1154.69549  2.87%  23.9  110s
H203066 71311                    1184.8599602 1154.93497  2.53%  23.9  112s
H203879 71292                    1184.7762794 1154.96065  2.52%  23.9  112s
 207092 72629 1167.74238   36   98 1184.77628 1155.15361  2.50%  23.9  115s
H217206 65076                    1181.8185737 1155.66762  2.21%  23.8  121s
H219138 65226                    1181.7001942 1155.76790  2.19%  23.8  123s
H219142 64440                    1181.4758084 1155.76790  2.18%  23.8  123s
H219146 64005                    1181.3391953 1155.76790  2.16%  23.8  123s
 221149 64879 1158.22199   39   93 1181.33920 1155.86871  2.16%  23.8  125s
H227721 66555                    1181.3349525 1156.23500  2.12%  23.8  128s
H227809 64291                    1180.6839479 1156.24155  2.07%  23.8  128s
H229026 63101                    1180.2635304 1156.29180  2.03%  23.8  129s
 229135 63337     cutoff   32      1180.26353 1156.29302  2.03%  23.8  130s
H230177 61922                    1179.8501228 1156.33429  1.99%  23.8  131s
 237264 64074 1174.37100   46   85 1179.85012 1156.68388  1.96%  23.7  135s
 249070 67239 1164.42937   36   80 1179.85012 1157.20731  1.92%  23.7  140s
 259960 69678 1178.10299   46   92 1179.85012 1157.68275  1.88%  23.6  145s
 271002 72219 1177.31751   45   77 1179.85012 1158.09397  1.84%  23.5  150s
 280063 74262 1158.59131   27   97 1179.85012 1158.40838  1.82%  23.5  155s
 289383 76388 1179.55970   36   85 1179.85012 1158.74845  1.79%  23.4  160s
 299351 78637 1170.44895   40   89 1179.85012 1159.11138  1.76%  23.4  165s
H300474 70968                    1178.0174334 1159.13531  1.60%  23.4  165s
H302496 70414                    1177.8519816 1159.20806  1.58%  23.4  167s
 306730 71393 1165.15521   34   95 1177.85198 1159.36374  1.57%  23.3  170s
 317537 73628     cutoff   38      1177.85198 1159.70906  1.54%  23.2  175s

Cutting planes:
  Gomory: 2
  Cover: 33
  Implied bound: 71
  MIR: 3
  Flow cover: 9

Explored 326398 nodes (7562889 simplex iterations) in 178.94 seconds (116.13 work units)
Thread count was 8 (of 8 available processors)

Solution count 10: 1177.85 1178.02 1179.85 ... 1181.82

Solve interrupted
Best objective 1.177851981633e+03, best bound 1.159972076980e+03, gap 1.5180%
