
Gurobi 9.5.0 (win64) logging started Tue Mar 15 18:20:25 2022

Set parameter LogFile to value "C:\Users\kmajd1\Documents\NNRepLayer_v2\demos\examples\tc5_mnist_watermark_removal/tc5/repair_net_single_wm/logs/opt_log_layer1.log"
Gurobi Optimizer version 9.5.0 build v9.5.0rc5 (win64)
Thread count: 8 physical cores, 16 logical processors, using up to 16 threads
Optimize a model with 236720 rows, 118520 columns and 592396 nonzeros
Model fingerprint: 0xc6dc0378
Model has 11 quadratic objective terms
Variable types: 118061 continuous, 459 integer (459 binary)
Coefficient statistics:
  Matrix range     [9e-06, 2e+01]
  Objective range  [6e+00, 4e+01]
  QObjective range [2e+00, 2e+00]
  Bounds range     [1e+00, 2e+01]
  RHS range        [1e-06, 2e+01]
Presolve removed 750 rows and 300 columns
Presolve time: 0.70s
Presolved: 235970 rows, 118220 columns, 591196 nonzeros
Presolved model has 11 quadratic objective terms
Variable types: 118061 continuous, 159 integer (159 binary)
Root relaxation presolve removed 150 rows and 150 columns
Root relaxation presolved: 235820 rows, 118070 columns, 590896 nonzeros
Root relaxation presolved model has 11 quadratic objective terms


Root simplex log...

Iteration    Objective       Primal Inf.    Dual Inf.      Time
   24431    0.0000000e+00   2.582090e+05   0.000000e+00      6s
   70391    0.0000000e+00   2.008640e+05   0.000000e+00     10s
  146991    0.0000000e+00   1.051559e+05   0.000000e+00     15s
  227186    0.0000000e+00   5.230266e+03   0.000000e+00     20s
  228896    0.0000000e+00   4.160895e+03   0.000000e+00     25s
  230676    0.0000000e+00   3.049379e+03   0.000000e+00     30s
  232646    0.0000000e+00   1.818380e+03   0.000000e+00     35s
  234406    0.0000000e+00   7.205620e+02   0.000000e+00     40s
  235904    0.0000000e+00   0.000000e+00   0.000000e+00     45s
  235904    0.0000000e+00   0.000000e+00   0.000000e+00     46s

Root relaxation: objective 0.000000e+00, 235904 iterations, 45.02 seconds (111.16 work units)

    Nodes    |    Current Node    |     Objective Bounds      |     Work
 Expl Unexpl |  Obj  Depth IntInf | Incumbent    BestBd   Gap | It/Node Time

H    0     0                    1851.1298777    0.00000   100%     -   46s
     0     0    0.00000    0  141 1851.12988    0.00000   100%     -   46s
H    0     0                     124.9399683    0.00000   100%     - 2742s
H    0     0                     124.9399560    0.00000   100%     - 2773s
     0     0    1.62730    0  143  124.93996    1.62730  98.7%     - 2818s
     0     0   12.72888    0  142  124.93996   12.72888  89.8%     - 2849s
     0     0   12.72888    0  142  124.93996   12.72888  89.8%     - 2849s
     0     2   12.72888    0  142  124.93996   12.72888  89.8%     - 2850s
     1     1     cutoff    1       124.93996   23.86664  80.9% 70580 3386s

Resetting heuristic parameters to focus on improving solution
(using Heuristics=0.5 and RINS=10)...


Explored 3 nodes (317370 simplex iterations) in 3600.15 seconds (10021.74 work units)
Thread count was 16 (of 16 available processors)

Solution count 2: 124.94 1851.13 

Time limit reached
Best objective 1.249399559749e+02, best bound 2.545775622304e+01, gap 79.6240%
