
Gurobi 9.5.1 (mac64[x86]) logging started Tue May 31 20:06:25 2022

Set parameter LogFile to value "/Users/keyvanmajd/Documents/NNRepLayer_v2/demos/examples/tc7_walking_example/repair_net/logs/opt_log_layer3_5_31_2022_20_5_50.log"
Gurobi Optimizer version 9.5.1 build v9.5.1rc2 (mac64[x86])
Thread count: 4 physical cores, 8 logical processors, using up to 8 threads
Optimize a model with 1932 rows, 1167 columns and 5118 nonzeros
Model fingerprint: 0xc9127142
Model has 101 quadratic objective terms
Variable types: 567 continuous, 600 integer (600 binary)
Coefficient statistics:
  Matrix range     [7e-04, 1e+02]
  Objective range  [3e-02, 4e+01]
  QObjective range [2e+00, 2e+00]
  Bounds range     [1e+00, 1e+02]
  RHS range        [4e-03, 1e+02]
Presolve removed 400 rows and 0 columns
Presolve time: 0.00s

Explored 0 nodes (0 simplex iterations) in 0.00 seconds (0.00 work units)
Thread count was 1 (of 8 available processors)

Solution count 0

Model is infeasible
Best objective -, best bound -, gap -
