
Gurobi 9.5.1 (linux64) logging started Tue 16 Aug 2022 03:39:54 PM MST

Set parameter LogFile to value "/home/local/ASUAD/kmajd1/NNRepLayer_v2/demos/walking_example/global_constraint_upper_10/repair_net/logs/opt_log_multi_16.log"
Gurobi Optimizer version 9.5.1 build v9.5.1rc2 (linux64)
Thread count: 48 physical cores, 96 logical processors, using up to 45 threads
Optimize a model with 16863 rows, 10742 columns and 147967 nonzeros
Model fingerprint: 0x1058add8
Model has 149 quadratic objective terms
Variable types: 5974 continuous, 4768 integer (4768 binary)
Coefficient statistics:
  Matrix range     [3e-04, 2e+02]
  Objective range  [2e-03, 1e+00]
  QObjective range [1e-02, 1e-02]
  Bounds range     [1e+00, 2e+03]
  RHS range        [2e-04, 2e+02]

Concurrent MIP optimizer: 3 concurrent instances (15 threads per instance)

Presolve removed 618 rows and 160 columns
Presolve time: 0.28s
Presolved: 16245 rows, 10582 columns, 147029 nonzeros
Presolved model has 149 quadratic objective terms
Variable types: 5814 continuous, 4768 integer (4768 binary)
Root relaxation presolve removed 4768 rows and 4768 columns
Root relaxation presolved: 11477 rows, 5814 columns, 132725 nonzeros
Root relaxation presolved model has 149 quadratic objective terms


Root relaxation: objective 3.086418e+01, 6329 iterations, 0.33 seconds (0.59 work units)

    Nodes    |    Current Node    |     Objective Bounds      |     Work
 Expl Unexpl |  Obj  Depth IntInf | Incumbent    BestBd   Gap | It/Node Time

     0     0      -    -    -      192.04761   30.86418  83.9%     -    1s
     0     0      -    -    -      182.95512   30.86418  83.1%     -    5s
     0     2      -    -    -       35.11731   30.86418  12.1%     -    9s
     3     8      -    -    -       35.11731   30.86418  12.1%     -   10s
   878   894      -    -    -       35.08630   30.86418  12.0%     -   22s

Resetting heuristic parameters to focus on improving solution
(using Heuristics=0.5 and RINS=10)...

   893   909      -    -    -       34.94860   30.86418  11.7%     -   41s
   908   939      -    -    -       34.80899   30.86418  11.3%     -   78s
   938   985      -    -    -       34.70471   30.86418  11.1%     -  123s
   984  1010      -    -    -       34.67657   30.86418  11.0%     -  136s

Instance 1 was solved

Explored 1614 nodes (157038 simplex iterations) in 136.29 seconds (218.60 work units)
Thread count was 15 (of 96 available processors)

Solution count 10: 34.6766 34.7047 34.7068 ... 34.7289 

Optimal solution found (tolerance 1.10e-01)
Best objective 3.467657262709e+01, best bound 3.086418199510e+01, gap 10.9941%
