
Gurobi 9.5.1 (mac64[x86]) logging started Tue May 31 20:09:08 2022

Set parameter LogFile to value "/Users/keyvanmajd/Documents/NNRepLayer_v2/demos/examples/tc7_walking_example/repair_net/logs/opt_log_layer3_5_31_2022_20_8_32.log"
Gurobi Optimizer version 9.5.1 build v9.5.1rc2 (mac64[x86])
Thread count: 4 physical cores, 8 logical processors, using up to 8 threads
Optimize a model with 1932 rows, 1167 columns and 5140 nonzeros
Model fingerprint: 0x34abc8fd
Model has 101 quadratic objective terms
Variable types: 567 continuous, 600 integer (600 binary)
Coefficient statistics:
  Matrix range     [9e-03, 1e+02]
  Objective range  [7e-03, 4e+01]
  QObjective range [2e+00, 2e+00]
  Bounds range     [1e+00, 1e+02]
  RHS range        [6e-04, 1e+02]
Presolve removed 1164 rows and 454 columns
Presolve time: 0.01s
Presolved: 768 rows, 713 columns, 3272 nonzeros
Presolved model has 101 quadratic objective terms
Variable types: 534 continuous, 179 integer (179 binary)
Root relaxation presolve removed 179 rows and 179 columns
Root relaxation presolved: 589 rows, 534 columns, 2914 nonzeros
Root relaxation presolved model has 101 quadratic objective terms


Root relaxation: objective 7.396175e+02, 1059 iterations, 0.01 seconds (0.01 work units)

    Nodes    |    Current Node    |     Objective Bounds      |     Work
 Expl Unexpl |  Obj  Depth IntInf | Incumbent    BestBd   Gap | It/Node Time

     0     0  739.61747    0  114          -  739.61747      -     -    0s
H    0     0                     939.9364422  739.61747  21.3%     -    0s
     0     0  742.40263    0  127  939.93644  742.40263  21.0%     -    0s
     0     2  742.40263    0  127  939.93644  742.40263  21.0%     -    0s
H   69    86                     939.8720392  753.55697  19.8%  43.1    0s
H   77    86                     939.6196989  753.55697  19.8%  39.4    0s
H  119   130                     919.9140823  753.55697  18.1%  38.3    0s
H  522   521                     919.7386895  753.55697  18.1%  27.6    0s
H  523   521                     919.4576236  753.55697  18.0%  27.8    0s
H  648   638                     908.4814937  753.55697  17.1%  25.5    0s
H  654   634                     903.8490411  753.55697  16.6%  25.3    0s
*  673   642             141     897.7147917  753.55697  16.1%  24.9    0s
H  680   618                     888.8085006  753.55697  15.2%  24.7    0s
*  699   594             139     888.5030754  753.91022  15.1%  24.6    0s
H 1064   876                     888.5030751  757.87132  14.7%  32.6    1s
H 1398  1047                     888.5030658  757.87132  14.7%  38.7    1s
H 2407  1348                     888.2484201  757.87132  14.7%  34.5    3s
H 2409  1308                     888.1941881  757.87132  14.7%  34.5    3s
H 3478  1730                     888.1222133  762.11195  14.2%  34.6    4s
H 3479  1721                     887.6950836  762.11195  14.1%  34.6    4s
H 3825  1929                     885.1838115  762.11195  13.9%  34.1    4s
H 4109  2060                     885.1837533  762.11195  13.9%  33.3    4s
H 4517  2192                     882.3779595  763.43609  13.5%  33.4    4s
  5053  2585  868.68208   67   45  882.37796  763.43609  13.5%  32.5    5s
H 5089  2550                     881.6672977  763.43609  13.4%  32.3    5s
H 9996  5169                     881.2328605  780.86436  11.4%  33.0    7s
H 9997  5160                     881.1106891  780.86436  11.4%  33.0    7s
H10228  5134                     880.8262147  780.86436  11.3%  32.8    9s
H10229  5123                     880.7275279  780.86436  11.3%  32.8    9s
H10232  5095                     880.4645637  780.86436  11.3%  32.8    9s
H10235  5027                     879.8929733  780.86436  11.3%  32.8    9s
H10236  5140                     879.8929732  780.86436  11.3%  32.8   10s
H11369  5627                     879.8662876  785.08675  10.8%  32.7   11s
 19940 10491  866.35111   24  107  879.86629  801.65725  8.89%  31.6   15s
H24837 12263                     878.9058110  809.21800  7.93%  31.2   17s
H28733 14399                     878.8787390  811.55705  7.66%  30.8   19s
H28735 14252                     878.3491142  811.55705  7.60%  30.8   19s
H28741 14232                     878.2962428  811.55705  7.60%  30.8   19s
 28744 14696  867.04227   43   65  878.29624  811.57183  7.60%  30.8   20s
 40416 20654  832.56269   41   77  878.29624  816.74555  7.01%  29.7   25s
 50878 26355  876.41257   68   51  878.29624  819.25808  6.72%  28.9   30s
 62866 32634     cutoff   48       878.29624  821.66510  6.45%  28.2   35s
H67717 34930                     878.1825823  822.43485  6.35%  28.0   37s
H67803 34913                     878.1649738  822.44812  6.34%  28.0   37s
H71349 36841                     878.1639404  822.84077  6.30%  27.9   39s
 72463 37866  832.78015   25  105  878.16394  823.02327  6.28%  27.8   40s
 82528 43483  839.55008   44   73  878.16394  823.95549  6.17%  27.5   45s
 94339 49865  833.33799   30   96  878.16394  825.16895  6.03%  27.1   50s
 103923 55124     cutoff   35       878.16394  825.76604  5.97%  26.9   55s
 111688 59081  841.05639   25   91  878.16394  826.14776  5.92%  26.8   60s
 119267 63049  847.82651   44   79  878.16394  826.69519  5.86%  26.7   65s
H125063 65804                     878.1625557  827.12539  5.81%  26.6   69s
 126468 66486  864.03946   27  102  878.16256  827.23902  5.80%  26.6   70s
H126470 66484                     878.1605329  827.23902  5.80%  26.6   70s
H126699 66484                     878.1603231  827.23902  5.80%  26.6   70s
H128566 67541                     878.1602912  827.31296  5.79%  26.5   71s
H128632 67526                     878.1453535  827.31639  5.79%  26.5   71s
 133449 70354  859.61462   50   65  878.14535  827.62064  5.75%  26.4   75s
 143704 75722     cutoff   57       878.14535  828.18773  5.69%  26.3   80s
 153969 80771     cutoff   46       878.14535  828.66067  5.64%  26.1   85s
H162164 80850                     876.3260840  829.02173  5.40%  26.0   89s
H162569 80879                     876.3256060  829.02173  5.40%  26.0   89s
H162570 80862                     876.3190568  829.02173  5.40%  26.0   89s
H162640 80861                     876.3185568  829.02173  5.40%  26.0   89s
 162641 81320     cutoff   46       876.31856  829.03630  5.40%  26.0   90s
H164512 81811                     876.3125562  829.10384  5.39%  26.0   91s
H164522 81811                     876.3125512  829.10384  5.39%  26.0   91s
H164524 80674                     875.8706016  829.10384  5.34%  26.0   91s
H166058 80568                     875.5750673  829.16798  5.30%  26.0   92s
 169622 82739  874.07171   39   89  875.57507  829.38015  5.28%  25.9   95s
 178286 87025     cutoff   46       875.57507  829.68182  5.24%  25.8  100s
H181854 87466                     875.2919316  829.81313  5.20%  25.8  102s
H181856 87396                     875.2659376  829.81313  5.19%  25.8  102s
 186226 89863  870.21087   50   78  875.26594  830.00808  5.17%  25.7  105s
 196484 94704  854.41351   36   73  875.26594  830.36402  5.13%  25.7  110s
H199906 95921                     875.2410320  830.43204  5.12%  25.7  113s
H199908 95738                     875.1933771  830.43204  5.11%  25.7  113s
H199909 95390                     875.0928694  830.43204  5.10%  25.7  113s
H199910 94682                     874.8793484  830.43204  5.08%  25.7  113s
H199911 94586                     874.8546738  830.43204  5.08%  25.7  113s
 201844 95444  857.68845   51   61  874.85467  830.50912  5.07%  25.7  115s
H201846 95201                     874.7750079  830.50912  5.06%  25.7  115s
H201853 93635                     874.3214990  830.50912  5.01%  25.7  115s
 211191 98012  873.65645   53   69  874.32150  830.83603  4.97%  25.6  120s
 217279 100805  860.36532   48   71  874.32150  831.00942  4.95%  25.5  125s
H219020 100573                     874.1277174  831.05033  4.93%  25.5  127s
 221745 102029  867.03961   51   73  874.12772  831.13004  4.92%  25.5  130s
 228011 104726  871.10686   59   62  874.12772  831.31197  4.90%  25.5  135s
 234341 107619  870.85666   46   61  874.12772  831.50810  4.88%  25.4  140s
H240146 109747                     874.1277171  831.64397  4.86%  25.4  143s
 242104 110961  831.70806   29  102  874.12772  831.70559  4.85%  25.4  145s
H246695 112717                     874.0946514  831.79863  4.84%  25.4  147s
 250885 114906  834.21210   33   81  874.09465  831.88523  4.83%  25.4  150s
H258669 114475                     873.3144943  832.05173  4.72%  25.3  155s
 267047 118718  873.01020   57   67  873.31449  832.25190  4.70%  25.3  160s
 275934 122558  857.64459   33   80  873.31449  832.44043  4.68%  25.2  165s
H277808 122502                     873.2138612  832.47666  4.67%  25.2  166s
H277810 122506                     873.2138610  832.47666  4.67%  25.2  168s
H277811 122506                     873.2138600  832.47666  4.67%  25.2  168s
H277813 122506                     873.2138576  832.47666  4.67%  25.2  168s
 279908 123799  861.61440   42   69  873.21386  832.51956  4.66%  25.2  170s
 288652 127751  872.40266   50   75  873.21386  832.66458  4.64%  25.2  175s
 297554 131556  869.41455   41   68  873.21386  832.85975  4.62%  25.1  180s
 306437 135387     cutoff   45       873.21386  833.00027  4.61%  25.1  185s
 315924 139403  866.79208   29   95  873.21386  833.17031  4.59%  25.0  190s
 323166 142585  843.99779   36   83  873.21386  833.28618  4.57%  25.0  195s
 334203 147097  871.34500   52   66  873.21386  833.48313  4.55%  25.0  200s
 343906 150991     cutoff   52       873.21386  833.64568  4.53%  24.9  205s
 352546 154910  838.26633   38   86  873.21386  833.80831  4.51%  24.9  210s
 361649 158663  847.73454   36   80  873.21386  833.94991  4.50%  24.9  215s
 369407 162114  864.77930   43   81  873.21386  834.07809  4.48%  24.9  220s
 378294 165952  872.08396   52   70  873.21386  834.22056  4.47%  24.8  225s
 387833 169746     cutoff   42       873.21386  834.34688  4.45%  24.8  230s
 397294 173591  839.28084   29   88  873.21386  834.46832  4.44%  24.8  235s
 406323 177212  866.17100   56   60  873.21386  834.58956  4.42%  24.8  240s
 415694 180994  872.27150   49   69  873.21386  834.71768  4.41%  24.7  245s
 424698 184401  871.05750   46   78  873.21386  834.85261  4.39%  24.7  250s
 434207 187972  856.15982   47   67  873.21386  834.98436  4.38%  24.6  255s
 443367 191406  857.02603   46   77  873.21386  835.12328  4.36%  24.6  260s
 452975 195528  871.10031   64   61  873.21386  835.26049  4.35%  24.6  265s
 461701 199260  843.99828   37   88  873.21386  835.35255  4.34%  24.5  270s
 471705 203268  864.89123   47   78  873.21386  835.47893  4.32%  24.5  275s
 480866 206898     cutoff   55       873.21386  835.58128  4.31%  24.5  280s
 490897 210888  846.36063   40   80  873.21386  835.68485  4.30%  24.5  285s
 499143 214375  863.82841   39   70  873.21386  835.76506  4.29%  24.5  290s
 507914 217973  867.01987   49   62  873.21386  835.88664  4.27%  24.5  295s
 516762 221419     cutoff   63       873.21386  835.99004  4.26%  24.4  300s
 525561 225029  871.85708   53   51  873.21386  836.10947  4.25%  24.4  305s
 534711 228516  854.55129   47   67  873.21386  836.20110  4.24%  24.4  310s
 545170 232558  849.78974   43   89  873.21386  836.30589  4.23%  24.4  315s
 554391 236069     cutoff   53       873.21386  836.41237  4.21%  24.4  320s
 563251 239671  840.74324   41   82  873.21386  836.50708  4.20%  24.4  325s
 571460 242885  854.95563   41   71  873.21386  836.59172  4.19%  24.3  330s
 581549 246750  840.99638   44   87  873.21386  836.69920  4.18%  24.3  335s
H582543 246756                     873.2138552  836.70989  4.18%  24.3  338s
H583383 247063                     873.2138344  836.71547  4.18%  24.3  338s
 584619 247694     cutoff   50       873.21383  836.73939  4.18%  24.3  340s
 593837 251367  856.55660   47   64  873.21383  836.83821  4.17%  24.3  345s
 604119 255274  872.79340   32   99  873.21383  836.94993  4.15%  24.3  350s
 612314 258332  866.19918   49   72  873.21383  837.03248  4.14%  24.3  355s
 621483 261857     cutoff   57       873.21383  837.14259  4.13%  24.3  360s
 630064 264940     cutoff   53       873.21383  837.22077  4.12%  24.2  365s
 638793 268089  872.67558   33   93  873.21383  837.33132  4.11%  24.2  370s
 648295 271426  845.30293   41   88  873.21383  837.41697  4.10%  24.2  375s
 657772 274801  863.10266   39   87  873.21383  837.51964  4.09%  24.2  380s
 667018 278153  856.11875   46   71  873.21383  837.62045  4.08%  24.2  385s
 675369 281310     cutoff   46       873.21383  837.69412  4.07%  24.2  390s
 685253 284977     cutoff   57       873.21383  837.78726  4.06%  24.2  395s
 694162 288102  865.48267   46   68  873.21383  837.88522  4.05%  24.1  400s
 703882 291594     cutoff   52       873.21383  837.98386  4.03%  24.1  405s
 713351 295196  863.52102   43   90  873.21383  838.06460  4.03%  24.1  410s
 721601 298182  859.33405   42   80  873.21383  838.14110  4.02%  24.1  415s
 731409 301561     cutoff   57       873.21383  838.23535  4.01%  24.1  420s
 741057 304984     cutoff   36       873.21383  838.32145  4.00%  24.1  425s
 750548 308344  841.60549   36   82  873.21383  838.41546  3.99%  24.0  430s
 760050 311549  872.95652   51   57  873.21383  838.50838  3.97%  24.0  435s
 769645 314765  856.75535   52   69  873.21383  838.58737  3.97%  24.0  440s
 777681 317692  847.94832   39   86  873.21383  838.65450  3.96%  24.0  445s
 787286 321063     cutoff   46       873.21383  838.75193  3.95%  24.0  450s
 796668 324327  869.61623   48   80  873.21383  838.83215  3.94%  24.0  455s
 806372 327724     cutoff   44       873.21383  838.92790  3.93%  24.0  460s
 815960 330924  856.86507   52   74  873.21383  839.01574  3.92%  24.0  465s
 825358 334106  872.57644   67   71  873.21383  839.10161  3.91%  24.0  470s
 833763 336999  855.17488   40   76  873.21383  839.20411  3.89%  23.9  475s
 842285 339867  850.56705   46   84  873.21383  839.27715  3.89%  23.9  480s
 847644 341811  864.79680   44   75  873.21383  839.32680  3.88%  23.9  485s
 853791 343972     cutoff   56       873.21383  839.37708  3.87%  23.9  490s
 859736 346048  856.71298   44   80  873.21383  839.43256  3.87%  23.9  495s
 865937 348003  868.62583   50   72  873.21383  839.48755  3.86%  23.9  500s
 870741 349287     cutoff   53       873.21383  839.52393  3.86%  23.9  506s
H870746 349287                     873.2138312  839.52393  3.86%  23.9  506s
 870750 349290  851.96019   45   84  873.21383  839.52393  3.86%  23.9  510s
H870761 337673                     872.2679489  839.52393  3.75%  23.9  510s
 875293 339525     cutoff   38       872.26795  839.56324  3.75%  23.9  515s
 881659 341436  868.69673   50   69  872.26795  839.62091  3.74%  23.9  520s
 887774 343318  857.45817   42   68  872.26795  839.67823  3.74%  23.9  525s
 893770 345215  857.14238   48   74  872.26795  839.74223  3.73%  23.9  530s
 899948 347134     cutoff   52       872.26795  839.79420  3.72%  23.9  535s
 907412 349522  863.75063   57   74  872.26795  839.86678  3.71%  23.9  540s
H909025 349789                     872.2679488  839.88123  3.71%  23.9  541s
H910794 350190                     872.2679483  839.89545  3.71%  23.9  543s
H910795 350190                     872.2679482  839.89545  3.71%  23.9  543s
H910797 350190                     872.2679436  839.89545  3.71%  23.9  543s
 912985 351307  857.26267   45   80  872.26794  839.91529  3.71%  23.9  545s
 923071 354393     cutoff   49       872.26794  840.00250  3.70%  23.8  550s
 932784 357295     cutoff   56       872.26794  840.08092  3.69%  23.8  555s
 942685 360301  867.83111   46   72  872.26794  840.17907  3.68%  23.8  560s
 952366 363201  856.00146   41   75  872.26794  840.26709  3.67%  23.8  565s
 960804 365766  871.60164   54   70  872.26794  840.34377  3.66%  23.8  570s
 970363 368682  848.71538   43   80  872.26794  840.42802  3.65%  23.8  575s
 981167 372041     cutoff   32       872.26794  840.51621  3.64%  23.8  580s
 990845 374879  870.58661   31   94  872.26794  840.59961  3.63%  23.8  585s
 1000268 377703  852.20805   44   75  872.26794  840.68906  3.62%  23.8  590s
 1008235 380174  843.90006   38   69  872.26794  840.75438  3.61%  23.8  595s
 1018302 383217  865.41530   63   67  872.26794  840.84600  3.60%  23.7  600s
 1027794 386057  843.26920   33   87  872.26794  840.92765  3.59%  23.7  605s
 1037604 389162  855.67193   36   79  872.26794  841.02382  3.58%  23.7  610s
 1047280 392002  860.03900   46   71  872.26794  841.10126  3.57%  23.7  615s
H1054618 393816                     872.2679381  841.16294  3.57%  23.7  618s
 1055916 394433  848.04950   42   79  872.26794  841.17975  3.56%  23.7  620s
 1065503 397321  870.31766   53   57  872.26794  841.27013  3.55%  23.7  625s
 1075102 400020  871.44830   43   80  872.26794  841.34433  3.55%  23.7  630s
 1085008 402856  843.85504   39   95  872.26794  841.44064  3.53%  23.6  635s
 1094702 405576  855.66159   42   73  872.26794  841.53363  3.52%  23.6  640s
 1104400 408560  848.25553   38   70  872.26794  841.62082  3.51%  23.6  645s
 1114123 411248  848.05898   42   74  872.26794  841.70398  3.50%  23.6  650s
 1125126 414567  859.16643   47   73  872.26794  841.78710  3.49%  23.6  655s
 1134610 417353  868.72216   37   80  872.26794  841.86132  3.49%  23.6  660s
 1144225 420282  850.47952   44   74  872.26794  841.93420  3.48%  23.6  665s
H1146741 420631                     872.2679331  841.95030  3.48%  23.6  668s
H1146742 420631                     872.2679308  841.95030  3.48%  23.6  668s
H1146746 420631                     872.2679223  841.95030  3.48%  23.6  668s
H1146752 420631                     872.2679198  841.95030  3.48%  23.6  668s
 1148745 421613  870.52272   41   74  872.26792  841.96597  3.47%  23.5  670s
 1158269 424379  856.19646   45   83  872.26792  842.04264  3.47%  23.5  675s
 1167111 426749     cutoff   52       872.26792  842.10946  3.46%  23.5  680s
 1177291 429799     cutoff   41       872.26792  842.17678  3.45%  23.5  685s
 1185753 432279  871.86994   42   80  872.26792  842.24499  3.44%  23.5  690s
 1195415 434900     cutoff   53       872.26792  842.32701  3.43%  23.5  695s
 1206456 438030  870.68609   49   83  872.26792  842.42079  3.42%  23.5  700s
 1215309 440401  857.39146   43   69  872.26792  842.49883  3.41%  23.5  705s
 1225400 443252  842.63054   37   90  872.26792  842.58005  3.40%  23.5  710s
 1235204 446194     cutoff   42       872.26792  842.65681  3.39%  23.4  715s
 1245083 448903  864.46701   44   83  872.26792  842.73144  3.39%  23.4  720s
 1254801 451625  863.58748   48   82  872.26792  842.81146  3.38%  23.4  725s
 1264658 454285  868.74268   53   70  872.26792  842.88150  3.37%  23.4  730s
 1273368 456682  871.88388   39   75  872.26792  842.93701  3.36%  23.4  735s
 1284573 459858  865.45947   48   63  872.26792  843.02083  3.35%  23.4  740s
 1293982 462491     cutoff   51       872.26792  843.08846  3.35%  23.4  745s
 1303672 465282  871.42957   41   81  872.26792  843.16865  3.34%  23.3  750s
 1312104 467755  869.49420   48   73  872.26792  843.23214  3.33%  23.3  755s
 1321507 470444  870.21178   47   64  872.26792  843.30195  3.32%  23.3  760s
 1331407 473239  863.06721   42   77  872.26792  843.37415  3.31%  23.3  765s
 1341823 476222  871.45354   41   81  872.26792  843.45487  3.30%  23.3  770s
 1351383 479043  870.27516   49   73  872.26792  843.52305  3.30%  23.3  775s
H1358571 481161                     872.2679117  843.57595  3.29%  23.3  779s
 1359504 481621  866.96115   40   81  872.26791  843.58108  3.29%  23.3  780s
 1368833 484234  853.68156   49   72  872.26791  843.65344  3.28%  23.3  785s
 1378877 487098  852.19636   44   69  872.26791  843.71934  3.27%  23.2  790s
 1388720 489754  854.99402   44   73  872.26791  843.78985  3.26%  23.2  795s
 1398570 492478  868.52474   52   69  872.26791  843.85821  3.26%  23.2  800s
 1408544 495170  868.14489   46   80  872.26791  843.92762  3.25%  23.2  805s
 1418168 497891     cutoff   43       872.26791  844.00258  3.24%  23.2  810s
 1425377 499548  870.53342   50   76  872.26791  844.04331  3.24%  23.2  816s
H1425383 499548                     872.2679089  844.04331  3.24%  23.2  816s
 1430901 501278  858.75967   39   70  872.26791  844.07820  3.23%  23.2  820s
 1440658 504149  872.09082   50   70  872.26791  844.14633  3.22%  23.2  825s
 1450243 506881  866.02002   57   81  872.26791  844.21422  3.22%  23.2  830s
 1459790 509596  850.62355   46   74  872.26791  844.27884  3.21%  23.1  835s
 1468336 511987  865.25727   49   78  872.26791  844.32970  3.20%  23.1  840s
 1477676 514786  844.43367   34   87  872.26791  844.39474  3.20%  23.1  845s
 1488495 517950  872.02400   42   67  872.26791  844.46751  3.19%  23.1  850s
 1498326 521073  871.52034   48   73  872.26791  844.53254  3.18%  23.1  855s
 1507754 523732  870.24651   64   58  872.26791  844.59271  3.17%  23.1  860s
 1517568 526330  859.89164   39   90  872.26791  844.65530  3.17%  23.1  865s
 1528340 529447  860.23972   40   82  872.26791  844.72433  3.16%  23.1  870s
 1538913 532575  867.69856   52   60  872.26791  844.78753  3.15%  23.0  875s
 1548411 535457  865.05090   44   77  872.26791  844.84391  3.14%  23.0  880s
 1557973 538175  867.15918   43   81  872.26791  844.89663  3.14%  23.0  885s
 1567720 540578  866.70791   44   76  872.26791  844.94931  3.13%  23.0  890s
 1576087 543469  871.08477   55   62  872.26791  844.99700  3.13%  23.0  895s
 1585614 546134  852.88391   35   83  872.26791  845.05299  3.12%  23.0  900s
 1595522 549098  856.80987   44   80  872.26791  845.10612  3.11%  23.0  905s
 1606538 552222  870.59246   45   71  872.26791  845.17165  3.11%  23.0  910s
 1612658 553932  861.86286   41   76  872.26791  845.20570  3.10%  23.0  915s
 1618741 555593  866.23662   53   64  872.26791  845.23740  3.10%  22.9  920s
 1624758 557300  862.97612   40   90  872.26791  845.27356  3.09%  22.9  925s

Cutting planes:
  Cover: 35
  Implied bound: 65
  MIR: 9
  Flow cover: 6

Explored 1625657 nodes (37291657 simplex iterations) in 925.10 seconds (646.58 work units)
Thread count was 8 (of 8 available processors)

Solution count 10: 872.268 872.268 872.268 ... 873.214

Solve interrupted
Best objective 8.722679089150e+02, best bound 8.452802656332e+02, gap 3.0940%
