
Gurobi 9.5.1 (linux64) logging started Mon 06 Jun 2022 10:45:27 AM MST

Set parameter LogFile to value "/home/local/ASUAD/kmajd1/NNRepLayer_v2/demos/examples/tc7_walking_example/repair_net/logs/opt_log_64_nodes_layer4_200_6_6_2022_10_45_10.log"
Gurobi Optimizer version 9.5.1 build v9.5.1rc2 (linux64)
Thread count: 48 physical cores, 96 logical processors, using up to 32 threads
Optimize a model with 730 rows, 266 columns and 3931 nonzeros
Model fingerprint: 0xd6b258e4
Model has 201 quadratic objective terms
Coefficient statistics:
  Matrix range     [6e-04, 1e+01]
  Objective range  [6e-02, 2e+01]
  QObjective range [1e+00, 2e+00]
  Bounds range     [1e+01, 4e+01]
  RHS range        [1e-03, 3e+01]
Presolve removed 435 rows and 18 columns
Presolve time: 0.00s
Presolved: 295 rows, 248 columns, 3473 nonzeros
Presolved model has 201 quadratic objective terms
Ordering time: 0.00s

Barrier statistics:
 Dense cols : 32
 AA' NZ     : 4.278e+03
 Factor NZ  : 5.981e+03
 Factor Ops : 1.675e+05 (less than 1 second per iteration)
 Threads    : 1

                  Objective                Residual
Iter       Primal          Dual         Primal    Dual     Compl     Time
   0   9.75163529e+07 -1.11538557e+08  1.38e+04 9.19e+02  8.87e+05     0s
   1   3.70467433e+07 -4.87785907e+07  8.41e+03 5.58e+02  5.47e+05     0s
   2   3.33071867e+06 -1.48427525e+07  2.57e+03 1.71e+02  2.17e+05     0s
   3   1.68018981e+04 -8.44380511e+06  2.65e+01 1.76e+00  1.60e+04     0s
   4   2.04958100e+04 -2.95784966e+05  1.41e-02 9.38e-04  5.34e+02     0s
   5   9.44726919e+03 -6.19553869e+04  2.84e-03 1.88e-04  1.21e+02     0s
   6   3.35137255e+03 -3.53021241e+04  7.74e-05 5.14e-06  6.53e+01     0s
   7   1.44599517e+03 -1.43793896e+03  3.46e-06 2.30e-07  4.87e+00     0s
   8   1.10291576e+03  4.32975863e+02  4.06e-07 2.69e-08  1.13e+00     0s
   9   1.05211668e+03  7.56478385e+02  5.20e-08 3.45e-09  4.99e-01     0s
  10   1.03647007e+03  9.29165146e+02  8.53e-14 2.22e-10  1.81e-01     0s
  11   1.02992291e+03  1.00724607e+03  5.68e-14 3.86e-10  3.83e-02     0s
  12   1.02883701e+03  1.02283938e+03  1.28e-13 9.35e-10  1.01e-02     0s
  13   1.02854107e+03  1.02849549e+03  2.77e-13 4.27e-09  7.70e-05     0s
  14   1.02853620e+03  1.02853569e+03  5.68e-14 2.14e-10  8.69e-07     0s
  15   1.02853595e+03  1.02853592e+03  2.27e-13 8.49e-09  4.18e-08     0s
  16   1.02853593e+03  1.02853593e+03  8.84e-12 1.37e-10  2.36e-09     0s

Barrier solved model in 16 iterations and 0.01 seconds (0.01 work units)
Optimal objective 1.02853593e+03

