
Gurobi 9.5.1 (linux64) logging started Sat 04 Jun 2022 09:28:48 PM MST

Set parameter LogFile to value "/home/local/ASUAD/kmajd1/NNRepLayer_v2/demos/examples/tc7_walking_example/repair_net/logs/opt_log_64_nodes_layer2_6_4_2022_21_25_15.log"
Gurobi Optimizer version 9.5.1 build v9.5.1rc2 (linux64)
Thread count: 48 physical cores, 96 logical processors, using up to 32 threads
Optimize a model with 162370 rows, 100311 columns and 1152598 nonzeros
Model fingerprint: 0xd3a10029
Model has 151 quadratic objective terms
Variable types: 42711 continuous, 57600 integer (57600 binary)
Coefficient statistics:
  Matrix range     [1e-04, 4e+01]
  Objective range  [2e-01, 3e+01]
  QObjective range [1e+00, 2e+00]
  Bounds range     [1e+00, 4e+01]
  RHS range        [1e-04, 4e+01]
Presolve removed 96556 rows and 38528 columns (presolve time = 5s) ...
Presolve removed 96556 rows and 38528 columns
Presolve time: 5.76s
Presolved: 65814 rows, 61783 columns, 998186 nonzeros
Presolved model has 151 quadratic objective terms
Variable types: 42583 continuous, 19200 integer (19200 binary)
Root relaxation presolve removed 19200 rows and 19200 columns
Root relaxation presolved: 46614 rows, 42583 columns, 959786 nonzeros
Root relaxation presolved model has 151 quadratic objective terms


Root simplex log...

Iteration    Objective       Primal Inf.    Dual Inf.      Time
       0    9.8713893e+02   0.000000e+00   0.000000e+00     20s
    2584    9.8713893e+02   5.877443e+04   0.000000e+00     20s
   17919    9.8713893e+02   2.957559e+04   0.000000e+00     25s
   27325    9.8713893e+02   1.874366e+04   0.000000e+00     30s
   35697    9.8713893e+02   1.157707e+04   0.000000e+00     35s
   42545    9.8713893e+02   6.758415e+03   0.000000e+00     40s
   50257    9.8713893e+02   2.944595e+03   0.000000e+00     45s
   57287    9.8713893e+02   1.453393e+03   0.000000e+00     50s
   64477    9.8713893e+02   4.481825e+02   0.000000e+00     55s
   71907    9.8713893e+02   5.827030e+00   0.000000e+00     60s
   72702    9.8713893e+02   0.000000e+00   0.000000e+00     61s
   72702    9.8713893e+02   0.000000e+00   0.000000e+00     61s

Root relaxation: objective 9.871389e+02, 72702 iterations, 45.84 seconds (140.56 work units)

    Nodes    |    Current Node    |     Objective Bounds      |     Work
 Expl Unexpl |  Obj  Depth IntInf | Incumbent    BestBd   Gap | It/Node Time

     0     0  987.13893    0 4056          -  987.13893      -     -   62s
     0     0  987.13893    0 3392          -  987.13893      -     -   92s
     0     0  987.13893    0 3389          -  987.13893      -     -  100s
     0     0  987.13893    0 4341          -  987.13893      -     -  116s
     0     0  987.13893    0 4283          -  987.13893      -     -  119s
     0     0  987.13893    0 4212          -  987.13893      -     -  126s
     0     0  987.13893    0 4139          -  987.13893      -     -  132s
     0     0  987.13893    0 4091          -  987.13893      -     -  148s
     0     0  987.13893    0 4091          -  987.13893      -     -  154s
H    0     0                    7824.8930286  987.13893  87.4%     -  328s
     0     2  987.13893    0 4091 7824.89303  987.13893  87.4%     -  407s
     1     4  987.16259    1 3835 7824.89303  987.13893  87.4%  5619  413s
     3     8  987.16259    2 3846 7824.89303  987.13893  87.4%  2460  425s
     7    16  987.16259    3 3916 7824.89303  987.13893  87.4%  3851  445s
    15    32  987.16259    4 4083 7824.89303  987.13893  87.4%  6658  498s
    31    64  987.16259    5 4215 7824.89303  987.13893  87.4%  7850  886s
    63    96  987.16259    6 4344 7824.89303  987.13893  87.4%  8798  902s
    95   128  987.25106    6 4355 7824.89303  987.13893  87.4%  7802  908s
   159   192  987.16259    8 4334 7824.89303  987.13893  87.4%  5023 1603s
H  160   192                    7824.8930273  987.13893  87.4%  4992 1603s
H  161   192                    7824.8930131  987.13893  87.4%  4964 1603s
H  162   192                    7824.8930115  987.13893  87.4%  4934 1603s
H  173   192                    7793.6499997  987.13893  87.3%  4707 1603s
   191   224  987.16259    9 4332 7793.65000  987.13893  87.3%  4286 2456s
   223   448  987.16259   10 4335 7793.65000  987.13893  87.3%  3714 2467s
   447  1812  987.16259   16 4323 7793.65000  987.13893  87.3%  2035 2499s
  1811  1844  987.16259   49 4268 7793.65000  987.13893  87.3%   690 3434s
H 1820  1844                    7793.6499842  987.13893  87.3%   690 3434s
H 1843  1876                    7787.8128696  987.13893  87.3%   685 7024s
H 1844  1876                    7775.5826576  987.13893  87.3%   685 7024s
H 1857  1876                    7714.9379261  987.13893  87.2%   684 7024s
  1875  4922  987.16259   50 4266 7714.93793  987.13893  87.2%   680 7205s
  4921  6728  987.16259  149 4152 7714.93793  987.13893  87.2%   398 7346s
  6727  9418  987.16259  204 4140 7714.93793  987.13893  87.2%   358 7416s
  9417 11367  987.16259  290 4064 7714.93793  987.13893  87.2%   328 7536s
 11366 13165  987.16259  357 4079 7714.93793  987.13893  87.2%   330 7602s
 13164 14639  987.16259  415 4104 7714.93793  987.13893  87.2%   338 8020s
 14639 14640  987.14502  121 4091 7714.93793  987.13893  87.2%   355 9187s
 14641 14641  987.16259  422 4056 7714.93793  987.13893  87.2%   355 9256s
 14642 14642  987.21216  206 3916 7714.93793  987.13893  87.2%   355 9269s
 14643 14643  987.26014  348 4370 7714.93793  987.13893  87.2%   355 9283s
 14644 14643  987.16575   73 4469 7714.93793  987.13893  87.2%   355 9366s
 14645 14644  995.15438  359 4463 7714.93793  987.13893  87.2%   355 9500s
 14646 14645  987.35920  252 4391 7714.93793  987.13893  87.2%   355 9506s
 14647 14645  987.27677  282 4330 7714.93793  987.13893  87.2%   355 9666s
 14648 14646  987.14411   80 4288 7714.93793  987.13893  87.2%   355 9673s
 14649 14647  987.27959  344 4226 7714.93793  987.13893  87.2%   355 9830s
 14650 14647  987.16714  149 4231 7714.93793  987.13893  87.2%   355 9835s
 14651 14648  987.17763   33 4158 7714.93793  987.13893  87.2%   355 9993s
 14652 14649  987.14502   93 4148 7714.93793  987.13893  87.2%   355 10000s
 14653 14649  987.16714  205 4040 7714.93793  987.13893  87.2%   355 10159s
 14654 14650  987.36055  344 4106 7714.93793  987.13893  87.2%   355 10160s
 14656 14651  987.16259   31 4106 7714.93793  987.13893  87.2%   354 10303s
 14657 14655  987.13951   16 3935 7714.93793  987.13893  87.2%   363 10306s
 14663 14665  987.13951   18 3977 7714.93793  987.13893  87.2%   365 10313s
 14671 14678  987.13951   19 3939 7714.93793  987.13893  87.2%   367 10357s
 14687 14705  987.13951   20 3913 7714.93793  987.13893  87.2%   375 10780s
 14719 14726  987.13951   21 3929 7714.93793  987.13893  87.2%   386 12450s
 14751 14748  987.13951   21 3937 7714.93793  987.13893  87.2%   387 13728s
 14783 14769  987.13951   22 3928 7714.93793  987.13893  87.2%   387 15020s
 14815 14790  987.17599   22 4072 7714.93793  987.13893  87.2%   387 19073s
 14847 14812  987.13951   23 3927 7714.93793  987.13893  87.2%   387 21018s
 14879 14865  987.17646   23 4189 7714.93793  987.13893  87.2%   387 21022s
 14943 15201  987.17021   24 4027 7714.93793  987.13893  87.2%   387 21431s
 15300 17058  987.14848   30 3938 7714.93793  987.13893  87.2%   391 21625s
 17276 20715  987.13951   63 3887 7714.93793  987.13893  87.2%   408 22840s
 21592 26255  987.13951  102 3820 7714.93793  987.13893  87.2%   376 23262s
 28571 29199  987.13962  213 3676 7714.93793  987.13893  87.2%   399 23598s
 33841 32467  987.13951  253 3717 7714.93793  987.13893  87.2%   410 24768s
 38866 37352  987.14050  375 3621 7714.93793  987.13893  87.2%   465 26076s
 45426 40050  987.13951  498 3664 7714.93793  987.13893  87.2%   558 26459s
 50310 42417  987.20293  620 4176 7714.93793  987.13893  87.2%   597 27311s
 54307 44853  987.20293  743 4265 7714.93793  987.13893  87.2%   643 30716s
 58108 46641  987.20293  865 4238 7714.93793  987.13893  87.2%   706 34837s
 61167 49088  992.64495  961 4413 7714.93793  987.13893  87.2%   802 39264s
 63789 51717  998.77911  980 4409 7714.93793  987.13893  87.2%   912 41469s
 66420 54271 1004.90211  996 4406 7714.93793  987.13893  87.2%  1105 55930s
 69010 57041 1019.96865 1059 4578 7714.93793  987.13893  87.2%  1447 60427s
 71888 57643 1041.20566 1076 4786 7714.93793  987.13893  87.2%  1718 86400s
H72027 57643                    7710.1916510  987.13893  87.2%  1809 86400s

Cutting planes:
  Gomory: 2
  Cover: 494
  Implied bound: 7
  MIR: 5010
  Flow cover: 5123
  Zero half: 52
  Relax-and-lift: 28

Explored 72508 nodes (134134657 simplex iterations) in 86400.63 seconds (295581.13 work units)
Thread count was 32 (of 96 available processors)

Solution count 10: 7710.19 7714.94 7775.58 ... 7824.89

Time limit reached
Best objective 7.710191650990e+03, best bound 9.871389265653e+02, gap 87.1970%
