
Gurobi 9.5.1 (linux64) logging started Tue 16 Aug 2022 04:21:35 PM MST

Set parameter LogFile to value "/home/local/ASUAD/kmajd1/NNRepLayer_v2/demos/walking_example/global_constraint_upper_10/repair_net/logs/opt_log_multi_24.log"
Gurobi Optimizer version 9.5.1 build v9.5.1rc2 (linux64)
Thread count: 48 physical cores, 96 logical processors, using up to 45 threads
Optimize a model with 16863 rows, 10742 columns and 140415 nonzeros
Model fingerprint: 0x328d3103
Model has 149 quadratic objective terms
Variable types: 5974 continuous, 4768 integer (4768 binary)
Coefficient statistics:
  Matrix range     [4e-04, 3e+02]
  Objective range  [6e-04, 1e+00]
  QObjective range [1e-02, 1e-02]
  Bounds range     [1e+00, 2e+03]
  RHS range        [4e-04, 3e+02]

Concurrent MIP optimizer: 3 concurrent instances (15 threads per instance)

Presolve removed 554 rows and 128 columns
Presolve time: 0.22s
Presolved: 16309 rows, 10614 columns, 139605 nonzeros
Presolved model has 149 quadratic objective terms
Variable types: 5846 continuous, 4768 integer (4768 binary)
Root relaxation presolve removed 4768 rows and 4768 columns
Root relaxation presolved: 11541 rows, 5846 columns, 125301 nonzeros
Root relaxation presolved model has 149 quadratic objective terms


Root relaxation: objective 3.106812e+01, 7075 iterations, 0.22 seconds (0.33 work units)

    Nodes    |    Current Node    |     Objective Bounds      |     Work
 Expl Unexpl |  Obj  Depth IntInf | Incumbent    BestBd   Gap | It/Node Time

     0     0      -    -    -      190.34088   31.06812  83.7%     -    1s
     0     0      -    -    -      184.90310   31.06812  83.2%     -    4s
     0     2      -    -    -      184.55525   31.06812  83.2%     -    7s
    94   110      -    -    -      184.55525   31.06812  83.2%     -   12s
   272   302      -    -    -      184.55525   31.06812  83.2%     -   16s
   374   390      -    -    -      180.82582   31.06812  82.8%     -   25s
   768   821      -    -    -      141.62400   31.06812  78.1%     -   31s
  1423  1459      -    -    -       44.23867   31.06812  29.8%     -   44s
  1458  1474      -    -    -       44.13361   31.06812  29.6%     -   64s
  1927  2087      -    -    -       44.13361   31.06812  29.6%     -   65s
  3691  3753      -    -    -       44.13361   31.06812  29.6%     -   71s
  5920  6251      -    -    -       44.13361   31.06812  29.6%     -   75s
  8855  9274      -    -    -       44.13361   31.06812  29.6%     -   80s
  9737 10222      -    -    -       44.13361   31.06812  29.6%     -   85s
 10222 10223      -    -    -       43.63157   31.06812  28.8%     -   94s
 10224  9712      -    -    -       42.56029   31.06812  27.0%     -  100s
 10226  9229      -    -    -       42.56029   31.06812  27.0%     -  112s
 10256  8365      -    -    -       42.29905   31.06812  26.6%     -  125s
 10326  7223      -    -    -       41.89035   31.06812  25.8%     -  155s
 10341  6875      -    -    -       34.58237   31.06812  10.2%     -  162s

Instance 2 was solved

Explored 10352 nodes (1260380 simplex iterations) in 163.03 seconds (385.12 work units)
Thread count was 15 (of 96 available processors)

Solution count 10: 34.5824 38.5251 40.2606 ... 42.2414 

Optimal solution found (tolerance 1.10e-01)
Best objective 3.458237409137e+01, best bound 3.106812169867e+01, gap 10.1620%
