
Gurobi 9.5.1 (mac64[x86]) logging started Tue May 31 20:36:16 2022

Set parameter LogFile to value "/Users/keyvanmajd/Documents/NNRepLayer_v2/demos/examples/tc7_walking_example/repair_net/logs/opt_log_layer2_5_31_2022_20_35_6.log"
Gurobi Optimizer version 9.5.1 build v9.5.1rc2 (mac64[x86])
Thread count: 4 physical cores, 8 logical processors, using up to 8 threads
Optimize a model with 53512 rows, 33157 columns and 241032 nonzeros
Model fingerprint: 0x69111a46
Model has 101 quadratic objective terms
Variable types: 13957 continuous, 19200 integer (19200 binary)
Coefficient statistics:
  Matrix range     [6e-04, 1e+02]
  Objective range  [1e-02, 4e+01]
  QObjective range [2e+00, 2e+00]
  Bounds range     [1e+00, 1e+02]
  RHS range        [6e-04, 1e+02]
Presolve removed 32100 rows and 12800 columns
Presolve time: 0.94s
Presolved: 21412 rows, 20357 columns, 189732 nonzeros
Presolved model has 101 quadratic objective terms
Variable types: 13957 continuous, 6400 integer (6400 binary)
Root relaxation presolve removed 6400 rows and 6400 columns
Root relaxation presolved: 15012 rows, 13957 columns, 176932 nonzeros
Root relaxation presolved model has 101 quadratic objective terms


Root simplex log...

Iteration    Objective       Primal Inf.    Dual Inf.      Time
       0    1.0831258e+03   0.000000e+00   0.000000e+00      5s
   17964    1.0831258e+03   0.000000e+00   0.000000e+00      8s
   17964    1.0831258e+03   0.000000e+00   0.000000e+00      8s

Root relaxation: objective 1.083126e+03, 17964 iterations, 3.38 seconds (7.78 work units)

    Nodes    |    Current Node    |     Objective Bounds      |     Work
 Expl Unexpl |  Obj  Depth IntInf | Incumbent    BestBd   Gap | It/Node Time

     0     0 1083.12585    0 1470          - 1083.12585      -     -    8s
     0     0 1083.12585    0 1471          - 1083.12585      -     -   21s
     0     0 1083.12585    0 1484          - 1083.12585      -     -   28s
     0     0 1083.12585    0 1532          - 1083.12585      -     -   29s
     0     0 1083.12585    0 1580          - 1083.12585      -     -   29s
     0     0 1083.12585    0 1566          - 1083.12585      -     -   31s
     0     0 1083.12585    0 1550          - 1083.12585      -     -   32s
     0     0 1083.12585    0 1564          - 1083.12585      -     -   34s
H    0     0                    17425.684776 1083.12585  93.8%     -  147s
     0     2 1083.12585    0 1564 17425.6848 1083.12585  93.8%     -  148s
     3     8 1083.14214    2 1663 17425.6848 1083.12585  93.8%   901  153s
     7    12 1083.14214    3 1713 17425.6848 1083.12585  93.8%  1319  168s
    31    64 1083.14214    9 1687 17425.6848 1083.12585  93.8%   555  170s
    63   134 1083.14214   16 1688 17425.6848 1083.12585  93.8%   296  195s
H  128   134                    17425.684750 1083.12585  93.8%   172  195s
   133   500 1083.14214   32 1619 17425.6847 1083.12585  93.8%   171  208s
   499   786 1083.14815  132 1480 17425.6847 1083.12585  93.8%  98.2  218s
   785   985 1083.14815  197 1427 17425.6847 1083.12585  93.8%  86.1  229s
   984  1065 1083.15501  237 1402 17425.6847 1083.12585  93.8%  94.7  257s
  1064  1372 1083.20064  244 1718 17425.6847 1083.12585  93.8%   128  269s
  1371  1582 1083.20113  259 1729 17425.6847 1083.12585  93.8%   139  295s
  1583  1686 1083.21726  259 1747 17425.6847 1083.12585  93.8%   176  318s
H 1689  2319                    17409.159454 1083.12585  93.8%   246  333s
  2322  2518 1085.70957  459 1793 17409.1595 1083.12585  93.8%   228  360s
H 2323  2518                    17409.159434 1083.12585  93.8%   228  360s
H 2432  2518                    17327.047385 1083.12585  93.7%   225  360s
  2527  2680 1085.70957  460 1796 17327.0474 1083.12585  93.7%   234  394s
  2689  2782 1085.89669  486 1855 17327.0474 1083.12585  93.7%   280  435s
  2795  2940 1085.74705  490 2721 17327.0474 1083.12585  93.7%   397  759s
  2957  3214 1086.00590  491 1811 17327.0474 1083.12585  93.7%   551  807s
H 3235  3388                    17224.284247 1083.12585  93.7%   562  875s
  3411  3613 1086.86053  665 1817 17224.2842 1083.12585  93.7%   591 1219s
  3638  3879 1088.44031  666 1752 17224.2842 1083.12585  93.7%   666 1292s
H 3639  3879                    17224.284222 1083.12585  93.7%   665 1292s
  3906  3939 1086.88330  666 1815 17224.2842 1083.12585  93.7%   688 1487s
  3966  3993 1087.10763  700 1806 17224.2842 1083.12585  93.7%   761 1566s
  4020  4100 1087.10850  716 1773 17224.2842 1083.12585  93.7%   822 1626s
  4127  4189 1087.10850  754 1800 17224.2842 1083.12585  93.7%   836 1683s
  4216  4281 1087.13041  798 1836 17224.2842 1083.12585  93.7%   894 1757s
H 4307  4281                    17109.899182 1083.12585  93.7%   927 1757s
  4308  4502 1087.19995  825 1820 17109.8992 1083.12585  93.7%   929 1808s
H 4529  4506                    17109.899180 1083.12585  93.7%   937 2358s
H 4532  4506                    17109.899176 1083.12585  93.7%   957 2358s
  4533  4510 1087.20229  844 1824 17109.8992 1083.12585  93.7%   957 2550s
  4537  4605 1087.20229  844 1824 17109.8992 1083.12585  93.7%   960 2585s
  4634  4818 1087.20310  858 1812 17109.8992 1083.12585  93.7%   981 2724s

Cutting planes:
  Cover: 83
  Implied bound: 2
  MIR: 1271
  Flow cover: 2158

Explored 4847 nodes (4710329 simplex iterations) in 2724.18 seconds (7230.58 work units)
Thread count was 8 (of 8 available processors)

Solution count 10: 17109.9 17109.9 17109.9 ... 17425.7

Solve interrupted
Best objective 1.710989917566e+04, best bound 1.083125852123e+03, gap 93.6696%
