
Gurobi 9.5.1 (linux64) logging started Tue 16 Aug 2022 05:52:27 PM MST

Set parameter LogFile to value "/home/local/ASUAD/kmajd1/NNRepLayer_v2/demos/walking_example/global_constraint_upper_10/repair_net/logs/opt_log_multi_45.log"
Gurobi Optimizer version 9.5.1 build v9.5.1rc2 (linux64)
Thread count: 48 physical cores, 96 logical processors, using up to 45 threads
Optimize a model with 16863 rows, 10742 columns and 169663 nonzeros
Model fingerprint: 0x07aa5673
Model has 149 quadratic objective terms
Variable types: 5974 continuous, 4768 integer (4768 binary)
Coefficient statistics:
  Matrix range     [9e-05, 3e+02]
  Objective range  [2e-03, 1e+00]
  QObjective range [1e-02, 1e-02]
  Bounds range     [1e+00, 2e+03]
  RHS range        [2e-03, 3e+02]

Concurrent MIP optimizer: 3 concurrent instances (15 threads per instance)

Found heuristic solution: objective 189.0680878
Presolve removed 554 rows and 128 columns
Presolve time: 0.26s
Presolved: 16309 rows, 10614 columns, 168853 nonzeros
Presolved model has 149 quadratic objective terms
Variable types: 5846 continuous, 4768 integer (4768 binary)
Root relaxation presolve removed 4768 rows and 4768 columns
Root relaxation presolved: 11541 rows, 5846 columns, 154549 nonzeros
Root relaxation presolved model has 149 quadratic objective terms


Root relaxation: objective 2.829857e+01, 6641 iterations, 0.28 seconds (0.44 work units)

    Nodes    |    Current Node    |     Objective Bounds      |     Work
 Expl Unexpl |  Obj  Depth IntInf | Incumbent    BestBd   Gap | It/Node Time

     0     0      -    -    -      189.06809   28.29857  85.0%     -    0s
     0     0      -    -    -      181.73960   28.29857  84.4%     -    5s
     0     2      -    -    -      181.69624   28.29857  84.4%     -    9s
     3     8      -    -    -      181.69624   28.29857  84.4%     -   10s
    60    76      -    -    -      176.82885   28.29857  84.0%     -   15s
   105   121      -    -    -       64.14434   28.29857  55.9%     -   26s
   450   508      -    -    -       33.27365   28.29857  15.0%     -   30s
  1169  1185      -    -    -       33.27344   28.29857  15.0%     -   39s
  1414  1510      -    -    -       33.16396   28.29857  14.7%     -   40s
  4385  4605      -    -    -       33.11302   28.29857  14.5%     -   45s
  5355  5640      -    -    -       32.94259   28.29857  14.1%     -   50s
  8186  8558      -    -    -       32.94259   28.29857  14.1%     -   55s
  9344  9747      -    -    -       32.94259   28.29857  14.1%     -   62s
 10197 10198      -    -    -       32.94259   28.29857  14.1%     -   78s
 10199  9689      -    -    -       32.90358   28.29857  14.0%     -   82s

Instance 0 was solved

Explored 10200 nodes (433664 simplex iterations) in 88.97 seconds (150.87 work units)
Thread count was 15 (of 96 available processors)

Solution count 10: 31.5689 32.8962 32.9023 ... 33.1129 

Optimal solution found (tolerance 1.10e-01)
Best objective 3.156887034199e+01, best bound 2.829857225865e+01, gap 10.3592%
