
Gurobi 9.5.1 (linux64) logging started Tue 16 Aug 2022 02:57:40 PM MST

Set parameter LogFile to value "/home/local/ASUAD/kmajd1/NNRepLayer_v2/demos/walking_example/global_constraint_upper_10/repair_net/logs/opt_log_multi_5.log"
Gurobi Optimizer version 9.5.1 build v9.5.1rc2 (linux64)
Thread count: 48 physical cores, 96 logical processors, using up to 45 threads
Optimize a model with 16863 rows, 10742 columns and 160575 nonzeros
Model fingerprint: 0x69d7be25
Model has 149 quadratic objective terms
Variable types: 5974 continuous, 4768 integer (4768 binary)
Coefficient statistics:
  Matrix range     [6e-04, 3e+02]
  Objective range  [1e-03, 1e+00]
  QObjective range [1e-02, 1e-02]
  Bounds range     [1e+00, 2e+03]
  RHS range        [2e-04, 3e+02]

Concurrent MIP optimizer: 3 concurrent instances (15 threads per instance)

Found heuristic solution: objective 192.4989322
Presolve removed 554 rows and 128 columns
Presolve time: 0.32s
Presolved: 16309 rows, 10614 columns, 159765 nonzeros
Presolved model has 149 quadratic objective terms
Variable types: 5846 continuous, 4768 integer (4768 binary)
Root relaxation presolve removed 4768 rows and 4768 columns
Root relaxation presolved: 11541 rows, 5846 columns, 145461 nonzeros
Root relaxation presolved model has 149 quadratic objective terms


Root relaxation: objective 3.019476e+01, 6447 iterations, 0.61 seconds (1.25 work units)

    Nodes    |    Current Node    |     Objective Bounds      |     Work
 Expl Unexpl |  Obj  Depth IntInf | Incumbent    BestBd   Gap | It/Node Time

     0     0      -    -    -      192.49893   30.19476  84.3%     -    1s
     0     0      -    -    -      189.87859   30.19476  84.1%     -    3s
     0     2      -    -    -      185.15331   30.19476  83.7%     -    8s
     7    16      -    -    -      185.15331   30.19476  83.7%     -   10s
    30    46      -    -    -      184.89138   30.19476  83.7%     -   17s
    45    61      -    -    -       53.92982   30.19476  44.0%     -   30s
   426   464      -    -    -       35.70656   30.19476  15.4%     -   40s
  1113  1129      -    -    -       35.70656   30.19476  15.4%     -   47s
  1358  1424      -    -    -       35.70656   30.19476  15.4%     -   50s
  2480  2630      -    -    -       35.70656   30.19476  15.4%     -   55s
  4161  4398      -    -    -       35.70656   30.19476  15.4%     -   63s
  4507  4664      -    -    -       35.70656   30.19476  15.4%     -   66s
  4663  4883      -    -    -       35.70656   30.19476  15.4%     -   70s
  4882  5098      -    -    -       35.70656   30.19476  15.4%     -   77s
  5097  5267      -    -    -       35.70656   30.19476  15.4%     -   81s
  5266  5409      -    -    -       35.70656   30.19476  15.4%     -   85s
  5635  5952      -    -    -       35.37252   30.19476  14.6%     -   92s
  5951  6338      -    -    -       35.33845   30.19476  14.6%     -   96s
  6337  6711      -    -    -       35.30955   30.19476  14.5%     -  102s
  6710  7091      -    -    -       35.27383   30.19476  14.4%     -  106s
  7090  7353      -    -    -       35.27383   30.19476  14.4%     -  111s
  7352  7689      -    -    -       35.27383   30.19476  14.4%     -  115s
  7688  8038      -    -    -       35.26759   30.19476  14.4%     -  123s
  8037  8053      -    -    -       35.20170   30.19476  14.2%     -  190s
  8052  8206      -    -    -       35.20170   30.19476  14.2%     -  196s
  8205  8630      -    -    -       34.05486   30.19476  11.3%     -  201s
  8629  9353      -    -    -       34.05486   30.19476  11.3%     -  206s
  9352 10117      -    -    -       34.05486   30.19476  11.3%     -  213s
 10117 10118      -    -    -       34.05486   30.19476  11.3%     -  224s
 10119  9132      -    -    -       34.05486   30.19476  11.3%     -  229s
 10121  8243      -    -    -       33.95673   30.19476  11.1%     -  242s
 10122  7834      -    -    -       33.84209   30.19476  10.8%     -  267s

Instance 2 was solved

Explored 24117 nodes (1791251 simplex iterations) in 267.33 seconds (581.17 work units)
Thread count was 15 (of 96 available processors)

Solution count 10: 33.8421 33.8644 33.9495 ... 34.0129 

Optimal solution found (tolerance 1.10e-01)
Best objective 3.384209247410e+01, best bound 3.019475706567e+01, gap 10.7775%
