
Gurobi 9.5.1 (linux64) logging started Fri 03 Jun 2022 06:36:05 PM MST

Set parameter LogFile to value "/home/local/ASUAD/kmajd1/NNRepLayer_v2/demos/examples/tc7_walking_example/repair_net/logs/opt_log_layer3_6_3_2022_18_35_17.log"
Gurobi Optimizer version 9.5.1 build v9.5.1rc2 (linux64)
Thread count: 48 physical cores, 96 logical processors, using up to 32 threads
Optimize a model with 59820 rows, 36261 columns and 160620 nonzeros
Model fingerprint: 0x6536de6e
Model has 101 quadratic objective terms
Variable types: 17061 continuous, 19200 integer (19200 binary)
Coefficient statistics:
  Matrix range     [1e-03, 3e+01]
  Objective range  [4e-01, 4e+01]
  QObjective range [2e+00, 2e+00]
  Bounds range     [1e+00, 3e+01]
  RHS range        [1e-04, 3e+01]
Presolve removed 34376 rows and 13888 columns
Presolve time: 0.26s
Presolved: 25444 rows, 22373 columns, 104868 nonzeros
Presolved model has 101 quadratic objective terms
Variable types: 15973 continuous, 6400 integer (6400 binary)

Root simplex log...

Iteration    Objective       Primal Inf.    Dual Inf.      Time
   13819    8.9832277e+02   8.274657e+02   0.000000e+00      5s
   34939    8.9832277e+02   1.473108e-03   0.000000e+00     10s
   34960    8.9832277e+02   0.000000e+00   0.000000e+00     10s

Root relaxation: objective 8.983228e+02, 34960 iterations, 6.94 seconds (20.23 work units)

    Nodes    |    Current Node    |     Objective Bounds      |     Work
 Expl Unexpl |  Obj  Depth IntInf | Incumbent    BestBd   Gap | It/Node Time

     0     0  898.32277    0 5043          -  898.32277      -     -   10s
     0     0  898.32277    0 4751          -  898.32277      -     -   24s
     0     0  898.32277    0 4465          -  898.32277      -     -   37s
     0     0  898.32277    0 4959          -  898.32277      -     -   38s
     0     0  898.32277    0 4917          -  898.32277      -     -   50s
     0     0  898.32277    0 4867          -  898.32277      -     -   51s
     0     0  898.32277    0 4843          -  898.32277      -     -   64s
     0     0  898.32277    0 4790          -  898.32277      -     -   64s
     0     0  898.32277    0 4785          -  898.32277      -     -   86s
     0     0  898.32277    0 4745          -  898.32277      -     -   88s
H    0     0                    16836.700340  898.32277  94.7%     -   99s
H    0     0                    13152.793255  898.32277  93.2%     -  233s
H    0     0                    13127.165888  898.32277  93.2%     -  233s
     0     2  898.32277    0 4745 13127.1659  898.32277  93.2%     -  233s
     7    16  898.36784    3 3713 13127.1659  898.32277  93.2%  2601  238s
H   31    64                    13126.394084  898.32277  93.2%  2453  258s
H   32    64                    13115.984668  898.32277  93.2%  2383  258s
H   34    64                    13097.321911  898.32277  93.1%  2404  258s
H   35    64                    13073.388991  898.32277  93.1%  2342  258s
H   36    64                    12973.130757  898.32277  93.1%  2345  258s
H   56    64                    12837.158227  898.32277  93.0%  2226  258s
    64    65  898.32277    6 4745 12837.1582  898.32277  93.0%  1971  271s
H   65    62                    12831.685488  898.32277  93.0%  1941  292s
H   65    59                    12702.545116  898.32277  92.9%  1941  295s
    67    60  898.32800    6 4591 12702.5451  898.32277  92.9%  1883  310s
    71    63  898.36784    6 4817 12702.5451  898.32277  92.9%  1777  328s
H   72    60                    12575.488254  898.32277  92.9%  1752  342s
    74    62  898.36784    6 4657 12575.4883  898.32277  92.9%  1705  350s
H   75    58                    12373.338348  898.32277  92.7%  1682  433s

Cutting planes:
  Gomory: 8
  Implied bound: 9
  MIR: 295
  Flow cover: 2104

Explored 75 nodes (226493 simplex iterations) in 433.49 seconds (888.89 work units)
Thread count was 32 (of 96 available processors)

Solution count 10: 12373.3 12575.5 12702.5 ... 13126.4

Solve interrupted
Best objective 1.237333834807e+04, best bound 8.983227701216e+02, gap 92.7399%
