
Gurobi 9.5.1 (linux64) logging started Tue 19 Apr 2022 09:30:44 PM MST

Set parameter LogFile to value "/home/local/ASUAD/tkhandai/nn_repair/NNRepLayer_v2/demos/Affine Transform Demo Tensorflow/repair_net/logs/opt_log_layer3.log"
Gurobi Optimizer version 9.5.1 build v9.5.1rc2 (linux64)
Thread count: 10 physical cores, 20 logical processors, using up to 20 threads
Optimize a model with 1536 rows, 664 columns and 5586 nonzeros
Model fingerprint: 0x368c2093
Model has 631 quadratic objective terms
Coefficient statistics:
  Matrix range     [9e-03, 4e+00]
  Objective range  [5e-03, 4e-02]
  QObjective range [1e-02, 2e+00]
  Bounds range     [5e+00, 1e+01]
  RHS range        [6e-02, 5e+00]
Presolve removed 456 rows and 18 columns
Presolve time: 0.00s
Presolved: 1080 rows, 1066 columns, 5094 nonzeros
Presolved model has 631 quadratic objective terms
Ordering time: 0.00s

Barrier statistics:
 Dense cols : 15
 AA' NZ     : 4.659e+03
 Factor NZ  : 1.278e+04 (roughly 1 MB of memory)
 Factor Ops : 1.709e+05 (less than 1 second per iteration)
 Threads    : 1

                  Objective                Residual
Iter       Primal          Dual         Primal    Dual     Compl     Time
   0   1.92186629e+08 -1.94467573e+08  2.41e+03 6.02e+02  9.92e+05     0s
   1   4.71094515e+07 -4.93656995e+07  1.19e+03 2.97e+02  5.50e+05     0s
   2   4.26940766e+03 -2.30509575e+06  1.17e+01 2.93e+00  7.19e+03     0s
   3   7.56438112e+00 -1.83211003e+06  2.28e-01 5.69e-02  9.52e+02     0s
   4   9.51406291e+00 -4.12611280e+04  8.14e-04 2.03e-04  1.91e+01     0s
   5   8.98297879e+00 -7.17127838e+02  1.43e-05 3.57e-06  3.36e-01     0s
   6   3.42267540e+00 -2.86219107e+01  2.67e-07 6.66e-08  1.48e-02     0s
   7   6.26534149e-01 -7.22971269e+00  1.68e-08 4.19e-09  3.63e-03     0s
   8   2.20123643e-01 -1.46127865e+00  3.20e-09 7.98e-10  7.78e-04     0s
   9   1.18847016e-01 -2.37680823e-01  5.09e-10 1.27e-10  1.65e-04     0s
  10   1.10711030e-01 -1.21085601e-01  2.22e-10 5.55e-11  1.07e-04     0s
  11   1.07676569e-01 -3.97730599e-02  2.66e-15 1.18e-13  6.82e-05     0s
  12   1.05387857e-01  9.23445349e-02  1.78e-15 1.84e-14  6.03e-06     0s
  13   1.05212911e-01  1.05113346e-01  1.78e-15 1.16e-14  4.61e-08     0s
  14   1.05212216e-01  1.05207864e-01  2.66e-15 1.69e-14  2.01e-09     0s
  15   1.05212174e-01  1.05212107e-01  2.66e-15 3.43e-14  3.11e-11     0s

Barrier solved model in 15 iterations and 0.02 seconds (0.01 work units)
Optimal objective 1.05212174e-01

