
Gurobi 9.5.0 (win64) logging started Mon Mar 28 16:46:01 2022

Set parameter LogFile to value "C:\Users\kmajd1\Documents\NNRepLayer_v2\demos\examples\tc1_affine_transform/tc1/repair_net_backward/logs/opt_log_layer3.log"
Gurobi Optimizer version 9.5.0 build v9.5.0rc5 (win64)
Thread count: 8 physical cores, 16 logical processors, using up to 16 threads
Optimize a model with 6534 rows, 3793 columns and 15585 nonzeros
Model fingerprint: 0x79e3f79b
Model has 631 quadratic objective terms
Variable types: 1903 continuous, 1890 integer (1890 binary)
Coefficient statistics:
  Matrix range     [2e-03, 1e+01]
  Objective range  [5e-03, 4e+01]
  QObjective range [1e-02, 1e+01]
  Bounds range     [1e+00, 1e+01]
  RHS range        [5e-02, 1e+01]
Presolve removed 3570 rows and 1680 columns
Presolve time: 0.02s
Presolved: 2964 rows, 2113 columns, 9495 nonzeros
Presolved model has 631 quadratic objective terms
Variable types: 1693 continuous, 420 integer (420 binary)
Found heuristic solution: objective 17.2097583
Root relaxation presolve removed 840 rows and 420 columns
Root relaxation presolved: 2124 rows, 2113 columns, 8235 nonzeros
Root relaxation presolved model has 631 quadratic objective terms


Root relaxation: objective 2.397716e+00, 3509 iterations, 0.10 seconds (0.12 work units)

    Nodes    |    Current Node    |     Objective Bounds      |     Work
 Expl Unexpl |  Obj  Depth IntInf | Incumbent    BestBd   Gap | It/Node Time

     0     0    2.39772    0  415   17.20976    2.39772  86.1%     -    0s
     0     0    2.87692    0  420   17.20976    2.87692  83.3%     -    0s
     0     0    2.87692    0  420   17.20976    2.87692  83.3%     -    0s
     0     0    2.87692    0  420   17.20976    2.87692  83.3%     -    0s
     0     0    2.87692    0  420   17.20976    2.87692  83.3%     -    0s
     0     0    2.87692    0  420   17.20976    2.87692  83.3%     -    1s
     0     2    2.90863    0  420   17.20976    2.90863  83.1%     -    1s
  1875   790     cutoff  166        17.20976    6.30398  63.4%  17.0    5s
  7264  1003   15.86448  138  276   17.20976   14.34506  16.6%  15.9   10s
  7598  1011   14.57526   13  413   17.20976   14.57526  15.3%  16.2   15s
  8414   773     cutoff  115        17.20976   14.57526  15.3%  17.5   20s
H 9329   458                      16.7764926   14.94668  10.9%  17.2   22s
H 9426   328                      16.7755123   15.27907  8.92%  17.1   22s
H 9456   272                      16.7350298   15.27907  8.70%  17.1   22s
H 9482   220                      16.7150263   15.27907  8.59%  17.0   22s

Cutting planes:
  Gomory: 8
  Cover: 4
  Implied bound: 175
  Clique: 4
  MIR: 97
  StrongCG: 6
  Flow cover: 456
  Relax-and-lift: 1

Explored 9722 nodes (166883 simplex iterations) in 22.76 seconds (61.38 work units)
Thread count was 16 (of 16 available processors)

Solution count 5: 16.715 16.735 16.7755 ... 17.2098

Optimal solution found (tolerance 1.00e-03)
Best objective 1.671502631971e+01, best bound 1.671502631971e+01, gap 0.0000%

Gurobi 9.5.0 (win64) logging started Mon Mar 28 16:46:28 2022

Set parameter LogFile to value "C:\Users\kmajd1\Documents\NNRepLayer_v2\demos\examples\tc1_affine_transform/tc1/repair_net_backward/logs/opt_log_layer3.log"
Gurobi Optimizer version 9.5.0 build v9.5.0rc5 (win64)
Thread count: 8 physical cores, 16 logical processors, using up to 16 threads
Optimize a model with 11574 rows, 6943 columns and 26298 nonzeros
Model fingerprint: 0xfaa07700
Model has 631 quadratic objective terms
Variable types: 3163 continuous, 3780 integer (3780 binary)
Coefficient statistics:
  Matrix range     [4e-02, 1e+01]
  Objective range  [5e-03, 4e+01]
  QObjective range [1e-02, 1e+01]
  Bounds range     [1e+00, 1e+01]
  RHS range        [1e-02, 1e+01]
Presolve removed 6720 rows and 2940 columns
Presolve time: 0.15s
Presolved: 4854 rows, 4003 columns, 15378 nonzeros
Presolved model has 631 quadratic objective terms
Variable types: 2953 continuous, 1050 integer (1050 binary)
Found heuristic solution: objective 22.1541044
Root relaxation presolve removed 1260 rows and 1050 columns
Root relaxation presolved: 3594 rows, 3163 columns, 13068 nonzeros
Root relaxation presolved model has 631 quadratic objective terms

Extra simplex iterations after uncrush: 21

Root relaxation: objective 2.286884e-02, 4786 iterations, 0.16 seconds (0.23 work units)

    Nodes    |    Current Node    |     Objective Bounds      |     Work
 Expl Unexpl |  Obj  Depth IntInf | Incumbent    BestBd   Gap | It/Node Time

     0     0    0.02287    0  814   22.15410    0.02287   100%     -    0s
     0     0    0.02287    0  904   22.15410    0.02287   100%     -    0s
     0     0    0.02287    0  907   22.15410    0.02287   100%     -    0s
     0     0    0.02287    0  915   22.15410    0.02287   100%     -    1s
     0     0    0.02287    0  809   22.15410    0.02287   100%     -    1s
     0     0    0.02287    0  906   22.15410    0.02287   100%     -    2s
     0     0    0.02287    0  911   22.15410    0.02287   100%     -    2s
     0     0    0.02287    0  916   22.15410    0.02287   100%     -    2s
     0     0    0.02287    0  916   22.15410    0.02287   100%     -    2s
     0     0    0.02287    0  917   22.15410    0.02287   100%     -    3s
     0     0    0.02287    0  917   22.15410    0.02287   100%     -    3s
     0     2    0.02287    0  917   22.15410    0.02287   100%     -    4s
    31    40    0.11333    6  818   22.15410    0.05729   100%   520    5s
H  561   569                      21.8177068    0.06547   100%  65.9    8s
H  565   569                      21.5722428    0.06547   100%  65.6    8s
H  567   569                      19.0509662    0.06547   100%  65.4    8s
   594   613    0.43123   89  730   19.05097    0.06547   100%  63.9   10s
  1604  1569    1.11490  232  600   19.05097    0.06547   100%  46.2   15s
  2459  2395    2.20349  281  558   19.05097    0.06547   100%  47.3   24s
H 2536  2389                      16.4485066    0.06547   100%  46.8   24s
  2820  2697    2.75199  301  543   16.44851    0.06547   100%  45.8   25s
  4929  4435    6.30746  508  338   16.44851    0.06547   100%  33.4   31s
  5895  4943    0.50165   25  915   16.44851    0.06547   100%  34.1   38s
H 5896  4696                      16.4485063    0.06547   100%  34.1   39s
  5901  4699    1.18992   54  826   16.44851    0.06547   100%  34.1   40s
  5905  4704    0.06547   14  824   16.44851    0.06547   100%  35.7   46s
H 5992  4500                      16.4484896    0.06547   100%  41.4   48s
  6049  4493    0.21000   23  812   16.44849    0.16487  99.0%  43.2   50s
H 6103  4272                      16.4484894    0.16487  99.0%  45.5   52s
H 6115  4055                      14.8268349    0.16487  98.9%  46.1   52s
  6218  4093    0.55075   26  799   14.82683    0.16487  98.9%  49.8   58s
  6235  4101     cutoff   26        14.82683    0.16487  98.9%  50.5   61s
H 6237  3899                      14.8133451    0.16487  98.9%  50.5   61s
H 6238  3707                      14.8125583    0.16487  98.9%  50.5   61s
H 6249  3521                      14.8079981    0.16487  98.9%  50.8   61s
  7230  3985    1.78467   39  800   14.80800    0.16487  98.9%  54.2   65s
  7334  3965    4.54899   40  707   14.80800    0.16487  98.9%  54.4   70s
  8753  4608    8.47933   81  608   14.80800    0.16487  98.9%  55.6   75s
 10601  5356   11.80808  147  516   14.80800    0.16487  98.9%  53.7   80s
 12540  5877   14.77519  271  343   14.80800    0.16487  98.9%  51.5   85s
 14348  6665    9.48192   89  591   14.80800    1.20605  91.9%  50.8   90s
 15564  7107    3.28935   41  746   14.80800    1.27444  91.4%  49.4   95s
 17628  8288    1.88040   26  789   14.80800    1.72871  88.3%  47.8  100s
 19089  8877    5.69369   54  663   14.80800    1.88540  87.3%  48.4  108s
 19107  9195    5.80184   55  659   14.80800    1.88540  87.3%  48.4  110s
 20749 10694   13.09406  142  515   14.80800    2.03658  86.2%  48.1  116s
 21812 10689    4.35553   37  701   14.80800    2.03983  86.2%  47.6  124s
 21833 10964    4.44231   38  686   14.80800    2.03983  86.2%  47.6  126s
 22931 11705    5.22691   50  632   14.80800    2.06457  86.1%  48.3  130s
 25462 13294    5.15162   87  661   14.80800    2.48459  83.2%  47.2  137s
 26139 13995    9.11217  135  597   14.80800    2.48459  83.2%  47.4  140s
H30012 15350                      14.3570518    2.64748  81.6%  45.2  144s
 30013 15813   12.91616  130  653   14.35705    2.64750  81.6%  45.2  147s
 32338 17429   13.02506  194  517   14.35705    2.69533  81.2%  44.6  152s
 33383 17444    3.02759   54  687   14.35705    2.69757  81.2%  44.4  158s
H33384 17322                      14.3421219    2.69757  81.2%  44.4  158s
 33400 18137    3.02762   55  686   14.34212    2.69757  81.2%  44.4  161s
 35472 19754   12.78949  162  541   14.34212    2.75338  80.8%  44.0  167s
 37146 20706    9.19080  112  592   14.34212    2.75338  80.8%  43.6  170s
 40008 22308   11.01286   60  697   14.34212    2.75544  80.8%  43.1  176s
 42646 23359    3.39889   64  915   14.34212    2.88543  79.9%  43.3  192s
 42654 23364   13.64912  179  819   14.34212    2.88543  79.9%  43.3  195s
 42658 23368    2.88543   26  822   14.34212    2.88543  79.9%  43.6  200s
 42662 23367    2.88543   28  814   14.34212    2.88543  79.9%  43.6  206s
 42672 23363    2.88543   33  808   14.34212    2.88543  79.9%  43.7  210s
H42767 22179                      14.2246511    2.88543  79.7%  44.2  214s
 42777 22179    2.88543   50  788   14.22465    2.88543  79.7%  44.3  215s
 43232 22047    2.88543   71  768   14.22465    2.88543  79.7%  46.2  222s
H43242 20933                      14.1901145    2.88543  79.7%  46.3  222s
H43244 19878                      14.1865944    2.88543  79.7%  46.3  222s
 43388 19849     cutoff   78        14.18659    2.88543  79.7%  47.0  225s
 44383 20000    3.12038  146  615   14.18659    2.88543  79.7%  48.2  234s
H44387 18998                      14.1716037    2.88543  79.6%  48.2  234s
 44582 19194    4.09619  164  586   14.17160    2.88543  79.6%  48.3  235s
 47065 20198   12.44646  414  207   14.17160    2.88543  79.6%  47.9  240s
 48031 20237    2.88543   73  742   14.17160    2.88543  79.6%  47.7  249s
 48193 20477    2.88543   74  742   14.17160    2.88543  79.6%  47.9  250s
 50219 21119    2.88543   88  687   14.17160    2.88543  79.6%  47.5  255s
 53212 22086     cutoff  119        14.17160    2.88543  79.6%  46.7  260s
 55627 22580   12.33673  202  436   14.17160    2.88543  79.6%  46.0  265s
*56161 21446             706      14.1659107    2.88543  79.6%  45.9  265s
 58302 22319    3.39793   86  680   14.16591    2.88543  79.6%  45.6  270s
 60460 23353    8.92076  136  584   14.16591    2.88543  79.6%  45.3  275s
 63422 24846    5.33666  117  680   14.16591    2.88543  79.6%  44.5  282s
 65762 24943    6.04657   96  741   14.16591    2.88543  79.6%  44.4  286s
 67629 25520   12.51587  119  654   14.16591    2.88543  79.6%  44.4  290s
 70063 25194   13.20207  232  405   14.16591    2.88543  79.6%  44.1  298s
 70096 25932   13.20207  233  403   14.16591    2.88543  79.6%  44.2  301s
 72391 25985   11.20038  179  501   14.16591    2.88543  79.6%  44.0  309s
H72396 25051                      14.1606910    2.88543  79.6%  44.0  309s
H72399 24119                      14.1430675    2.88543  79.6%  44.0  309s
 72409 24963   11.27095  180  499   14.14307    2.88543  79.6%  44.0  311s
 74703 25704   10.89481  122  550   14.14307    2.88543  79.6%  43.6  315s
H77881 25409                      14.1363554    2.88543  79.6%  42.8  338s
H77888 24609                      14.1329755    2.88543  79.6%  42.9  338s
 77899 25108   12.63006  212  429   14.13298    2.88543  79.6%  42.9  341s
 79929 25984    6.71089  115  643   14.13298    2.93340  79.2%  43.1  347s
 81133 26197   12.31891  256  468   14.13298    2.93340  79.2%  43.0  351s
 82230 27420   13.49431  370  315   14.13298    2.99259  78.8%  42.9  355s
 84487 29736     cutoff  126        14.13298    3.08043  78.2%  42.5  360s
 90390 30220     cutoff  189        14.13298    3.31697  76.5%  41.3  365s
 92745 31744    9.80010  143  539   14.13298    3.33784  76.4%  41.1  370s
 95393 34475    7.43802  124  636   14.13298    3.56260  74.8%  40.9  375s
 98170 35188     cutoff  147        14.13298    3.64133  74.2%  40.7  380s
 100871 37401    6.88869  119  617   14.13298    3.77213  73.3%  40.6  385s
 102985 39031    5.42748  120  591   14.13298    3.83939  72.8%  40.8  391s
 105398 40898    9.92219  136  549   14.13298    3.99401  71.7%  41.1  398s
 108162 41013    9.20094  133  577   14.13298    4.18708  70.4%  41.0  401s
 109780 42932     cutoff  213        14.13298    4.23496  70.0%  41.5  407s
 112418 42916     cutoff  119        14.13298    4.42397  68.7%  41.2  413s
 112462 43097     cutoff  107        14.13298    4.42397  68.7%  41.2  417s
 113139 43316     cutoff  137        14.13298    4.48857  68.2%  41.6  421s
 116248 44882    7.12135  108  694   14.13298    4.72047  66.6%  41.7  428s
 116979 46106 infeasible  115        14.13298    4.79815  66.0%  42.1  431s
 119737 46246   10.57672  122  405   14.13298    4.90905  65.3%  42.4  438s
 120518 47693    9.81115  121  363   14.13298    4.95091  65.0%  42.8  442s
 122917 47986    8.30508  117  566   14.13298    5.07753  64.1%  42.5  446s
 126185 49734    9.82271  126  503   14.13298    5.18026  63.3%  42.4  453s
 127434 49795    7.03924  111  600   14.13298    5.22621  63.0%  42.7  458s
 127725 50199   11.39273  118  432   14.13298    5.27529  62.7%  42.9  466s
 129181 51418    9.06276  140  640   14.13298    5.38249  61.9%  43.7  477s
 131425 51624 infeasible  141        14.13298    5.38712  61.9%  43.5  484s
 132581 51995   13.34533  124  326   14.13298    5.54727  60.7%  44.3  492s
 133936 54846   12.27639  105  447   14.13298    5.67132  59.9%  44.9  499s
 139355 55136   13.77166  284  363   14.13298    5.92223  58.1%  44.3  504s
 140635 55273 infeasible  239        14.13298    5.99875  57.6%  44.8  509s
 141451 57044   11.88219  128  353   14.13298    6.11067  56.8%  45.2  515s
 145660 57243     cutoff  128        14.13298    6.28593  55.5%  45.3  524s
 146667 57575     cutoff  133        14.13298    6.33101  55.2%  45.6  529s
 147631 61261    6.68814  132  640   14.13298    6.36817  54.9%  46.0  537s
*153019 60338             641      14.0395060    6.40680  54.4%  45.2  537s
 153902 60279   12.21648  150  508   14.03951    6.48791  53.8%  45.1  540s
 154294 60266     cutoff  133        14.03951    6.48791  53.8%  45.4  547s
H154316 57196                      13.8247138    6.48791  53.1%  45.4  547s
 154339 57267    9.55782  134  514   13.82471    6.48791  53.1%  45.4  550s
 155331 57512   12.21908  152  454   13.82471    6.48791  53.1%  45.8  569s
 155826 57512   10.50745  139  488   13.82471    6.48791  53.1%  45.9  570s
 158131 59166     cutoff  209        13.82471    6.66515  51.8%  45.8  576s
 159759 59260    8.71239  122  599   13.82471    6.68639  51.6%  45.8  581s
 160403 59267     cutoff  201        13.82471    6.73003  51.3%  46.0  585s
 163759 60376     cutoff  153        13.82471    6.85879  50.4%  45.9  593s
 164352 60479 infeasible  153        13.82471    6.85879  50.4%  46.2  597s
 165109 60649   12.15505  132  495   13.82471    6.90045  50.1%  46.4  600s
 165950 60758     cutoff  116        13.82471    6.98482  49.5%  46.7  605s
 169715 62179 infeasible  151        13.82471    7.11810  48.5%  46.6  616s
 169890 64533    8.38039  118  590   13.82471    7.12486  48.5%  46.7  656s
H176179 64463                      13.8215120    7.15618  48.2%  47.5  657s
 180433 66237 infeasible   97        13.82151    7.44514  46.1%  48.0  665s
 184904 67721   12.13712  170  448   13.82151    7.47385  45.9%  47.6  670s
 188071 69169   11.32361  140  542   13.82151    7.54764  45.4%  47.4  675s
 191261 69193   12.20412  166  472   13.82151    7.61313  44.9%  47.1  682s
H191262 67773                      13.7480865    7.61313  44.6%  47.1  682s
 191465 68673     cutoff  166        13.74809    7.61960  44.6%  47.1  715s
 199149 70373   12.52739  132  502   13.74809    7.86467  42.8%  48.3  724s
 204007 70263     cutoff  147        13.74809    7.88180  42.7%  47.9  730s
 204971 70395   13.01974  154  590   13.74809    7.91045  42.5%  48.3  735s
 205931 70435   12.92474  193  519   13.74809    7.95099  42.2%  48.5  741s
 206922 72014   10.39424  132  499   13.74809    8.00254  41.8%  48.8  748s
 211010 72038     cutoff  275        13.74809    8.10117  41.1%  48.4  753s
 211840 72093     cutoff  118        13.74809    8.16040  40.6%  48.7  758s
 212768 72306     cutoff  119        13.74809    8.18958  40.4%  48.9  766s
 214181 72277     cutoff  146        13.74809    8.21073  40.3%  49.3  777s
 215646 72312     cutoff  110        13.74809    8.24986  40.0%  49.8  788s
H215865 72211                      13.7426116    8.27215  39.8%  49.9  788s
H216044 71030                      13.6792270    8.27626  39.5%  49.9  788s
H216320 70811                      13.6685541    8.28118  39.4%  50.0  788s
 216598 70828   10.83322  170  557   13.66855    8.31739  39.1%  50.1  798s
 218389 70973   10.39704  139  595   13.66855    8.35536  38.9%  50.6  808s
 220288 71056    9.91682  133  550   13.66855    8.41172  38.5%  51.1  819s
 221965 71104    8.61885  182  535   13.66855    8.45042  38.2%  51.5  829s
 223834 71355     cutoff  226        13.66855    8.53598  37.6%  52.0  837s
 225614 72082   12.03648  140  559   13.66855    8.63100  36.9%  52.4  846s
 228425 72134     cutoff  106        13.66855    8.66100  36.6%  52.6  854s
 230113 72022   13.33545  169  558   13.66855    8.72003  36.2%  52.9  863s
 231323 72142     cutoff  138        13.66855    8.75727  35.9%  53.4  875s
H231336 72056                      13.6636021    8.76041  35.9%  53.4  875s
H231937 71990                      13.6605033    8.77577  35.8%  53.6  875s
 232138 72038 infeasible  155        13.66050    8.79125  35.6%  53.7  884s
 233613 72090     cutoff  167        13.66050    8.85674  35.2%  54.1  890s
 234497 72271   12.61150  125  543   13.66050    8.87681  35.0%  54.3  900s
 236162 72610    9.37528  174  512   13.66050    8.92346  34.7%  54.7  910s
 237802 72839     cutoff  144        13.66050    8.93317  34.6%  55.0  919s
 239400 75251     cutoff  132        13.66050    8.99458  34.2%  55.3  929s
 242172 75251   12.30058  193  442   13.66050    9.01427  34.0%  55.1  930s
 245200 75294     cutoff  157        13.66050    9.06276  33.7%  54.8  935s
 246150 75470     cutoff  132        13.66050    9.06288  33.7%  55.0  941s
 247322 75422   11.47706  131  387   13.66050    9.14800  33.0%  55.2  947s
 248389 75609   12.40385  142  482   13.66050    9.17317  32.8%  55.4  954s
H248818 75485                      13.6540609    9.17317  32.8%  55.4  954s
 249261 75542   12.11336  145  501   13.65406    9.19738  32.6%  55.5  963s
 250431 75570   11.61748  160  462   13.65406    9.22939  32.4%  55.7  969s
 251548 75608   10.25528  162  464   13.65406    9.27825  32.0%  55.9  977s
 252858 75571   11.81597  147  493   13.65406    9.29779  31.9%  56.1  984s
 254059 75583     cutoff  128        13.65406    9.33354  31.6%  56.3  991s
 255366 75637     cutoff  146        13.65406    9.40060  31.2%  56.5  998s
 256181 75729   13.52940  230  444   13.65406    9.41400  31.1%  56.7 1009s
 258069 75911   12.15519  159  486   13.65406    9.44222  30.8%  57.0 1020s
 260052 75814     cutoff  150        13.65406    9.47008  30.6%  57.3 1028s
 261747 75813   11.64011  159  428   13.65406    9.57277  29.9%  57.6 1037s
 263322 75773   13.04387  158  442   13.65406    9.61431  29.6%  57.9 1047s
 264846 75991     cutoff  178        13.65406    9.65507  29.3%  58.2 1057s
 266592 76202    9.91757  135  554   13.65406    9.70674  28.9%  58.5 1066s
 268381 76130   13.08197  198  444   13.65406    9.74775  28.6%  58.7 1076s
 269936 76093 infeasible  177        13.65406    9.77840  28.4%  59.0 1085s
H269939 76014                      13.6503981    9.78119  28.3%  59.0 1085s
H270871 75971                      13.6474506    9.79399  28.2%  59.2 1085s
 271665 75636   10.86565  153  535   13.64745    9.80484  28.2%  59.3 1094s
H272134 75602                      13.6461084    9.81605  28.1%  59.4 1094s
H272548 74743                      13.6081452    9.82787  27.8%  59.5 1094s
 273090 74621     cutoff  146        13.60815    9.87947  27.4%  59.5 1103s
 274792 74552     cutoff  135        13.60815    9.92201  27.1%  59.8 1116s
H275544 74378                      13.6002268    9.93116  27.0%  59.9 1116s
 275951 74250     cutoff  156        13.60023    9.95555  26.8%  60.0 1126s
 277538 73967     cutoff  139        13.60023    9.98541  26.6%  60.2 1138s
H277899 73889                      13.5951619    9.99214  26.5%  60.2 1138s
 279054 73887 infeasible  164        13.59516   10.04282  26.1%  60.4 1150s
H279297 73634                      13.5833219   10.04545  26.0%  60.5 1150s
H279631 73610                      13.5821974   10.04878  26.0%  60.5 1150s
 279989 73665   10.22802  131  551   13.58220   10.06683  25.9%  60.6 1160s
 281736 73697   10.59072  148  564   13.58220   10.09501  25.7%  60.8 1172s
 283527 73284     cutoff  171        13.58220   10.13362  25.4%  61.1 1182s
 285162 73092   12.40258  170  373   13.58220   10.19918  24.9%  61.5 1193s
 286643 73178   10.63169  152  433   13.58220   10.23389  24.7%  61.8 1208s
 287786 73124     cutoff  135        13.58220   10.25710  24.5%  61.9 1216s
H288672 73123                      13.5820512   10.26216  24.4%  62.0 1217s
 288701 73028   13.18302  137  438   13.58205   10.26967  24.4%  62.0 1228s
 290731 72918   11.10433  124  692   13.58205   10.31154  24.1%  62.2 1239s
 292368 72923   11.29937  153  486   13.58205   10.38472  23.5%  62.4 1249s
 293878 72738     cutoff  143        13.58205   10.40544  23.4%  62.7 1261s
 294873 72515     cutoff  171        13.58205   10.43495  23.2%  62.8 1272s
 296508 72382   12.09356  145  487   13.58205   10.45498  23.0%  63.1 1283s
 298381 72299   13.25432  183  421   13.58205   10.51464  22.6%  63.3 1293s
 300107 72111 infeasible  203        13.58205   10.56745  22.2%  63.5 1303s
 301978 72068     cutoff  122        13.58205   10.59726  22.0%  63.8 1313s
 303688 72072   12.59478  143  454   13.58205   10.60161  21.9%  64.0 1330s
H303733 72058                      13.5812523   10.60161  21.9%  64.0 1330s
 304019 71986     cutoff  156        13.58125   10.61019  21.9%  64.0 1340s
 305847 72010 infeasible  143        13.58125   10.65690  21.5%  64.2 1351s
 307910 71983     cutoff  158        13.58125   10.68833  21.3%  64.3 1364s
H308152 71983                      13.5812523   10.69616  21.2%  64.3 1364s
 308932 71853   11.54657  124  415   13.58125   10.71087  21.1%  64.4 1374s
 310843 71940     cutoff  138        13.58125   10.76733  20.7%  64.6 1385s
 312915 71803   11.86716  178  405   13.58125   10.78848  20.6%  64.7 1394s
 314624 71643     cutoff  181        13.58125   10.81619  20.4%  64.9 1404s
 316340 71498   12.01912  149  495   13.58125   10.84298  20.2%  65.1 1414s
 318071 71435     cutoff  137        13.58125   10.89655  19.8%  65.3 1424s
 319335 71303     cutoff  162        13.58125   10.92008  19.6%  65.4 1436s
 320357 71268     cutoff  134        13.58125   10.93412  19.5%  65.5 1447s
 322287 71043   12.70971  155  397   13.58125   10.97259  19.2%  65.7 1456s
 324172 70823     cutoff  102        13.58125   11.00797  18.9%  65.9 1466s
 325934 70627   13.28042  120  347   13.58125   11.04440  18.7%  66.1 1475s
 327566 70379   12.53415  209  394   13.58125   11.06696  18.5%  66.3 1484s
 329088 70094     cutoff  171        13.58125   11.09464  18.3%  66.5 1493s
 330742 69756     cutoff  119        13.58125   11.12107  18.1%  66.6 1501s
 332591 69569     cutoff  194        13.58125   11.16102  17.8%  66.8 1510s
 334228 69401   11.93919  163  487   13.58125   11.17758  17.7%  67.0 1520s
 336219 69169     cutoff  178        13.58125   11.20820  17.5%  67.0 1528s
 338169 69141     cutoff  166        13.58125   11.25132  17.2%  67.2 1554s
 338229 69171   11.44000  162  465   13.58125   11.25358  17.1%  67.2 1563s
 340078 68982 infeasible  144        13.58125   11.27945  16.9%  67.3 1572s
 341642 68651     cutoff  151        13.58125   11.30113  16.8%  67.4 1581s
 343301 68387     cutoff  121        13.58125   11.31631  16.7%  67.6 1590s
 344879 68124 infeasible  151        13.58125   11.35409  16.4%  67.7 1599s
 346497 67860     cutoff  153        13.58125   11.37956  16.2%  67.9 1608s
 348028 67696     cutoff  138        13.58125   11.40571  16.0%  68.0 1618s
 349728 67587     cutoff  147        13.58125   11.43248  15.8%  68.1 1628s
 351563 67254     cutoff  127        13.58125   11.45323  15.7%  68.2 1636s
 353095 67075     cutoff  159        13.58125   11.48310  15.4%  68.4 1645s
 354756 66749     cutoff  193        13.58125   11.51140  15.2%  68.5 1653s
 356354 66480 infeasible  209        13.58125   11.52805  15.1%  68.7 1661s
 357911 66255     cutoff  146        13.58125   11.55703  14.9%  68.9 1670s
 359445 65909   13.41895  219  490   13.58125   11.57381  14.8%  69.0 1680s
 361490 65852     cutoff  150        13.58125   11.59756  14.6%  69.0 1688s
 363207 65621     cutoff  203        13.58125   11.61698  14.5%  69.1 1697s
 364662 65472     cutoff  238        13.58125   11.64604  14.2%  69.2 1705s
 366655 65344     cutoff  148        13.58125   11.67143  14.1%  69.2 1713s
 368177 65120     cutoff  199        13.58125   11.68953  13.9%  69.3 1720s
 369622 64888     cutoff  169        13.58125   11.70793  13.8%  69.4 1728s
 371234 64627   13.13172  206  379   13.58125   11.73056  13.6%  69.5 1736s
 372850 64242     cutoff  150        13.58125   11.75258  13.5%  69.6 1744s
 374345 63923   13.22874  172  410   13.58125   11.77392  13.3%  69.7 1752s
 375982 63703     cutoff  188        13.58125   11.79367  13.2%  69.9 1761s
 377569 63447   13.44998  195  326   13.58125   11.81343  13.0%  69.9 1770s
 379501 63016   12.28919  171  464   13.58125   11.83522  12.9%  70.0 1778s
 380864 62740   13.29238  148  419   13.58125   11.85855  12.7%  70.2 1786s
 382613 62577     cutoff  212        13.58125   11.87286  12.6%  70.2 1794s
 384388 62180     cutoff  162        13.58125   11.89213  12.4%  70.3 1803s
 385857 61985     cutoff  151        13.58125   11.91000  12.3%  70.4 1812s
 387631 61684   12.69879  160  408   13.58125   11.93395  12.1%  70.5 1821s
 389336 61413     cutoff  194        13.58125   11.95422  12.0%  70.6 1829s
 391025 61067     cutoff  175        13.58125   11.97227  11.8%  70.6 1838s
 392807 60739   13.45788  234  335   13.58125   11.99272  11.7%  70.7 1847s
 394398 60470 infeasible  197        13.58125   12.01269  11.5%  70.7 1855s
 395996 60044     cutoff  179        13.58125   12.02751  11.4%  70.8 1863s
 397480 59662     cutoff  165        13.58125   12.04619  11.3%  71.0 1871s
 399145 59298 infeasible  203        13.58125   12.06983  11.1%  71.0 1879s
 400749 58922     cutoff  170        13.58125   12.08178  11.0%  71.1 1887s
 402435 58500     cutoff  173        13.58125   12.09320  11.0%  71.2 1895s
 404218 58266   13.43787  166  462   13.58125   12.12033  10.8%  71.2 1906s
 405328 57768   13.44302  201  375   13.58125   12.12632  10.7%  71.3 1915s
 407073 57199   12.81464  178  483   13.58125   12.14245  10.6%  71.3 1923s
 408717 56738   13.11451  163  504   13.58125   12.17821  10.3%  71.4 1931s
 410405 56015     cutoff  165        13.58125   12.19726  10.2%  71.5 1940s
 412039 55444   12.65044  164  399   13.58125   12.21850  10.0%  71.6 1949s
 413809 54982     cutoff  216        13.58125   12.23989  9.88%  71.7 1958s
 415736 54506     cutoff  201        13.58125   12.26239  9.71%  71.7 1967s
 417358 53782   12.62266  201  394   13.58125   12.27446  9.62%  71.8 1974s
 419057 53383     cutoff  170        13.58125   12.30530  9.39%  71.9 1983s
 420763 52772     cutoff  210        13.58125   12.32035  9.28%  71.9 1991s
 422506 52249     cutoff  212        13.58125   12.34339  9.11%  72.0 1998s
 424225 51528     cutoff  176        13.58125   12.36623  8.95%  72.0 2006s
 425956 50928   13.12566  208  423   13.58125   12.38746  8.79%  72.1 2013s
 427760 50359   12.93099  154  361   13.58125   12.41164  8.61%  72.1 2020s
 429604 49775   13.30961  177  431   13.58125   12.43115  8.47%  72.1 2028s
 431280 49110   12.69299  251  416   13.58125   12.45451  8.30%  72.1 2035s
 432906 48621   13.09789  193  425   13.58125   12.47612  8.14%  72.2 2043s
 434646 48044 infeasible  187        13.58125   12.49377  8.01%  72.2 2051s
 436327 47265     cutoff  178        13.58125   12.51474  7.85%  72.2 2058s
 437815 46521   13.36158  230  344   13.58125   12.53816  7.68%  72.3 2065s
 439339 46005   13.35677  171  406   13.58125   12.55475  7.56%  72.4 2073s
 441037 45328   13.51910  176  417   13.58125   12.57046  7.44%  72.4 2080s
 442542 44705     cutoff  182        13.58125   12.58703  7.32%  72.5 2088s
 444112 43815     cutoff  180        13.58125   12.60507  7.19%  72.6 2096s
 445951 43132     cutoff  204        13.58125   12.62811  7.02%  72.6 2103s
 447654 42483     cutoff  139        13.58125   12.65009  6.86%  72.7 2110s
 449358 41799   13.40097  240  325   13.58125   12.66877  6.72%  72.7 2119s
 451065 41072     cutoff  153        13.58125   12.68268  6.62%  72.7 2126s
 452649 40258   13.10532  160  437   13.58125   12.70350  6.46%  72.7 2133s
 454301 39508     cutoff  154        13.58125   12.72166  6.33%  72.8 2140s
 455914 38615     cutoff  169        13.58125   12.74287  6.17%  72.8 2147s
 457672 37858     cutoff  205        13.58125   12.76485  6.01%  72.9 2153s
 459446 37098     cutoff  212        13.58125   12.77298  5.95%  72.9 2161s
 461181 36570   12.94335  226  342   13.58125   12.79782  5.77%  72.9 2168s
 463048 36014     cutoff  165        13.58125   12.81210  5.66%  72.9 2176s
 464760 35222     cutoff  113        13.58125   12.82710  5.55%  72.9 2183s
 466452 34328   13.21200  175  411   13.58125   12.85111  5.38%  72.9 2189s
 468210 33640 infeasible  206        13.58125   12.87105  5.23%  72.9 2196s
 469787 33421     cutoff  238        13.58125   12.88907  5.10%  72.9 2213s
 470203 32588     cutoff  162        13.58125   12.89273  5.07%  72.9 2221s
 471973 31743     cutoff  154        13.58125   12.90193  5.00%  72.9 2227s
 473772 30757   13.23220  193  389   13.58125   12.92997  4.80%  72.9 2234s
 475606 29764     cutoff  163        13.58125   12.94930  4.65%  72.9 2240s
 477435 28813     cutoff  181        13.58125   12.96785  4.52%  73.0 2247s
 479194 27925     cutoff  168        13.58125   12.99042  4.35%  73.0 2254s
 481008 26959     cutoff  216        13.58125   13.00901  4.21%  72.9 2261s
 482704 25974     cutoff  279        13.58125   13.02369  4.11%  73.0 2267s
 484441 24843     cutoff  148        13.58125   13.04421  3.95%  73.0 2273s
 486095 23895     cutoff  200        13.58125   13.06687  3.79%  73.0 2280s
 487853 22865     cutoff  156        13.58125   13.07877  3.70%  73.0 2286s
 489423 21629     cutoff  230        13.58125   13.10925  3.48%  73.0 2293s
 491336 20572     cutoff  201        13.58125   13.12801  3.34%  73.0 2299s
 493329 19763     cutoff  161        13.58125   13.14017  3.25%  73.0 2306s
 495147 18650     cutoff  243        13.58125   13.16826  3.04%  72.9 2312s
 496758 17558   13.58102  221  429   13.58125   13.19158  2.87%  72.9 2318s
 498488 16475   13.25315  224  348   13.58125   13.21027  2.73%  72.9 2324s
 500222 15527     cutoff  182        13.58125   13.23115  2.58%  72.9 2330s
 501733 14396     cutoff  158        13.58125   13.25210  2.42%  72.9 2336s
 503628 13182     cutoff  167        13.58125   13.26626  2.32%  72.8 2342s
 505411 11994   13.43500  242  343   13.58125   13.28972  2.15%  72.8 2348s
 507337 10765     cutoff  204        13.58125   13.31926  1.93%  72.8 2354s
 509347  9760   13.53598  279  304   13.58125   13.33943  1.78%  72.7 2359s
 511143  8829   13.49293  209  432   13.58125   13.36074  1.62%  72.6 2365s
 512894  7665     cutoff  259        13.58125   13.38707  1.43%  72.6 2370s
 514995  6592   13.56337  252  304   13.58125   13.40817  1.27%  72.5 2376s
 516756  5207   13.54983  324  227   13.58125   13.43332  1.09%  72.4 2381s
 518635  4130     cutoff  205        13.58125   13.46778  0.84%  72.3 2386s
 520554  2777     cutoff  227        13.58125   13.48651  0.70%  72.2 2393s
 522750  1141     cutoff  194        13.58125   13.51966  0.45%  72.1 2398s
 524963   505     cutoff  171        13.58125   13.54949  0.23%  71.9 2403s
 527340     0   13.57758  438   80   13.58125   13.56664  0.11%  71.7 2406s

Cutting planes:
  Gomory: 3
  Cover: 1742
  Implied bound: 817
  MIR: 933
  StrongCG: 4
  Flow cover: 2050
  Inf proof: 65
  Relax-and-lift: 75

Explored 528310 nodes (37831950 simplex iterations) in 2406.55 seconds (3540.75 work units)
Thread count was 16 (of 16 available processors)

Solution count 10: 13.5813 13.5821 13.5833 ... 13.6605

Optimal solution found (tolerance 1.00e-03)
Best objective 1.358125225751e+01, best bound 1.358125225751e+01, gap 0.0000%

Gurobi 9.5.0 (win64) logging started Tue Mar 29 15:23:51 2022

Set parameter LogFile to value "C:\Users\kmajd1\Documents\NNRepLayer_v2\demos\examples\tc1_affine_transform/tc1/repair_net_backward/logs/opt_log_layer3.log"
Gurobi Optimizer version 9.5.0 build v9.5.0rc5 (win64)
Thread count: 8 physical cores, 16 logical processors, using up to 16 threads
Optimize a model with 6534 rows, 3793 columns and 15585 nonzeros
Model fingerprint: 0x0d3fb11e
Model has 631 quadratic objective terms
Variable types: 1903 continuous, 1890 integer (1890 binary)
Coefficient statistics:
  Matrix range     [2e-03, 1e+01]
  Objective range  [5e-03, 4e+02]
  QObjective range [1e-02, 1e+02]
  Bounds range     [1e+00, 1e+01]
  RHS range        [5e-02, 1e+01]
Presolve removed 3570 rows and 1680 columns
Presolve time: 0.03s
Presolved: 2964 rows, 2113 columns, 9495 nonzeros
Presolved model has 631 quadratic objective terms
Variable types: 1693 continuous, 420 integer (420 binary)
Found heuristic solution: objective 171.7882032
Root relaxation presolve removed 840 rows and 420 columns
Root relaxation presolved: 2124 rows, 2113 columns, 8235 nonzeros
Root relaxation presolved model has 631 quadratic objective terms


Root relaxation: objective 2.359355e+01, 3545 iterations, 0.10 seconds (0.12 work units)

    Nodes    |    Current Node    |     Objective Bounds      |     Work
 Expl Unexpl |  Obj  Depth IntInf | Incumbent    BestBd   Gap | It/Node Time

     0     0   23.59355    0  415  171.78820   23.59355  86.3%     -    0s
     0     0   25.46757    0  414  171.78820   25.46757  85.2%     -    0s
     0     0   25.46886    0  417  171.78820   25.46886  85.2%     -    0s
     0     0   25.46886    0  417  171.78820   25.46886  85.2%     -    0s
     0     0   25.46886    0  417  171.78820   25.46886  85.2%     -    0s
     0     0   25.46886    0  417  171.78820   25.46886  85.2%     -    1s
     0     2   25.46886    0  417  171.78820   25.46886  85.2%     -    1s
  1294   234     cutoff  251       171.78820  123.57464  28.1%  26.4    5s
H 1415   200                     170.5566060  131.27052  23.0%  26.0    6s
H 1764   166                     169.9289555  141.27229  16.9%  23.9    7s
H 2425   174                     169.6272101  141.27229  16.7%  19.8    8s
H 2430   174                     166.4655170  141.27229  15.1%  19.8    8s

Cutting planes:
  Gomory: 1
  Cover: 1
  Implied bound: 370
  MIR: 166
  StrongCG: 6
  Flow cover: 441
  Relax-and-lift: 18

Explored 2786 nodes (54484 simplex iterations) in 8.58 seconds (19.72 work units)
Thread count was 16 (of 16 available processors)

Solution count 5: 166.466 169.627 169.929 ... 171.788

Optimal solution found (tolerance 1.00e-03)
Best objective 1.664655169890e+02, best bound 1.664655169890e+02, gap 0.0000%

Gurobi 9.5.0 (win64) logging started Tue Mar 29 15:24:04 2022

Set parameter LogFile to value "C:\Users\kmajd1\Documents\NNRepLayer_v2\demos\examples\tc1_affine_transform/tc1/repair_net_backward/logs/opt_log_layer3.log"
Gurobi Optimizer version 9.5.0 build v9.5.0rc5 (win64)
Thread count: 8 physical cores, 16 logical processors, using up to 16 threads
Optimize a model with 11574 rows, 6943 columns and 26298 nonzeros
Model fingerprint: 0xd04d60e9
Model has 631 quadratic objective terms
Variable types: 3163 continuous, 3780 integer (3780 binary)
Coefficient statistics:
  Matrix range     [4e-02, 1e+01]
  Objective range  [5e-03, 4e+02]
  QObjective range [1e-02, 1e+02]
  Bounds range     [1e+00, 1e+01]
  RHS range        [1e-02, 1e+01]
Presolve removed 6720 rows and 2940 columns
Presolve time: 0.16s
Presolved: 4854 rows, 4003 columns, 15378 nonzeros
Presolved model has 631 quadratic objective terms
Variable types: 2953 continuous, 1050 integer (1050 binary)
Found heuristic solution: objective 219.2377917
Root relaxation presolve removed 1260 rows and 1050 columns
Root relaxation presolved: 3594 rows, 3163 columns, 13068 nonzeros
Root relaxation presolved model has 631 quadratic objective terms

Extra simplex iterations after uncrush: 10

Root relaxation: objective 2.787136e-02, 4855 iterations, 0.17 seconds (0.24 work units)

    Nodes    |    Current Node    |     Objective Bounds      |     Work
 Expl Unexpl |  Obj  Depth IntInf | Incumbent    BestBd   Gap | It/Node Time

     0     0    0.02787    0  821  219.23779    0.02787   100%     -    0s
     0     0    0.02787    0  834  219.23779    0.02787   100%     -    0s
     0     0    0.02787    0  836  219.23779    0.02787   100%     -    0s
     0     0    0.02787    0  835  219.23779    0.02787   100%     -    1s
     0     0    0.02787    0  835  219.23779    0.02787   100%     -    1s
     0     0    0.02787    0  835  219.23779    0.02787   100%     -    1s
     0     2    0.02787    0  835  219.23779    0.02787   100%     -    2s
H  305   327                     219.2377835    0.59963   100%  90.2    4s
   695   729    2.89074   88  736  219.23778    0.59963   100%  51.2    5s
  1578  1507   18.96916  203  666  219.23778    0.59963   100%  36.6   10s
  4101  3557  133.12332  641  215  219.23778    0.59963   100%  31.3   15s
  5665  4369   31.12853  310  835  219.23778    0.62082   100%  29.9   20s
  5675  4378    0.62082   12  835  219.23778    0.62082   100%  31.5   29s
  5677  4380    0.62082   13  833  219.23778    0.62082   100%  31.8   30s
H 5717  4177                     219.2377816    0.62082   100%  35.1   31s
H 5861  4067                     215.5892810    0.62082   100%  37.6   37s
H 5862  3868                     213.7650552    0.62082   100%  37.6   37s
H 5867  3679                     200.8147695    0.62082   100%  37.6   37s
  5909  3711    0.62082   23  825  200.81477    0.62082   100%  38.0   42s
  6523  4116    0.62082   32  812  200.81477    0.62082   100%  40.9   45s
  7088  4467    0.62082   37  802  200.81477    0.62082   100%  41.4   50s
  9540  5711     cutoff   53       200.81477    0.62082   100%  39.4   55s
 11367  6539   13.52261   67  727  200.81477    0.62082   100%  40.6   60s
H13159  6718                     196.7803282    0.62082   100%  41.4   64s
 13191  6777   22.53261   82  721  196.78033    0.62082   100%  41.7   65s
H13995  6640                     193.2312299    0.62082   100%  43.3   67s
 14904  7045   29.30606  100  701  193.23123    0.62082   100%  43.0   70s
H15757  5792                     158.5789616    0.62082   100%  42.9   72s
 16508  6096   39.83069  111  687  158.57896    0.62082   100%  44.1   75s
H17814  6156                     146.0167124    0.62082   100%  46.0   97s
H17822  6036                     144.0388043    0.62082   100%  46.0   97s
 17831  6048     cutoff  128       144.03880    0.62082   100%  46.1  102s
H17834  6041                     143.8970562    0.62082   100%  46.1  102s
 18268  6713   45.13907  136  663  143.89706    0.62082   100%  45.9  105s
 19942  7667   61.55289  163  635  143.89706    0.62082   100%  47.3  110s
 20747  7956   66.10855   94  835  143.89706    0.62082   100%  48.7  124s
 20749  7957   89.80599   71  815  143.89706    0.62082   100%  48.7  125s
 20759  7965    0.62082   23  815  143.89706    0.62082   100%  49.2  133s
 20761  7964    0.62082   24  822  143.89706    0.62082   100%  49.3  136s
 20768  7962    0.62082   28  807  143.89706    0.62082   100%  49.5  140s
 20997  7912   40.39699   48  752  143.89706    4.59650  96.8%  51.5  146s
 21252  7993  126.79385   69  709  143.89706    4.78510  96.7%  53.0  158s
 21542  8145     cutoff   40       143.89706    4.78510  96.7%  53.2  160s
 21774  8149     cutoff  107       143.89706    4.78510  96.7%  53.8  165s
 23094  8795   56.90986  137  639  143.89706    4.78510  96.7%  54.6  170s
 24516  9517   96.59773  166  600  143.89706    4.78510  96.7%  55.7  175s
 25056  9479 infeasible  202       143.89706    4.78510  96.7%  55.8  184s
 25205  9576   94.25442   45  754  143.89706   10.42605  92.8%  56.5  185s
H25485  9161                     143.8377022   11.05316  92.3%  57.2  186s
 26199  9167  130.02106  156  624  143.83770   13.25653  90.8%  59.2  190s
 27439  9504     cutoff  131       143.83770   19.04126  86.8%  61.2  195s
 28999  9727     cutoff   64       143.83770   20.44523  85.8%  61.6  200s
 30659 10286     cutoff   53       143.83770   23.46376  83.7%  62.2  206s
 32222 10803   47.88105   86  664  143.83770   25.57694  82.2%  62.7  211s
 34231 11025  141.84389  286  344  143.83770   26.45096  81.6%  62.3  216s
 34738 10870  100.09602  118  571  143.83770   26.45096  81.6%  62.6  222s
 35389 10993   55.45236   80  694  143.83770   27.16839  81.1%  62.8  225s
 36948 11384  127.36636  116  598  143.83770   28.73408  80.0%  63.8  231s
 38429 11464   29.22251   88  707  143.83770   28.93925  79.9%  63.9  236s
 39116 11248  113.81668   58  770  143.83770   29.04371  79.8%  64.2  244s
 39135 11432   29.04371   58  742  143.83770   29.04371  79.8%  64.3  246s
 39785 11579   61.16166   70  692  143.83770   29.22251  79.7%  64.8  250s
 41523 12291  128.72086  127  595  143.83770   29.71595  79.3%  65.1  257s
 43204 12087     cutoff  175       143.83770   31.79434  77.9%  65.0  260s
 44874 13043   89.47028  184  497  143.83770   31.79434  77.9%  65.2  266s
 47301 13869 infeasible  246       143.83770   36.46669  74.6%  64.4  273s
 48008 14124  112.35705   96  665  143.83770   36.71405  74.5%  64.9  276s
 48717 14572     cutoff   82       143.83770   36.71405  74.5%  65.3  280s
H49782 14681                     142.2460367   36.84515  74.1%  65.5  284s
 50459 15047   88.34109   83  691  142.24604   36.84515  74.1%  65.8  288s
 51316 15342     cutoff  134       142.24604   36.84515  74.1%  66.5  291s
 52271 15531   84.78774  103  674  142.24604   39.10601  72.5%  67.1  296s
 53112 16049     cutoff   96       142.24604   41.17213  71.1%  68.0  300s
 54233 16616     cutoff  102       142.24604   41.55816  70.8%  68.4  305s
 55636 17122  131.29635  119  600  142.24604   42.59867  70.1%  68.6  310s
 56761 17694   68.96290  138  560  142.24604   43.32243  69.5%  69.2  315s
 58037 17752     cutoff   72       142.24604   43.32243  69.5%  69.7  323s
 58187 18372     cutoff   83       142.24604   43.89833  69.1%  69.9  329s
 59497 18996  101.81874  104  617  142.24604   45.17950  68.2%  70.3  335s
 60982 19467     cutoff   85       142.24604   45.17955  68.2%  70.6  341s
 62411 19971   47.74667   78  715  142.24604   46.18650  67.5%  71.2  347s
 63745 20871   67.02893  171  571  142.24604   46.18650  67.5%  72.0  356s
 65587 21491     cutoff  106       142.24604   47.55994  66.6%  72.6  364s
 67140 22285   83.29882  100  682  142.24604   48.55299  65.9%  73.4  372s
 68786 22875  115.55728  252  411  142.24604   49.27487  65.4%  74.0  382s
 70251 23245  120.10163  158  483  142.24604   49.63139  65.1%  74.6  391s
 71578 23740   60.22911   69  741  142.24604   50.16066  64.7%  75.4  401s
 72999 24228  106.69148  205  332  142.24604   50.16066  64.7%  76.4  410s
 74352 24601  131.31539  222  271  142.24604   51.77525  63.6%  77.1  418s
H74541 24313                     140.9233643   51.96774  63.1%  77.2  418s
 75902 24341  138.57152  218  458  140.92336   52.27211  62.9%  78.0  433s
 76023 24772  139.22569  221  430  140.92336   52.40973  62.8%  78.0  441s
 77659 25136  100.78675   81  697  140.92336   52.86956  62.5%  79.0  451s
 79125 25445  119.88866  102  252  140.92336   53.62963  61.9%  79.8  461s
 80677 25970  102.63706   77  561  140.92336   54.02829  61.7%  80.5  471s
 82261 26420     cutoff   86       140.92336   54.65284  61.2%  80.9  482s
 83768 26827  140.23435  201  459  140.92336   55.20412  60.8%  81.7  492s
 85067 27268     cutoff  145       140.92336   55.78670  60.4%  82.3  502s
 86553 27711  138.09288  232  344  140.92336   56.70674  59.8%  82.8  514s
 88203 28162  112.55052  112  441  140.92336   56.97736  59.6%  83.5  524s
 88496 28162   61.28297  187  571  140.92336   57.06719  59.5%  83.7  525s
 89844 28578   80.85555  143  539  140.92336   57.56574  59.2%  84.4  537s
 91419 29168     cutoff  201       140.92336   58.08219  58.8%  85.3  548s
 93315 29634   82.69304  206  444  140.92336   58.63188  58.4%  85.7  559s
 94838 29989  115.35600  208  310  140.92336   59.14752  58.0%  86.4  570s
 96426 30311  110.91930  198  443  140.92336   59.88155  57.5%  87.1  581s
 98067 30755  120.59483  214  492  140.92336   60.32097  57.2%  87.5  593s
 99689 31189     cutoff  121       140.92336   60.65409  57.0%  88.0  604s
 101264 31553  116.93510  119  509  140.92336   61.38366  56.4%  88.5  614s
 102891 32014  127.90522   85  318  140.92336   61.84030  56.1%  89.2  625s
 104590 32536   79.89053  124  618  140.92336   62.43612  55.7%  89.7  634s
 106053 33091     cutoff  101       140.92336   62.85377  55.4%  89.9  644s
 107731 33632     cutoff  109       140.92336   63.20846  55.1%  90.2  656s
 109241 33676     cutoff  122       140.92336   63.42003  55.0%  90.4  682s
H109242 33626                     140.7515447   63.42003  54.9%  90.4  682s
H109243 32352                     138.0783885   63.42003  54.1%  90.4  682s
H109244 31985                     137.4182716   63.42003  53.8%  90.4  682s
 109317 32481  116.38934  123  330  137.41827   63.55188  53.8%  90.4  694s
 111030 32766   92.72938   80  695  137.41827   63.86219  53.5%  90.6  709s
 111894 33312     cutoff  208       137.41827   64.28311  53.2%  91.0  720s
 113500 33693     cutoff   69       137.41827   64.83049  52.8%  91.6  730s
 115249 34016     cutoff  153       137.41827   65.26511  52.5%  92.3  742s
 116980 34405  105.48192  137  644  137.41827   65.92560  52.0%  92.9  754s
 118518 34750  119.37786  215  526  137.41827   66.00377  52.0%  93.3  765s
 120083 35152  136.25285   96  592  137.41827   66.53484  51.6%  93.7  778s
 121674 35515   83.32735   66  724  137.41827   66.79211  51.4%  94.2  790s
 123272 35954     cutoff  152       137.41827   67.43514  50.9%  94.8  804s
 124816 36197  102.86979  117  468  137.41827   67.82404  50.6%  95.3  816s
 126241 36425  114.24025  196  385  137.41827   68.47393  50.2%  96.0  826s
 127374 37005     cutoff  116       137.41827   68.68466  50.0%  96.7  842s
 129369 37336     cutoff  194       137.41827   69.02418  49.8%  97.1  854s
 131029 37840     cutoff  206       137.41827   69.66954  49.3%  97.9  865s
 132922 38153  135.41747  120  354  137.41827   70.40468  48.8%  98.3  876s
 134578 38554     cutoff   71       137.41827   71.15501  48.2%  98.9  889s
 136185 38751   97.66289   98  573  137.41827   71.26487  48.1%  99.4  901s
 137531 39337     cutoff  188       137.41827   71.63810  47.9%   100  913s
 139365 39784   98.00102  189  515  137.41827   72.10859  47.5%   100  926s
 141112 40135  108.75107  232  445  137.41827   72.59376  47.2%   100  937s
 142694 40402  104.20813   67  703  137.41827   73.09437  46.8%   101  954s
 144105 40739     cutoff  260       137.41827   73.22801  46.7%   101  967s
 145659 41024  118.76059  148  453  137.41827   73.77500  46.3%   101  979s
 147210 41303     cutoff   82       137.41827   73.91418  46.2%   102  989s
 148522 41636  134.32045  112  440  137.41827   74.43123  45.8%   102 1002s
 150349 41786  122.76125  216  492  137.41827   74.85343  45.5%   103 1019s
 151261 42041     cutoff  229       137.41827   75.14703  45.3%   103 1031s
 153164 42378  109.51782   92  679  137.41827   75.68213  44.9%   103 1043s
 154982 42863   84.11931   55  727  137.41827   76.22644  44.5%   104 1056s
 156705 43099  130.96419  239  455  137.41827   76.59241  44.3%   104 1068s
H158220 41572                     135.4409453   76.79249  43.3%   104 1091s
 158271 41761     cutoff  142       135.44095   76.85504  43.3%   104 1103s
 159904 41893     cutoff  131       135.44095   77.24277  43.0%   105 1118s
 160974 41959     cutoff  136       135.44095   77.53547  42.8%   105 1130s
 162531 42365 infeasible  217       135.44095   78.00596  42.4%   106 1146s
 164436 42660   85.16303  207  536  135.44095   78.26310  42.2%   106 1160s
 166171 43014     cutoff   66       135.44095   78.51332  42.0%   107 1173s
 168174 43272  110.97154  152  549  135.44095   79.35049  41.4%   107 1184s
 169696 43448     cutoff   68       135.44095   79.71262  41.1%   107 1195s
 171168 43661     cutoff   71       135.44095   80.24065  40.8%   108 1208s
 172787 43902     cutoff  212       135.44095   80.68921  40.4%   108 1219s
 174444 44193  114.42238  136  571  135.44095   81.17001  40.1%   109 1231s
 176148 44399   97.57434  194  577  135.44095   81.46348  39.9%   109 1242s
 177893 44695  132.56922  141  379  135.44095   81.95549  39.5%   109 1253s
 179748 44987     cutoff   89       135.44095   82.43169  39.1%   109 1264s
 181412 45068 infeasible   86       135.44095   83.18052  38.6%   110 1274s
 183006 45267   86.51796  181  566  135.44095   83.52371  38.3%   110 1284s
 184533 45356   97.48800  109  622  135.44095   83.85897  38.1%   110 1295s
 185965 45509     cutoff   99       135.44095   84.48584  37.6%   111 1307s
 187496 45719  115.89548  225  438  135.44095   84.80043  37.4%   111 1318s
 189294 45875  125.03719  114  315  135.44095   85.19417  37.1%   112 1328s
 190772 46162     cutoff  101       135.44095   85.80712  36.6%   112 1340s
 192411 46253     cutoff   84       135.44095   86.09983  36.4%   112 1351s
 193938 46518  120.02343   81  685  135.44095   86.46893  36.2%   112 1362s
 195694 46958  122.33240   77  669  135.44095   87.07126  35.7%   113 1376s
 197446 47197     cutoff   84       135.44095   87.32947  35.5%   113 1386s
 199367 47341     cutoff  181       135.44095   87.82449  35.2%   113 1397s
 200975 47431     cutoff  130       135.44095   88.51825  34.6%   113 1408s
 202443 47675 infeasible  114       135.44095   88.63645  34.6%   113 1419s
 204292 47757  115.52689  131  619  135.44095   89.23944  34.1%   113 1429s
 205698 47931     cutoff  197       135.44095   89.49820  33.9%   114 1439s
 207318 47985  125.58157  204  456  135.44095   90.01994  33.5%   114 1449s
 208798 48155  110.81206   90  650  135.44095   90.46063  33.2%   114 1461s
 210451 48368     cutoff   94       135.44095   90.72289  33.0%   115 1472s
 212014 48586     cutoff  147       135.44095   91.18475  32.7%   115 1484s
 213636 48835  132.25788  132  475  135.44095   91.59935  32.4%   115 1496s
 215462 48940     cutoff  198       135.44095   91.91559  32.1%   115 1506s
 216909 49086     cutoff  103       135.44095   92.29261  31.9%   115 1517s
 218474 49161  130.43096  201  479  135.44095   92.57357  31.7%   115 1529s
 220093 49130     cutoff  213       135.44095   93.01034  31.3%   116 1532s

Cutting planes:
  Gomory: 26
  Cover: 1381
  Implied bound: 756
  MIR: 665
  StrongCG: 1
  Flow cover: 1908
  Inf proof: 30
  Relax-and-lift: 77

Explored 220156 nodes (25439712 simplex iterations) in 1532.49 seconds (2318.17 work units)
Thread count was 16 (of 16 available processors)

Solution count 10: 135.441 137.418 138.078 ... 146.017

Solve interrupted
Best objective 1.354409452928e+02, best bound 9.305754314591e+01, gap 31.2929%

Gurobi 9.5.0 (win64) logging started Tue Mar 29 15:53:33 2022

Set parameter LogFile to value "C:\Users\kmajd1\Documents\NNRepLayer_v2\demos\examples\tc1_affine_transform/tc1/repair_net_backward/logs/opt_log_layer3.log"
Gurobi Optimizer version 9.5.0 build v9.5.0rc5 (win64)
Thread count: 8 physical cores, 16 logical processors, using up to 16 threads
Optimize a model with 6534 rows, 3793 columns and 15585 nonzeros
Model fingerprint: 0xa36b5476
Model has 631 quadratic objective terms
Variable types: 1903 continuous, 1890 integer (1890 binary)
Coefficient statistics:
  Matrix range     [2e-03, 1e+01]
  Objective range  [5e-03, 4e+00]
  QObjective range [1e-02, 2e+00]
  Bounds range     [1e+00, 1e+01]
  RHS range        [5e-02, 1e+01]
Presolve removed 3570 rows and 1680 columns
Presolve time: 0.02s
Presolved: 2964 rows, 2113 columns, 9495 nonzeros
Presolved model has 631 quadratic objective terms
Variable types: 1693 continuous, 420 integer (420 binary)
Found heuristic solution: objective 1.7517538
Root relaxation presolve removed 840 rows and 420 columns
Root relaxation presolved: 2124 rows, 2113 columns, 8235 nonzeros
Root relaxation presolved model has 631 quadratic objective terms


Root relaxation: objective 2.723968e-01, 3464 iterations, 0.07 seconds (0.12 work units)

    Nodes    |    Current Node    |     Objective Bounds      |     Work
 Expl Unexpl |  Obj  Depth IntInf | Incumbent    BestBd   Gap | It/Node Time

     0     0    0.27240    0  414    1.75175    0.27240  84.5%     -    0s
     0     0    0.32219    0  416    1.75175    0.32219  81.6%     -    0s
     0     0    0.32219    0  416    1.75175    0.32219  81.6%     -    0s
     0     0    0.32219    0  416    1.75175    0.32219  81.6%     -    0s
     0     0    0.32219    0  416    1.75175    0.32219  81.6%     -    0s
     0     0    0.39407    0  415    1.75175    0.39407  77.5%     -    1s
     0     2    0.39407    0  415    1.75175    0.39407  77.5%     -    1s
  1617   664    1.71353  223  415    1.75175    1.10342  37.0%  14.0    5s
  2307   481     cutoff   75         1.75175    1.10342  37.0%  20.3   10s
H 2472   412                       1.7390435    1.16342  33.1%  21.6   12s
  4007   298    1.64683  170  168    1.73904    1.22366  29.6%  18.8   15s
H 4019   298                       1.7362850    1.22366  29.5%  18.8   15s
H 4021   298                       1.7357929    1.22366  29.5%  18.8   15s
H 4047   307                       1.7356516    1.22366  29.5%  18.7   18s
H 4049   307                       1.7351119    1.22366  29.5%  18.7   18s
H 4051   307                       1.7349816    1.22366  29.5%  18.7   18s
H 4053   307                       1.7349691    1.22366  29.5%  18.7   18s
  5121   819    1.69716  229  108    1.73497    1.22366  29.5%  15.9   21s

Cutting planes:
  Gomory: 15
  Cover: 13
  Implied bound: 163
  Clique: 4
  MIR: 137
  StrongCG: 5
  Flow cover: 513
  Relax-and-lift: 4

Explored 8141 nodes (111570 simplex iterations) in 23.97 seconds (48.33 work units)
Thread count was 16 (of 16 available processors)

Solution count 8: 1.73497 1.73498 1.73511 ... 1.75175

Optimal solution found (tolerance 1.00e-03)
Best objective 1.734969115787e+00, best bound 1.734969115787e+00, gap 0.0000%

Gurobi 9.5.0 (win64) logging started Tue Mar 29 15:54:01 2022

Set parameter LogFile to value "C:\Users\kmajd1\Documents\NNRepLayer_v2\demos\examples\tc1_affine_transform/tc1/repair_net_backward/logs/opt_log_layer3.log"
Gurobi Optimizer version 9.5.0 build v9.5.0rc5 (win64)
Thread count: 8 physical cores, 16 logical processors, using up to 16 threads
Optimize a model with 11574 rows, 6943 columns and 26298 nonzeros
Model fingerprint: 0xa1afd4c3
Model has 631 quadratic objective terms
Variable types: 3163 continuous, 3780 integer (3780 binary)
Coefficient statistics:
  Matrix range     [4e-02, 1e+01]
  Objective range  [5e-03, 4e+00]
  QObjective range [1e-02, 2e+00]
  Bounds range     [1e+00, 1e+01]
  RHS range        [1e-02, 1e+01]
Presolve removed 6720 rows and 2940 columns
Presolve time: 0.14s
Presolved: 4854 rows, 4003 columns, 15378 nonzeros
Presolved model has 631 quadratic objective terms
Variable types: 2953 continuous, 1050 integer (1050 binary)
Found heuristic solution: objective 2.3129014
Root relaxation presolve removed 1260 rows and 1050 columns
Root relaxation presolved: 3594 rows, 3163 columns, 13068 nonzeros
Root relaxation presolved model has 631 quadratic objective terms

Extra simplex iterations after uncrush: 31

Root relaxation: objective 1.618800e-02, 5172 iterations, 0.25 seconds (0.30 work units)

    Nodes    |    Current Node    |     Objective Bounds      |     Work
 Expl Unexpl |  Obj  Depth IntInf | Incumbent    BestBd   Gap | It/Node Time

     0     0    0.01619    0  822    2.31290    0.01619  99.3%     -    0s
     0     0    0.01727    0  923    2.31290    0.01727  99.3%     -    0s
     0     0    0.01727    0  923    2.31290    0.01727  99.3%     -    1s
     0     0    0.01729    0  909    2.31290    0.01729  99.3%     -    1s
     0     0    0.01729    0  909    2.31290    0.01729  99.3%     -    1s
     0     0    0.02036    0  912    2.31290    0.02036  99.1%     -    1s
     0     0    0.02072    0  911    2.31290    0.02072  99.1%     -    2s
     0     2    0.02072    0  911    2.31290    0.02072  99.1%     -    2s
   224   164    0.05735   33  806    2.31290    0.02904  98.7%   116    5s
H  394   321                       2.2792064    0.02904  98.7%  79.5    6s
  1120   931    0.50618  148  678    2.27921    0.02904  98.7%  45.1   10s
H 1478  1060                       1.9344849    0.02904  98.5%  41.9   13s
  1481  1062    0.52882   76  855    1.93448    0.02904  98.5%  41.8   15s
H 1530  1035                       1.9344849    0.02904  98.5%  55.1   17s
H 1672  1063                       1.7403634    0.02904  98.3%  69.2   22s
H 1683  1011                       1.7403634    0.02904  98.3%  69.7   22s
H 1684   965                       1.6794506    0.02904  98.3%  69.6   22s
  1716   982    0.02940   26  826    1.67945    0.02904  98.3%  70.4   27s
  2388  1406    0.10214   40  809    1.67945    0.02904  98.3%  66.6   30s
  2621  1450    0.10291   42  804    1.67945    0.02904  98.3%  64.1   41s
H 2724  1453                       1.6564783    0.02904  98.2%  69.1   47s
H 2732  1409                       1.6564783    0.02904  98.2%  69.1   47s
  3435  1781    0.23334   52  740    1.65648    0.02904  98.2%  65.1   50s
  5613  3483    0.40582   74  689    1.65648    0.02904  98.2%  57.5   55s
  6324  3805     cutoff   84         1.65648    0.02904  98.2%  55.5   61s
H 6327  3805                       1.6564783    0.02904  98.2%  55.5   61s
H 6333  3805                       1.6564782    0.02904  98.2%  55.5   61s
H 6334  3740                       1.6370618    0.02904  98.2%  55.5   61s
H 6348  3750                       1.6370618    0.02904  98.2%  55.6   76s
H 6349  3750                       1.6370618    0.02904  98.2%  55.7   76s
H 6351  3587                       1.5680541    0.02904  98.1%  55.7   76s
H 6353  3554                       1.5450661    0.02904  98.1%  55.7   76s
  7646  4704    0.77728  101  638    1.54507    0.02904  98.1%  55.6   80s
  9732  6195    0.99552  135  600    1.54507    0.02904  98.1%  53.0   85s
 11848  7787    1.17948  195  534    1.54507    0.02904  98.1%  51.2   90s
 13970  8979    1.28575  261  462    1.54507    0.02904  98.1%  49.3   99s
H13979  8976                       1.5440844    0.02904  98.1%  49.4   99s
 13993  9208     cutoff  261         1.54408    0.02904  98.1%  49.6  100s
 15896 10280     cutoff  338         1.54408    0.02904  98.1%  49.8  106s
H17763 10114                       1.4472279    0.02904  98.0%  48.7  109s
 17848 10431    0.63518   33  782    1.44723    0.02904  98.0%  48.7  111s
 19791 11879     cutoff   32         1.44723    0.02904  98.0%  49.2  116s
 20617 11880    1.24734  240  911    1.44723    0.02904  98.0%  49.0  127s
 20623 11884    1.09676  100  812    1.44723    0.02904  98.0%  48.9  130s
