
Gurobi 9.5.0 (win64) logging started Mon Mar 28 16:34:09 2022

Set parameter LogFile to value "C:\Users\kmajd1\Documents\NNRepLayer_v2\demos\examples\tc1_affine_transform/tc1/repair_net_backward/logs/opt_log_layer1.log"
Gurobi Optimizer version 9.5.0 build v9.5.0rc5 (win64)
Thread count: 8 physical cores, 16 logical processors, using up to 16 threads
Optimize a model with 6534 rows, 3793 columns and 15585 nonzeros
Model fingerprint: 0x43192980
Model has 631 quadratic objective terms
Variable types: 1903 continuous, 1890 integer (1890 binary)
Coefficient statistics:
  Matrix range     [2e-03, 1e+01]
  Objective range  [5e-03, 4e-02]
  QObjective range [1e-02, 2e+00]
  Bounds range     [1e+00, 1e+01]
  RHS range        [5e-02, 1e+01]
Presolve removed 3570 rows and 1680 columns
Presolve time: 0.03s
Presolved: 2964 rows, 2113 columns, 9495 nonzeros
Presolved model has 631 quadratic objective terms
Variable types: 1693 continuous, 420 integer (420 binary)
Found heuristic solution: objective 0.0510309
Root relaxation presolve removed 840 rows and 420 columns
Root relaxation presolved: 2124 rows, 2113 columns, 8235 nonzeros
Root relaxation presolved model has 631 quadratic objective terms


Root relaxation: objective 2.033727e-02, 3294 iterations, 0.09 seconds (0.14 work units)

    Nodes    |    Current Node    |     Objective Bounds      |     Work
 Expl Unexpl |  Obj  Depth IntInf | Incumbent    BestBd   Gap | It/Node Time

     0     0    0.02034    0  416    0.05103    0.02034  60.1%     -    0s
     0     0    0.02204    0  416    0.05103    0.02204  56.8%     -    0s
     0     0    0.02254    0  416    0.05103    0.02254  55.8%     -    0s
     0     0    0.02295    0  419    0.05103    0.02295  55.0%     -    0s
     0     2    0.02295    0  419    0.05103    0.02295  55.0%     -    1s
   550     2    0.04934  190  227    0.05103    0.04934  3.32%  25.6    5s

Cutting planes:
  Gomory: 24
  Implied bound: 333
  MIR: 99
  StrongCG: 1
  Flow cover: 268
  Relax-and-lift: 33

Explored 790 nodes (19138 simplex iterations) in 7.00 seconds (20.79 work units)
Thread count was 16 (of 16 available processors)

Solution count 1: 0.0510309 

Optimal solution found (tolerance 1.00e-03)
Best objective 5.103092167158e-02, best bound 5.102286485707e-02, gap 0.0158%

Gurobi 9.5.0 (win64) logging started Mon Mar 28 16:34:20 2022

Set parameter LogFile to value "C:\Users\kmajd1\Documents\NNRepLayer_v2\demos\examples\tc1_affine_transform/tc1/repair_net_backward/logs/opt_log_layer1.log"
Gurobi Optimizer version 9.5.0 build v9.5.0rc5 (win64)
Thread count: 8 physical cores, 16 logical processors, using up to 16 threads
Optimize a model with 11574 rows, 6943 columns and 26298 nonzeros
Model fingerprint: 0x3662e917
Model has 631 quadratic objective terms
Variable types: 3163 continuous, 3780 integer (3780 binary)
Coefficient statistics:
  Matrix range     [4e-02, 1e+01]
  Objective range  [5e-03, 4e-02]
  QObjective range [1e-02, 2e+00]
  Bounds range     [1e+00, 1e+01]
  RHS range        [1e-02, 1e+01]
Presolve removed 6720 rows and 2940 columns
Presolve time: 0.16s
Presolved: 4854 rows, 4003 columns, 15588 nonzeros
Presolved model has 631 quadratic objective terms
Variable types: 2953 continuous, 1050 integer (1050 binary)
Found heuristic solution: objective 0.0513660
Root relaxation presolve removed 1050 rows and 1050 columns
Root relaxation presolved: 3804 rows, 2953 columns, 13488 nonzeros
Root relaxation presolved model has 631 quadratic objective terms

Extra simplex iterations after uncrush: 53

Root relaxation: objective 1.219108e-02, 4331 iterations, 0.16 seconds (0.29 work units)

    Nodes    |    Current Node    |     Objective Bounds      |     Work
 Expl Unexpl |  Obj  Depth IntInf | Incumbent    BestBd   Gap | It/Node Time

     0     0    0.01219    0  836    0.05137    0.01219  76.3%     -    0s
     0     0    0.01222    0  959    0.05137    0.01222  76.2%     -    0s
     0     0    0.01222    0  960    0.05137    0.01222  76.2%     -    0s
     0     0    0.01222    0  938    0.05137    0.01222  76.2%     -    1s
     0     0    0.01222    0  796    0.05137    0.01222  76.2%     -    1s
     0     0    0.01222    0  920    0.05137    0.01222  76.2%     -    1s
     0     0    0.01222    0  919    0.05137    0.01222  76.2%     -    1s
     0     0    0.01222    0  908    0.05137    0.01222  76.2%     -    2s
     0     0    0.01222    0  908    0.05137    0.01222  76.2%     -    2s
     0     0    0.01222    0  901    0.05137    0.01222  76.2%     -    2s
     0     0    0.01226    0  899    0.05137    0.01226  76.1%     -    2s
     0     0    0.01227    0  899    0.05137    0.01227  76.1%     -    3s
     0     0    0.01227    0  899    0.05137    0.01227  76.1%     -    3s
     0     0    0.01227    0  899    0.05137    0.01227  76.1%     -    3s
     0     0    0.01227    0  899    0.05137    0.01227  76.1%     -    3s
     0     0    0.01227    0  898    0.05137    0.01227  76.1%     -    4s
     0     0    0.01227    0  898    0.05137    0.01227  76.1%     -    4s
     0     2    0.01227    0  898    0.05137    0.01227  76.1%     -    4s
     7     4    0.01292    4  887    0.05137    0.01292  74.8%   205    5s
    96     2    0.01638   46  685    0.05137    0.01638  68.1%   543   10s
   191     2 infeasible   95         0.05137    0.01640  68.1%   714   15s
   670   274     cutoff  137         0.05137    0.01686  67.2%   398   20s
H  990   445                       0.0508252    0.01688  66.8%   295   22s
  1504   818    0.02395  176  938    0.05083    0.01688  66.8%   215   27s
  1511   823    0.03325  114  782    0.05083    0.01688  66.8%   214   30s
  1515   826    0.01688   11  778    0.05083    0.01688  66.8%   218   37s
  1545   818    0.01688   25  708    0.05083    0.01688  66.8%   229   40s
  1586   804    0.01702   34  724    0.05083    0.01701  66.5%   235   46s
  1680   790    0.01740   48  695    0.05083    0.01740  65.8%   250   50s
  1924   722     cutoff   62         0.05083    0.01769  65.2%   263   56s
H 1925   680                       0.0505188    0.01769  65.0%   263   56s
  2099   681    0.01796   74  658    0.05052    0.01779  64.8%   262   60s
H 2104   640                       0.0498418    0.01779  64.3%   263   60s
  2695   698     cutoff   99         0.04984    0.01795  64.0%   248   65s
  3162   642    0.02081  176  529    0.04984    0.01963  60.6%   256   71s
  3584   734 infeasible  192         0.04984    0.01963  60.6%   261   75s
  4116   852     cutoff  251         0.04984    0.02057  58.7%   264   80s
  4852  1022    0.04182  266  441    0.04984    0.02057  58.7%   262   85s
  5595   945     cutoff  285         0.04984    0.02057  58.7%   256   91s
  6873   616     cutoff  319         0.04984    0.04038  19.0%   234   96s
  7877   278     cutoff  464         0.04984    0.04273  14.3%   222  100s

Cutting planes:
  Gomory: 49
  Cover: 174
  Implied bound: 371
  MIR: 591
  Flow cover: 1002
  RLT: 9
  Relax-and-lift: 62

Explored 8679 nodes (1831600 simplex iterations) in 102.07 seconds (228.27 work units)
Thread count was 16 (of 16 available processors)

Solution count 4: 0.0498418 0.0505188 0.0508252 0.051366 

Optimal solution found (tolerance 1.00e-03)
Best objective 4.984177812459e-02, best bound 4.984177812459e-02, gap 0.0000%

Gurobi 9.5.0 (win64) logging started Mon Mar 28 16:37:17 2022

Set parameter LogFile to value "C:\Users\kmajd1\Documents\NNRepLayer_v2\demos\examples\tc1_affine_transform/tc1/repair_net_backward/logs/opt_log_layer1.log"
Gurobi Optimizer version 9.5.0 build v9.5.0rc5 (win64)
Thread count: 8 physical cores, 16 logical processors, using up to 16 threads
Optimize a model with 6534 rows, 3793 columns and 15585 nonzeros
Model fingerprint: 0x79e3f79b
Model has 631 quadratic objective terms
Variable types: 1903 continuous, 1890 integer (1890 binary)
Coefficient statistics:
  Matrix range     [2e-03, 1e+01]
  Objective range  [5e-03, 4e+01]
  QObjective range [1e-02, 1e+01]
  Bounds range     [1e+00, 1e+01]
  RHS range        [5e-02, 1e+01]
Presolve removed 3570 rows and 1680 columns
Presolve time: 0.02s
Presolved: 2964 rows, 2113 columns, 9495 nonzeros
Presolved model has 631 quadratic objective terms
Variable types: 1693 continuous, 420 integer (420 binary)
Found heuristic solution: objective 17.2097583
Root relaxation presolve removed 840 rows and 420 columns
Root relaxation presolved: 2124 rows, 2113 columns, 8235 nonzeros
Root relaxation presolved model has 631 quadratic objective terms


Root relaxation: objective 2.397716e+00, 3509 iterations, 0.09 seconds (0.12 work units)

    Nodes    |    Current Node    |     Objective Bounds      |     Work
 Expl Unexpl |  Obj  Depth IntInf | Incumbent    BestBd   Gap | It/Node Time

     0     0    2.39772    0  415   17.20976    2.39772  86.1%     -    0s
     0     0    2.87692    0  420   17.20976    2.87692  83.3%     -    0s
     0     0    2.87692    0  420   17.20976    2.87692  83.3%     -    0s
     0     0    2.87692    0  420   17.20976    2.87692  83.3%     -    0s
     0     0    2.87692    0  420   17.20976    2.87692  83.3%     -    0s
     0     0    2.87692    0  420   17.20976    2.87692  83.3%     -    0s
     0     2    2.90863    0  420   17.20976    2.90863  83.1%     -    1s
  2170   887   16.60351  192  210   17.20976    6.30398  63.4%  16.1    5s
  7589  1004   15.64984  196  420   17.20976   14.57526  15.3%  15.6   11s
  7598  1011   14.57526   13  413   17.20976   14.57526  15.3%  16.2   15s
  8502   745     cutoff  102        17.20976   14.57526  15.3%  17.6   20s
H 9329   458                      16.7764926   14.94668  10.9%  17.2   21s
H 9426   328                      16.7755123   15.27907  8.92%  17.1   21s
H 9456   272                      16.7350298   15.27907  8.70%  17.1   21s
H 9482   220                      16.7150263   15.27907  8.59%  17.0   21s

Cutting planes:
  Gomory: 8
  Cover: 4
  Implied bound: 175
  Clique: 4
  MIR: 97
  StrongCG: 6
  Flow cover: 456
  Relax-and-lift: 1

Explored 9722 nodes (166883 simplex iterations) in 22.24 seconds (61.38 work units)
Thread count was 16 (of 16 available processors)

Solution count 5: 16.715 16.735 16.7755 ... 17.2098

Optimal solution found (tolerance 1.00e-03)
Best objective 1.671502631971e+01, best bound 1.671502631971e+01, gap 0.0000%

Gurobi 9.5.0 (win64) logging started Mon Mar 28 16:37:44 2022

Set parameter LogFile to value "C:\Users\kmajd1\Documents\NNRepLayer_v2\demos\examples\tc1_affine_transform/tc1/repair_net_backward/logs/opt_log_layer1.log"
Gurobi Optimizer version 9.5.0 build v9.5.0rc5 (win64)
Thread count: 8 physical cores, 16 logical processors, using up to 16 threads
Optimize a model with 11574 rows, 6943 columns and 26298 nonzeros
Model fingerprint: 0xfaa07700
Model has 631 quadratic objective terms
Variable types: 3163 continuous, 3780 integer (3780 binary)
Coefficient statistics:
  Matrix range     [4e-02, 1e+01]
  Objective range  [5e-03, 4e+01]
  QObjective range [1e-02, 1e+01]
  Bounds range     [1e+00, 1e+01]
  RHS range        [1e-02, 1e+01]
Presolve removed 6720 rows and 2940 columns
Presolve time: 0.15s
Presolved: 4854 rows, 4003 columns, 15378 nonzeros
Presolved model has 631 quadratic objective terms
Variable types: 2953 continuous, 1050 integer (1050 binary)
Found heuristic solution: objective 22.1541044
Root relaxation presolve removed 1260 rows and 1050 columns
Root relaxation presolved: 3594 rows, 3163 columns, 13068 nonzeros
Root relaxation presolved model has 631 quadratic objective terms

Extra simplex iterations after uncrush: 21

Root relaxation: objective 2.286884e-02, 4786 iterations, 0.15 seconds (0.23 work units)

    Nodes    |    Current Node    |     Objective Bounds      |     Work
 Expl Unexpl |  Obj  Depth IntInf | Incumbent    BestBd   Gap | It/Node Time

     0     0    0.02287    0  814   22.15410    0.02287   100%     -    0s
     0     0    0.02287    0  904   22.15410    0.02287   100%     -    0s
     0     0    0.02287    0  907   22.15410    0.02287   100%     -    0s
     0     0    0.02287    0  915   22.15410    0.02287   100%     -    1s
     0     0    0.02287    0  809   22.15410    0.02287   100%     -    1s
     0     0    0.02287    0  906   22.15410    0.02287   100%     -    2s
     0     0    0.02287    0  911   22.15410    0.02287   100%     -    2s
     0     0    0.02287    0  916   22.15410    0.02287   100%     -    2s
     0     0    0.02287    0  916   22.15410    0.02287   100%     -    2s
     0     0    0.02287    0  917   22.15410    0.02287   100%     -    3s
     0     0    0.02287    0  917   22.15410    0.02287   100%     -    3s
     0     2    0.02287    0  917   22.15410    0.02287   100%     -    4s
    15    24    0.04162    4  818   22.15410    0.04162   100%   902    5s
H  561   569                      21.8177068    0.06547   100%  65.9    8s
H  565   569                      21.5722428    0.06547   100%  65.6    8s
H  567   569                      19.0509662    0.06547   100%  65.4    8s
   594   613    0.43123   89  730   19.05097    0.06547   100%  63.9   10s
  1604  1569    1.11490  232  600   19.05097    0.06547   100%  46.2   15s
  2459  2395    2.20349  281  558   19.05097    0.06547   100%  47.3   24s
H 2536  2389                      16.4485066    0.06547   100%  46.8   24s
  2820  2697    2.75199  301  543   16.44851    0.06547   100%  45.8   25s
  4929  4435    6.30746  508  338   16.44851    0.06547   100%  33.4   30s
  5895  4943    0.50165   25  915   16.44851    0.06547   100%  34.1   37s
H 5896  4696                      16.4485063    0.06547   100%  34.1   38s
  5902  4700    7.88727  275  826   16.44851    0.06547   100%  34.1   40s
  5905  4704    0.06547   14  824   16.44851    0.06547   100%  35.7   45s
H 5992  4500                      16.4484896    0.06547   100%  41.4   48s
  6096  4497    0.21000   24  811   16.44849    0.16487  99.0%  45.5   51s
H 6103  4272                      16.4484894    0.16487  99.0%  45.5   51s
H 6115  4055                      14.8268349    0.16487  98.9%  46.1   51s
  6218  4093    0.55075   26  799   14.82683    0.16487  98.9%  49.8   57s
  6235  4101     cutoff   26        14.82683    0.16487  98.9%  50.5   60s
H 6237  3899                      14.8133451    0.16487  98.9%  50.5   60s
H 6238  3707                      14.8125583    0.16487  98.9%  50.5   60s
H 6249  3521                      14.8079981    0.16487  98.9%  50.8   60s
  7334  3965    4.54899   40  707   14.80800    0.16487  98.9%  54.4   69s
  7472  4136    5.15742   41  707   14.80800    0.16487  98.9%  54.8   70s
  9125  4781    9.62357   95  579   14.80800    0.16487  98.9%  54.9   75s
 10951  5445     cutoff  168        14.80800    0.16487  98.9%  52.9   80s
 12884  5939     cutoff   50        14.80800    1.18220  92.0%  51.5   85s
 14827  6788   11.49582  137  523   14.80800    1.20605  91.9%  49.8   91s
 16044  7245    6.17816   72  695   14.80800    1.27444  91.4%  48.8   95s
 17628  8288    1.88040   26  789   14.80800    1.72871  88.3%  47.8  100s
 19089  8877    5.69369   54  663   14.80800    1.88540  87.3%  48.4  108s

Cutting planes:
  Gomory: 1
  Cover: 452
  Implied bound: 816
  MIR: 623
  StrongCG: 4
  Flow cover: 1497
  Inf proof: 9
  Relax-and-lift: 89

Explored 19107 nodes (938976 simplex iterations) in 108.79 seconds (182.42 work units)
Thread count was 16 (of 16 available processors)

Solution count 10: 14.808 14.8126 14.8133 ... 22.1541

Solve interrupted
Best objective 1.480799808947e+01, best bound 1.885400780838e+00, gap 87.2677%

Gurobi 9.5.0 (win64) logging started Mon Mar 28 16:39:52 2022

Set parameter LogFile to value "C:\Users\kmajd1\Documents\NNRepLayer_v2\demos\examples\tc1_affine_transform/tc1/repair_net_backward/logs/opt_log_layer1.log"
Gurobi Optimizer version 9.5.0 build v9.5.0rc5 (win64)
Thread count: 8 physical cores, 16 logical processors, using up to 16 threads
Optimize a model with 6534 rows, 3793 columns and 15585 nonzeros
Model fingerprint: 0x79e3f79b
Model has 631 quadratic objective terms
Variable types: 1903 continuous, 1890 integer (1890 binary)
Coefficient statistics:
  Matrix range     [2e-03, 1e+01]
  Objective range  [5e-03, 4e+01]
  QObjective range [1e-02, 1e+01]
  Bounds range     [1e+00, 1e+01]
  RHS range        [5e-02, 1e+01]
Presolve removed 3570 rows and 1680 columns
Presolve time: 0.02s
Presolved: 2964 rows, 2113 columns, 9495 nonzeros
Presolved model has 631 quadratic objective terms
Variable types: 1693 continuous, 420 integer (420 binary)
Found heuristic solution: objective 17.2097583
Root relaxation presolve removed 840 rows and 420 columns
Root relaxation presolved: 2124 rows, 2113 columns, 8235 nonzeros
Root relaxation presolved model has 631 quadratic objective terms


Root relaxation: objective 2.397716e+00, 3509 iterations, 0.07 seconds (0.12 work units)

    Nodes    |    Current Node    |     Objective Bounds      |     Work
 Expl Unexpl |  Obj  Depth IntInf | Incumbent    BestBd   Gap | It/Node Time

     0     0    2.39772    0  415   17.20976    2.39772  86.1%     -    0s
     0     0    2.87692    0  420   17.20976    2.87692  83.3%     -    0s
     0     0    2.87692    0  420   17.20976    2.87692  83.3%     -    0s
     0     0    2.87692    0  420   17.20976    2.87692  83.3%     -    0s
     0     0    2.87692    0  420   17.20976    2.87692  83.3%     -    0s
     0     0    2.87692    0  420   17.20976    2.87692  83.3%     -    1s
     0     2    2.90863    0  420   17.20976    2.90863  83.1%     -    1s
  1799   765   15.78198  151  257   17.20976    6.30398  63.4%  17.3    5s
  6995   823     cutoff  109        17.20976   13.76078  20.0%  16.0   10s

Cutting planes:
  Gomory: 2
  Cover: 1
  Implied bound: 130
  Clique: 2
  MIR: 61
  StrongCG: 6
  Flow cover: 249
  Relax-and-lift: 1

Explored 7594 nodes (127233 simplex iterations) in 13.60 seconds (35.04 work units)
Thread count was 16 (of 16 available processors)

Solution count 1: 17.2098 

Solve interrupted
Warning: max constraint violation (1.3151e-06) exceeds tolerance
Best objective 1.720975829928e+01, best bound 1.457525811085e+01, gap 15.3082%

Gurobi 9.5.0 (win64) logging started Mon Mar 28 16:41:11 2022

Set parameter LogFile to value "C:\Users\kmajd1\Documents\NNRepLayer_v2\demos\examples\tc1_affine_transform/tc1/repair_net_backward/logs/opt_log_layer1.log"
Gurobi Optimizer version 9.5.0 build v9.5.0rc5 (win64)
Thread count: 8 physical cores, 16 logical processors, using up to 16 threads
Optimize a model with 6534 rows, 3793 columns and 15585 nonzeros
Model fingerprint: 0x79e3f79b
Model has 631 quadratic objective terms
Variable types: 1903 continuous, 1890 integer (1890 binary)
Coefficient statistics:
  Matrix range     [2e-03, 1e+01]
  Objective range  [5e-03, 4e+01]
  QObjective range [1e-02, 1e+01]
  Bounds range     [1e+00, 1e+01]
  RHS range        [5e-02, 1e+01]
Presolve removed 3570 rows and 1680 columns
Presolve time: 0.04s
Presolved: 2964 rows, 2113 columns, 9495 nonzeros
Presolved model has 631 quadratic objective terms
Variable types: 1693 continuous, 420 integer (420 binary)
Found heuristic solution: objective 17.2097583
Root relaxation presolve removed 840 rows and 420 columns
Root relaxation presolved: 2124 rows, 2113 columns, 8235 nonzeros
Root relaxation presolved model has 631 quadratic objective terms


Root relaxation: objective 2.397716e+00, 3509 iterations, 0.08 seconds (0.12 work units)

    Nodes    |    Current Node    |     Objective Bounds      |     Work
 Expl Unexpl |  Obj  Depth IntInf | Incumbent    BestBd   Gap | It/Node Time

     0     0    2.39772    0  415   17.20976    2.39772  86.1%     -    0s
     0     0    2.87692    0  420   17.20976    2.87692  83.3%     -    0s
     0     0    2.87692    0  420   17.20976    2.87692  83.3%     -    0s
     0     0    2.87692    0  420   17.20976    2.87692  83.3%     -    0s
     0     0    2.87692    0  420   17.20976    2.87692  83.3%     -    0s
     0     0    2.87692    0  420   17.20976    2.87692  83.3%     -    1s
     0     2    2.90863    0  420   17.20976    2.90863  83.1%     -    1s
  1799   765   15.78198  151  257   17.20976    6.30398  63.4%  17.3    5s
  7264  1003   15.86448  138  276   17.20976   14.34506  16.6%  15.9   10s
  7598  1011   14.57526   13  413   17.20976   14.57526  15.3%  16.2   15s
  8502   745     cutoff  102        17.20976   14.57526  15.3%  17.6   21s
H 9329   458                      16.7764926   14.94668  10.9%  17.2   22s
H 9426   328                      16.7755123   15.27907  8.92%  17.1   22s
H 9456   272                      16.7350298   15.27907  8.70%  17.1   22s
H 9482   220                      16.7150263   15.27907  8.59%  17.0   22s

Cutting planes:
  Gomory: 8
  Cover: 4
  Implied bound: 175
  Clique: 4
  MIR: 97
  StrongCG: 6
  Flow cover: 456
  Relax-and-lift: 1

Explored 9722 nodes (166883 simplex iterations) in 22.70 seconds (61.38 work units)
Thread count was 16 (of 16 available processors)

Solution count 5: 16.715 16.735 16.7755 ... 17.2098

Optimal solution found (tolerance 1.00e-03)
Best objective 1.671502631971e+01, best bound 1.671502631971e+01, gap 0.0000%

Gurobi 9.5.0 (win64) logging started Mon Mar 28 16:41:39 2022

Set parameter LogFile to value "C:\Users\kmajd1\Documents\NNRepLayer_v2\demos\examples\tc1_affine_transform/tc1/repair_net_backward/logs/opt_log_layer1.log"
Gurobi Optimizer version 9.5.0 build v9.5.0rc5 (win64)
Thread count: 8 physical cores, 16 logical processors, using up to 16 threads
Optimize a model with 11574 rows, 6943 columns and 26298 nonzeros
Model fingerprint: 0xfaa07700
Model has 631 quadratic objective terms
Variable types: 3163 continuous, 3780 integer (3780 binary)
Coefficient statistics:
  Matrix range     [4e-02, 1e+01]
  Objective range  [5e-03, 4e+01]
  QObjective range [1e-02, 1e+01]
  Bounds range     [1e+00, 1e+01]
  RHS range        [1e-02, 1e+01]
Presolve removed 6720 rows and 2940 columns
Presolve time: 0.15s
Presolved: 4854 rows, 4003 columns, 15378 nonzeros
Presolved model has 631 quadratic objective terms
Variable types: 2953 continuous, 1050 integer (1050 binary)
Found heuristic solution: objective 22.1541044
Root relaxation presolve removed 1260 rows and 1050 columns
Root relaxation presolved: 3594 rows, 3163 columns, 13068 nonzeros
Root relaxation presolved model has 631 quadratic objective terms

Extra simplex iterations after uncrush: 21

Root relaxation: objective 2.286884e-02, 4786 iterations, 0.15 seconds (0.23 work units)

    Nodes    |    Current Node    |     Objective Bounds      |     Work
 Expl Unexpl |  Obj  Depth IntInf | Incumbent    BestBd   Gap | It/Node Time

     0     0    0.02287    0  814   22.15410    0.02287   100%     -    0s
     0     0    0.02287    0  904   22.15410    0.02287   100%     -    0s
     0     0    0.02287    0  907   22.15410    0.02287   100%     -    0s
     0     0    0.02287    0  915   22.15410    0.02287   100%     -    1s
     0     0    0.02287    0  809   22.15410    0.02287   100%     -    1s
     0     0    0.02287    0  906   22.15410    0.02287   100%     -    2s
     0     0    0.02287    0  911   22.15410    0.02287   100%     -    2s
     0     0    0.02287    0  916   22.15410    0.02287   100%     -    2s
     0     0    0.02287    0  916   22.15410    0.02287   100%     -    2s
     0     0    0.02287    0  917   22.15410    0.02287   100%     -    3s
     0     0    0.02287    0  917   22.15410    0.02287   100%     -    3s
     0     2    0.02287    0  917   22.15410    0.02287   100%     -    4s
    31    40    0.11333    6  818   22.15410    0.05729   100%   520    5s
H  561   569                      21.8177068    0.06547   100%  65.9    8s
H  565   569                      21.5722428    0.06547   100%  65.6    8s
H  567   569                      19.0509662    0.06547   100%  65.4    8s
   594   613    0.43123   89  730   19.05097    0.06547   100%  63.9   11s
  1604  1569    1.11490  232  600   19.05097    0.06547   100%  46.2   16s
  2459  2395    2.20349  281  558   19.05097    0.06547   100%  47.3   25s
H 2536  2389                      16.4485066    0.06547   100%  46.8   25s
  4929  4435    6.30746  508  338   16.44851    0.06547   100%  33.4   31s
  5895  4943    0.50165   25  915   16.44851    0.06547   100%  34.1   39s
H 5896  4696                      16.4485063    0.06547   100%  34.1   39s
  5898  4697    5.99068  423  822   16.44851    0.06547   100%  34.1   40s
  5905  4704    0.06547   14  824   16.44851    0.06547   100%  35.7   47s
H 5992  4500                      16.4484896    0.06547   100%  41.4   49s
  6004  4500     cutoff   21        16.44849    0.06547   100%  41.7   50s
H 6103  4272                      16.4484894    0.16487  99.0%  45.5   53s
H 6115  4055                      14.8268349    0.16487  98.9%  46.1   53s
  6218  4093    0.55075   26  799   14.82683    0.16487  98.9%  49.8   58s
  6235  4101     cutoff   26        14.82683    0.16487  98.9%  50.5   62s
H 6237  3899                      14.8133451    0.16487  98.9%  50.5   62s
H 6238  3707                      14.8125583    0.16487  98.9%  50.5   62s
H 6249  3521                      14.8079981    0.16487  98.9%  50.8   62s
  6953  3877    0.75726   36  788   14.80800    0.16487  98.9%  53.0   65s
  7334  3965    4.54899   40  707   14.80800    0.16487  98.9%  54.4   70s
  8588  4495     cutoff   76        14.80800    0.16487  98.9%  55.5   75s
 10362  5194   11.29963  136  532   14.80800    0.16487  98.9%  53.8   80s
 12540  5877   14.77519  271  343   14.80800    0.16487  98.9%  51.5   85s
 14348  6665    9.48192   89  591   14.80800    1.20605  91.9%  50.8   90s
 16044  7245    6.17816   72  695   14.80800    1.27444  91.4%  48.8   96s
 17628  8288    1.88040   26  789   14.80800    1.72871  88.3%  47.8  100s
 19089  8877    5.69369   54  663   14.80800    1.88540  87.3%  48.4  108s
 19600  9620    8.37992   85  602   14.80800    1.88540  87.3%  48.5  111s
 20749 10694   13.09406  142  515   14.80800    2.03658  86.2%  48.1  116s
 21812 10689    4.35553   37  701   14.80800    2.03983  86.2%  47.6  124s
 21833 10964    4.44231   38  686   14.80800    2.03983  86.2%  47.6  126s
 22931 11705    5.22691   50  632   14.80800    2.06457  86.1%  48.3  130s
 25462 13294    5.15162   87  661   14.80800    2.48459  83.2%  47.2  137s
 27086 14811   12.64014  205  520   14.80800    2.48459  83.2%  47.0  142s
H30012 15350                      14.3570518    2.64748  81.6%  45.2  144s
 30013 15813   12.91616  130  653   14.35705    2.64750  81.6%  45.2  147s
 32338 17429   13.02506  194  517   14.35705    2.69533  81.2%  44.6  151s
 33383 17444    3.02759   54  687   14.35705    2.69757  81.2%  44.4  158s
H33384 17322                      14.3421219    2.69757  81.2%  44.4  158s
 33400 18137    3.02762   55  686   14.34212    2.69757  81.2%  44.4  160s
 35472 19754   12.78949  162  541   14.34212    2.75338  80.8%  44.0  166s
 38409 21702   11.35973   65  691   14.34212    2.75338  80.8%  43.2  172s
 40008 22308   11.01286   60  697   14.34212    2.75544  80.8%  43.1  175s
 42646 23359    3.39889   64  915   14.34212    2.88543  79.9%  43.3  191s
 42655 23365    5.30183   91  818   14.34212    2.88543  79.9%  43.3  195s
 42658 23368    2.88543   26  822   14.34212    2.88543  79.9%  43.6  201s
 42662 23367    2.88543   28  814   14.34212    2.88543  79.9%  43.6  207s
 42672 23363    2.88543   33  808   14.34212    2.88543  79.9%  43.7  211s
 42744 23354    2.88543   48  790   14.34212    2.88543  79.9%  44.1  215s
H42767 22179                      14.2246511    2.88543  79.7%  44.2  215s
 43185 22066    2.88543   70  769   14.22465    2.88543  79.7%  46.0  220s
H43242 20933                      14.1901145    2.88543  79.7%  46.3  223s
H43244 19878                      14.1865944    2.88543  79.7%  46.3  223s
 43331 19866    2.88543   76  731   14.18659    2.88543  79.7%  46.7  225s

Cutting planes:
  Gomory: 2
  Cover: 321
  Implied bound: 553
  MIR: 626
  StrongCG: 3
  Flow cover: 1349
  Inf proof: 2
  Relax-and-lift: 61

Explored 43556 nodes (2078565 simplex iterations) in 227.67 seconds (398.30 work units)
Thread count was 16 (of 16 available processors)

Solution count 10: 14.1866 14.1901 14.2247 ... 16.4485

Solve interrupted
Best objective 1.418659440912e+01, best bound 2.885429429789e+00, gap 79.6609%
