
Gurobi 9.5.1 (mac64[x86]) logging started Tue May 31 13:32:21 2022

Set parameter LogFile to value "/Users/keyvanmajd/Documents/NNRepLayer_v2/repair_net/logs/opt_log_layer3.log"
Gurobi Optimizer version 9.5.1 build v9.5.1rc2 (mac64[x86])
Thread count: 4 physical cores, 8 logical processors, using up to 8 threads
Optimize a model with 53912 rows, 33257 columns and 154968 nonzeros
Model fingerprint: 0xa1be2deb
Model has 201 quadratic objective terms
Variable types: 14057 continuous, 19200 integer (19200 binary)
Coefficient statistics:
  Matrix range     [2e-03, 1e+03]
  Objective range  [7e-03, 2e+01]
  QObjective range [1e+00, 2e+00]
  Bounds range     [1e+00, 1e+03]
  RHS range        [6e-04, 1e+03]
Presolve removed 32656 rows and 12928 columns
Presolve time: 0.35s
Presolved: 21256 rows, 20329 columns, 102856 nonzeros
Presolved model has 201 quadratic objective terms
Variable types: 13929 continuous, 6400 integer (6400 binary)

Root simplex log...

Iteration    Objective       Primal Inf.    Dual Inf.      Time
   14814    9.6095382e+02   1.351096e+03   0.000000e+00      5s
   33114    9.6095382e+02   0.000000e+00   0.000000e+00      9s

Root relaxation: objective 9.609538e+02, 33114 iterations, 5.98 seconds (15.36 work units)

    Nodes    |    Current Node    |     Objective Bounds      |     Work
 Expl Unexpl |  Obj  Depth IntInf | Incumbent    BestBd   Gap | It/Node Time

     0     0  960.95382    0 5591          -  960.95382      -     -    9s
     0     0  960.95382    0 5397          -  960.95382      -     -   22s
     0     0  960.95382    0 5275          -  960.95382      -     -   37s
     0     0  960.95382    0 5012          -  960.95382      -     -   38s
     0     0  960.95382    0 4723          -  960.95382      -     -   53s
     0     0  960.95382    0 5438          -  960.95382      -     -   54s
     0     0  960.95382    0 5413          -  960.95382      -     -   75s
     0     0  960.95382    0 5371          -  960.95382      -     -   77s
     0     0  960.95382    0 5317          -  960.95382      -     -   94s
     0     0  960.95382    0 5210          -  960.95382      -     -   96s
H    0     0                    8063.1447480  960.95382  88.1%     -  125s
H    0     0                    8040.8566805  960.95382  88.0%     -  277s
H    0     0                    8022.7818405  960.95382  88.0%     -  277s
     0     2  960.95382    0 5210 8022.78184  960.95382  88.0%     -  277s
H   27    32                    7962.1742699  960.95382  87.9%   829  279s
H   31    36                    6882.4489527  960.95382  86.0%  1300  842s
H   32    36                    6855.1006701  960.95382  86.0%  1259  842s
H   33    36                    6855.0045770  960.95382  86.0%  1222  842s
H   34    36                    6834.2847385  960.95382  85.9%  1187  842s
    35    40  960.98258   10 3087 6834.28474  960.95382  85.9%  1154  994s

Cutting planes:
  MIR: 298
  Flow cover: 2388
  Relax-and-lift: 1

Explored 39 nodes (86265 simplex iterations) in 994.18 seconds (1729.49 work units)
Thread count was 8 (of 8 available processors)

Solution count 8: 6834.28 6855 6855.1 ... 8063.14

Solve interrupted
Best objective 6.834284738518e+03, best bound 9.609538193848e+02, gap 85.9392%

Gurobi 9.5.1 (mac64[x86]) logging started Tue May 31 13:50:21 2022

Set parameter LogFile to value "/Users/keyvanmajd/Documents/NNRepLayer_v2/repair_net/logs/opt_log_layer3.log"
Gurobi Optimizer version 9.5.1 build v9.5.1rc2 (mac64[x86])
Thread count: 4 physical cores, 8 logical processors, using up to 8 threads
Optimize a model with 7292 rows, 4277 columns and 18940 nonzeros
Model fingerprint: 0x94390da8
Model has 21 quadratic objective terms
Variable types: 2357 continuous, 1920 integer (1920 binary)
Coefficient statistics:
  Matrix range     [2e-03, 1e+03]
  Objective range  [1e+01, 2e+02]
  QObjective range [2e+00, 1e+01]
  Bounds range     [1e+00, 1e+03]
  RHS range        [6e-04, 1e+03]
Presolve removed 3944 rows and 1632 columns
Presolve time: 0.02s
Presolved: 3348 rows, 2645 columns, 12372 nonzeros
Presolved model has 21 quadratic objective terms
Variable types: 2005 continuous, 640 integer (640 binary)

Root relaxation: objective 1.177841e+03, 4972 iterations, 0.18 seconds (0.33 work units)

    Nodes    |    Current Node    |     Objective Bounds      |     Work
 Expl Unexpl |  Obj  Depth IntInf | Incumbent    BestBd   Gap | It/Node Time

     0     0 1177.84091    0  576          - 1177.84091      -     -    0s
     0     0 1177.84091    0  575          - 1177.84091      -     -    0s
H    0     0                    1182.6264179 1177.84091  0.40%     -    0s

Cutting planes:
  MIR: 23
  Flow cover: 81

Explored 1 nodes (5348 simplex iterations) in 0.98 seconds (1.31 work units)
Thread count was 8 (of 8 available processors)

Solution count 1: 1182.63 

Optimal solution found (tolerance 1.00e-02)
Best objective 1.182626417853e+03, best bound 1.177840914096e+03, gap 0.4047%

Gurobi 9.5.1 (mac64[x86]) logging started Tue May 31 13:51:16 2022

Set parameter LogFile to value "/Users/keyvanmajd/Documents/NNRepLayer_v2/repair_net/logs/opt_log_layer3.log"
Gurobi Optimizer version 9.5.1 build v9.5.1rc2 (mac64[x86])
Thread count: 4 physical cores, 8 logical processors, using up to 8 threads
Optimize a model with 15062 rows, 9107 columns and 42038 nonzeros
Model fingerprint: 0x7a90f070
Model has 51 quadratic objective terms
Variable types: 4307 continuous, 4800 integer (4800 binary)
Coefficient statistics:
  Matrix range     [2e-03, 1e+03]
  Objective range  [2e-01, 7e+01]
  QObjective range [2e+00, 4e+00]
  Bounds range     [1e+00, 1e+03]
  RHS range        [6e-04, 1e+03]
Presolve removed 8356 rows and 3328 columns
Presolve time: 0.06s
Presolved: 6706 rows, 5779 columns, 28626 nonzeros
Presolved model has 51 quadratic objective terms
Variable types: 4179 continuous, 1600 integer (1600 binary)

Root relaxation: objective 5.244202e+02, 10236 iterations, 0.62 seconds (1.32 work units)

    Nodes    |    Current Node    |     Objective Bounds      |     Work
 Expl Unexpl |  Obj  Depth IntInf | Incumbent    BestBd   Gap | It/Node Time

     0     0  524.42023    0 1402          -  524.42023      -     -    1s
     0     0  524.42023    0 1399          -  524.42023      -     -    4s
     0     0  524.42023    0 1392          -  524.42023      -     -    7s
     0     0  524.42023    0 1381          -  524.42023      -     -    7s
     0     0  524.42023    0  987          -  524.42023      -     -    9s
     0     0  524.42023    0 1337          -  524.42023      -     -   10s
     0     0  524.42023    0  780          -  524.42023      -     -   11s
     0     0  524.42023    0 1311          -  524.42023      -     -   11s
     0     0  524.42023    0 1300          -  524.42023      -     -   14s
     0     0  524.42023    0 1292          -  524.42023      -     -   14s
H    0     0                    7055.7924985  524.42023  92.6%     -   22s
H    0     0                    4485.1357748  524.42023  88.3%     -   36s
H    0     0                    4482.2748109  524.42023  88.3%     -   37s
     0     2  524.42023    0 1292 4482.27481  524.42023  88.3%     -   37s
H   30    35                    3820.1197026  524.42023  86.3%   280   39s
    35    36  524.43803    5 1292 3820.11970  524.42023  86.3%   242   41s
H   36    35                    3819.9521409  524.42023  86.3%   235   43s
H   36    33                    3819.4910843  524.42023  86.3%   235   44s
    38    34  524.42197    5 1160 3819.49108  524.42023  86.3%   223   46s
H   43    35                    3817.6646284  524.42024  86.3%   197   47s
H   46    35                    2517.4538137  524.42024  79.2%   184   62s
H   46    33                    2516.3862641  524.42024  79.2%   184   62s
H   47    34                    2508.2644573  524.42024  79.1%   506   64s
H   48    32                    2507.8773236  524.42024  79.1%   495   67s
H   50    32                    2507.1308988  524.42024  79.1%   476   70s
H   50    30                    2493.9762193  524.42024  79.0%   476   71s
H   57    32                    2491.0359822  524.42024  78.9%   417   74s
H   60    32                    2400.3224941  524.42024  78.2%   396   88s
H   60    31                    2400.0874571  524.42024  78.1%   396   88s
H   61    32                    2391.8425323  524.42024  78.1%   629   90s
H   64    32                    2390.2670871  524.42024  78.1%   599   95s
H   71    34                    2389.6924514  524.42024  78.1%   540   99s
H   74    34                    2386.4371626  524.42024  78.0%   518  111s
    77    38  524.42197    5 1292 2386.43716  524.42024  78.0%   706  116s
H   78    37                    2386.0008019  524.42024  78.0%   697  119s
    80    38  524.43963    9 1163 2386.00080  524.42024  78.0%   680  121s
H   88    40                    2370.9792180  524.42024  77.9%   618  138s
    91    44  524.43803    3 1292 2370.97922  524.42024  77.9%   776  145s
H   92    42                    2370.8890157  524.42024  77.9%   768  147s
    94    43  524.43963    9 1165 2370.88902  524.42024  77.9%   751  150s

Cutting planes:
  MIR: 123
  Flow cover: 620

Explored 94 nodes (97871 simplex iterations) in 150.55 seconds (222.30 work units)
Thread count was 8 (of 8 available processors)

Solution count 10: 2370.89 2370.98 2386 ... 2491.04

Solve interrupted
Best objective 2.370889015693e+03, best bound 5.244202386441e+02, gap 77.8809%

Gurobi 9.5.1 (mac64[x86]) logging started Tue May 31 14:32:36 2022

Set parameter LogFile to value "/Users/keyvanmajd/Documents/NNRepLayer_v2/repair_net/logs/opt_log_layer3.log"
Gurobi Optimizer version 9.5.1 build v9.5.1rc2 (mac64[x86])
Thread count: 4 physical cores, 8 logical processors, using up to 8 threads
Optimize a model with 28012 rows, 17157 columns and 78220 nonzeros
Model fingerprint: 0xc74e82c2
Model has 101 quadratic objective terms
Variable types: 7557 continuous, 9600 integer (9600 binary)
Coefficient statistics:
  Matrix range     [2e-03, 4e+01]
  Objective range  [2e-01, 4e+01]
  QObjective range [2e+00, 2e+00]
  Bounds range     [1e+00, 4e+01]
  RHS range        [6e-04, 4e+01]
Presolve removed 16456 rows and 6528 columns
Presolve time: 0.16s
Presolved: 11556 rows, 10629 columns, 51908 nonzeros
Presolved model has 101 quadratic objective terms
Variable types: 7429 continuous, 3200 integer (3200 binary)

Root relaxation: objective 6.829910e+02, 17014 iterations, 1.69 seconds (4.05 work units)

    Nodes    |    Current Node    |     Objective Bounds      |     Work
 Expl Unexpl |  Obj  Depth IntInf | Incumbent    BestBd   Gap | It/Node Time

     0     0  682.99098    0 2781          -  682.99098      -     -    3s
     0     0  682.99098    0 2627          -  682.99098      -     -    7s
     0     0  682.99098    0 2498          -  682.99098      -     -   12s
     0     0  682.99098    0 2651          -  682.99098      -     -   12s
     0     0  682.99098    0 2604          -  682.99098      -     -   16s
     0     0  682.99098    0 2531          -  682.99098      -     -   17s
     0     0  682.99098    0 2457          -  682.99098      -     -   22s
     0     0  682.99098    0 2395          -  682.99098      -     -   22s
     0     0  682.99098    0 2356          -  682.99098      -     -   27s
     0     0  682.99098    0 2314          -  682.99098      -     -   27s
H    0     0                    14516.897240  682.99098  95.3%     -   37s
H    0     0                    10843.425884  682.99098  93.7%     -   77s
H    0     0                    10842.187426  682.99098  93.7%     -   77s
     0     2  682.99098    0 2314 10842.1874  682.99098  93.7%     -   77s
H   31    40                    10838.882796  682.99098  93.7%   518   77s
H   39    44                    2099.7267259  682.99098  67.5%   417  201s
H   43    48                     778.7706812  682.99098  12.3%   379  298s
H   45    48                     756.0994549  682.99098  9.67%   363  298s
H   47    48                     752.6179639  682.99098  9.25%   348  323s
    50    50  682.99338    5 2781  752.61796  682.99098  9.25%   327  332s
    51    51  682.99338   10 2709  752.61796  682.99098  9.25%   321  338s
    52    52  682.99785    4 2472  752.61796  682.99098  9.25%   314  342s
    58    56  682.99338    5 2315  752.61796  682.99098  9.25%   282  345s
H   59    53                     751.8014901  682.99098  9.15%   277  366s
H   61    53                     751.8012977  682.99098  9.15%   757  400s
    64    55  682.99785    7 2781  751.80130  682.99098  9.15%   722  410s
    69    59  682.99785    6 2544  751.80130  682.99098  9.15%   669  416s
H   73    57                     751.8012954  682.99098  9.15%   633  449s
H   75    57                     751.8012953  682.99098  9.15%   972  481s
    78    59  682.99338    8 2781  751.80130  682.99098  9.15%   934  490s
    79    60  682.99338    8 2758  751.80130  682.99098  9.15%   922  496s
H   87    61                     751.8012645  682.99098  9.15%   838  531s
    90    65  682.99785   11 2314  751.80126  682.99098  9.15%  1094  566s
    92    66  682.99098    8 2781  751.80126  682.99098  9.15%  1070  575s
    94    68  682.99338   12 2731  751.80126  682.99098  9.15%  1048  580s
   102    73  682.99098    4 2554  751.80126  682.99098  9.15%   965  609s
   104    76  682.99098    4 2314  751.80126  682.99098  9.15%  1177  615s
   106    77  682.99785    6 2781  751.80126  682.99098  9.15%  1155  623s
   107    78  682.99338   14 2758  751.80126  682.99098  9.15%  1144  629s
   112    81  682.99338   12 2594  751.80126  682.99098  9.15%  1093  630s
H  115    78                     751.8012643  682.99098  9.15%  1065  661s
   118    82  682.99880    8 2314  751.80126  682.99098  9.15%  1251  692s
   120    83  682.99880    6 2781  751.80126  682.99098  9.15%  1230  701s
   121    84  682.99785   11 2761  751.80126  682.99098  9.15%  1220  706s
H  129    84                     751.8012628  682.99098  9.15%  1144  736s
   132    88  682.99098   12 2314  751.80126  682.99098  9.15%  1302  771s
   134    89  682.99338    4 2781  751.80126  682.99098  9.15%  1282  780s
   135    90  683.01996    4 2757  751.80126  682.99098  9.15%  1273  785s
   144    96  682.99338    9 2537  751.80126  682.99098  9.15%  1193  816s
   146    99  682.99098    6 2314  751.80126  682.99098  9.15%  1343  822s

Explored 147 nodes (241259 simplex iterations) in 827.03 seconds (1521.69 work units)
Thread count was 8 (of 8 available processors)

Solution count 10: 751.801 751.801 751.801 ... 778.771

Solve interrupted
Best objective 7.518012627996e+02, best bound 6.829909841172e+02, gap 9.1527%
