
Gurobi 9.5.1 (mac64[x86]) logging started Tue Dec  6 12:02:35 2022

Set parameter LogFile to value "/Users/keyvanmajd/Documents/NNRepLayer/examples/global_constraint/repair_net/logs/opt_log.log"
Gurobi Optimizer version 9.5.1 build v9.5.1rc2 (mac64[x86])
Thread count: 4 physical cores, 8 logical processors, using up to 8 threads
Optimize a model with 16863 rows, 10742 columns and 129407 nonzeros
Model fingerprint: 0xd12e06d7
Model has 149 quadratic objective terms
Variable types: 5974 continuous, 4768 integer (4768 binary)
Coefficient statistics:
  Matrix range     [2e-04, 2e+02]
  Objective range  [2e-03, 1e+00]
  QObjective range [1e-02, 1e-02]
  Bounds range     [1e+00, 1e+03]
  RHS range        [7e-04, 2e+02]

Concurrent MIP optimizer: 3 concurrent instances (1 thread per instance)

Found heuristic solution: objective 205.5373015
Presolve removed 618 rows and 160 columns
Presolve time: 0.86s
Presolved: 16245 rows, 10582 columns, 128469 nonzeros
Presolved model has 149 quadratic objective terms
Variable types: 5814 continuous, 4768 integer (4768 binary)
Root relaxation presolve removed 4768 rows and 4768 columns
Root relaxation presolved: 11477 rows, 5814 columns, 114165 nonzeros
Root relaxation presolved model has 149 quadratic objective terms


Root relaxation: objective 3.324259e+01, 5651 iterations, 0.41 seconds (0.23 work units)

    Nodes    |    Current Node    |     Objective Bounds      |     Work
 Expl Unexpl |  Obj  Depth IntInf | Incumbent    BestBd   Gap | It/Node Time

     0     0      -    -    -      205.53730   33.24259  83.8%     -    1s
     0     0      -    -    -      201.40903   33.24259  83.5%     -   14s
     0     2      -    -    -      197.98108   33.24259  83.2%     -   31s
    27    29      -    -    -      197.88623   33.24259  83.2%     -   35s
    56    58      -    -    -      197.27925   33.24259  83.1%     -   41s
   130   132      -    -    -      196.78348   33.24259  83.1%     -   62s
   131   133      -    -    -      196.78348   33.24259  83.1%     -   65s
   224   226      -    -    -      196.78348   33.24259  83.1%     -   70s
   276   278      -    -    -      196.78348   33.24259  83.1%     -   75s
   367   369      -    -    -      196.78348   33.24259  83.1%     -   80s
   443   445      -    -    -      196.78348   33.24259  83.1%     -   85s
   500   502      -    -    -      196.78348   33.24259  83.1%     -   93s
   557   559      -    -    -      196.78348   33.24259  83.1%     -   95s
   680   682      -    -    -      196.78348   33.24259  83.1%     -  100s
   741   743      -    -    -      196.78348   33.24259  83.1%     -  105s
   908   910      -    -    -      196.78348   33.24259  83.1%     -  110s
  1094  1096      -    -    -      196.78348   33.24259  83.1%     -  115s
  1130  1132      -    -    -      196.78348   33.24259  83.1%     -  123s
  1131  1133      -    -    -      196.78348   33.24259  83.1%     -  139s
  1136  1138      -    -    -      196.78348   33.24259  83.1%     -  140s
  1228  1230      -    -    -       46.33684   33.24259  28.3%     -  145s
  1366  1368      -    -    -       46.33684   33.24259  28.3%     -  150s
  1374  1376      -    -    -       46.33684   33.24259  28.3%     -  155s
  1407  1409      -    -    -       46.33684   33.24259  28.3%     -  160s
  1459  1461      -    -    -       46.33684   33.24259  28.3%     -  171s
  1641  1643      -    -    -       46.33684   33.24259  28.3%     -  175s
  1717  1719      -    -    -       46.33684   33.24259  28.3%     -  180s
  1740  1742      -    -    -       46.33684   33.24259  28.3%     -  186s
  1771  1773      -    -    -       46.33684   33.24259  28.3%     -  191s
  1775  1777      -    -    -       46.33684   33.24259  28.3%     -  195s
  1823  1825      -    -    -       46.33684   33.24259  28.3%     -  200s
  1928  1930      -    -    -       46.33684   33.24259  28.3%     -  205s
  2015  2017      -    -    -       46.33684   33.24259  28.3%     -  210s
  2091  2093      -    -    -       46.21187   33.24259  28.1%     -  215s
  2166  2168      -    -    -       46.21187   33.24259  28.1%     -  220s
  2209  2211      -    -    -       46.21187   33.24259  28.1%     -  226s
  2211  2213      -    -    -       46.21187   33.24259  28.1%     -  230s
  2243  2245      -    -    -       46.21187   33.24259  28.1%     -  235s
  2337  2339      -    -    -       46.21187   33.24259  28.1%     -  240s
  2347  2349      -    -    -       46.21187   33.24259  28.1%     -  245s
  2348  2350      -    -    -       46.21187   33.24259  28.1%     -  268s
  2351  2353      -    -    -       46.21187   33.24259  28.1%     -  270s
  2354  2356      -    -    -       46.21187   33.24259  28.1%     -  275s
  2388  2390      -    -    -       46.21187   33.24259  28.1%     -  280s
  2429  2431      -    -    -       46.21187   33.24259  28.1%     -  298s
  2432  2434      -    -    -       46.21187   33.24259  28.1%     -  321s
  2438  2440      -    -    -       46.21187   33.24259  28.1%     -  325s
  2448  2450      -    -    -       46.21187   33.24259  28.1%     -  330s
  2458  2460      -    -    -       46.21187   33.24259  28.1%     -  336s
  2460  2462      -    -    -       46.15094   33.24259  28.0%     -  377s
  2486  2488      -    -    -       46.15094   33.24259  28.0%     -  415s
  2488  2490      -    -    -       46.15094   33.24259  28.0%     -  484s
  2489  2491      -    -    -       46.15094   33.24259  28.0%     -  485s
  2507  2509      -    -    -       46.15094   33.24259  28.0%     -  511s
  2527  2529      -    -    -       46.15094   33.24259  28.0%     -  540s
  2533  2535      -    -    -       46.15094   33.24259  28.0%     -  545s
  2539  2541      -    -    -       46.15094   33.24259  28.0%     -  574s
  2543  2545      -    -    -       46.15094   33.24259  28.0%     -  622s
  2545  2547      -    -    -       45.69554   33.24259  27.3%     -  653s
  2551  2552      -    -    -       45.60992   33.24259  27.1%     -  681s
  2553  2425      -    -    -       45.60992   33.24259  27.1%     -  737s
  2555  2190      -    -    -       45.60988   33.24259  27.1%     -  774s
  2556  2083      -    -    -       45.60988   33.24259  27.1%     -  775s
  2599  2007      -    -    -       45.60988   33.24259  27.1%     -  780s
  2645  1846      -    -    -       45.60988   33.24259  27.1%     -  785s
  2659  1765      -    -    -       44.47848   33.24259  25.3%     -  853s
  2677  1777      -    -    -       44.47848   33.24259  25.3%     -  855s
  2739  1818      -    -    -       44.47848   33.24259  25.3%     -  860s
  2795  1856      -    -    -       44.47848   33.24259  25.3%     -  865s
  2865  1902      -    -    -       44.47848   33.24259  25.3%     -  870s
  2960  1966      -    -    -       44.47848   33.24259  25.3%     -  875s
  2995  1989      -    -    -       44.47848   33.24259  25.3%     -  883s
  3040  2019      -    -    -       44.47848   33.24259  25.3%     -  885s
  3141  2086      -    -    -       44.47848   33.24259  25.3%     -  890s
  3241  2153      -    -    -       44.47848   33.24259  25.3%     -  895s
  3363  2234      -    -    -       44.47848   33.25330  25.2%     -  900s
  3497  2324      -    -    -       44.47848   33.25330  25.2%     -  905s
  3548  2358      -    -    -       44.47848   33.25330  25.2%     -  961s
  3643  2421      -    -    -       44.47848   33.25330  25.2%     -  965s
  3659  2432      -    -    -       44.43007   33.25330  25.2%     - 1067s
  3707  2464      -    -    -       44.43007   33.25330  25.2%     - 1070s
  3801  2526      -    -    -       44.43007   33.25330  25.2%     - 1075s
  3893  2588      -    -    -       44.43007   33.25330  25.2%     - 1080s
  3982  2647      -    -    -       44.43007   33.25330  25.2%     - 1085s
  4075  2709      -    -    -       44.43007   33.25330  25.2%     - 1090s
  4179  2778      -    -    -       44.43007   33.25330  25.2%     - 1095s
  4275  2842      -    -    -       44.43007   33.25330  25.2%     - 1100s
  4370  2906      -    -    -       44.43007   33.25330  25.2%     - 1105s
  4471  2973      -    -    -       44.43007   33.25330  25.2%     - 1110s
  4567  3037      -    -    -       44.43007   33.25330  25.2%     - 1115s
  4661  3100      -    -    -       44.43007   33.25330  25.2%     - 1120s
  4739  3152      -    -    -       44.43007   33.25330  25.2%     - 1125s
  4809  3198      -    -    -       44.43007   33.25330  25.2%     - 1130s
  4877  3244      -    -    -       44.43007   33.25330  25.2%     - 1135s
  4918  3271      -    -    -       44.43007   33.25330  25.2%     - 1140s
  4989  3318      -    -    -       44.43007   33.25330  25.2%     - 1145s
  5080  3379      -    -    -       44.43007   33.25330  25.2%     - 1150s
  5151  3426      -    -    -       44.43007   33.25330  25.2%     - 1155s
  5248  3491      -    -    -       44.43007   33.25330  25.2%     - 1160s
  5320  3539      -    -    -       44.43007   33.25330  25.2%     - 1165s
  5356  3563      -    -    -       44.43007   33.25330  25.2%     - 1170s
  5403  3594      -    -    -       44.43007   33.25330  25.2%     - 1175s
  5454  3628      -    -    -       44.43007   33.25330  25.2%     - 1180s
  5499  3658      -    -    -       44.43007   33.25330  25.2%     - 1185s
  5540  3686      -    -    -       44.43007   33.25330  25.2%     - 1190s
  5590  3719      -    -    -       44.43007   33.25330  25.2%     - 1195s
  5643  3754      -    -    -       44.43007   33.25330  25.2%     - 1200s
  5689  3785      -    -    -       44.43007   33.25330  25.2%     - 1205s
  5720  3806      -    -    -       44.43007   33.25330  25.2%     - 1210s
  5757  3830      -    -    -       44.43007   33.25330  25.2%     - 1216s
  5769  3838      -    -    -       44.43007   33.25330  25.2%     - 1220s
  5772  3840      -    -    -       44.43007   33.25330  25.2%     - 1228s
  5776  3843      -    -    -       44.43007   33.25330  25.2%     - 1230s
  5794  3855      -    -    -       44.43007   33.25330  25.2%     - 1235s
  5818  3871      -    -    -       44.43007   33.25330  25.2%     - 1240s
  5867  3904      -    -    -       44.43007   33.25330  25.2%     - 1245s
  5939  3952      -    -    -       44.43007   33.25330  25.2%     - 1250s
  6018  4004      -    -    -       44.43007   33.25330  25.2%     - 1255s
  6085  4049      -    -    -       44.43007   33.25330  25.2%     - 1260s
  6139  4085      -    -    -       44.43007   33.25330  25.2%     - 1265s
  6162  4100      -    -    -       44.43007   33.25330  25.2%     - 1270s
  6199  4125      -    -    -       44.43007   33.25330  25.2%     - 1275s
  6253  4161      -    -    -       44.43007   33.25330  25.2%     - 1280s
  6275  4176      -    -    -       44.43007   33.25330  25.2%     - 1286s
  6282  4180      -    -    -       44.43007   33.25330  25.2%     - 1290s
  6284  4182      -    -    -       44.43007   33.25330  25.2%     - 1295s
  6296  4190      -    -    -       44.43007   33.25330  25.2%     - 1301s
  6305  4196      -    -    -       44.43007   33.25330  25.2%     - 1331s
  6309  4198      -    -    -       44.43007   33.25330  25.2%     - 1345s
  6313  4201      -    -    -       44.43007   33.25330  25.2%     - 1357s
  6314  4202      -    -    -       44.43007   33.25330  25.2%     - 1382s
  6315  4202      -    -    -       44.43007   33.25330  25.2%     - 1406s
  6318  4204      -    -    -       44.43007   33.25330  25.2%     - 1532s
  6319  4205      -    -    -       44.43007   33.25330  25.2%     - 1540s
  6320  4206      -    -    -       44.43007   33.25330  25.2%     - 1551s
  6321  4206      -    -    -       44.43007   33.25330  25.2%     - 1575s
  6325  4209      -    -    -       44.43007   33.25330  25.2%     - 1580s
  6328  4211      -    -    -       44.16400   33.25330  24.7%     - 1608s
  6329  4212      -    -    -       44.16400   33.25330  24.7%     - 1634s
  6330  4212      -    -    -       44.16400   33.25330  24.7%     - 1635s
  6333  4214      -    -    -       44.16400   33.25330  24.7%     - 1651s
  6334  4215      -    -    -       39.41465   33.25330  15.6%     - 1668s
  6336  4216      -    -    -       39.38198   33.25330  15.6%     - 1690s
  6350  4226      -    -    -       39.38198   33.25330  15.6%     - 1716s
  6353  4228      -    -    -       39.38198   33.25330  15.6%     - 1720s
  6354  4228      -    -    -       39.38198   33.25330  15.6%     - 1745s
  6359  4232      -    -    -       39.38198   33.25330  15.6%     - 1753s
  6361  4149      -    -    -       38.86030   33.25330  14.4%     - 1874s
  6362  4150      -    -    -       38.86030   33.25330  14.4%     - 1875s
  6380  4162      -    -    -       37.76157   33.25330  11.9%     - 1901s
  6390  4168      -    -    -       37.76157   33.25330  11.9%     - 1931s
  6394  4171      -    -    -       37.76157   33.25330  11.9%     - 1941s
  6395  4172      -    -    -       37.76157   33.25330  11.9%     - 1989s
  6398  4174      -    -    -       37.76157   33.25330  11.9%     - 2019s
  6402  4176      -    -    -       37.76157   33.25330  11.9%     - 2020s
  6406  4179      -    -    -       37.76157   33.25330  11.9%     - 2055s
  6409  4181      -    -    -       37.76157   33.25330  11.9%     - 2086s
  6410  4182      -    -    -       37.76157   33.25330  11.9%     - 2096s
  6422  4190      -    -    -       37.76157   33.25330  11.9%     - 2134s
  6426  4192      -    -    -       37.76157   33.25330  11.9%     - 2138s
  6428  4194      -    -    -       37.76157   33.25330  11.9%     - 2181s
  6431  4196      -    -    -       37.76157   33.25330  11.9%     - 2187s
  6434  4198      -    -    -       37.76157   33.25330  11.9%     - 2220s
  6446  4206      -    -    -       37.76157   33.25330  11.9%     - 2234s
  6454  4211      -    -    -       37.76157   33.25330  11.9%     - 2235s
  6457  4213      -    -    -       37.76157   33.25330  11.9%     - 2240s
  6467  4220      -    -    -       37.76157   33.25330  11.9%     - 2252s
  6468  4220      -    -    -       37.76157   33.25330  11.9%     - 2305s
  6484  4231      -    -    -       37.76157   33.25330  11.9%     - 2348s
  6485  4232      -    -    -       37.76157   33.25330  11.9%     - 2351s
  6489  4234      -    -    -       37.76157   33.25330  11.9%     - 2356s
  6490  4235      -    -    -       37.76157   33.25330  11.9%     - 2361s
  6491  4236      -    -    -       37.76157   33.25330  11.9%     - 2367s
  6498  4240      -    -    -       37.76157   33.25330  11.9%     - 2398s
  6499  4241      -    -    -       37.76157   33.25330  11.9%     - 2400s
  6503  4244      -    -    -       37.76157   33.25330  11.9%     - 2416s
  6506  4246      -    -    -       37.76157   33.25330  11.9%     - 2428s
  6511  4249      -    -    -       37.76157   33.25330  11.9%     - 2441s
  6520  4255      -    -    -       37.76157   33.25330  11.9%     - 2445s
  6522  4256      -    -    -       37.76157   33.25330  11.9%     - 2467s
  6523  4257      -    -    -       37.76157   33.25330  11.9%     - 2479s
  6525  4258      -    -    -       37.76157   33.25330  11.9%     - 2480s
  6534  4264      -    -    -       37.76157   33.25330  11.9%     - 2509s
  6535  4265      -    -    -       37.76157   33.25330  11.9%     - 2510s
  6538  4267      -    -    -       37.76157   33.25330  11.9%     - 2520s
  6542  4270      -    -    -       37.76157   33.25330  11.9%     - 2538s
  6548  4274      -    -    -       37.76157   33.25330  11.9%     - 2566s
  6551  4276      -    -    -       37.76157   33.25330  11.9%     - 2570s
  6562  4283      -    -    -       37.76157   33.25330  11.9%     - 2575s
  6565  4285      -    -    -       37.76157   33.25330  11.9%     - 2585s
  6571  4289      -    -    -       37.76157   33.25330  11.9%     - 2607s
  6580  4295      -    -    -       37.76157   33.25330  11.9%     - 2610s
  6592  4303      -    -    -       37.76157   33.25330  11.9%     - 2618s
  6596  4306      -    -    -       37.76157   33.25330  11.9%     - 2624s
  6597  4306      -    -    -       37.76157   33.25330  11.9%     - 2625s
  6598  4307      -    -    -       37.76157   33.25330  11.9%     - 2639s
  6599  4308      -    -    -       37.76157   33.25330  11.9%     - 2650s
  6600  4308      -    -    -       37.76157   33.25330  11.9%     - 2659s
  6603  4310      -    -    -       37.76157   33.25330  11.9%     - 2660s
  6605  4312      -    -    -       37.76157   33.25330  11.9%     - 2669s
  6608  4314      -    -    -       37.76157   33.25330  11.9%     - 2670s
  6615  4318      -    -    -       37.76157   33.25330  11.9%     - 2690s
  6618  4320      -    -    -       37.76157   33.25330  11.9%     - 2718s
  6619  4321      -    -    -       37.76157   33.25330  11.9%     - 2727s
  6623  4324      -    -    -       37.76157   33.25330  11.9%     - 2730s
  6632  4330      -    -    -       37.76157   33.25330  11.9%     - 2735s
  6646  4339      -    -    -       37.76157   33.25330  11.9%     - 2763s
  6650  4342      -    -    -       37.76157   33.25330  11.9%     - 2765s
  6661  4349      -    -    -       37.76157   33.25330  11.9%     - 2770s
  6666  4352      -    -    -       37.76157   33.25330  11.9%     - 2798s
  6673  4357      -    -    -       37.76157   33.25330  11.9%     - 2807s
  6677  4360      -    -    -       37.76157   33.25330  11.9%     - 2810s
  6682  4363      -    -    -       37.76157   33.25330  11.9%     - 2821s
  6697  4373      -    -    -       37.76157   33.25330  11.9%     - 2834s
  6698  4374      -    -    -       37.76157   33.25330  11.9%     - 2854s
  6700  4375      -    -    -       37.76157   33.25330  11.9%     - 2859s
  6703  4377      -    -    -       37.76157   33.25330  11.9%     - 2860s
  6707  4380      -    -    -       37.76157   33.25330  11.9%     - 2877s
  6716  4386      -    -    -       37.76157   33.25330  11.9%     - 2880s
  6727  4393      -    -    -       37.76157   33.25330  11.9%     - 2885s
  6745  4405      -    -    -       37.76157   33.25330  11.9%     - 2890s
  6746  4406      -    -    -       37.76157   33.25330  11.9%     - 2896s
  6747  4406      -    -    -       37.76157   33.25330  11.9%     - 2917s
  6753  4410      -    -    -       37.76157   33.25330  11.9%     - 2920s
  6754  4411      -    -    -       37.76157   33.25330  11.9%     - 2925s
  6764  4418      -    -    -       37.76157   33.25330  11.9%     - 2930s
  6781  4429      -    -    -       37.76157   33.25330  11.9%     - 2941s
  6794  4438      -    -    -       37.76157   33.25330  11.9%     - 2964s
  6800  4442      -    -    -       37.76157   33.25330  11.9%     - 2965s
  6807  4446      -    -    -       37.76157   33.25330  11.9%     - 2972s
  6808  4447      -    -    -       37.76157   33.25330  11.9%     - 2993s
  6815  4452      -    -    -       37.76157   33.25330  11.9%     - 2995s
  6832  4463      -    -    -       37.76157   33.25330  11.9%     - 3000s
  6841  4469      -    -    -       37.76157   33.25330  11.9%     - 3006s
  6842  4470      -    -    -       37.76157   33.25330  11.9%     - 3020s
  6844  4471      -    -    -       37.76157   33.25330  11.9%     - 3025s
  6867  4486      -    -    -       37.76157   33.25330  11.9%     - 3033s
  6873  4490      -    -    -       37.44956   33.25330  11.2%     - 3035s
  6890  4502      -    -    -       37.44956   33.25330  11.2%     - 3041s
  6894  4504      -    -    -       37.43032   33.25330  11.2%     - 3062s
  6916  4519      -    -    -       37.43032   33.25330  11.2%     - 3065s
  6939  4534      -    -    -       37.43032   33.25330  11.2%     - 3070s
  6962  4550      -    -    -       37.43032   33.25330  11.2%     - 3075s
  6990  4568      -    -    -       37.43032   33.25330  11.2%     - 3080s
  7009  4581      -    -    -       37.43032   33.25330  11.2%     - 3085s
  7020  4507      -    -    -       37.43032   33.25330  11.2%     - 3090s
  7043  4523      -    -    -       37.43032   33.25330  11.2%     - 3095s
  7050  4497      -    -    -       37.43031   33.25330  11.2%     - 3164s
  7051  4498      -    -    -       37.43031   33.25330  11.2%     - 3166s
  7065  4512      -    -    -       37.43031   33.25330  11.2%     - 3171s
  7073  4520      -    -    -       37.43031   33.25330  11.2%     - 3190s
  7097  4544      -    -    -       37.43031   33.25330  11.2%     - 3196s
  7108  4555      -    -    -       37.35764   33.25330  11.0%     - 3239s
  7109  4556      -    -    -       37.35764   33.25330  11.0%     - 3241s
  7141  4588      -    -    -       37.35764   33.25330  11.0%     - 3245s
  7145  4590      -    -    -       37.35764   33.25330  11.0%     - 3292s
  7157  4602      -    -    -       37.35764   33.25330  11.0%     - 3295s
  7163  4608      -    -    -       37.35764   33.25330  11.0%     - 3300s
  7194  4639      -    -    -       37.35764   33.25330  11.0%     - 3305s
  7220  4665      -    -    -       37.35764   33.25330  11.0%     - 3312s
  7224  4669      -    -    -       37.35764   33.25330  11.0%     - 3315s
  7229  4674      -    -    -       37.35764   33.25330  11.0%     - 3320s
  7264  4709      -    -    -       37.35764   33.25330  11.0%     - 3325s
  7279  4724      -    -    -       37.35764   33.25330  11.0%     - 3348s
  7281  4726      -    -    -       37.35764   33.25330  11.0%     - 3353s
  7289  4734      -    -    -       37.35764   33.25330  11.0%     - 3355s
  7311  4756      -    -    -       37.35764   33.25330  11.0%     - 3379s
  7312  4757      -    -    -       37.35764   33.25330  11.0%     - 3384s
  7313  4758      -    -    -       37.35764   33.25330  11.0%     - 3390s
  7325  4770      -    -    -       37.35764   33.25330  11.0%     - 3395s
  7338  4783      -    -    -       37.35764   33.25330  11.0%     - 3400s
  7366  4811      -    -    -       37.35764   33.25330  11.0%     - 3406s
  7377  4822      -    -    -       37.35764   33.25330  11.0%     - 3410s
  7385  4830      -    -    -       37.35764   33.25330  11.0%     - 3416s
  7400  4845      -    -    -       37.35764   33.25330  11.0%     - 3420s
  7412  4857      -    -    -       37.35764   33.25330  11.0%     - 3425s
  7420  4865      -    -    -       37.35764   33.25330  11.0%     - 3430s
  7428  4873      -    -    -       37.35764   33.25330  11.0%     - 3435s
  7434  4879      -    -    -       37.35764   33.25330  11.0%     - 3440s
  7440  4885      -    -    -       37.35764   33.25330  11.0%     - 3447s
  7442  4887      -    -    -       37.35764   33.25330  11.0%     - 3450s
  7463  4908      -    -    -       37.35764   33.25330  11.0%     - 3455s
  7470  4915      -    -    -       37.35764   33.25330  11.0%     - 3460s
  7473  4918      -    -    -       37.35764   33.25330  11.0%     - 3467s
  7478  4923      -    -    -       37.35764   33.25330  11.0%     - 3470s
  7485  4930      -    -    -       37.35764   33.25330  11.0%     - 3475s
  7491  4936      -    -    -       37.35764   33.25330  11.0%     - 3480s
  7499  4944      -    -    -       37.35764   33.25330  11.0%     - 3485s
  7513  4958      -    -    -       37.35764   33.25330  11.0%     - 3491s
  7519  4964      -    -    -       37.35764   33.25330  11.0%     - 3496s
  7532  4977      -    -    -       37.35764   33.25330  11.0%     - 3500s
  7547  4992      -    -    -       37.35764   33.25330  11.0%     - 3505s
  7557  5002      -    -    -       37.35764   33.25330  11.0%     - 3510s
  7567  5012      -    -    -       37.35764   33.25330  11.0%     - 3515s
  7577  5022      -    -    -       37.35764   33.25330  11.0%     - 3520s
  7584  5029      -    -    -       37.35764   33.25330  11.0%     - 3525s
  7591  5036      -    -    -       37.35764   33.25330  11.0%     - 3530s
  7599  5044      -    -    -       37.35764   33.25330  11.0%     - 3535s
  7608  5053      -    -    -       37.35764   33.25330  11.0%     - 3540s
  7615  5060      -    -    -       37.35764   33.25330  11.0%     - 3545s
  7623  5068      -    -    -       37.35764   33.25330  11.0%     - 3551s
  7629  5074      -    -    -       37.35764   33.25330  11.0%     - 3555s
  7640  5085      -    -    -       37.35764   33.25330  11.0%     - 3560s
  7648  5093      -    -    -       37.35764   33.25330  11.0%     - 3568s
  7649  5094      -    -    -       37.35764   33.25330  11.0%     - 3572s
  7658  5103      -    -    -       37.35764   33.25330  11.0%     - 3575s
  7675  5120      -    -    -       37.35764   33.25330  11.0%     - 3581s
  7676  5121      -    -    -       37.35764   33.25330  11.0%     - 3604s
  7683  5128      -    -    -       37.35764   33.25330  11.0%     - 3605s
  7713  5158      -    -    -       37.35764   33.25330  11.0%     - 3610s
  7732  5177      -    -    -       37.35764   33.25330  11.0%     - 3615s
  7739  5184      -    -    -       37.35764   33.25330  11.0%     - 3621s
  7763  5208      -    -    -       37.35764   33.25330  11.0%     - 3625s
  7793  5238      -    -    -       37.35764   33.25330  11.0%     - 3631s
  7800  5245      -    -    -       37.35764   33.25330  11.0%     - 3635s
  7823  5268      -    -    -       37.35764   33.25330  11.0%     - 3640s
  7835  5280      -    -    -       37.35764   33.25330  11.0%     - 3645s
  7843  5288      -    -    -       37.35764   33.25330  11.0%     - 3650s
  7847  5292      -    -    -       37.35764   33.25330  11.0%     - 3655s
  7857  5302      -    -    -       37.35764   33.25330  11.0%     - 3663s
  7861  5306      -    -    -       37.35764   33.25330  11.0%     - 3665s
  7870  5315      -    -    -       37.35764   33.25330  11.0%     - 3671s
  7877  5322      -    -    -       37.35764   33.25330  11.0%     - 3675s
  7888  5333      -    -    -       37.35764   33.25330  11.0%     - 3680s
  7899  5344      -    -    -       37.35764   33.25330  11.0%     - 3685s
  7921  5366      -    -    -       37.35764   33.25330  11.0%     - 3690s
  7941  5386      -    -    -       37.35764   33.25330  11.0%     - 3696s
  7955  5400      -    -    -       37.35764   33.25330  11.0%     - 3700s
  7963  5408      -    -    -       37.35764   33.25330  11.0%     - 3706s
  7970  5415      -    -    -       37.35764   33.25330  11.0%     - 3711s
  7982  5427      -    -    -       37.35764   33.25330  11.0%     - 3718s
  7983  5428      -    -    -       37.35764   33.25330  11.0%     - 3723s
  7984  5429      -    -    -       37.35764   33.25330  11.0%     - 3727s
  7985  5430      -    -    -       37.35764   33.25330  11.0%     - 3731s
  7989  5434      -    -    -       37.35764   33.25330  11.0%     - 3799s
  7990  5435      -    -    -       37.35764   33.25330  11.0%     - 3801s
  7996  5441      -    -    -       37.35764   33.25330  11.0%     - 3805s
  8019  5464      -    -    -       37.35764   33.25330  11.0%     - 3811s
  8021  5466      -    -    -       37.35764   33.25330  11.0%     - 3815s
  8035  5480      -    -    -       37.35764   33.25330  11.0%     - 3820s
  8043  5488      -    -    -       37.35764   33.25330  11.0%     - 3825s
  8048  5493      -    -    -       37.35764   33.25330  11.0%     - 3841s
  8055  5500      -    -    -       37.35764   33.25330  11.0%     - 3864s
  8058  5503      -    -    -       37.35764   33.25330  11.0%     - 3865s
  8063  5508      -    -    -       37.35764   33.25330  11.0%     - 3870s
  8064  5509      -    -    -       37.35764   33.25330  11.0%     - 3884s
  8066  5511      -    -    -       37.35764   33.25330  11.0%     - 3889s
  8070  5515      -    -    -       37.35764   33.25330  11.0%     - 3892s
  8079  5524      -    -    -       37.35764   33.25330  11.0%     - 3895s
  8093  5538      -    -    -       37.35764   33.25330  11.0%     - 3900s
  8101  5546      -    -    -       37.35764   33.25330  11.0%     - 3905s
  8108  5553      -    -    -       37.35764   33.25330  11.0%     - 3910s
  8113  5558      -    -    -       37.35764   33.25330  11.0%     - 3915s
  8124  5569      -    -    -       37.35764   33.25330  11.0%     - 3920s
  8136  5581      -    -    -       37.35764   33.25330  11.0%     - 3925s
  8141  5586      -    -    -       37.35764   33.25330  11.0%     - 3933s
  8144  5589      -    -    -       37.35764   33.25330  11.0%     - 3935s
  8150  5595      -    -    -       37.35764   33.25330  11.0%     - 3945s
  8160  5605      -    -    -       37.35764   33.25330  11.0%     - 3950s
  8174  5619      -    -    -       37.35764   33.25330  11.0%     - 3957s
  8183  5628      -    -    -       37.35764   33.25330  11.0%     - 3960s
  8194  5639      -    -    -       37.35764   33.25330  11.0%     - 4022s
  8195  5640      -    -    -       37.35764   33.25330  11.0%     - 4027s
  8200  5645      -    -    -       37.35764   33.25330  11.0%     - 4032s
  8204  5649      -    -    -       37.35764   33.25330  11.0%     - 4037s
  8206  5651      -    -    -       37.35764   33.25330  11.0%     - 4040s
  8228  5673      -    -    -       37.35764   33.25330  11.0%     - 4045s
  8242  5687      -    -    -       37.35764   33.25330  11.0%     - 4050s
  8270  5715      -    -    -       37.35764   33.25330  11.0%     - 4055s
  8284  5729      -    -    -       37.35764   33.25330  11.0%     - 4060s
  8300  5745      -    -    -       37.35764   33.25330  11.0%     - 4065s
  8304  5749      -    -    -       37.35764   33.25330  11.0%     - 4093s
  8305  5750      -    -    -       37.35764   33.25330  11.0%     - 4102s
  8315  5760      -    -    -       37.35764   33.25330  11.0%     - 4105s
  8323  5768      -    -    -       37.35764   33.25330  11.0%     - 4112s
  8330  5775      -    -    -       37.35764   33.25330  11.0%     - 4115s
  8335  5780      -    -    -       37.35764   33.25330  11.0%     - 4120s
  8339  5784      -    -    -       37.35764   33.25330  11.0%     - 4151s
  8345  5790      -    -    -       37.35764   33.25330  11.0%     - 4156s
  8356  5801      -    -    -       37.35764   33.25330  11.0%     - 4160s
  8367  5812      -    -    -       37.35764   33.25330  11.0%     - 4165s
  8375  5820      -    -    -       37.35764   33.25330  11.0%     - 4173s
  8377  5822      -    -    -       37.35764   33.25330  11.0%     - 4175s
  8385  5830      -    -    -       37.35764   33.25330  11.0%     - 4180s
  8406  5851      -    -    -       37.35764   33.25330  11.0%     - 4185s
  8426  5871      -    -    -       37.35764   33.25330  11.0%     - 4190s
  8444  5889      -    -    -       37.35764   33.25330  11.0%     - 4195s
  8454  5899      -    -    -       37.35764   33.25330  11.0%     - 4205s
  8474  5919      -    -    -       37.35764   33.25330  11.0%     - 4210s
  8482  5927      -    -    -       37.35764   33.25330  11.0%     - 4215s
  8505  5950      -    -    -       37.35764   33.25330  11.0%     - 4220s
  8515  5960      -    -    -       37.35764   33.25330  11.0%     - 4225s
  8532  5977      -    -    -       37.35764   33.25330  11.0%     - 4230s
  8542  5987      -    -    -       37.35764   33.25330  11.0%     - 4237s
  8543  5988      -    -    -       37.35764   33.25330  11.0%     - 4240s
  8553  5998      -    -    -       37.35764   33.25330  11.0%     - 4246s
  8566  6011      -    -    -       37.35764   33.25330  11.0%     - 4250s
