
Gurobi 9.5.0 (win64) logging started Tue Mar 15 12:43:05 2022

Set parameter LogFile to value "C:\Users\kmajd1\Documents\NNRepLayer_v2\demos\examples\tc5_mnist_watermark_removal/tc5/repair_net/logs/opt_log_layer2.log"
Gurobi Optimizer version 9.5.0 build v9.5.0rc5 (win64)
Thread count: 8 physical cores, 16 logical processors, using up to 16 threads
Optimize a model with 3040 rows, 1531 columns and 6610 nonzeros
Model fingerprint: 0x960e205a
Model has 21 quadratic objective terms
Coefficient statistics:
  Matrix range     [1e+00, 2e+03]
  Objective range  [3e+01, 1e+04]
  QObjective range [1e+00, 2e+00]
  Bounds range     [1e+00, 1e+01]
  RHS range        [5e-04, 2e+01]
Presolve removed 478 rows and 422 columns
Presolve time: 0.01s

Barrier solved model in 0 iterations and 0.01 seconds (0.00 work units)
Model is infeasible

Gurobi 9.5.0 (win64) logging started Tue Mar 15 13:18:54 2022

Set parameter LogFile to value "C:\Users\kmajd1\Documents\NNRepLayer_v2\demos\examples\tc5_mnist_watermark_removal/tc5/repair_net/logs/opt_log_layer2.log"
Gurobi Optimizer version 9.5.0 build v9.5.0rc5 (win64)
Thread count: 8 physical cores, 16 logical processors, using up to 16 threads
Optimize a model with 3040 rows, 1531 columns and 6610 nonzeros
Model fingerprint: 0xfa751323
Model has 21 quadratic objective terms
Coefficient statistics:
  Matrix range     [1e+00, 2e+03]
  Objective range  [3e+01, 1e+04]
  QObjective range [1e+00, 2e+00]
  Bounds range     [5e+00, 1e+04]
  RHS range        [5e-04, 2e+01]
Presolve removed 2140 rows and 1070 columns
Presolve time: 0.02s
Presolved: 900 rows, 461 columns, 2330 nonzeros
Presolved model has 21 quadratic objective terms
Ordering time: 0.00s

Barrier statistics:
 Dense cols : 1
 AA' NZ     : 2.430e+03
 Factor NZ  : 5.311e+03 (roughly 1 MB of memory)
 Factor Ops : 5.317e+04 (less than 1 second per iteration)
 Threads    : 1

                  Objective                Residual
Iter       Primal          Dual         Primal    Dual     Compl     Time
   0   2.72961793e+08 -5.04966343e+09  1.96e+04 6.84e+00  1.25e+07     0s
   1   1.77450561e+08 -3.12033253e+09  9.91e+03 8.48e+02  6.56e+06     0s
   2   1.57716420e+08 -2.99515660e+09  8.87e+03 5.46e-12  1.23e+07     0s
   3   2.34549107e+07 -6.60853346e+08  3.68e+02 3.64e-12  7.96e+05     0s
   4   2.50341291e+06 -1.57357484e+08  3.68e-04 5.99e-09  8.87e+04     0s
   5   3.12700523e+05 -6.78090614e+05  1.82e-07 2.94e-09  5.50e+02     0s
   6   4.57291180e+04 -5.23440667e+04  1.28e-09 1.82e-12  5.44e+01     0s
   7   7.27586051e+03 -8.44536734e+03  5.09e-11 1.82e-12  8.72e+00     0s
   8   1.03103574e+03 -1.18106886e+03  3.64e-12 1.82e-12  1.23e+00     0s
   9   1.52334944e+02 -1.83305400e+02  4.55e-12 1.82e-12  1.86e-01     0s
  10   2.44032404e+01 -3.38791850e+01  4.55e-12 1.82e-12  3.23e-02     0s
  11   3.76956320e+00 -4.55501986e+00  3.64e-12 3.64e-12  4.62e-03     0s
  12   5.49687386e-01 -6.01706266e-01  6.37e-12 3.64e-12  6.39e-04     0s
  13   7.92047977e-02 -8.45921040e-02  1.55e-11 3.64e-12  9.09e-05     0s
  14   1.13775730e-02 -1.20556355e-02  1.65e-10 3.64e-12  1.30e-05     0s
  15   1.63245201e-03 -1.72519684e-03  2.21e-10 7.28e-12  1.86e-06     0s
  16   2.34127045e-04 -2.47240067e-04  5.26e-10 3.64e-12  2.67e-07     0s
  17   3.38554382e-05 -3.55243683e-05  3.47e-10 1.53e-12  3.83e-08     0s
  18   5.00679016e-06 -5.00679016e-06  5.49e-10 1.82e-12  5.49e-09     0s
  19   7.15255737e-07 -4.76837158e-07  1.38e-10 3.63e-12  7.87e-10     0s
  20   0.00000000e+00 -2.38418579e-07  5.37e-11 3.64e-12  1.13e-10     0s

Barrier solved model in 20 iterations and 0.08 seconds (0.01 work units)
Optimal objective 0.00000000e+00


Gurobi 9.5.0 (win64) logging started Tue Mar 15 15:38:19 2022

Set parameter LogFile to value "C:\Users\kmajd1\Documents\NNRepLayer_v2\demos\examples\tc5_mnist_watermark_removal/tc5/repair_net/logs/opt_log_layer2.log"
Gurobi Optimizer version 9.5.0 build v9.5.0rc5 (win64)
Thread count: 8 physical cores, 16 logical processors, using up to 16 threads
Optimize a model with 3060 rows, 1549 columns and 6682 nonzeros
Model fingerprint: 0xba89e119
Model has 21 quadratic objective terms
Variable types: 1531 continuous, 18 integer (18 binary)
Coefficient statistics:
  Matrix range     [1e+00, 2e+04]
  Objective range  [3e+01, 1e+04]
  QObjective range [1e+00, 2e+00]
  Bounds range     [1e+00, 1e+04]
  RHS range        [5e-04, 2e+04]
Presolve removed 2140 rows and 1070 columns
Presolve time: 0.01s
Presolved: 920 rows, 479 columns, 2402 nonzeros
Presolved model has 21 quadratic objective terms
Variable types: 461 continuous, 18 integer (18 binary)
Root relaxation presolved: 920 rows, 479 columns, 2402 nonzeros
Root relaxation presolved model has 21 quadratic objective terms


Root relaxation: objective -1.192093e-07, 2289 iterations, 0.05 seconds (0.06 work units)

    Nodes    |    Current Node    |     Objective Bounds      |     Work
 Expl Unexpl |  Obj  Depth IntInf | Incumbent    BestBd   Gap | It/Node Time

H    0     0                    1.224498e+09    0.00000   100%     -    0s
     0     0   -0.00000    0    4 1.2245e+09    0.00000   100%     -    0s
     0     0    0.00000    0    4 1.2245e+09    0.00000   100%     -    0s
     0     2    0.00000    0    4 1.2245e+09    0.00000   100%     -    0s
*    5     6               2    4.365986e+07    0.00000   100%  36.6    0s
*   17     3               6    3.601493e+07 1.8719e+07  48.0%  36.4    0s
*   24     2               8    3.356245e+07 1.8719e+07  44.2%  30.9    0s
*   30     2              10    3.261313e+07 1.8719e+07  42.6%  29.2    0s
*   35     2              12    2.691787e+07 1.8719e+07  30.5%  26.7    0s
*   39     1              14    2.446538e+07 1.8719e+07  23.5%  24.9    0s

Cutting planes:
  RLT: 2

Explored 41 nodes (3265 simplex iterations) in 0.25 seconds (0.23 work units)
Thread count was 16 (of 16 available processors)

Solution count 7: 2.44654e+07 2.69179e+07 3.26131e+07 ... 1.2245e+09

Optimal solution found (tolerance 1.00e-03)
Best objective 2.446538415185e+07, best bound 2.446538415185e+07, gap 0.0000%

Gurobi 9.5.0 (win64) logging started Tue Mar 15 16:16:30 2022

Set parameter LogFile to value "C:\Users\kmajd1\Documents\NNRepLayer_v2\demos\examples\tc5_mnist_watermark_removal/tc5/repair_net/logs/opt_log_layer2.log"
Gurobi Optimizer version 9.5.0 build v9.5.0rc5 (win64)
Thread count: 8 physical cores, 16 logical processors, using up to 16 threads
Optimize a model with 3040 rows, 1530 columns and 7456 nonzeros
Model fingerprint: 0x83ef4574
Model has 11 quadratic objective terms
Variable types: 1521 continuous, 9 integer (9 binary)
Coefficient statistics:
  Matrix range     [1e-02, 2e+01]
  Objective range  [6e+00, 4e+01]
  QObjective range [2e+00, 2e+00]
  Bounds range     [1e+00, 2e+01]
  RHS range        [5e-04, 2e+01]
Presolve removed 280 rows and 140 columns
Presolve time: 0.01s
Presolved: 2760 rows, 1390 columns, 6896 nonzeros
Presolved model has 11 quadratic objective terms
Variable types: 1381 continuous, 9 integer (9 binary)
Found heuristic solution: objective 125.0366515
Root relaxation presolved: 2760 rows, 1390 columns, 6896 nonzeros
Root relaxation presolved model has 11 quadratic objective terms


Root relaxation: objective 4.092726e-12, 3358 iterations, 0.21 seconds (0.29 work units)

    Nodes    |    Current Node    |     Objective Bounds      |     Work
 Expl Unexpl |  Obj  Depth IntInf | Incumbent    BestBd   Gap | It/Node Time

     0     0    0.00000    0    4  125.03665    0.00000   100%     -    0s
     0     0    0.00304    0    9  125.03665    0.00304   100%     -    0s
     0     0     cutoff    0       125.03665  125.03665  0.00%     -    0s

Cutting planes:
  Flow cover: 4

Explored 1 nodes (4600 simplex iterations) in 0.63 seconds (0.81 work units)
Thread count was 16 (of 16 available processors)

Solution count 1: 125.037 

Optimal solution found (tolerance 1.00e-03)
Best objective 1.250366515401e+02, best bound 1.250366515401e+02, gap 0.0000%
