
Gurobi 9.5.0 (win64) logging started Tue Mar 15 16:20:25 2022

Set parameter LogFile to value "C:\Users\kmajd1\Documents\NNRepLayer_v2\demos\examples\tc5_mnist_watermark_removal/tc5/repair_net/logs/opt_log_layer1.log"
Gurobi Optimizer version 9.5.0 build v9.5.0rc5 (win64)
Thread count: 8 physical cores, 16 logical processors, using up to 16 threads
Optimize a model with 236720 rows, 118520 columns and 592396 nonzeros
Model fingerprint: 0xc6dc0378
Model has 11 quadratic objective terms
Variable types: 118061 continuous, 459 integer (459 binary)
Coefficient statistics:
  Matrix range     [9e-06, 2e+01]
  Objective range  [6e+00, 4e+01]
  QObjective range [2e+00, 2e+00]
  Bounds range     [1e+00, 2e+01]
  RHS range        [1e-06, 2e+01]
Presolve removed 750 rows and 300 columns
Presolve time: 0.63s
Presolved: 235970 rows, 118220 columns, 591196 nonzeros
Presolved model has 11 quadratic objective terms
Variable types: 118061 continuous, 159 integer (159 binary)
Root relaxation presolve removed 150 rows and 150 columns
Root relaxation presolved: 235820 rows, 118070 columns, 590896 nonzeros
Root relaxation presolved model has 11 quadratic objective terms


Root simplex log...

Iteration    Objective       Primal Inf.    Dual Inf.      Time
   24431    0.0000000e+00   2.582090e+05   0.000000e+00      5s
   78051    0.0000000e+00   1.913104e+05   0.000000e+00     11s
  146991    0.0000000e+00   1.051559e+05   0.000000e+00     15s
  227186    0.0000000e+00   5.230266e+03   0.000000e+00     20s
  229086    0.0000000e+00   4.042431e+03   0.000000e+00     26s
  230886    0.0000000e+00   2.918123e+03   0.000000e+00     30s
  232646    0.0000000e+00   1.818380e+03   0.000000e+00     35s
  234626    0.0000000e+00   5.835158e+02   0.000000e+00     40s
  235904    0.0000000e+00   0.000000e+00   0.000000e+00     45s
  235904    0.0000000e+00   0.000000e+00   0.000000e+00     46s

Root relaxation: objective 0.000000e+00, 235904 iterations, 44.97 seconds (111.16 work units)

    Nodes    |    Current Node    |     Objective Bounds      |     Work
 Expl Unexpl |  Obj  Depth IntInf | Incumbent    BestBd   Gap | It/Node Time

H    0     0                    1851.1298777    0.00000   100%     -   46s
     0     0    0.00000    0  141 1851.12988    0.00000   100%     -   46s
