
Gurobi 9.5.1 (linux64) logging started Wed 10 Aug 2022 10:37:59 PM MST

Set parameter LogFile to value "/home/local/ASUAD/kmajd1/NNRepLayer_v2/demos/walking_example/dynamic_constraint/repair_net_relaxed/logs/opt17_log_8_10_2022_14_29_12.log"
Gurobi Optimizer version 9.5.1 build v9.5.1rc2 (linux64)
Thread count: 48 physical cores, 96 logical processors, using up to 32 threads
Optimize a model with 12558 rows, 9048 columns and 186204 nonzeros
Model fingerprint: 0x6913b1bd
Model has 270 quadratic objective terms
Variable types: 6078 continuous, 2970 integer (2970 binary)
Coefficient statistics:
  Matrix range     [7e-04, 2e+02]
  Objective range  [3e-03, 1e+00]
  QObjective range [7e-02, 7e-02]
  Bounds range     [2e-04, 1e+02]
  RHS range        [4e-05, 2e+02]
Presolve removed 672 rows and 132 columns
Presolve time: 0.20s
Presolved: 11886 rows, 8916 columns, 185400 nonzeros
Presolved model has 270 quadratic objective terms
Variable types: 5946 continuous, 2970 integer (2970 binary)
Root relaxation presolve removed 2970 rows and 2970 columns
Root relaxation presolved: 8916 rows, 5946 columns, 176490 nonzeros
Root relaxation presolved model has 270 quadratic objective terms


Root relaxation: objective 2.466930e+01, 3693 iterations, 0.26 seconds (0.57 work units)

    Nodes    |    Current Node    |     Objective Bounds      |     Work
 Expl Unexpl |  Obj  Depth IntInf | Incumbent    BestBd   Gap | It/Node Time

     0     0   24.66930    0  282          -   24.66930      -     -    1s
     0     0   24.66930    0  282          -   24.66930      -     -    2s
H    0     0                     762.4813712   24.66930  96.8%     -    5s
H    0     0                     665.5603011   24.66930  96.3%     -    5s
     0     2   24.66930    0  282  665.56030   24.66930  96.3%     -    5s
     1     4   35.48644    1  866  665.56030   24.66930  96.3%  2499   10s
    15    32   89.40715    4 1564  665.56030   28.89244  95.7%   973   21s
H   31    64                     622.1210377   29.21372  95.3%   779   21s
H   38    64                     590.0890818   29.22591  95.0%   639   21s
H   60    64                     589.3908467   29.22591  95.0%   497   21s
H   95   126                      54.8488860   29.22591  46.7%   404   33s
H   97   126                      52.5585352   29.22591  44.4%   396   33s
H   99   126                      52.3859913   29.22591  44.2%   388   33s
H  117   126                      52.3526524   29.22591  44.2%   343   33s
   237   184   29.97126    7  461   52.35265   29.69122  43.3%   196   35s
  1189  1088   31.71888   37  467   52.35265   29.69122  43.3%  59.9   43s
H 1192  1088                      52.2152943   29.69122  43.1%  59.8   43s
  1796  1747   32.93277   56  595   52.21529   29.69122  43.1%  75.5   45s
  4295  4367   37.21930  139  993   52.21529   29.69122  43.1%  70.7   50s
  8414  8731   42.84898  286 1019   52.21529   29.69122  43.1%  59.1   55s
H10050  9784                      52.1773080   29.69122  43.1%  56.3   58s
 10053  9786   41.21473  203  282   52.17731   29.69122  43.1%  56.3   61s
 10056  9790   35.48644   10  866   52.17731   29.69122  43.1%  56.9   74s
 10058  9793   42.99622   11  696   52.17731   29.69122  43.1%  57.3   75s
 10345  9999   30.65848   23  413   52.17731   30.05987  42.4%  56.4   80s
 10522 10079   30.65848   29  413   52.17731   30.13243  42.2%  55.9   87s
H10533  9585                      52.1744841   30.13243  42.2%  55.9   87s
H10538  9119                      52.1590437   30.13243  42.2%  55.8   87s
H10552  8672                      52.1556223   30.13243  42.2%  55.8   87s
 11071  9055   31.32003   49  429   52.15562   30.13243  42.2%  61.0   90s
H11593  8904                      52.1057935   30.13243  42.2%  65.2   95s
H11595  8504                      52.0969388   30.13243  42.2%  65.2   95s
 13441  9889   33.82802  136  433   52.09694   30.13243  42.2%  66.8  100s
 16006 11543   35.19644  231  378   52.09694   30.13243  42.2%  65.3  106s
 18354 13061   40.96906  310  395   52.09694   30.13243  42.2%  63.5  110s
 22622 15468   43.26138  523  322   52.09694   30.13243  42.2%  66.6  115s
 25210 16436   43.85094  654  283   52.09694   30.13243  42.2%  68.5  121s
H25213 16056                      52.0959002   30.13243  42.2%  68.4  121s
H25242 15687                      52.0959002   30.13243  42.2%  68.7  121s
 27512 17643   46.72094  751  224   52.09590   30.13243  42.2%  70.5  125s
H28260 17082                      52.0959002   30.13243  42.2%  70.9  128s
 29034 18513   47.90094  805  183   52.09590   30.13243  42.2%  71.4  132s
 31300 20103   50.91609  942  142   52.09590   30.13243  42.2%  73.4  135s
 35907 24466   42.57391  119  840   52.09590   30.13243  42.2%  74.5  141s
 40112 27561   51.84804  324  850   52.09590   30.13243  42.2%  74.7  146s
 45022 32745   40.25279  221  356   52.09590   30.13243  42.2%  73.0  150s
 48128 34059   45.14578  364  326   52.09590   30.13243  42.2%  71.5  159s
 48174 35554   45.14578  365  325   52.09590   30.13243  42.2%  71.5  161s
 51623 38911   48.57412  542  249   52.09590   30.13243  42.2%  70.3  166s
 54818 41832   49.83307  715  181   52.09590   30.13243  42.2%  68.8  170s
 58707 46848   50.57792  919  122   52.09590   30.13243  42.2%  67.0  176s
 66074 50006   42.97272   69  833   52.09590   31.17057  40.2%  68.9  182s
H66100 50006                      52.0959002   31.17057  40.2%  68.9  182s
H66294 50006                      52.0959001   31.17057  40.2%  68.8  182s
H66344 50006                      52.0959001   31.17057  40.2%  68.8  182s
 66611 52432   43.15384   70  824   52.09590   31.17057  40.2%  68.8  185s
 71508 57466   48.85868  204  766   52.09590   31.17994  40.1%  67.3  191s
 77262 60941   49.38742   27 1026   52.09590   31.51122  39.5%  67.2  197s
 79260 62975   51.89090   78 1063   52.09590   31.53459  39.5%  68.4  201s
 84496 66386   50.04954   44 1369   52.09590   31.55708  39.4%  69.3  207s
 87112 68149   46.14242   49 1108   52.09590   31.68741  39.2%  70.3  211s
 89535 72768   38.54912   74  504   52.09590   31.71369  39.1%  70.6  218s
 94490 76199   43.93395  222  364   52.09590   31.71369  39.1%  69.0  220s
 101844 80142   49.26541  541  254   52.09590   31.71369  39.1%  67.5  226s
H101944 80142                      52.0959001   31.71369  39.1%  67.4  226s
H102263 80142                      52.0959001   31.71369  39.1%  67.4  226s
H102639 80142                      52.0959001   31.71369  39.1%  67.3  226s
 102839 83127   49.34232  586  243   52.09590   31.71369  39.1%  67.4  230s
 109050 87839   51.69747  929  126   52.09590   31.72483  39.1%  67.4  238s
 112156 91234   44.25745  111  809   52.09590   31.77399  39.0%  67.2  242s
 119658 99025   49.16587  166  720   52.09590   31.84897  38.9%  65.7  249s
 124973 102100   42.80216  153  421   52.09590   31.84897  38.9%  65.1  252s
 128330 105052   46.20091  265  314   52.09590   31.84897  38.9%  64.4  255s
 134432 109866   50.79723  553  258   52.09590   31.84897  38.9%  63.6  262s
 137181 111770   51.78170  714  205   52.09590   31.89085  38.8%  63.4  265s
 142815 117152   50.45594  191  882   52.09590   31.96300  38.6%  63.2  271s
 146068 118044   39.51905   41  993   52.09590   31.96300  38.6%  63.1  275s
 150669 125934   47.39973  136 1031   52.09590   31.96300  38.6%  62.5  283s
 156544 127715   51.68648  341  980   52.09590   31.99435  38.6%  61.4  286s
 160668 130492     cutoff   35        52.09590   32.03717  38.5%  61.5  292s
 162880 133024   51.48393   48 1205   52.09590   32.06556  38.4%  61.7  296s
 169892 139902   51.11561   38  861   52.09590   32.10469  38.4%  61.0  301s
 177214 145199   50.31412  227  950   52.09590   32.10923  38.4%  60.5  307s
 179517 148077     cutoff  325        52.09590   32.13107  38.3%  60.3  313s
 182829 150736   43.71038   58  822   52.09590   32.13146  38.3%  60.5  316s
 186314 154134     cutoff  104        52.09590   32.13146  38.3%  61.1  320s
 190101 157299   46.50473  148  747   52.09590   32.13146  38.3%  61.1  325s
 196905 162451   48.35876  221  682   52.09590   32.13146  38.3%  61.1  334s
 199695 165129   48.45327  262  637   52.09590   32.13146  38.3%  61.4  338s
 202673 167708   49.54097  305  614   52.09590   32.13146  38.3%  61.5  343s
 205413 170689   50.02888  348  586   52.09590   32.13146  38.3%  61.5  348s
 208722 173568   50.67522  400  548   52.09590   32.13146  38.3%  61.5  352s
 212264 176175   51.71023  457  519   52.09590   32.13146  38.3%  61.7  355s
 215572 178105   51.29971  505  499   52.09590   32.15198  38.3%  61.7  360s
 221649 181474   48.51978   71 1158   52.09590   32.19847  38.2%  62.0  367s
 222940 183933   32.30858   36  489   52.09590   32.20630  38.2%  62.0  372s
 226096 187016   40.48674   44 1040   52.09590   32.20630  38.2%  62.2  377s
 229784 190312   45.17369  122  934   52.09590   32.20630  38.2%  62.1  381s
 233428 193891   47.43679  207  887   52.09590   32.20630  38.2%  61.9  385s
 237678 197171   48.84738  309  811   52.09590   32.20630  38.2%  61.7  391s
 241408 199630   51.32630  399  747   52.09590   32.20630  38.2%  61.5  395s
 246693 202830   37.01142   47 1067   52.09590   32.28130  38.0%  61.9  404s
 249426 204744   47.82256   49  980   52.09590   32.30584  38.0%  62.2  409s
 252236 208509   34.33661   30  649   52.09590   32.31336  38.0%  62.5  412s
 256918 212097   44.28962   81 1092   52.09590   32.32564  37.9%  62.4  416s
 260981 215743   39.77707   42 1193   52.09590   32.32564  37.9%  62.1  420s
 268577 221832   39.84643   55  736   52.09590   32.33208  37.9%  61.6  429s
 272477 223473   37.91488   46  653   52.09590   32.33814  37.9%  61.6  432s
 274782 225377   36.21190   36  827   52.09590   32.37274  37.9%  61.8  437s
 277164 227000   37.88291   36  856   52.09590   32.37274  37.9%  62.3  440s
 283264 234355   51.44446  187  813   52.09590   32.38596  37.8%  62.8  449s
 287518 237752   40.91368  141  507   52.09590   32.39355  37.8%  62.6  453s
 291441 240484   45.96660  253  397   52.09590   32.39355  37.8%  62.4  458s
 294789 243267   47.30740  359  326   52.09590   32.39355  37.8%  62.4  462s
 297933 247562   49.20218  462  264   52.09590   32.39355  37.8%  62.3  466s
 305762 252627   37.09845   51  632   52.09590   32.43914  37.7%  62.0  471s
 308356 255683     cutoff  104        52.09590   32.44066  37.7%  61.9  475s
 314527 262009   39.93945   65  824   52.09590   32.45623  37.7%  61.6  481s
 321914 267836   45.52783   99  985   52.09590   32.47033  37.7%  61.1  487s
 324930 267865   38.53374   58  696   52.09590   32.47033  37.7%  61.0  490s
 326955 271391   32.70665   22  539   52.09590   32.47281  37.7%  61.1  498s
 329564 273286     cutoff   38        52.09590   32.47281  37.7%  61.5  503s
 331994 276222     cutoff   69        52.09590   32.51358  37.6%  62.3  509s
 335243 281075   46.35650   92  866   52.09590   32.51359  37.6%  62.8  513s
 340588 284839   36.67669   48  532   52.09590   32.51370  37.6%  62.9  518s
 344902 286902   44.33093   98  643   52.09590   32.51370  37.6%  62.9  522s
 347497 289899   46.02562  137  661   52.09590   32.51370  37.6%  63.0  527s
 351032 292892   48.49637  270  599   52.09590   32.51370  37.6%  63.2  532s
 354620 295781   49.66329  324  566   52.09590   32.51370  37.6%  63.3  536s
 358113 298248   50.91791  396  552   52.09590   32.51370  37.6%  63.5  541s
 365194 303818   42.41002   52  559   52.09590   32.55373  37.5%  63.8  548s
 368002 306198   47.92991  104  676   52.09590   32.55373  37.5%  64.1  551s
 370824 309183   50.69442  184  608   52.09590   32.55373  37.5%  64.2  555s
 377493 314426   42.04508   60  720   52.09590   32.58233  37.5%  64.4  563s
 380929 316576   51.35015  143 1001   52.09590   32.59593  37.4%  64.5  567s
 383651 318395   39.66951   68  519   52.09590   32.59692  37.4%  64.7  571s
 385898 320237   42.12440  112  474   52.09590   32.59692  37.4%  65.2  576s
 388166 322647   44.26547  149  458   52.09590   32.59692  37.4%  65.5  581s
 390926 325608   45.15646  175  441   52.09590   32.59692  37.4%  65.6  587s
 394548 328310   44.36420  215  414   52.09590   32.59692  37.4%  65.5  590s
 402581 335107   46.39176  300  346   52.09590   32.59692  37.4%  65.4  597s
 406421 337789   46.19200  328  315   52.09590   32.59692  37.4%  65.3  601s
 409652 340135   46.52191  368  289   52.09590   32.59692  37.4%  65.4  605s
 414780 344205   46.78265  419  267   52.09590   32.59692  37.4%  65.7  614s
 417597 347343   46.79614  452  253   52.09590   32.59692  37.4%  65.9  617s
 421156 350763   46.94963  486  248   52.09590   32.59692  37.4%  66.0  620s
 427523 356413   47.86879  535  232   52.09590   32.59692  37.4%  65.8  627s
 431287 359175   49.48934  562  221   52.09590   32.59692  37.4%  65.7  632s
 434527 361542   49.60430  590  213   52.09590   32.59692  37.4%  65.6  636s
 437373 364267   50.12547  615  208   52.09590   32.59692  37.4%  65.6  640s
 443959 370814   50.81881  683  190   52.09590   32.59692  37.4%  65.2  647s
 448042 373549   51.31540  710  188   52.09590   32.59692  37.4%  65.1  650s
 454759 378269   51.58840  790  178   52.09590   32.59692  37.4%  65.2  658s
 457791 380909   51.93134  842  172   52.09590   32.59699  37.4%  65.3  662s
 460954 383545   48.79093   96  980   52.09590   32.66241  37.3%  65.4  666s
 464093 386045   50.50394   95  982   52.09590   32.66241  37.3%  65.5  671s
 470725 391799   44.21964   55 1012   52.09590   32.68742  37.3%  65.7  677s
 474254 394505   51.17649  204  960   52.09590   32.69432  37.2%  65.7  681s
 477624 397476     cutoff   50        52.09590   32.69567  37.2%  65.7  685s
 484218 401827   47.47053   82  977   52.09590   32.71688  37.2%  65.8  693s
 486965 403458   50.78060   67  784   52.09590   32.71863  37.2%  66.0  697s
 489728 404903     cutoff   99        52.09590   32.71935  37.2%  66.2  701s
 492128 404912   38.63628   52  629   52.09590   32.71935  37.2%  66.6  754s
H492163 404912                      52.0959001   32.71935  37.2%  66.6  754s
 492174 407111   38.96336   53  646   52.09590   32.71935  37.2%  66.6  758s
 494836 408597   43.44227   90  826   52.09590   32.71935  37.2%  66.8  763s
 496581 411258   46.71784  113  785   52.09590   32.71935  37.2%  66.9  769s
 499825 414372   49.56890  213  741   52.09590   32.71935  37.2%  67.0  774s
 503455 418861   50.96181  298  663   52.09590   32.74706  37.1%  67.0  780s
 508216 422481   50.36136   45  746   52.09590   32.75925  37.1%  66.7  786s
 512104 425187   33.64912   67  650   52.09590   32.75925  37.1%  66.6  790s
 517866 430448   51.40638  102  897   52.09590   32.76286  37.1%  66.6  798s
 520882 432703     cutoff   90        52.09590   32.76286  37.1%  66.6  803s
 523639 432827     cutoff   66        52.09590   32.76286  37.1%  66.6  814s
 523830 435041   33.75293   41  495   52.09590   32.76373  37.1%  66.6  818s
 526669 436644   39.06027   55  657   52.09590   32.76373  37.1%  66.8  822s
 528855 439132   50.64210   64  785   52.09590   32.76997  37.1%  67.1  828s
 531931 441700   51.05842   52  807   52.09590   32.77149  37.1%  67.2  833s
 534974 443966   42.76777   97  687   52.09590   32.78076  37.1%  67.4  838s
 537818 446280   46.44003  142  661   52.09590   32.78076  37.1%  67.4  844s
 540858 449126   47.07115  243  669   52.09590   32.78076  37.1%  67.5  849s
 544406 451288   48.97043  337  638   52.09590   32.78076  37.1%  67.4  854s
 547294 454108   49.90366  356  611   52.09590   32.78076  37.1%  67.4  860s
 554422 459331   51.26648  498  509   52.09590   32.78688  37.1%  67.5  867s
 557418 461132   43.09933   57  985   52.09590   32.79449  37.0%  67.7  871s
 559758 463494   47.87328   96  920   52.09590   32.80031  37.0%  67.8  876s
 562887 466431   41.31584   81  529   52.09590   32.80031  37.0%  67.9  882s
 566537 469107   46.43476  215  412   52.09590   32.80031  37.0%  68.0  887s
 569729 471925   48.91090  329  330   52.09590   32.80031  37.0%  67.9  893s
 573170 474856   50.53782  448  258   52.09590   32.80031  37.0%  67.9  896s
 579854 478717   46.48463   72  889   52.09590   32.81082  37.0%  67.9  904s
 582449 480442   49.12910   38 1351   52.09590   32.81388  37.0%  68.1  908s
 585165 481967   42.08022   91  763   52.09590   32.81388  37.0%  68.2  912s
 587449 485869   38.62742   55  586   52.09590   32.81388  37.0%  68.2  917s
 592007 490105   45.65798  176  458   52.09590   32.81388  37.0%  68.1  923s
 596598 494119   48.34597  286  399   52.09590   32.81388  37.0%  67.8  926s
 600917 497965   51.20539  460  281   52.09590   32.83001  37.0%  67.7  930s
H604211 497965                      52.0959001   32.83001  37.0%  67.6  930s
 605291 500395   39.64318   47  712   52.09590   32.83004  37.0%  67.6  938s
 608159 502584   47.99191   61 1229   52.09590   32.83179  37.0%  67.6  942s
 610953 504651   51.01784   77  844   52.09590   32.83459  37.0%  67.6  946s
 613691 506963   45.20759   86  946   52.09590   32.83751  37.0%  67.6  950s
 616747 508823   50.86834   67  887   52.09590   32.84191  37.0%  67.6  955s
 622029 512371   48.21977   83  963   52.09590   32.84458  37.0%  67.8  964s
 624931 515233   44.21244  103  502   52.09590   32.84515  37.0%  67.9  969s
 628397 517731   50.01318  320  360   52.09590   32.84882  36.9%  67.9  974s
 631455 520447   48.37830   47 1064   52.09590   32.85655  36.9%  67.9  979s
 634704 524150   40.71024   89  862   52.09590   32.85830  36.9%  67.9  983s
 638928 527103     cutoff  105        52.09590   32.86197  36.9%  67.9  986s
 642319 529153   37.87880   44  637   52.09590   32.86476  36.9%  67.8  990s
 647597 532962   36.37770   45  595   52.09590   32.87402  36.9%  67.9  998s
 650167 535962     cutoff  132        52.09590   32.87537  36.9%  68.0 1004s
 653854 540561   44.33576  164  452   52.09590   32.88026  36.9%  68.0 1007s
 658664 544941   47.57931  343  317   52.09590   32.88026  36.9%  67.7 1011s
 663356 550287   49.14101  465  213   52.09590   32.88026  36.9%  67.4 1016s
 671874 554781   36.07203   65  678   52.09590   32.88114  36.9%  67.0 1022s
 674138 556462   48.24566  118 1084   52.09590   32.88114  36.9%  67.0 1025s
 678211 560027   44.30102   82  674   52.09590   32.88114  36.9%  67.1 1032s
 680277 562452   46.72034  130  648   52.09590   32.88114  36.9%  67.2 1036s
 683056 564689   50.48057  220  610   52.09590   32.88114  36.9%  67.2 1040s
 685656 566885   50.99098  323  516   52.09590   32.88114  36.9%  67.2 1045s
 691796 571526     cutoff   92        52.09590   32.88774  36.9%  67.4 1051s
 694193 574046   33.13100   30  547   52.09590   32.89574  36.9%  67.4 1056s
 697401 576419   50.69807   99  860   52.09590   32.90463  36.8%  67.6 1060s
 700383 579326   51.87879   98 1070   52.09590   32.90671  36.8%  67.7 1065s
 703979 581968   45.82815   70  994   52.09590   32.91154  36.8%  67.8 1070s
 710673 586866   39.27267   56  726   52.09590   32.92331  36.8%  68.0 1077s
 713931 591017   39.44391   64  471   52.09590   32.92956  36.8%  68.1 1082s
 718527 593727   47.90338  281  312   52.09590   32.92956  36.8%  68.0 1086s
 721742 595516   50.45841  460  234   52.09590   32.92956  36.8%  68.0 1091s
 723976 598600   51.14506  558  202   52.09590   32.92956  36.8%  68.0 1096s
 731363 605042   40.64105   46  731   52.09590   32.93999  36.8%  68.0 1103s
 734983 607652   51.65117   95  945   52.09590   32.94141  36.8%  68.0 1106s
 738179 609831   39.02435   66  688   52.09590   32.94396  36.8%  68.0 1110s
 743590 613780     cutoff   45        52.09590   32.95619  36.7%  68.1 1118s
 745948 616232   40.86441   67  550   52.09590   32.95629  36.7%  68.2 1121s
 748884 618721   42.63184  109  538   52.09590   32.95629  36.7%  68.3 1126s
 751922 620998   44.11986  151  514   52.09590   32.95629  36.7%  68.4 1130s
 754904 622991   45.63043  195  482   52.09590   32.95629  36.7%  68.4 1135s
 757403 625785   45.94594  223  479   52.09590   32.95629  36.7%  68.5 1140s
 761485 629281   45.95572  263  446   52.09590   32.95629  36.7%  68.6 1145s
 767817 634132   46.55316  340  387   52.09590   32.95629  36.7%  68.5 1155s
 771380 637122   48.09952  379  353   52.09590   32.95629  36.7%  68.5 1160s
 774940 640220   47.46873  413  326   52.09590   32.95629  36.7%  68.4 1165s
 778627 643123   48.06612  446  312   52.09590   32.95629  36.7%  68.4 1170s
 782195 645840   49.30109  472  323   52.09590   32.95629  36.7%  68.3 1175s
 785513 648849 infeasible  495        52.09590   32.95629  36.7%  68.3 1181s
 793229 655079   50.38094  558  268   52.09590   32.95629  36.7%  68.1 1187s
 796470 657256   50.58621  582  258   52.09590   32.95629  36.7%  68.0 1191s
 799302 659556   50.61453  605  254   52.09590   32.95629  36.7%  68.0 1195s
 805199 664432   51.14177  670  232   52.09590   32.95629  36.7%  67.9 1204s
 808500 667361   51.90446  709  249   52.09590   32.95629  36.7%  67.9 1207s
 812144 670041   51.56532  751  216   52.09590   32.95629  36.7%  67.8 1211s
 815473 673968     cutoff  802        52.09590   32.97154  36.7%  67.8 1216s
 819635 677141   36.01617   41  542   52.09590   32.97154  36.7%  67.7 1220s
 823041 679690   35.99104   37  598   52.09590   32.98763  36.7%  67.6 1225s
 828261 683890   43.79716   86  678   52.09590   32.99273  36.7%  67.6 1232s
 830858 686471   44.46097  113  697   52.09590   32.99273  36.7%  67.6 1237s
 833841 689368   47.58034  166  625   52.09590   32.99273  36.7%  67.6 1240s
 840318 695159   50.32797  291  594   52.09590   32.99273  36.7%  67.6 1249s
 843858 698147   51.23208  375  560   52.09590   32.99273  36.7%  67.6 1253s
 847160 700823   36.94975   56  588   52.09590   32.99457  36.7%  67.5 1259s
 850107 704989   46.02800  100  752   52.09590   32.99457  36.7%  67.5 1262s
 854752 707842   47.95573  173  700   52.09590   32.99457  36.7%  67.4 1266s
 857988 710108   50.28687  247  639   52.09590   32.99457  36.7%  67.4 1270s
 862914 714198   45.36842   69  922   52.09590   33.00253  36.7%  67.6 1278s
 865459 716726   50.73603   76  689   52.09590   33.00556  36.6%  67.7 1283s
 868433 719634   41.02477   98  588   52.09590   33.00556  36.6%  67.8 1288s
 871757 722234   44.02043  147  523   52.09590   33.00556  36.6%  67.8 1293s
 874706 725144   45.77997  197  483   52.09590   33.00556  36.6%  67.8 1298s
 878078 728177   46.95493  246  431   52.09590   33.00556  36.6%  67.8 1302s
 881640 730621   47.67546  281  415   52.09590   33.00556  36.6%  67.8 1305s
 886857 735070   47.85912  344  365   52.09590   33.00556  36.6%  67.8 1313s
 890357 737455   49.32454  388  354   52.09590   33.00556  36.6%  67.8 1318s
 893519 740072     cutoff  429        52.09590   33.00556  36.6%  67.9 1322s
 896829 742676   50.28695  463  348   52.09590   33.00556  36.6%  67.9 1327s
 900035 744959   51.02890  502  328   52.09590   33.00556  36.6%  67.9 1332s
 902888 747181   50.32925  540  289   52.09590   33.00556  36.6%  68.0 1338s
 905825 749195   50.41486  577  276   52.09590   33.00556  36.6%  68.1 1343s
 908722 751560   33.33617   41  533   52.09590   33.00556  36.6%  68.2 1348s
 911656 754891   43.65468   90  729   52.09590   33.00556  36.6%  68.2 1353s
 915469 758154   49.41817  173  689   52.09590   33.00556  36.6%  68.2 1358s
 919130 760658   51.27518  250  619   52.09590   33.01809  36.6%  68.1 1363s
 922267 762728   33.78112   34  629   52.09590   33.01809  36.6%  68.1 1368s
 925076 764392     cutoff  150        52.09590   33.02432  36.6%  68.1 1373s
H927051 764392                      52.0959000   33.02943  36.6%  68.2 1373s
 927601 765233   34.13667   38  637   52.09590   33.02943  36.6%  68.2 1377s
 928922 767119   37.01192   46  633   52.09590   33.02943  36.6%  68.2 1381s
 931698 769918   43.66124   93  600   52.09590   33.02943  36.6%  68.3 1386s
 935288 773201   45.62043  137  526   52.09590   33.02943  36.6%  68.4 1392s
 939299 776095   47.58709  188  474   52.09590   33.02943  36.6%  68.4 1398s
 942747 779192   47.77928  218  454   52.09590   33.02943  36.6%  68.3 1402s
 946294 781719   47.86920  257  423   52.09590   33.02943  36.6%  68.2 1407s
 949210 784401   48.07034  287  412   52.09590   33.02943  36.6%  68.2 1410s
 955572 788991   49.58520  348  379   52.09590   33.02943  36.6%  68.2 1417s
 958737 791281   49.74674  384  353   52.09590   33.02943  36.6%  68.2 1422s
 961650 793865     cutoff  413        52.09590   33.02943  36.6%  68.3 1425s
 967328 799524   51.44004  490  309   52.09590   33.02943  36.6%  68.4 1433s
 971117 803370   51.56386  535  286   52.09590   33.02943  36.6%  68.4 1438s
 975273 805579     cutoff   70        52.09590   33.02972  36.6%  68.3 1442s
 978075 807667   40.55246   64  754   52.09590   33.04728  36.6%  68.3 1446s
 980783 809780   48.86278   71 1024   52.09590   33.05610  36.5%  68.3 1450s
 983483 812131   46.08441   56  655   52.09590   33.05750  36.5%  68.4 1455s
 989332 816821   51.20838   45  941   52.09590   33.06309  36.5%  68.4 1464s
 992439 819208   40.93063   68  741   52.09590   33.06309  36.5%  68.5 1468s
 995426 821950   48.03169   70  827   52.09590   33.06531  36.5%  68.5 1473s
 998756 824163   41.29314   54  670   52.09590   33.06975  36.5%  68.5 1478s
 1001466 827731   41.56976   59  671   52.09590   33.06975  36.5%  68.6 1483s
 1005352 831708   44.02890  109  512   52.09590   33.06975  36.5%  68.5 1487s
 1009415 835164   48.48890  288  374   52.09590   33.06975  36.5%  68.4 1491s
 1016448 840291   40.19654   61  655   52.09590   33.07159  36.5%  68.1 1497s
 1018639 842722   39.53821   62  662   52.09590   33.07482  36.5%  68.1 1500s

Resetting heuristic parameters to focus on improving solution
(using Heuristics=0.5 and RINS=10)...

 1021562 842768   44.17669   63  734   52.09590   33.07482  36.5%  68.1 1506s
 1021643 863145   44.17669   64  733   52.09590   33.07627  36.5%  68.1 1729s
H1021686 863145                      52.0959000   33.07627  36.5%  68.1 1729s
H1022734 863145                      52.0959000   33.07627  36.5%  68.2 1730s
H1022850 863145                      52.0958996   33.07627  36.5%  68.3 1730s
H1025370 863145                      52.0958981   33.07628  36.5%  68.5 1730s
H1035626 863145                      52.0958979   33.07969  36.5%  69.4 1730s
H1052676 863145                      52.0958975   33.09796  36.5%  70.8 1730s
 1053675 863190   36.20793   38  586   52.09590   33.11656  36.4%  70.9 1737s
 1053760 866826   36.32194   40  638   52.09590   33.11663  36.4%  70.9 1800s
H1053825 866826                      52.0958972   33.11663  36.4%  70.9 1800s
H1053974 866826                      52.0958967   33.11759  36.4%  70.9 1800s
H1054522 866826                      52.0958966   33.11762  36.4%  71.0 1800s
H1055207 866826                      52.0958965   33.11762  36.4%  71.1 1800s
H1057816 866826                      52.0958964   33.11762  36.4%  71.3 1800s

Explored 1059226 nodes (75684996 simplex iterations) in 1800.56 seconds (2820.48 work units)
Thread count was 32 (of 96 available processors)

Solution count 10: 52.0959 52.0959 52.0959 ... 52.3527

Time limit reached
Best objective 5.209589639645e+01, best bound 3.311761905403e+01, gap 36.4295%
