
Gurobi 9.5.1 (linux64) logging started Wed 10 Aug 2022 07:04:44 PM MST

Set parameter LogFile to value "/home/local/ASUAD/kmajd1/NNRepLayer_v2/demos/walking_example/dynamic_constraint/repair_net_relaxed/logs/opt10_log_8_10_2022_14_29_12.log"
Gurobi Optimizer version 9.5.1 build v9.5.1rc2 (linux64)
Thread count: 48 physical cores, 96 logical processors, using up to 32 threads
Optimize a model with 12558 rows, 9048 columns and 186204 nonzeros
Model fingerprint: 0xa7e8d670
Model has 270 quadratic objective terms
Variable types: 6078 continuous, 2970 integer (2970 binary)
Coefficient statistics:
  Matrix range     [7e-04, 2e+02]
  Objective range  [3e-03, 1e+00]
  QObjective range [7e-02, 7e-02]
  Bounds range     [1e-03, 1e+02]
  RHS range        [4e-05, 2e+02]
Presolve removed 672 rows and 132 columns
Presolve time: 0.19s
Presolved: 11886 rows, 8916 columns, 185400 nonzeros
Presolved model has 270 quadratic objective terms
Variable types: 5946 continuous, 2970 integer (2970 binary)
Root relaxation presolve removed 2970 rows and 2970 columns
Root relaxation presolved: 8916 rows, 5946 columns, 176490 nonzeros
Root relaxation presolved model has 270 quadratic objective terms


Root relaxation: objective 2.466930e+01, 3803 iterations, 0.27 seconds (0.59 work units)

    Nodes    |    Current Node    |     Objective Bounds      |     Work
 Expl Unexpl |  Obj  Depth IntInf | Incumbent    BestBd   Gap | It/Node Time

     0     0   24.66930    0  290          -   24.66930      -     -    0s
     0     0   24.66930    0  290          -   24.66930      -     -    1s
     0     2   24.66930    0  290          -   24.66930      -     -    4s
     1     4   24.77954    1  334          -   24.66930      -  2756    5s
     7    16   28.43320    3  556          -   25.06496      -   984   10s
   776   861   29.24020   28  611          -   25.94877      -   130   15s
  5649  5842   36.71673  198  548          -   25.94877      -  61.6   20s
  9330  9520   46.89589  340  629          -   25.94877      -  74.1   25s
 12534 12844   51.88186  440  556          -   25.94877      -  78.6   30s
H15116 14088                     721.7888554   25.94877  96.4%  77.4   39s
H15116 13383                     637.6732946   25.94877  95.9%  77.4   39s
 15118 13387   25.94877   10  296  637.67329   25.94877  95.9%  77.6   41s
 15120 13391   31.31061   11  501  637.67329   25.94877  95.9%  77.7   46s
H15149 12768                     565.4914752   28.37065  95.0%  78.6   48s
H15158 12129                     562.0858773   28.60778  94.9%  78.6   48s
H15167 11522                     561.4940720   28.88103  94.9%  78.7   48s
H15212 10997                      67.2017679   28.90935  57.0%  78.7   54s
H15213 10452                      65.9099053   28.90935  56.1%  78.7   54s
H15216  9933                      65.1111363   29.02449  55.4%  78.7   54s
H15226  9437                      63.9933194   29.02449  54.6%  78.7   54s
H15234  8968                      63.8301550   29.02449  54.5%  78.7   54s
 15477  9156   33.88647   19  480   63.83015   29.29253  54.1%  78.5   55s
 16295  9634   35.33513   30  476   63.83015   29.29253  54.1%  78.8   64s
H16296  9190                      63.8301548   29.29253  54.1%  78.7   64s
H16297  8767                      63.7012752   29.29253  54.0%  78.8   64s
H16299  8366                      62.7087292   29.29253  53.3%  78.8   64s
H16316  7980                      61.2913839   29.29253  52.2%  78.8   64s
H16323  7616                      60.8224276   29.29253  51.8%  78.8   64s
 16328  7645   36.80162   30  406   60.82243   29.29253  51.8%  78.8   74s
H16329  7302                      54.3616188   29.29253  46.1%  78.8   74s
 16752  7637   35.67174   36  516   54.36162   29.29253  46.1%  78.9   75s
 18168  8496   36.73895   54  491   54.36162   29.29253  46.1%  83.9   80s
 20541  9874   45.07632   79  606   54.36162   29.29253  46.1%  88.3   85s
 22595 11053   42.34399   94  600   54.36162   29.29253  46.1%  88.8   90s
 24761 12574   43.07776  112  577   54.36162   29.29253  46.1%  87.2   95s
 29372 16734   47.36133  151  608   54.36162   29.29253  46.1%  83.8  101s
 31370 16080     cutoff  170        54.36162   29.29253  46.1%  82.6  114s
H31373 15752                      54.3616188   29.29253  46.1%  82.6  114s
H31381 15439                      54.3616185   29.29253  46.1%  82.8  114s
H31393 15140                      54.3616184   29.29253  46.1%  82.8  114s
 31404 15645     cutoff  167        54.36162   29.31336  46.1%  82.8  115s
 33034 17128   36.59896   38  936   54.36162   29.31336  46.1%  83.3  120s
 36405 20352   44.91878  135 1010   54.36162   29.31336  46.1%  83.6  126s
 39257 23152   49.65919  218  987   54.36162   29.31336  46.1%  82.4  130s
 42514 26343   53.90183  321  962   54.36162   29.31336  46.1%  80.5  135s
H42844 25511                      53.6239268   29.31336  45.3%  80.1  135s
 45845 29301   39.15012   73  786   53.62393   29.31715  45.3%  79.4  140s
H47241 28897                      53.3857129   29.31715  45.1%  78.6  140s
 51009 33647   48.83200  279  806   53.38571   29.31715  45.1%  77.0  145s
 55784 37861     cutoff  489        53.38571   29.31793  45.1%  75.7  151s
*57689 37438            1138      52.8090135   29.31793  44.5%  75.4  154s
 58850 39911   37.70007   33  757   52.80901   29.31793  44.5%  75.4  159s
*59154 37940            1147      52.1003413   29.31793  43.7%  75.4  159s
 61756 40230   41.74405   45  863   52.10034   29.31793  43.7%  75.6  161s
 66689 43607   30.75163   18  479   52.10034   29.37333  43.6%  74.7  166s
 70509 47156   42.83660   70  618   52.10034   29.37333  43.6%  75.0  172s
 75307 51825   44.99536  136  575   52.10034   29.37333  43.6%  74.8  176s
 80184 56518   49.28548  196  570   52.10034   29.37333  43.6%  74.1  183s
 83294 59338   49.84256  241  530   52.10034   29.37333  43.6%  73.5  187s
*84457 54235            1171      51.0070337   29.37333  42.4%  73.3  187s
 86312 56252   50.62627  286  501   51.00703   29.37333  42.4%  72.9  191s
 89045 60088   33.80788   34  595   51.00703   29.58091  42.0%  73.1  198s
 93364 63648   45.73745  159  966   51.00703   29.59799  42.0%  72.7  201s
*94486 61826            1143      50.6787668   29.80286  41.2%  72.5  201s
 97567 64547   31.20532   24  566   50.67877   29.80286  41.2%  72.0  205s
 103826 68353     cutoff  263        50.67877   30.12218  40.6%  72.3  212s
 105574 70698   40.62084   72  833   50.67877   30.20209  40.4%  72.4  217s
H108222 69607                      50.1921221   30.20209  39.8%  72.4  223s
H108659 68303                      50.0351846   30.20209  39.6%  72.4  223s
 111272 71484     cutoff  196        50.03518   30.34163  39.4%  72.2  227s
 115143 74602   34.74004   38  860   50.03518   30.34825  39.3%  72.5  232s
 118475 78604   41.62490   90  781   50.03518   30.34825  39.3%  72.7  236s
 122939 81521   43.57847  135  800   50.03518   30.34825  39.3%  73.4  240s
 128752 86077   48.09406  288  737   50.03518   30.34825  39.3%  73.9  249s
 131831 88418   48.38246  353  661   50.03518   30.34825  39.3%  74.1  254s
 134744 88524   49.67115  381  695   50.03518   30.34825  39.3%  74.4  260s
H134746 87506                      49.9387939   30.34825  39.2%  74.4  260s
H134768 87338                      49.9238805   30.34825  39.2%  74.5  260s
H134822 86632                      49.8769836   30.34825  39.2%  74.5  260s
 134868 90336     cutoff  382        49.87698   30.62532  38.6%  74.5  265s
 139093 93619   34.37535   34  705   49.87698   30.63991  38.6%  74.5  270s
 146215 100680   47.06297  100  840   49.87698   30.66791  38.5%  73.9  277s
 150455 103730   38.27733   44  751   49.87698   30.68509  38.5%  73.5  283s
 153916 106669   47.09229  153  748   49.87698   30.68509  38.5%  73.7  289s
 157091 110710   33.72318   24  561   49.87698   30.68509  38.5%  74.2  293s
 161236 114470   41.21170   72  600   49.87698   30.68509  38.5%  74.7  297s
 165308 117295   45.33368  146  546   49.87698   30.68509  38.5%  74.7  301s
 168590 119330   47.79769  242  488   49.87698   30.68509  38.5%  74.9  306s
 171133 122342     cutoff  281        49.87698   30.68607  38.5%  75.2  311s
 178475 127971   45.05594   68  839   49.87698   30.83798  38.2%  75.2  318s
 181271 130889   37.35870   42  646   49.87698   30.84914  38.1%  75.9  324s
 184338 133784   44.19830   82  579   49.87698   30.84914  38.1%  76.4  330s
 192086 140732   40.90680   87  807   49.87698   30.88814  38.1%  76.6  338s
 195429 143454   49.58536  251  860   49.87698   30.90961  38.0%  76.5  343s
 198587 146148   45.49153   50  946   49.87698   30.97908  37.9%  76.8  348s
 201619 148696   40.02409   52  901   49.87698   30.99219  37.9%  77.1  353s
 204520 152144   32.42381   31  519   49.87698   30.99219  37.9%  77.3  357s
 208353 155586   41.67588  108  486   49.87698   30.99219  37.9%  77.6  361s
 212267 158928   44.87420  241  368   49.87698   30.99219  37.9%  77.5  367s
 215866 162270   47.14470  322  378   49.87698   30.99219  37.9%  77.4  372s
 219687 165072   48.73906  377  351   49.87698   30.99219  37.9%  77.1  377s
 222932 167721     cutoff  478        49.87698   30.99400  37.9%  77.0  382s
 226066 170905   47.81114   97  860   49.87698   31.00504  37.8%  76.9  386s
 229873 173739   40.83198   41  837   49.87698   31.04318  37.8%  76.9  390s
H233252 174468                      49.8754614   31.10626  37.6%  77.1  396s
H233532 174271                      49.8582716   31.10626  37.6%  77.0  396s
H233752 174214                      49.8537118   31.10626  37.6%  77.0  396s
 234053 177638   41.34131   56  860   49.85371   31.10626  37.6%  77.1  402s
 237817 179786     cutoff  162        49.85371   31.14261  37.5%  76.9  407s
 240377 182752   38.74392   42  675   49.85371   31.14261  37.5%  77.2  411s
 243563 185578     cutoff   87        49.85371   31.14261  37.5%  77.4  415s
 247010 188038   48.31504  140  590   49.85371   31.14479  37.5%  77.4  420s
 250307 190337   31.87304   27  427   49.85371   31.14479  37.5%  77.6  425s
 253529 192397   46.41342  164  912   49.85371   31.15218  37.5%  77.7  430s
 256428 195255   34.36114   35  629   49.85371   31.15218  37.5%  77.7  435s
 259836 197999   42.55412   84  631   49.85371   31.15218  37.5%  77.6  441s
 267618 205110   48.44565  199  560   49.85371   31.15218  37.5%  77.2  448s
 271272 207808     cutoff  278        49.85371   31.23517  37.3%  77.2  452s
 274588 210895   42.21065   96  905   49.85371   31.23654  37.3%  77.3  458s
 277833 214207   45.09085  178  816   49.85371   31.23654  37.3%  77.0  464s
 281655 217451   49.72498  295  819   49.85371   31.24813  37.3%  76.8  467s
 285418 220953   37.70032   54  660   49.85371   31.32508  37.2%  76.8  470s
 293422 225245   40.04859   42  616   49.85371   31.34685  37.1%  76.4  480s
H293525 225165                      49.8482913   31.34685  37.1%  76.4  480s
H293530 224850                      49.8302702   31.34685  37.1%  76.4  480s
 294185 228225   40.45897   43  621   49.83027   31.35728  37.1%  76.3  485s
 297988 231717   41.07230   54  715   49.83027   31.36329  37.1%  76.1  490s
 301796 235018   41.62452   57  842   49.83027   31.36329  37.1%  75.7  495s
 309444 241674   42.94644   71  662   49.83027   31.39598  37.0%  75.0  502s
 312481 244205   45.61076  120  664   49.83027   31.39598  37.0%  75.0  507s
 315250 247170   49.02272  164  602   49.83027   31.39598  37.0%  75.0  511s
 318488 249867   49.61432  221  595   49.83027   31.42477  36.9%  74.9  516s
 324914 255973   45.52327   92  573   49.83027   31.43373  36.9%  74.8  523s
 328477 258870   47.39617  136  541   49.83027   31.43373  36.9%  74.6  527s
 331844 261165   48.38026  171  550   49.83027   31.43373  36.9%  74.5  531s
 334819 263412   49.56900  218  513   49.83027   31.44317  36.9%  74.5  537s
 337761 266063   39.35344   47  702   49.83027   31.46116  36.9%  74.6  543s
 340674 270054   44.95997   94  645   49.83027   31.46116  36.9%  74.6  547s
 345058 273671   48.64268  154  615   49.83027   31.48418  36.8%  74.6  552s
 349076 276761   37.34610   46  802   49.83027   31.49336  36.8%  74.6  557s
 352530 279325   47.43047  145 1017   49.83027   31.49336  36.8%  74.5  563s
 355592 281363   49.61233  176 1055   49.83027   31.50083  36.8%  74.5  567s
 358051 283741   42.98032   84  838   49.83027   31.52215  36.7%  74.6  573s
 360812 287511   35.29632   40  733   49.83027   31.52215  36.7%  74.7  577s
 365305 290116   49.02232  231  719   49.83027   31.52586  36.7%  74.6  582s
 368824 292072   41.07886   53 1009   49.83027   31.52586  36.7%  74.6  586s
 371252 296159   47.19583  126  844   49.83027   31.52871  36.7%  74.6  590s
 375791 297555     cutoff  105        49.83027   31.56211  36.7%  74.5  596s
H375801 296648                      49.7908694   31.56211  36.6%  74.5  596s
 377386 301362   35.22815   43  612   49.79087   31.56211  36.6%  74.4  602s
 382592 305412   49.28496  157  669   49.79087   31.56222  36.6%  74.0  607s
 386836 308479   49.29170   81  589   49.79087   31.56451  36.6%  73.7  612s
 390245 311486   42.73312   86  757   49.79087   31.57060  36.6%  73.4  616s
 393444 315392   47.69323  177  737   49.79087   31.57060  36.6%  73.2  620s
 397682 319328     cutoff  344        49.79087   31.60644  36.5%  72.9  625s
 405028 324540   44.94619  153  475   49.79087   31.61169  36.5%  72.6  633s
 407666 328135   46.01598  286  353   49.79087   31.61169  36.5%  72.4  636s
 411651 331746   47.23192  382  330   49.79087   31.61169  36.5%  72.2  640s
 418373 336643   49.15452  510  315   49.79087   31.61267  36.5%  71.9  647s
 421145 340664   34.95963   42  742   49.79087   31.67679  36.4%  71.9  651s
 429048 347398   48.94266  238  795   49.79087   31.67679  36.4%  71.4  660s
 435430 352354   47.33352  166  771   49.79087   31.67679  36.4%  71.3  668s
H438235 352070                      49.7771407   31.67679  36.4%  71.4  674s
H438285 351782                      49.7647958   31.67679  36.3%  71.4  674s
H438349 351767                      49.7643406   31.67679  36.3%  71.4  674s
 438366 355620   42.38423   86  762   49.76434   31.67679  36.3%  71.4  678s
 442725 358061   34.88427   29  722   49.76434   31.67679  36.3%  71.3  683s
 445663 361090   47.16804  109  737   49.76434   31.69397  36.3%  71.4  688s
 449127 363955   36.82915   39  693   49.76434   31.69397  36.3%  71.3  693s
 452289 366074   43.28971   90  576   49.76434   31.69397  36.3%  71.3  698s
 454735 369277   45.31728  103  674   49.76434   31.69397  36.3%  71.3  704s
 458353 371885   48.96917  152  619   49.76434   31.72262  36.3%  71.1  708s
 461544 374506   41.84314   77  756   49.76434   31.74942  36.2%  71.3  711s
 464407 377136   38.69662   34  767   49.76434   31.74942  36.2%  71.5  716s
 467348 379929   49.13325   83  766   49.76434   31.75050  36.2%  71.7  722s
 470561 382618   47.12204   98  725   49.76434   31.75313  36.2%  71.8  728s
 473941 386129   44.77882  121  655   49.76434   31.76201  36.2%  71.9  734s
 478019 388470   40.92678   59  653   49.76434   31.76201  36.2%  71.8  740s
 480913 391664   49.54033  193  682   49.76434   31.76327  36.2%  71.7  745s
 484689 394410   47.14373  148  680   49.76434   31.76883  36.2%  71.6  751s
 488042 397116   46.01820   62  996   49.76434   31.76883  36.2%  71.6  757s
 491140 399740   32.94291   24  728   49.76434   31.76883  36.2%  71.6  761s
 494222 402273   40.57964   48  851   49.76434   31.76883  36.2%  71.7  765s
 500367 407347   36.44781   42  641   49.76434   31.81413  36.1%  72.1  775s
 503417 409895   44.82625   79  768   49.76434   31.81413  36.1%  72.2  780s
 506256 413115   47.60256   99  732   49.76434   31.81413  36.1%  72.2  787s
 509982 416654   49.67658  120  809   49.76434   31.83873  36.0%  72.2  791s
 514127 420439   33.20943   30  665   49.76434   31.84151  36.0%  72.3  796s
 518399 424355   45.28006  152  938   49.76434   31.84873  36.0%  72.2  802s
 522619 428137   34.65473   35  699   49.76434   31.86138  36.0%  72.0  806s
 529987 433123   43.98458  105  816   49.76434   31.86910  36.0%  71.7  813s
 532599 433149   49.64276  244  724   49.76434   31.86910  36.0%  71.6  818s
 532637 434764   49.64276  245  723   49.76434   31.87976  35.9%  71.6  822s
 534503 434852   44.53879   83  965   49.76434   31.87976  35.9%  71.8  828s
H534529 434783                      49.7623799   31.87976  35.9%  71.8  828s
H534533 433571                      49.7336446   31.87976  35.9%  71.8  828s
H534538 433553                      49.7334025   31.87976  35.9%  71.8  828s
 534602 435264   44.58069   84  966   49.73340   31.88709  35.9%  71.8  853s
H534723 393882                      49.1464640   31.88709  35.1%  71.8  854s
H535929 341669                      48.2426265   31.88709  33.9%  71.8  854s
 536499 343947   39.10286   48  767   48.24263   31.88709  33.9%  71.9  860s
 539328 345959   37.21703   41  632   48.24263   31.88843  33.9%  72.0  866s
 541913 348708   37.54623   46  703   48.24263   31.88843  33.9%  72.1  872s
 545771 351193   41.89327   89  523   48.24263   31.88843  33.9%  72.2  879s
 549360 353147   43.94457  132  500   48.24263   31.88843  33.9%  72.2  885s
 552276 355271   45.60954  173  455   48.24263   31.88843  33.9%  72.2  891s
 555365 357795   46.71065  213  433   48.24263   31.88843  33.9%  72.4  897s
 558609 360659     cutoff  272        48.24263   31.88843  33.9%  72.4  903s
 562145 363345   47.89936  323  367   48.24263   31.92139  33.8%  72.4  910s
 565551 366128   34.42143   37  632   48.24263   31.92139  33.8%  72.4  916s
 568710 369736   40.78877   71  568   48.24263   31.92139  33.8%  72.4  922s
 572826 372791   44.19420  126  501   48.24263   31.92139  33.8%  72.3  928s
 576329 376579   46.31925  203  439   48.24263   31.92139  33.8%  72.2  932s
 580814 379036   47.59346  384  309   48.24263   31.94753  33.8%  72.1  937s
 583808 381905   41.92738   49  763   48.24263   31.96505  33.7%  72.1  943s
 587291 384945   42.35414   71  765   48.24263   31.97168  33.7%  72.2  948s
 590727 388592   42.90445   60  837   48.24263   31.97725  33.7%  72.2  953s
 595005 393075   43.95904   94  830   48.24263   31.99462  33.7%  72.2  957s
 600004 396310   41.09979   59  988   48.24263   31.99462  33.7%  72.0  962s
 603471 396336   47.94113  130  967   48.24263   31.99462  33.7%  71.9  968s
H603479 396162                      48.2398105   31.99462  33.7%  71.9  968s
H603507 396091                      48.2385864   31.99462  33.7%  71.9  968s
 603509 398212   47.94113  131  967   48.23859   31.99516  33.7%  71.9  972s
 605853 400660   39.45117   51  877   48.23859   31.99516  33.7%  71.8  977s
 608639 403107   44.39021   78  795   48.23859   31.99575  33.7%  71.9  982s
 611521 405858   36.13173   35  784   48.23859   32.00098  33.7%  71.9  989s
 614741 408449   47.83082  126  966   48.23859   32.00098  33.7%  71.9  995s
 620870 413583   42.33838   81  490   48.23859   32.00122  33.7%  72.0 1004s
 623895 416712   44.11708  116  511   48.23859   32.00122  33.7%  72.2 1009s
 627347 419263   45.99288  161  481   48.23859   32.00122  33.7%  72.2 1015s
 630703 421866   47.17633  197  464   48.23859   32.00122  33.7%  72.2 1021s
 634692 424314     cutoff  279        48.23859   32.02685  33.6%  72.1 1028s
 638227 426815   41.29512   65  766   48.23859   32.02807  33.6%  72.0 1033s
 641570 429324   35.05348   30  704   48.23859   32.03277  33.6%  72.0 1040s
 644835 432442   34.97382   39  638   48.23859   32.03277  33.6%  72.0 1046s
 651793 438158   47.48001  320  416   48.23859   32.04088  33.6%  71.8 1054s
 654976 440041   34.50876   32  778   48.23859   32.05463  33.5%  71.9 1058s
 657608 442484   33.72932   35  555   48.23859   32.05463  33.5%  72.0 1063s
 660418 445224   40.64289   67  527   48.23859   32.05463  33.5%  72.0 1069s
 663641 447524   40.49179   94  518   48.23859   32.05463  33.5%  72.0 1074s
 666462 449585   41.19540  120  473   48.23859   32.05463  33.5%  72.1 1079s
 669017 451982   43.61454  136  538   48.23859   32.05463  33.5%  72.1 1085s
 672265 454344   42.38097  157  463   48.23859   32.05463  33.5%  72.1 1091s
 675416 457262   43.24406  180  478   48.23859   32.05463  33.5%  72.1 1095s
 679398 459846     cutoff  226        48.23859   32.05463  33.5%  72.1 1100s
 685892 464674   47.70158  334  343   48.23859   32.05463  33.5%  72.0 1110s
 689196 466934   47.99127  417  291   48.23859   32.09139  33.5%  72.0 1115s
 695571 471420   46.51615  152  845   48.23859   32.11141  33.4%  72.0 1123s
 698061 471452   40.28289   81  748   48.23859   32.11141  33.4%  72.1 1130s
H698075 471452                      48.2385191   32.11141  33.4%  72.1 1130s
H698079 471095                      48.2318684   32.11141  33.4%  72.1 1130s
 698093 474119   40.28289   82  747   48.23187   32.11141  33.4%  72.1 1136s
 701587 477347   45.54345  178  826   48.23187   32.11141  33.4%  72.1 1142s
 705313 480152     cutoff  249        48.23187   32.11403  33.4%  72.0 1147s
 708506 482547   42.90688  119  716   48.23187   32.12338  33.4%  72.0 1152s
 711240 485535   34.44337   24  811   48.23187   32.12338  33.4%  71.9 1157s
 714448 487993   43.29293   97 1003   48.23187   32.12338  33.4%  71.9 1163s
 717404 490867     cutoff  146        48.23187   32.12338  33.4%  71.9 1167s
 720823 493857   46.64210  132  646   48.23187   32.15281  33.3%  72.0 1171s
 724182 496376   38.49530   72  865   48.23187   32.15281  33.3%  72.0 1176s
 727003 499075   44.05424  141  810   48.23187   32.15281  33.3%  72.0 1182s
 730137 501340   48.12347  239  805   48.23187   32.15609  33.3%  72.0 1187s
 732944 504243   39.87362   45  651   48.23187   32.15675  33.3%  72.1 1192s
 736162 507452   45.50744   94  561   48.23187   32.15675  33.3%  72.2 1196s
 739492 510979   46.68131  111  586   48.23187   32.16355  33.3%  72.3 1202s
 743387 513417   39.04173   62  724   48.23187   32.17911  33.3%  72.2 1207s
 746374 515693   39.25579   62  568   48.23187   32.17981  33.3%  72.2 1212s
 748783 518456   45.02388  102  529   48.23187   32.17981  33.3%  72.3 1217s
 751683 520893   45.66496  150  517   48.23187   32.18295  33.3%  72.4 1223s
 754515 524548   34.29836   27  709   48.23187   32.18434  33.3%  72.4 1227s
 758559 528906   42.73967   65  749   48.23187   32.18434  33.3%  72.4 1232s
 763237 531824     cutoff  153        48.23187   32.19063  33.3%  72.3 1237s
 766598 534488   35.10678   35  592   48.23187   32.19063  33.3%  72.2 1243s
 769776 538951   47.61400  112  708   48.23187   32.19063  33.3%  72.2 1247s
 774562 542368   44.49920  136  524   48.23187   32.19317  33.3%  72.1 1251s
 778550 545328   34.08879   30  746   48.23187   32.20587  33.2%  72.0 1255s
 781796 547918   40.19230   55  734   48.23187   32.20587  33.2%  71.9 1260s
 787045 551795   45.53901  128  620   48.23187   32.20587  33.2%  71.9 1267s
 789225 554367     cutoff  189        48.23187   32.21510  33.2%  72.0 1272s
 791924 557502   47.98111   77  755   48.23187   32.21821  33.2%  72.1 1277s
 795317 560665   43.51678   50  692   48.23187   32.22069  33.2%  72.1 1283s
 798906 563452   39.09601   38  671   48.23187   32.22283  33.2%  72.1 1288s
 802176 566197   33.36500   35  642   48.23187   32.22876  33.2%  72.1 1292s
 805221 569000   43.92469  118  491   48.23187   32.22876  33.2%  72.0 1298s
 808487 569820   48.15289  237  437   48.23187   32.22876  33.2%  72.0 1304s
H808728 569243                      48.2234784   32.22876  33.2%  71.9 1304s
H809023 569039                      48.2199883   32.22876  33.2%  72.0 1304s
 809466 572205   47.65658  353  305   48.21999   32.23307  33.2%  72.0 1310s
 813123 574698   41.57220   81  817   48.21999   32.24225  33.1%  71.9 1316s
 816076 577803   36.08298   36  592   48.21999   32.24467  33.1%  72.0 1320s
 822538 583519   42.91781   98  560   48.21999   32.24467  33.1%  72.1 1329s
 825910 586416   46.02400  171  523   48.21999   32.24467  33.1%  72.1 1336s
 829321 589106   47.80476  232  477   48.21999   32.25252  33.1%  72.2 1342s
 832475 590890   42.67312   79  620   48.21999   32.25360  33.1%  72.2 1346s
 834485 594270   36.06461   34  846   48.21999   32.25862  33.1%  72.2 1352s
 838211 598523   47.95172  183  767   48.21999   32.27023  33.1%  72.1 1357s
 842931 601694   45.46195  153  632   48.21999   32.27839  33.1%  72.1 1362s
 846552 604389   39.08452   53  646   48.21999   32.27999  33.1%  72.1 1368s
 849533 606706   46.61214  157  624   48.21999   32.28086  33.1%  72.1 1373s
 852171 609244   33.62779   28  537   48.21999   32.28263  33.1%  72.2 1379s
 855045 613082   48.08616  117  709   48.21999   32.29062  33.0%  72.2 1383s
 859204 615689   46.79242  187  583   48.21999   32.29123  33.0%  72.2 1387s
 862179 617645   42.04971   50  831   48.21999   32.29290  33.0%  72.1 1391s
 864694 617670   36.03442   44  800   48.21999   32.29366  33.0%  72.2 1398s
H864705 617667                      48.2198826   32.29366  33.0%  72.2 1398s
H864730 617625                      48.2192866   32.29366  33.0%  72.2 1398s
 864733 619917   35.79369   47  765   48.21929   32.29366  33.0%  72.2 1403s
 867464 621849   42.12085   83  623   48.21929   32.29366  33.0%  72.2 1408s
 869756 624383   42.82360   94  627   48.21929   32.29366  33.0%  72.3 1413s
 872754 626496   44.76064  168  575   48.21929   32.29366  33.0%  72.3 1418s
 875335 629152   45.46874  214  534   48.21929   32.29366  33.0%  72.3 1424s
 878618 632437   46.40023  298  456   48.21929   32.29366  33.0%  72.3 1430s
 887077 640022   47.42864  524  308   48.21929   32.29366  33.0%  72.1 1439s
 891089 642040   48.00885  571  297   48.21929   32.29366  33.0%  72.1 1444s
 893497 644272   34.99488   40  692   48.21929   32.31272  33.0%  72.1 1449s
 896229 646790   39.66974   60  526   48.21929   32.31272  33.0%  72.1 1455s
 899274 649448   43.43692   87  490   48.21929   32.31272  33.0%  72.2 1461s
 902217 651866   44.61325  132  453   48.21929   32.31272  33.0%  72.2 1465s
 908271 657279     cutoff  260        48.21929   32.32135  33.0%  72.3 1475s
 911208 660101   42.75266   87  601   48.21929   32.32531  33.0%  72.4 1481s
 914254 662982   45.09279  144  542   48.21929   32.32531  33.0%  72.4 1487s
 917496 665369   48.03492  221  512   48.21929   32.32531  33.0%  72.5 1493s
 920288 668119   41.23018   49  872   48.21929   32.32531  33.0%  72.5 1499s
 923824 672027   34.43302   37  653   48.21929   32.32796  33.0%  72.5 1504s

Resetting heuristic parameters to focus on improving solution
(using Heuristics=0.5 and RINS=10)...

 928368 672200   37.57401   42  784   48.21929   32.32948  33.0%  72.5 1512s
H928373 672197                      48.2192464   32.32948  33.0%  72.5 1513s
H928452 672191                      48.2191142   32.32948  33.0%  72.5 1513s
H928479 672132                      48.2181715   32.32948  33.0%  72.5 1513s
 928637 672363   39.65348   48  794   48.21817   32.32948  33.0%  72.5 1564s
H928645 672363                      48.2181715   32.32948  33.0%  72.5 1564s
H928683 672251                      48.2168440   32.32948  32.9%  72.5 1565s
 928979 693029   42.75720   54  759   48.21684   32.33547  32.9%  72.5 1800s
H929252 693029                      48.2168430   32.33547  32.9%  72.5 1800s
H929739 692934                      48.2157207   32.33761  32.9%  72.5 1800s
H932613 692856                      48.2143504   32.34057  32.9%  72.6 1800s
H937705 692801                      48.2132328   32.34469  32.9%  72.9 1800s

Explored 954141 nodes (70071963 simplex iterations) in 1800.89 seconds (2970.96 work units)
Thread count was 32 (of 96 available processors)

Solution count 10: 48.2132 48.2144 48.2157 ... 48.22

Time limit reached
Best objective 4.821323281004e+01, best bound 3.236326800163e+01, gap 32.8747%
