
Gurobi 9.5.1 (linux64) logging started Thu 11 Aug 2022 02:11:54 AM MST

Set parameter LogFile to value "/home/local/ASUAD/kmajd1/NNRepLayer_v2/demos/walking_example/dynamic_constraint/repair_net_relaxed/logs/opt25_log_8_10_2022_14_29_12.log"
Gurobi Optimizer version 9.5.1 build v9.5.1rc2 (linux64)
Thread count: 48 physical cores, 96 logical processors, using up to 32 threads
Optimize a model with 12558 rows, 9048 columns and 186204 nonzeros
Model fingerprint: 0xc46f74ad
Model has 270 quadratic objective terms
Variable types: 6078 continuous, 2970 integer (2970 binary)
Coefficient statistics:
  Matrix range     [7e-04, 2e+02]
  Objective range  [3e-03, 1e+00]
  QObjective range [7e-02, 7e-02]
  Bounds range     [4e-02, 2e+02]
  RHS range        [3e-04, 2e+02]
Presolve removed 672 rows and 132 columns
Presolve time: 0.19s
Presolved: 11886 rows, 8916 columns, 185400 nonzeros
Presolved model has 270 quadratic objective terms
Variable types: 5946 continuous, 2970 integer (2970 binary)
Root relaxation presolve removed 2970 rows and 2970 columns
Root relaxation presolved: 8916 rows, 5946 columns, 176490 nonzeros
Root relaxation presolved model has 270 quadratic objective terms

Warning: 1 variables dropped from basis

Root relaxation: objective 2.470665e+01, 8858 iterations, 0.52 seconds (1.47 work units)

    Nodes    |    Current Node    |     Objective Bounds      |     Work
 Expl Unexpl |  Obj  Depth IntInf | Incumbent    BestBd   Gap | It/Node Time

     0     0   24.70665    0  521          -   24.70665      -     -    1s
     0     0   24.85482    0  521          -   24.85482      -     -    3s
H    0     0                     735.8094648   24.85482  96.6%     -    6s
H    0     0                     638.2966384   24.85482  96.1%     -    6s
     0     2   24.85482    0  521  638.29664   24.85482  96.1%     -    7s
H   31    64                     556.3626597   24.92863  95.5%  17.3    7s
H   37    64                     552.8453213   24.95616  95.5%  15.9    7s
H   95   128                      59.9293041   24.97044  58.3%  15.0   14s
H  104   128                      59.5202201   24.98155  58.0%  25.4   14s
H  120   128                      58.7372703   24.98155  57.5%  33.6   14s
H  127   160                      54.7105700   24.98155  54.3%  40.4   17s
H  146   160                      54.7105700   24.98246  54.3%  38.8   17s
   191   224   25.01006   10  558   54.71057   25.01006  54.3%   308   20s
   757   846   25.20066   28  563   54.71057   25.14789  54.0%   146   25s
H 1147  1162                      54.7066978   25.14789  54.0%   121   27s
H 1148  1162                      54.3424535   25.14789  53.7%   120   27s
H 1150  1162                      54.3230314   25.14789  53.7%   120   27s
H 1167  1162                      54.1597405   25.14789  53.6%   119   27s
  1767  1909   30.87900   56  613   54.15974   25.14789  53.6%  92.2   30s
  3697  3848   32.96643  118  602   54.15974   25.14789  53.6%  67.9   35s
  8261  8563   35.39219  226  734   54.15974   25.14789  53.6%  57.6   40s
 11488 11625   28.80599   71  536   54.15974   25.15569  53.6%  67.5   45s
H12958 12639                      54.1342753   25.15569  53.5%  69.4   49s
H12961 12639                      54.1342752   25.15569  53.5%  69.4   49s
H12975 12576                      53.3973894   25.15569  52.9%  69.4   49s
 12992 13324   31.47399  123  485   53.39739   25.15569  52.9%  69.6   50s
H14421 13618                      51.0963502   25.15569  50.8%  70.0   62s
 14424 13615   31.87778   72  503   51.09635   25.15569  50.8%  70.0   65s
 14427 13620   25.15569   10  545   51.09635   25.15569  50.8%  70.8   76s
 14429 13623   35.80277   11 1205   51.09635   25.75695  49.6%  71.1   86s
H14514 13017                      50.4734792   26.29781  47.9%  72.5   90s
H14526 12366                      50.4626697   26.42687  47.6%  72.6   90s
H14538 11747                      50.2376062   26.42687  47.4%  73.0   90s
H14590 11200                      50.2376062   26.42687  47.4%  73.6   93s
H14599 10643                      50.2376062   26.42687  47.4%  73.5   93s
H14604 10114                      50.2376062   26.42687  47.4%  73.6   93s
 15126 10477     cutoff   25        50.23761   26.42687  47.4%  75.2   95s
 15618 10709     cutoff   33        50.23761   26.42687  47.4%  75.8  100s
H15623 10207                      50.2376062   26.42687  47.4%  75.8  100s
 16688 10861   42.98315   56 1067   50.23761   26.42687  47.4%  81.5  105s
 18918 12289   47.12903  133  901   50.23761   26.42687  47.4%  79.1  110s
 22507 14622   32.23599   28  886   50.23761   26.56170  47.1%  75.7  115s
 27968 18003   42.82933  236  821   50.23761   26.56170  47.1%  71.4  120s
 29411 20818   45.56646  305  808   50.23761   26.56170  47.1%  70.7  179s
H29499 20313                      50.2376051   26.56170  47.1%  70.6  179s
H32259 18955                      50.2037113   26.56170  47.1%  69.5  216s
H32260 18384                      50.1158183   26.56170  47.0%  69.5  216s
H32277 17918                      50.0689844   26.56170  46.9%  69.5  216s
H32278 14743                      46.2386043   26.56170  42.6%  69.5  216s
 32292 17890     cutoff  395        46.23860   26.56423  42.5%  69.5  222s
 35876 16713   42.97474  120  861   46.23860   26.66624  42.3%  69.1  226s
 35915 19982   42.97474  121  860   46.23860   26.67420  42.3%  69.1  231s
 39644 20414   31.67659   27  718   46.23860   26.67420  42.3%  68.1  235s
 43008 24521   45.01950  165  790   46.23860   26.74937  42.1%  68.3  243s
 45202 26411   34.31782   38  784   46.23860   26.74937  42.1%  68.3  247s
 47423 28079   41.54231  119  882   46.23860   26.74937  42.1%  67.8  251s
 51436 31365   33.69445   60  710   46.23860   26.77851  42.1%  68.3  258s
 53608 33212   37.77012  143  634   46.23860   26.77851  42.1%  67.9  262s
 55744 35383   40.22291  221  584   46.23860   26.77851  42.1%  67.1  265s
 60325 44409   41.05081  379  434   46.23860   26.77851  42.1%  64.6  281s
 67572 45905   45.64191  620  350   46.23860   26.89952  41.8%  61.3  285s
 71850 50418   40.93203   98  803   46.23860   26.89952  41.8%  59.9  292s
 74293 52760     cutoff  168        46.23860   27.13038  41.3%  58.9  296s
 76763 55180   39.22343   75  783   46.23860   27.84636  39.8%  58.1  300s
 81483 59033   46.09587  239  665   46.23860   27.86137  39.7%  57.6  309s
 83737 61825   37.19466   98  656   46.23860   27.86137  39.7%  57.9  312s
 87138 64898 infeasible  279        46.23860   27.88123  39.7%  58.5  315s
 90714 74787   40.53806  130  775   46.23860   28.02194  39.4%  59.0  327s
 101250 77080   36.43061   31  909   46.23860   28.08559  39.3%  58.1  331s
 107216 82949   45.54706  102 1001   46.23860   28.22345  39.0%  58.2  337s
 110675 86091   39.54079  111  736   46.23860   28.22345  39.0%  58.1  340s
 117502 91932   46.01000  401  445   46.23860   28.23257  38.9%  57.0  348s
 120423 99160   38.69860   68  687   46.23860   28.26673  38.9%  56.8  360s
 131990 105743   44.66103  193  745   46.23860   28.30108  38.8%  56.3  366s
 139546 112180   45.49308  264  797   46.23860   28.32811  38.7%  56.2  371s
 142843 115765   40.70425  135  684   46.23860   28.35667  38.7%  56.4  375s
 149659 124616   43.79859   60 1082   46.23860   28.45474  38.5%  55.8  389s
 156235 127660   44.44677  184  726   46.23860   28.48019  38.4%  55.6  392s
 159894 130977   36.35683   51  906   46.23860   28.48019  38.4%  55.7  395s
 167300 137387   43.08680  224  702   46.23860   28.48019  38.4%  55.6  402s
 170408 137420   44.09684  269  690   46.23860   28.48019  38.4%  55.6  407s
 170553 140785   44.36290  268  678   46.23860   28.48019  38.4%  55.6  412s
 174023 143470   44.90436  354  638   46.23860   28.48019  38.4%  55.4  417s
 177151 145851     cutoff  382        46.23860   28.56260  38.2%  55.3  421s
 179985 153548     cutoff   97        46.23860   28.60822  38.1%  55.3  427s
 188498 156229   37.87058  105  782   46.23860   28.63430  38.1%  54.7  430s
 194281 161020   45.45890  386  463   46.23860   28.63430  38.1%  54.4  437s
 200324 167221   36.12121   41  688   46.23860   28.66873  38.0%  54.2  442s
 203584 170188   41.61327  144  827   46.23860   28.70321  37.9%  54.2  446s
 209433 177088     cutoff   49        46.23860   28.70452  37.9%  54.0  457s
 214576 180742   37.95517   68  860   46.23860   28.73000  37.9%  54.0  461s
 223377 188000   43.67604  191  716   46.23860   28.83086  37.6%  53.6  466s
 230299 193757   38.94513  130  673   46.23860   28.83086  37.6%  53.5  473s
 233174 196711   42.87682  203  632   46.23860   28.83086  37.6%  53.6  477s
 236241 199335   43.13784  215  588   46.23860   28.83086  37.6%  53.5  481s
 239117 204541   45.01010  328  526   46.23860   28.85802  37.6%  53.4  489s
 244873 207859   35.52559   49  857   46.23860   28.87518  37.6%  53.2  492s
 248661 210518   44.20682  210  802   46.23860   28.88798  37.5%  53.1  495s
 254359 216305   38.75305   99  840   46.23860   28.90817  37.5%  53.2  502s
 257909 219662   42.76018  173  746   46.23860   28.90817  37.5%  53.2  506s
 261426 222681   44.63030  270  647   46.23860   28.90817  37.5%  53.1  511s
 264534 225413   45.44829  296  663   46.23860   28.90817  37.5%  53.0  515s
 270172 231717   39.40654   68  803   46.23860   28.92082  37.5%  53.0  525s
 277939 237892   40.38936  164  734   46.23860   28.92853  37.4%  53.7  533s
 281356 240993   43.88218  257  687   46.23860   28.92853  37.4%  53.9  537s
 284650 243225     cutoff  358        46.23860   28.93079  37.4%  54.0  542s
 287386 245794   37.79611   48  925   46.23860   28.98804  37.3%  54.3  547s
 290521 248839   31.47516   31  680   46.23860   28.98804  37.3%  54.3  552s
 293786 251700   39.41533  128  624   46.23860   28.98804  37.3%  54.3  557s
 296927 255322   43.22037  237  604   46.23860   28.98804  37.3%  54.4  560s
 301012 258158   45.61017  326  526   46.23860   28.99378  37.3%  54.4  565s
 304175 261420   31.59799   23  865   46.23860   29.00475  37.3%  54.6  570s
 308204 263332   43.79085   83 1164   46.23860   29.02420  37.2%  55.0  575s
 310825 266509   39.08677   81 1012   46.23860   29.03773  37.2%  55.6  581s
 314693 270255   46.18170  216  812   46.23860   29.04139  37.2%  55.7  587s
 319055 273836   41.74595  113  846   46.23860   29.07535  37.1%  55.7  591s
 328364 282353   32.61913   26  832   46.23860   29.11620  37.0%  55.8  598s
 332920 287833   39.36956  102  746   46.23860   29.11620  37.0%  55.5  605s
 341752 293564   44.82017  249  666   46.23860   29.11620  37.0%  55.0  611s
 347526 297636   38.42367   53  833   46.23860   29.15667  36.9%  55.1  618s
 349841 299455   44.28241  122  879   46.23860   29.15667  36.9%  55.3  622s
 352107 301813   31.88466   20  862   46.23860   29.15667  36.9%  55.5  625s
 358121 307282   38.47973   71  896   46.23860   29.15667  36.9%  55.9  634s
 361136 309877   39.51603  100  844   46.23860   29.15667  36.9%  56.0  638s
 364228 313260   40.63743  137  798   46.23860   29.15667  36.9%  56.0  645s
 368158 315561   42.68210  192  752   46.23860   29.15667  36.9%  56.2  650s
 370923 318296   45.89600  243  708   46.23860   29.15667  36.9%  56.4  655s
 377870 324510   42.53887  134  855   46.23860   29.22484  36.8%  56.6  663s
 381522 326580   40.68154  125  805   46.23860   29.23943  36.8%  56.8  669s
 384315 328896   42.91633   30 1315   46.23860   29.23943  36.8%  57.0  673s
 387129 332176   44.87557   36 1298   46.23860   29.24096  36.8%  57.1  678s
 390832 335330   41.15462   98  889   46.23860   29.24913  36.7%  57.2  684s
 394455 338905   31.87980   26  874   46.23860   29.26737  36.7%  57.2  690s
 402632 345867   46.04240  209  805   46.23860   29.27421  36.7%  57.1  698s
 406349 348809   35.16721   46  871   46.23860   29.27421  36.7%  57.0  702s
 409657 351214   38.68738   97  794   46.23860   29.27421  36.7%  56.9  706s
 412358 353819   41.23598  134  754   46.23860   29.27421  36.7%  57.0  710s
 418610 359360   45.07535  205  732   46.23860   29.27421  36.7%  57.0  717s
 421490 361838     cutoff  253        46.23860   29.29397  36.6%  57.1  722s
 424311 365151   34.04851   44  877   46.23860   29.29397  36.6%  57.2  729s
 428064 367658   36.78457   84  819   46.23860   29.29397  36.6%  57.3  734s
 431122 369987   37.64419  108  800   46.23860   29.29397  36.6%  57.4  738s
 434010 372722   39.60128  158  772   46.23860   29.29397  36.6%  57.6  744s
 437302 375426   41.79089  215  703   46.23860   29.29397  36.6%  57.8  749s
 440630 378276   42.67693  269  654   46.23860   29.29397  36.6%  57.9  754s
 444132 380104   43.50550  322  601   46.23860   29.29397  36.6%  57.9  759s
 446752 383606     cutoff  371        46.23860   29.29397  36.6%  58.1  763s
 450671 386847     cutoff  384        46.23860   29.34550  36.5%  58.1  768s
 454394 390412   34.21325   50  634   46.23860   29.34550  36.5%  58.2  774s
 458135 392813   36.94494  100  567   46.23860   29.34550  36.5%  58.3  779s
 460791 395767   37.99136  121  564   46.23860   29.34550  36.5%  58.3  784s
 464148 399565   39.54130  155  564   46.23860   29.34550  36.5%  58.4  788s
 468436 402648   41.58159  165  562   46.23860   29.34550  36.5%  58.4  793s
 471841 406000   42.37476  237  522   46.23860   29.34550  36.5%  58.5  798s
 475426 409072   44.43331  247  586   46.23860   29.34550  36.5%  58.5  803s
 478830 411762   45.79478  283  538   46.23860   29.39496  36.4%  58.5  808s
 482014 414392   35.72146   65  719   46.23860   29.39874  36.4%  58.5  813s
 485023 419056   38.69048  128  703   46.23860   29.39874  36.4%  58.5  818s
 490079 421287   42.48158  245  612   46.23860   29.39874  36.4%  58.4  821s
 492741 423901   44.08106  294  643   46.23860   29.39874  36.4%  58.5  825s
 495605 426239   45.85056  333  630   46.23860   29.40389  36.4%  58.5  830s
 501664 432425   43.26390  128  899   46.23860   29.43017  36.4%  58.3  837s
 505498 435308   34.36302   45  852   46.23860   29.45016  36.3%  58.3  840s
 512708 441915   42.17267  189  697   46.23860   29.45016  36.3%  58.2  848s
 515663 445900   44.17576  209  722   46.23860   29.45016  36.3%  58.2  854s
 519886 448277   45.87977  303  626   46.23860   29.45373  36.3%  58.1  859s
 522666 451136   39.23092   75  877   46.23860   29.48071  36.2%  58.1  864s
 525805 455230   43.93676  174  705   46.23860   29.48094  36.2%  58.1  867s
 530205 458335   34.43223   35  805   46.23860   29.48094  36.2%  58.0  870s
 537286 464594   41.87807  203  615   46.23860   29.48094  36.2%  58.0  878s
 540677 466992   43.78836  228  609   46.23860   29.48094  36.2%  57.9  882s
 543404 468861   45.12473  266  705   46.23860   29.48094  36.2%  57.8  885s
 548388 473577   38.48544   35 1028   46.23860   29.48820  36.2%  58.3  895s
H551639 474083                      46.2386042   29.48820  36.2%  58.5  900s
 552134 478592   42.05422   77  991   46.23860   29.53799  36.1%  58.6  908s
 557537 478792   32.14063   26  920   46.23860   29.53799  36.1%  58.4  911s
 557781 483490   33.90335   33  948   46.23860   29.53799  36.1%  58.4  918s
 563065 487093   45.65590  204  788   46.23860   29.56118  36.1%  58.3  924s
 567268 490607   31.28613   23  804   46.23860   29.56118  36.1%  58.2  927s
 571491 493829   45.30691  223  565   46.23860   29.58758  36.0%  58.2  931s
 575291 498006   37.70352  112  729   46.23860   29.60260  36.0%  58.2  938s
 579882 500603   43.80013  240  629   46.23860   29.60489  36.0%  58.1  940s
 586651 507159     cutoff  176        46.23860   29.63284  35.9%  58.1  946s
 590377 510252   42.47778  151  796   46.23860   29.65034  35.9%  58.0  951s
 593820 512765   36.99679   48  779   46.23860   29.65262  35.9%  57.8  955s
 599712 517968   45.85116  242  755   46.23860   29.65658  35.9%  57.8  960s
 605850 524504   38.47385   74  981   46.23860   29.68974  35.8%  57.9  970s
 614332 531089   44.18166  209  790   46.23860   29.71571  35.7%  57.6  976s
 620623 535583   35.19669   38  805   46.23860   29.73004  35.7%  57.6  982s
 623048 537973   43.09198  117  834   46.23860   29.73676  35.7%  57.7  986s
 629256 544433   44.56356  203  773   46.23860   29.75182  35.7%  57.6  992s
 632813 547810   41.88522  142  633   46.23860   29.75182  35.7%  57.6  995s
 636329 551998   45.46114  303  529   46.23860   29.75971  35.6%  57.5 1001s
 640844 553950   44.36931  149  787   46.23860   29.76400  35.6%  57.5 1005s
 644136 556202   45.55700  315  528   46.23860   29.76400  35.6%  57.5 1010s
 649053 561488   42.87486   93  948   46.23860   29.79415  35.6%  57.6 1019s
 652186 564768   32.32671   35  820   46.23860   29.81839  35.5%  57.5 1023s
 655985 567093   43.47303  208  763   46.23860   29.82022  35.5%  57.5 1026s
 658653 569772   40.35615   93  758   46.23860   29.82194  35.5%  57.7 1030s
 661988 572827   35.82505   47  707   46.23860   29.82194  35.5%  57.7 1035s
 665476 577743   42.83461  150  791   46.23860   29.83178  35.5%  57.7 1040s
 674172 583188   33.18716   45  789   46.23860   29.85269  35.4%  57.5 1045s
 679788 587838   45.85349  301  534   46.23860   29.86488  35.4%  57.3 1052s
 682239 589826   40.51101  117  816   46.23860   29.86488  35.4%  57.3 1056s
 687512 594933   43.10459  150  798   46.23860   29.87445  35.4%  57.3 1061s
 693319 599007   44.55569  218  756   46.23860   29.88751  35.4%  57.4 1067s
 695314 601022   37.94363   30  837   46.23860   29.89577  35.3%  57.5 1073s
 697883 604037   46.16564   54 1107   46.23860   29.89857  35.3%  57.7 1079s
 701693 606893   38.86614   66  781   46.23860   29.90347  35.3%  57.7 1085s
 709988 615152   41.54071  169  843   46.23860   29.93537  35.3%  57.8 1094s
 714771 615175   39.26049  103  802   46.23860   29.93537  35.3%  57.7 1165s
H714778 615175                      46.2386042   29.93537  35.3%  57.7 1166s
H714783 614801                      46.2102103   29.93537  35.2%  57.7 1166s
H714798 614045                      46.1737599   29.93537  35.2%  57.7 1166s
 714812 616847   39.29002  104  797   46.17376   29.94698  35.1%  57.7 1171s
 717939 617052   31.93357   26  874   46.17376   29.94772  35.1%  57.7 1175s
 718158 619642   36.57421   49  947   46.17376   29.94870  35.1%  57.7 1180s
 721123 622482   35.74629   50  712   46.17376   29.95480  35.1%  57.7 1185s
 724284 625874   39.40950  126  653   46.17376   29.95480  35.1%  57.7 1192s
 727858 628786   41.29681  168  667   46.17376   29.95480  35.1%  57.7 1197s
 731016 631951   43.45533  197  625   46.17376   29.95480  35.1%  57.7 1202s
 734410 634433   45.04408  242  589   46.17376   29.95483  35.1%  57.6 1207s
 737405 636980   41.20723   81 1017   46.17376   29.95483  35.1%  57.7 1213s
 740460 639521   34.65091   50  699   46.17376   29.95882  35.1%  57.7 1218s
 743259 642284   38.49172   91  700   46.17376   29.95882  35.1%  57.8 1223s
 746244 645584   40.14998  132  646   46.17376   29.95882  35.1%  57.9 1229s
 749734 648801   41.34144  160  602   46.17376   29.95882  35.1%  57.9 1234s
 753239 652202   42.32682  192  619   46.17376   29.95882  35.1%  58.0 1241s
 756918 654609   44.58577  205  622   46.17376   29.95882  35.1%  57.9 1246s
 759796 657607   44.90063  235  606   46.17376   29.95882  35.1%  57.9 1251s
 763074 660843     cutoff  289        46.17376   29.99878  35.0%  57.9 1256s
 766527 663826   41.41569   91  931   46.17376   29.99878  35.0%  57.9 1261s
 769747 666452   46.06043  187  884   46.17376   30.02132  35.0%  57.9 1266s
 772896 670949   40.60673   86  892   46.17376   30.02132  35.0%  57.9 1270s
 781639 677383   34.86090   37  987   46.17376   30.03754  34.9%  57.7 1279s
 784970 681684   46.13370  190  733   46.17376   30.05531  34.9%  57.6 1284s
 789874 684964   43.73822  210  741   46.17376   30.08376  34.8%  57.6 1287s
 793456 687422   35.89085   71  850   46.17376   30.08960  34.8%  57.5 1291s
 796218 689838   41.80875  223  634   46.17376   30.08960  34.8%  57.5 1295s
 801863 695354   35.90816   46  753   46.17376   30.09038  34.8%  57.4 1301s
 804750 698220     cutoff  154        46.17376   30.09054  34.8%  57.4 1305s
 810614 703124   43.05557  201  725   46.17376   30.09736  34.8%  57.4 1314s
 813325 705820   36.54534   47  828   46.17376   30.09953  34.8%  57.4 1317s
 816586 710066     cutoff  182        46.17376   30.10813  34.8%  57.5 1323s
 821402 713687   41.71065  151  634   46.17376   30.12873  34.7%  57.4 1327s
 825104 716229   44.14174  239  578   46.17376   30.12873  34.7%  57.2 1331s
 827931 718181     cutoff  280        46.17376   30.13417  34.7%  57.2 1335s
 833690 724724   31.55584   28  676   46.17376   30.15475  34.7%  57.2 1341s
 840512 730772   42.19541  128  593   46.17376   30.16616  34.7%  57.0 1347s
 844224 732970   31.37008   27  808   46.17376   30.16616  34.7%  56.9 1350s
 846885 735474     cutoff   75        46.17376   30.18019  34.6%  57.0 1356s
 849686 740366   42.28859  126  822   46.17376   30.18534  34.6%  57.1 1361s
 855226 743998   40.28843  131  667   46.17376   30.18671  34.6%  57.0 1365s
 862111 749307   41.83700  160  705   46.17376   30.22195  34.5%  56.9 1373s
 864999 752707   33.47434   28  790   46.17376   30.22195  34.5%  56.9 1376s
 868646 755970   38.62126   89  739   46.17376   30.22195  34.5%  56.9 1380s
 874950 761221   43.53636  207  664   46.17376   30.22195  34.5%  56.9 1388s
 877915 764538   44.33911  242  620   46.17376   30.22195  34.5%  56.9 1394s
 881721 767645   45.71717  320  576   46.17376   30.22523  34.5%  56.8 1398s
 885435 771598   38.51477   72  708   46.17376   30.22523  34.5%  56.8 1402s
 889784 774507   45.63332  248  475   46.17376   30.26359  34.5%  56.7 1406s
 892991 777058   42.33916  104  732   46.17376   30.27653  34.4%  56.7 1412s
 895806 779913   45.91014  171  706   46.17376   30.28070  34.4%  56.7 1415s
 901495 784829   37.81748   87  760   46.17376   30.29067  34.4%  56.8 1424s
 904581 787734   41.93297  191  691   46.17376   30.29269  34.4%  56.7 1427s
 908115 792067   39.56381   86  881   46.17376   30.31485  34.3%  56.7 1432s
 912937 793698   45.80031  237  644   46.17376   30.31583  34.3%  56.7 1436s
 914952 795623   35.95778   50  819   46.17376   30.33256  34.3%  56.8 1441s
 920276 801867   40.71964  116  796   46.17376   30.33256  34.3%  56.8 1448s
 923835 804175   40.97339  157  753   46.17376   30.33256  34.3%  56.8 1453s
 926479 806215   42.89991  199  728   46.17376   30.33256  34.3%  56.9 1458s
 928862 808279   42.69993  235  703   46.17376   30.33256  34.3%  57.0 1463s
 931303 810391   43.93194  282  657   46.17376   30.33256  34.3%  57.0 1468s
 933946 812856   45.55302  329  602   46.17376   30.33415  34.3%  57.1 1474s
 936980 815676   38.36973   66  707   46.17376   30.33785  34.3%  57.2 1480s
 944614 822331     cutoff  126        46.17376   30.38082  34.2%  57.1 1489s
 947895 824785   42.64756  157  877   46.17376   30.38668  34.2%  57.1 1493s
 950762 827836     cutoff   52        46.17376   30.39084  34.2%  57.2 1497s
 954504 831352   42.59601  152  755   46.17376   30.40487  34.2%  57.1 1501s

Resetting heuristic parameters to focus on improving solution
(using Heuristics=0.5 and RINS=10)...

H958444 831521                      46.1737583   30.40487  34.2%  57.1 1507s
 958444 831521   36.06052   87  695   46.17376   30.40487  34.2%  57.1 1507s
H958574 830774                      46.1536564   30.40748  34.1%  57.1 1507s
H958701 831151                      46.1536564   30.40748  34.1%  57.1 1549s
H959164 831151                      46.1536564   30.40748  34.1%  57.1 1549s
 959216 844261   37.90072   99  823   46.15366   30.41359  34.1%  57.1 1768s
H959269 844261                      46.1536564   30.41359  34.1%  57.1 1768s
H959295 844261                      46.1536537   30.41359  34.1%  57.1 1768s
H965334 843792                      46.1428095   30.42367  34.1%  57.5 1768s
H975816 843844                      46.1428094   30.44073  34.0%  58.4 1775s
 975886 853997   45.97116  108 1066   46.14281   30.44544  34.0%  58.4 1800s

Explored 988910 nodes (58663718 simplex iterations) in 1800.16 seconds (2892.32 work units)
Thread count was 32 (of 96 available processors)

Solution count 10: 46.1428 46.1537 46.1738 ... 50.2037

Time limit reached
Best objective 4.614280944929e+01, best bound 3.049255039158e+01, gap 33.9170%
