
Gurobi 9.5.1 (linux64) logging started Thu 11 Aug 2022 03:13:16 AM MST

Set parameter LogFile to value "/home/local/ASUAD/kmajd1/NNRepLayer_v2/demos/walking_example/dynamic_constraint/repair_net_relaxed/logs/opt28_log_8_10_2022_14_29_12.log"
Gurobi Optimizer version 9.5.1 build v9.5.1rc2 (linux64)
Thread count: 48 physical cores, 96 logical processors, using up to 32 threads
Optimize a model with 12558 rows, 9048 columns and 186204 nonzeros
Model fingerprint: 0xfd996121
Model has 270 quadratic objective terms
Variable types: 6078 continuous, 2970 integer (2970 binary)
Coefficient statistics:
  Matrix range     [3e-05, 2e+02]
  Objective range  [3e-03, 1e+00]
  QObjective range [7e-02, 7e-02]
  Bounds range     [1e-02, 1e+02]
  RHS range        [4e-04, 2e+02]
Presolve removed 672 rows and 132 columns
Presolve time: 0.20s
Presolved: 11886 rows, 8916 columns, 185460 nonzeros
Presolved model has 270 quadratic objective terms
Variable types: 5946 continuous, 2970 integer (2970 binary)
Root relaxation presolve removed 2968 rows and 2968 columns
Root relaxation presolved: 8918 rows, 5948 columns, 176556 nonzeros
Root relaxation presolved model has 270 quadratic objective terms

Warning: 1 variables dropped from basis

Root relaxation: objective 2.855163e+01, 28236 iterations, 1.60 seconds (4.00 work units)

    Nodes    |    Current Node    |     Objective Bounds      |     Work
 Expl Unexpl |  Obj  Depth IntInf | Incumbent    BestBd   Gap | It/Node Time

     0     0   28.55163    0  978          -   28.55163      -     -    2s
     0     0   28.55163    0  978          -   28.55163      -     -    4s
H    0     0                     721.4826448   28.55163  96.0%     -    7s
H    0     0                     645.2265119   28.55163  95.6%     -    7s
     0     2   28.55163    0  978  645.22651   28.55163  95.6%     -    7s
H   31    64                     580.2789982   30.18835  94.8%   178   13s
H   36    64                     574.7867564   30.25513  94.7%   535   13s
H   43    64                     570.2896912   30.25513  94.7%   792   13s
H   95   128                      73.9528690   33.10888  55.2%   572   23s
H   98   128                      71.3813680   33.10888  53.6%   558   23s
H  101   128                      69.8507510   33.10888  52.6%   547   23s
H  108   128                      69.8105729   33.10888  52.6%   516   23s
H  109   128                      68.6972265   33.10888  51.8%   512   23s
   191   224   35.89255    9  957   68.69723   33.10888  51.8%   311   25s
H 1133  1166                      68.6972264   33.10888  51.8%  71.9   38s
H 1138  1166                      68.6972263   33.10888  51.8%  71.6   38s
H 1140  1166                      68.6972262   33.10888  51.8%  71.5   38s
H 1152  1166                      68.6972261   33.10888  51.8%  70.8   38s
  1165  1198   36.69133   40  920   68.69723   33.10888  51.8%  70.1   54s
  1197  1320   36.69133   41  919   68.69723   33.10888  51.8%  68.4   55s
  3595  3785   40.35742  102  923   68.69723   33.10888  51.8%  37.2   60s
  5832  6125   40.71532  173  881   68.69723   33.10888  51.8%  31.1   65s
  8504  8882   44.11201  257 1078   68.69723   33.10888  51.8%  29.4   70s
 11114 11613   45.82401  343 1005   68.69723   33.10888  51.8%  31.8   75s
 14342 14860   47.37303  452  975   68.69723   33.10888  51.8%  29.7   81s
H14922 14498                      60.4206910   33.10888  45.2%  29.8  104s
 14923 14491   45.22468  268  978   60.42069   33.10888  45.2%  29.8  105s
 14928 14497   33.10888   12  924   60.42069   33.10888  45.2%  31.8  110s
 14930 14500   33.46578   13  912   60.42069   33.10888  45.2%  31.9  117s
H14955 13805                      60.4206910   33.10888  45.2%  33.2  119s
H14967 13112                      60.4206909   33.10888  45.2%  33.2  119s
 14978 13139   46.98130   17 1181   60.42069   33.10888  45.2%  33.3  120s
 15074 13201   47.70207   19 1183   60.42069   33.10888  45.2%  34.9  130s
H15077 12546                      60.4206907   33.10888  45.2%  34.9  130s
 15198 12625   48.07178   20 1168   60.42069   33.10888  45.2%  36.0  140s
H15203 12003                      59.4362646   33.10888  44.3%  36.1  140s
 16267 12703   51.23362   36 1150   59.43626   33.10888  44.3%  38.5  151s
 16949 13151   51.63444   44 1145   59.43626   33.10888  44.3%  38.9  155s
 19102 14685   57.21346   71 1167   59.43626   33.10888  44.3%  40.3  160s
 21736 16467   40.34471   50 1196   59.43626   33.10888  44.3%  41.4  165s
 24482 18240   47.11764  144 1217   59.43626   33.10888  44.3%  42.6  170s
 25760 18564   50.45392  188 1208   59.43626   33.10888  44.3%  42.4  191s
 27806 20233   52.79859  227 1219   59.43626   33.10888  44.3%  44.4  195s
 28468 20034   53.51165  238 1209   59.43626   33.10888  44.3%  44.8  202s
H28469 19443                      59.4362646   33.10888  44.3%  44.8  202s
H28471 18882                      59.4362645   33.10888  44.3%  44.8  202s
H28475 18348                      59.4362643   33.10888  44.3%  44.8  202s
 28510 18524   53.64924  239 1204   59.43626   33.10888  44.3%  44.9  222s
 29490 21345   58.62523  271 1218   59.43626   33.20414  44.1%  45.7  228s
 32211 21228   41.35477   51 1032   59.43626   33.20414  44.1%  47.3  230s
 35409 23165   52.61594  162 1362   59.43626   33.20414  44.1%  48.1  237s
 37111 24272   56.60853  223 1302   59.43626   33.20414  44.1%  49.4  241s
 39000 25412   59.26730  289 1098   59.43626   33.52726  43.6%  49.2  245s
 41942 27074   51.45697   81 1092   59.43626   33.52726  43.6%  49.7  251s
 44119 28258   58.85574  156 1174   59.43626   34.06613  42.7%  50.2  258s
 45227 28982   42.78251   27 1029   59.43626   34.06613  42.7%  51.7  260s
 47617 31278   56.96240   45 1144   59.43626   34.06613  42.7%  52.8  265s
 50219 33610   35.73098   24 1022   59.43626   34.36837  42.2%  53.6  271s
 52973 36781   42.94423   53 1188   59.43626   34.36837  42.2%  54.3  276s
 57303 40585   50.47049   88 1273   59.43626   34.36837  42.2%  54.8  281s
 59390 44182   51.58195  109 1318   59.43626   34.36837  42.2%  54.9  289s
 63462 46369   56.64869  154 1376   59.43626   34.36837  42.2%  56.7  293s
 65747 48429   58.57690  172 1373   59.43626   35.07088  41.0%  57.9  296s
 68046 50206   36.60741   24 1098   59.43626   35.07088  41.0%  58.3  300s
 72189 53826   52.62958  189 1322   59.43626   35.07088  41.0%  59.5  309s
 74243 55709   55.20812  290 1239   59.43626   35.07088  41.0%  60.1  314s
 76358 57489   59.41656  387 1204   59.43626   35.11226  40.9%  61.1  320s
 78413 59526   51.97602  132 1224   59.43626   35.11226  40.9%  62.9  325s
 80753 60141   39.02735   38 1010   59.43626   35.11226  40.9%  63.6  333s
 81470 62012   39.38353   39 1016   59.43626   35.11226  40.9%  64.1  340s
 83927 64950   58.52913  122 1234   59.43626   35.11226  40.9%  65.6  348s
 87174 68005   45.75385   94 1180   59.43626   35.15643  40.9%  66.0  356s
 90501 74604   54.43921  235 1182   59.43626   35.15643  40.9%  66.2  364s
 97662 77847   48.71357  162 1249   59.43626   35.22194  40.7%  65.2  368s
 101094 80332   56.56540  356 1098   59.43626   35.30358  40.6%  64.8  373s
 103865 82664   38.67199   37 1050   59.43626   35.30358  40.6%  65.3  378s
 106366 85286   47.98966  124 1358   59.43626   35.30358  40.6%  65.4  383s
 109141 87808   54.19514  237 1299   59.43626   35.30358  40.6%  65.2  389s
 111913 90197   58.15272  357 1214   59.43626   35.37090  40.5%  65.2  395s
 118431 96972   54.40807  249 1206   59.43626   35.56781  40.2%  65.4  404s
 122049 101697   37.72328   27 1012   59.43626   35.65227  40.0%  65.2  414s
 127038 106179   54.99702  223  859   59.43626   35.65227  40.0%  65.2  419s
 131866 109799   43.79278   81 1276   59.43626   35.65227  40.0%  64.5  423s
 135678 112670   54.25214  272 1283   59.43626   35.71284  39.9%  63.9  428s
 138875 115223   45.67871   62 1205   59.43626   35.71284  39.9%  63.7  433s
 141582 117781   59.38433  213 1211   59.43626   35.75900  39.8%  63.8  439s
 144399 120546   44.14757   98 1543   59.43626   35.78962  39.8%  63.8  445s
 147375 122924   53.36768  204 1623   59.43626   35.78962  39.8%  63.7  450s
 150036 125685 infeasible  301        59.43626   35.81790  39.7%  63.7  455s
 153240 129407   54.92640  164 1231   59.43626   35.88074  39.6%  63.9  464s
 157415 132487   43.21712   72 1266   59.43626   35.92067  39.6%  64.3  471s
 160741 135292   51.79909  207 1221   59.43626   35.92067  39.6%  64.3  477s
 163866 137760   58.22836  357 1150   59.43626   35.93203  39.5%  64.4  482s
 166932 140322   41.56770   30 1272   59.43626   35.95430  39.5%  64.9  488s
 169658 142522   43.05925   58 1039   59.43626   35.95430  39.5%  65.7  494s
 172155 145183   46.90263   81 1007   59.43626   35.95430  39.5%  66.5  501s
 174994 147460   50.76991  144  947   59.43626   35.95430  39.5%  67.2  509s
 177596 149852   53.07115  210  870   59.43626   35.95430  39.5%  67.9  517s
 180320 152384   54.90338  275  840   59.43626   35.95430  39.5%  68.7  526s
 183236 154431   55.82503  348  800   59.43626   35.95430  39.5%  69.4  534s
 185782 157288   57.24368  410  752   59.43626   35.96374  39.5%  70.4  544s
 189202 160455   37.60414   37 1117   59.43626   35.96374  39.5%  71.4  554s
 192816 164046   52.47315  240  925   59.43626   35.96374  39.5%  72.1  565s
 196750 166739   56.89463  475  723   59.43626   35.96374  39.5%  72.5  575s
 199800 169622   59.10280  680  562   59.43626   35.98397  39.5%  73.3  585s
 203091 172493   51.31210  125 1195   59.43626   36.00506  39.4%  73.9  595s
H203449 158890                      58.4641785   36.00506  38.4%  73.9  595s
*203450 143408            1528      57.4001752   36.00506  37.3%  73.9  595s
 206396 142765   45.67362   73 1220   57.40018   36.00506  37.3%  74.4  602s
 206494 146161   45.90032   74 1230   57.40018   36.01443  37.3%  74.4  612s
 210275 149267   38.76608   27 1026   57.40018   36.01443  37.3%  75.1  621s
 213818 151948   49.46957   89 1170   57.40018   36.01443  37.3%  75.7  630s
 216773 155284   57.36202  209 1141   57.40018   36.04178  37.2%  76.4  640s
H216971 132388                      55.9250857   36.04178  35.6%  76.5  640s
 220490 135525   51.31585   96 1126   55.92509   36.06170  35.5%  76.7  649s
 224848 138162   43.87672   69  926   55.92509   36.06170  35.5%  76.9  659s
 228262 141223   55.86950  213 1179   55.92509   36.06170  35.5%  77.3  667s
 231903 144459   50.32208  182  942   55.92509   36.10761  35.4%  77.4  675s
 235658 147778   54.63098  369  798   55.92509   36.10761  35.4%  77.2  684s
 239467 150867   55.79543  535  638   55.92509   36.15046  35.4%  76.9  691s
 242971 155128   49.53961  162 1304   55.92509   36.15046  35.4%  76.8  701s
 247603 159201   55.89926  308 1155   55.92509   36.18741  35.3%  76.4  705s
 251997 162338   41.92218   55 1192   55.92509   36.18741  35.3%  76.0  710s
 255426 162368   46.41339   81 1052   55.92509   36.18741  35.3%  75.8  719s
H255428 162368                      55.9250857   36.18741  35.3%  75.8  719s
H255431 162368                      55.9250856   36.18741  35.3%  75.8  719s
H255432 162368                      55.9250856   36.18741  35.3%  75.8  719s
H255433 162329                      55.9231148   36.18741  35.3%  75.8  719s
 255460 165300   46.87190   82 1075   55.92311   36.18741  35.3%  75.8  724s
 258756 167606     cutoff  218        55.92311   36.18741  35.3%  75.6  730s
 261445 169897   54.77889   25 1137   55.92311   36.21433  35.2%  75.5  736s
H263425 169526                      55.8987670   36.21433  35.2%  75.5  736s
 264147 171978   42.85199   25  920   55.89877   36.29380  35.1%  75.6  742s
 267069 175399   41.76833   53  986   55.89877   36.29380  35.1%  75.4  749s
 270205 175399   54.84984  284 1210   55.89877   36.29380  35.1%  75.2  750s
 271003 177905     cutoff  180        55.89877   36.30586  35.1%  75.4  755s
 274134 182357   43.30706   23 1130   55.89877   36.30586  35.1%  75.6  764s
 279128 185550   47.95869  130 1241   55.89877   36.33861  35.0%  75.4  768s
 282952 187921   55.60995  283 1170   55.89877   36.37635  34.9%  75.1  773s
 285629 190248   42.60101   48  919   55.89877   36.37635  34.9%  75.2  779s
 288223 192487   46.11510   98  948   55.89877   36.37635  34.9%  75.6  784s
 290759 194994   48.89944  148  933   55.89877   36.37635  34.9%  75.9  790s
 293612 197980   49.95825  192  925   55.89877   36.37635  34.9%  76.0  796s
 296870 202861   51.47157  229  926   55.89877   36.37635  34.9%  76.0  801s
 301998 206828   53.18767  277  917   55.89877   36.37635  34.9%  75.6  806s
 306216 212316   55.55545  331  842   55.89877   36.39555  34.9%  75.2  815s
 312266 214951   39.44101   37 1063   55.89877   36.39555  34.9%  74.7  820s
 315134 217337   53.28807  108 1222   55.89877   36.41785  34.9%  74.5  825s
 317813 220229   43.39291   54  949   55.89877   36.41785  34.9%  74.3  831s
 320901 223302   47.83451   73  869   55.89877   36.41785  34.9%  74.1  835s
 324264 226209     cutoff  158        55.89877   36.41785  34.9%  74.1  840s
 327444 229111   49.45536  116 1247   55.89877   36.42491  34.8%  74.2  845s
 330616 231655     cutoff  205        55.89877   36.51498  34.7%  74.2  851s
 333394 234479   46.25301   81  842   55.89877   36.51498  34.7%  74.2  856s
 336478 238449   55.13378  178 1061   55.89877   36.52316  34.7%  74.1  865s
 340813 241480   46.41710  122  991   55.89877   36.52316  34.7%  74.0  872s
H344267 208094                      54.7257948   36.52316  33.3%  73.8  932s
H344268 191973                      54.1495581   36.52316  32.6%  73.8  932s
H344290 185571                      53.9188332   36.52316  32.3%  73.8  933s
 344300 189230   51.48020  259  805   53.91883   36.52316  32.3%  73.8  940s
 348380 189633     cutoff  437        53.91883   36.52316  32.3%  73.7  947s
 348893 191795   53.77600  450  611   53.91883   36.53339  32.2%  73.8  953s
 351326 194331   42.25211   69  874   53.91883   36.53339  32.2%  74.1  959s
 354030 196861   49.21282  187 1041   53.91883   36.55083  32.2%  74.3  967s
 356866 199258   37.91767   39 1154   53.91883   36.55083  32.2%  74.4  974s
 359483 201917   47.67873   76 1144   53.91883   36.55083  32.2%  74.6  981s
 362434 204620   43.15890   87  885   53.91883   36.55083  32.2%  74.9  988s
 365465 207318   46.90193  136  900   53.91883   36.55083  32.2%  75.0  998s
 368635 209945     cutoff  199        53.91883   36.55083  32.2%  75.2 1006s
 371845 212347   51.01245  259  764   53.91883   36.55083  32.2%  75.5 1014s
 374979 215413   51.88693  313  717   53.91883   36.55083  32.2%  75.7 1023s
 378712 218376   53.00249  369  680   53.91883   36.55083  32.2%  75.7 1032s
 382391 221519   53.87085  402  634   53.91883   36.55267  32.2%  75.7 1040s
 386437 225917   52.92930  182 1286   53.91883   36.57314  32.2%  75.7 1047s
 391503 229963   51.88682  227 1192   53.91883   36.65605  32.0%  75.9 1054s
 396099 233790   49.12147  166 1199   53.91883   36.66676  32.0%  75.6 1063s
 400487 237148   43.55292   79 1307   53.91883   36.67993  32.0%  75.6 1068s
 404424 239869   46.25997   76 1238   53.91883   36.68553  32.0%  75.8 1073s
 407698 241996   41.93460   57  973   53.91883   36.70085  31.9%  75.7 1081s
 410001 244546   47.54481  107  929   53.91883   36.70085  31.9%  76.2 1087s
 412687 248681   50.75342  138  944   53.91883   36.70085  31.9%  76.3 1092s
 417120 251894     cutoff  194        53.91883   36.70657  31.9%  76.1 1097s
 420727 254924   43.20974   78 1174   53.91883   36.70657  31.9%  76.0 1103s
 424297 257478     cutoff  253        53.91883   36.70967  31.9%  76.1 1109s
 427385 260851   41.71708   68 1050   53.91883   36.70967  31.9%  76.0 1117s
 431360 263463   45.52902  133 1025   53.91883   36.70967  31.9%  76.1 1124s
 434028 266528   48.90636  195  990   53.91883   36.70967  31.9%  76.3 1130s
 437322 270423   50.15672  258  961   53.91883   36.70967  31.9%  76.3 1137s
 441534 273674   51.50157  297  955   53.91883   36.70967  31.9%  76.3 1144s
 445270 276807   52.97516  353  902   53.91883   36.70967  31.9%  76.4 1150s
 449087 279218     cutoff  418        53.91883   36.72630  31.9%  76.3 1157s
 452161 280864   53.34847  145 1173   53.91883   36.76541  31.8%  76.4 1163s
 454640 282779   41.67257   38  997   53.91883   36.76541  31.8%  76.7 1170s
 457031 285500   42.63713   50  981   53.91883   36.76541  31.8%  77.2 1179s
 460204 288766   47.18234   99  956   53.91883   36.76541  31.8%  77.4 1188s
 463891 292922   49.75839  152  923   53.91883   36.76541  31.8%  77.5 1195s
 468569 295598   44.18145   72 1181   53.91883   36.80304  31.7%  77.5 1202s
 471807 298287   43.73771   87 1161   53.91883   36.81312  31.7%  77.9 1209s
 475135 301369   39.86737   35 1053   53.91883   36.81760  31.7%  77.9 1216s
 478715 303950   52.86155  141 1255   53.91883   36.82347  31.7%  77.8 1223s
 481950 307226   50.36261  128 1185   53.91883   36.82531  31.7%  77.9 1228s
 486002 311851   48.29215  129 1222   53.91883   36.83558  31.7%  77.9 1237s
 491734 313894   48.73755  126 1216   53.91883   36.85749  31.6%  77.6 1241s
 494110 316907   53.76606  187 1287   53.91883   36.86652  31.6%  77.5 1245s
 500180 322425   38.07355   32 1136   53.91883   36.87697  31.6%  77.2 1255s
 503710 325129   42.99315   72  985   53.91883   36.87697  31.6%  77.2 1260s
 506660 327575   46.53994  109  961   53.91883   36.87697  31.6%  77.2 1266s
 509387 330308   49.71094  138  951   53.91883   36.87697  31.6%  77.2 1270s
 512512 333692   52.04500  183  977   53.91883   36.87697  31.6%  77.1 1275s
 516443 337765   53.32046  213  909   53.91883   36.89403  31.6%  77.0 1283s
 521225 341627   41.26965   60 1061   53.91883   36.89631  31.6%  76.9 1289s
 525294 344535   51.65337  264  838   53.91883   36.89631  31.6%  76.7 1294s
 528386 347465     cutoff  365        53.91883   36.91767  31.5%  76.5 1300s
 534498 351874   39.89383   59 1069   53.91883   36.92254  31.5%  76.4 1309s
 536766 354296   43.44693   94 1057   53.91883   36.92254  31.5%  76.6 1314s
 539350 357288   46.87273  139  940   53.91883   36.92254  31.5%  76.7 1320s
 542573 359182   48.32847  186  907   53.91883   36.92254  31.5%  76.7 1325s
 544646 361939   49.96346  211  888   53.91883   36.92254  31.5%  76.7 1332s
 547613 365089   50.52921  256  848   53.91883   36.92254  31.5%  76.7 1340s
 551033 368152   50.78958  310  816   53.91883   36.92254  31.5%  76.9 1348s
 554455 371133   50.93694  346  794   53.91883   36.92254  31.5%  76.9 1355s
 557983 373865   51.71812  395  763   53.91883   36.92254  31.5%  76.9 1364s
 561312 376482   52.18769  428  741   53.91883   36.92254  31.5%  76.9 1372s
 564511 379032   52.34302  485  699   53.91883   36.92254  31.5%  76.9 1380s
 567664 382168   52.56910  531  648   53.91883   36.92254  31.5%  77.0 1389s
 571554 385416   52.67429  585  612   53.91883   36.92254  31.5%  76.9 1394s
 575588 388630   52.99619  623  578   53.91883   36.92254  31.5%  76.9 1399s
 579060 393469   53.53923  654  552   53.91883   36.92254  31.5%  76.7 1407s
 584459 396095   53.77385  705  506   53.91883   36.92254  31.5%  76.5 1412s
 587364 399149   53.55717  730  505   53.91883   36.92254  31.5%  76.5 1418s
 590793 401445   53.81508  778  465   53.91883   36.96500  31.4%  76.2 1423s
 593431 404530   47.44078   60 1033   53.91883   36.96500  31.4%  76.2 1427s
 596955 406690   53.12141   86 1148   53.91883   36.96500  31.4%  76.1 1431s
 599568 408459   39.28977   49 1078   53.91883   36.97832  31.4%  76.1 1436s
 601692 410480   42.24057   77 1050   53.91883   36.97832  31.4%  76.2 1442s
 604077 413031     cutoff   85        53.91883   36.97832  31.4%  76.4 1448s
 607102 415563   45.96629  124  770   53.91883   36.97832  31.4%  76.4 1454s
 610098 419494   47.78179  156  747   53.91883   36.97832  31.4%  76.4 1461s
 614535 421748   51.24775  204  726   53.91883   36.97832  31.4%  76.5 1466s
 617023 425043   52.41031  244  716   53.91883   36.97832  31.4%  76.8 1471s
 620586 428031     cutoff  286        53.91883   37.00856  31.4%  76.8 1477s
 623980 430494   50.74419  186 1110   53.91883   37.02120  31.3%  76.7 1483s
 626952 432008   38.71454   32 1074   53.91883   37.02120  31.3%  76.8 1488s
H627089 431451                      53.9000161   37.02120  31.3%  76.8 1489s
 628960 431481   44.02991   83 1077   53.90002   37.02120  31.3%  76.9 1496s
 628994 434679   44.02991   84 1081   53.90002   37.02120  31.3%  77.0 1503s

Resetting heuristic parameters to focus on improving solution
(using Heuristics=0.5 and RINS=10)...

H632592 434710                      53.9000159   37.02120  31.3%  77.0 1515s
 632592 434710   48.51119  145 1025   53.90002   37.02120  31.3%  77.0 1515s
H632619 434710                      53.9000154   37.02300  31.3%  77.0 1515s
 632629 458780   48.23056  145 1011   53.90002   37.02522  31.3%  77.0 1800s
H632719 458471                      53.8899979   37.02522  31.3%  77.0 1800s
H635570 458285                      53.8846982   37.03267  31.3%  77.2 1800s
H641580 458124                      53.8802301   37.03929  31.3%  77.3 1800s

Explored 661103 nodes (51577827 simplex iterations) in 1800.55 seconds (2929.54 work units)
Thread count was 32 (of 96 available processors)

Solution count 10: 53.8802 53.8847 53.9 ... 55.9251

Time limit reached
Best objective 5.388023010070e+01, best bound 3.707817825251e+01, gap 31.1841%
