
Gurobi 9.5.1 (linux64) logging started Thu 11 Aug 2022 12:39:55 AM MST

Set parameter LogFile to value "/home/local/ASUAD/kmajd1/NNRepLayer_v2/demos/walking_example/dynamic_constraint/repair_net_relaxed/logs/opt21_log_8_10_2022_14_29_12.log"
Gurobi Optimizer version 9.5.1 build v9.5.1rc2 (linux64)
Thread count: 48 physical cores, 96 logical processors, using up to 32 threads
Optimize a model with 12558 rows, 9048 columns and 186204 nonzeros
Model fingerprint: 0x752df970
Model has 270 quadratic objective terms
Variable types: 6078 continuous, 2970 integer (2970 binary)
Coefficient statistics:
  Matrix range     [7e-04, 2e+02]
  Objective range  [3e-03, 1e+00]
  QObjective range [7e-02, 7e-02]
  Bounds range     [7e-03, 2e+02]
  RHS range        [4e-05, 2e+02]
Presolve removed 672 rows and 132 columns
Presolve time: 0.20s
Presolved: 11886 rows, 8916 columns, 185400 nonzeros
Presolved model has 270 quadratic objective terms
Variable types: 5946 continuous, 2970 integer (2970 binary)
Root relaxation presolve removed 2970 rows and 2970 columns
Root relaxation presolved: 8916 rows, 5946 columns, 176490 nonzeros
Root relaxation presolved model has 270 quadratic objective terms


Root relaxation: objective 2.512119e+01, 10489 iterations, 0.47 seconds (1.10 work units)

    Nodes    |    Current Node    |     Objective Bounds      |     Work
 Expl Unexpl |  Obj  Depth IntInf | Incumbent    BestBd   Gap | It/Node Time

     0     0   25.12119    0  575          -   25.12119      -     -    0s
     0     0   25.12119    0  575          -   25.12119      -     -    1s
     0     2   25.12119    0  575          -   25.12119      -     -    6s
     1     4   67.50859    1 1313          -   25.12119      -  2312   13s
     3     8   75.09748    2 1465          -   27.69861      -  1221   16s
  1024  1086   78.78982   33 1471          -   28.05676      -  91.0   20s
  3762  3974   78.80227  128 1367          -   28.05676      -  47.1   25s
  8449  8409   82.82094  281 1369          -   28.05676      -  42.4   30s
 13080 13459   84.76460  453 1276          -   28.05676      -  45.6   36s
H14449 13544                     751.6818796   28.05676  96.3%  42.7   43s
H14449 12866                     660.8243663   28.05676  95.8%  42.7   43s
 14451 12870   67.50859   10 1313  660.82437   28.05676  95.8%  43.6   55s
 14453 12874   69.73655   11 1312  660.82437   28.05676  95.8%  43.6   60s
H14481 12277                     590.7614314   31.92326  94.6%  44.1   63s
 14545 12316 infeasible   15       590.76143   33.51254  94.3%  44.6   69s
H14546 11705                     586.7614315   33.51254  94.3%  44.6   69s
H14547 11123                     140.4076225   33.51254  76.1%  44.6   69s
H14548 10571                     138.4425493   33.56610  75.8%  44.6   69s
H14553 10045                     134.3841246   33.56610  75.0%  44.6   69s
H14554  9547                     121.9495650   33.56610  72.5%  44.6   69s
H14564  9071                     121.6073595   33.56610  72.4%  44.6   69s
H14572  8619                     120.0181276   33.56610  72.0%  44.7   69s
 14641  8715   84.31826   17 1397  120.01813   33.62709  72.0%  44.7   70s
 15646  9236   85.21303   31 1386  120.01813   33.73801  71.9%  45.2   76s
H15648  8808                     120.0057702   33.73801  71.9%  45.1   76s
H15651  8402                     119.6554353   33.73801  71.8%  45.1   76s
H15652  8016                     118.8782128   33.73801  71.6%  45.1   76s
H15663  7646                     118.6242219   33.73801  71.6%  45.1   76s
 16690  8301   86.32504   44 1366  118.62422   33.73801  71.6%  47.4   80s
 17791  9043   85.76543   55 1351  118.62422   33.73801  71.6%  48.5   85s
 21673 11345   86.07678   89 1303  118.62422   33.73801  71.6%  47.6   90s
H22666 11180                     118.6007237   33.73801  71.6%  47.7  110s
H22668  7324                      74.3863432   33.73801  54.6%  47.7  110s
 25089  8920     cutoff   34        74.38634   33.83486  54.5%  52.5  115s
 29058 12333   73.03688   67 1222   74.38634   33.83486  54.5%  52.0  123s
 31978 12506   73.68739  106 1195   74.38634   33.83486  54.5%  51.4  125s
 35129 14839     cutoff  139        74.38634   33.83486  54.5%  51.0  130s
H36030 14868                      74.3863431   33.83486  54.5%  50.7  132s
H36033 14868                      74.3863431   33.83486  54.5%  50.7  132s
H36049 14868                      74.3863431   33.83486  54.5%  50.7  132s
 36068 15074   73.80158  147 1136   74.38634   33.83486  54.5%  50.7  135s
 37419 16312     cutoff  164        74.38634   33.83486  54.5%  50.6  142s
H37422 16308                      74.3371087   33.83486  54.5%  50.6  142s
H37609 16304                      74.3229166   33.83486  54.5%  50.6  142s
H37721 16265                      74.2223301   33.83486  54.4%  50.6  142s
H37722 16241                      74.1561668   33.83486  54.4%  50.6  142s
H37780 16173                      73.9798039   33.83486  54.3%  50.7  142s
 39054 17691 infeasible   25        73.97980   33.87636  54.2%  50.8  145s
 39842 17700   36.15135   31  831   73.97980   33.87636  54.2%  52.1  182s
 39892 18226   36.15135   32  830   73.97980   33.87636  54.2%  52.3  186s
H39926 17673                      72.6658639   33.87636  53.4%  52.3  186s
 41538 18879   70.62914   58 1181   72.66586   33.87636  53.4%  54.1  194s
H41571 18444                      71.2842675   33.87636  52.5%  54.3  194s
 42018 19434   70.43579   58 1210   71.28427   33.87636  52.5%  54.4  196s
 44387 21516   62.12371   38 1458   71.28427   33.88083  52.5%  55.8  201s
 46855 23702     cutoff  134        71.28427   33.98792  52.3%  57.6  205s
 49418 26024   37.84823   24 1018   71.28427   34.00943  52.3%  59.3  211s
 52289 28654     cutoff  128        71.28427   34.07622  52.2%  60.5  217s
 53788 30044   56.75813   43 1325   71.28427   34.07622  52.2%  61.3  221s
 57155 33813     cutoff  149        71.28427   34.18957  52.0%  61.7  226s
 59691 37393     cutoff   35        71.28427   34.25645  51.9%  62.0  232s
 64019 39123   56.04810   67 1406   71.28427   34.25645  51.9%  63.3  235s
 67775 42847   58.92547  142 1380   71.28427   34.25645  51.9%  64.6  241s
 69881 44785   60.81148  184 1351   71.28427   34.25645  51.9%  64.9  245s
 75020 50282   64.82876  306 1384   71.28427   34.25645  51.9%  64.9  250s
 79626 54810   66.88185  436 1291   71.28427   34.25645  51.9%  65.4  256s
 82406 56148   69.38085  494 1260   71.28427   34.25645  51.9%  65.9  263s
H82466 56065                      71.1954339   34.25645  51.9%  65.9  263s
H82984 55679                      70.9521284   34.25645  51.7%  66.0  263s
H82988 55519                      70.8281900   34.25645  51.6%  66.0  263s
H83449 55364                      70.7361315   34.25645  51.6%  66.2  263s
 83818 58442     cutoff  522        70.73613   34.26673  51.6%  66.2  268s
 87081 60116   43.23334  112 1050   70.73613   34.46819  51.3%  66.3  272s
 88971 63614   45.35637  165 1059   70.73613   34.46819  51.3%  67.9  281s
 92818 66393   50.29099  288 1026   70.73613   34.46819  51.3%  69.6  287s
 95824 69735   55.35281  330  988   70.73613   34.46819  51.3%  70.6  294s
 99467 72917   58.31378  366 1006   70.73613   34.46819  51.3%  71.3  302s
 102908 76310   59.75374  418 1056   70.73613   34.46819  51.3%  71.9  308s
 106426 79636   60.95357  481 1045   70.73613   34.46819  51.3%  72.1  315s
 109964 82257   62.00909  545 1057   70.73613   34.46819  51.3%  72.1  321s
H112920 83598                      70.7361315   34.46819  51.3%  72.8  328s
H113135 83109                      70.5784911   34.46819  51.2%  72.8  328s
H113222 83091                      70.5722042   34.46819  51.2%  72.8  328s
H114243 82632                      70.3817598   34.46819  51.0%  72.8  328s
H114353 82250                      70.2327789   34.46819  50.9%  72.8  328s
 114407 85510   64.88935  561 1052   70.23278   34.46819  50.9%  72.9  335s
 118316 89290   65.43236  568 1057   70.23278   34.46819  50.9%  73.3  343s
 122653 94429   66.77749  638  988   70.23278   34.46819  50.9%  73.2  347s
 128306 98136     cutoff  652        70.23278   34.46819  50.9%  72.3  352s
 132244 99744   69.17956  660 1030   70.23278   34.46819  50.9%  71.7  355s
 134157 102289   69.18228  680 1002   70.23278   34.46819  50.9%  71.8  360s
 140088 107493     cutoff  690        70.23278   34.84257  50.4%  72.0  368s
 143799 110192   44.83577   62  946   70.23278   34.98069  50.2%  72.3  372s
 147254 114310   64.41150  236 1125   70.23278   35.08995  50.0%  72.6  380s
 152450 116441   61.69378  121 1242   70.23278   35.08995  50.0%  72.6  385s
 159634 123914   41.02787   56  738   70.23278   35.18678  49.9%  72.4  392s
H163459 125189                      70.2103979   35.18678  49.9%  72.2  399s
H163460 125107                      70.1952808   35.18678  49.9%  72.2  399s
H163461 124167                      70.0267164   35.18678  49.8%  72.2  399s
H163792 123461                      69.9538252   35.18678  49.7%  72.2  399s
 164944 126797   51.65537  278  503   69.95383   35.18678  49.7%  72.1  405s
 168672 129974   62.60538  519  341   69.95383   35.18678  49.7%  71.8  410s
 176376 139204   66.55436  928  143   69.95383   35.18678  49.7%  71.3  421s
 181878 142388   69.76915 1083   87   69.95383   35.18678  49.7%  71.1  426s
 185327 145015   43.85933   60  831   69.95383   35.29105  49.6%  70.6  431s
H187157 142873                      69.7139105   35.29105  49.4%  70.4  431s
 188110 145899   57.45092  145 1405   69.71391   35.29105  49.4%  70.3  435s
 194264 152137   68.19747  271 1344   69.71391   35.29543  49.4%  69.3  442s
 198114 155354   57.60224   90 1134   69.71391   35.29543  49.4%  68.9  447s
 201483 158095   67.58777  184 1261   69.71391   35.29543  49.4%  68.6  451s
 204452 161221   40.48286   53  655   69.71391   35.29543  49.4%  68.4  455s
 207758 167519   49.53948  152  612   69.71391   35.29543  49.4%  68.0  460s
 214300 169674   56.81063  473  389   69.71391   35.29543  49.4%  67.2  465s
*216522 159730            1448      68.6793557   35.29543  48.6%  67.1  465s
 219856 165023   66.59300  732  232   68.67936   35.33971  48.5%  66.8  472s
 222785 167129   43.45560   50  825   68.67936   35.33971  48.5%  66.6  476s
 225372 169512   57.07410  130 1007   68.67936   35.39187  48.5%  66.7  480s
 230815 173476   55.47961  130 1177   68.67936   35.39187  48.5%  66.8  490s
H230816 170483                      68.3570433   35.39187  48.2%  66.8  490s
H231183 169664                      68.2867927   35.39187  48.2%  66.7  490s
 236790 178236   64.34370  333 1173   68.28679   35.39187  48.2%  66.7  501s
 241635 180992   67.96404  521 1066   68.28679   35.40083  48.2%  66.5  505s
 244698 184278   54.60988  109  798   68.28679   35.40083  48.2%  66.6  510s
 251343 190844   35.88725   42  770   68.28679   35.42376  48.1%  66.2  518s
 255119 194048   64.31251  200 1097   68.28679   35.43503  48.1%  66.0  522s
 258614 196967   53.89235   42 1037   68.28679   35.43504  48.1%  65.9  526s
 261765 199126   40.57142   50  691   68.28679   35.43793  48.1%  65.9  530s
 267283 206001   52.13664  101  866   68.28679   35.43793  48.1%  65.9  541s
 271497 208938   56.32237  133  781   68.28679   35.43793  48.1%  65.8  545s
H277833 172024                      65.1199611   35.43793  45.6%  65.9  549s
H277834 170698                      64.9949065   35.43793  45.5%  65.9  549s
 277898 172393   63.84622  195  865   64.99491   35.45260  45.5%  65.9  554s
 281164 173989   39.02915   51  714   64.99491   35.49287  45.4%  65.9  559s
H281308 172574                      64.8621471   35.49287  45.3%  65.9  559s
H281839 172462                      64.8528616   35.49287  45.3%  65.9  559s
H282374 171936                      64.8065153   35.49287  45.2%  66.0  559s
 283110 175781   57.06379  189  894   64.80652   35.49954  45.2%  66.0  564s
 287565 177943   42.43152   56  781   64.80652   35.52905  45.2%  65.9  568s
 290083 180683   52.53758  113 1024   64.80652   35.52905  45.2%  65.9  573s
 293343 184470   64.67893  215 1134   64.80652   35.53724  45.2%  65.9  577s
 297770 189106   48.51673   98  966   64.80652   35.53724  45.2%  65.9  583s
 302734 192023   53.35198  168  910   64.80652   35.53724  45.2%  65.9  587s
 305850 194987   54.87622  228  859   64.80652   35.53724  45.2%  65.9  591s
 308956 197749   57.17209  288  940   64.80652   35.53724  45.2%  65.8  595s
 315381 202536   61.26679  477  827   64.80652   35.53724  45.2%  65.8  601s
H315507 202536                      64.8065153   35.53724  45.2%  65.8  601s
H315578 202536                      64.8065153   35.53724  45.2%  65.7  601s
H315643 202121                      64.7751349   35.53724  45.1%  65.8  601s
H315661 200918                      64.6718837   35.53724  45.0%  65.8  601s
H317041 200160                      64.6080929   35.53724  45.0%  65.8  602s
 317275 202894   63.03442  541  787   64.60809   35.53724  45.0%  65.9  607s
 320280 205662   64.18626  556  784   64.60809   35.54001  45.0%  66.1  612s
 323395 208116   48.30688   51  858   64.60809   35.54369  45.0%  66.2  617s
 326381 210683   61.36254   95  972   64.60809   35.54893  45.0%  66.2  622s
 329173 213940   57.89844   56 1544   64.60809   35.55886  45.0%  66.3  628s
 332872 217851   44.97887  102  662   64.60809   35.57780  44.9%  66.2  632s
 337249 220155   58.38010  330  642   64.60809   35.57780  44.9%  66.1  636s
H337620 218762                      64.5283519   35.57780  44.9%  66.1  636s
H338395 218415                      64.5090495   35.57780  44.8%  66.0  636s
H338428 218019                      64.4873906   35.57780  44.8%  66.0  636s
H339187 216839                      64.4286595   35.57780  44.8%  66.0  636s
 339779 220488   62.56546  526  462   64.42866   35.57780  44.8%  66.0  640s
 343780 223289   64.15867  676  375   64.42866   35.59214  44.8%  65.8  645s
 349775 228071   64.04215   89  801   64.42866   35.60268  44.7%  65.8  654s
 352559 231472   62.74275  106  815   64.42866   35.60629  44.7%  65.8  657s
 356523 233475   61.58840  100  715   64.42866   35.60744  44.7%  65.8  661s
 358914 236979   49.75126   99 1154   64.42866   35.62044  44.7%  65.8  667s
H359163 231718                      64.1057968   35.62044  44.4%  65.7  667s
H359521 225149                      63.7383904   35.62044  44.1%  65.7  667s
 363087 227617   61.05895  233 1043   63.73839   35.64453  44.1%  65.7  672s
 366155 230600   40.78743   78  771   63.73839   35.66117  44.1%  65.7  675s
 373024 236605   56.80794  437  525   63.73839   35.66117  44.1%  65.8  683s
 376260 238633   59.50562  641  409   63.73839   35.66117  44.1%  66.0  687s
H376876 238078                      63.7079169   35.66117  44.0%  65.9  687s
 378486 240788   61.50397  802  329   63.70792   35.66117  44.0%  66.0  692s
 381624 243324   62.82941  999  251   63.70792   35.66117  44.0%  66.1  697s
 384431 246059   63.31835 1200  129   63.70792   35.68083  44.0%  66.2  702s
 387507 246409   58.18658   91 1466   63.70792   35.68083  44.0%  66.4  710s
 387941 249354   58.18658   95 1461   63.70792   35.68354  44.0%  66.4  716s
 391215 252554   45.69406   65  786   63.70792   35.68354  44.0%  66.6  722s
H394692 252585                      63.7079161   35.68354  44.0%  66.7  769s
H394707 248957                      63.4958808   35.68354  43.8%  66.7  769s
 394725 251216   61.67566  183  868   63.49588   35.69763  43.8%  66.6  774s
 397291 254240   39.77765   38  866   63.49588   35.69763  43.8%  66.7  780s
 400849 257377   50.34769   80  937   63.49588   35.69763  43.8%  66.8  786s
 404468 257406     cutoff  113        63.49588   35.69763  43.8%  66.9  794s
H404472 257406                      63.4958808   35.69763  43.8%  66.9  794s
H404492 257406                      63.4958803   35.69763  43.8%  66.9  794s
 404503 260495   54.52661  115  945   63.49588   35.69763  43.8%  66.9  800s
 408038 263425   63.42509  145  894   63.49588   35.69987  43.8%  66.9  805s
 411482 266113   57.79292  106 1082   63.49588   35.69987  43.8%  66.8  811s
 414723 267711   45.29466   76  964   63.49588   35.69987  43.8%  66.9  815s
 416547 270950   49.16688  110 1126   63.49588   35.69987  43.8%  67.0  822s
 420149 273975   62.87608  234 1284   63.49588   35.72513  43.7%  67.1  829s
 423649 277040   44.38796   72 1033   63.49588   35.72513  43.7%  67.3  835s
 426947 280016   48.37631  104  960   63.49588   35.72513  43.7%  67.4  841s
 430103 282834   50.10594  161  949   63.49588   35.72513  43.7%  67.6  846s
 433173 285991   51.63221  197  927   63.49588   35.72513  43.7%  67.8  852s
 436554 289133   55.69881  229  947   63.49588   35.72513  43.7%  67.9  859s
 439998 291874   57.70269  245  916   63.49588   35.72513  43.7%  67.9  864s
 443153 295071   59.10028  273  893   63.49588   35.72513  43.7%  67.9  870s
 446663 297982   62.14234  291  894   63.49588   35.72513  43.7%  67.9  876s
 450030 301195   61.78546  343  865   63.49588   35.72513  43.7%  67.9  883s
 453938 304174     cutoff  388        63.49588   35.72516  43.7%  67.9  889s
 457380 307932   60.28855  120 1068   63.49588   35.73870  43.7%  67.8  892s
 461956 311242   55.85292  157 1027   63.49588   35.77553  43.7%  67.8  896s
 465881 313278     cutoff  261        63.49588   35.78346  43.6%  67.7  900s
 471590 318245   62.08842  104 1174   63.49588   35.78346  43.6%  67.9  907s
 475251 320961   47.29542   74  910   63.49588   35.78986  43.6%  68.0  911s
H476086 320911                      63.4933341   35.78986  43.6%  67.9  912s
H476100 320829                      63.4875431   35.78986  43.6%  67.9  912s
 478569 323614   60.04439  197  985   63.48754   35.78986  43.6%  68.0  916s
 482049 327452   58.95201  146  978   63.48754   35.79586  43.6%  67.9  923s
 486522 329403   60.95910  139 1106   63.48754   35.79586  43.6%  67.9  926s
 488803 333897   63.40673  220 1132   63.48754   35.80740  43.6%  67.9  930s
 498683 342528   56.52320  390  538   63.48754   35.80740  43.6%  67.5  938s
 503060 345705   58.12845  579  410   63.48754   35.80740  43.6%  67.2  941s
 506501 347907   63.33740  708  344   63.48754   35.83143  43.6%  67.0  945s
 511974 356426   53.37008  168 1082   63.48754   35.83587  43.6%  66.8  954s
 518499 359598   44.47127   81 1175   63.48754   35.84353  43.5%  66.5  957s
 521856 362549   51.19950  195 1468   63.48754   35.84353  43.5%  66.3  960s
 527663 367642   56.07690  388 1610   63.48754   35.84353  43.5%  66.1  967s
 530450 370176   57.51080  514 1497   63.48754   35.84353  43.5%  66.0  970s
 536011 375193   61.93230  709 1576   63.48754   35.84353  43.5%  65.9  978s
 538798 377219   62.71992  850 1459   63.48754   35.84923  43.5%  65.9  982s
 541202 381667   40.51708   46  705   63.48754   35.85272  43.5%  65.9  986s
 549729 387553   63.35824  276 1210   63.48754   35.85577  43.5%  66.0  993s
 552895 389561   50.30311   46 1296   63.48754   35.85577  43.5%  66.0  996s
 555429 392233     cutoff   72        63.48754   35.85663  43.5%  66.0 1000s
H558387 392264                      63.4875431   35.85663  43.5%  66.0 1009s
 558420 394376   42.03991   47 1006   63.48754   35.85663  43.5%  66.0 1013s
 560849 396694   44.05353   88 1078   63.48754   35.85663  43.5%  66.1 1017s
 563676 399012   47.19146  126 1098   63.48754   35.85663  43.5%  66.2 1022s
 566443 401194   49.60261  158 1090   63.48754   35.85663  43.5%  66.3 1027s
 569041 403424   51.05867  202 1080   63.48754   35.85663  43.5%  66.5 1032s
 571603 406024   54.61055  220 1020   63.48754   35.85663  43.5%  66.7 1039s
 574578 409369   55.09699  267 1015   63.48754   35.85663  43.5%  66.9 1046s
 578304 411992   57.48372  322 1021   63.48754   35.85663  43.5%  67.0 1052s
 581344 414933   58.17919  394  937   63.48754   35.85663  43.5%  67.1 1058s
 584825 417585   59.17036  478  855   63.48754   35.85663  43.5%  67.2 1065s
H585920 407196                      63.1516671   35.85663  43.2%  67.3 1065s
H586017 406996                      63.1451676   35.85663  43.2%  67.3 1065s
 587889 410170   60.24298  569  763   63.14517   35.85663  43.2%  67.3 1072s
H589172 410112                      63.1438368   35.85663  43.2%  67.4 1072s
 591529 412996   61.51435  609  821   63.14384   35.85663  43.2%  67.3 1078s
 594891 415597   62.71925  659  765   63.14384   35.85663  43.2%  67.4 1082s
 598114 418565     cutoff  697        63.14384   35.87826  43.2%  67.6 1088s
 601634 421104   60.96360  154 1045   63.14384   35.89387  43.2%  67.7 1094s
 604755 423571   42.88161   42  760   63.14384   35.89387  43.2%  67.9 1100s
 607732 426735   45.98448   72  790   63.14384   35.89387  43.2%  68.1 1106s
 611273 429701   62.96245  118  708   63.14384   35.89387  43.2%  68.2 1112s
 614627 432033   50.09969  160  643   63.14384   35.89387  43.2%  68.3 1119s
 617341 434560   51.68934  194  628   63.14384   35.89387  43.2%  68.5 1125s
 620476 437009   53.44859  228  627   63.14384   35.89387  43.2%  68.7 1132s
 623432 440960   54.41879  264  599   63.14384   35.89387  43.2%  68.9 1136s
 628045 444557   54.79281  305  582   63.14384   35.89387  43.2%  68.9 1141s
 632311 447907   56.06797  346  552   63.14384   35.89387  43.2%  68.9 1147s
 636413 450204   57.94221  402  511   63.14384   35.89387  43.2%  68.9 1152s
 639251 453352   59.30520  439  491   63.14384   35.89387  43.2%  68.8 1158s
 643006 456325   58.27877  466  440   63.14384   35.89387  43.2%  68.7 1163s
 646375 458792   58.75043  492  418   63.14384   35.89387  43.2%  68.6 1168s
 649306 461616   59.39586  516  445   63.14384   35.89387  43.2%  68.6 1173s
 652469 464894   60.56591  546  371   63.14384   35.89387  43.2%  68.6 1177s
 656383 467838   61.06608  594  353   63.14384   35.89387  43.2%  68.5 1181s
 659828 470642   62.71568  632  343   63.14384   35.89387  43.2%  68.5 1185s
 663038 473784   62.14276  667  318   63.14384   35.89387  43.2%  68.5 1192s
 666559 476848   61.80657  708  281   63.14384   35.89387  43.2%  68.5 1197s
 670057 480437   62.98254  755  262   63.14384   35.89387  43.2%  68.6 1203s
 674065 483480   62.69833  799  269   63.14384   35.93518  43.1%  68.5 1208s
 677636 486430   42.39456   76  726   63.14384   35.93518  43.1%  68.5 1212s
 681033 490124   47.31917  111  732   63.14384   35.93518  43.1%  68.4 1215s
H685182 490152                      63.1438368   35.93518  43.1%  68.4 1224s
H685183 490152                      63.1438360   35.93518  43.1%  68.4 1224s
 685218 492860   49.51527  155  683   63.14384   35.93518  43.1%  68.4 1228s
 688566 495676   49.80486  193  666   63.14384   35.93518  43.1%  68.3 1233s
 691866 497181     cutoff  237        63.14384   35.93518  43.1%  68.3 1237s
 693745 500614   52.50220  264  602   63.14384   35.93518  43.1%  68.4 1244s
 697487 503295   54.31113  317  575   63.14384   35.93518  43.1%  68.4 1249s
 700622 505983   55.62272  369  535   63.14384   35.93518  43.1%  68.5 1254s
H701011 474105                      62.3500076   35.93518  42.4%  68.5 1255s
 703656 476544   57.09410  413  508   62.35001   35.93518  42.4%  68.5 1260s
 710806 482745   58.27473  508  449   62.35001   35.93518  42.4%  68.5 1267s
 714173 485314   58.02104  533  435   62.35001   35.93518  42.4%  68.6 1272s
 717585 487728   58.82438  560  415   62.35001   35.93518  42.4%  68.7 1277s
 720632 489834   59.42739  592  390   62.35001   35.93518  42.4%  68.7 1282s
 723452 492460   61.44982  628  357   62.35001   35.98182  42.3%  68.8 1289s
 726971 495960   38.08612   32  900   62.35001   35.98762  42.3%  68.9 1293s
 731245 498823     cutoff  148        62.35001   35.98877  42.3%  68.9 1297s
 734744 500567   43.94556   42  963   62.35001   35.99571  42.3%  69.0 1302s
 736961 502732   44.28244   56  963   62.35001   35.99571  42.3%  69.2 1307s
 739443 504954   46.98716   75  899   62.35001   35.99571  42.3%  69.4 1311s
 742081 505743   46.60760  100  901   62.35001   35.99571  42.3%  69.5 1318s
H742153 494420                      62.0667730   35.99571  42.0%  69.5 1318s
H742167 475979                      61.6077199   35.99571  41.6%  69.5 1318s
H742204 469256                      61.4315788   35.99571  41.4%  69.5 1318s
H742231 459614                      61.1847871   35.99571  41.2%  69.5 1318s
 742964 463942   48.41567  136  857   61.18479   35.99571  41.2%  69.5 1324s
 747746 467891   55.17800  185  801   61.18479   35.99571  41.2%  69.5 1330s
 751928 471033   53.16334  222  760   61.18479   35.99571  41.2%  69.4 1336s
 755483 474007   57.45656  246  743   61.18479   35.99571  41.2%  69.4 1342s
 759067 476392   57.62147  281  721   61.18479   35.99571  41.2%  69.4 1348s
 762070 478966   58.22972  310  696   61.18479   35.99571  41.2%  69.5 1354s
 765275 481259   58.77015  349  670   61.18479   35.99571  41.2%  69.5 1360s
 768207 484473     cutoff  393        61.18479   36.01085  41.1%  69.5 1366s
 776745 493159   46.93272   66 1106   61.18479   36.01095  41.1%  69.4 1374s
 781190 496173   59.10435  207 1185   61.18479   36.01141  41.1%  69.2 1379s
 784703 499627   43.96910   40  895   61.18479   36.01141  41.1%  69.2 1386s
 788727 501649   58.47907  156 1041   61.18479   36.01141  41.1%  69.1 1390s
 791402 503835   37.99721   50  885   61.18479   36.01141  41.1%  69.2 1395s
 798625 510120     cutoff  228        61.18479   36.03469  41.1%  69.2 1404s
 801989 512873   55.84862  100  944   61.18479   36.04750  41.1%  69.2 1409s
 805182 516725   61.17862  162  907   61.18479   36.06123  41.1%  69.2 1413s
 809580 520127   52.33237  170 1066   61.18479   36.06123  41.1%  69.2 1417s
 813383 522397     cutoff  318        61.18479   36.06703  41.1%  69.1 1421s
 816130 525605   51.35639  102  966   61.18479   36.06959  41.0%  69.1 1428s
 819998 528157   38.32946   30  834   61.18479   36.07263  41.0%  69.2 1432s
 822854 531102   58.52410  189 1086   61.18479   36.07880  41.0%  69.3 1437s
 825951 531126   42.79630  131  718   61.18479   36.07880  41.0%  69.4 1445s
H825965 531126                      61.1847871   36.07880  41.0%  69.4 1445s
H825968 531126                      61.1847871   36.07880  41.0%  69.4 1445s
 825991 534199   42.79630  132  717   61.18479   36.07880  41.0%  69.4 1451s
 829346 537486   49.09265  298  653   61.18479   36.07880  41.0%  69.4 1456s
 832959 540873   53.13770  541  474   61.18479   36.07880  41.0%  69.4 1462s
 836533 543767   57.07872  762  312   61.18479   36.07880  41.0%  69.4 1467s
 839605 547004   59.13003  944  212   61.18479   36.07880  41.0%  69.4 1472s
 843164 549755   61.14356 1139  135   61.18479   36.08253  41.0%  69.3 1478s
 846345 554314   48.24576  190 1247   61.18479   36.08319  41.0%  69.3 1482s
 851321 557378   54.54508  367 1379   61.18479   36.08319  41.0%  69.3 1486s
 854504 560266   56.04420  477 1562   61.18479   36.08319  41.0%  69.3 1490s
 860184 565277   60.17367  708 1597   61.18479   36.08893  41.0%  69.2 1498s
 863338 568129   52.79277   67 1014   61.18479   36.09340  41.0%  69.1 1502s

Resetting heuristic parameters to focus on improving solution
(using Heuristics=0.5 and RINS=10)...

 866490 568151     cutoff  136        61.18479   36.09340  41.0%  69.1 1511s
H866494 564101                      61.0987316   36.09340  40.9%  69.1 1511s
H866495 537379                      60.5613078   36.09340  40.4%  69.1 1511s
H866515 532841                      60.4688111   36.09340  40.3%  69.1 1512s
H866522 502579                      59.8845443   36.09340  39.7%  69.1 1512s
H866526 501299                      59.8571174   36.09340  39.7%  69.1 1512s
 866534 513766     cutoff  138        59.85712   36.09403  39.7%  69.1 1800s
H866537 423170                      57.7078823   36.09403  37.5%  69.1 1800s
H866552 423170                      57.7078823   36.09403  37.5%  69.1 1800s
H866573 423170                      57.7078823   36.09403  37.5%  69.1 1800s
H867636 423170                      57.7078823   36.10000  37.4%  69.2 1800s

Explored 886423 nodes (62137590 simplex iterations) in 1800.79 seconds (3231.59 work units)
Thread count was 32 (of 96 available processors)

Solution count 10: 57.7079 59.8845 60.4688 ... 62.0668

Time limit reached
Best objective 5.770788226860e+01, best bound 3.612616399683e+01, gap 37.3982%
