
Gurobi 9.5.1 (linux64) logging started Thu 11 Aug 2022 01:41:27 AM MST

Set parameter LogFile to value "/home/local/ASUAD/kmajd1/NNRepLayer_v2/demos/walking_example/dynamic_constraint/repair_net_relaxed/logs/opt24_log_8_10_2022_14_29_12.log"
Gurobi Optimizer version 9.5.1 build v9.5.1rc2 (linux64)
Thread count: 48 physical cores, 96 logical processors, using up to 32 threads
Optimize a model with 12558 rows, 9048 columns and 186204 nonzeros
Model fingerprint: 0xdf9ea62c
Model has 270 quadratic objective terms
Variable types: 6078 continuous, 2970 integer (2970 binary)
Coefficient statistics:
  Matrix range     [7e-04, 2e+02]
  Objective range  [3e-03, 1e+00]
  QObjective range [7e-02, 7e-02]
  Bounds range     [7e-04, 1e+02]
  RHS range        [2e-04, 2e+02]
Presolve removed 787 rows and 205 columns
Presolve time: 0.26s
Presolved: 11771 rows, 8843 columns, 183540 nonzeros
Presolved model has 270 quadratic objective terms
Variable types: 5915 continuous, 2928 integer (2928 binary)
Root relaxation presolve removed 2926 rows and 2926 columns
Root relaxation presolved: 8845 rows, 5917 columns, 174762 nonzeros
Root relaxation presolved model has 270 quadratic objective terms


Root relaxation: objective 5.309982e+01, 29990 iterations, 1.70 seconds (3.93 work units)

    Nodes    |    Current Node    |     Objective Bounds      |     Work
 Expl Unexpl |  Obj  Depth IntInf | Incumbent    BestBd   Gap | It/Node Time

     0     0   53.09982    0 1582          -   53.09982      -     -    2s
     0     0   53.09982    0 1582          -   53.09982      -     -    7s
H    0     0                     156.4100290   53.09982  66.1%     -   17s
H    0     0                     152.4631460   53.09982  65.2%     -   19s
     0     2   53.09982    0 1577  152.46315   53.09982  65.2%     -   19s
     1     4   54.00479    1 1580  152.46315   54.00479  64.6%   523   20s
H  127   160                     149.5684509   55.41746  62.9%  44.6   34s
H  129   160                     137.1298758   55.41746  59.6%  66.1   34s
H  148   160                     136.0699005   55.41746  59.3%   123   34s
   304   358   57.31859   13 1615  136.06990   55.41746  59.3%   149   37s
   417   493   61.25786   16 1670  136.06990   55.41746  59.3%   187   40s
   979  1117   67.61954   23 1727  136.06990   55.41746  59.3%   170   45s
  1281  1352   68.38250   33 1716  136.06990   55.41746  59.3%   140   60s
H 1291  1352                     135.9773940   55.41746  59.2%   140   60s
H 1297  1352                     135.9601860   55.41746  59.2%   139   60s
H 1298  1352                     134.8860765   55.41746  58.9%   139   60s
  3211  3342   85.52718   74 1662  134.88608   55.41746  58.9%  96.8   65s
  4498  4602   92.97139  105 1625  134.88608   55.41746  58.9%   103   70s
  5674  5857  109.39056  139 1668  134.88608   55.41746  58.9%   100   75s
  7254  7132   97.02145  169 1566  134.88608   55.41746  58.9%  90.7   80s
H 7273  7132                     134.5791847   55.41746  58.8%  90.4   80s
  9960 10643   98.16489  219 1522  134.57918   55.41746  58.8%  77.6   85s
 15260 14857   84.59472  153 1582  134.57918   55.41746  58.8%  65.3  120s
 15262 14858   69.71458   19 1516  134.57918   55.41746  58.8%  65.3  125s
 15265 14863   55.41746   13 1515  134.57918   55.41746  58.8%  66.9  162s
H15295 14169                     134.5791845   55.41746  58.8%  67.0  165s
H15317 13457                     134.5791842   55.41746  58.8%  66.9  165s
H15359 12836                     134.0331058   55.41746  58.7%  66.9  171s
H15365 12197                     133.2737937   55.41746  58.4%  66.9  171s
H15366 11592                     133.1300405   55.41746  58.4%  66.9  171s
H15374 11014                     131.9395773   55.41746  58.0%  66.8  171s
 15580 11189   66.84424   21 1433  131.93958   55.41746  58.0%  67.0  175s
 16064 11483   59.95507   29 1546  131.93958   55.41746  58.0%  78.5  181s
H16072 10933                     131.9395773   55.41746  58.0%  78.9  181s
 17096 11595   72.40290   43 1578  131.93958   55.41746  58.0%  83.0  194s
H17102 11075                     131.9395772   55.41746  58.0%  83.2  194s
H17107 10580                     131.9395770   55.41746  58.0%  83.2  194s
H17108 10111                     131.9395765   55.41746  58.0%  83.2  194s
H17114  9664                     131.9395755   55.41746  58.0%  83.1  194s
 17129  9834   72.74030   44 1576  131.93958   55.41746  58.0%  83.3  195s
 18767 11018   80.44096   61 1681  131.93958   55.41746  58.0%  83.9  200s
 19371 11214   82.20507   68 1688  131.93958   55.41746  58.0%  83.2  243s
H19373 10791                     131.7761569   55.41746  57.9%  83.2  243s
H19424 10372                     130.8017482   55.41746  57.6%  83.1  243s
 19819 10923   83.19844   72 1709  130.80175   55.41746  57.6%  82.5  245s
 21602 12126   85.29662   88 1648  130.80175   55.41746  57.6%  80.7  250s
 22036 12258   85.53602   92 1639  130.80175   55.41746  57.6%  80.1  256s
 23811 13576   88.87928  115 1617  130.80175   55.41746  57.6%  78.0  260s
 26133 15312   87.97253  133 1596  130.80175   55.41746  57.6%  76.2  265s
 28239 16599  105.05647  149 1594  130.80175   55.41746  57.6%  73.5  270s
 29771 18477   87.30047  160 1564  130.80175   55.41746  57.6%  72.2  277s
 32806 19758   87.81991  189 1528  130.80175   55.41746  57.6%  69.5  281s
 33880 19432   87.96207  195 1522  130.80175   55.41746  57.6%  68.5  290s
H33889 19048                     130.8017478   55.41746  57.6%  68.4  290s
 36010 21271   88.41356  213 1505  130.80175   55.41746  57.6%  66.7  296s
 37979 22854   89.18631  235 1476  130.80175   55.41746  57.6%  65.7  300s
 40534 25397   90.52916  259 1448  130.80175   55.41746  57.6%  65.0  306s
 42584 26604   91.34605  270 1442  130.80175   55.41746  57.6%  65.5  313s
 42865 27769   91.44467  270 1444  130.80175   55.41746  57.6%  65.4  315s
 45309 30341   91.59241  290 1408  130.80175   55.41746  57.6%  65.4  321s
 48139 33103   91.95277  312 1379  130.80175   55.41746  57.6%  65.1  327s
 49517 34666   92.27924  324 1371  130.80175   55.41746  57.6%  65.2  330s
H51600 35788                     130.7609950   55.41746  57.6%  64.9  333s
 52418 36963   92.82585  353 1346  130.76099   55.41746  57.6%  64.9  337s
H53416 36480                     130.4180535   55.41746  57.5%  65.6  337s
 53705 37505   93.05361  367 1332  130.41805   55.41746  57.5%  65.4  347s
H53795 37505                     130.4180534   55.41746  57.5%  65.5  347s
H53950 37505                     130.4180532   55.41746  57.5%  65.6  347s
H54330 37505                     130.4180530   55.41746  57.5%  65.3  347s
 54806 38129   93.41128  373 1324  130.41805   55.41746  57.5%  65.3  352s
 55527 41022   93.83531  376 1332  130.41805   55.41746  57.5%  65.6  356s
 58488 43971   94.53277  403 1301  130.41805   55.41746  57.5%  65.3  360s
 61510 49714   95.14492  432 1274  130.41805   55.41746  57.5%  64.8  371s
 68854 52899   98.80390  500 1218  130.41805   55.41746  57.5%  64.7  378s
 70715 54743   99.74903  519 1197  130.41805   55.41746  57.5%  64.9  382s
H71110 44907                     120.8128405   55.41746  54.1%  65.1  382s
 72606 45812   99.83439  530 1183  120.81284   55.41746  54.1%  65.2  387s
 74390 47889  100.14793  552 1157  120.81284   55.41746  54.1%  66.2  392s
 76589 49267  100.62140  573 1132  120.81284   55.41746  54.1%  66.6  397s
 78051 51567  100.46360  587 1116  120.81284   55.41746  54.1%  67.0  403s
 80624 54664  100.40464  614 1071  120.81284   55.41746  54.1%  67.5  409s
 83829 57456  100.57787  639 1049  120.81284   55.41746  54.1%  67.1  415s
 86858 59705  100.78748  672 1018  120.81284   55.41746  54.1%  66.8  420s
 89368 63751  100.87239  690  996  120.81284   55.41746  54.1%  66.8  425s
 93576 71258  101.28155  709  978  120.81284   55.41746  54.1%  66.4  436s
 101323 73821  101.61592  746  940  120.81284   55.41746  54.1%  65.9  440s
 103926 76925  101.87811  761  918  120.81284   55.41746  54.1%  66.1  445s
H107611 64105                     112.9640533   55.41746  50.9%  66.1  449s
 108672 63547  102.41929  784  898  112.96405   55.41746  50.9%  66.1  459s
 108748 66437     cutoff  784       112.96405   55.41746  50.9%  66.1  465s
 111804 68897  102.49803  801  881  112.96405   55.41746  50.9%  66.4  472s
 114494 68916  108.46538  840  845  112.96405   55.41746  50.9%  67.1  504s
 114561 70115  103.75166  841  842  112.96405   55.41746  50.9%  67.1  510s
 115963 73530  104.48745  849  834  112.96405   55.41746  50.9%  67.9  518s
 119514 76608  105.72987  871  810  112.96405   55.41746  50.9%  68.2  526s
 122863 80902  107.08036  910  780  112.96405   55.41746  50.9%  68.5  540s
 127598 84040  108.45919  953  748  112.96405   55.41746  50.9%  69.6  549s
 131153 86551  109.57895  984  730  112.96405   55.41746  50.9%  70.2  557s
 133988 88962  109.67679 1000  724  112.96405   55.41746  50.9%  71.5  565s
 136717 92475  110.75647 1035  686  112.96405   55.41746  50.9%  72.3  575s
 140594 95611  110.14133 1059  662  112.96405   55.41746  50.9%  72.8  584s
 144235 98367     cutoff 1069       112.96405   55.41746  50.9%  73.2  593s
 147325 100032  110.33520 1089  634  112.96405   55.41746  50.9%  74.0  601s
 149157 102816  110.36624 1114  611  112.96405   55.41746  50.9%  74.7  610s
 152252 107552  110.60034 1157  576  112.96405   55.41746  50.9%  75.7  623s
 157464 110500  110.87849 1264  477  112.96405   55.41746  50.9%  75.8  631s
 160655 113817  111.37276 1310  438  112.96405   55.41746  50.9%  75.9  639s
 164126 116617  111.37430 1362  390  112.96405   55.41746  50.9%  75.7  646s
 167163 119204  111.37430 1393  359  112.96405   55.41746  50.9%  75.7  654s
 170088 121559  111.50215 1456  298  112.96405   55.41746  50.9%  75.9  662s
 172828 123054     cutoff 1501       112.96405   55.41746  50.9%  76.4  670s
H174193 81983                     104.2902847   55.41746  46.9%  76.9  670s
 174610 83554     cutoff 1547       104.29028   55.41746  46.9%  77.1  677s
 177334 86524   79.49440   55 1584  104.29028   55.41746  46.9%  78.3  687s
 180728 90736   96.47644  258 1489  104.29028   55.41746  46.9%  78.9  697s
 185173 98936  103.94075  478 1292  104.29028   55.41746  46.9%  78.6  706s
 197239 104348  100.61291  223 1545  104.29028   55.41746  46.9%  76.6  713s
 199652 107206   72.83516   33 1601  104.29028   55.41746  46.9%  76.3  717s
 202989 109818   91.40684  117 1597  104.29028   55.41746  46.9%  75.9  722s
 206069 111390   98.11117  217 1506  104.29028   55.41746  46.9%  75.5  726s
 208006 112578  101.89040  323 1409  104.29028   55.41746  46.9%  75.8  731s
 209428 113854     cutoff  417       104.29028   55.59323  46.7%  76.5  736s
 210889 115604   75.14933   46 1580  104.29028   55.59323  46.7%  76.8  743s
 212935 117671   82.95477   74 1517  104.29028   55.59323  46.7%  77.3  750s
 215254 120858   87.61499  153 1460  104.29028   55.59323  46.7%  77.8  762s
 218887 122928   92.96427  258 1424  104.29028   55.59323  46.7%  78.4  770s
 221127 126534   93.94948  327 1379  104.29028   55.59323  46.7%  78.8  781s
 225022 126566   97.57092  454 1257  104.29028   55.59323  46.7%  79.3  791s
H225040 126566                     104.2902847   55.59323  46.7%  79.3  791s
H225050 126566                     104.2902845   55.59323  46.7%  79.3  791s
 225054 129365   97.21112  452 1259  104.29028   55.59323  46.7%  79.3  800s
H227409 119222                     103.3785681   55.59323  46.2%  79.9  801s
H227410 113400                     102.7439155   55.59323  45.9%  79.9  801s
 228292 115666  100.53532  561 1141  102.74392   55.59323  45.9%  80.1  809s
 231527 118624  102.39127  622 1079  102.74392   55.86934  45.6%  81.0  819s
 234893 120904   76.38589   49 1576  102.74392   55.86934  45.6%  81.8  828s
 237545 124570   83.73450  108 1502  102.74392   55.86934  45.6%  82.1  838s
 242152 127562   90.27617  233 1503  102.74392   55.86934  45.6%  82.2  848s
 245969 130750   95.82397  393 1348  102.74392   55.86934  45.6%  82.3  860s
 250010 133707  100.82841  489 1270  102.74392   55.86934  45.6%  82.5  869s
 253476 135832  100.81216  587 1176  102.74392   55.86934  45.6%  82.4  877s
 256353 137691  102.70638  679  868  102.74392   55.86934  45.6%  82.7  885s
H257188 120912                     101.2622521   55.90168  44.8%  82.8  885s
 258656 124041   85.37060  114 1532  101.26225   55.90168  44.8%  82.7  895s
 262801 126640   97.07447  339 1296  101.26225   55.90372  44.8%  82.7  904s
 265918 129650   68.13415   24 1700  101.26225   56.04979  44.6%  82.8  913s
 269391 133886   71.93237   39 1629  101.26225   56.04979  44.6%  82.8  919s
H270681 133285                     101.2036743   56.04979  44.6%  82.8  919s
 274459 138031     cutoff  279       101.20367   56.13879  44.5%  82.7  925s
 279755 142248   71.34147   39 1610  101.20367   56.14181  44.5%  82.1  933s
 284786 143722   84.36265   86 1475  101.20367   56.14181  44.5%  82.1  939s
H285098 129369                      99.9585742   56.14181  43.8%  82.1  939s
 286531 132715   87.45955  140 1439   99.95857   56.14181  43.8%  82.1  948s
 290681 136482   92.29147  233 1435   99.95857   56.14181  43.8%  81.9  956s
 294745 141165   94.81456  312 1375   99.95857   56.14181  43.8%  81.5  961s
 299712 146613   97.13045  355 1338   99.95857   56.14181  43.8%  81.0  966s
 309123 157765     cutoff  527        99.95857   56.46527  43.5%  79.9  977s
 317334 161192   74.95168   40 1591   99.95857   56.46527  43.5%  79.1  980s
 323151 164723   85.48780   88 1524   99.95857   56.46527  43.5%  78.6  988s
 324723 166226   87.89692  134 1488   99.95857   56.46527  43.5%  78.8  992s
 326332 167973   89.72057  164 1516   99.95857   56.46527  43.5%  79.1  997s
 328091 169621   91.46905  202 1502   99.95857   56.46527  43.5%  79.3 1002s
 329803 172386   93.08532  246 1470   99.95857   56.46527  43.5%  79.6 1006s
 332614 173528   97.19015  387 1308   99.95857   56.46527  43.5%  79.9 1011s
 333850 176566   97.48898  407 1284   99.95857   56.46527  43.5%  80.2 1017s
 337081 179245   99.04530  476 1194   99.95857   56.53426  43.4%  80.4 1023s
 339985 183674   83.61400   84 1530   99.95857   56.53426  43.4%  80.8 1033s
 344674 186998   94.21770  320 1273   99.95857   56.53426  43.4%  80.8 1041s
 348119 189919   97.35464  484 1174   99.95857   56.53426  43.4%  80.7 1048s
 351253 192194     cutoff  616        99.95857   56.58081  43.4%  80.7 1054s
 353746 194268   91.36819  118 1543   99.95857   56.58081  43.4%  81.0 1060s
 356079 196441   99.84192  217 1422   99.95857   56.58146  43.4%  81.3 1067s
 358468 198179   60.47788   23 1620   99.95857   56.64190  43.3%  81.7 1073s
 360458 200987   59.67269   25 1651   99.95857   56.64190  43.3%  82.0 1081s
 363490 201018   71.25916   42 1667   99.95857   56.64190  43.3%  82.4 1091s
H363511 201018                      99.9585742   56.64190  43.3%  82.4 1091s
H363514 201018                      99.9585738   56.64190  43.3%  82.4 1091s
 363523 204353   71.43671   42 1663   99.95857   56.64190  43.3%  82.4 1100s
 367155 207900   82.90183   79 1587   99.95857   56.64190  43.3%  82.4 1109s
 371161 212498   88.05658  149 1605   99.95857   56.64190  43.3%  82.2 1120s
 376480 214756   92.47704  272 1481   99.95857   56.64190  43.3%  81.8 1126s
 379242 217988   94.29989  350 1376   99.95857   56.64190  43.3%  81.6 1133s
 382997 222539   95.91634  433 1251   99.95857   56.64190  43.3%  81.3 1138s
 388149 225690   97.64931  487 1211   99.95857   56.64190  43.3%  80.9 1142s
 391651 228932   98.44138  543 1172   99.95857   56.64190  43.3%  80.7 1146s
 395390 231639   99.45410  602 1150   99.95857   56.69020  43.3%  80.5 1152s
 398449 234951   78.22000   56 1555   99.95857   56.70219  43.3%  80.3 1156s
 401867 243932   91.75041  190 1414   99.95857   56.70219  43.3%  80.0 1165s
 413767 248711   73.57160   38 1693   99.95857   56.74176  43.2%  78.7 1172s
 416300 251213   88.70610   87 1643   99.95857   56.74176  43.2%  78.4 1176s
 418834 254548   95.65801  168 1632   99.95857   56.74176  43.2%  78.2 1180s
 424617 257146   93.49224   34 1705   99.95857   56.78758  43.2%  77.9 1185s
 426377 259063     cutoff   25        99.95857   56.87300  43.1%  78.5 1194s
 428065 261438   77.06093   50 1590   99.95857   56.87781  43.1%  78.8 1199s
 430738 267871   90.23075  162 1482   99.95857   56.87781  43.1%  78.9 1209s
 437387 271033   97.47334  374 1240   99.95857   56.90328  43.1%  78.3 1213s
 440880 272745   65.35589   28 1613   99.95857   56.90514  43.1%  78.1 1216s
 445117 278705   79.85896   65 1595   99.95857   56.90514  43.1%  78.4 1224s
 448821 282560   83.65720   83 1580   99.95857   56.90514  43.1%  78.2 1229s
 452827 285345   89.59358  169 1491   99.95857   56.90514  43.1%  77.9 1233s
 455725 287802   92.17012  239 1440   99.95857   56.90514  43.1%  77.8 1238s
 458198 291314   94.17804  304 1357   99.95857   56.90514  43.1%  77.7 1243s
 461780 296676   96.96983  408 1258   99.95857   56.90514  43.1%  77.5 1253s
 467795 299764   99.76265  563 1058   99.95857   56.96440  43.0%  77.1 1258s
 471070 302092   78.42363   46 1641   99.95857   56.96440  43.0%  76.9 1263s
 473651 304232   99.05908  127 1577   99.95857   56.96656  43.0%  76.7 1268s
 476149 306302   85.87875   49 1773   99.95857   56.97784  43.0%  76.7 1272s
 478497 309394   68.85605   26 1664   99.95857   57.00274  43.0%  76.7 1275s
 481953 313115   98.68354   90 1646   99.95857   57.01479  43.0%  76.8 1280s
 485978 316351   81.39440   66 1616   99.95857   57.02450  43.0%  76.6 1286s
 489446 318418   91.83170  181 1577   99.95857   57.02450  43.0%  76.5 1291s
 491753 321710   96.29940  302 1478   99.95857   57.03254  42.9%  76.6 1301s
 495306 325421   66.88989   27 1710   99.95857   57.05110  42.9%  76.7 1307s
 499183 329481   96.65924  169 1651   99.95857   57.05870  42.9%  76.7 1312s
 503464 333003   89.48682   91 1592   99.95857   57.08151  42.9%  76.7 1319s
 507194 335301   64.86728   25 1690   99.95857   57.08317  42.9%  76.7 1326s
 509866 337094   79.76243   37 1701   99.95857   57.08317  42.9%  76.8 1331s
 512011 338643   80.08808   58 1702   99.95857   57.08317  42.9%  77.1 1338s
 513641 342323   82.88533   76 1628   99.95857   57.08317  42.9%  77.3 1346s
 517419 345975   86.63509  105 1605   99.95857   57.08317  42.9%  77.3 1354s
 521187 350882   87.14116  119 1593   99.95857   57.08317  42.9%  77.2 1360s
 529593 356437   89.44010  162 1550   99.95857   57.08317  42.9%  77.1 1370s
 532265 359056   90.01924  186 1527   99.95857   57.08317  42.9%  77.2 1375s
 535074 361163   91.64645  220 1492   99.95857   57.08317  42.9%  77.2 1381s
 537438 363028   91.75210  235 1477   99.95857   57.08317  42.9%  77.2 1387s
 539530 365924   92.44543  257 1447   99.95857   57.08317  42.9%  77.3 1394s
 542657 366416   93.30960  287 1396   99.95857   57.08317  42.9%  77.3 1407s
H542658 357570                      99.6552071   57.08317  42.7%  77.3 1407s
H542966 351953                      99.5072205   57.08317  42.6%  77.3 1407s
 543171 355651   93.30992  288 1395   99.50722   57.08317  42.6%  77.3 1415s
 547397 359581   93.41083  307 1372   99.50722   57.08317  42.6%  77.1 1423s
 551933 362035   94.08262  337 1340   99.50722   57.08317  42.6%  76.9 1432s
 554734 366262   94.12204  358 1322   99.50722   57.08317  42.6%  76.9 1443s
 559776 370225   94.78226  384 1289   99.50722   57.08317  42.6%  76.9 1451s
 564100 374303   95.10522  402 1292   99.50722   57.08317  42.6%  76.8 1456s
 568689 378380   96.85658  440 1171   99.50722   57.08317  42.6%  76.7 1461s
 573147 381053   96.83934  476 1140   99.50722   57.08317  42.6%  76.6 1467s
 576228 383852   98.17555  513 1122   99.50722   57.08317  42.6%  76.7 1473s
 579314 383881     cutoff  569        99.50722   57.08317  42.6%  76.7 1483s
H579316 383881                      99.5072205   57.08317  42.6%  76.7 1483s
H579321 383881                      99.5072204   57.08317  42.6%  76.7 1483s
 579347 386710     cutoff  570        99.50722   57.08317  42.6%  76.7 1489s
 582415 390779   99.03804  621 1008   99.50722   57.08421  42.6%  76.5 1498s
 586936 393928   86.08718   76 1634   99.50722   57.31323  42.4%  76.4 1505s

Resetting heuristic parameters to focus on improving solution
(using Heuristics=0.5 and RINS=10)...

H590397 390684                      99.4284278   57.34809  42.3%  76.3 1518s
 590397 390684   66.83435   30 1649   99.42843   57.34809  42.3%  76.3 1518s
H590402 389737                      99.4042928   57.34809  42.3%  76.3 1518s
H590411 385845                      99.3143213   57.34809  42.3%  76.3 1518s
H590415 375900                      99.0868722   57.34809  42.1%  76.3 1518s
H590420 370151                      98.9439088   57.34809  42.0%  76.3 1518s
H590474 370919                      98.9439088   57.34809  42.0%  76.3 1800s
H590479 370901                      98.9433442   57.34809  42.0%  76.3 1800s
H591096 370707                      98.9382705   57.34809  42.0%  76.5 1800s

Explored 591482 nodes (45311616 simplex iterations) in 1800.94 seconds (3163.25 work units)
Thread count was 32 (of 96 available processors)

Solution count 10: 98.9383 98.9433 98.9439 ... 99.6552

Time limit reached
Best objective 9.893827048029e+01, best bound 5.734809365519e+01, gap 42.0365%
