
Gurobi 9.5.1 (linux64) logging started Thu 11 Aug 2022 01:10:58 AM MST

Set parameter LogFile to value "/home/local/ASUAD/kmajd1/NNRepLayer_v2/demos/walking_example/dynamic_constraint/repair_net_relaxed/logs/opt23_log_8_10_2022_14_29_12.log"
Gurobi Optimizer version 9.5.1 build v9.5.1rc2 (linux64)
Thread count: 48 physical cores, 96 logical processors, using up to 32 threads
Optimize a model with 12558 rows, 9048 columns and 186204 nonzeros
Model fingerprint: 0x03bc60fb
Model has 270 quadratic objective terms
Variable types: 6078 continuous, 2970 integer (2970 binary)
Coefficient statistics:
  Matrix range     [7e-04, 2e+02]
  Objective range  [3e-03, 1e+00]
  QObjective range [7e-02, 7e-02]
  Bounds range     [1e-03, 1e+02]
  RHS range        [3e-04, 2e+02]
Presolve removed 672 rows and 132 columns
Presolve time: 0.20s
Presolved: 11886 rows, 8916 columns, 185400 nonzeros
Presolved model has 270 quadratic objective terms
Variable types: 5946 continuous, 2970 integer (2970 binary)
Root relaxation presolve removed 2970 rows and 2970 columns
Root relaxation presolved: 8916 rows, 5946 columns, 176490 nonzeros
Root relaxation presolved model has 270 quadratic objective terms


Root relaxation: objective 2.476184e+01, 9286 iterations, 0.44 seconds (1.18 work units)

    Nodes    |    Current Node    |     Objective Bounds      |     Work
 Expl Unexpl |  Obj  Depth IntInf | Incumbent    BestBd   Gap | It/Node Time

     0     0   24.76184    0  409          -   24.76184      -     -    0s
     0     0   24.86357    0  409          -   24.86357      -     -    2s
     0     2   24.86357    0  409          -   24.86357      -     -    7s
     3     8   31.84870    2 1028          -   24.95071      -  3537   13s
     7    16   35.45168    3 1083          -   24.99211      -  1847   15s
    15    28   39.47672    4 1319          -   25.38397      -  1087   20s
   238   277   54.81919   10 1613          -   26.42662      -   392   26s
  1376  1488   60.65226   27 1560          -   26.42662      -   155   30s
  3602  3803   65.31198   73 1465          -   26.42662      -   116   35s
  6423  6734   68.05988  109 1416          -   26.42662      -  90.5   40s
  9216  9342   84.77086  161 1417          -   26.42662      -  92.1   45s
 13137 13772   88.35141  236 1330          -   26.42662      -  77.1   50s
H14562 13805                     770.7891565   26.42662  96.6%  73.9   57s
H14563 13117                      64.0479197   26.42662  58.7%  74.5   57s
 14564 13117   36.11640   10  885   64.04792   26.42662  58.7%  74.8   64s
 14566 13120   36.11640   11  880   64.04792   26.60754  58.5%  74.8   66s
 14640 13195   28.84648   16  716   64.04792   28.38423  55.7%  75.4   71s
H14672 12561                      59.8562625   28.38613  52.6%  75.7   78s
H14673 11938                      59.5471271   28.38613  52.3%  75.7   78s
H14680 11344                      54.3811332   28.38613  47.8%  75.8   78s
 14704 11364   29.24819   18  686   54.38113   28.38613  47.8%  75.8   81s
H14720 10795                      53.8125686   28.38613  47.3%  75.8   81s
 15188 11097   33.15074   33  816   53.81257   28.38613  47.3%  77.5   85s
 15778 11439   36.55120   54 1212   53.81257   28.38613  47.3%  83.0   95s
H15789 10901                      53.8125686   28.38613  47.3%  83.0   95s
H15790 10394                      53.8125685   28.38613  47.3%  83.0   95s
H15804  9907                      53.8125671   28.38613  47.3%  83.0   95s
 16495 10521   39.87451   72 1174   53.81257   28.38613  47.3%  82.5  100s
 19295 12512   45.21648  153 1192   53.81257   28.38613  47.3%  75.8  105s
 24871 16342   33.73198   36 1138   53.81257   28.39885  47.2%  64.4  110s
 27990 17666   40.36108  102 1068   53.81257   28.39885  47.2%  60.9  116s
 29323 18431   41.77676  137 1032   53.81257   28.39885  47.2%  60.0  126s
H29324 17452                      53.3801788   28.39885  46.8%  60.0  126s
 29356 20359   41.79641  138 1031   53.38018   28.39885  46.8%  60.0  153s
H30565 17347                      49.2703774   28.39885  42.4%  59.1  153s
 32332 20114   46.67606  231  955   49.27038   28.39885  42.4%  57.9  159s
 35916 21600     cutoff  316        49.27038   28.39917  42.4%  55.5  162s
 38785 22634   37.28122   84 1010   49.27038   28.39917  42.4%  54.0  165s
 42997 26075   44.40831  217  991   49.27038   28.39917  42.4%  52.4  171s
 46505 29086   49.24487  312  857   49.27038   28.41042  42.3%  51.9  177s
 50105 31736   39.84543  116  762   49.27038   28.41042  42.3%  51.1  213s
H50142 30565                      48.6177602   28.41042  41.6%  51.0  213s
 51261 32728   41.63323  154  723   48.61776   28.41042  41.6%  51.4  217s
 53624 34881   43.50146  241  614   48.61776   28.41042  41.6%  51.1  221s
 55841 37142   43.93022  322  560   48.61776   28.41042  41.6%  50.6  225s
 58246 41563   44.08314  419  452   48.61776   28.41042  41.6%  50.2  234s
 62924 44551   44.17692  613  316   48.61776   28.41042  41.6%  49.8  236s
 68539 49006   47.27843  865  225   48.61776   28.41042  41.6%  49.2  241s
 72996 52833   48.06215 1076  139   48.61776   28.41042  41.6%  49.3  247s
 75248 54618     cutoff 1180        48.61776   28.52742  41.3%  49.4  250s
 80715 60865   45.03392  208 1015   48.61776   28.57515  41.2%  49.2  255s
 87673 71902   41.97849  173  725   48.61776   28.65746  41.1%  48.3  267s
 95949 74501   45.57665  565  409   48.61776   28.65746  41.1%  46.9  270s
 102164 81081   47.78036  826  265   48.61776   28.65746  41.1%  46.2  275s
H108984 83668                      48.6177602   28.65746  41.1%  45.8  286s
H109009 83668                      48.6177602   28.65746  41.1%  45.8  286s
 109017 86267   48.59452 1093   76   48.61776   29.87609  38.5%  45.8  290s
 114465 92967   42.05974  149  677   48.61776   29.87609  38.5%  45.5  297s
 119012 99751   46.26883  318  565   48.61776   29.87609  38.5%  45.0  305s
 128615 104874   39.91111   43 1459   48.61776   30.01255  38.3%  45.3  311s
 135597 109711     cutoff  110        48.61776   30.37936  37.5%  45.3  318s
 137863 112130   41.98251  130 1090   48.61776   30.37936  37.5%  45.9  322s
 140483 116338   48.47683  303  946   48.61776   30.38080  37.5%  46.1  325s
 148504 121965   48.52869  328  711   48.61776   30.39561  37.5%  45.6  335s
 151187 126975   39.77244  134  968   48.61776   30.47826  37.3%  45.7  345s
 162761 136524   47.48706  311  999   48.61776   30.55175  37.2%  45.8  353s
 167339 140710   40.61565  138 1004   48.61776   30.55175  37.2%  45.7  357s
 171817 143263   46.77917  327  873   48.61776   30.55175  37.2%  45.3  361s
 178983 153180   39.72126  116 1154   48.61776   30.69983  36.9%  45.2  371s
 188359 158714   39.14302  114 1268   48.61776   30.77313  36.7%  44.9  377s
 191929 162173   45.72235  248 1149   48.61776   30.77313  36.7%  44.7  380s
 198191 166566   37.23874   65 1055   48.61776   30.78563  36.7%  44.4  387s
 200615 170016   45.39287  205  955   48.61776   30.78563  36.7%  44.5  390s
 207518 174739   38.83878   70 1116   48.61776   30.78661  36.7%  44.2  397s
 209652 178447   44.69802  147 1029   48.61776   30.87534  36.5%  44.6  404s
 213711 182496   35.64147   37 1101   48.61776   30.87534  36.5%  44.6  407s
 218220 186561   41.87351   75 1167   48.61776   30.87534  36.5%  44.6  410s
H225974 189417                      48.6177601   30.87534  36.5%  44.5  422s
 226017 192362   47.96874  133 1076   48.61776   30.88289  36.5%  44.5  425s
 232479 197844   43.24700  137 1108   48.61776   30.90432  36.4%  44.5  433s
 235391 200412   48.33854  217 1026   48.61776   30.96486  36.3%  44.4  438s
 238201 204620   37.13374   80 1039   48.61776   31.00773  36.2%  44.3  441s
 242631 210013   44.95044  254  901   48.61776   31.02469  36.2%  44.0  445s
*243682 202147            1442      48.2924399   31.02469  35.8%  44.0  446s
*243683 189280            1442      47.7170341   31.02469  35.0%  44.0  446s
 252219 194824   45.58129  234  873   47.71703   31.08225  34.9%  43.8  451s
 257881 199171   37.77398   38 1212   47.71703   31.08225  34.9%  43.7  457s
 260530 201665   40.53878   57 1402   47.71703   31.08225  34.9%  43.7  461s
 266732 207247   47.21793   95 1391   47.71703   31.09411  34.8%  43.6  466s
 269470 209642   33.70133   30  996   47.71703   31.09411  34.8%  43.7  470s
 272094 215591   36.09354   51  994   47.71703   31.09411  34.8%  43.8  475s
 281011 220532   43.59830  162  809   47.71703   31.09411  34.8%  43.4  481s
 283494 223160   44.40723  195  804   47.71703   31.09411  34.8%  43.5  485s
 288317 227240   46.68400  230  830   47.71703   31.16975  34.7%  43.7  494s
 291023 231452   33.21319   31 1005   47.71703   31.21089  34.6%  43.8  497s
 295444 231482   42.23657  192  960   47.71703   31.21089  34.6%  43.6  505s
 299087 237019   47.05549  348  860   47.71703   31.21132  34.6%  43.5  511s
 301816 241481   34.56504   36 1037   47.71703   31.21132  34.6%  43.6  518s
 306584 244727   44.18464  150  868   47.71703   31.21132  34.6%  43.5  523s
 309962 248707   46.48331  240  741   47.71703   31.23873  34.5%  43.3  525s
 317315 254173   47.42191  159 1056   47.71703   31.28600  34.4%  43.1  532s
 320343 257073   34.81862   35 1033   47.71703   31.28600  34.4%  43.0  536s
 327240 263481   44.81062  244 1018   47.71703   31.28600  34.4%  42.7  542s
H328933 251596                      47.3041840   31.28600  33.9%  42.7  542s
 330443 253461     cutoff  365        47.30418   31.28600  33.9%  42.7  545s
 332890 257856   39.33569   83 1195   47.30418   31.32913  33.8%  42.8  550s
 340857 263705   46.72816  228  922   47.30418   31.35182  33.7%  42.8  557s
 343868 266148   36.14099   73 1057   47.30418   31.35182  33.7%  42.8  561s
 346693 269182   40.95917  161  993   47.30418   31.35182  33.7%  42.8  566s
 349871 271835   44.75009  256  903   47.30418   31.36940  33.7%  42.8  570s
 352777 274096   33.55104   31 1174   47.30418   31.36940  33.7%  42.8  575s
 357766 278740   47.00186  189 1332   47.30418   31.37884  33.7%  43.1  582s
 361217 281644   39.12351  141  973   47.30418   31.40302  33.6%  43.3  586s
 364575 284405   35.39935   41 1054   47.30418   31.41459  33.6%  43.4  591s
 367838 286958   47.13723  138 1262   47.30418   31.41896  33.6%  43.7  596s
 370707 289733   35.38995   52 1053   47.30418   31.41896  33.6%  44.0  601s
 373684 292437   38.03807   96  924   47.30418   31.41896  33.6%  44.3  607s
 376745 296147   42.83907  144  848   47.30418   31.41896  33.6%  44.6  612s
 380955 299191   45.43128  202  783   47.30418   31.41896  33.6%  44.7  616s
 384303 302467     cutoff  248        47.30418   31.43653  33.5%  44.7  621s
 388050 305459   39.67085   64 1385   47.30418   31.47595  33.5%  44.9  626s
 391494 307417     cutoff  165        47.30418   31.48230  33.4%  44.9  631s
 394092 309920   44.14632  138 1336   47.30418   31.49327  33.4%  45.2  638s
 397050 313221   40.28272   81 1274   47.30418   31.49481  33.4%  45.4  642s
 400983 316116   34.43302   37 1139   47.30418   31.49481  33.4%  45.6  647s
 404390 318239   47.01841  150 1430   47.30418   31.49481  33.4%  45.8  652s
 407100 320220   36.65411   78  938   47.30418   31.49481  33.4%  46.1  657s
 409743 322617   40.69023  126  886   47.30418   31.49481  33.4%  46.4  663s
 412778 325387   44.71168  194  776   47.30418   31.49481  33.4%  46.6  668s
 415911 327874   46.62902  269  680   47.30418   31.50529  33.4%  46.8  672s
 419063 330702   33.08129   32 1031   47.30418   31.50801  33.4%  47.2  678s
 422515 333839   33.18772   46 1169   47.30418   31.54264  33.3%  47.4  684s
 426102 337159   42.94640  174  819   47.30418   31.54264  33.3%  47.5  690s
 429686 341040   45.17402  296  676   47.30418   31.54264  33.3%  47.5  697s
 433983 343880   45.87923  510  525   47.30418   31.54264  33.3%  47.5  700s
 437052 346515   46.43321  702  408   47.30418   31.54264  33.3%  47.6  705s
 442932 351122   45.38586   99 1163   47.30418   31.56899  33.3%  47.8  714s
 445140 353722   37.60202   31 1359   47.30418   31.56899  33.3%  47.9  719s
 448159 356303   46.92885   85 1328   47.30418   31.56899  33.3%  48.0  723s
H451217 356331                      47.3041840   31.58460  33.2%  48.1  731s
H451222 356331                      47.3041840   31.58460  33.2%  48.1  731s
H451246 356331                      47.3041839   31.58460  33.2%  48.1  731s
 451251 358838   41.75953  128 1209   47.30418   31.58460  33.2%  48.1  736s
 454325 361392   35.43005   58 1255   47.30418   31.58460  33.2%  48.3  742s
 457207 363694   38.35244   44 1259   47.30418   31.58460  33.2%  48.5  748s
 460003 366840     cutoff   84        47.30418   31.59931  33.2%  48.7  754s
 463538 370143   33.27854   28 1104   47.30418   31.60715  33.2%  48.9  760s
 467114 373244   35.70881   72 1129   47.30418   31.60715  33.2%  48.9  766s
 470597 376434   41.46657  139  991   47.30418   31.60715  33.2%  48.9  772s
 474241 379241   45.33030  222  878   47.30418   31.60715  33.2%  48.9  778s
 477515 382009   47.19527  286  783   47.30418   31.60728  33.2%  49.0  784s
 480819 384659   40.70261  108 1254   47.30418   31.61660  33.2%  49.0  789s
 484216 387057   45.99803  228 1222   47.30418   31.62735  33.1%  49.0  795s
 487289 389643   43.06565   38 1539   47.30418   31.63916  33.1%  49.2  801s
 490710 392585   38.78743   88 1213   47.30418   31.63916  33.1%  49.2  807s
 494197 394745   44.89467  197 1048   47.30418   31.64121  33.1%  49.3  812s
 496965 397548   35.58208   67 1167   47.30418   31.64121  33.1%  49.4  815s
 500508 400008   45.14239  248 1016   47.30418   31.64121  33.1%  49.5  820s
 503717 403206   35.55617   52 1081   47.30418   31.65995  33.1%  49.5  825s
 507402 406800   33.83916   40 1292   47.30418   31.66339  33.1%  49.6  831s
 511312 409075     cutoff  121        47.30418   31.66948  33.1%  49.5  835s
 514105 412544   41.46455   86 1204   47.30418   31.67578  33.0%  49.5  841s
 517765 415591   32.20600   21  873   47.30418   31.67578  33.0%  49.5  847s
 521281 418610   40.63631  103 1582   47.30418   31.67578  33.0%  49.4  851s
 527978 423914   41.86803   48 1259   47.30418   31.67785  33.0%  49.7  858s
 531054 426870   41.94363   61 1317   47.30418   31.69742  33.0%  49.8  863s
 534307 429897   41.94363   60 1323   47.30418   31.70084  33.0%  49.9  868s
 537642 432646   37.49046   45 1245   47.30418   31.70084  33.0%  49.9  873s
 540791 434473   44.73589  129 1148   47.30418   31.70084  33.0%  50.0  879s
 543194 437514   33.05482   34 1095   47.30418   31.70084  33.0%  50.2  883s
 546691 441170   47.17954  110 1394   47.30418   31.70084  33.0%  50.3  888s
 550793 443484   41.88734  117 1098   47.30418   31.71040  33.0%  50.3  892s
 553432 445469     cutoff  190        47.30418   31.71040  33.0%  50.4  897s
 555969 448244   32.27064   45 1002   47.30418   31.72621  32.9%  50.5  902s
 559057 451608   35.93269   99  955   47.30418   31.72621  32.9%  50.6  906s
 562939 453975   39.92497  139  906   47.30418   31.72621  32.9%  50.6  910s
 565950 456913     cutoff  193        47.30418   31.72621  32.9%  50.7  915s
 569206 458942   45.65228  273  724   47.30418   31.72621  32.9%  50.7  920s
 574149 463173   47.13476  390  615   47.30418   31.76230  32.9%  50.9  930s
 579841 468654   31.78686   34 1093   47.30418   31.77022  32.8%  51.2  939s
 583495 472190   35.07987   37 1226   47.30418   31.77720  32.8%  51.3  945s
 587334 474489   32.48937   37 1051   47.30418   31.78355  32.8%  51.3  950s
 590217 474509   33.50381   35 1224   47.30418   31.78810  32.8%  51.4  958s
H590222 474504                      47.3041396   31.78810  32.8%  51.4  959s
H590233 468054                      47.1660298   31.78810  32.6%  51.4  959s
H590239 455722                      46.9673432   31.78810  32.3%  51.4  959s
 590261 458194   33.61231   36 1186   46.96734   31.78814  32.3%  51.4  963s
 593191 460712   32.95291   40 1057   46.96734   31.78814  32.3%  51.6  968s
 595904 464194   39.58378  108 1003   46.96734   31.78814  32.3%  51.7  974s
 599493 467612   45.87360  201  859   46.96734   31.79781  32.3%  51.7  979s
 603167 470340   32.18261   25  992   46.96734   31.79781  32.3%  51.7  984s
 606384 472777   41.10279  113 1220   46.96734   31.79781  32.3%  51.7  990s
 609260 476054   46.90145  197 1184   46.96734   31.79781  32.3%  51.8  997s
 613039 478258   46.23038   94 1292   46.96734   31.80068  32.3%  51.9 1002s
 615886 481342   36.08130   54 1205   46.96734   31.80068  32.3%  52.0 1008s
 619423 485089   43.93265  172 1140   46.96734   31.80068  32.3%  52.1 1012s
 623741 488373   37.64614   64 1316   46.96734   31.80810  32.3%  52.1 1016s
 627380 490568 infeasible  232        46.96734   31.81640  32.3%  52.1 1020s
 629833 493336   45.65874   69 1286   46.96734   31.81868  32.3%  52.4 1025s
 632879 496811   42.42583  124 1225   46.96734   31.82372  32.2%  52.5 1031s
 636471 499961   36.86979   99 1251   46.96734   31.82796  32.2%  52.5 1037s
 639906 502504   45.95375  295  949   46.96734   31.82798  32.2%  52.4 1041s
 643021 505876   35.10411   51 1193   46.96734   31.82808  32.2%  52.5 1045s
 646851 507803   46.83091  211 1072   46.96734   31.83300  32.2%  52.5 1050s
 649358 509763   35.65162   52 1063   46.96734   31.83338  32.2%  52.7 1055s
 651679 512873   39.53390   95 1022   46.96734   31.83338  32.2%  52.8 1061s
 654990 515312   43.25667  143  933   46.96734   31.83338  32.2%  52.8 1067s
 657944 518768   45.87183  190  893   46.96734   31.83598  32.2%  52.8 1071s
 661962 521664   34.73877   42 1065   46.96734   31.83747  32.2%  52.8 1075s
 665442 524459   43.34713   43 1159   46.96734   31.85021  32.2%  52.9 1081s
 668657 527352   33.64393   34 1118   46.96734   31.85473  32.2%  53.0 1087s
 672034 530729   45.18909  175 1115   46.96734   31.85473  32.2%  53.0 1092s
 675831 533220   39.17536   68 1497   46.96734   31.86002  32.2%  53.0 1097s
 678892 536308   46.65472  150 1573   46.96734   31.86616  32.2%  53.0 1102s
 682370 539023   37.60437   89 1226   46.96734   31.86616  32.2%  53.0 1107s
 685542 541905   43.75153  191 1077   46.96734   31.86795  32.1%  53.0 1111s
 688952 545531   36.55987   65 1300   46.96734   31.86795  32.1%  53.1 1116s
 692943 548086   46.37646  233 1034   46.96734   31.87446  32.1%  53.1 1120s
 696004 550026   46.78541   56 1252   46.96734   31.87664  32.1%  53.1 1126s
 698463 553461   38.78431  104 1234   46.96734   31.87791  32.1%  53.3 1133s
 702439 556379     cutoff  237        46.96734   31.87826  32.1%  53.4 1139s
 705886 560629   36.05093   45 1286   46.96734   31.88459  32.1%  53.4 1144s
 710748 563892   32.57024   30  976   46.96734   31.89263  32.1%  53.4 1148s
 714590 566532   44.19340  144 1189   46.96734   31.89264  32.1%  53.4 1153s
 717852 569828 infeasible   55        46.96734   31.89665  32.1%  53.5 1158s
 721483 573228   42.65007   53 1280   46.96734   31.89665  32.1%  53.5 1163s
 725129 577075   37.19448   51 1185   46.96734   31.89665  32.1%  53.4 1168s
 729358 579404     cutoff  167        46.96734   31.89665  32.1%  53.3 1172s
H732112 579428                      46.9673432   31.90337  32.1%  53.4 1180s
 732149 582174   36.76286   47 1270   46.96734   31.90337  32.1%  53.4 1185s
 735248 584177   43.06004  131 1266   46.96734   31.90337  32.1%  53.4 1190s
 737691 586600   32.15420   33 1145   46.96734   31.90697  32.1%  53.5 1195s
 740468 589704   43.54947  169  853   46.96734   31.90697  32.1%  53.5 1200s
 743788 593082   45.99512  365  661   46.96734   31.90697  32.1%  53.5 1205s
 747413 595517   46.91871  542  528   46.96734   31.91185  32.1%  53.4 1210s
 750273 597826   41.01156   85 1285   46.96734   31.91185  32.1%  53.5 1215s
 753179 599711   46.80851  178 1138   46.96734   31.91512  32.0%  53.5 1220s
 755516 601817   33.46728   33 1067   46.96734   31.91512  32.0%  53.6 1226s
 757856 605875   37.79996   89 1053   46.96734   31.91512  32.0%  53.8 1231s
 762302 608947   43.10107  168  928   46.96734   31.91512  32.0%  53.9 1237s
 765686 611975   45.95800  214  875   46.96734   31.91512  32.0%  54.0 1242s
 769074 615467     cutoff  267        46.96734   31.92562  32.0%  54.1 1248s
 772834 618621   42.62503  139  900   46.96734   31.92562  32.0%  54.2 1253s
 776374 621649   46.50013  238  781   46.96734   31.92803  32.0%  54.2 1259s
 779693 625112   39.04656   72 1453   46.96734   31.92803  32.0%  54.3 1264s
 783434 628016   45.34142  173 1385   46.96734   31.93172  32.0%  54.2 1270s
 786678 630502   33.04578   35 1085   46.96734   31.93378  32.0%  54.2 1276s
 789644 634002   46.89647   99 1467   46.96734   31.93457  32.0%  54.3 1282s
 793679 636874   46.05921  160  813   46.96734   31.93722  32.0%  54.3 1288s
 797027 639826   36.15888   71 1280   46.96734   31.93722  32.0%  54.2 1293s
 800343 642412   42.88455  175 1174   46.96734   31.93722  32.0%  54.2 1298s
 803475 645650 infeasible  272        46.96734   31.93722  32.0%  54.3 1303s
 807069 648561   37.84528   65 1517   46.96734   31.94868  32.0%  54.3 1309s
 810347 651394   44.50862  158 1260   46.96734   31.95011  32.0%  54.3 1314s
 813623 653500   41.21766   46 1326   46.96734   31.95303  32.0%  54.2 1319s
 816222 656649     cutoff   46        46.96734   31.95881  32.0%  54.3 1324s
 819936 659719   46.03600   93 1129   46.96734   31.96222  31.9%  54.3 1327s
 823409 662312   32.56382   38 1058   46.96734   31.96222  31.9%  54.3 1332s
 826404 664183   45.96635   95 1052   46.96734   31.96256  31.9%  54.3 1336s
 828614 666839   36.88135   67 1424   46.96734   31.96256  31.9%  54.4 1341s
 831658 668614   45.95620  231 1101   46.96734   31.96400  31.9%  54.5 1346s
 834053 670147 infeasible   33        46.96734   31.96644  31.9%  54.6 1351s
 835944 673222   34.56300   55 1095   46.96734   31.96644  31.9%  54.8 1358s
 839243 676056   35.07528   83 1002   46.96734   31.96644  31.9%  54.8 1364s
 842391 678426   37.79271  121  954   46.96734   31.96644  31.9%  54.8 1369s
 845352 680358   41.18720  166  858   46.96734   31.96644  31.9%  54.9 1375s
 847826 682914   42.78553  206  813   46.96734   31.96644  31.9%  55.0 1381s
 851093 685209   45.67174  265  754   46.96734   31.96644  31.9%  55.1 1388s
 854087 687967   46.06970  322  687   46.96734   31.96644  31.9%  55.3 1394s
 857441 691026     cutoff  375        46.96734   31.96957  31.9%  55.4 1402s
 861164 691055   46.16037   74 1306   46.96734   31.96957  31.9%  55.5 1409s
 861199 694008   46.37964   75 1321   46.96734   31.98136  31.9%  55.5 1416s
 864822 697141   34.32630   32 1175   46.96734   31.98136  31.9%  55.5 1423s
 868577 700367   45.46631  138 1674   46.96734   31.98530  31.9%  55.5 1430s
 872410 703085   34.32129   34 1158   46.96734   31.98574  31.9%  55.6 1436s
 875814 705808   46.80546  213 1052   46.96734   31.98574  31.9%  55.6 1442s
 878935 708744   38.65268   51 1274   46.96734   31.98574  31.9%  55.6 1448s
 882307 712201   46.68769  148 1170   46.96734   31.98574  31.9%  55.6 1452s
 886264 715380   41.27641  129 1152   46.96734   31.99475  31.9%  55.6 1457s
 889890 717331   33.46640   34  962   46.96734   31.99475  31.9%  55.6 1462s
 892392 719890     cutoff   91        46.96734   31.99475  31.9%  55.7 1467s
 895412 722362   40.34257   87 1381   46.96734   31.99987  31.9%  55.8 1473s
 898398 725411   34.13322   36 1056   46.96734   32.00575  31.9%  55.8 1479s
 901801 727401   46.23741  166 1131   46.96734   32.00632  31.9%  55.9 1485s
 904161 730595   42.75239   51 1243   46.96734   32.01065  31.8%  56.0 1491s
 907557 733415   35.37546   55 1254   46.96734   32.01115  31.8%  56.0 1497s
 910593 736958   33.84875   36 1088   46.96734   32.01115  31.8%  56.0 1501s

Resetting heuristic parameters to focus on improving solution
(using Heuristics=0.5 and RINS=10)...

H914530 735080                      46.9400560   32.01115  31.8%  55.9 1512s
 914530 735080   46.15485  197 1095   46.94006   32.01115  31.8%  55.9 1512s
H914577 735080                      46.9400560   32.01115  31.8%  55.9 1512s
H914587 727259                      46.8428652   32.01115  31.7%  55.9 1512s
H914716 727577                      46.8428652   32.01115  31.7%  55.9 1586s
H914729 727577                      46.8428649   32.01115  31.7%  55.9 1587s
 915096 742715   46.42940  206 1091   46.84286   32.01200  31.7%  56.0 1800s
H915188 742715                      46.8428649   32.01200  31.7%  56.0 1800s
H915205 742690                      46.8425286   32.01200  31.7%  56.0 1800s
H915212 742202                      46.8375199   32.01200  31.7%  56.0 1800s
H915298 733692                      46.7506199   32.01200  31.5%  56.0 1800s
H916462 733435                      46.7480346   32.01405  31.5%  56.1 1800s
H918683 730250                      46.7153324   32.01451  31.5%  56.3 1800s
H919997 730228                      46.7151238   32.01502  31.5%  56.4 1800s
H920553 729228                      46.7062622   32.01593  31.5%  56.4 1800s
H921439 727813                      46.6941901   32.01603  31.4%  56.5 1800s
H925074 721320                      46.6404734   32.01744  31.4%  56.8 1800s

Explored 936280 nodes (53856926 simplex iterations) in 1801.08 seconds (2870.23 work units)
Thread count was 32 (of 96 available processors)

Solution count 10: 46.6405 46.7063 46.7151 ... 47.3042

Time limit reached
Best objective 4.664047337274e+01, best bound 3.202688256397e+01, gap 31.3324%
