
Gurobi 9.5.1 (linux64) logging started Thu 11 Aug 2022 04:45:27 AM MST

Set parameter LogFile to value "/home/local/ASUAD/kmajd1/NNRepLayer_v2/demos/walking_example/dynamic_constraint/repair_net_relaxed/logs/opt33_log_8_10_2022_14_29_12.log"
Gurobi Optimizer version 9.5.1 build v9.5.1rc2 (linux64)
Thread count: 48 physical cores, 96 logical processors, using up to 32 threads
Optimize a model with 12558 rows, 9048 columns and 186204 nonzeros
Model fingerprint: 0x7e2ce6c6
Model has 270 quadratic objective terms
Variable types: 6078 continuous, 2970 integer (2970 binary)
Coefficient statistics:
  Matrix range     [7e-04, 2e+02]
  Objective range  [3e-03, 1e+00]
  QObjective range [7e-02, 7e-02]
  Bounds range     [2e-04, 1e+02]
  RHS range        [7e-05, 2e+02]
Presolve removed 769 rows and 193 columns
Presolve time: 0.27s
Presolved: 11789 rows, 8855 columns, 183951 nonzeros
Presolved model has 270 quadratic objective terms
Variable types: 5921 continuous, 2934 integer (2934 binary)
Root relaxation presolve removed 2933 rows and 2933 columns
Root relaxation presolved: 8856 rows, 5922 columns, 175152 nonzeros
Root relaxation presolved model has 270 quadratic objective terms


Root relaxation: objective 3.003649e+01, 12833 iterations, 0.52 seconds (1.25 work units)

    Nodes    |    Current Node    |     Objective Bounds      |     Work
 Expl Unexpl |  Obj  Depth IntInf | Incumbent    BestBd   Gap | It/Node Time

     0     0   30.03649    0  736          -   30.03649      -     -    1s
     0     0   30.58872    0  736          -   30.58872      -     -    3s
H    0     0                      61.1402585   30.58872  50.0%     -    5s
H    0     0                      61.1402585   30.58872  50.0%     -    5s
     0     2   30.58872    0  739   61.14026   30.58872  50.0%     -    5s
     6    12   47.73299    3  954   61.14026   30.75641  49.7%   604   10s
H   48    80                      61.1402585   30.86119  49.5%   235   12s
H   62    80                      61.1402584   30.86119  49.5%   193   12s
H   68    80                      61.1402582   30.86119  49.5%   182   12s
H  112   144                      59.2814140   31.13291  47.5%   176   18s
H  113   144                      59.2290631   31.13291  47.4%   177   18s
H  114   144                      55.7020970   31.13291  44.1%   175   18s
H  116   144                      55.3139171   31.13291  43.7%   177   18s
   144   174     cutoff    9        55.31392   31.13291  43.7%   192   23s
H  149   174                      55.1951181   31.13291  43.6%   189   23s
H  167   174                      55.1520149   31.13291  43.6%   190   23s
   667   739   35.76501   18 1025   55.15201   31.13291  43.6%  95.3   25s
H 1205  1167                      55.1520149   31.13291  43.6%  72.8   33s
  1613  1592   38.31706   44  941   55.15201   31.13291  43.6%  66.2   35s
  3481  3434   40.13951   96  859   55.15201   31.13291  43.6%  58.2   40s
  7188  6828   43.81601  162  885   55.15201   31.13291  43.6%  47.3   45s
H 8115  7107                      54.9814363   31.13291  43.4%  47.8   64s
H 8117  6750                      54.9814363   31.13291  43.4%  47.8   66s
  8121  6753   45.28106   15 1033   54.98144   31.42451  42.8%  49.4   79s
  8125  6757   47.73434   17  867   54.98144   31.42451  42.8%  49.5   80s
H 8210  6463                      54.9814363   31.95097  41.9%  51.6   84s
H 8211  6141                      54.9814362   31.95097  41.9%  51.6   84s
H 8212  5836                      54.9814361   31.95097  41.9%  51.6   84s
H 8214  5545                      54.8872975   31.95097  41.8%  51.6   84s
H 8227  5266                      54.7603438   31.95097  41.7%  51.8   84s
H 8235  5002                      54.6376148   31.95097  41.5%  51.9   84s
  8273  5018   32.59839   24  844   54.63761   32.59839  40.3%  52.1   85s
H 9263  5147                      54.6232974   32.59839  40.3%  55.8   95s
H 9264  4910                      54.5185689   32.59839  40.2%  55.9   95s
H 9270  4684                      54.3032971   32.59839  40.0%  56.1   95s
  9295  4695   36.33205   34 1113   54.30330   32.59839  40.0%  56.1  102s
 10548  5336   42.62050   84 1120   54.30330   32.59839  40.0%  60.9  105s
 12782  6505   50.32192  181 1143   54.30330   32.59839  40.0%  64.0  110s
 13721  7155   52.70690  220 1070   54.30330   32.59839  40.0%  63.6  115s
 17048  9425     cutoff   50        54.30330   32.87639  39.5%  61.1  120s
 22264 12842   52.66767  190 1012   54.30330   33.03826  39.2%  57.7  125s
 22912 12873   54.20513  218  933   54.30330   33.03826  39.2%  57.4  130s
H22929 12873                      54.3032971   33.03826  39.2%  57.4  130s
 22945 12898     cutoff  219        54.30330   33.03826  39.2%  57.4  136s
H22951 12888                      54.2075198   33.03826  39.1%  57.5  136s
H22960 12885                      54.1734434   33.03826  39.0%  57.5  136s
H22965 12788                      54.0579860   33.03826  38.9%  57.5  136s
 25123 15593   39.81073   39 1128   54.05799   33.34212  38.3%  56.6  140s
 28474 18896   46.15118  105 1048   54.05799   33.34212  38.3%  54.3  145s
 32112 21499   48.34251  173  970   54.05799   33.34212  38.3%  53.3  153s
 32168 22397   48.28912  176  963   54.05799   33.34212  38.3%  53.3  155s
 35328 25998   49.04189  215  918   54.05799   33.34212  38.3%  53.1  189s
H35620 25057                      53.4467828   33.34212  37.6%  52.9  189s
 36985 27041   50.22058  241  879   53.44678   33.34212  37.6%  52.4  191s
 41389 30554   52.59235  351  770   53.44678   33.34212  37.6%  51.4  196s
 44998 33471   53.25617  389  787   53.44678   33.63408  37.1%  51.1  201s
 48251 36161   39.99394   47  992   53.44678   33.84119  36.7%  51.0  206s
 52338 40519     cutoff  187        53.44678   34.00794  36.4%  51.1  210s
 57327 44776   47.16989   67 1092   53.44678   34.36719  35.7%  50.5  215s
 59719 48363   51.88774  120 1171   53.44678   34.43622  35.6%  50.0  220s
 68353 54372   49.52464  272  496   53.44678   34.43848  35.6%  49.9  226s
 73215 59069   52.14934  502  350   53.44678   34.43848  35.6%  50.3  232s
 75854 61140   52.95048  640  266   53.44678   34.75691  35.0%  50.4  235s
 80839 66017   47.50919  208  846   53.44678   34.75691  35.0%  50.5  242s
 83504 69108   49.81043  347  683   53.44678   34.75691  35.0%  50.6  245s
 90571 76617   53.03883  652  387   53.44678   34.85099  34.8%  50.3  255s
 98207 82516   40.74992   83 1006   53.44678   34.85099  34.8%  50.6  262s
H98337 82476                      53.4381819   34.85099  34.8%  50.6  262s
 101658 86001   44.27440  136  951   53.43818   34.85099  34.8%  50.7  266s
H105396 86031                      53.4381818   34.85099  34.8%  50.5  272s
H105425 86031                      53.4381817   34.85099  34.8%  50.5  272s
H105430 86101                      53.4381817   34.85099  34.8%  50.5  312s
H105431 79510                      52.8665134   34.85099  34.1%  50.5  312s
H105439 79173                      52.8364936   34.85099  34.0%  50.5  312s
H105510 77709                      52.7145239   34.85099  33.9%  50.6  312s
H105515 75414                      52.5503805   34.85099  33.7%  50.6  312s
H105523 74653                      52.4955553   34.85099  33.6%  50.6  312s
 105528 77826   48.45010  243  765   52.49556   34.85099  33.6%  50.6  317s
 108940 80458   49.44753  322  723   52.49556   34.85099  33.6%  50.6  321s
 111988 82625   50.40367  369  671   52.49556   34.85099  33.6%  50.8  325s
 117712 87906   52.19373  435  643   52.49556   35.47574  32.4%  51.4  334s
 120614 91031   50.36905   67 1168   52.49556   35.48244  32.4%  51.5  341s
 124270 95263   49.50559  198  867   52.49556   35.52133  32.3%  51.3  347s
 128938 98690   43.61722  111  770   52.49556   35.52133  32.3%  51.1  352s
 132884 102480   48.71225  231  564   52.49556   35.52133  32.3%  51.0  357s
 136904 105889   50.60400  342  430   52.49556   35.52133  32.3%  50.6  362s
 140614 108663   50.97491  448  373   52.49556   35.52133  32.3%  50.2  367s
 143805 111002   51.82084  550  315   52.49556   35.65141  32.1%  50.2  371s
 146536 113890   46.28470   56  998   52.49556   35.67095  32.0%  50.5  376s
 149576 118023   51.45912   79 1069   52.49556   35.74637  31.9%  50.6  383s
 154183 121296   48.31847  134 1023   52.49556   35.82977  31.7%  50.7  386s
 162088 128169   43.91480   92 1065   52.49556   35.88734  31.6%  50.9  392s
 165997 130701   50.74531  254  921   52.49556   35.90629  31.6%  50.7  396s
 168949 133284     cutoff   53        52.49556   35.94071  31.5%  50.8  400s
 174500 139027   48.04444  127 1120   52.49556   35.96799  31.5%  50.9  407s
 178232 141755   46.81277  110 1122   52.49556   35.97383  31.5%  51.0  411s
 181359 146381   44.65805   68  985   52.49556   35.99015  31.4%  51.2  418s
 186344 146394   41.77708   68 1032   52.49556   35.99015  31.4%  51.0  425s
H186362 146394                      52.4955553   35.99015  31.4%  51.0  425s
 189478 151971   51.55706  210  992   52.49556   36.02406  31.4%  51.3  432s
 192565 154686   38.84866   56 1005   52.49556   36.02406  31.4%  51.5  437s
 195514 157850   42.20204   99  817   52.49556   36.02406  31.4%  51.7  441s
 199004 160885   46.48745  144  764   52.49556   36.02406  31.4%  51.7  446s
 202293 163932   47.17570  192  686   52.49556   36.02406  31.4%  51.6  450s
 208925 169787   49.60513  261  616   52.49556   36.02406  31.4%  51.4  459s
 212301 173518   49.93865  305  569   52.49556   36.02406  31.4%  51.3  465s
 221045 180721   51.52682  398  493   52.49556   36.02406  31.4%  51.0  471s
 227759 186674   51.91054  466  461   52.49556   36.02406  31.4%  51.1  478s
 230842 189528   51.95059  499  442   52.49556   36.02406  31.4%  51.0  482s
 233977 192181     cutoff  537        52.49556   36.02406  31.4%  51.0  486s
 240596 197971     cutoff   33        52.49556   36.09641  31.2%  50.9  493s
 243641 201752   44.84029  109 1010   52.49556   36.18410  31.1%  50.9  499s
 247747 205586   42.58739   69  923   52.49556   36.18410  31.1%  51.1  503s
 251740 208723   49.80144  170 1003   52.49556   36.21033  31.0%  50.9  507s
 255074 211397   39.74090   42 1115   52.49556   36.21033  31.0%  50.9  511s
 262099 217556   43.13797   82 1023   52.49556   36.22119  31.0%  50.8  517s
 265166 219665   52.02597  213  927   52.49556   36.24387  31.0%  50.9  521s
 267812 222051   44.77530   93 1077   52.49556   36.24707  31.0%  51.0  525s
 273462 226927   49.64952  136 1029   52.49556   36.27446  30.9%  51.3  535s
 276114 232002   39.66219   55 1041   52.49556   36.27446  30.9%  51.5  540s
 285193 237973   49.07085  224  786   52.49556   36.27446  30.9%  51.7  548s
 288447 240259   50.99496  307  723   52.49556   36.27446  30.9%  51.8  553s
 291215 243067   52.01860  370  679   52.49556   36.27446  30.9%  52.0  558s
 294447 246432   52.44058  441  570   52.49556   36.29493  30.9%  52.0  563s
 298087 248766   49.88568  187  876   52.49556   36.29520  30.9%  52.0  567s
 300689 251873   41.79978   77 1137   52.49556   36.29661  30.9%  52.2  571s
 304125 251905   52.13883  241  993   52.49556   36.29661  30.9%  52.3  578s
H304152 251905                      52.4955553   36.29661  30.9%  52.3  578s
 304157 279164   52.14130  242  992   52.49556   36.30100  30.8%  52.3  627s
 336189 283824   46.86028  189  801   52.49556   36.35573  30.7%  52.6  632s
 344769 289862   50.83638  355  664   52.49556   36.35573  30.7%  52.5  636s
 350325 294283   51.95216  451  591   52.49556   36.36482  30.7%  52.3  643s
 353445 297508   41.21885   69  883   52.49556   36.41312  30.6%  52.2  646s
 360589 303787   51.05800  284  506   52.49556   36.42326  30.6%  51.9  652s
 363826 305813   38.50010   40 1019   52.49556   36.46282  30.5%  51.8  656s
 366197 309128   45.99154   66 1113   52.49556   36.46282  30.5%  51.9  662s
 369746 313008   52.32029  106 1000   52.49556   36.47217  30.5%  52.0  666s
 377109 316966   40.49794   47  907   52.49556   36.48907  30.5%  52.0  673s
 378933 319647   45.85447   63 1141   52.49556   36.48907  30.5%  52.2  678s
 381854 322572   46.59667   71 1169   52.49556   36.48907  30.5%  52.3  683s
 384963 325040   47.03547   82 1145   52.49556   36.48907  30.5%  52.3  688s
 387859 328520   49.50615   93 1185   52.49556   36.48907  30.5%  52.4  692s
 391613 331718   51.26523  111 1252   52.49556   36.48907  30.5%  52.4  696s
 395276 334784   51.98521  124 1270   52.49556   36.49315  30.5%  52.4  702s
 399006 337677   42.39858   70 1124   52.49556   36.51163  30.4%  52.5  707s
 402286 340552     cutoff  221        52.49556   36.51874  30.4%  52.5  711s
 405589 343663   39.97269   51 1154   52.49556   36.52152  30.4%  52.4  715s
 412866 349602 infeasible  111        52.49556   36.53747  30.4%  52.5  721s
 415876 352868   49.52763  114 1137   52.49556   36.55207  30.4%  52.6  726s
 419443 355893   41.13732   42 1181   52.49556   36.56599  30.3%  52.6  730s
 422767 355925   43.50965  101  903   52.49556   36.57155  30.3%  52.6  736s
 422799 358843   43.59128  102  902   52.49556   36.57155  30.3%  52.6  741s
 425963 362217   48.77098  197  828   52.49556   36.57155  30.3%  52.6  747s
 429952 365873   52.42089  309  723   52.49556   36.57996  30.3%  52.6  751s
 434016 368352   42.00900   68  957   52.49556   36.59715  30.3%  52.4  755s
 438952 373322   48.41643  191  852   52.49556   36.59715  30.3%  52.3  763s
 442248 376343   51.68824  288  749   52.49556   36.59945  30.3%  52.2  768s
 445546 379372   45.25563   83  972   52.49556   36.61097  30.3%  52.2  771s
 448959 383133   37.93135   35 1134   52.49556   36.61097  30.3%  52.3  775s
 456134 389341   47.69391  153  891   52.49556   36.61097  30.3%  52.2  784s
 459939 391781   50.45687  250  749   52.49556   36.61097  30.3%  52.2  789s
 462709 394619   51.24241  303  701   52.49556   36.61097  30.3%  52.3  793s
 465870 398896   52.39231  336  666   52.49556   36.62847  30.2%  52.3  797s
 470387 401676   51.76253  153 1440   52.49556   36.64662  30.2%  52.3  801s
 473620 404708   39.15596   44 1350   52.49556   36.64662  30.2%  52.3  805s
 480305 410945   46.54568  123  930   52.49556   36.66100  30.2%  52.3  814s
 483674 412895   50.62636  224  790   52.49556   36.66231  30.2%  52.2  818s
 486043 416494   39.76517   54 1149   52.49556   36.66271  30.2%  52.2  824s
 489879 419970   48.09702  148  979   52.49556   36.66488  30.2%  52.2  827s
 493917 422433   51.77424   32 1082   52.49556   36.68196  30.1%  52.1  831s
 499527 427243   42.21123   55 1034   52.49556   36.68196  30.1%  52.2  838s
 502447 429735   46.87116   74 1113   52.49556   36.68196  30.1%  52.3  843s
 505147 431433   49.85391   88 1084   52.49556   36.68196  30.1%  52.3  847s
 507183 433735   51.67065  104 1141   52.49556   36.68196  30.1%  52.4  852s
 509996 436713   52.30534  118 1154   52.49556   36.69062  30.1%  52.4  856s
 513331 440233   41.51134   57  968   52.49556   36.69062  30.1%  52.5  860s
 517016 443575   50.52219  230  612   52.49556   36.69739  30.1%  52.5  866s
 520749 446258   44.96098  108  762   52.49556   36.69739  30.1%  52.5  870s
 523623 449002   49.86734  261  507   52.49556   36.69739  30.1%  52.6  875s
 526736 451543   52.39820  445  345   52.49556   36.70212  30.1%  52.6  880s
 529730 454153   48.15289  109 1374   52.49556   36.71723  30.1%  52.7  885s
 535578 459254   50.45947  171  892   52.49556   36.71807  30.1%  52.7  895s
 543565 466935   52.34350  205 1122   52.49556   36.72962  30.0%  52.6  903s
 547485 470153   49.48687  118 1064   52.49556   36.73375  30.0%  52.6  909s
 551204 472633   41.49461   59  933   52.49556   36.74157  30.0%  52.6  914s
 554077 475845   48.44433  151  707   52.49556   36.74157  30.0%  52.6  917s
 557890 479072   52.31694  317  477   52.49556   36.74850  30.0%  52.6  921s
 561781 481785   48.71970  107 1375   52.49556   36.76291  30.0%  52.5  925s
 564929 484834   41.87456   41 1159   52.49556   36.77478  29.9%  52.5  930s
 571266 491337   44.93028  106  921   52.49556   36.77478  29.9%  52.5  937s
 575436 493562   49.01805  167  868   52.49556   36.77478  29.9%  52.4  942s
 577964 496692   50.11178  209  833   52.49556   36.77478  29.9%  52.5  947s
 581442 500031   51.68588  283  743   52.49556   36.77899  29.9%  52.5  952s
 585120 502697   42.11305   77  973   52.49556   36.77899  29.9%  52.4  957s
 588280 505539     cutoff  155        52.49556   36.78781  29.9%  52.4  960s
 594520 511183   40.48394   61  941   52.49556   36.79041  29.9%  52.5  969s
 597626 514513   46.25676  157  841   52.49556   36.79041  29.9%  52.6  974s
 601110 517073   50.60327  263  812   52.49556   36.79041  29.9%  52.6  979s
 604050 519963     cutoff  342        52.49556   36.80077  29.9%  52.6  983s
 607178 522783   47.47240   77 1122   52.49556   36.80912  29.9%  52.6  989s
 610503 525275   40.63816   59  963   52.49556   36.81411  29.9%  52.7  994s
 613336 528476   47.95345  156  939   52.49556   36.81411  29.9%  52.7  998s
 616995 531771     cutoff  307        52.49556   36.81852  29.9%  52.8 1002s
 620750 534102   52.41871  167 1035   52.49556   36.83163  29.8%  52.8 1007s
 623443 537174   42.57526  100  933   52.49556   36.83405  29.8%  52.8 1012s
 626910 539660   50.60016  299  701   52.49556   36.83456  29.8%  52.8 1016s
 630002 542719   41.52140   64 1046   52.49556   36.83456  29.8%  52.9 1021s
 633553 545943   51.66172  222  827   52.49556   36.84080  29.8%  52.9 1026s
 637201 549453   43.15568  106 1007   52.49556   36.84080  29.8%  52.8 1031s
 644620 554900   44.68917  115  941   52.49556   36.85405  29.8%  52.8 1038s
 647450 556893   50.85559  261  794   52.49556   36.85405  29.8%  52.8 1042s
 649753 559322     cutoff  316        52.49556   36.85635  29.8%  52.8 1046s
 652621 563384   43.68930   65 1347   52.49556   36.85635  29.8%  52.8 1050s
 660418 568628   37.86037   34 1189   52.49556   36.86634  29.8%  52.7 1058s
 663145 571312   44.06316  108  940   52.49556   36.86634  29.8%  52.7 1062s
H666197 574039                      52.4955553   36.86634  29.8%  52.7 1067s
H666409 574025                      52.4939718   36.86634  29.8%  52.7 1067s
H666805 573850                      52.4836778   36.86634  29.8%  52.7 1067s
 669276 573876     cutoff  305        52.48368   36.87186  29.7%  52.7 1073s
 669314 578031   37.03115   38 1025   52.48368   36.87186  29.7%  52.7 1078s
 673950 579544   50.61087  224  564   52.48368   36.87186  29.7%  52.6 1081s
 675842 582361   51.00998  250  534   52.48368   36.87961  29.7%  52.6 1086s
 679049 584863   43.01781   53 1000   52.48368   36.87961  29.7%  52.6 1091s
 682129 587847   49.89581   79  993   52.48368   36.87961  29.7%  52.7 1097s
 685441 590895   51.90920  107 1009   52.48368   36.89307  29.7%  52.7 1102s
 688901 593826   44.94607   88 1215   52.48368   36.90787  29.7%  52.7 1105s
 696317 600899     cutoff  187        52.48368   36.92056  29.7%  52.8 1114s
 700221 603341   47.30105   96 1334   52.48368   36.92204  29.7%  52.8 1118s
 703111 606100   39.08883   54 1042   52.48368   36.92742  29.6%  52.8 1122s
 706242 609105   49.10881  140 1033   52.48368   36.92742  29.6%  52.8 1127s
 709680 611849   44.90613   84 1141   52.48368   36.92742  29.6%  52.8 1131s
 712697 614511   48.04656  151 1076   52.48368   36.92742  29.6%  52.8 1135s
 715566 617405   50.16893  188 1000   52.48368   36.92742  29.6%  52.8 1140s
 721565 622463     cutoff  273        52.48368   36.93489  29.6%  52.9 1149s
 724658 625872   42.61058   73  926   52.48368   36.93504  29.6%  52.9 1154s
 728281 628956   45.51380  114  870   52.48368   36.93504  29.6%  52.9 1159s
 731972 631750   48.78007  166  795   52.48368   36.93504  29.6%  52.9 1162s
 735130 635028   51.05383  207  782   52.48368   36.93504  29.6%  52.9 1167s
 738713 637215   50.58351  249  706   52.48368   36.93504  29.6%  52.9 1171s
 740996 640231   52.07231  272  685   52.48368   36.93504  29.6%  52.9 1175s
 744383 642916   52.30821  309  656   52.48368   36.95033  29.6%  52.9 1180s
 750359 647931   42.39232   59 1290   52.48368   36.95033  29.6%  53.0 1189s
 753413 651350   41.90821   66 1126   52.48368   36.95033  29.6%  53.0 1194s
 757365 654065   50.31039  239  793   52.48368   36.95301  29.6%  53.0 1199s
 760458 658249   45.14954   84 1254   52.48368   36.95301  29.6%  53.0 1203s
 765218 661389   43.72719   85 1283   52.48368   36.95301  29.6%  53.0 1206s
 768693 664031   51.89920  222 1021   52.48368   36.95301  29.6%  53.0 1210s
 775585 669551   50.75194  205 1090   52.48368   36.95671  29.6%  52.9 1218s
 778364 669570   37.78842   35 1146   52.48368   36.95671  29.6%  52.9 1224s
 778407 671376   38.27778   36 1148   52.48368   36.95671  29.6%  52.9 1230s
 780521 674407   45.40011   97  991   52.48368   36.95671  29.6%  52.9 1235s
 783859 676922   50.75369  188  872   52.48368   36.97969  29.5%  52.9 1240s
 786911 679438   40.72572   48 1049   52.48368   36.97980  29.5%  52.9 1245s
 789950 682950   47.89673   87 1150   52.48368   36.97980  29.5%  53.0 1250s
 793710 686236   51.28692  121 1141   52.48368   36.99479  29.5%  53.0 1255s
 797415 689291   45.13481  107  932   52.48368   37.00198  29.5%  53.0 1262s
 800801 692486   40.65397   59  850   52.48368   37.00198  29.5%  52.9 1267s
 804280 696083   52.01315  152  931   52.48368   37.00921  29.5%  52.9 1271s
 811396 701357   49.19277   91 1211   52.48368   37.00921  29.5%  52.9 1278s
 814453 704304   50.20420  107 1191   52.48368   37.00921  29.5%  52.9 1283s
 817757 707636   52.22437  137 1190   52.48368   37.01339  29.5%  53.0 1289s
 821483 710414   49.98352  155 1131   52.48368   37.01738  29.5%  52.9 1293s
 824575 712753     cutoff  182        52.48368   37.01918  29.5%  52.9 1297s
 827319 716507   41.63800   79  872   52.48368   37.01918  29.5%  52.9 1301s
 831449 719743   49.09490  238  546   52.48368   37.01918  29.5%  52.8 1305s
 837885 724824   37.66371   43 1006   52.48368   37.02997  29.4%  52.9 1314s
 840646 728074   46.00784  125  792   52.48368   37.02997  29.4%  52.9 1318s
 844105 730711   49.78893  217  596   52.48368   37.02997  29.4%  52.9 1323s
 846988 733402   52.25222  307  490   52.48368   37.03665  29.4%  52.9 1328s
 849981 736835   41.21649   71  854   52.48368   37.03674  29.4%  52.9 1332s
 853766 740049   45.09511  114  800   52.48368   37.03674  29.4%  52.9 1336s
 857533 743127   47.49070  163  697   52.48368   37.03674  29.4%  52.9 1341s
 860941 745925   49.19434  208  639   52.48368   37.03674  29.4%  52.9 1345s
 864049 748845   49.80017  249  585   52.48368   37.03674  29.4%  52.9 1350s
 870903 754588   51.58249  335  535   52.48368   37.03674  29.4%  52.9 1357s
 874149 757437   51.49340  372  487   52.48368   37.03674  29.4%  52.9 1362s
 877409 759999   51.85785  415  452   52.48368   37.03674  29.4%  52.9 1367s
 880481 763713     cutoff  456        52.48368   37.03674  29.4%  52.9 1373s
 884641 766644     cutoff  494        52.48368   37.04668  29.4%  52.9 1378s
 888293 770334   43.15628   55 1223   52.48368   37.05799  29.4%  52.9 1381s
 892280 772736     cutoff  165        52.48368   37.06282  29.4%  52.8 1385s
 898305 777979   42.35024   82  958   52.48368   37.07058  29.4%  52.9 1393s
 901012 781146   44.66339  107  870   52.48368   37.07058  29.4%  52.9 1397s
 904489 784086   47.32062  147  793   52.48368   37.07058  29.4%  52.9 1401s
 907891 786982   47.89811  183  745   52.48368   37.07058  29.4%  52.9 1406s
 911007 789820   48.94183  221  701   52.48368   37.07058  29.4%  52.9 1411s
 914174 791838   49.42686  252  644   52.48368   37.07058  29.4%  53.0 1417s
 916418 795101   50.15776  280  615   52.48368   37.07058  29.4%  53.0 1423s
 920191 798318   50.70572  325  579   52.48368   37.07058  29.4%  53.0 1428s
 923908 802418     cutoff  366        52.48368   37.07688  29.4%  53.0 1432s
 928920 805525   47.46189  109  809   52.48368   37.07688  29.4%  53.0 1436s
 932589 808356   52.29356  256  561   52.48368   37.08597  29.3%  53.0 1441s
 935831 810808   50.62823  136  979   52.48368   37.09536  29.3%  53.0 1446s
 938847 813455     cutoff  180        52.48368   37.09990  29.3%  53.0 1451s
 941895 816961   45.64894  115 1039   52.48368   37.10898  29.3%  53.0 1455s
 949557 823148   46.35973  108 1087   52.48368   37.11163  29.3%  53.0 1463s
 952661 825770   51.39372  201  915   52.48368   37.11839  29.3%  53.0 1468s
 955643 828696   38.49302   50 1032   52.48368   37.11839  29.3%  53.1 1472s
 958977 832148   48.99044  191  798   52.48368   37.11839  29.3%  53.1 1476s
 966858 838396   50.41185  197  817   52.48368   37.13085  29.3%  53.0 1484s
 970024 841717   46.15844   75 1455   52.48368   37.13403  29.2%  53.0 1489s
 973763 843309   47.01917   33 1148   52.48368   37.13406  29.2%  53.0 1493s
 975502 846548   39.87419   52 1066   52.48368   37.13474  29.2%  53.0 1498s
 978974 850516   48.59304  156  850   52.48368   37.13474  29.2%  53.0 1502s

Resetting heuristic parameters to focus on improving solution
(using Heuristics=0.5 and RINS=10)...

 983240 850619     cutoff  280        52.48368   37.14057  29.2%  53.0 1509s
H983279 850569                      52.4799116   37.14057  29.2%  53.0 1509s
 983399 851011   38.14228   40 1046   52.47991   37.14057  29.2%  53.0 1596s
H983571 851011                      52.4799116   37.14057  29.2%  53.0 1596s
H983580 851011                      52.4799113   37.14057  29.2%  53.0 1596s
H983603 851011                      52.4799112   37.14057  29.2%  53.0 1596s
 983903 859575     cutoff   46        52.47991   37.14344  29.2%  53.0 1800s
H983908 859502                      52.4765555   37.14344  29.2%  53.0 1800s
H984457 858929                      52.4551374   37.14365  29.2%  53.0 1800s
H985161 858901                      52.4538016   37.14567  29.2%  53.1 1800s
H987069 858808                      52.4511466   37.14927  29.2%  53.1 1800s

Explored 994241 nodes (53041584 simplex iterations) in 1800.56 seconds (2733.45 work units)
Thread count was 32 (of 96 available processors)

Solution count 10: 52.4511 52.4538 52.4551 ... 52.7145

Time limit reached
Best objective 5.245114657404e+01, best bound 3.715482071374e+01, gap 29.1630%
