
Gurobi 9.5.1 (linux64) logging started Wed 10 Aug 2022 05:02:17 PM MST

Set parameter LogFile to value "/home/local/ASUAD/kmajd1/NNRepLayer_v2/demos/walking_example/dynamic_constraint/repair_net_relaxed/logs/opt5_log_8_10_2022_14_29_12.log"
Gurobi Optimizer version 9.5.1 build v9.5.1rc2 (linux64)
Thread count: 48 physical cores, 96 logical processors, using up to 32 threads
Optimize a model with 12558 rows, 9048 columns and 186204 nonzeros
Model fingerprint: 0x48e39b71
Model has 270 quadratic objective terms
Variable types: 6078 continuous, 2970 integer (2970 binary)
Coefficient statistics:
  Matrix range     [6e-04, 2e+02]
  Objective range  [3e-03, 1e+00]
  QObjective range [7e-02, 7e-02]
  Bounds range     [1e-02, 2e+02]
  RHS range        [7e-05, 2e+02]
Presolve removed 881 rows and 263 columns
Presolve time: 0.25s
Presolved: 11677 rows, 8785 columns, 182472 nonzeros
Presolved model has 270 quadratic objective terms
Variable types: 5893 continuous, 2892 integer (2892 binary)
Root relaxation presolve removed 2890 rows and 2890 columns
Root relaxation presolved: 8787 rows, 5895 columns, 173802 nonzeros
Root relaxation presolved model has 270 quadratic objective terms


Root relaxation: objective 3.273191e+01, 11849 iterations, 0.49 seconds (1.24 work units)

    Nodes    |    Current Node    |     Objective Bounds      |     Work
 Expl Unexpl |  Obj  Depth IntInf | Incumbent    BestBd   Gap | It/Node Time

     0     0   32.73191    0  670          -   32.73191      -     -    0s
     0     0   33.93065    0  670          -   33.93065      -     -    2s
H    0     0                      99.3038787   33.93065  65.8%     -    6s
     0     2   33.93065    0  670   99.30388   33.93065  65.8%     -    7s
    31    64   33.93065    5  663   99.30388   33.93065  65.8%   348   10s
H  127   160                      84.2051874   33.93065  59.7%   171   17s
H  129   160                      83.1371414   33.93065  59.2%   168   17s
H  133   160                      79.0014424   33.93065  57.1%   163   17s
   349   412   34.16285   15  673   79.00144   33.93065  57.1%   128   22s
H 1197  1222                      79.0014424   33.93065  57.1%  80.0   32s
H 1203  1222                      79.0004355   33.93065  57.1%  79.6   32s
H 1205  1222                      78.8672562   33.93065  57.0%  79.5   32s
H 1206  1222                      78.4054305   33.93065  56.7%  79.4   32s
  1229  1301   36.33161   44  690   78.40543   33.93065  56.7%  78.8   37s
H 1261  1301                      75.4046260   33.93065  55.0%  77.1   37s
  2691  2832   38.02081   84  684   75.40463   33.93065  55.0%  52.4   40s
  5206  5550   39.46873  161  648   75.40463   33.93065  55.0%  45.2   45s
  9469  9870   42.97420  303  601   75.40463   33.93065  55.0%  39.8   50s
 11803 11718   44.29925  380  646   75.40463   33.93065  55.0%  40.0   64s
H11805 11639                      74.9297328   33.93065  54.7%  40.0   64s
H11899 11667                      74.9297328   33.93065  54.7%  40.4  100s
H11900 11665                      74.9152033   33.93065  54.7%  40.5  100s
H11905 11612                      74.3213271   33.93065  54.3%  40.5  100s
H14639 14294                      74.3213270   33.93065  54.3%  40.0  127s
 14642 14296   58.41830   65  768   74.32133   33.93065  54.3%  40.0  130s
 14645 14301   34.11854   15  776   74.32133   34.11854  54.1%  41.0  150s
H14739 13679                      73.0908784   35.11113  52.0%  41.6  157s
H14743 12998                      73.0173463   35.16252  51.8%  41.7  157s
H14762 12346                      72.7789469   35.16252  51.7%  41.8  157s
 14959 12530   35.68311   24  800   72.77895   35.29430  51.5%  43.0  160s
 15805 13102   37.63252   35  778   72.77895   35.29430  51.5%  44.8  168s
H15809 12487                      72.7444793   35.29430  51.5%  44.9  168s
H15863 11887                      72.7442457   35.29430  51.5%  44.9  168s
H15867 11333                      72.6313945   35.29430  51.4%  45.0  168s
 16518 11899   41.77448   43  840   72.63139   35.29430  51.4%  45.9  170s
 18757 13443   48.59863   71  794   72.63139   35.29430  51.4%  47.9  175s
 20638 14700   61.97524   95  852   72.63139   35.29430  51.4%  49.1  187s
H20718 14079                      71.8414047   35.29430  50.9%  49.2  187s
 22628 14934   63.51643  122  861   71.84140   35.29430  50.9%  49.4  211s
H22631 14380                      71.5654126   35.29430  50.7%  49.4  211s
H22634 13738                      70.8140116   35.29430  50.2%  49.4  211s
H22655 13136                      69.9924066   35.29430  49.6%  49.4  211s
H23774 13638                      69.9010863   35.29430  49.5%  49.6  218s
H23775 13198                      69.7085609   35.29430  49.4%  49.6  218s
H23813 12799                      69.7023418   35.29430  49.4%  49.7  218s
H23942 12382                      69.6564841   35.29430  49.3%  50.6  218s
 24674 13359   63.72340  148  837   69.65648   35.29430  49.3%  50.7  220s
 28846 15948   65.19019  208  780   69.65648   35.29430  49.3%  50.5  225s
 29584 18057   67.45483  219  756   69.65648   35.29430  49.3%  50.6  230s
 34960 19563   37.29179   23  805   69.65648   35.29430  49.3%  52.3  236s
 37447 21845   52.98832  102 1170   69.65648   35.29430  49.3%  53.2  240s
 38321 21871   59.20196  119 1339   69.65648   35.29430  49.3%  53.4  245s
 40346 24675   65.34633  185 1304   69.65648   35.29430  49.3%  53.6  250s
 43427 26538   45.43807   28  928   69.65648   35.73044  48.7%  54.2  258s
H43433 26538                      69.6564840   35.73044  48.7%  54.2  258s
 43459 27552   41.52436   27  914   69.65648   35.73044  48.7%  54.2  260s
 44576 27955   45.56065   34  909   69.65648   35.73044  48.7%  54.5  265s
 46297 30613   58.95980   52  922   69.65648   35.73044  48.7%  54.6  270s
 50600 34816   45.81445   57  890   69.65648   35.77364  48.6%  54.2  277s
 53731 38853   55.14277  167  756   69.65648   35.77364  48.6%  53.8  281s
 58836 46795   60.61951  368  562   69.65648   35.77364  48.6%  52.6  289s
 64669 48345   62.82793  645  310   69.65648   35.77364  48.6%  51.4  291s
 68165 52607   65.00798  844  200   69.65648   35.77364  48.6%  51.1  295s
 73202 56523   68.51151 1049  114   69.65648   35.77364  48.6%  50.5  300s
 77002 59809   51.67349   98  955   69.65648   35.82651  48.6%  51.9  306s
 80784 64437   68.68280  221 1064   69.65648   36.05956  48.2%  53.8  311s
 86081 68888   45.22775   53  863   69.65648   36.05956  48.2%  54.9  318s
 88547 73697   51.00108   96  940   69.65648   36.05956  48.2%  55.3  325s
 96231 79630   55.96175  226  965   69.65648   36.05956  48.2%  55.8  335s
 99931 82810   58.02796  273  941   69.65648   36.05956  48.2%  56.4  340s
 103237 85951   59.92251  308  894   69.65648   36.05956  48.2%  56.8  345s
 106594 88949   60.98735  374  857   69.65648   36.05956  48.2%  57.0  350s
 109775 91774   63.47045  429  838   69.65648   36.05956  48.2%  57.2  356s
 112823 94338   64.60460  518  765   69.65648   36.05956  48.2%  57.7  361s
 119957 102364   67.09417  616  712   69.65648   36.05956  48.2%  57.9  371s
 124352 105937     cutoff  654        69.65648   36.44836  47.7%  58.3  376s
 128456 108493   51.85390   49 1134   69.65648   36.74509  47.2%  58.2  381s
 131432 111385   62.94154  138 1482   69.65648   36.74509  47.2%  58.6  386s
 134561 115106   66.41051  243 1752   69.65648   36.74509  47.2%  59.1  390s
 139764 119476   68.51732   49 1062   69.65648   37.05531  46.8%  59.7  399s
 143506 122235   56.22835  114 1141   69.65648   37.05531  46.8%  60.4  404s
 146525 125366     cutoff  204        69.65648   37.08253  46.8%  61.0  409s
 149806 125395   60.71853   95 1152   69.65648   37.09686  46.7%  61.3  415s
 149841 154543   60.71853   96 1150   69.65648   37.14894  46.7%  61.3  470s
*164638 154475            1481      69.6261084   37.14894  46.6%  63.3  470s
*164639 152800            1481      69.4433746   37.14894  46.5%  63.3  470s
 181873 157132   55.27761  245  993   69.44337   37.14894  46.5%  64.1  476s
 190453 162934   59.01779  339  997   69.44337   37.14894  46.5%  63.9  482s
 193622 166575   60.27364  351  976   69.44337   37.14894  46.5%  63.9  485s
 200782 173069   61.74890  387  952   69.44337   37.14894  46.5%  63.4  492s
 204198 175550   62.63867  416  960   69.44337   37.14894  46.5%  63.1  495s
 208992 177786   39.81682   33  871   69.44337   37.14894  46.5%  63.2  500s
 212228 184750   66.87913  492  925   69.44337   37.14894  46.5%  63.3  508s
 216918 187154   67.60639  529  916   69.44337   37.14894  46.5%  63.4  512s
 219502 189860   69.04691  564  896   69.44337   37.41002  46.1%  63.8  517s
 222350 192812   48.13752   42  928   69.44337   37.41002  46.1%  64.0  522s
 225404 195619   64.01234  135 1192   69.44337   37.41003  46.1%  64.2  527s
 228499 198843   45.03610   50  592   69.44337   37.51978  46.0%  64.3  532s
 231870 202171   55.55395  243  624   69.44337   37.51978  46.0%  64.4  537s
 235378 205072   63.98863  476  424   69.44337   37.51978  46.0%  64.3  542s
 238522 208176   67.25236  726  315   69.44337   37.51978  46.0%  64.3  548s
 241783 211343   68.39994  959  250   69.44337   37.51978  46.0%  64.2  555s
 245358 215042   68.96519 1235  106   69.44337   37.59640  45.9%  64.2  561s
 249330 215073   50.65532   51  811   69.44337   37.59640  45.9%  64.2  566s
H249331 215073                      69.4433746   37.59640  45.9%  64.2  566s
 249363 218302   51.37140   52  825   69.44337   37.59640  45.9%  64.2  572s
 252969 221647   39.50498   35  833   69.44337   37.60778  45.8%  64.0  578s
 256562 226114   44.41913   47  799   69.44337   37.60778  45.8%  63.8  581s
 261592 230597   62.89345  195 1201   69.44337   37.60778  45.8%  63.3  585s
 270836 239840   48.82470   51  916   69.44337   37.61058  45.8%  62.0  596s
 276610 242001   68.87525  218 1215   69.44337   37.61058  45.8%  61.4  600s
 278996 244551     cutoff  238        69.44337   37.61058  45.8%  61.6  605s
 284406 249433   49.64011   64  851   69.44337   37.64674  45.8%  61.5  613s
H286347 249033                      69.4117570   37.64674  45.8%  61.6  613s
 286853 252276   58.34803  141 1138   69.41176   37.64674  45.8%  61.6  616s
 290191 255197   68.19196  274 1250   69.41176   37.69526  45.7%  61.5  620s
 293371 257727   45.40804   50  875   69.41176   37.69526  45.7%  61.6  625s
 296106 259921   61.67746  177 1163   69.41176   37.69526  45.7%  61.7  630s
 301335 265517   58.67244   93 1140   69.41176   37.76013  45.6%  62.2  640s
 304720 268057   68.90015  181 1238   69.41176   37.76526  45.6%  62.5  646s
 307576 271118     cutoff   77        69.41176   37.77832  45.6%  62.5  652s
 310954 274326   53.05858   58 1200   69.41176   37.77832  45.6%  62.8  657s
 314431 279093   63.47643  148 1184   69.41176   37.79379  45.6%  62.9  662s
 319674 283885   43.80894   37  802   69.41176   37.79386  45.6%  62.7  667s
 324714 287075   58.13250  101  925   69.41176   37.81744  45.5%  62.4  671s
 328188 290041   41.57467   32  939   69.41176   37.81744  45.5%  62.1  675s
 331309 293728   54.75105   79 1162   69.41176   37.81744  45.5%  62.4  682s
 335182 297870   62.10054  165 1585   69.41176   37.81744  45.5%  62.3  686s
 339698 300435   68.39877  286 1836   69.41176   37.83275  45.5%  62.2  690s
 345911 307608   61.53706  179 1092   69.41176   37.83275  45.5%  62.3  698s
 350520 310454     cutoff  310        69.41176   37.92485  45.4%  62.1  701s
 353612 313319   47.63278   50 1133   69.41176   37.92485  45.4%  61.9  705s
 359062 316695   54.89152   83 1116   69.41176   37.92485  45.4%  62.3  712s
H360286 316727                      69.4117570   37.92485  45.4%  62.3  718s
H360287 316727                      69.4117570   37.92485  45.4%  62.3  718s
H360288 316727                      69.4117569   37.92485  45.4%  62.3  718s
H360294 316727                      69.4117568   37.92485  45.4%  62.3  718s
 360318 346728   58.88074   95 1124   69.41176   37.92509  45.4%  62.3  777s
 392350 349780   63.57478  148 1167   69.41176   37.97076  45.3%  62.6  783s
 395797 351974   44.74211   53  712   69.41176   37.97076  45.3%  62.7  787s
 398087 356869   61.14169  209 1077   69.41176   38.00959  45.2%  62.7  792s
 403379 360590   40.12798   30  879   69.41176   38.00959  45.2%  62.7  796s
 407406 364785   66.70060  153 1076   69.41176   38.01676  45.2%  62.7  800s
 415862 371623   60.90388  247  772   69.41176   38.01676  45.2%  62.4  807s
 419228 374385   69.14802  451  560   69.41176   38.04525  45.2%  62.4  811s
 422203 378244   53.36457   85 1034   69.41176   38.04525  45.2%  62.5  815s
 429138 383537   46.72312   46  863   69.41176   38.10755  45.1%  62.6  824s
 432072 386121   62.82948  125 1098   69.41176   38.12778  45.1%  62.6  829s
 434955 389542   40.57972   36  927   69.41176   38.12778  45.1%  62.7  834s
 438488 392828   58.98401  211  818   69.41176   38.12778  45.1%  62.7  839s
 441957 395506   69.36421  440  566   69.41176   38.14327  45.0%  62.6  845s
 444812 398822   62.69156   99 1049   69.41176   38.16275  45.0%  62.5  850s
 448358 401977   51.82847   84  929   69.41176   38.16275  45.0%  62.4  855s
 451696 405945   67.82668  174 1100   69.41176   38.17351  45.0%  62.3  860s
 459331 411247   46.31409   54  905   69.41176   38.18372  45.0%  62.3  868s
 461976 411884   58.77198  130 1171   69.41176   38.18372  45.0%  62.3  874s
H462062 411884                      69.4117567   38.18372  45.0%  62.3  875s
H462123 411884                      69.4117567   38.18372  45.0%  62.3  875s
 462691 414539   65.00598  210 1307   69.41176   38.18372  45.0%  62.3  880s
 465547 417448   69.00816  283 1261   69.41176   38.18372  45.0%  62.2  886s
 468966 419687  postponed   46        69.41176   38.18419  45.0%  62.1  890s
 474666 425657   51.31893  123  595   69.41176   38.18419  45.0%  62.8  899s
 477887 428889   56.48701  155  600   69.41176   38.18419  45.0%  62.9  905s
 481233 432246   56.37634  193  644   69.41176   38.18419  45.0%  63.0  912s
 484764 434612   58.40943  226  640   69.41176   38.18419  45.0%  63.1  917s
 487226 438316   59.38277  253  677   69.41176   38.18419  45.0%  63.1  923s
 491022 441723   62.88124  301  721   69.41176   38.18419  45.0%  63.2  929s
 494609 444885   67.57501  360  695   69.41176   38.18419  45.0%  63.1  935s
 498025 448365   66.43416  404  722   69.41176   38.18419  45.0%  63.1  940s
 501864 451614   68.36691  441  682   69.41176   38.18419  45.0%  63.0  946s
 505681 454499   69.39439  486  672   69.41176   38.21964  44.9%  62.9  951s
 508910 457150   46.14247   53  753   69.41176   38.21964  44.9%  62.8  956s
 511992 460697   58.24022  225  750   69.41176   38.21964  44.9%  62.8  963s
 515990 462685   67.82859  488  559   69.41176   38.23341  44.9%  62.7  967s
 518289 465962   40.04796   25  974   69.41176   38.23341  44.9%  62.7  973s
 521763 469031   64.63253  178 1130   69.41176   38.23483  44.9%  62.7  979s
 525063 471862   42.89509   43  769   69.41176   38.23483  44.9%  62.7  984s
 528112 475090   48.85340   82  784   69.41176   38.23483  44.9%  62.7  990s
 531496 478237   52.08223  124  799   69.41176   38.23483  44.9%  62.6  995s
 534849 478382   53.48573  159  796   69.41176   38.23483  44.9%  62.5 1002s
H534854 478382                      69.4117567   38.23483  44.9%  62.5 1002s
 535000 481963   53.57265  160  797   69.41176   38.23483  44.9%  62.5 1008s
 538656 485280   56.03712  201  814   69.41176   38.23483  44.9%  62.4 1014s
 542130 488357   58.31419  254  843   69.41176   38.23483  44.9%  62.4 1021s
 545402 490542   59.62728  293  800   69.41176   38.23483  44.9%  62.3 1027s
 547936 494220   61.33102  339  753   69.41176   38.23483  44.9%  62.4 1033s
 551730 497269   62.32487  398  708   69.41176   38.23483  44.9%  62.4 1039s
 555117 500318   64.76388  417  702   69.41176   38.23483  44.9%  62.4 1044s
 558531 503592   64.44091  461  661   69.41176   38.23483  44.9%  62.5 1049s
 562089 506542   66.38347  511  668   69.41176   38.23483  44.9%  62.6 1055s
 565319 509340   65.38001  543  634   69.41176   38.23483  44.9%  62.6 1061s
 568321 512219   67.37794  568  634   69.41176   38.23483  44.9%  62.7 1067s
 571388 514653     cutoff  616        69.41176   38.26206  44.9%  62.7 1072s
 574080 518884   47.53777   50  799   69.41176   38.26206  44.9%  62.9 1079s
 578665 522433   69.36656  255 1018   69.41176   38.29816  44.8%  62.9 1085s
 582421 526141   59.66337  227  814   69.41176   38.29816  44.8%  62.8 1090s
 586281 527212   68.70588  484  590   69.41176   38.29816  44.8%  62.8 1096s
H586282 468527                      68.2113003   38.29816  43.9%  62.8 1096s
H586340 458800                      67.9825666   38.29816  43.7%  62.8 1096s
H587401 439637                      67.4968413   38.29816  43.3%  62.7 1096s
 587406 442761     cutoff  485        67.49684   38.30252  43.3%  62.7 1103s
H589741 407757                      66.5397256   38.30252  42.4%  62.8 1103s
H589742 396631                      66.2007226   38.30252  42.1%  62.8 1103s
 591136 399070   53.11109   85  840   66.20072   38.30252  42.1%  62.8 1109s
 594301 401973   62.14004  187 1013   66.20072   38.30828  42.1%  62.8 1115s
 601518 409767   57.65046  137 1108   66.20072   38.30900  42.1%  62.8 1124s
 603429 409767   52.99227   68  966   66.20072   38.30900  42.1%  62.7 1125s
 608526 413502   44.85447   52  659   66.20072   38.30900  42.1%  62.7 1133s
 610626 415521   59.76721  143  915   66.20072   38.35669  42.1%  62.8 1136s
 612825 418066   42.13330   48  897   66.20072   38.35669  42.1%  63.0 1140s
 615650 420751   46.54439   81  607   66.20072   38.35669  42.1%  63.2 1145s
 618604 420782   51.03658  138  648   66.20072   38.35669  42.1%  63.3 1150s
H618606 420782                      66.2007226   38.35669  42.1%  63.3 1150s
H618622 420782                      66.2007222   38.35669  42.1%  63.3 1150s
 618637 423404   51.11729  139  647   66.20072   38.35669  42.1%  63.3 1155s
 621521 426744   53.38745  164  694   66.20072   38.35669  42.1%  63.5 1161s
 625012 429903   56.12473  196  697   66.20072   38.35669  42.1%  63.6 1167s
 628285 432885   59.39203  251  724   66.20072   38.35669  42.1%  63.6 1173s
 631341 435063   62.02579  302  724   66.20072   38.35669  42.1%  63.7 1178s
 633653 438919   63.14684  362  652   66.20072   38.35669  42.1%  63.8 1186s
 637687 442289   65.10541  427  665   66.20072   38.35907  42.1%  63.9 1193s
 641490 445532   45.88684   49  792   66.20072   38.35907  42.1%  64.0 1200s
 645044 448280   53.59994   86  881   66.20072   38.39151  42.0%  64.0 1206s
 648411 452120   46.81608   60  818   66.20072   38.39151  42.0%  64.2 1212s
 652617 455495   57.96474  201 1080   66.20072   38.39151  42.0%  64.1 1219s
 656320 457830   65.46478  328 1165   66.20072   38.40909  42.0%  64.0 1224s
 659019 460622   52.20356   50 1116   66.20072   38.41258  42.0%  64.1 1231s
 662102 463728     cutoff  176        66.20072   38.41442  42.0%  64.2 1237s
 665561 467403   55.69756  196  857   66.20072   38.43376  41.9%  64.3 1243s
 669538 470183   62.45553  462  596   66.20072   38.43376  41.9%  64.2 1246s
 672918 473560   64.95329  620  486   66.20072   38.43376  41.9%  64.1 1250s
 676654 475958   65.66576  854  357   66.20072   38.43636  41.9%  64.1 1255s
 679457 478293   41.08565   31  865   66.20072   38.44665  41.9%  64.1 1260s
 682086 481314   48.49002   64  772   66.20072   38.44665  41.9%  64.2 1265s
H686661 481206                      66.1169628   38.44665  41.9%  64.2 1269s
 688359 484576   52.22898  133  741   66.11696   38.44665  41.9%  64.3 1274s
 691968 487256   56.67930  170  728   66.11696   38.44665  41.9%  64.3 1278s
 694800 491780   56.69214  213  785   66.11696   38.44665  41.9%  64.3 1285s
 699435 495208   58.32566  259  731   66.11696   38.44665  41.9%  64.2 1291s
 703039 498219   59.07427  296  694   66.11696   38.44665  41.9%  64.2 1296s
 706267 501409   59.78747  334  661   66.11696   38.44665  41.9%  64.1 1302s
H709667 501440                      66.1169614   38.44665  41.9%  64.1 1307s
 709700 504538   61.82868  378  626   66.11696   38.44665  41.9%  64.1 1313s
 713018 507212   63.04270  423  601   66.11696   38.44665  41.9%  64.0 1319s
 716252 510744   63.66195  468  576   66.11696   38.44665  41.9%  64.0 1324s
 720094 513443     cutoff  519        66.11696   38.44665  41.9%  64.0 1329s
 723011 517597   56.59419  118  907   66.11696   38.44665  41.9%  63.9 1336s
 727504 520464   65.21097  239 1006   66.11696   38.47998  41.8%  63.7 1340s
 730553 523358   44.09941   49  581   66.11696   38.50115  41.8%  63.7 1345s
H735319 509733                      65.7383697   38.51905  41.4%  63.5 1349s
H735320 498319                      65.4876513   38.51905  41.2%  63.5 1349s
 737706 500970   47.85260   90  926   65.48765   38.51905  41.2%  63.5 1353s
 741421 503495   58.38912  221 1091   65.48765   38.51905  41.2%  63.4 1357s
 744454 506585   63.87081  361 1234   65.48765   38.52330  41.2%  63.6 1362s
 747753 509443   43.33537   45  879   65.48765   38.53190  41.2%  63.6 1366s
 750893 512829   48.80549  138  859   65.48765   38.53190  41.2%  63.5 1370s
 754522 517058   57.08721  303  694   65.48765   38.53190  41.2%  63.5 1375s
 761118 522258   62.09909  659  429   65.48765   38.53190  41.2%  63.6 1384s
 764333 525366   63.15774  875  318   65.48765   38.53190  41.2%  63.6 1389s
 767545 527754   63.68837 1096  187   65.48765   38.53190  41.2%  63.6 1393s
 769991 530656   63.83586 1225  130   65.48765   38.53190  41.2%  63.6 1398s
H770197 481254                      64.4106400   38.53190  40.2%  63.6 1399s
H772599 464922                      64.0161619   38.53190  39.8%  63.6 1399s
 773091 466914     cutoff 1437        64.01616   38.53417  39.8%  63.6 1404s
 775702 470074   44.67615   47  590   64.01616   38.53417  39.8%  63.8 1408s
 779186 473178   52.52589  120  656   64.01616   38.53417  39.8%  63.9 1413s
 782714 476601   55.81273  155  619   64.01616   38.53417  39.8%  64.0 1419s
 786522 480014   59.10293  211  625   64.01616   38.53417  39.8%  64.0 1426s
 790236 483348   61.79376  266  606   64.01616   38.53417  39.8%  63.9 1431s
 793786 486850   63.39377  305  598   64.01616   38.53417  39.8%  63.9 1435s
 800611 492742   54.94848  216  743   64.01616   38.53417  39.8%  63.8 1444s
 804237 495556   61.16752  436  574   64.01616   38.53417  39.8%  63.8 1449s
 807375 498188   63.76364  654  435   64.01616   38.59279  39.7%  63.8 1454s
 810174 501382   41.40774   44  927   64.01616   38.59279  39.7%  63.8 1457s
 813552 504338   46.05747   79  909   64.01616   38.59279  39.7%  63.8 1460s
H816780 504369                      64.0161619   38.59279  39.7%  63.8 1467s
H816787 504369                      64.0161619   38.59279  39.7%  63.8 1467s
H816790 504369                      64.0161615   38.59279  39.7%  63.8 1467s
 816813 533558   49.32475  118  846   64.01616   38.60171  39.7%  63.9 1524s
 819816 533558   41.64350   33  918   64.01616   38.60171  39.7%  63.9 1525s

Resetting heuristic parameters to focus on improving solution
(using Heuristics=0.5 and RINS=10)...

H848845 533585                      64.0161615   38.60171  39.7%  64.5 1532s
 848845 533585   53.83003   88  841   64.01616   38.60171  39.7%  64.5 1532s
H848849 532605                      63.9946817   38.60171  39.7%  64.5 1532s
H848859 530694                      63.9501852   38.60171  39.6%  64.5 1532s
H848868 528146                      63.8954983   38.60171  39.6%  64.5 1532s
H848882 555801                      63.8954983   38.60171  39.6%  64.5 1793s
H848883 555801                      63.8954980   38.60742  39.6%  64.5 1793s
H848885 532674                      63.4204164   38.60742  39.1%  64.5 1793s
H849338 521991                      63.1936747   38.60742  38.9%  64.5 1793s
H849977 495763                      62.6206777   38.61662  38.3%  64.6 1793s
 880914 493169   58.45139   81 1178   62.62068   38.68335  38.2%  67.5 1799s
H880915 493169                      62.6206777   38.68335  38.2%  67.5 1799s
H880921 493169                      62.6206777   38.68335  38.2%  67.5 1799s
H880936 493169                      62.6206776   38.68335  38.2%  67.5 1799s
 880955 493311   59.14325   81 1088   62.62068   38.68335  38.2%  67.5 1800s

Explored 881101 nodes (59509801 simplex iterations) in 1800.05 seconds (2925.13 work units)
Thread count was 32 (of 96 available processors)

Solution count 10: 62.6207 62.6207 62.6207 ... 63.9502

Time limit reached
Best objective 6.262067758016e+01, best bound 3.868334686375e+01, gap 38.2259%
