
Gurobi 9.5.1 (mac64[x86]) logging started Thu Aug  4 09:25:09 2022

Set parameter LogFile to value "/Users/keyvanmajd/Documents/GitHub/NNRepLayer_v2/demos/walking_example/dynamic_constraint/repair_net_relaxed/logs/opt_log_8_4_2022_9_23_50.log"
Gurobi Optimizer version 9.5.1 build v9.5.1rc2 (mac64[x86])
Thread count: 4 physical cores, 8 logical processors, using up to 8 threads
Optimize a model with 36505 rows, 23316 columns and 464489 nonzeros
Model fingerprint: 0xebf5fe8a
Model has 675 quadratic objective terms
Variable types: 12516 continuous, 10800 integer (10800 binary)
Coefficient statistics:
  Matrix range     [3e-04, 2e+02]
  Objective range  [1e-03, 1e+00]
  QObjective range [3e-02, 3e-02]
  Bounds range     [3e-03, 5e+02]
  RHS range        [1e-04, 2e+02]
Presolve removed 1350 rows and 0 columns
Presolve time: 1.28s
Presolved: 35155 rows, 23316 columns, 463146 nonzeros
Presolved model has 675 quadratic objective terms
Variable types: 12516 continuous, 10800 integer (10800 binary)
Root relaxation presolve removed 10798 rows and 10798 columns
Root relaxation presolved: 24357 rows, 12518 columns, 430752 nonzeros
Root relaxation presolved model has 675 quadratic objective terms


Root relaxation: objective 2.415931e+01, 17589 iterations, 1.59 seconds (2.34 work units)

    Nodes    |    Current Node    |     Objective Bounds      |     Work
 Expl Unexpl |  Obj  Depth IntInf | Incumbent    BestBd   Gap | It/Node Time

     0     0   24.15931    0 4287          -   24.15931      -     -    4s
     0     0   24.15931    0 4287          -   24.15931      -     -    6s
     0     2   24.15931    0 4287          -   24.15931      -     -   23s
    15    20   24.44410    5 2968          -   24.15931      -  1095   25s
    87    96   24.44410   23 1510          -   24.15931      -   828   30s
   241   254   24.44410   63 1413          -   24.15931      -   362   35s
   562   587   24.44410  152 1457          -   24.15931      -   255   41s
   915   958   24.44410  239 1584          -   24.15931      -   225   45s
  1331  1375   24.44410  352 1511          -   24.15931      -   176   51s
  1466  1517   24.44410  385 1634          -   24.15931      -   204   55s
  1610  1659   24.44410  426 1619          -   24.15931      -   204   62s
  1707  1757   24.44410  449 1653          -   24.15931      -   219   67s
  1816  1862   24.44410  454 1652          -   24.15931      -   224   71s
  1953  1977   24.44410  474 1523          -   24.15931      -   237   76s
  2003  2026   24.67635  485 1670          -   24.15931      -   264   81s
  2088  2097   24.67635  516 1499          -   24.15931      -   293   86s
  2137  2182   24.67635  526 1654          -   24.15931      -   327   90s
  2246  2270   24.67635  534 1643          -   24.15931      -   334   97s
  2283  2310   24.67635  536 1643          -   24.15931      -   371  100s
  2323  2338   24.67635  550 1617          -   24.15931      -   392  110s
  2351  2351   24.67635  552 1623          -   24.15931      -   408  121s
  2366  2381 infeasible  553               -   24.15931      -   450  125s
  2526  2534   24.68827  602 1700          -   24.15931      -   453  132s
  2563  2549   24.68827  609 1682          -   24.15931      -   456  136s
  2578  2564   24.68827  616 1674          -   24.15931      -   480  156s
  2597  2587   24.68827  625 1611          -   24.15931      -   515  166s
  2622  2602   24.68827  627 1632          -   24.15931      -   553  204s
  2637  2620   24.68827  630 1589          -   24.15931      -   628  228s
  2655  2626   24.68827  631 1588          -   24.15931      -   676  263s
  2663  2642   24.68943  634 1565          -   24.15931      -   743  289s
  2679  2680   24.68943  645 1577          -   24.15931      -   800  293s
  2721  2694   24.68943  661 1580          -   24.15931      -   806  322s
  2735  2755   24.68943  661 1636          -   24.15931      -   851  325s
  2861  2858   24.68943  684 1604          -   24.15931      -   831  354s
  2903  2978   24.68943  698 1554          -   24.15931      -   866  358s
  3025  3086   24.68943  709 1571          -   24.15931      -   839  362s
  3137  3126   24.68943  723 1567          -   24.15931      -   820  366s
  3181  3194   24.68943  738 1679          -   24.15931      -   821  405s
  3326  3351   24.68943  752 1652          -   24.15931      -   844  414s
  3418  3399   24.68943  755 1652          -   24.15931      -   830  418s
  3472  3435   24.68943  762 1791          -   24.15931      -   827  446s
  3508  3486   24.68943  763 1770          -   24.15931      -   866  451s
  3608  3595   24.68943  778 1818          -   24.15931      -   863  461s
  3672  3628   24.68943  801 1787          -   24.15931      -   866  471s
  3709  3635   24.68943  810 1734          -   24.15931      -   885  500s
  3716  3654   24.68943  810 1770          -   24.15931      -   926  505s
  3745  3678   24.71908  813 1711          -   24.15931      -   949  520s
  3775  3689   24.68943  813 1760          -   24.15931      -   974  556s
  3786  3724 infeasible  814               -   24.15931      -  1018  565s
  3827  3791   24.68943  819 1796          -   24.15931      -  1020  585s
  3898  3797 infeasible  843               -   24.15931      -  1036  612s
  3906  3824   24.68943  842 1777          -   24.15931      -  1070  620s
  3935  3836   24.68943  843 1790          -   24.15931      -  1077  659s
  3947  3871   24.68943  844 1789          -   24.15931      -  1139  664s
  3984  3896   24.68943  851 1777          -   24.15931      -  1140  681s
  4009  3971   24.68943  854 1868          -   24.15931      -  1141  688s
  4086  4017 infeasible  855               -   24.15931      -  1130  701s
  4136  4079   24.68943  866 1958          -   24.15931      -  1153  711s
  4202  4085   24.68943  866 1930          -   24.15931      -  1145  745s
  4208  4150   24.71127  868 1890          -   24.15931      -  1188  756s
  4275  4202   24.68943  871 2002          -   24.15931      -  1191  768s
  4331  4209   24.71127  872 1925          -   24.15931      -  1210  815s
  4338  4262   24.68943  872 1961          -   24.15931      -  1264  834s
  4397  4268   24.68943  878 1895          -   24.15931      -  1275  876s
  4405  4301   24.68943  880 1896          -   24.15931      -  1331  883s
  4440  4359   24.68943  885 1855          -   24.15931      -  1338  891s
  4504  4366   24.68943  893 2003          -   24.15931      -  1350  911s
  4511  4413   24.74002  893 1841          -   24.15931      -  1382  942s
  4560  4430   24.68943  897 1980          -   24.15931      -  1422 1026s
  4577  4442   24.68943  898 1958          -   24.15931      -  1508 1057s
  4589  4473   24.71250  898 1964          -   24.15931      -  1531 1071s
  4624  4484   24.68943  902 1955          -   24.15931      -  1553 1110s
  4637  4530   24.68943  903 1951          -   24.15931      -  1601 1148s
  4685  4539   24.68943  907 1873          -   24.15931      -  1617 1196s
  4694  4563   24.68943  908 1845          -   24.15931      -  1698 1292s
  4720  4675   24.68943  909 1836          -   24.15931      -  1765 1305s
  4834  4715   24.71460  925 1819          -   24.15931      -  1741 1346s

Explored 4880 nodes (8480306 simplex iterations) in 1346.15 seconds (3744.13 work units)
Thread count was 8 (of 8 available processors)

Solution count 0

Solve interrupted
Best objective -, best bound 2.415930608201e+01, gap -
