
Gurobi 9.5.1 (mac64[x86]) logging started Thu Aug  4 09:52:43 2022

Set parameter LogFile to value "/Users/keyvanmajd/Documents/GitHub/NNRepLayer_v2/demos/walking_example/dynamic_constraint/repair_net_relaxed/logs/opt_log_8_4_2022_9_51_22.log"
Gurobi Optimizer version 9.5.1 build v9.5.1rc2 (mac64[x86])
Thread count: 4 physical cores, 8 logical processors, using up to 8 threads
Optimize a model with 36505 rows, 24355 columns and 444169 nonzeros
Model fingerprint: 0x83736a74
Model has 675 quadratic objective terms
Variable types: 13555 continuous, 10800 integer (10800 binary)
Coefficient statistics:
  Matrix range     [2e-04, 3e+02]
  Objective range  [1e-03, 1e+00]
  QObjective range [3e-02, 3e-02]
  Bounds range     [8e-02, 7e+02]
  RHS range        [1e-04, 3e+02]
Presolve removed 1350 rows and 0 columns
Presolve time: 0.92s
Presolved: 35155 rows, 24355 columns, 442820 nonzeros
Presolved model has 675 quadratic objective terms
Variable types: 13555 continuous, 10800 integer (10800 binary)
Root relaxation presolve removed 10800 rows and 10800 columns
Root relaxation presolved: 24355 rows, 13555 columns, 410420 nonzeros
Root relaxation presolved model has 675 quadratic objective terms


Root relaxation: objective 2.364385e+01, 14359 iterations, 1.21 seconds (1.98 work units)

    Nodes    |    Current Node    |     Objective Bounds      |     Work
 Expl Unexpl |  Obj  Depth IntInf | Incumbent    BestBd   Gap | It/Node Time

     0     0   23.64385    0 4335          -   23.64385      -     -    3s
     0     0   23.64385    0 4335          -   23.64385      -     -    6s
     0     2   23.64385    0 4335          -   23.64385      -     -   17s
     3     8   23.65993    2 4328          -   23.64385      -   210   21s
    51    56   23.65993    8 4322          -   23.64385      -   909   25s
   130   140   24.10683   20 4129          -   23.64385      -   940   30s
   302   324   23.65993   55 4339          -   23.64385      -   492   35s
   618   649   24.35669  121 4401          -   23.64385      -   335   40s
   847   883   24.36290  158 4375          -   23.64385      -   286   45s
  1023  1042   24.56385  318 5205          -   23.64385      -   282   50s
  1218  1284   24.80645  241 4467          -   23.64385      -   293   55s
  1542  1632   24.80645  340 4384          -   23.64385      -   263   60s
  1901  2009   24.89308  405 4415          -   23.64385      -   249   65s
  2091  2171   24.97784  443 4379          -   23.64385      -   268   70s
  2367  2460   25.43986  526 4365          -   23.64385      -   265   75s
  2650  2770   26.04022  580 4363          -   23.64385      -   267   81s
  2899  3034   26.27397  638 4324          -   23.64385      -   258   85s
  3248  3401   26.58849  771 4182          -   23.64385      -   260   91s
  3524  3644   26.68355  834 4157          -   23.64385      -   255   97s
  3718  3826   26.68790  866 4139          -   23.64385      -   263  102s
  3825  3951   26.71810  885 4134          -   23.64385      -   264  105s
  4075  4200   26.81637  946 4075          -   23.64385      -   265  113s
  4199  4327   26.96534  968 4024          -   23.64385      -   268  116s
  4326  4481   27.01883  984 3989          -   23.64385      -   272  120s
  4625  4762   27.27332 1028 3959          -   23.64385      -   272  129s
  4761  4875   27.10798 1057 3958          -   23.64385      -   280  133s
  4874  5047   27.31016 1083 3948          -   23.64385      -   285  137s
  5046  5261   27.31016 1106 3938          -   23.64385      -   282  141s
  5262  5263   26.25276  601 4335          -   23.64385      -   278  145s
  5263  5263   25.54062  475 4331          -   23.64385      -   278  150s
  5265  5265   24.12404  174 4331          -   23.64385      -   278  171s
  5266  5268   23.82306   12 4213          -   23.64385      -   281  203s
  5284  5282   24.04378   15 3892          -   23.64385      -   281  205s
  5382  5353   24.03818   27 3896          -   23.64385      -   280  210s
  5469  5411   24.03719   38 3896          -   23.64385      -   281  215s
  5548  5468   24.01167   50 3968          -   23.64385      -   287  220s
  5678  5572   24.02596   66 3927          -   23.64385      -   291  225s
  5850  5685   24.01167   90 3935          -   23.64385      -   295  230s
  6118  5884   24.64126  115 3537          -   23.64385      -   298  235s
  6351  6042   24.01167  135 3891          -   23.64385      -   299  241s
  6545  6186   25.08290  160 3765          -   23.64385      -   305  245s
  6771  6321   24.41918  184 3582          -   23.64385      -   310  251s
  6852  6367   24.01167  193 3860          -   23.64385      -   314  255s
  7135  6564   24.50129  221 3882          -   23.64385      -   320  261s
  7244  6669   24.01167  227 3864          -   23.64385      -   325  265s
  7373  6735   24.36591  245 4017          -   23.64385      -   329  270s
  7514  6841   24.32426  263 3698          -   23.64385      -   334  275s
  7669  6979   24.01167  286 3841          -   23.64385      -   340  280s
  7890  7074   24.52031  307 3762          -   23.64385      -   340  286s
  8036  7215   24.01167  323 3810          -   23.64385      -   347  291s
  8276  7414   25.26301  345 3658          -   23.64385      -   350  298s
  8417  7468   24.01167  352 3774          -   23.64385      -   351  301s
  8518  7523   24.01167  359 3777          -   23.64385      -   354  305s
  8707  7627   24.01167  380 3764          -   23.64385      -   364  313s
  8774  7698   24.01167  393 3757          -   23.64385      -   368  316s
  8867  7726   24.45565  403 3591          -   23.64385      -   376  321s
  8926  7781   24.01167  412 3739          -   23.64385      -   381  325s
  9001  7852   24.01167  425 3726          -   23.64385      -   389  330s
  9097  7938   24.01167  442 3709          -   23.64385      -   393  335s
  9215  8012   24.01222  457 3696          -   23.64385      -   399  342s
  9328  8124   25.40874  473 3663          -   23.64385      -   403  347s
  9478  8232   24.96904  490 3618          -   23.64385      -   408  353s
  9636  8230   24.01222  508 3637          -   23.64385      -   410  391s
H 9656  7959                    1118.5382927   23.64385  97.9%   411  391s
H 9686  7840                     952.2954064   23.64385  97.5%   411  397s
H 9723  7590                     918.1330366   23.64385  97.4%   412  397s
  9827  7753   24.01222  527 3623  918.13304   23.64385  97.4%   417  403s
H10025  7498                     124.9102959   23.64385  81.1%   419  437s
H10060  7271                     114.2094786   23.64385  79.3%   421  437s
 10061  7497   25.62057  541 3473  114.20948   23.64385  79.3%   421  445s
H10287  7421                     109.8555050   23.65086  78.5%   424  463s
 10490  7680   24.01222  561 3602  109.85550   23.65398  78.5%   424  477s
 10817  7768   24.80619  591 3473  109.85550   23.65398  78.5%   427  486s
 11014  7706   24.87683  602 3452  109.85550   23.65398  78.5%   431  536s
 11018  7968   24.01222  603 3557  109.85550   23.65398  78.5%   431  547s
 11281  8088   24.01222  618 3551  109.85550   23.65398  78.5%   432  556s
 11489  8038   24.01222  636 3542  109.85550   23.65398  78.5%   437  597s
 11508  8123   24.92191  636 3503  109.85550   23.65398  78.5%   438  691s
H11559  7913                      98.3784317   23.65398  76.0%   440  691s
H11599  7831                      97.8309383   23.65398  75.8%   444  713s
H11637  7644                      94.3305663   23.65398  74.9%   446  713s
 11715  8027   24.01222  668 3556   94.33057   23.65735  74.9%   449  724s
 12124  8280   25.39529  722 3462   94.33057   23.65735  74.9%   453  735s
 12514  8530   24.03334  772 3442   94.33057   23.65735  74.9%   457  745s
 12894  8712   24.03991  820 3395   94.33057   23.65735  74.9%   461  755s
 13202  9036   24.03991  853 3373   94.33057   23.65735  74.9%   467  767s
 13629  9334   24.03991  906 3330   94.33057   23.65735  74.9%   470  780s
 14069  9523   24.03991  963 3287   94.33057   23.65735  74.9%   472  794s
 14405  9843   24.03991  979 3275   94.33057   23.65735  74.9%   477  810s
 14837  9890   24.56284 1030 3189   94.33057   23.65735  74.9%   480  871s
H14883  9764                      93.4378500   23.65735  74.7%   481  871s
H14928  9764                      85.7705690   23.65735  72.4%   482  871s
 15028 10115   24.04862 1054 3227   85.77057   23.65735  72.4%   483  889s
 15379 10554   24.03991 1102 3183   85.77057   23.65738  72.4%   490  907s
 15818 11042   24.03991 1136 3158   85.77057   23.65740  72.4%   490  922s
 16306 11046   24.13695 1168 3142   85.77057   23.65740  72.4%   490  966s
H16307 11046                      85.7705684   23.65740  72.4%   490  966s
H16308 11046                      85.7705682   23.65740  72.4%   490  966s
 16310 11491   24.13695 1169 3141   85.77057   23.65740  72.4%   490  989s
 16582 11491   33.57858 2858 1891   85.77057   23.66305  72.4%   493  990s
 16755 11835   24.13710 1218 3110   85.77057   23.66305  72.4%   490 1009s
 17099 12237   24.13710 1239 3084   85.77057   23.66305  72.4%   493 1033s
 17501 12629   24.90369 1297 2991   85.77057   23.66305  72.4%   491 1050s
 17893 12862   24.45699 1329 3000   85.77057   23.66305  72.4%   491 1068s
 18126 13342   24.79852 1360 2924   85.77057   23.66305  72.4%   491 1084s
 18606 13771   24.73473 1411 3064   85.77057   23.66305  72.4%   487 1101s
 19035 14257   24.73536 1457 3032   85.77057   23.66305  72.4%   485 1119s
 19521 14737   26.03531 1506 3019   85.77057   23.66305  72.4%   481 1137s
 20001 15188   25.91717 1559 3029   85.77057   23.66305  72.4%   477 1155s
 20452 15602   26.60545 1624 3104   85.77057   23.66305  72.4%   475 1181s
H20866 15606                      81.4193215   23.66305  70.9%   473 1452s
H20867 15606                      80.2678961   23.66305  70.5%   473 1452s

Explored 20870 nodes (9882461 simplex iterations) in 1452.76 seconds (2743.38 work units)
Thread count was 8 (of 8 available processors)

Solution count 10: 80.2679 81.4193 85.7706 ... 109.856

Solve interrupted
Best objective 8.026789605740e+01, best bound 2.366304545130e+01, gap 70.5199%
