
Gurobi 9.5.0 (win64) logging started Mon Aug 15 15:04:16 2022

Set parameter LogFile to value "C:\Users\kmajd1\Documents\NNRepLayer_v2\demos\walking_example\dynamic_constraint\repair_net_relaxed/logs/opt_log_8_15_2022_14_56_35.log"
Gurobi Optimizer version 9.5.0 build v9.5.0rc5 (win64)
Thread count: 8 physical cores, 16 logical processors, using up to 16 threads
Optimize a model with 101822 rows, 70572 columns and 1789700 nonzeros
Model fingerprint: 0x9dd20b3e
Model has 1250 quadratic objective terms
Variable types: 41822 continuous, 28750 integer (28750 binary)
Coefficient statistics:
  Matrix range     [2e-05, 3e+02]
  Objective range  [1e-04, 4e+00]
  QObjective range [2e-01, 2e-01]
  Bounds range     [1e-03, 7e+02]
  RHS range        [1e-05, 3e+02]
Presolve removed 3282 rows and 782 columns
Presolve time: 4.77s
Presolved: 98540 rows, 69790 columns, 1785637 nonzeros
Presolved model has 1250 quadratic objective terms
Variable types: 41040 continuous, 28750 integer (28750 binary)
Root relaxation presolve removed 28750 rows and 28750 columns
Root relaxation presolved: 69790 rows, 41040 columns, 1699387 nonzeros
Root relaxation presolved model has 1250 quadratic objective terms


Root simplex log...

Iteration    Objective       Primal Inf.    Dual Inf.      Time
       0    1.6416389e+02   0.000000e+00   0.000000e+00     12s
   45458    1.6416389e+02   4.504358e+02   0.000000e+00     15s
   58865    1.6416389e+02   0.000000e+00   0.000000e+00     17s
   58865    1.6416389e+02   0.000000e+00   0.000000e+00     17s

Root relaxation: objective 1.641639e+02, 58865 iterations, 10.11 seconds (27.84 work units)

    Nodes    |    Current Node    |     Objective Bounds      |     Work
 Expl Unexpl |  Obj  Depth IntInf | Incumbent    BestBd   Gap | It/Node Time

     0     0  164.16389    0 9861          -  164.16389      -     -   19s
     0     0  164.16389    0 9861          -  164.16389      -     -   28s
     0     2  164.16389    0 9861          -  164.16389      -     -   83s
     1     4  164.16389    1 9860          -  164.16389      -   5.0   88s
     7    16  164.16389    3 9861          -  164.16389      -  6838   90s
    15    24  165.54334    4 10111          -  164.16389      -  3450  144s
    23    32  164.16389    4 9861          -  164.16389      -  6108  145s
    59    72  164.39157    8 9896          -  164.16389      -  3259  150s
   109   124  164.47178   13 9954          -  164.16389      -  2234  155s
   135   151  164.91995   14 9993          -  164.16389      -  2122  165s
   150   170  164.17056   15 9879          -  164.16389      -  3203  171s
   169   193  164.17056   16 9879          -  164.16389      -  3338  184s
   192   218  165.08654   18 9972          -  164.16389      -  3779  185s
   239   269  164.17056   24 9879          -  164.16389      -  3229  199s
   268   291  164.17056   27 9878          -  164.16389      -  3579  202s
   290   313  164.17056   30 9881          -  164.16389      -  3429  233s
   312   339  164.17056   32 9881          -  164.16389      -  4604  237s
   338   372  164.31045   35 9931          -  164.16389      -  4411  241s
   404   447  164.17056   39 9879          -  164.16389      -  3922  246s
   446   498  164.79468   46 9703          -  164.16389      -  3642  250s
   559   599  164.19391   60 9861          -  164.16389      -  3102  258s
   598   667  164.19391   69 9857          -  164.16389      -  3024  262s
   666   731  164.20576   80 9850          -  164.16389      -  2811  266s
   730   838  164.26186   85 9852          -  164.16389      -  2644  272s
   837   896  164.54288   91 9846          -  164.16389      -  2374  277s
   895   955  164.55932   97 9847          -  164.16389      -  2311  283s
   954  1009  164.56979   99 9843          -  164.16389      -  2284  292s
  1008  1059  164.57230  104 9842          -  164.16389      -  2261  297s
  1058  1145  165.60024  111 9959          -  164.16389      -  2230  303s
  1144  1212  164.69785  120 9686          -  164.16389      -  2138  311s
  1211  1289  164.95955  134 9672          -  164.16389      -  2104  320s
  1288  1338  165.46442  153 9734          -  164.16389      -  2094  348s
  1337  1411  165.05711  158 9650          -  164.16389      -  2477  356s
  1410  1492  165.07616  179 9611          -  164.16389      -  2439  364s
  1491  1569  165.07616  206 9591          -  164.16389      -  2405  398s
  1568  1664  165.15845  209 9695          -  164.16389      -  2532  407s
  1663  1749  165.15845  233 9689          -  164.16389      -  2468  416s
  1748  1839  166.90038  242 9741          -  164.16389      -  2443  458s
  1838  1890  167.27004  260 9697          -  164.16389      -  2697  493s
  1889  2010  166.50423  271 9504          -  164.16389      -  2945  502s
  2009  2130  166.51005  286 9446          -  164.16389      -  2844  512s
  2129  2219  166.89071  312 9445          -  164.16389      -  2770  526s
  2218  2278  167.09220  323 9444          -  164.16389      -  2728  560s
  2277  2391  168.44942  331 9429          -  164.16389      -  2939  573s
  2390  2541  168.94850  353 9430          -  164.16389      -  2893  593s
  2540  2603  168.49262  394 9310          -  164.16389      -  2825  627s
  2602  2752  168.89307  410 9611          -  164.16389      -  3007  642s
  2751  2986  170.10120  422 9417          -  164.16389      -  2926  658s
  2985  3041  170.14157  459 9402          -  164.16389      -  2763  675s
  3040  3268  170.14157  469 9397          -  164.16389      -  2747  689s
  3267  3484  170.21011  519 9339          -  164.16389      -  2623  706s
  3483  3618  170.58621  537 9345          -  164.16389      -  2528  722s
  3617  3818  172.42906  555 9396          -  164.16389      -  2516  745s
  3817  4078  172.29558  578 9391          -  164.16389      -  2459  764s
  4077  4288  171.95461  614 9296          -  164.16389      -  2372  782s
  4287  4529  172.24104  632 9205          -  164.16389      -  2328  801s
  4528  4738  172.71072  660 9086          -  164.16389      -  2265  824s
  4737  4968  174.10944  684 9395          -  164.16389      -  2236  847s
  4967  5123  174.10944  718 9375          -  164.16389      -  2207  877s
  5122  5386  174.10944  736 9363          -  164.16389      -  2197  906s
  5385  5747  174.56438  770 9425          -  164.16389      -  2159  930s
  5746  6107  174.94461  796 9419          -  164.16389      -  2073  961s
  6106  6482  175.15247  815 9423          -  164.16389      -  2005  987s
  6481  6817  175.50933  834 9409          -  164.16389      -  1938 1017s
  6816  7259  175.84323  858 9402          -  164.16389      -  1894 1051s
  7259  7260  167.91985   99 9861          -  164.16389      -  1823 1073s
  7261  7261  167.27778   47 9861          -  164.16389      -  1823 1098s
  7263  7263  172.73853  795 9861          -  164.16389      -  1822 1426s
  7264  7266  164.16389   12 9868          -  164.16389      -  1830 1586s
  7286  7287  167.71374   15 9119          -  164.16389      -  1827 1590s
  7326  7315  166.68993   18 9110          -  164.16389      -  1822 1599s
  7335  7323  167.04287   18 9172          -  164.16389      -  1830 1602s
  7358  7340  167.32642   19 9219          -  164.16389      -  1827 1605s
  7395  7372  166.68993   21 9108          -  164.16389      -  1821 1610s
  7484  7432  166.68993   25 9107          -  164.16389      -  1805 1615s
  7505  7446  168.05117   25 9130          -  164.16389      -  1801 1622s
  7551  7476  167.69877   26 9163          -  164.16389      -  1797 1679s
  7571  7490  166.68993   27 9156          -  164.16389      -  1824 1681s
  7592  7508  166.68993   28 9155          -  164.16389      -  1821 1686s
  7617  7525  166.68993   29 9154          -  164.16389      -  1822 1692s
  7642  7544  166.68993   30 9153          -  164.16389      -  1827 1739s
  7670  7566  166.68993   31 9152          -  164.16389      -  1839 1742s
  7701  7582  166.68993   32 9151          -  164.16389      -  1835 1751s
  7758  7631  166.68993   34 9127          -  164.16389      -  1844 1758s
  7795  7655  166.68993   35 9126          -  164.16389      -  1843 1763s
  7832  7680  166.86442   38 9130          -  164.16389      -  1842 1766s
  7869  7702  166.68993   40 9121          -  164.16389      -  1838 1770s
  7903  7721  167.70437   41 9088          -  164.16389      -  1837 1790s
  7978  7770  166.68993   44 9115          -  164.16389      -  1853 1803s
  8008  7797  167.68156   45 9106          -  164.16389      -  1860 1823s
  8045  7831  167.23594   46 9254          -  164.16389      -  1868 1828s
  8091  7865  166.68993   46 9108          -  164.16389      -  1866 1833s
  8140  7903  167.17713   49 9132          -  164.16389      -  1864 1843s
  8195  7963  166.68993   50 9107          -  164.16389      -  1871 1870s
  8273  8011  167.47858   53 9099          -  164.16389      -  1887 1890s
  8347  8054  166.68993   57 9105          -  164.16389      -  1907 1898s
  8415  8101  166.68993   60 9103          -  164.16389      -  1906 1907s
  8484  8150  166.68993   62 9101          -  164.16389      -  1904 1930s
  8556  8212  166.68993   66 9098          -  164.16389      -  1910 1944s
  8642  8275  168.02121   68 9100          -  164.16389      -  1916 1959s
  8734  8320  166.91504   75 9149          -  164.16389      -  1933 1983s
  8810  8413  167.72459   78 9240          -  164.16389      -  1968 1994s
  8928  8520  167.39435   81 8846          -  164.16389      -  1959 2011s
  9074  8631  166.68993   87 9137          -  164.16389      -  1957 2027s
  9234  8722  166.68993   93 9134          -  164.16389      -  1944 2039s
  9378  8836  166.68993   99 9130          -  164.16389      -  1931 2051s
  9540  8925  167.37002  103 8900          -  164.16389      -  1919 2063s
  9683  8968  166.68993  110 9150          -  164.16389      -  1909 2075s
  9774  9059  166.68993  116 9144          -  164.16389      -  1912 2088s
  9895  9151  167.78168  121 8962          -  164.16389      -  1910 2103s
 10028  9181  166.68993  128 9138          -  164.16389      -  1908 2129s
 10102  9255  166.68993  133 9137          -  164.16389      -  1960 2144s
 10201  9276  166.68993  144 9136          -  164.16389      -  1969 2172s
 10255  9414  166.68993  149 9133          -  164.16389      -  2010 2189s
 10411  9468  167.80441  155 9215          -  164.16389      -  2008 2208s
 10517  9481  166.68993  160 9127          -  164.16389      -  2019 2242s
 10565  9574  168.51009  162 9368          -  164.16389      -  2086 2263s
 10674  9631  168.37365  166 9327          -  164.16389      -  2098 2297s
 10767  9744  166.68993  170 9128          -  164.16389      -  2154 2333s
 10911  9776  166.68993  175 9128          -  164.16389      -  2170 2361s
 10991  9921  168.02847  177 9295          -  164.16389      -  2213 2384s
 11163 10050  166.68993  182 9127          -  164.16389      -  2216 2406s
 11349 10083  166.68993  193 9123          -  164.16389      -  2216 2438s
 11444 10240  166.68993  197 9123          -  164.16389      -  2259 2465s
 11633 10503  167.76869  202 8988          -  164.16389      -  2265 2492s
 11959 10618  166.68993  210 9086          -  164.16389      -  2237 2521s
 12183 10684  166.68993  220 9077          -  164.16389      -  2237 2550s
 12323 10815  166.68993  225 9152          -  164.16389      -  2257 2615s
 12501 10832  166.68993  228 9151          -  164.16389      -  2306 2664s
 12577 10952  166.68993  239 9141          -  164.16389      -  2357 2726s
 12723 11235  166.68993  248 9134          -  164.16389      -  2394 2827s
 13056 11174  166.68993  249 9134          -  164.16389      -  2374 2906s
 13106 11226  166.68993  251 9132          -  164.16389      -  2493 2978s
 13175 11273  166.68993  259 9118          -  164.16389      -  2567 3055s
 13245 11452  166.68993  261 9117          -  164.16389      -  2661 3126s
 13447 11614  166.92773  269 9405          -  164.16389      -  2686 3206s
 13677 11805  168.01702  291 9473          -  164.16389      -  2731 3286s
 13944 11968  168.19526  321 9534          -  164.16389      -  2773 3366s
 14196 12221  169.83375  345 9639          -  164.16389      -  2802 3457s
 14533 12118  169.83375  364 9634          -  164.16389      -  2819 3780s
 14543 13603  173.29578  364 10068          -  164.16389      -  2834 4897s
 16031 14338  173.55089  457 10038          -  164.16389      -  3484 5079s
 17262 14960  170.96393  498 9563          -  164.16389      -  3347 5191s
 18294 15614  171.25528  518 9619          -  164.16389      -  3220 5286s
 19294 16304  171.25528  531 9610          -  164.16389      -  3099 5370s
 20324 16931  171.25528  553 9596          -  164.16389      -  2978 5443s
 21296 17665  172.82971  568 9547          -  164.16389      -  2869 5511s
 22356 18285  171.25528  595 9576          -  164.16389      -  2754 5580s
 23329 18877  171.25528  612 9561          -  164.16389      -  2663 5643s
 24248 19467  171.25528  624 9550          -  164.16389      -  2585 5715s
 25148 19911  171.31506  641 9535          -  164.16389      -  2517 5791s
 25892 20409  171.34780  659 9519          -  164.16389      -  2473 5862s
 26638 20902  171.43999  679 9504          -  164.16389      -  2430 5931s
 27380 21447  171.43999  694 9489          -  164.16389      -  2390 6009s
 28172 22016  171.43999  714 9471          -  164.16389      -  2348 6077s
 29005 22649  171.43999  733 9458          -  164.16389      -  2303 6255s

Explored 29930 nodes (68563264 simplex iterations) in 6256.82 seconds (13366.88 work units)
Thread count was 16 (of 16 available processors)

Solution count 0

Solve interrupted
Best objective -, best bound 1.641638918873e+02, gap -
