
Gurobi 9.5.0 (win64) logging started Tue Jun  7 18:15:28 2022

Set parameter LogFile to value "C:\Users\kmajd1\Documents\NNRepLayer_v2\demos\examples\tc7_walking_example\v2\repair_bound_constraint\repair_net/logs/opt_log_6_7_2022_18_15_9.log"
Gurobi Optimizer version 9.5.0 build v9.5.0rc5 (win64)
Thread count: 8 physical cores, 16 logical processors, using up to 16 threads
Optimize a model with 366 rows, 134 columns and 1199 nonzeros
Model fingerprint: 0x039d725a
Model has 101 quadratic objective terms
Coefficient statistics:
  Matrix range     [2e-04, 1e+01]
  Objective range  [1e-04, 4e-01]
  QObjective range [2e-02, 2e+00]
  Bounds range     [1e+01, 4e+01]
  RHS range        [8e-04, 1e+01]
Presolve removed 212 rows and 6 columns
Presolve time: 0.01s
Presolved: 154 rows, 128 columns, 975 nonzeros
Presolved model has 101 quadratic objective terms
Ordering time: 0.00s

Barrier statistics:
 Dense cols : 9
 AA' NZ     : 1.957e+03
 Factor NZ  : 2.792e+03
 Factor Ops : 6.683e+04 (less than 1 second per iteration)
 Threads    : 1

                  Objective                Residual
Iter       Primal          Dual         Primal    Dual     Compl     Time
   0   1.62173849e+07 -1.70191540e+07  5.48e+03 4.01e+02  8.65e+05     0s
   1   6.54913768e+06 -7.47805276e+06  3.39e+03 2.48e+02  5.82e+05     0s
   2   1.55612688e+04 -1.58653057e+06  1.76e+02 1.29e+01  4.66e+04     0s
   3   1.18563378e+02 -1.37623909e+06  1.76e-04 1.29e-05  4.44e+03     0s
   4   1.18329506e+02 -2.11080937e+03  1.09e-07 7.98e-09  7.19e+00     0s
   5   4.91897353e+01 -9.65972364e+01  2.14e-09 1.57e-10  4.70e-01     0s
   6   9.75520406e+00 -9.38563506e+00  4.62e-14 4.30e-14  6.17e-02     0s
   7   6.54257932e+00 -1.10121720e+00  1.24e-13 1.83e-14  2.47e-02     0s
   8   5.76481090e+00  4.58337096e+00  4.94e-13 1.53e-12  3.81e-03     0s
   9   5.66372361e+00  5.58647934e+00  1.22e-12 1.93e-13  2.49e-04     0s
  10   5.65261396e+00  5.64855390e+00  4.57e-12 2.40e-12  1.31e-05     0s
  11   5.65195088e+00  5.65177021e+00  1.34e-11 7.81e-14  5.83e-07     0s
  12   5.65191304e+00  5.65191089e+00  6.46e-11 1.30e-11  6.92e-09     0s
  13   5.65191257e+00  5.65191253e+00  8.40e-10 1.15e-10  1.14e-10     0s

Barrier solved model in 13 iterations and 0.04 seconds (0.00 work units)
Optimal objective 5.65191257e+00

