
Gurobi 9.5.0 (mac64[x86]) logging started Fri Mar 18 17:45:13 2022

Set parameter LogFile to value "/Users/keyvanmajd/Documents/NNRepLayer_v2/demos/examples/tc2_forward_kinematics/tc2/repair_net_finetune/logs/opt_log_layer2.log"
Gurobi Optimizer version 9.5.0 build v9.5.0rc5 (mac64[x86])
Thread count: 4 physical cores, 8 logical processors, using up to 8 threads
Optimize a model with 106135 rows, 66291 columns and 511350 nonzeros
Model fingerprint: 0x19604b45
Model has 861 quadratic objective terms
Variable types: 27591 continuous, 38700 integer (38700 binary)
Coefficient statistics:
  Matrix range     [1e-04, 2e+00]
  Objective range  [1e-05, 3e-02]
  QObjective range [2e-02, 2e+00]
  Bounds range     [1e+00, 3e+00]
  RHS range        [2e-04, 2e+00]
Presolve removed 66650 rows and 27735 columns
Presolve time: 1.53s
Presolved: 39485 rows, 38556 columns, 404065 nonzeros
Presolved model has 861 quadratic objective terms
Variable types: 26301 continuous, 12255 integer (12255 binary)

Root simplex log...

Iteration    Objective       Primal Inf.    Dual Inf.      Time
       0    2.3808174e-01   0.000000e+00   0.000000e+00      9s
    6579    2.3808174e-01   6.401410e+03   0.000000e+00     10s
   19970    2.3808174e-01   3.222749e+03   0.000000e+00     15s
   38153    2.5520959e-01   6.265657e+02   0.000000e+00     20s
   50069    2.5520959e-01   1.090968e+02   0.000000e+00     25s
   57956    2.5520959e-01   4.765439e+00   0.000000e+00     30s
   59839    2.5520959e-01   0.000000e+00   0.000000e+00     31s

Root relaxation: objective 2.552096e-01, 59839 iterations, 22.51 seconds (36.15 work units)

    Nodes    |    Current Node    |     Objective Bounds      |     Work
 Expl Unexpl |  Obj  Depth IntInf | Incumbent    BestBd   Gap | It/Node Time

     0     0    0.25521    0 8396          -    0.25521      -     -   31s
     0     0    0.25521    0 8746          -    0.25521      -     -   76s
     0     0    0.25521    0 8795          -    0.25521      -     -  149s
     0     0    0.25521    0 8877          -    0.25521      -     -  158s
     0     0    0.25521    0 8873          -    0.25521      -     -  304s
     0     0    0.25521    0 8839          -    0.25521      -     -  311s
     0     0    0.25521    0 8859          -    0.25521      -     -  563s
     0     0    0.25521    0 8822          -    0.25521      -     -  569s
     0     0    0.25521    0 8822          -    0.25521      -     -  902s
     0     0    0.25521    0 8804          -    0.25521      -     -  908s
H    0     0                       7.2239159    0.25521  96.5%     - 1421s
H    0     0                       7.2239158    0.25521  96.5%     - 4861s
     0     2    0.25521    0 8804    7.22392    0.25521  96.5%     - 4862s
    11    16    0.25521    3 8809    7.22392    0.25521  96.5%   429 4865s
H   27    32                       6.2848300    0.25521  95.9%   266 6633s
H   28    32                       6.0054922    0.25521  95.8%   258 6633s
    31    36    0.25521    8 8769    6.00549    0.25521  95.8%   240 7200s
H   33    36                       5.9634108    0.25521  95.7%   226 7200s

Cutting planes:
  Implied bound: 2
  MIR: 1633
  Flow cover: 1644

Explored 35 nodes (99450 simplex iterations) in 7200.10 seconds (13593.60 work units)
Thread count was 8 (of 8 available processors)

Solution count 5: 5.96341 6.00549 6.28483 ... 7.22392

Time limit reached
Best objective 5.963410824209e+00, best bound 2.552095947873e-01, gap 95.7204%

Gurobi 9.5.0 (linux64) logging started Fri 18 Mar 2022 08:31:40 PM MST

Set parameter LogFile to value "/home/local/ASUAD/kmajd1/Documents/NNRepLayer_v2/demos/examples/tc2_forward_kinematics/tc2/repair_net_finetune/logs/opt_log_layer2.log"
Gurobi Optimizer version 9.5.0 build v9.5.0rc5 (linux64)
Thread count: 48 physical cores, 96 logical processors, using up to 45 threads
Optimize a model with 106135 rows, 66291 columns and 510360 nonzeros
Model fingerprint: 0x7bc96586
Model has 861 quadratic objective terms
Variable types: 27591 continuous, 38700 integer (38700 binary)
Coefficient statistics:
  Matrix range     [1e-04, 2e+00]
  Objective range  [4e-06, 3e-02]
  QObjective range [2e-02, 2e+00]
  Bounds range     [1e+00, 3e+00]
  RHS range        [2e-04, 2e+00]
Presolve removed 66650 rows and 27735 columns
Presolve time: 1.03s
Presolved: 39485 rows, 38556 columns, 403075 nonzeros
Presolved model has 861 quadratic objective terms
Variable types: 26301 continuous, 12255 integer (12255 binary)

Root simplex log...

Iteration    Objective       Primal Inf.    Dual Inf.      Time
       0    2.3808174e-01   0.000000e+00   0.000000e+00      6s
   16643    2.3808174e-01   4.350876e+03   0.000000e+00     10s
   51165    2.5448243e-01   7.874673e+01   0.000000e+00     15s
   60280    2.5449895e-01   0.000000e+00   0.000000e+00     20s

Root relaxation: objective 2.544989e-01, 60280 iterations, 13.18 seconds (29.47 work units)

    Nodes    |    Current Node    |     Objective Bounds      |     Work
 Expl Unexpl |  Obj  Depth IntInf | Incumbent    BestBd   Gap | It/Node Time

     0     0    0.25450    0 8117          -    0.25450      -     -   20s
     0     0    0.25450    0 8397          -    0.25450      -     -   45s
     0     0    0.25450    0 8502          -    0.25450      -     -   90s
     0     0    0.25450    0 8530          -    0.25450      -     -   96s
     0     0    0.25450    0 8513          -    0.25450      -     -  181s
     0     0    0.25450    0 8504          -    0.25450      -     -  185s
     0     0    0.25450    0 8521          -    0.25450      -     -  312s
     0     0    0.25450    0 8508          -    0.25450      -     -  316s
     0     0    0.25450    0 8514          -    0.25450      -     -  573s
     0     0    0.25450    0 8482          -    0.25450      -     -  577s
H    0     0                       7.4303833    0.25450  96.6%     -  968s

Cutting planes:
  Implied bound: 1
  MIR: 1389
  Flow cover: 1323

Explored 1 nodes (88974 simplex iterations) in 2158.53 seconds (6914.61 work units)
Thread count was 45 (of 96 available processors)

Solution count 1: 7.43038 

Solve interrupted
Best objective 7.430383273833e+00, best bound 2.544989467978e-01, gap 96.5749%

Gurobi 9.5.0 (linux64) logging started Fri 18 Mar 2022 09:11:41 PM MST

Set parameter LogFile to value "/home/local/ASUAD/kmajd1/Documents/NNRepLayer_v2/demos/examples/tc2_forward_kinematics/tc2/repair_net_finetune/logs/opt_log_layer2.log"
Gurobi Optimizer version 9.5.0 build v9.5.0rc5 (linux64)
Thread count: 48 physical cores, 96 logical processors, using up to 45 threads
Optimize a model with 106135 rows, 66291 columns and 510060 nonzeros
Model fingerprint: 0x30b1d4e0
Model has 861 quadratic objective terms
Variable types: 27591 continuous, 38700 integer (38700 binary)
Coefficient statistics:
  Matrix range     [1e-04, 2e+00]
  Objective range  [2e-05, 3e-02]
  QObjective range [2e-02, 2e+00]
  Bounds range     [1e+00, 3e+00]
  RHS range        [2e-04, 2e+00]
Presolve removed 66650 rows and 27735 columns
Presolve time: 1.02s
Presolved: 39485 rows, 38556 columns, 402775 nonzeros
Presolved model has 861 quadratic objective terms
Variable types: 26301 continuous, 12255 integer (12255 binary)

Root simplex log...

Iteration    Objective       Primal Inf.    Dual Inf.      Time
       0    2.3808174e-01   0.000000e+00   0.000000e+00      6s
   16399    2.3808174e-01   4.416321e+03   0.000000e+00     10s
   51687    2.5449894e-01   7.703038e+01   0.000000e+00     15s
   60463    2.5449894e-01   0.000000e+00   0.000000e+00     19s

Root relaxation: objective 2.544989e-01, 60463 iterations, 12.63 seconds (27.72 work units)

    Nodes    |    Current Node    |     Objective Bounds      |     Work
 Expl Unexpl |  Obj  Depth IntInf | Incumbent    BestBd   Gap | It/Node Time

     0     0    0.25450    0 8155          -    0.25450      -     -   19s
     0     0    0.25450    0 8539          -    0.25450      -     -   48s
     0     0    0.25450    0 8631          -    0.25450      -     -   82s
     0     0    0.25450    0 8638          -    0.25450      -     -   88s
     0     0    0.25450    0 8639          -    0.25450      -     -  167s
     0     0    0.25450    0 8623          -    0.25450      -     -  172s
     0     0    0.25450    0 8637          -    0.25450      -     -  380s
     0     0    0.25450    0 8603          -    0.25450      -     -  384s
     0     0    0.25450    0 8612          -    0.25450      -     -  609s
     0     0    0.25450    0 8609          -    0.25450      -     -  613s
H    0     0                       7.2636132    0.25450  96.5%     - 1004s
H    0     0                       7.2636131    0.25450  96.5%     - 4244s
     0     2    0.25450    0 8609    7.26361    0.25450  96.5%     - 4435s
    31    64    0.25450    5 8600    7.26361    0.25450  96.5%   362 6545s
H   33    64                       7.2636131    0.25450  96.5%   348 6545s
H   39    64                       7.2636131    0.25450  96.5%   338 6545s
H   42    64                       5.6330083    0.25450  95.5%   341 6545s
H   54    64                       5.3329285    0.25450  95.2%   322 6545s
    63   109    0.25450    6 8600    5.33293    0.25450  95.2%   306 7955s
H  108   109                       5.3329285    0.25450  95.2%   213 8898s
   109   110    0.25450    7 8609    5.33293    0.25450  95.2%   211 8901s
H  110   105                       5.3329285    0.25450  95.2%   209 8925s
   112   106    0.25450    6 8343    5.33293    0.25450  95.2%   205 8950s
   113   107    0.25450    6 8485    5.33293    0.25450  95.2%   203 8957s
   114   107    0.25450    7 8560    5.33293    0.25450  95.2%   202 8985s
   115   108    0.25450    7 8543    5.33293    0.25450  95.2%   200 8990s
   116   109    0.25450    7 8526    5.33293    0.25450  95.2%   198 9056s
   117   109    0.25450    7 8543    5.33293    0.25450  95.2%   196 9076s
H  117   103                       5.3329285    0.25450  95.2%   196 9146s
H  118    99                       5.3329284    0.25450  95.2%   195 9218s
   119   100    0.25450    6 8575    5.33293    0.25450  95.2%   193 9221s
H  120    95                       5.3329284    0.25450  95.2%   191 14338s
H  122    93                       5.3329284    0.25450  95.2%   939 16664s
   123    94    0.25450    7 8609    5.33293    0.25450  95.2%   931 16667s
   125    95    0.25450    6 8267    5.33293    0.25450  95.2%   917 16695s
   126    96    0.25450    7 8448    5.33293    0.25450  95.2%   909 16738s
   127    97    0.25450    7 8620    5.33293    0.25450  95.2%   902 16746s
   128    97    0.25450    7 8693    5.33293    0.25450  95.2%   895 16784s
   129    98    0.25450    7 8726    5.33293    0.25450  95.2%   888 16789s
   130    99    0.25450    7 8745    5.33293    0.25450  95.2%   881 16919s
   131    99    0.25450    7 8763    5.33293    0.25450  95.2%   875 16928s
   132   100    0.25450    7 8707    5.33293    0.25450  95.2%   868 17035s
   134   101    0.25450    7 8690    5.33293    0.25450  95.2%   855 17041s
   135   102    0.25450    7 8690    5.33293    0.25450  95.2%   849 24194s
   137   105    0.25450    7 8609    5.33293    0.25450  95.2%  1510 24582s
H  138   100                       5.3329283    0.25450  95.2%  1499 24611s
   140   101    0.25450    6 8436    5.33293    0.25450  95.2%  1477 24653s
   141   102    0.25450    7 8539    5.33293    0.25450  95.2%  1467 24660s
   142   102    0.25450    7 8615    5.33293    0.25450  95.2%  1456 24694s
   143   103    0.25450    7 8639    5.33293    0.25450  95.2%  1446 24700s
   144   104    0.25450    7 8601    5.33293    0.25450  95.2%  1436 24751s
   145   104    0.25450    7 8595    5.33293    0.25450  95.2%  1426 24755s
   147   106    0.25450    7 8560    5.33293    0.25450  95.2%  1407 24762s
   149   107    0.25450    6 8540    5.33293    0.25450  95.2%  1388 32463s
   151   110    0.25450    7 8609    5.33293    0.25450  95.2%  1975 32467s
   153   111    0.25450    6 8267    5.33293    0.25450  95.2%  1949 32496s
   154   112    0.25450    7 8452    5.33293    0.25450  95.2%  1936 32539s
   155   113    0.25450    7 8531    5.33293    0.25450  95.2%  1924 32548s
   156   113    0.25450    7 8593    5.33293    0.25450  95.2%  1912 32585s
   157   114    0.25450    7 8652    5.33293    0.25450  95.2%  1899 32590s
   158   115    0.25450    7 8624    5.33293    0.25450  95.2%  1887 32640s
   159   115    0.25450    7 8625    5.33293    0.25450  95.2%  1876 32645s
   161   117    0.25450    7 8626    5.33293    0.25450  95.2%  1852 32651s
   163   118    0.25450    6 8581    5.33293    0.25450  95.2%  1830 41259s
   165   121    0.25450    7 8609    5.33293    0.25450  95.2%  2361 41465s
   167   122    0.25450    6 8267    5.33293    0.25450  95.2%  2333 41493s
   168   123    0.25450    7 8442    5.33293    0.25450  95.2%  2319 41534s
   169   124    0.25450    7 8534    5.33293    0.25450  95.2%  2306 41544s
   170   124    0.25450    6 8643    5.33293    0.25450  95.2%  2292 41580s
   171   125    0.25450    7 8649    5.33293    0.25450  95.2%  2279 41586s
   172   126    0.25450    6 8637    5.33293    0.25450  95.2%  2265 41636s
   173   126    0.25450    7 8653    5.33293    0.25450  95.2%  2252 41642s
   175   128    0.25450    7 8610    5.33293    0.25450  95.2%  2227 41649s
   176   128    0.25450    6 8565    5.33293    0.25450  95.2%  2214 41651s
   177   129    0.25450    7 8565    5.33293    0.25450  95.2%  2201 44888s
   179   132    0.25450    7 8609    5.33293    0.25450  95.2%  2690 44891s
   181   133    0.25450    7 8267    5.33293    0.25450  95.2%  2660 44919s
   182   134    0.25450    6 8445    5.33293    0.25450  95.2%  2645 44962s
   183   135    0.25450    7 8570    5.33293    0.25450  95.2%  2631 44970s
   184   135    0.25450    7 8642    5.33293    0.25450  95.2%  2617 45009s
   185   136    0.25450    7 8676    5.33293    0.25450  95.2%  2602 45014s
   186   137    0.25450    7 8602    5.33293    0.25450  95.2%  2588 45066s
   187   137    0.25450    7 8605    5.33293    0.25450  95.2%  2575 45072s
   189   139    0.25450    7 8536    5.33293    0.25450  95.2%  2547 45078s
   190   139    0.25450    7 8511    5.33293    0.25450  95.2%  2534 45080s
   191   140    0.25450    7 8511    5.33293    0.25450  95.2%  2521 50801s
   193   143    0.25450    7 8609    5.33293    0.25450  95.2%  2968 50805s
   195   144    0.25450    7 8267    5.33293    0.25450  95.2%  2938 50834s
   196   145    0.25450    7 8450    5.33293    0.25450  95.2%  2923 50875s
   197   146    0.25450    7 8517    5.33293    0.25450  95.2%  2908 50883s
   198   146    0.25450    7 8597    5.33293    0.25450  95.2%  2893 50919s
   199   147    0.25450    6 8631    5.33293    0.25450  95.2%  2879 50924s
   200   148    0.25450    7 8630    5.33293    0.25450  95.2%  2864 51063s
   201   148    0.25450    7 8636    5.33293    0.25450  95.2%  2850 51068s
   202   149    0.25450    7 8604    5.33293    0.25450  95.2%  2836 51168s
   203   150    0.25450    7 8611    5.33293    0.25450  95.2%  2822 51216s
   205   151    0.25450    6 8614    5.33293    0.25450  95.2%  2794 54284s
   207   154    0.25450    7 8609    5.33293    0.25450  95.2%  3209 54470s
   209   155    0.25450    7 8267    5.33293    0.25450  95.2%  3178 54498s
   210   156    0.25450    7 8428    5.33293    0.25450  95.2%  3163 54540s
   211   157    0.25450    7 8551    5.33293    0.25450  95.2%  3148 54548s
   212   157    0.25450    6 8610    5.33293    0.25450  95.2%  3133 54585s
   213   158    0.25450    6 8670    5.33293    0.25450  95.2%  3118 54591s
   214   159    0.25450    7 8661    5.33293    0.25450  95.2%  3104 54720s
   215   159    0.25450    7 8638    5.33293    0.25450  95.2%  3089 54725s
   216   160    0.25450    7 8594    5.33293    0.25450  95.2%  3075 54818s
   217   161    0.25450    7 8627    5.33293    0.25450  95.2%  3061 54823s
   219   162    0.25450    6 8609    5.33293    0.25450  95.2%  3033 60514s
   221   165    0.25450    7 8609    5.33293    0.25450  95.2%  3417 60700s
   223   166    0.25450    7 8267    5.33293    0.25450  95.2%  3387 60728s
   224   167    0.25450    6 8452    5.33293    0.25450  95.2%  3371 60770s
   225   168    0.25450    6 8540    5.33293    0.25450  95.2%  3356 60777s
   226   168    0.25450    7 8563    5.33293    0.25450  95.2%  3342 60811s
   227   169    0.25450    7 8629    5.33293    0.25450  95.2%  3327 60817s
   228   170    0.25450    7 8579    5.33293    0.25450  95.2%  3312 60945s
   229   170    0.25450    7 8575    5.33293    0.25450  95.2%  3298 61009s
   230   171    0.25450    7 8550    5.33293    0.25450  95.2%  3283 61108s
H  230   162                       4.6458207    0.25450  94.5%  3283 61143s
   231   163    0.25450    7 8553    4.64582    0.25450  94.5%  3269 61146s
H  232   154                       4.6458206    0.25450  94.5%  3255 63693s
H  234   149                       4.6458205    0.25450  94.5%  3620 68798s
   235   150    0.25450    7 8609    4.64582    0.25450  94.5%  3604 68801s
   237   151    0.25450    7 8267    4.64582    0.25450  94.5%  3574 68830s
   238   152    0.25450    6 8491    4.64582    0.25450  94.5%  3559 68871s
   239   153    0.25450    7 8600    4.64582    0.25450  94.5%  3544 68877s
   240   153    0.25450    6 8627    4.64582    0.25450  94.5%  3529 68913s
   241   154    0.25450    7 8639    4.64582    0.25450  94.5%  3515 68918s
   242   155    0.25450    7 8684    4.64582    0.25450  94.5%  3500 69050s
H  242   147                       4.2429274    0.25450  94.0%  3500 69148s
   243   147    0.25450    7 8701    4.24293    0.25450  94.0%  3486 69151s
   244   148    0.25450    7 8654    4.24293    0.25450  94.0%  3471 69253s
H  244   140                       4.2424125    0.25450  94.0%  3471 69308s
H  244   133                       4.2424124    0.25450  94.0%  3471 69308s
   245   134    0.25450    7 8664    4.24241    0.25450  94.0%  3457 69311s
H  246   127                       4.2424124    0.25450  94.0%  3443 81894s
H  246   120                       4.2424124    0.25450  94.0%  3443 81894s
   248   125    0.25450  151 8627    4.24241    0.25450  94.0%  3787 82088s
   254   135    0.25450  153 8589    4.24241    0.25450  94.0%  3727 82092s
   278   175    0.25450  155 8566    4.24241    0.25450  94.0%  3502 84159s
H  279   168                       3.9441971    0.25450  93.5%  3490 84159s
H  280   162                       3.9160844    0.25450  93.5%  3481 84159s
H  295   151                       3.9009685    0.25450  93.5%  3374 84159s
   310   191    0.25450  156 8562    3.90097    0.25450  93.5%  3289 84625s
H  355   216                       3.9009685    0.25450  93.5%  2985 86400s
H  356   211                       3.9009684    0.25450  93.5%  2978 86400s
H  357   205                       3.9009684    0.25450  93.5%  2970 86400s
H  365   198                       3.9009684    0.25450  93.5%  2914 86400s
H  369   192                       3.8932757    0.25450  93.5%  2889 86400s

Cutting planes:
  Gomory: 77
  MIR: 2586
  Flow cover: 3013
  Relax-and-lift: 29

Explored 400 nodes (1166763 simplex iterations) in 86400.74 seconds (254256.79 work units)
Thread count was 45 (of 96 available processors)

Solution count 10: 3.89328 3.90097 3.90097 ... 4.24241

Time limit reached
Best objective 3.893275714956e+00, best bound 2.544989472643e-01, gap 93.4631%
