
Gurobi 9.5.1 (linux64) logging started Tue 16 Aug 2022 03:50:54 PM MST

Set parameter LogFile to value "/home/local/ASUAD/kmajd1/NNRepLayer_v2/demos/walking_example/global_constraint_upper_10/repair_net/logs/opt_log_multi_19.log"
Gurobi Optimizer version 9.5.1 build v9.5.1rc2 (linux64)
Thread count: 48 physical cores, 96 logical processors, using up to 45 threads
Optimize a model with 16863 rows, 10742 columns and 169343 nonzeros
Model fingerprint: 0xbe760b3f
Model has 149 quadratic objective terms
Variable types: 5974 continuous, 4768 integer (4768 binary)
Coefficient statistics:
  Matrix range     [3e-03, 3e+02]
  Objective range  [4e-03, 1e+00]
  QObjective range [1e-02, 1e-02]
  Bounds range     [1e+00, 1e+03]
  RHS range        [1e-04, 3e+02]

Concurrent MIP optimizer: 3 concurrent instances (15 threads per instance)

Presolve removed 426 rows and 64 columns
Presolve time: 0.27s
Presolved: 16437 rows, 10678 columns, 168789 nonzeros
Presolved model has 149 quadratic objective terms
Variable types: 5910 continuous, 4768 integer (4768 binary)
Root relaxation presolve removed 4768 rows and 4768 columns
Root relaxation presolved: 11669 rows, 5910 columns, 154485 nonzeros
Root relaxation presolved model has 149 quadratic objective terms


Root relaxation: objective 2.941434e+01, 6603 iterations, 0.24 seconds (0.40 work units)

    Nodes    |    Current Node    |     Objective Bounds      |     Work
 Expl Unexpl |  Obj  Depth IntInf | Incumbent    BestBd   Gap | It/Node Time

     0     0      -    -    -      183.58961   29.41434  84.0%     -    1s
     0     0      -    -    -      180.18779   29.41434  83.7%     -    4s
     0     2      -    -    -      179.90191   29.41434  83.6%     -    7s
    60    76      -    -    -      179.90191   29.41434  83.6%     -   11s
    75    91      -    -    -      159.89925   29.41434  81.6%     -   21s
    90   106      -    -    -       48.22218   29.41434  39.0%     -   26s
   134   150      -    -    -       48.20747   29.41434  39.0%     -   35s
  1193  1209      -    -    -       36.13072   29.41434  18.6%     -   52s
  2647  2791      -    -    -       35.85908   29.41434  18.0%     -   55s
  5414  5664      -    -    -       35.85908   29.41434  18.0%     -   60s
  8033  8339      -    -    -       35.85908   29.41434  18.0%     -   66s
  8679  9010      -    -    -       35.85908   29.41434  18.0%     -   77s
  9896  9897      -    -    -       35.19779   29.41434  16.4%     -   94s
  9898  8932      -    -    -       35.18309   29.41434  16.4%     -   99s
  9900  8488      -    -    -       35.15655   29.41434  16.3%     -  114s
  9901  8491      -    -    -       35.15655   29.41434  16.3%     -  116s
  9930  8099      -    -    -       35.14175   29.41434  16.3%     -  120s
  9990  6643      -    -    -       35.11819   29.41434  16.2%     -  140s
 10005  5716      -    -    -       35.09028   29.41434  16.2%     -  164s
 10020  5177      -    -    -       35.07969   29.41434  16.1%     -  166s
 10964  5850      -    -    -       35.07969   29.41434  16.1%     -  170s
 11023  5591      -    -    -       35.07969   29.41434  16.1%     -  194s
 11339  5012      -    -    -       34.98254   29.41434  15.9%     -  195s
 12016  5468      -    -    -       34.98254   29.41434  15.9%     -  202s
 12973  6190      -    -    -       34.98254   29.41434  15.9%     -  205s
 15185  7758      -    -    -       34.98254   29.41434  15.9%     -  210s
 18028  9764      -    -    -       34.98254   29.41434  15.9%     -  215s
 20253 12568      -    -    -       34.98254   29.41434  15.9%     -  222s
 22667 13331      -    -    -       34.98254   29.41434  15.9%     -  225s
 23830 14280      -    -    -       33.52206   29.41434  12.3%     -  235s
 24231 14293      -    -    -       33.52206   29.41434  12.3%     -  260s
 24246 14462      -    -    -       33.52206   29.41434  12.3%     -  269s
 24426 14903      -    -    -       33.52206   29.41434  12.3%     -  271s
 25528 16250      -    -    -       33.52206   29.41434  12.3%     -  275s
 26850 17178      -    -    -       33.52206   29.41434  12.3%     -  280s
 27736 18190      -    -    -       33.52206   29.41434  12.3%     -  286s
 28263 19013      -    -    -       33.52206   29.41434  12.3%     -  292s
 29086 19807      -    -    -       33.52206   29.41434  12.3%     -  295s
 29880 20077      -    -    -       33.52206   29.41434  12.3%     -  301s
 30737 21130      -    -    -       33.52206   29.41434  12.3%     -  309s
 31255 21657      -    -    -       33.52206   29.41434  12.3%     -  317s
 31782 22318      -    -    -       33.52206   29.41434  12.3%     -  322s
 32443 22869      -    -    -       33.52206   29.41434  12.3%     -  326s
 32994 23558      -    -    -       33.52206   29.41434  12.3%     -  331s
 33683 23892      -    -    -       33.52206   29.41434  12.3%     -  344s
 34017 23973      -    -    -       33.22934   29.41434  11.5%     -  445s

Resetting heuristic parameters to focus on improving solution
(using Heuristics=0.5 and RINS=10)...

 34098 24048      -    -    -       33.22934   29.41434  11.5%     -  470s
 34173 24107      -    -    -       33.22934   29.41434  11.5%     -  500s

Instance 1 was solved

Explored 31721 nodes (6132185 simplex iterations) in 500.39 seconds (1043.85 work units)
Thread count was 15 (of 96 available processors)

Solution count 10: 33.1332 33.1421 33.1563 ... 33.5221 

Time limit reached
Best objective 3.313320964606e+01, best bound 2.941434120029e+01, gap 11.2240%
