
Gurobi 9.5.1 (linux64) logging started Tue 16 Aug 2022 05:49:54 PM MST

Set parameter LogFile to value "/home/local/ASUAD/kmajd1/NNRepLayer_v2/demos/walking_example/global_constraint_upper_10/repair_net/logs/opt_log_multi_44.log"
Gurobi Optimizer version 9.5.1 build v9.5.1rc2 (linux64)
Thread count: 48 physical cores, 96 logical processors, using up to 45 threads
Optimize a model with 16863 rows, 10742 columns and 142591 nonzeros
Model fingerprint: 0x332f58c8
Model has 149 quadratic objective terms
Variable types: 5974 continuous, 4768 integer (4768 binary)
Coefficient statistics:
  Matrix range     [3e-05, 3e+02]
  Objective range  [2e-03, 1e+00]
  QObjective range [1e-02, 1e-02]
  Bounds range     [1e+00, 2e+03]
  RHS range        [5e-04, 3e+02]

Concurrent MIP optimizer: 3 concurrent instances (15 threads per instance)

Presolve removed 298 rows and 0 columns
Presolve time: 0.14s
Presolved: 16565 rows, 10742 columns, 142293 nonzeros
Presolved model has 149 quadratic objective terms
Variable types: 5974 continuous, 4768 integer (4768 binary)
Root relaxation presolve removed 4768 rows and 4768 columns
Root relaxation presolved: 11797 rows, 5974 columns, 127989 nonzeros
Root relaxation presolved model has 149 quadratic objective terms


Root relaxation: objective 3.212513e+01, 6627 iterations, 0.20 seconds (0.30 work units)

    Nodes    |    Current Node    |     Objective Bounds      |     Work
 Expl Unexpl |  Obj  Depth IntInf | Incumbent    BestBd   Gap | It/Node Time

     0     0      -    -    -      190.20110   32.12513  83.1%     -    1s
     0     0      -    -    -      187.32208   32.12513  82.9%     -    4s
     0     2      -    -    -      187.29016   32.12513  82.8%     -    7s
   162   187      -    -    -      166.81063   32.12513  80.7%     -   10s
   461   477      -    -    -       82.50774   32.12513  61.1%     -   23s
   491   525      -    -    -       59.62219   32.12513  46.1%     -   25s
   524   540      -    -    -       48.79675   32.12513  34.2%     -   34s
   539   597      -    -    -       38.48998   32.12513  16.5%     -   35s
   741   823      -    -    -       37.79561   32.12513  15.0%     -   40s
   918  1034      -    -    -       37.79561   32.12513  15.0%     -   45s
  1652  1668      -    -    -       37.74551   32.12513  14.9%     -   56s
  2046  2257      -    -    -       37.68041   32.12513  14.7%     -   60s
  2742  3025      -    -    -       37.68041   32.12513  14.7%     -   66s
  3024  3312      -    -    -       37.68041   32.12513  14.7%     -   70s
  4019  4434      -    -    -       37.34372   32.12513  14.0%     -   75s
  4433  4813      -    -    -       37.30565   32.12513  13.9%     -   80s
  5326  5857      -    -    -       37.21233   32.12513  13.7%     -   89s
  5856  6376      -    -    -       37.21233   32.12513  13.7%     -   91s
  7140  7919      -    -    -       37.14151   32.12513  13.5%     -   97s
  7918  8924      -    -    -       37.14151   32.12513  13.5%     -  100s
  8923  9001      -    -    -       37.14151   32.12513  13.5%     -  108s

Resetting heuristic parameters to focus on improving solution
(using Heuristics=0.5 and RINS=10)...

  9000  9021      -    -    -       36.03651   32.12513  10.9%     -  122s

Instance 0 was solved

Explored 9020 nodes (2336937 simplex iterations) in 122.85 seconds (298.36 work units)
Thread count was 15 (of 96 available processors)

Solution count 10: 35.7572 35.7921 35.9875 ... 36.9035 

Optimal solution found (tolerance 1.10e-01)
Best objective 3.575724990468e+01, best bound 3.212513481111e+01, gap 10.1577%
