
Gurobi 9.5.1 (mac64[x86]) logging started Tue May 31 19:00:19 2022

Set parameter LogFile to value "/Users/keyvanmajd/Documents/NNRepLayer_v2/demos/examples/tc7_walking_example/repair_net/logs/opt_log_layer3_5_31_2022_19_0_2.log"
Gurobi Optimizer version 9.5.1 build v9.5.1rc2 (mac64[x86])
Thread count: 4 physical cores, 8 logical processors, using up to 8 threads
Optimize a model with 1932 rows, 1167 columns and 5158 nonzeros
Model fingerprint: 0x636c6eaf
Model has 101 quadratic objective terms
Variable types: 567 continuous, 600 integer (600 binary)
Coefficient statistics:
  Matrix range     [5e-03, 1e+02]
  Objective range  [7e-02, 4e+01]
  QObjective range [2e+00, 2e+00]
  Bounds range     [1e+00, 1e+02]
  RHS range        [6e-04, 1e+02]
Presolve removed 1162 rows and 454 columns
Presolve time: 0.01s
Presolved: 770 rows, 713 columns, 3311 nonzeros
Presolved model has 101 quadratic objective terms
Variable types: 536 continuous, 177 integer (177 binary)

Root relaxation: objective 1.102190e+03, 1183 iterations, 0.01 seconds (0.01 work units)

    Nodes    |    Current Node    |     Objective Bounds      |     Work
 Expl Unexpl |  Obj  Depth IntInf | Incumbent    BestBd   Gap | It/Node Time

     0     0 1102.18999    0  141          - 1102.18999      -     -    0s
     0     0 1107.02025    0  143          - 1107.02025      -     -    0s
H    0     0                    1255.2166582 1107.02025  11.8%     -    0s
H    0     0                    1231.3781521 1107.02025  10.1%     -    1s
     0     2 1107.02025    0  143 1231.37815 1107.02025  10.1%     -    1s
H   70    70                    1226.0185264 1114.40518  9.10%   119    1s
H  100   100                    1223.7538940 1114.40518  8.94%   111    3s
H  259   241                    1223.7449109 1114.40518  8.93%  72.7    3s
H  301   282                    1223.7402864 1114.40518  8.93%  66.5    3s
H  346   309                    1223.7401597 1114.40518  8.93%  61.8    3s
H  380   340                    1223.7396913 1114.40518  8.93%  57.7    3s
H  424   371                    1223.7347746 1114.40518  8.93%  53.8    4s
H  456   401                    1223.7342480 1114.40518  8.93%  51.4    4s
H  460   401                    1223.7338645 1114.40518  8.93%  51.4    4s
   492   458 1208.26024   74   41 1223.73386 1114.40518  8.93%  49.2    5s
H  527   458                    1223.7337812 1114.40518  8.93%  46.6    5s
H  686   571                    1223.7307467 1115.12639  8.87%  42.4    5s
H  692   571                    1223.6796853 1115.12639  8.87%  42.9    5s
H  836   677                    1223.6796846 1115.12639  8.87%  42.5    7s
H  846   677                    1223.6787389 1115.12639  8.87%  42.6    7s
H  856   673                    1223.2045935 1115.12639  8.84%  42.2    7s
H  955   701                    1223.1497748 1115.12639  8.83%  39.9    7s
  1047   749 1193.20656   27  143 1223.14977 1115.12639  8.83%  37.8   10s
H 1100   745                    1222.6618728 1115.12639  8.80%  43.1   10s
H 1119   733                    1222.6618725 1115.12639  8.80%  43.8   10s
H 1282   790                    1222.6423874 1115.12639  8.79%  47.2   10s
H 1600   910                    1222.6385873 1115.12639  8.79%  47.5   12s
H 1612   876                    1222.6077086 1115.12639  8.79%  47.3   12s
H 1647   841                    1222.6000965 1115.12639  8.79%  47.1   12s
H 1657   810                    1222.5885097 1115.12639  8.79%  47.1   12s
H 1658   784                    1222.5842415 1115.12639  8.79%  47.1   12s
H 1818   857                    1222.5840887 1115.12639  8.79%  45.9   14s
H 1827   830                    1222.5743461 1115.12639  8.79%  45.7   14s
H 2258  1003                    1222.5682618 1115.12639  8.79%  43.3   14s
H 2259   981                    1222.5538827 1115.12639  8.79%  43.2   14s
  2336  1064 1217.38500   89   41 1222.55388 1115.12639  8.79%  43.6   15s
H 2500  1146                    1222.5211009 1115.12639  8.78%  43.0   17s
H 2511  1100                    1219.4078248 1115.12639  8.55%  42.9   17s
H 2830  1327                    1219.4059148 1117.41841  8.36%  40.5   18s
  3087  1550 1147.47369   30   95 1219.40591 1117.53908  8.35%  40.1   21s
H 3128  1550                    1219.4059143 1117.53908  8.35%  39.9   21s
H 3142  1538                    1218.4877629 1117.53908  8.28%  39.8   21s
H 3188  1537                    1217.6936715 1117.53908  8.22%  39.8   21s
H 3189  1530                    1217.0787134 1117.53908  8.18%  39.8   21s
H 3191  1526                    1216.7912365 1117.53908  8.16%  39.8   21s
H 3543  1792                    1216.7894099 1117.53908  8.16%  38.1   22s
H 3647  1853                    1216.7514411 1118.82853  8.05%  37.8   24s
  3698  1888 1139.30785   24  109 1216.75144 1118.82853  8.05%  37.5   26s
H 3700  1887                    1216.7272577 1118.82853  8.05%  37.6   26s
H 3785  1865                    1215.8931311 1118.82853  7.98%  37.4   27s
  4187  2218 1214.61634   87   38 1215.89313 1118.82853  7.98%  36.2   30s
  5874  3463 1148.08387   38  103 1215.89313 1120.06563  7.88%  31.8   36s
H 6172  3470                    1215.8931309 1120.06563  7.88%  31.2   37s
H 6222  3684                    1215.8931304 1120.06563  7.88%  31.2   39s
H 6501  3684                    1215.8931295 1120.06563  7.88%  31.0   39s
  6502  4219 1208.50520   88   39 1215.89313 1120.78971  7.82%  31.0   41s
H 7888  4671                    1215.8931286 1122.22881  7.70%  30.9   43s
  7889  4799 1147.20611   55   83 1215.89313 1122.22881  7.70%  30.9   45s
H 7900  4799                    1215.8931283 1122.22881  7.70%  30.9   45s
H 8004  4799                    1215.8931053 1122.22881  7.70%  31.2   45s
H 8202  5165                    1215.8930790 1122.22881  7.70%  31.2   48s
  8491  5236 1201.37737   95   47 1215.89308 1122.22881  7.70%  30.8   51s
H 8519  5236                    1215.8930744 1122.22881  7.70%  30.8   51s
H 8873  5450                    1215.8930741 1122.22881  7.70%  30.4   53s
H 8894  5450                    1215.8930600 1122.22881  7.70%  30.4   53s
H 8915  5074                    1211.6834689 1122.22881  7.38%  30.4   53s
  8916  5464     cutoff   94      1211.68347 1122.22881  7.38%  30.4   57s
  9596  5670 1142.21306   29  107 1211.68347 1122.31656  7.38%  30.4   60s
 10299  6031 1144.33950   35   94 1211.68347 1122.31656  7.38%  30.0   65s
H10300  5988                    1211.1586901 1122.31656  7.34%  30.0   65s
H10500  6526                    1211.1586898 1122.31656  7.34%  30.0   68s
H11209  6526                    1211.1586878 1122.31656  7.34%  29.7   68s
H11210  7091                    1211.1586848 1122.31656  7.34%  29.7   72s
H11369  7091                    1211.1586751 1122.31656  7.34%  29.6   72s
 12044  7517 1182.77721   35   94 1211.15868 1122.31656  7.34%  29.2   76s
H12101  7517                    1211.1586415 1122.31656  7.34%  29.2   76s
 12595  7613 1148.57560   28  119 1211.15864 1122.85333  7.29%  29.7   80s
H13132  8083                    1211.1586411 1122.85333  7.29%  29.2   84s
 13307  8676 1157.18832   71   79 1211.15864 1122.85333  7.29%  29.2   87s
H13753  8676                    1211.1586163 1122.85333  7.29%  29.0   87s

Cutting planes:
  Implied bound: 8
  MIR: 1
  Flow cover: 1

Explored 14196 nodes (414323 simplex iterations) in 87.97 seconds (75.02 work units)
Thread count was 8 (of 8 available processors)

Solution count 10: 1211.16 1211.16 1211.16 ... 1215.89

Solve interrupted
Best objective 1.211158616271e+03, best bound 1.122853332070e+03, gap 7.2910%
