
Gurobi 9.5.1 (linux64) logging started Fri 03 Jun 2022 06:50:09 PM MST

Set parameter LogFile to value "/home/local/ASUAD/kmajd1/NNRepLayer_v2/demos/examples/tc7_walking_example/repair_net/logs/opt_log_64_nodes_layer3_6_3_2022_18_49_21.log"
Gurobi Optimizer version 9.5.1 build v9.5.1rc2 (linux64)
Thread count: 48 physical cores, 96 logical processors, using up to 32 threads
Optimize a model with 59820 rows, 36261 columns and 162092 nonzeros
Model fingerprint: 0x3e112044
Model has 101 quadratic objective terms
Variable types: 17061 continuous, 19200 integer (19200 binary)
Coefficient statistics:
  Matrix range     [1e-03, 3e+01]
  Objective range  [9e-02, 4e+01]
  QObjective range [2e+00, 2e+00]
  Bounds range     [1e+00, 3e+01]
  RHS range        [1e-04, 3e+01]
Presolve removed 34760 rows and 14080 columns
Presolve time: 0.31s
Presolved: 25060 rows, 22181 columns, 105572 nonzeros
Presolved model has 101 quadratic objective terms
Variable types: 15781 continuous, 6400 integer (6400 binary)
Root relaxation presolve removed 6400 rows and 6400 columns
Root relaxation presolved: 18660 rows, 15781 columns, 92772 nonzeros
Root relaxation presolved model has 101 quadratic objective terms


Root simplex log...

Iteration    Objective       Primal Inf.    Dual Inf.      Time
   13374    1.3023954e+03   7.506240e+02   0.000000e+00      5s
   23873    1.3023954e+03   0.000000e+00   0.000000e+00      7s
   23873    1.3023954e+03   0.000000e+00   0.000000e+00      7s

Root relaxation: objective 1.302395e+03, 23873 iterations, 4.48 seconds (8.93 work units)

    Nodes    |    Current Node    |     Objective Bounds      |     Work
 Expl Unexpl |  Obj  Depth IntInf | Incumbent    BestBd   Gap | It/Node Time

     0     0 1302.39541    0 1816          - 1302.39541      -     -    7s
H    0     0                    8418.5103795 1302.39541  84.5%     -   16s
H    0     0                    8198.4023472 1302.39541  84.1%     -   16s
H    0     0                    7884.2807551 1302.39541  83.5%     -   16s
     0     0 1302.39541    0 1962 7884.28076 1302.39541  83.5%     -   16s
     0     0 1302.39541    0 2001 7884.28076 1302.39541  83.5%     -   21s
H    0     0                    7095.0896400 1302.39541  81.6%     -   24s
     0     0 1302.39541    0 1535 7095.08964 1302.39541  81.6%     -   52s
     0     0 1302.39541    0 1287 7095.08964 1302.39541  81.6%     -   71s
     0     0 1302.39541    0 1199 7095.08964 1302.39541  81.6%     -   79s
H    0     0                    7093.5876673 1302.39541  81.6%     -   99s
     0     0 1302.39541    0 1109 7093.58767 1302.39541  81.6%     -   99s
     0     0 1302.39541    0 1080 7093.58767 1302.39541  81.6%     -  102s
     0     0 1302.39541    0 1081 7093.58767 1302.39541  81.6%     -  105s
     0     0 1302.39541    0 1046 7093.58767 1302.39541  81.6%     -  107s
     0     0 1302.39541    0 1056 7093.58767 1302.39541  81.6%     -  120s
     0     0 1302.39541    0 1048 7093.58767 1302.39541  81.6%     -  122s
     0     0 1302.39541    0 1074 7093.58767 1302.39541  81.6%     -  122s
     0     0 1302.39541    0 1040 7093.58767 1302.39541  81.6%     -  125s
     0     0 1302.39541    0 1040 7093.58767 1302.39541  81.6%     -  130s
     0     2 1302.39541    0 1040 7093.58767 1302.39541  81.6%     -  150s
     3     8 1302.39541    2 1024 7093.58767 1302.39541  81.6%  1531  155s
H   31    64                    7091.6916035 1302.39541  81.6%   895  169s
H   34    64                    7081.6052027 1302.39541  81.6%   914  169s
H   45    64                    7074.6900616 1302.39541  81.6%   779  169s
H   48    64                    7046.5584861 1302.39541  81.5%   769  169s
    63    96 1302.39880    6 1054 7046.55849 1302.39541  81.5%   740  171s
   594  1493 1302.39880   18 1047 7046.55849 1302.39541  81.5%   187  176s
  1492  1525 1302.39880   43 1030 7046.55849 1302.39541  81.5%   117  227s
H 1493  1525                    7036.8072532 1302.39541  81.5%   117  227s
H 1506  1525                    7036.5762126 1302.39541  81.5%   117  227s
  1524  1557 1302.41289   43 1277 7036.57621 1302.39541  81.5%   117  533s
H 1525  1557                    6335.2716537 1302.39541  79.4%   117  533s
H 1533  1557                    6330.6642250 1302.39541  79.4%   117  533s
H 1544  1557                    6324.9034802 1302.39541  79.4%   116  533s
  1556  1755 1302.39880   44 1028 6324.90348 1302.39541  79.4%   115  586s
  1754  7514 1302.39880   90  994 6324.90348 1302.39541  79.4%   115  600s
  7513  7839 1302.40240  233 1011 6324.90348 1302.39541  79.4%  71.0  630s
  7838 10444 1302.40240  233 1011 6324.90348 1302.39541  79.4%  70.3  637s
 10443 12621 1302.40240  284  983 6324.90348 1302.39541  79.4%  77.6  641s
 12620 14470 1302.40240  344  978 6324.90348 1302.39541  79.4%  92.7  649s
H14469 14470                    6235.5102948 1302.39541  79.1%   110  750s
H14471 13748                    6235.5102884 1302.39541  79.1%   110  757s
 14474 13750 1302.44149   96 1624 6235.51029 1302.39541  79.1%   110  761s
H14474 13062                    6235.4921432 1302.39541  79.1%   110  796s
H14474 12409                    6235.4921325 1302.39541  79.1%   110  796s
H14474 11789                    6155.7795214 1302.39541  78.8%   110  796s
H14474 11199                    6155.7792321 1302.39541  78.8%   110  796s
H14474 10639                    6155.7776519 1302.39541  78.8%   110  796s
H14474 10107                    6155.3652625 1302.39541  78.8%   110  796s
 14475 10107 1302.50368  115 1569 6155.36526 1302.39541  78.8%   110  803s
H14475  9602                    6147.4522607 1302.39541  78.8%   110  839s
H14475  9121                    4025.1402403 1302.39541  67.6%   110  839s
H14475  8665                    3699.8687558 1302.39541  64.8%   110  839s
H14475  8232                    3662.6821757 1302.39541  64.4%   110  839s
H14475  7820                    3631.0453246 1302.39541  64.1%   110  839s
H14475  7429                    3611.5484628 1302.39541  63.9%   110  839s
H14475  7057                    3591.1839006 1302.39541  63.7%   110  839s
 14476  7058 1302.50368   67 1444 3591.18390 1302.39544  63.7%   110  846s
 14477  7059 1302.47798  408 1052 3591.18390 1302.39544  63.7%   110  858s
 14478  7059 1302.50368  144 1007 3591.18390 1302.39544  63.7%   110  862s
 14479  7060 1302.47798  349 1028 3591.18390 1302.39544  63.7%   110  910s
 14481  7061 1302.43795   67 1038 3591.18390 1302.39544  63.7%   110  937s
 14482  7062 1302.40114   48  915 3591.18390 1302.39544  63.7%   110  942s
 14484  7063 1302.52487  404 1015 3591.18390 1302.39544  63.7%   110  946s
 14485  7064 1302.43172  191 1033 3591.18390 1302.39544  63.7%   110  954s
 14487  7065 1302.43706  113 1033 3591.18390 1302.39544  63.7%   110  989s
 14488  7069 1302.39544   12 1031 3591.18390 1302.39544  63.7%   131  993s
 14490  7072 1302.39544   13 1027 3591.18390 1302.39544  63.7%   132 1000s
H14494  6726                    3578.5306441 1302.39544  63.6%   132 1160s
H14501  6388                    3565.2242841 1302.39544  63.5%   133 1160s
 14502  6403 1302.41970   15 1536 3565.22428 1302.39544  63.5%   133 1165s
H14518  6111                    3565.2099531 1302.39544  63.5%   134 1189s
H14520  5807                    3565.1942421 1302.39544  63.5%   134 1189s
H14521  5519                    3561.9545902 1302.39544  63.4%   134 1189s
H14528  5243                    3561.0685235 1302.39544  63.4%   135 1189s
 14550  5267 1302.41970   17 1559 3561.06852 1302.39544  63.4%   136 1192s
 14954  6148 1302.42398   23 1563 3561.06852 1302.39544  63.4%   136 1196s
H15597  6264                    3557.0759638 1302.39544  63.4%   132 1237s
H15680  5990                    3557.0490273 1302.39544  63.4%   132 1237s
 16188  6324 1302.43399   43 1602 3557.04903 1302.39544  63.4%   129 1297s
H16615  5948                    1382.8398020 1302.39544  5.82%   127 1297s
H16692  5731                    1370.7166241 1302.39544  4.98%   127 1541s
H16694  5519                    1370.3267007 1302.39544  4.96%   127 1541s
H16696  5317                    1368.4515811 1302.39544  4.83%   127 1541s
H16709  5122                    1367.8638557 1302.39544  4.79%   127 1541s
 16724  8638 1302.43399   52 1612 1367.86386 1302.39544  4.79%   127 1585s
H20245  7314                    1364.4564131 1302.39544  4.55%   111 2863s
H20248  7141                    1363.6603597 1302.39544  4.49%   111 2863s
H20249  6977                    1361.0903785 1302.39544  4.31%   111 2863s
 20277  7051 1302.43787   53 1639 1361.09038 1302.39544  4.31%   111 2920s
 20421 15729 1302.43399   53 1613 1361.09038 1302.39544  4.31%   111 2945s
 29147 25225 1302.43830  192 1636 1361.09038 1302.39544  4.31%   104 3000s
 39771 28566 1302.43830  358 1563 1361.09038 1302.39544  4.31%   110 3021s
 43112 31005 1302.43830  415 1548 1361.09038 1302.39544  4.31%   116 3047s
H45551 31037                    1361.0600427 1302.39544  4.31%   126 3319s
H45552 31037                    1360.8227381 1302.39544  4.29%   126 3319s
H45557 31037                    1360.6919670 1302.39544  4.28%   126 3319s
H45561 31037                    1360.6355764 1302.39544  4.28%   128 3319s
H45562 31037                    1359.9011040 1302.39544  4.23%   128 3319s
H45565 31037                    1359.0642462 1302.39544  4.17%   128 3319s
 45583 32579 1302.43830  470 1556 1359.06425 1302.39544  4.17%   131 3353s
H47125 32613                    1358.8082826 1302.39544  4.15%   160 3626s
H47126 32613                    1358.7577749 1302.39544  4.15%   160 3626s
H47127 32613                    1353.4236944 1302.39544  3.77%   160 3626s
 47159 35255 1302.68051  514 1941 1353.42369 1302.39544  3.77%   162 3668s
 49801 38871 1302.68051  623 1881 1353.42369 1302.39544  3.77%   178 3701s
 53417 42203 1302.68051  738 1835 1353.42369 1302.39544  3.77%   185 3748s
 56751 44512 1303.25488  775 1937 1353.42369 1302.39544  3.77%   192 3800s
 59060 56500 1303.21899  796 2053 1353.42369 1302.39544  3.77%   203 4011s
 71050 62432 1303.21899 1023 1849 1353.42369 1302.39544  3.77%   289 4077s
 76982 63332 1303.21899 1055 1824 1353.42369 1302.39544  3.77%   297 4154s
 77882 65754 1303.21899 1076 1790 1353.42369 1302.39544  3.77%   318 4277s
 80305 69589 1303.21909 1079 1789 1353.42369 1302.39544  3.77%   341 4391s
 84179 73555 1303.21909 1083 1770 1353.42369 1302.39544  3.77%   376 4526s
 88177 78858 1303.21909 1088 1763 1353.42369 1302.39544  3.77%   413 4730s
 93492 85366 1303.24361 1160 1634 1353.42369 1302.39544  3.77%   461 4940s
 100046 87268 1303.24174 1278 1488 1353.42369 1302.39544  3.77%   500 5485s
 102020 93866 1303.24180 1311 1464 1353.42369 1302.39544  3.77%   539 5871s
 108890 101129 1303.24180 1394 1390 1353.42369 1302.39544  3.77%   575 6082s
 116181 107856 1303.26900 1469 1350 1353.42369 1302.39544  3.77%   584 6263s
 122932 112690 1303.26965 1563 1250 1353.42369 1302.39544  3.77%   595 6484s
*125924 110803            5305    1348.7744492 1302.39544  3.44%   600 6484s
H128452 110532                    1348.7431151 1302.39544  3.44%   618 6920s
H128454 110271                    1348.3935641 1302.39544  3.41%   618 6920s
H128459 109236                    1346.9209146 1302.39544  3.31%   618 6920s
H128460 108085                    1344.9398502 1302.39544  3.16%   618 6920s
H128482 107970                    1344.5437024 1302.39544  3.13%   619 6920s
 128544 110267 1303.26977 1682 1118 1344.54370 1302.39544  3.13%   620 7099s
 131073 122775 1303.26977 1722 1084 1344.54370 1302.39544  3.13%   630 7351s
 143729 134377 1303.27632 1862 1038 1344.54370 1302.39544  3.13%   626 7460s
 155457 145574 1303.27641 1867 1076 1344.54370 1302.39544  3.13%   603 7636s
 166790 151565 1303.28008 1918  996 1344.54370 1302.39544  3.13%   600 7717s
 172923 157296 1303.75363 1933 1745 1344.54370 1302.39544  3.13%   594 7799s
 178750 161422 1303.76419 1968 1721 1344.54370 1302.39544  3.13%   592 7881s
 182982 169869 1306.56056 2054 1630 1344.54370 1302.39544  3.13%   595 7966s
 191433 180126 1306.56884 2271 1430 1344.54370 1302.39544  3.13%   583 8129s
 201805 185470 1306.56884 2374 1371 1344.54370 1302.39544  3.13%   581 8242s
 207184 191495 1306.56884 2375 1441 1344.54370 1302.39544  3.13%   581 8323s
 213233 198508 1306.56884 2376 1437 1344.54370 1302.39544  3.13%   577 8435s
 220555 208658 1307.20968 2377 1488 1344.54370 1302.39544  3.13%   570 8552s
 231259 215356 1312.89134 2475 1457 1344.54370 1302.39544  3.13%   562 8655s
 237986 219616 1313.80448 2514 1578 1344.54370 1302.39544  3.13%   558 8730s
 242256 224463 1313.78712 2515 1569 1344.54370 1302.39544  3.13%   557 8798s
 247119 228461 1318.29494 2517 1658 1344.54370 1302.39544  3.13%   556 8869s
 251123 236651 1322.29880 2810 1358 1344.54370 1302.39544  3.13%   556 9004s
H257524 233399                    1343.1606746 1302.39544  3.04%   558 9004s
H259604 230751                    1341.7522792 1302.39544  2.93%   554 12685s
H259607 229082                    1340.9772373 1302.39544  2.88%   554 12685s
H259643 228173                    1340.6232565 1302.39544  2.85%   554 12685s
 259678 231098 1327.99130 3141 1232 1340.62326 1302.39544  2.85%   554 12805s
H263067 243404                    1340.5510159 1302.39544  2.85%   553 12909s
H263833 242487                    1340.1270340 1302.39544  2.82%   553 12909s
H275963 248860                    1340.0938142 1302.39544  2.81%   538 13184s
H276606 248580                    1339.8182972 1302.39544  2.79%   537 13184s
H276610 248577                    1339.8087526 1302.39544  2.79%   538 13184s
H279464 248542                    1339.7380335 1302.39544  2.79%   535 13184s
H281323 247547                    1339.2927733 1302.39544  2.75%   533 13184s
 282559 257497 1330.65034 3768  755 1339.29277 1302.39544  2.75%   531 13363s
H282579 257491                    1339.2757237 1302.39544  2.75%   531 13363s
H283178 256332                    1338.6898804 1302.39544  2.71%   531 13363s
H292740 262211                    1338.6647435 1302.39544  2.71%   532 13538s
H293524 261252                    1338.2588211 1302.39544  2.68%   532 13538s
H296084 260899                    1338.0582851 1302.39544  2.67%   531 13539s
H299147 265561                    1338.0581969 1302.39544  2.67%   529 13675s
H299237 265552                    1338.0539688 1302.39544  2.66%   530 13675s
H299483 265534                    1338.0313041 1302.39544  2.66%   530 13675s
H299506 264766                    1337.7081814 1302.39544  2.64%   530 13675s
H299897 264742                    1337.6924273 1302.39544  2.64%   530 13675s
 303886 272582 1334.98482 4274  613 1337.69243 1302.39544  2.64%   529 13862s
 311846 281153 1334.99583 4476  437 1337.69243 1302.39544  2.64%   529 14024s
H320559 281711                    1337.6814127 1302.39544  2.64%   533 14184s
H320674 280663                    1337.3766839 1302.39544  2.62%   533 14184s
 321498 289378 1334.99583 4487  431 1337.37668 1302.39544  2.62%   537 14342s
 330242 294532 1334.99583 4490  430 1337.37668 1302.39544  2.62%   535 14435s
 335654 298462 1335.01091 4495  480 1337.37668 1302.39544  2.62%   536 14542s
H335655 298321                    1337.3256661 1302.39544  2.61%   536 14542s
H336237 297558                    1337.0123372 1302.39544  2.59%   536 14542s
 339586 302130 1334.99583 4495  429 1337.01234 1302.39544  2.59%   537 14644s
 344164 308404 1335.61044 4499  459 1337.01234 1302.39544  2.59%   543 14785s
H350795 313656                    1336.8269468 1302.39544  2.58%   548 14996s
H352586 313656                    1336.8264871 1302.39544  2.58%   548 14996s
H355902 313438                    1336.7945171 1302.39544  2.57%   549 14996s
 356922 317397 1336.08674 4510  465 1336.79452 1302.39544  2.57%   549 15145s
 361042 319147     cutoff 4544      1336.79452 1302.39544  2.57%   556 15284s
H361233 319075                    1336.7881604 1302.39544  2.57%   555 15285s
H361336 318911                    1336.7548820 1302.39544  2.57%   555 15285s
H362280 318874                    1336.7311913 1302.39544  2.57%   558 15285s
 362838 326518 1302.62472  184 1895 1336.73119 1302.39544  2.57%   561 15445s
 370496 331658 1307.29989  846 2091 1336.73119 1302.39544  2.57%   563 15574s
H370737 331658                    1336.7285605 1302.39544  2.57%   563 15574s
H370749 331658                    1336.7277991 1302.39544  2.57%   563 15574s
H370752 330600                    1336.3090282 1302.39544  2.54%   563 15574s
 375650 339690 1310.85566 1087 2145 1336.30903 1302.39544  2.54%   564 15704s
H381043 300689                    1325.8618719 1302.39544  1.77%   563 15705s
H384816 298719                    1325.6548860 1302.39544  1.75%   561 16129s
H384840 298674                    1325.6383201 1302.39544  1.75%   561 16129s
H384842 297788                    1325.4267699 1302.39544  1.74%   561 16129s
 385314 308487 1319.76489 1738 2883 1325.42677 1302.39544  1.74%   561 16226s
 396085 310243 1303.58478  518 1795 1325.42677 1302.39544  1.74%   554 16319s
 397947 316302 1308.74345  586 1823 1325.42677 1302.39544  1.74%   556 16424s
 404058 324332 1308.75737  679 2190 1325.42677 1302.39544  1.74%   554 16521s
*406064 322940            5070    1325.1310851 1302.39544  1.72%   552 16522s
 412453 330309 1310.08163 1283 1969 1325.13109 1302.39544  1.72%   549 16664s
H415560 324581                    1324.3930344 1302.39544  1.66%   550 16664s
 420263 332263 1312.93812 1945 1707 1324.39303 1302.39544  1.66%   549 16754s
 421592 332263 1306.68510 1405 1631 1324.39303 1302.39544  1.66%   548 16755s
 428897 336479 1315.81639 2607 1331 1324.39303 1302.39544  1.66%   545 16836s
 433251 343220 1318.14141 3269  911 1324.39303 1302.39544  1.66%   545 16933s
 440046 344114 1319.37940 3931  480 1324.39303 1302.39544  1.66%   543 17101s
 441038 353168 1319.39250 3982  783 1324.39303 1302.39544  1.66%   547 17200s
 450242 362487 1320.51356 4644  246 1324.39303 1302.39544  1.66%   543 17338s
 459755 370222 1321.97417 5073   99 1324.39303 1302.39544  1.66%   540 17417s
H459926 357253                    1322.4218515 1302.39544  1.51%   540 17418s
 468076 365525     cutoff 5288      1322.42185 1302.39544  1.51%   535 17486s
 476780 372238 1303.59232  389 2357 1322.42185 1302.39544  1.51%   530 17551s
 483558 380159 1310.39272  671 2576 1322.42185 1302.39544  1.51%   526 17657s
 492211 386080 1319.80409 1184 2525 1322.42185 1302.39544  1.51%   523 17736s
 498632 393863 1302.47207  102 1731 1322.42185 1302.39544  1.51%   521 17821s
 506838 402877 1308.71344  622 2704 1322.42185 1302.39544  1.51%   517 17918s
 515898 404618 1318.56957 1284 2431 1322.42185 1302.39544  1.51%   513 18067s
 517989 418187 1318.80039 1337 2454 1322.42185 1302.39544  1.51%   514 18281s
 531793 427526     cutoff 1492      1322.42185 1302.39544  1.51%   514 18389s
 541292 438154 1302.50054  193 2225 1322.42185 1302.39544  1.51%   510 18476s
 552107 450270 1307.44932  423 2547 1322.42185 1302.39544  1.51%   504 18595s
 564326 458158 1318.79963 1085 2444 1322.42185 1302.39544  1.51%   499 18723s
 572349 463382 1304.21164  299 2322 1322.42185 1302.39544  1.51%   495 18820s
 577712 468816 1309.07363  386 2656 1322.42185 1302.39544  1.51%   494 18900s
 583309 477445 1322.39911  899 2433 1322.42185 1302.39544  1.51%   492 19077s
H584978 474003                    1322.1902160 1302.39544  1.50%   492 19077s
 592130 478692 1314.05995  531 2426 1322.19022 1302.39544  1.50%   490 19218s
 597302 484526     cutoff  941      1322.19022 1302.39544  1.50%   490 19579s
H598501 483379                    1322.1115693 1302.39544  1.49%   491 19579s
*600544 480329            5087    1321.8606335 1302.39544  1.47%   491 19579s
 602513 480329 1307.18182  645 2309 1321.86063 1302.39544  1.47%   491 19580s
 603615 486552     cutoff  940      1321.86063 1302.39544  1.47%   491 19889s
 610370 495022 1310.06586  321 3601 1321.86063 1302.39544  1.47%   491 19999s
 619317 502031 1319.98508  881 3148 1321.86063 1302.39544  1.47%   489 20190s
H626752 502058                    1321.8603247 1302.39544  1.47%   490 20522s
H626764 501903                    1321.8563650 1302.39544  1.47%   490 20522s
H626779 501902                    1321.8544427 1302.39544  1.47%   490 20522s
H626788 501322                    1321.8307843 1302.39544  1.47%   491 48162s
H626792 501124                    1321.8187827 1302.39544  1.47%   491 48162s
H626795 493545                    1321.4618131 1302.39544  1.44%   491 48163s
 626822 495730 1313.59064  506 2433 1321.46181 1302.39544  1.44%   491 48278s
 629109 496609 1314.01175  697 2303 1321.46181 1302.39544  1.44%   493 48400s
H629989 498250                    1321.4618129 1302.39544  1.44%   494 48621s
H630020 497429                    1321.4052157 1302.39544  1.44%   494 48621s
H630682 497370                    1321.3979820 1302.39544  1.44%   495 48621s
H630832 497065                    1321.3788545 1302.39544  1.44%   495 48621s
H630866 496193                    1321.3425092 1302.39544  1.43%   495 48621s
H630956 495838                    1321.3280609 1302.39544  1.43%   496 48621s
 631644 506790 1314.11537  766 2460 1321.32806 1302.39544  1.43%   496 48785s
H643049 514792                    1321.3254682 1302.39544  1.43%   495 48942s
H643711 514775                    1321.3239240 1302.39544  1.43%   495 48943s
H643822 514648                    1321.3156692 1302.39544  1.43%   495 48943s
H644967 513171                    1321.2446924 1302.39544  1.43%   495 48943s
 651410 523172 1313.92830  679 2186 1321.24469 1302.39544  1.43%   494 49150s
 662207 528717 1314.41255  756 2533 1321.24469 1302.39544  1.43%   493 49301s
H662332 528679                    1321.2440896 1302.39544  1.43%   493 49301s
H662739 528169                    1321.2294699 1302.39544  1.43%   493 49301s
H662740 527906                    1321.2158536 1302.39544  1.42%   493 49301s
H667157 527427                    1321.1826190 1302.39544  1.42%   492 49301s
 668170 529048 1315.35868  881 3076 1321.18262 1302.39544  1.42%   492 49451s
 670230 536970 1316.49371  949 3111 1321.18262 1302.39544  1.42%   493 49559s
 678514 543876 1302.43995  107 1577 1321.18262 1302.39544  1.42%   493 49674s
H685439 552892                    1321.1459451 1302.39544  1.42%   493 49840s
H688123 552722                    1321.1371103 1302.39544  1.42%   494 49840s
H688659 550938                    1321.0716594 1302.39544  1.41%   493 49840s
 695986 556525 1302.43995  119 1580 1321.07166 1302.39544  1.41%   491 49980s
 702114 562799 1302.44379  123 2089 1321.07166 1302.39544  1.41%   491 50063s
 708464 569154 1302.43995  120 1580 1321.07166 1302.39544  1.41%   490 50149s
 715046 576271 1302.44380  123 2081 1321.07166 1302.39544  1.41%   489 50312s
H715688 576267                    1321.0713493 1302.39544  1.41%   488 50312s
H716308 575997                    1321.0627706 1302.39544  1.41%   489 50312s
H720528 575926                    1321.0590789 1302.39544  1.41%   488 50312s
H720537 575628                    1321.0377254 1302.39544  1.41%   489 50312s
 722293 582825 1303.05298  139 2198 1321.03773 1302.39544  1.41%   489 50500s
H729639 583341                    1321.0350711 1302.39544  1.41%   489 50643s
H729838 583331                    1321.0339788 1302.39544  1.41%   490 50643s
H730078 583098                    1321.0253713 1302.39544  1.41%   490 50643s
H730285 583046                    1321.0231827 1302.39544  1.41%   491 50643s
 730320 587902 1304.24332  167 2242 1321.02318 1302.39544  1.41%   491 51087s
H732454 536640                    1319.1053576 1302.39544  1.27%   492 51087s
 735591 543660 1306.33196  169 2298 1319.10536 1302.39544  1.27%   494 51264s
H743488 538450                    1318.9235581 1302.39544  1.25%   494 51744s
H743510 538217                    1318.9049258 1302.39544  1.25%   494 51744s
H743514 537163                    1318.8687402 1302.39544  1.25%   494 51744s
 743520 545000 1308.63679  175 2348 1318.86874 1302.39544  1.25%   495 51918s
 751781 553421 1309.37220  388 2230 1318.86874 1302.39544  1.25%   494 52093s
 760520 561231 1309.54990  389 2467 1318.86874 1302.39544  1.25%   495 52220s
*765510 558489            5136    1318.7488572 1302.39544  1.24%   494 52221s
 768502 559104 1309.37220  385 2241 1318.74886 1302.39544  1.24%   494 52345s
H768898 559104                    1318.7488511 1302.39544  1.24%   495 52346s
 769309 566983 1309.37220  397 2222 1318.74885 1302.39544  1.24%   495 52446s
 777249 573181 1309.37220  397 2249 1318.74885 1302.39544  1.24%   494 52547s
 783768 579809 1309.40119  400 2482 1318.74885 1302.39544  1.24%   493 52684s
 790683 585553 1309.42258  404 2460 1318.74885 1302.39544  1.24%   494 52812s
 796854 590591 1309.37220  402 2253 1318.74885 1302.39544  1.24%   494 52983s
 802261 595785 1309.37220  402 2252 1318.74885 1302.39544  1.24%   496 53193s
 807688 600819 1309.42228  404 2497 1318.74885 1302.39544  1.24%   498 53613s
 812823 608436 1309.37220  400 2249 1318.74885 1302.39544  1.24%   500 53751s
 820613 608466 1309.37220  403 2262 1318.74885 1302.39544  1.24%   500 54127s
H820618 608466                    1318.7488508 1302.39544  1.24%   500 54128s
H820622 608466                    1318.7488505 1302.39544  1.24%   501 54128s
H820631 608466                    1318.7488499 1302.39544  1.24%   501 54128s
H820642 608464                    1318.7486886 1302.39544  1.24%   501 54128s
H820645 608391                    1318.7477684 1302.39544  1.24%   501 54128s
 820647 610083 1309.37220  403 2261 1318.74777 1302.39544  1.24%   501 54252s
 822429 616999 1309.37220  404 2263 1318.74777 1302.39544  1.24%   503 54381s
 829653 623751 1309.37220  404 2261 1318.74777 1302.39544  1.24%   503 54505s
 836463 624461 1309.37220  405 2259 1318.74777 1302.39544  1.24%   503 54637s
 837275 632431 1309.41065  406 2264 1318.74777 1302.39544  1.24%   505 54900s
 845291 640904 1309.37220  404 2263 1318.74777 1302.39544  1.24%   505 55038s
 853862 646270 1310.17925  406 2604 1318.74777 1302.39544  1.24%   505 55183s
 859310 651339 1310.20479  406 2623 1318.74777 1302.39544  1.24%   505 55281s
 864623 657385 1309.41065  408 2290 1318.74777 1302.39544  1.24%   505 55393s
 870893 663584 1309.41065  409 2261 1318.74777 1302.39544  1.24%   505 55627s
 877543 672702 1309.41065  410 2260 1318.74777 1302.39544  1.24%   505 55763s
 886841 679023 1309.41065  410 2288 1318.74777 1302.39544  1.24%   505 55855s
 893420 683689 1310.33006  411 2710 1318.74777 1302.39544  1.24%   504 55977s
 898428 688616 1309.59995  408 2430 1318.74777 1302.39544  1.24%   504 56130s
 903653 689029 1310.63139  413 2845 1318.74777 1302.39544  1.24%   505 56307s
 904090 692364 1309.60335  412 2402 1318.74777 1302.39544  1.24%   507 56474s
 907743 698474 1309.61257  410 2395 1318.74777 1302.39544  1.24%   509 56643s
 914514 704381 1310.45511  412 2562 1318.74777 1302.39544  1.24%   510 56768s
 920906 708973 1311.23701  420 2588 1318.74777 1302.39544  1.24%   511 56921s
 925789 714592 1311.31434  419 2616 1318.74777 1302.39544  1.24%   513 57062s
 931642 722588 1312.08497  551 2484 1318.74777 1302.39544  1.24%   514 57188s
 940024 730083 1312.34098  705 2694 1318.74777 1302.39544  1.24%   514 57323s
H947740 727372                    1318.7258878 1302.39544  1.24%   514 57771s
H947741 725319                    1318.6984980 1302.39544  1.24%   514 57771s
H947783 722030                    1318.6345073 1302.39544  1.23%   515 57771s
H947793 716578                    1318.5208886 1302.39544  1.22%   515 57771s

Resetting heuristic parameters to focus on improving solution
(using Heuristics=0.5 and RINS=10)...

H947864 716483                    1318.5184499 1302.39544  1.22%   515 58260s
 947864 716483 1312.33277  713 2602 1318.51845 1302.39544  1.22%   515 58260s
H947868 716366                    1318.5159403 1302.39544  1.22%   515 58260s
H947883 716288                    1318.5135481 1302.39544  1.22%   515 58260s
H947890 716150                    1318.5094161 1302.39544  1.22%   515 58260s
H947916 716150                    1318.5094044 1302.39544  1.22%   515 58260s
H947917 721635                    1318.5048907 1302.39544  1.22%   515 86400s
H947919 721561                    1318.5027712 1302.39544  1.22%   515 86400s
H947946 720645                    1318.4777336 1302.39544  1.22%   515 86400s
H948686 720515                    1318.4736706 1302.39544  1.22%   515 86400s
H949662 719530                    1318.4530680 1302.39544  1.22%   516 86400s
H950789 716502                    1318.3875922 1302.39544  1.21%   516 86400s

Cutting planes:
  Gomory: 220
  Implied bound: 97
  MIR: 2356
  Flow cover: 2276
  Relax-and-lift: 8

Explored 953632 nodes (491909046 simplex iterations) in 86401.08 seconds (234763.68 work units)
Thread count was 32 (of 96 available processors)

Solution count 10: 1318.39 1318.45 1318.47 ... 1318.52

Time limit reached
Best objective 1.318387592215e+03, best bound 1.302395441806e+03, gap 1.2130%
