
Gurobi 9.5.1 (linux64) logging started Mon 06 Jun 2022 10:31:26 AM MST

Set parameter LogFile to value "/home/local/ASUAD/kmajd1/NNRepLayer_v2/demos/examples/tc7_walking_example/repair_net/logs/opt_log_64_nodes_layer4_6_6_2022_10_31_13.log"
Gurobi Optimizer version 9.5.1 build v9.5.1rc2 (linux64)
Thread count: 48 physical cores, 96 logical processors, using up to 32 threads
Optimize a model with 1630 rows, 566 columns and 9319 nonzeros
Model fingerprint: 0xd45a67aa
Model has 501 quadratic objective terms
Coefficient statistics:
  Matrix range     [4e-04, 1e+01]
  Objective range  [2e-03, 8e+00]
  QObjective range [4e-01, 2e+00]
  Bounds range     [1e+01, 4e+01]
  RHS range        [1e-03, 3e+01]
Presolve removed 1034 rows and 17 columns
Presolve time: 0.00s
Presolved: 596 rows, 549 columns, 8251 nonzeros
Presolved model has 501 quadratic objective terms
Ordering time: 0.00s

Barrier statistics:
 Dense cols : 40
 AA' NZ     : 8.915e+03
 Factor NZ  : 1.124e+04 (roughly 1 MB of memory)
 Factor Ops : 2.981e+05 (less than 1 second per iteration)
 Threads    : 1

                  Objective                Residual
Iter       Primal          Dual         Primal    Dual     Compl     Time
   0   9.73493076e+07 -1.23336854e+08  9.20e+03 4.59e+02  9.54e+05     0s
   1   4.36855119e+07 -6.77038153e+07  6.13e+03 3.06e+02  6.44e+05     0s
   2   1.66706702e+06 -2.78514567e+07  1.28e+03 6.38e+01  1.85e+05     0s
   3   2.36514934e+04 -1.85279179e+07  1.35e+01 6.72e-01  1.68e+04     0s
   4   2.69745305e+04 -6.63269828e+06  4.64e-01 2.32e-02  5.60e+03     0s
   5   2.57697612e+04 -1.10238528e+05  9.46e-03 4.72e-04  1.14e+02     0s
   6   5.79253300e+03 -1.06955582e+04  1.15e-04 5.72e-06  1.38e+01     0s
   7   2.46051203e+03 -2.04235326e+03  2.62e-05 1.31e-06  3.77e+00     0s
   8   1.55591156e+03 -1.73202720e+03  2.62e-11 4.36e-11  2.75e+00     0s
   9   1.32462212e+03  7.51429215e+02  1.75e-12 1.16e-10  4.80e-01     0s
  10   1.30628916e+03  1.08858781e+03  8.53e-14 1.48e-09  1.82e-01     0s
  11   1.29944507e+03  1.22577041e+03  2.84e-14 2.22e-09  6.17e-02     0s
  12   1.29634669e+03  1.29368096e+03  2.84e-14 1.75e-09  2.23e-03     0s
  13   1.29624220e+03  1.29606882e+03  3.20e-14 3.36e-09  1.45e-04     0s
  14   1.29623377e+03  1.29623227e+03  2.84e-14 1.04e-11  1.26e-06     0s
  15   1.29623346e+03  1.29623339e+03  2.84e-14 3.14e-09  5.76e-08     0s
  16   1.29623344e+03  1.29623344e+03  5.79e-13 1.26e-09  4.62e-09     0s

Barrier solved model in 16 iterations and 0.02 seconds (0.02 work units)
Optimal objective 1.29623344e+03

