
Gurobi 9.5.1 (linux64) logging started Tue 16 Aug 2022 04:37:30 PM MST

Set parameter LogFile to value "/home/local/ASUAD/kmajd1/NNRepLayer_v2/demos/walking_example/global_constraint_upper_10/repair_net/logs/opt_log_multi_27.log"
Gurobi Optimizer version 9.5.1 build v9.5.1rc2 (linux64)
Thread count: 48 physical cores, 96 logical processors, using up to 45 threads
Optimize a model with 16863 rows, 10742 columns and 126783 nonzeros
Model fingerprint: 0x24468117
Model has 149 quadratic objective terms
Variable types: 5974 continuous, 4768 integer (4768 binary)
Coefficient statistics:
  Matrix range     [5e-04, 2e+02]
  Objective range  [1e-02, 1e+00]
  QObjective range [1e-02, 1e-02]
  Bounds range     [1e+00, 1e+03]
  RHS range        [3e-04, 2e+02]

Concurrent MIP optimizer: 3 concurrent instances (15 threads per instance)

Presolve removed 554 rows and 128 columns
Presolve time: 0.21s
Presolved: 16309 rows, 10614 columns, 125973 nonzeros
Presolved model has 149 quadratic objective terms
Variable types: 5846 continuous, 4768 integer (4768 binary)
Root relaxation presolve removed 4768 rows and 4768 columns
Root relaxation presolved: 11541 rows, 5846 columns, 111669 nonzeros
Root relaxation presolved model has 149 quadratic objective terms


Root relaxation: objective 2.812742e+01, 6495 iterations, 0.43 seconds (0.72 work units)

    Nodes    |    Current Node    |     Objective Bounds      |     Work
 Expl Unexpl |  Obj  Depth IntInf | Incumbent    BestBd   Gap | It/Node Time

     0     0      -    -    -      187.87495   28.12742  85.0%     -    1s
     0     0      -    -    -      186.22953   28.12742  84.9%     -    4s
     0     2      -    -    -      181.40968   28.12742  84.5%     -    6s
    30    46      -    -    -      178.98331   28.12742  84.3%     -   11s
    45    61      -    -    -      108.46811   28.12742  74.1%     -   21s
   105   121      -    -    -       33.86441   28.12742  16.9%     -   27s
  1142  1158      -    -    -       33.35006   28.12742  15.7%     -   36s
  3856  4048      -    -    -       33.32222   28.12742  15.6%     -   40s
  8258  8654      -    -    -       33.32222   28.12742  15.6%     -   45s
  9992  9993      -    -    -       33.17736   28.12742  15.2%     -   60s
  9994  9494      -    -    -       33.17237   28.12742  15.2%     -   65s
  9996  9021      -    -    -       33.13135   28.12742  15.1%     -   76s
 10026  8606      -    -    -       33.11167   28.12742  15.1%     -   82s
 10097  6382      -    -    -       32.68570   28.12742  13.9%     -  100s
 10112  5778      -    -    -       32.18903   28.12742  12.6%     -  118s
 10596  4865      -    -    -       32.18903   28.12742  12.6%     -  120s
 11177  5202      -    -    -       32.18903   28.12742  12.6%     -  139s
 11520  5101      -    -    -       32.18903   28.12742  12.6%     -  140s
 14711  7346      -    -    -       32.18903   28.12905  12.6%     -  145s
 16787  8569      -    -    -       32.18903   28.12905  12.6%     -  150s
 18287  9943      -    -    -       32.18903   28.12905  12.6%     -  155s

Resetting heuristic parameters to focus on improving solution
(using Heuristics=0.5 and RINS=10)...

 19748 10245      -    -    -       31.67457   28.12905  11.2%     -  169s
 19909  9928      -    -    -       31.61979   28.12905  11.0%     -  188s
 19925 11909      -    -    -       31.60725   28.12905  11.0%     -  203s

Instance 0 was solved

Explored 21920 nodes (1174275 simplex iterations) in 204.00 seconds (500.22 work units)
Thread count was 15 (of 96 available processors)

Solution count 10: 31.6052 31.6056 31.6058 ... 31.6198 

Optimal solution found (tolerance 1.10e-01)
Best objective 3.160518040040e+01, best bound 2.812904634423e+01, gap 10.9986%
