
Gurobi 9.5.1 (mac64[x86]) logging started Tue May 31 18:22:39 2022

Set parameter LogFile to value "/Users/keyvanmajd/Documents/NNRepLayer_v2/demos/examples/tc7_walking_example/repair_net/logs/opt_log_layer3_5_31_2022_18_22_5.log"
Gurobi Optimizer version 9.5.1 build v9.5.1rc2 (mac64[x86])
Thread count: 4 physical cores, 8 logical processors, using up to 8 threads
Optimize a model with 28012 rows, 17157 columns and 79020 nonzeros
Model fingerprint: 0x673edf10
Model has 101 quadratic objective terms
Variable types: 7557 continuous, 9600 integer (9600 binary)
Coefficient statistics:
  Matrix range     [2e-03, 5e+01]
  Objective range  [3e-02, 4e+01]
  QObjective range [2e+00, 2e+00]
  Bounds range     [1e+00, 5e+01]
  RHS range        [6e-04, 5e+01]
Presolve removed 16456 rows and 6528 columns
Presolve time: 0.16s
Presolved: 11556 rows, 10629 columns, 52708 nonzeros
Presolved model has 101 quadratic objective terms
Variable types: 7429 continuous, 3200 integer (3200 binary)

Root relaxation: objective 6.353062e+02, 16174 iterations, 1.53 seconds (3.90 work units)

    Nodes    |    Current Node    |     Objective Bounds      |     Work
 Expl Unexpl |  Obj  Depth IntInf | Incumbent    BestBd   Gap | It/Node Time

     0     0  635.30619    0 2750          -  635.30619      -     -    3s
     0     0  635.30619    0 2744          -  635.30619      -     -   11s
     0     0  635.30620    0 2732          -  635.30620      -     -   17s
     0     0  635.30620    0 2714          -  635.30620      -     -   19s
     0     0  635.30620    0 2708          -  635.30620      -     -   27s
     0     0  635.30620    0 2691          -  635.30620      -     -   27s
     0     0  635.30620    0 2676          -  635.30620      -     -   41s
     0     0  635.30620    0 2645          -  635.30620      -     -   42s
     0     0  635.30620    0 2627          -  635.30620      -     -   46s
     0     0  635.30620    0 2629          -  635.30620      -     -   48s
H    0     0                    22009.530868  635.30620  97.1%     -   66s
H    0     0                    20118.936666  635.30620  96.8%     -  112s
     0     2  635.30620    0 2629 20118.9367  635.30620  96.8%     -  112s
    29    34  635.30620    8 2571 20118.9367  635.30620  96.8%   331  119s
    34    35  635.31077    6 2629 20118.9367  635.30620  96.8%   287  124s
H   35    34                    20106.730666  635.30620  96.8%   279  135s
H   37    33                    20099.387452  635.30620  96.8%   264  140s
H   37    31                    20059.059850  635.30620  96.8%   264  140s
H   37    30                    20033.157875  635.30620  96.8%   264  140s
H   45    33                    18821.860040  635.30620  96.6%   217  167s
H   45    31                    18821.638813  635.30620  96.6%   217  167s
H   46    32                    18819.554826  635.30620  96.6%   777  167s
H   47    30                    18819.520770  635.30620  96.6%   760  173s
H   49    30                    18814.545527  635.30620  96.6%   729  185s
    51    31  635.30795    7 2734 18814.5455  635.30620  96.6%   701  192s
H   51    29                    18810.286710  635.30620  96.6%   701  193s
H   51    28                    18810.229744  635.30620  96.6%   701  193s
H   51    26                    18807.757838  635.30620  96.6%   701  193s
    56    29  635.31077    7 2592 18807.7578  635.30620  96.6%   638  195s
H   59    29                    14810.339501  635.30620  95.7%   606  232s
H   61    31                    14810.286135  635.30620  95.7%   969  250s
    64    33  635.30636    4 2750 14810.2861  635.30620  95.7%   923  261s
    65    34  635.30620    9 2735 14810.2861  635.30620  95.7%   909  266s
H   65    32                    14809.925969  635.30620  95.7%   909  267s
H   73    35                    14299.637022  635.30620  95.6%   810  299s
H   73    33                    14299.625851  635.30620  95.6%   810  299s
H   75    34                    14298.378763  635.30620  95.6%  1094  317s
H   77    34                    14298.359988  635.30620  95.6%  1066  324s
    78    34  635.31077    7 2750 14298.3600  635.30620  95.6%  1052  328s
    79    35  635.30636    3 2736 14298.3600  635.30620  95.6%  1039  333s
H   79    33                    14298.259752  635.30620  95.6%  1039  334s
H   79    31                    14298.259539  635.30620  95.6%  1039  334s
    81    32  635.30620    6 2705 14298.2595  635.30620  95.6%  1013  335s
H   87    34                    14295.043539  635.30620  95.6%   943  371s
    90    38  635.30795    7 2629 14295.0435  635.30620  95.6%  1161  391s
H   91    37                    14295.043530  635.30620  95.6%  1149  401s
    93    38  635.30636    5 2736 14295.0435  635.30620  95.6%  1124  406s
H  101    40                    14285.194118  635.30620  95.6%  1035  449s
   102    41  635.30620    6 2597 14285.1941  635.30620  95.6%  1025  452s
H  103    41                    14285.173530  635.30620  95.6%  1234  481s

Explored 105 nodes (164406 simplex iterations) in 487.48 seconds (789.64 work units)
Thread count was 8 (of 8 available processors)

Solution count 10: 14285.2 14285.2 14295 ... 14299.6

Solve interrupted
Best objective 1.428517352963e+04, best bound 6.353061974987e+02, gap 95.5527%
