
Gurobi 9.5.1 (mac64[x86]) logging started Wed Jun  8 17:57:32 2022

Set parameter LogFile to value "/Users/keyvanmajd/Documents/GitHub/NNRepLayer_v2/demos/walking_example/repair_bound_constraint/repair_net/logs/opt_log_6_8_2022_17_56_59.log"
Gurobi Optimizer version 9.5.1 build v9.5.1rc2 (mac64[x86])
Thread count: 4 physical cores, 8 logical processors, using up to 8 threads
Optimize a model with 28012 rows, 17157 columns and 72012 nonzeros
Model fingerprint: 0x5f16fc3a
Model has 101 quadratic objective terms
Variable types: 7557 continuous, 9600 integer (9600 binary)
Coefficient statistics:
  Matrix range     [3e-03, 3e+01]
  Objective range  [3e-03, 4e-01]
  QObjective range [2e-02, 2e+00]
  Bounds range     [1e+00, 3e+01]
  RHS range        [2e-04, 3e+01]
Presolve removed 16840 rows and 6720 columns
Presolve time: 0.12s
Presolved: 11172 rows, 10437 columns, 44941 nonzeros
Presolved model has 101 quadratic objective terms
Variable types: 7237 continuous, 3200 integer (3200 binary)
Found heuristic solution: objective 1.8467432
Root relaxation presolve removed 3200 rows and 3200 columns
Root relaxation presolved: 7972 rows, 7237 columns, 38541 nonzeros
Root relaxation presolved model has 101 quadratic objective terms


Root relaxation: objective 6.888999e-03, 9612 iterations, 0.73 seconds (1.69 work units)

    Nodes    |    Current Node    |     Objective Bounds      |     Work
 Expl Unexpl |  Obj  Depth IntInf | Incumbent    BestBd   Gap | It/Node Time

     0     0    0.00689    0 1061    1.84674    0.00689   100%     -    3s
H    0     0                       1.8207602    0.00689   100%     -    4s
     0     0    0.00704    0 1024    1.82076    0.00704   100%     -    6s
H    0     0                       1.3561726    0.00704  99.5%     -    8s
     0     0    0.00704    0 1021    1.35617    0.00704  99.5%     -    8s
H    0     0                       1.1221229    0.00729  99.4%     -    9s
H    0     0                       1.1199981    0.00729  99.3%     -    9s
     0     0    0.00729    0 1077    1.12000    0.00729  99.3%     -   10s
     0     0    0.00729    0 1067    1.12000    0.00729  99.3%     -   10s
     0     0    0.00739    0 1057    1.12000    0.00739  99.3%     -   11s
     0     0    0.00739    0 1060    1.12000    0.00739  99.3%     -   11s
     0     0    0.00742    0 1055    1.12000    0.00742  99.3%     -   12s
     0     0    0.00742    0 1057    1.12000    0.00742  99.3%     -   12s
     0     0    0.00744    0 1076    1.12000    0.00744  99.3%     -   13s
     0     0    0.00744    0 1079    1.12000    0.00744  99.3%     -   13s
     0     0    0.00758    0 1076    1.12000    0.00758  99.3%     -   14s
     0     0    0.00758    0 1079    1.12000    0.00758  99.3%     -   14s
     0     0    0.00759    0 1079    1.12000    0.00759  99.3%     -   15s
     0     0    0.00759    0 1086    1.12000    0.00759  99.3%     -   15s
     0     0    0.00759    0 1091    1.12000    0.00759  99.3%     -   16s
H    0     0                       1.1146127    0.00759  99.3%     -   21s
H    0     2                       1.0776853    0.00759  99.3%     -   21s
     0     2    0.00759    0 1091    1.07769    0.00759  99.3%     -   21s
    11    16    0.07063    4 1387    1.07769    0.03873  96.4%  1853   28s
H   30    35                       1.0712301    0.03873  96.4%  1869   35s
H   31    35                       1.0620997    0.03873  96.4%  1809   35s
H   63    68                       1.0000289    0.03873  96.1%   902   41s
H   65    68                       1.0000283    0.03873  96.1%   874   41s
   909   955    0.12588  243 1061    1.00003    0.03873  96.1%  92.1   45s
  1094  1099    0.13945  274 1051    1.00003    0.03873  96.1%  84.8   50s
  1558  1567    0.24067  380 1030    1.00003    0.03873  96.1%  81.5   59s
  1566  1628    0.24125  382 1028    1.00003    0.03873  96.1%  81.5   60s
  2196  2289    0.31081  522 1147    1.00003    0.03873  96.1%  98.5   65s
  2651  2692    0.34379  644 1047    1.00003    0.03873  96.1%   110   70s
  3249  3319    0.38612  686 1032    1.00003    0.03873  96.1%   108   75s
  3834  3905    0.44294  851  881    1.00003    0.03873  96.1%   101   80s
  4246  4294    0.50037  914  839    1.00003    0.03873  96.1%   103   85s
  4466  4507    0.52381  933  845    1.00003    0.03873  96.1%   104   90s
  4704  4758    0.60107  950  837    1.00003    0.03873  96.1%   104   95s
  4984  5015    0.63769 1019  791    1.00003    0.03873  96.1%   104  101s
  5107  5106    0.51870  808 1091    1.00003    0.03873  96.1%   104  111s
H 5108  4851                       0.9983983    0.03873  96.1%   104  113s
  5110  4852    0.14257  205  958    0.99840    0.03873  96.1%   104  116s
H 5110  4609                       0.9892878    0.03873  96.1%   104  118s
  5113  4611    0.07545  149 1150    0.98929    0.03873  96.1%   104  121s
  5114  4612    0.17297  323 1130    0.98929    0.03873  96.1%   104  128s
  5116  4613    0.12682  292 1130    0.98929    0.03873  96.1%   104  135s
H 5116  4385                       0.9890333    0.03873  96.1%   108  136s
  5123  4393    0.10409   16 1367    0.98903    0.03873  96.1%   110  152s
H 5145  4189                       0.9876796    0.04776  95.2%   122  154s
H 5147  3981                       0.9857613    0.04776  95.2%   122  154s
H 5148  3782                       0.9838211    0.04782  95.1%   122  154s
  5199  3830    0.10805   25 1364    0.98382    0.04861  95.1%   124  155s
H 5216  3641                       0.9720913    0.05182  94.7%   124  160s
  5736  4015    0.14929   98 1264    0.97209    0.05844  94.0%   133  165s
H 6284  4228                       0.9704626    0.05844  94.0%   139  169s
H 6288  4057                       0.9695819    0.05844  94.0%   140  169s
  6344  4105    0.15007  191 1070    0.96958    0.05844  94.0%   139  170s
  7041  4571    0.15093  297  910    0.96958    0.05844  94.0%   147  175s
H 7379  4638                       0.9695819    0.05844  94.0%   150  177s
  7750  4888    0.22651  378  990    0.96958    0.05844  94.0%   153  180s
  7900  4899    0.30857  394  981    0.96958    0.05844  94.0%   155  190s

Cutting planes:
  Gomory: 7
  Implied bound: 54
  MIR: 1651
  Flow cover: 872
  Relax-and-lift: 74

Explored 7904 nodes (1244839 simplex iterations) in 190.03 seconds (320.13 work units)
Thread count was 8 (of 8 available processors)

Solution count 10: 0.969582 0.969582 0.970463 ... 1.00003

Solve interrupted
Best objective 9.695818737090e-01, best bound 5.843546245084e-02, gap 93.9731%
