
Gurobi 9.5.1 (mac64[x86]) logging started Wed Jun  8 17:31:16 2022

Set parameter LogFile to value "/Users/keyvanmajd/Documents/GitHub/NNRepLayer_v2/demos/walking_example/repair_bound_constraint/repair_net/logs/opt_log_6_8_2022_17_30_39.log"
Gurobi Optimizer version 9.5.1 build v9.5.1rc2 (mac64[x86])
Thread count: 4 physical cores, 8 logical processors, using up to 8 threads
Optimize a model with 28012 rows, 17157 columns and 71820 nonzeros
Model fingerprint: 0xfd65256a
Model has 101 quadratic objective terms
Variable types: 7557 continuous, 9600 integer (9600 binary)
Coefficient statistics:
  Matrix range     [1e-03, 3e+01]
  Objective range  [7e-04, 4e-01]
  QObjective range [2e-02, 2e+00]
  Bounds range     [1e+00, 3e+01]
  RHS range        [2e-04, 3e+01]
Presolve removed 16776 rows and 6688 columns
Presolve time: 0.15s
Presolved: 11236 rows, 10469 columns, 44879 nonzeros
Presolved model has 101 quadratic objective terms
Variable types: 7269 continuous, 3200 integer (3200 binary)
Found heuristic solution: objective 2.0018323
Root relaxation presolve removed 3200 rows and 3200 columns
Root relaxation presolved: 8036 rows, 7269 columns, 38479 nonzeros
Root relaxation presolved model has 101 quadratic objective terms


Root relaxation: objective 0.000000e+00, 9772 iterations, 1.12 seconds (1.11 work units)

    Nodes    |    Current Node    |     Objective Bounds      |     Work
 Expl Unexpl |  Obj  Depth IntInf | Incumbent    BestBd   Gap | It/Node Time

     0     0    0.00000    0 1064    2.00183    0.00000   100%     -    4s
H    0     0                       1.9884543    0.00096   100%     -    8s
     0     0    0.00096    0 1049    1.98845    0.00096   100%     -    8s
H    0     0                       1.6796504    0.00096   100%     -   10s
H    0     0                       1.4707136    0.00096   100%     -   10s
H    0     0                       1.4691806    0.00096   100%     -   10s
     0     0    0.00106    0 1047    1.46918    0.00106   100%     -   13s
     0     0    0.00106    0 1096    1.46918    0.00106   100%     -   14s
     0     0    0.00174    0 1058    1.46918    0.00174   100%     -   14s
     0     0    0.00227    0 1052    1.46918    0.00227   100%     -   16s
     0     0    0.00227    0 1057    1.46918    0.00227   100%     -   16s
     0     0    0.00274    0 1058    1.46918    0.00274   100%     -   18s
     0     0    0.00274    0 1061    1.46918    0.00274   100%     -   18s
     0     0    0.00278    0 1055    1.46918    0.00278   100%     -   20s
     0     0    0.00279    0 1063    1.46918    0.00279   100%     -   20s
H    0     0                       1.4689220    0.00393   100%     -   22s
     0     0    0.00393    0 1097    1.46892    0.00393   100%     -   22s
     0     0    0.00417    0 1097    1.46892    0.00417   100%     -   22s
H    0     0                       1.4665818    0.00417   100%     -   23s
H    0     0                       1.4628471    0.02170  98.5%     -   24s
     0     0    0.02170    0 1163    1.46285    0.02170  98.5%     -   25s
     0     0    0.02202    0 1170    1.46285    0.02202  98.5%     -   25s
     0     0    0.07426    0 1205    1.46285    0.07426  94.9%     -   27s
     0     0    0.07435    0 1189    1.46285    0.07435  94.9%     -   28s
     0     0    0.07532    0 1196    1.46285    0.07532  94.9%     -   29s
     0     0    0.07533    0 1189    1.46285    0.07533  94.9%     -   29s
     0     0    0.07534    0 1195    1.46285    0.07534  94.8%     -   32s
     0     0    0.07534    0 1207    1.46285    0.07534  94.8%     -   33s
     0     0    0.08948    0 1203    1.46285    0.08948  93.9%     -   34s
     0     0    0.08948    0 1209    1.46285    0.08948  93.9%     -   35s
     0     0    0.08966    0 1221    1.46285    0.08966  93.9%     -   36s
     0     0    0.08974    0 1196    1.46285    0.08974  93.9%     -   36s
H    0     0                       1.4331116    0.10183  92.9%     -   38s
     0     0    0.10183    0 1189    1.43311    0.10183  92.9%     -   38s
     0     0    0.10183    0 1189    1.43311    0.10183  92.9%     -   38s
     0     0    0.10303    0 1180    1.43311    0.10303  92.8%     -   41s
     0     0    0.10303    0 1183    1.43311    0.10303  92.8%     -   41s
     0     0    0.10338    0 1200    1.43311    0.10338  92.8%     -   43s
     0     0    0.10348    0 1204    1.43311    0.10348  92.8%     -   44s
     0     0    0.10356    0 1205    1.43311    0.10356  92.8%     -   45s
     0     0    0.10356    0 1218    1.43311    0.10356  92.8%     -   45s
     0     0    0.10357    0 1193    1.43311    0.10357  92.8%     -   46s
     0     2    0.10357    0 1193    1.43311    0.10357  92.8%     -   52s
     7    12    0.20689    3 1443    1.43311    0.10727  92.5%   969   55s
    23    31    0.20976    7 1433    1.43311    0.10959  92.4%   565   63s
    30    35    0.21430    9 1428    1.43311    0.10959  92.4%  1838   67s
H   64    69                       1.4317007    0.10959  92.3%   909   73s
H   65    69                       1.4172137    0.10959  92.3%   895   73s
   126   141    0.29235   38 1405    1.41721    0.10959  92.3%   537   75s
   742   776    0.39184  151 1248    1.41721    0.10959  92.3%   201   80s
   986  1026    0.39569  218 1160    1.41721    0.10959  92.3%   275   85s
H 1069  1074                       1.4127862    0.10959  92.2%   305   89s
H 1070  1074                       1.4030380    0.10959  92.2%   305   89s
H 1071  1074                       1.4030379    0.10959  92.2%   304   89s
  1073  1151    0.39569  231 1130    1.40304    0.10959  92.2%   304   90s
  1541  1620    0.40927  341 1147    1.40304    0.10959  92.2%   250   95s
  1921  1976    0.45709  409 1294    1.40304    0.10959  92.2%   232  101s
  1975  2009    0.46053  414 1285    1.40304    0.10959  92.2%   230  105s
  2008  2088    0.48048  419 1290    1.40304    0.10959  92.2%   228  113s
  2177  2220    0.49216  445 1310    1.40304    0.10959  92.2%   217  122s
H 2218  2220                       1.3988038    0.10959  92.2%   215  122s
H 2249  2276                       1.3891174    0.10959  92.1%   227  123s
  2275  2290    0.49989  448 1292    1.38912    0.10959  92.1%   225  129s
H 2276  2290                       1.3655963    0.10959  92.0%   225  129s
  2289  2378    0.50216  449 1289    1.36560    0.10959  92.0%   224  130s
  2449  2496    0.50757  500 1245    1.36560    0.10959  92.0%   214  137s
  2524  2537    0.52376  507 1248    1.36560    0.10959  92.0%   231  149s
  2571  2602    0.54413  516 1235    1.36560    0.10959  92.0%   230  151s
  2836  2924    0.55539  594 1165    1.36560    0.10959  92.0%   219  156s
  3042  3179    0.59922  636 1127    1.36560    0.10959  92.0%   211  163s
  3299  3458    0.59893  686 1109    1.36560    0.10959  92.0%   199  165s
H 3457  3462                       1.3580790    0.10959  91.9%   193  172s
H 3460  3462                       1.3501837    0.10959  91.9%   193  172s
  3558  3646    0.62075  737 1058    1.35018    0.10959  91.9%   190  175s
  3924  4051    0.67515  804 1008    1.35018    0.10959  91.9%   178  181s
  4204  4209    0.70525  830  985    1.35018    0.10959  91.9%   171  197s

Cutting planes:
  Gomory: 2
  Implied bound: 101
  Projected implied bound: 1
  MIR: 2341
  Flow cover: 1335
  Relax-and-lift: 32

Explored 4208 nodes (754440 simplex iterations) in 197.99 seconds (316.35 work units)
Thread count was 8 (of 8 available processors)

Solution count 10: 1.35018 1.35808 1.3656 ... 1.46285

Solve interrupted
Best objective 1.350183690139e+00, best bound 1.095857276595e-01, gap 91.8836%
