
Gurobi 9.5.1 (mac64[x86]) logging started Wed Jun  8 18:42:14 2022

Set parameter LogFile to value "/Users/keyvanmajd/Documents/GitHub/NNRepLayer_v2/demos/walking_example/repair_bound_constraint/repair_net/logs/opt_log_6_8_2022_18_41_59.log"
Gurobi Optimizer version 9.5.1 build v9.5.1rc2 (mac64[x86])
Thread count: 4 physical cores, 8 logical processors, using up to 8 threads
Optimize a model with 366 rows, 134 columns and 1479 nonzeros
Model fingerprint: 0x6794434d
Model has 101 quadratic objective terms
Coefficient statistics:
  Matrix range     [3e-03, 1e+01]
  Objective range  [2e-01, 4e+01]
  QObjective range [2e+00, 2e+00]
  Bounds range     [5e+00, 3e+01]
  RHS range        [3e-03, 2e+01]
Presolve removed 214 rows and 7 columns
Presolve time: 0.01s
Presolved: 152 rows, 127 columns, 1251 nonzeros
Presolved model has 101 quadratic objective terms
Ordering time: 0.00s

Barrier statistics:
 Dense cols : 20
 AA' NZ     : 1.397e+03
 Factor NZ  : 2.108e+03
 Factor Ops : 3.518e+04 (less than 1 second per iteration)
 Threads    : 1

                  Objective                Residual
Iter       Primal          Dual         Primal    Dual     Compl     Time
   0   2.52740050e+07 -3.40370945e+07  6.51e+03 4.32e+02  8.93e+05     0s
   1   1.06090180e+07 -1.93494230e+07  4.13e+03 2.74e+02  6.16e+05     0s
   2   6.17032800e+04 -1.04791785e+07  2.85e+02 1.89e+01  8.89e+04     0s
   3   7.57377002e+03 -5.24329937e+06  7.52e+00 4.99e-01  1.81e+04     0s
   4   6.86169473e+03 -8.65631564e+04  6.00e-02 3.98e-03  3.06e+02     0s
   5   1.24023442e+03 -1.39321881e+04  6.39e-03 4.24e-04  4.96e+01     0s
   6   2.80401871e+02 -4.37730593e+03  5.44e-04 3.61e-05  1.52e+01     0s
   7   1.42458786e+02 -1.14311823e+03  5.44e-10 3.61e-11  4.20e+00     0s
   8   1.26674733e+02 -3.49379209e+01  6.44e-11 4.27e-12  5.28e-01     0s
   9   1.12124007e+02  4.42110436e+01  1.07e-14 1.17e-13  2.22e-01     0s
  10   1.09262710e+02  9.84939816e+01  1.78e-14 1.30e-13  3.52e-02     0s
  11   1.08955024e+02  1.07542565e+02  8.35e-14 8.52e-14  4.62e-03     0s
  12   1.08902368e+02  1.08898578e+02  3.16e-13 4.72e-14  1.24e-05     0s
  13   1.08902280e+02  1.08902275e+02  1.45e-11 1.44e-14  1.68e-08     0s
  14   1.08902280e+02  1.08902280e+02  3.81e-11 7.88e-14  1.68e-11     0s

Barrier solved model in 14 iterations and 0.01 seconds (0.00 work units)
Optimal objective 1.08902280e+02

