
Gurobi 9.5.1 (mac64[x86]) logging started Wed Jun  8 17:37:48 2022

Set parameter LogFile to value "/Users/keyvanmajd/Documents/GitHub/NNRepLayer_v2/demos/walking_example/repair_bound_constraint/repair_net/logs/opt_log_6_8_2022_17_37_15.log"
Gurobi Optimizer version 9.5.1 build v9.5.1rc2 (mac64[x86])
Thread count: 4 physical cores, 8 logical processors, using up to 8 threads
Optimize a model with 28012 rows, 17157 columns and 72588 nonzeros
Model fingerprint: 0x81e6fa66
Model has 101 quadratic objective terms
Variable types: 7557 continuous, 9600 integer (9600 binary)
Coefficient statistics:
  Matrix range     [1e-04, 3e+01]
  Objective range  [7e-04, 4e-01]
  QObjective range [2e-02, 2e+00]
  Bounds range     [1e+00, 3e+01]
  RHS range        [2e-04, 3e+01]
Presolve removed 16712 rows and 6656 columns
Presolve time: 0.15s
Presolved: 11300 rows, 10501 columns, 45776 nonzeros
Presolved model has 101 quadratic objective terms
Variable types: 7301 continuous, 3200 integer (3200 binary)
Found heuristic solution: objective 1.4467269
Found heuristic solution: objective 1.4467235
Root relaxation presolve removed 3200 rows and 3200 columns
Root relaxation presolved: 8100 rows, 7301 columns, 39376 nonzeros
Root relaxation presolved model has 101 quadratic objective terms


Root relaxation: objective 0.000000e+00, 10284 iterations, 0.82 seconds (1.76 work units)

    Nodes    |    Current Node    |     Objective Bounds      |     Work
 Expl Unexpl |  Obj  Depth IntInf | Incumbent    BestBd   Gap | It/Node Time

     0     0    0.00000    0 1063    1.44672    0.00000   100%     -    3s
H    0     0                       1.4289545    0.00000   100%     -    4s
     0     0    0.00114    0 1018    1.42895    0.00114   100%     -    6s
H    0     0                       0.8591659    0.00114   100%     -   10s
H    0     0                       0.8570897    0.00114   100%     -   10s
     0     0    0.00126    0 1017    0.85709    0.00126   100%     -   12s
     0     0    0.00146    0 1076    0.85709    0.00146   100%     -   14s
     0     0    0.00146    0 1062    0.85709    0.00146   100%     -   14s
     0     0    0.00223    0 1075    0.85709    0.00223   100%     -   15s
     0     0    0.00223    0 1077    0.85709    0.00223   100%     -   15s
     0     0    0.00297    0 1090    0.85709    0.00297   100%     -   16s
H    0     0                       0.8522330    0.00297   100%     -   16s
     0     0    0.00297    0 1092    0.85223    0.00297   100%     -   17s
     0     0    0.00307    0 1088    0.85223    0.00307   100%     -   18s
     0     0    0.00316    0 1076    0.85223    0.00316   100%     -   18s
     0     0    0.00348    0 1059    0.85223    0.00348   100%     -   19s
H    0     0                       0.8518270    0.00348   100%     -   19s
     0     0    0.00349    0 1073    0.85183    0.00349   100%     -   19s
     0     0    0.00387    0 1072    0.85183    0.00387   100%     -   20s
     0     0    0.00388    0 1071    0.85183    0.00388   100%     -   20s
     0     0    0.00393    0 1066    0.85183    0.00393   100%     -   21s
H    0     0                       0.8508277    0.00393   100%     -   21s
     0     0    0.00394    0 1062    0.85083    0.00394   100%     -   21s
     0     0    0.00396    0 1062    0.85083    0.00396   100%     -   22s
     0     0    0.00396    0 1057    0.85083    0.00396   100%     -   22s
     0     0    0.00398    0 1052    0.85083    0.00398   100%     -   23s
H    0     0                       0.8484730    0.00398   100%     -   24s
     0     0    0.00398    0 1050    0.84847    0.00398   100%     -   24s
     0     0    0.00398    0 1055    0.84847    0.00398   100%     -   25s
     0     0    0.00398    0 1055    0.84847    0.00398   100%     -   25s
     0     0    0.00398    0 1050    0.84847    0.00398   100%     -   25s
     0     2    0.00398    0 1050    0.84847    0.00398   100%     -   33s
     1     4    0.00496    1 1049    0.84847    0.00496  99.4%   417   35s
H   30    35                       0.8448686    0.00721  99.1%   453   37s
H   32    35                       0.8371674    0.00760  99.1%   427   37s
    34    39    0.00760    9 1053    0.83717    0.00760  99.1%   405   41s
    58    67    0.00774   15 1035    0.83717    0.00774  99.1%   244   51s
H   59    67                       0.8336111    0.00774  99.1%   240   51s
H   61    67                       0.8190392    0.00774  99.1%   232   51s
  1089  1110    0.01136  213  824    0.81904    0.00774  99.1%  27.2   55s
H 1103  1110                       0.8121720    0.00774  99.0%  26.9   55s
  1505  1521    0.01350  378  683    0.81217    0.00774  99.0%  29.7   62s
  1520  1547    0.01412  379  680    0.81217    0.00774  99.0%  69.7   66s
  1546  1614    0.01520  389  672    0.81217    0.00774  99.0%   100   71s
  1613  1680    0.01566  392  761    0.81217    0.00774  99.0%   116   75s
  1679  1707    0.01577  403  741    0.81217    0.00774  99.0%   134   82s
  1706  1770    0.01594  405  746    0.81217    0.00774  99.0%   159   85s
  1828  1872    0.02154  428  706    0.81217    0.00774  99.0%   200   95s
H 2139  2193                       0.8100155    0.00774  99.0%   212   98s
  2331  2468    0.10509  453  677    0.81002    0.00774  99.0%   202  100s
  3142  3285    0.17504  571  735    0.81002    0.00774  99.0%   177  105s
  3286  3346    0.17661  582  757    0.81002    0.00774  99.0%   172  114s
  3347  3350    0.17901  589  828    0.81002    0.00774  99.0%   170  122s
  3631  3693    0.22257  621  835    0.81002    0.00774  99.0%   164  125s
  4071  4204    0.32552  717  778    0.81002    0.00774  99.0%   159  130s
  4520  4670    0.39887  824  716    0.81002    0.00774  99.0%   153  137s
  4671  4782    0.40892  855  821    0.81002    0.00774  99.0%   153  140s
  4783  4880    0.42738  869  827    0.81002    0.00774  99.0%   154  147s
  4954  5006    0.44740  874  832    0.81002    0.00774  99.0%   168  151s
  5008  5128    0.45298  879  850    0.81002    0.00774  99.0%   170  155s
H 5130  5128                       0.8095707    0.00774  99.0%   174  166s
H 5132  4873                       0.8095601    0.00774  99.0%   174  167s
  5134  4874    0.06059  309 1008    0.80956    0.00774  99.0%   174  171s
  5137  4876    0.06059  341 1072    0.80956    0.00774  99.0%   174  176s
  5139  4877    0.53536 1203 1130    0.80956    0.00984  98.8%   173  182s
H 5139  4633                       0.8090985    0.01041  98.7%   173  182s
  5142  4635    0.01859  351 1141    0.80910    0.01074  98.7%   173  185s
H 5143  4404                       0.8088303    0.01080  98.7%   173  187s
  5146  4406    0.08645  127 1173    0.80883    0.01084  98.7%   173  196s
  5148  4407    0.06363  294 1173    0.80883    0.01084  98.7%   173  200s
  5149  4411    0.01084   13 1171    0.80883    0.01084  98.7%   179  224s
  5151  4414    0.03816   14 1305    0.80883    0.01174  98.5%   179  226s
  5159  4420    0.03816   15 1312    0.80883    0.01178  98.5%   180  230s
  5228  4474    0.03816   24 1301    0.80883    0.01304  98.4%   185  235s
  5396  4601    0.03819   39 1230    0.80883    0.01358  98.3%   195  244s
  5423  4627    0.03822   42 1226    0.80883    0.01358  98.3%   196  245s
  5757  4851    0.03885   81 1164    0.80883    0.01358  98.3%   205  250s
H 5832  4673                       0.8025576    0.01358  98.3%   208  251s
  5988  4762    0.04033   99 1238    0.80256    0.01358  98.3%   214  263s
H 5992  4552                       0.7986045    0.01358  98.3%   214  263s
H 6005  4348                       0.7962672    0.01358  98.3%   215  263s
  6054  4454    0.04162  108 1219    0.79627    0.01358  98.3%   217  265s
  6161  4533    0.13333  119 1349    0.79627    0.01358  98.3%   222  271s
  6305  4567    0.05121  136 1204    0.79627    0.01358  98.3%   227  278s
  6431  4732    0.05121  151 1198    0.79627    0.01358  98.3%   231  280s
  6680  4912    0.05240  185 1159    0.79627    0.01358  98.3%   243  285s
  6978  5093    0.10121  233 1221    0.79627    0.01358  98.3%   253  290s
H 7076  4947                       0.7960463    0.01358  98.3%   256  292s
H 7140  4746                       0.7959994    0.01358  98.3%   261  292s
  7151  4747    0.05711  255 1141    0.79600    0.01358  98.3%   261  301s
  7266  5009    0.05734  270 1127    0.79600    0.01358  98.3%   264  305s
  7724  5349    0.06225  314 1095    0.79600    0.01358  98.3%   269  311s
  8082  5487    0.06225  361 1025    0.79600    0.01358  98.3%   271  315s
  8332  5642    0.06245  395 1021    0.79600    0.01358  98.3%   277  320s
  8535  5795    0.06245  430  989    0.79600    0.01358  98.3%   284  325s
  8821  5995    0.06263  482  910    0.79600    0.01358  98.3%   290  330s
  9156  6227    0.06263  522  880    0.79600    0.01358  98.3%   294  335s
  9471  6397    0.06710  567  773    0.79600    0.01358  98.3%   297  341s
  9716  6635    0.10790  600  786    0.79600    0.01358  98.3%   301  349s
  9916  6747    0.10900  620  764    0.79600    0.01358  98.3%   304  354s
 10095  6691    0.10911  638  756    0.79600    0.01358  98.3%   308  363s
 10099  6839    0.15019  639  799    0.79600    0.01358  98.3%   308  367s
 10254  7086    0.15945  653  825    0.79600    0.01358  98.3%   310  375s
 10561  7124    0.15053  681  741    0.79600    0.01358  98.3%   315  386s
H10562  6951                       0.7921102    0.01358  98.3%   315  386s
 10701  7456    0.15053  681  736    0.79211    0.01358  98.3%   315  396s
 11269  7694    0.16965  727  768    0.79211    0.01358  98.3%   313  403s
 11696  7677    0.18082  786  799    0.79211    0.01358  98.3%   311  412s
 11825  8064    0.18072  786  803    0.79211    0.01358  98.3%   311  419s
 12261  8448    0.24927  821  743    0.79211    0.01358  98.3%   307  426s
H12799  8111                       0.7906748    0.01358  98.3%   301  513s
H12801  7952                       0.7860561    0.01358  98.3%   300  513s
 12803  7976    0.27397  886  676    0.78606    0.01358  98.3%   301  525s
 12827  8051    0.27405  889  677    0.78606    0.01358  98.3%   300  541s
H12847  7898                       0.7800587    0.01358  98.3%   300  541s
H12868  7752                       0.7797461    0.01358  98.3%   300  541s
H12910  7689                       0.7671001    0.01358  98.2%   299  541s
 12911  8211    0.29003  899  657    0.76710    0.01358  98.2%   299  548s
 13442  8682    0.31576  959  639    0.76710    0.01358  98.2%   295  554s
H13921  8797                       0.7182394    0.01358  98.1%   290  560s
 14063  9110    0.34668 1032  582    0.71824    0.01358  98.1%   288  566s
 14382  9408    0.35004 1083  627    0.71824    0.01358  98.1%   286  572s
 14680  9782    0.49401 1120  639    0.71824    0.01358  98.1%   284  579s
 15062  9786    0.50685 1176  603    0.71824    0.01358  98.1%   282  589s
 15066  9997    0.51105 1176  602    0.71824    0.01358  98.1%   282  595s
 15285 10413    0.51437 1214  611    0.71824    0.01358  98.1%   282  603s
 15715 11003    0.52201 1243  593    0.71824    0.01358  98.1%   278  611s
 16311 11464    0.52824 1281  566    0.71824    0.01358  98.1%   273  617s
 16778 11901    0.53602 1335  533    0.71824    0.01358  98.1%   268  623s
 17221 12166    0.55805 1389  515    0.71824    0.01358  98.1%   263  630s
H17493 12167                       0.7157956    0.01358  98.1%   262  645s
H17494 12167                       0.7146211    0.01358  98.1%   262  645s
 17498 12315    0.63401 1436  511    0.71462    0.01358  98.1%   262  650s
 17849 12647    0.63903 1520  449    0.71462    0.01358  98.1%   262  659s
 18014 12863    0.67631 1551  428    0.71462    0.01358  98.1%   262  665s
 18244 12962    0.67733 1600  398    0.71462    0.01358  98.1%   261  671s
 18369 13314    0.69065 1620  391    0.71462    0.01358  98.1%   261  677s
 18732 13761     cutoff 1669         0.71462    0.01604  97.8%   258  684s
 19268 13761    0.56201 1057  737    0.71462    0.01604  97.8%   253  685s
 19274 13997    0.08366  253 1129    0.71462    0.01604  97.8%   254  692s
 19515 14487    0.26041  426 1087    0.71462    0.01604  97.8%   254  702s
 20045 14917    0.34519  606 1049    0.71462    0.01604  97.8%   252  711s
 20524 15614    0.38152  676  950    0.71462    0.01604  97.8%   251  727s
 21232 15718     cutoff  724         0.71462    0.01604  97.8%   254  738s
 21354 16025     cutoff  724         0.71462    0.01604  97.8%   258  751s
 21675 16562    0.43754  729  920    0.71462    0.01604  97.8%   263  766s
H22232 16540                       0.7117321    0.01604  97.7%   269  790s
 22236 17370    0.43795  748  910    0.71173    0.01604  97.7%   269  802s
 23086 17396    0.48658  778  865    0.71173    0.01604  97.7%   266  811s
 23114 17931    0.48740  777  882    0.71173    0.01604  97.7%   266  822s
 23677 18044     cutoff  776         0.71173    0.01604  97.7%   265  832s
H23692 17805                       0.7044731    0.01604  97.7%   265  832s
H23693 17805                       0.7044730    0.01604  97.7%   265  832s
 23792 18721    0.56115  779  852    0.70447    0.01604  97.7%   265  845s
 24748 19736    0.56368  787  835    0.70447    0.01604  97.7%   258  855s
 25767 20388    0.60254  790  838    0.70447    0.01604  97.7%   251  863s
 26505 20770    0.66315  812  839    0.70447    0.01604  97.7%   248  876s
 26924 21275    0.68364  816  825    0.70447    0.01625  97.7%   249  884s
 27501 21636    0.01632   32 1170    0.70447    0.01632  97.7%   248  893s
 27862 21944    0.10900  171 1334    0.70447    0.01632  97.7%   249  902s
 28170 22392    0.11080  226 1225    0.70447    0.01632  97.7%   253  911s
 28618 22795    0.13588  270 1261    0.70447    0.01632  97.7%   254  919s
 29108 23591    0.16829  362 1133    0.70447    0.01632  97.7%   254  929s
 29904 24538    0.19644  426 1085    0.70447    0.01632  97.7%   252  939s
 30852 24665    0.23820  433 1111    0.70447    0.01632  97.7%   248  941s

Cutting planes:
  Gomory: 61
  Implied bound: 94
  MIR: 2406
  Flow cover: 1650
  Relax-and-lift: 119

Explored 30980 nodes (7673914 simplex iterations) in 941.10 seconds (1571.15 work units)
Thread count was 8 (of 8 available processors)

Solution count 10: 0.704473 0.711732 0.714621 ... 0.790675

Solve interrupted
Best objective 7.044729943646e-01, best bound 1.631772445695e-02, gap 97.6837%
