
Gurobi 9.5.1 (mac64[x86]) logging started Sat Jun 11 18:38:34 2022

Set parameter LogFile to value "/Users/keyvanmajd/Documents/GitHub/NNRepLayer_v2/demos/walking_example/flow_constraint/repair_net/logs/opt_log_6_11_2022_18_37_57.log"
Gurobi Optimizer version 9.5.1 build v9.5.1rc2 (mac64[x86])
Thread count: 4 physical cores, 8 logical processors, using up to 8 threads
Optimize a model with 21462 rows, 13132 columns and 60086 nonzeros
Model fingerprint: 0x9d8390d5
Model has 76 quadratic objective terms
Variable types: 5932 continuous, 7200 integer (7200 binary)
Coefficient statistics:
  Matrix range     [6e-03, 5e+01]
  Objective range  [5e-01, 2e+00]
  QObjective range [3e-01, 2e+00]
  Bounds range     [1e-01, 5e+01]
  RHS range        [2e-04, 5e+01]
Presolve removed 18754 rows and 10760 columns
Presolve time: 0.08s
Presolved: 2708 rows, 2372 columns, 13641 nonzeros
Presolved model has 76 quadratic objective terms
Variable types: 1719 continuous, 653 integer (653 binary)
Found heuristic solution: objective 16.8534545
Root relaxation presolve removed 645 rows and 645 columns
Root relaxation presolved: 2063 rows, 1727 columns, 12351 nonzeros
Root relaxation presolved model has 76 quadratic objective terms

Extra simplex iterations after uncrush: 27

Root relaxation: objective 5.508831e+00, 9505 iterations, 0.31 seconds (0.42 work units)

    Nodes    |    Current Node    |     Objective Bounds      |     Work
 Expl Unexpl |  Obj  Depth IntInf | Incumbent    BestBd   Gap | It/Node Time

     0     0    5.50883    0  373   16.85345    5.50883  67.3%     -    0s
H    0     0                      16.8444544    5.50883  67.3%     -    0s
     0     0    5.74377    0  334   16.84445    5.74377  65.9%     -    0s
     0     0    5.74778    0  325   16.84445    5.74778  65.9%     -    1s
     0     0    5.85567    0  319   16.84445    5.85567  65.2%     -    1s
     0     0    5.86187    0  322   16.84445    5.86187  65.2%     -    1s
     0     0    5.86628    0  303   16.84445    5.86628  65.2%     -    1s
     0     0    5.86662    0  305   16.84445    5.86662  65.2%     -    1s
     0     0    5.86664    0  309   16.84445    5.86664  65.2%     -    1s
H    0     0                      16.7409122    5.96135  64.4%     -    2s
H    0     0                      16.7386335    5.96135  64.4%     -    2s
     0     0    5.96135    0  329   16.73863    5.96135  64.4%     -    2s
     0     0    5.96811    0  316   16.73863    5.96811  64.3%     -    2s
     0     0    5.97665    0  326   16.73863    5.97665  64.3%     -    2s
     0     0    5.97701    0  329   16.73863    5.97701  64.3%     -    2s
     0     0    5.97741    0  328   16.73863    5.97741  64.3%     -    2s
     0     0    5.97741    0  327   16.73863    5.97741  64.3%     -    2s
H    0     0                      16.6833096    5.98665  64.1%     -    2s
     0     0    6.07490    0  348   16.68331    6.07490  63.6%     -    3s
H    0     0                      16.6833096    6.07490  63.6%     -    3s
     0     0    6.09280    0  343   16.68331    6.09280  63.5%     -    3s
     0     0    6.09834    0  350   16.68331    6.09834  63.4%     -    4s
     0     0    6.09834    0  353   16.68331    6.09834  63.4%     -    4s
     0     0    6.09834    0  355   16.68331    6.09834  63.4%     -    4s
     0     0    6.14638    0  339   16.68331    6.14638  63.2%     -    5s
     0     0    6.15214    0  338   16.68331    6.15214  63.1%     -    5s
     0     0    6.15450    0  346   16.68331    6.15450  63.1%     -    5s
     0     0    6.15567    0  351   16.68331    6.15567  63.1%     -    5s
     0     0    6.15613    0  343   16.68331    6.15613  63.1%     -    5s
     0     0    6.15619    0  343   16.68331    6.15619  63.1%     -    5s
     0     0    6.23438    0  328   16.68331    6.23438  62.6%     -    7s
H    0     0                      16.6440785    6.23438  62.5%     -    7s
     0     0    6.24473    0  334   16.64408    6.24473  62.5%     -    7s
     0     0    6.24802    0  334   16.64408    6.24802  62.5%     -    7s
     0     0    6.25173    0  333   16.64408    6.25173  62.4%     -    7s
     0     0    6.34867    0  340   16.64408    6.34867  61.9%     -    7s
     0     0    6.34867    0  340   16.64408    6.34867  61.9%     -    7s
     0     0    6.37110    0  343   16.64408    6.37110  61.7%     -    9s
     0     0    6.37110    0  350   16.64408    6.37110  61.7%     -    9s
     0     0    6.37110    0  355   16.64408    6.37110  61.7%     -    9s
     0     0    6.37110    0  357   16.64408    6.37110  61.7%     -    9s
     0     0    6.37110    0  359   16.64408    6.37110  61.7%     -    9s
     0     0    6.46472    0  352   16.64408    6.46472  61.2%     -   10s
     0     0    6.47919    0  349   16.64408    6.47919  61.1%     -   10s
H    0     0                       9.8203584    6.47919  34.0%     -   10s
     0     0    6.47919    0  353    9.82036    6.47919  34.0%     -   10s
     0     0    6.47919    0  356    9.82036    6.47919  34.0%     -   11s
     0     0    6.47919    0  359    9.82036    6.47919  34.0%     -   11s
     0     0    6.47919    0  363    9.82036    6.47919  34.0%     -   11s
     0     0    6.51578    0  353    9.82036    6.51578  33.7%     -   11s
     0     0    6.52636    0  363    9.82036    6.52636  33.5%     -   12s
     0     0    6.52636    0  347    9.82036    6.52636  33.5%     -   12s
     0     0    6.52636    0  363    9.82036    6.52636  33.5%     -   12s
     0     0    6.53813    0  355    9.82036    6.53813  33.4%     -   13s
     0     0    6.54513    0  373    9.82036    6.54513  33.4%     -   13s
     0     0    6.55460    0  383    9.82036    6.55460  33.3%     -   14s
     0     0    6.55460    0  388    9.82036    6.55460  33.3%     -   14s
     0     0    6.55460    0  390    9.82036    6.55460  33.3%     -   14s
     0     0    6.56504    0  365    9.82036    6.56504  33.1%     -   15s
     0     0    6.57150    0  378    9.82036    6.57150  33.1%     -   15s
     0     0    6.57150    0  381    9.82036    6.57150  33.1%     -   15s
     0     0    6.57150    0  376    9.82036    6.57150  33.1%     -   15s
     0     0    6.57150    0  385    9.82036    6.57150  33.1%     -   15s
     0     0    6.57150    0  389    9.82036    6.57150  33.1%     -   15s
     0     0    6.57150    0  392    9.82036    6.57150  33.1%     -   15s
     0     0    6.57150    0  382    9.82036    6.57150  33.1%     -   16s
H    0     0                       9.8184017    6.57150  33.1%     -   16s
     0     0    6.60930    0  401    9.81840    6.60930  32.7%     -   16s
     0     0    6.61817    0  400    9.81840    6.61817  32.6%     -   16s
     0     0    6.61817    0  407    9.81840    6.61817  32.6%     -   16s
     0     0    6.62929    0  385    9.81840    6.62929  32.5%     -   17s
     0     0    6.63167    0  387    9.81840    6.63167  32.5%     -   18s
     0     0    6.63167    0  413    9.81840    6.63167  32.5%     -   18s
     0     0    6.63167    0  396    9.81840    6.63167  32.5%     -   18s
     0     0    6.63167    0  400    9.81840    6.63167  32.5%     -   18s
     0     0    6.65107    0  398    9.81840    6.65107  32.3%     -   18s
     0     0    6.66524    0  393    9.81840    6.66524  32.1%     -   20s
H    0     0                       9.8168706    6.66524  32.1%     -   20s
     0     0    6.73095    0  394    9.81687    6.73095  31.4%     -   20s
     0     0    6.73095    0  397    9.81687    6.73095  31.4%     -   20s
     0     0    6.73095    0  394    9.81687    6.73095  31.4%     -   21s
     0     0    6.73095    0  397    9.81687    6.73095  31.4%     -   21s
     0     0    6.76994    0  389    9.81687    6.76994  31.0%     -   22s
     0     0    6.76994    0  393    9.81687    6.76994  31.0%     -   23s
     0     0    6.76994    0  395    9.81687    6.76994  31.0%     -   23s
     0     0    6.76994    0  401    9.81687    6.76994  31.0%     -   23s
     0     0    6.79139    0  420    9.81687    6.79139  30.8%     -   23s
     0     0    6.79139    0  400    9.81687    6.79139  30.8%     -   23s
     0     0    6.79793    0  423    9.81687    6.79793  30.8%     -   25s
H    0     0                       9.8072769    6.79793  30.7%     -   25s
     0     0    6.80957    0  404    9.80728    6.80957  30.6%     -   26s
     0     0    6.80957    0  409    9.80728    6.80957  30.6%     -   26s
     0     0    6.81916    0  408    9.80728    6.81916  30.5%     -   27s
H    0     0                       9.7980316    6.81916  30.4%     -   27s
     0     0    6.81916    0  412    9.79803    6.81916  30.4%     -   27s
H    0     0                       9.7859187    6.81916  30.3%     -   28s
     0     0    6.81916    0  414    9.78592    6.81916  30.3%     -   28s
     0     0    6.81916    0  412    9.78592    6.81916  30.3%     -   28s
H    0     0                       9.7807467    6.81916  30.3%     -   28s
     0     0    6.81916    0  411    9.78075    6.81916  30.3%     -   28s
     0     0    6.84601    0  405    9.78075    6.84601  30.0%     -   29s
H    0     0                       9.7807467    6.85591  29.9%     -   29s
     0     0    6.85591    0  390    9.78075    6.85591  29.9%     -   29s
     0     0    6.85591    0  402    9.78075    6.85591  29.9%     -   29s
H    0     0                       9.7796152    6.85591  29.9%     -   30s
     0     0    6.86975    0  397    9.77962    6.86975  29.8%     -   30s
     0     0    6.86975    0  416    9.77962    6.86975  29.8%     -   30s
H    0     0                       9.7777319    6.87649  29.7%     -   31s
     0     0    6.87649    0  401    9.77773    6.87649  29.7%     -   31s
     0     0    6.87649    0  401    9.77773    6.87649  29.7%     -   31s
H    0     0                       9.7716749    6.87649  29.6%     -   32s
     0     0    6.87649    0  396    9.77167    6.87649  29.6%     -   32s
     0     0    6.88884    0  401    9.77167    6.88884  29.5%     -   32s
H    0     0                       9.7716596    6.88884  29.5%     -   33s
     0     0    6.88884    0  418    9.77166    6.88884  29.5%     -   33s
     0     0    6.88884    0  399    9.77166    6.88884  29.5%     -   33s
     0     0    6.89017    0  392    9.77166    6.89017  29.5%     -   34s
     0     0    6.89017    0  387    9.77166    6.89017  29.5%     -   34s
H    0     0                       9.7691269    6.89017  29.5%     -   34s
     0     0    6.89017    0  393    9.76913    6.89017  29.5%     -   34s
     0     0    6.90618    0  399    9.76913    6.90618  29.3%     -   35s
     0     0    6.90618    0  405    9.76913    6.90618  29.3%     -   35s
     0     0    6.90618    0  407    9.76913    6.90618  29.3%     -   35s
     0     0    6.92033    0  405    9.76913    6.92033  29.2%     -   36s
     0     2    6.92033    0  405    9.76913    6.92033  29.2%     -   40s
    11    14    7.54068    3  407    9.76913    6.96115  28.7%  4887   47s
    23    26    7.34906    6  367    9.76913    7.23871  25.9%  3828   50s
    91    91    7.52726   18  337    9.76913    7.23871  25.9%  1639   55s
H   95    91                       9.7676478    7.23871  25.9%  1590   55s

Cutting planes:
  Gomory: 68
  Cover: 34
  Implied bound: 318
  Projected implied bound: 4
  Clique: 23
  MIR: 1248
  StrongCG: 47
  Flow cover: 1734
  Zero half: 13
  RLT: 2
  Relax-and-lift: 203

Explored 128 nodes (287461 simplex iterations) in 56.66 seconds (56.56 work units)
Thread count was 8 (of 8 available processors)

Solution count 10: 9.76765 9.76913 9.77166 ... 9.79803

Solve interrupted
Best objective 9.767647761830e+00, best bound 7.238709680880e+00, gap 25.8910%
