
Gurobi 9.5.1 (linux64) logging started Sat 11 Jun 2022 08:50:05 PM MST

Set parameter LogFile to value "/home/local/ASUAD/kmajd1/NNRepLayer_v2/demos/walking_example/flow_constraint/repair_net/logs/opt_log_6_11_2022_20_48_45.log"
Gurobi Optimizer version 9.5.1 build v9.5.1rc2 (linux64)
Thread count: 48 physical cores, 96 logical processors, using up to 32 threads
Optimize a model with 79512 rows, 49357 columns and 223128 nonzeros
Model fingerprint: 0x923489bc
Model has 301 quadratic objective terms
Variable types: 20557 continuous, 28800 integer (28800 binary)
Coefficient statistics:
  Matrix range     [1e-03, 5e+01]
  Objective range  [5e-04, 3e-01]
  QObjective range [7e-02, 2e+00]
  Bounds range     [1e-01, 5e+01]
  RHS range        [2e-04, 5e+01]
Presolve removed 72651 rows and 43095 columns
Presolve time: 0.41s
Presolved: 6861 rows, 6262 columns, 34942 nonzeros
Presolved model has 301 quadratic objective terms
Variable types: 4511 continuous, 1751 integer (1751 binary)
Root relaxation presolve removed 1751 rows and 1751 columns
Root relaxation presolved: 5110 rows, 4511 columns, 31440 nonzeros
Root relaxation presolved model has 301 quadratic objective terms

Extra simplex iterations after uncrush: 113

Root relaxation: objective 3.897926e+00, 14755 iterations, 0.85 seconds (1.19 work units)

    Nodes    |    Current Node    |     Objective Bounds      |     Work
 Expl Unexpl |  Obj  Depth IntInf | Incumbent    BestBd   Gap | It/Node Time

     0     0    3.89793    0  817          -    3.89793      -     -    1s
     0     0    4.14221    0  815          -    4.14221      -     -    2s
     0     0    4.14221    0  756          -    4.14221      -     -    2s
     0     0    4.26957    0  777          -    4.26957      -     -    3s
     0     0    4.28629    0  716          -    4.28629      -     -    4s
     0     0    4.28706    0  715          -    4.28706      -     -    4s
     0     0    4.28736    0  718          -    4.28736      -     -    4s
     0     0    4.28742    0  718          -    4.28742      -     -    4s
     0     0    4.32212    0  756          -    4.32212      -     -    5s
     0     0    4.32976    0  771          -    4.32976      -     -    5s
     0     0    4.33082    0  764          -    4.33082      -     -    5s
     0     0    4.33106    0  792          -    4.33106      -     -    5s
     0     0    4.36491    0  779          -    4.36491      -     -    7s
     0     0    4.37750    0  733          -    4.37750      -     -    8s
     0     0    4.37914    0  735          -    4.37914      -     -    8s
     0     0    4.37944    0  730          -    4.37944      -     -    8s
     0     0    4.37969    0  730          -    4.37969      -     -    8s
H    0     0                       4.8197824    4.41794  8.34%     -   10s
H    0     0                       4.8197823    4.41794  8.34%     -   10s
     0     0    4.41794    0  781    4.81978    4.41794  8.34%     -   10s
     0     0    4.42493    0  762    4.81978    4.42493  8.19%     -   11s
     0     0    4.42770    0  805    4.81978    4.42770  8.13%     -   11s
     0     0    4.42846    0  807    4.81978    4.42846  8.12%     -   11s
     0     0    4.42861    0  802    4.81978    4.42861  8.12%     -   11s
H    0     0                       4.8174421    4.45016  7.62%     -   14s
H    0     0                       4.8174421    4.45016  7.62%     -   14s
     0     0    4.45016    0  713    4.81744    4.45016  7.62%     -   14s
H    0     0                       4.8121091    4.45298  7.46%     -   14s
     0     0    4.45298    0  744    4.81211    4.45298  7.46%     -   14s
H    0     0                       4.8115876    4.45325  7.45%     -   14s
     0     0    4.45325    0  693    4.81159    4.45325  7.45%     -   14s
H    0     0                       4.8113523    4.45325  7.44%     -   16s
H    0     0                       4.8049234    4.45325  7.32%     -   16s
     0     0    4.46786    0  798    4.80492    4.46786  7.01%     -   18s
     0     0    4.47392    0  732    4.80492    4.47392  6.89%     -   18s
     0     0    4.47453    0  730    4.80492    4.47453  6.88%     -   18s
     0     0    4.47463    0  733    4.80492    4.47463  6.87%     -   19s
     0     0    4.48711    0  753    4.80492    4.48711  6.61%     -   20s
     0     0    4.48876    0  783    4.80492    4.48876  6.58%     -   20s
     0     0    4.48902    0  784    4.80492    4.48902  6.57%     -   21s
     0     0    4.49694    0  745    4.80492    4.49694  6.41%     -   22s
     0     0    4.49858    0  750    4.80492    4.49858  6.38%     -   22s
     0     0    4.49883    0  793    4.80492    4.49883  6.37%     -   22s
     0     0    4.51017    0  800    4.80492    4.51017  6.13%     -   24s
     0     0    4.51209    0  809    4.80492    4.51209  6.09%     -   24s
     0     0    4.51274    0  810    4.80492    4.51274  6.08%     -   24s
     0     0    4.51283    0  808    4.80492    4.51283  6.08%     -   24s
     0     0    4.52390    0  808    4.80492    4.52390  5.85%     -   26s
     0     0    4.52635    0  825    4.80492    4.52635  5.80%     -   26s
     0     0    4.52653    0  823    4.80492    4.52653  5.79%     -   27s
     0     0    4.53854    0  768    4.80492    4.53854  5.54%     -   28s
H    0     0                       4.8049231    4.53854  5.54%     -   29s
     0     0    4.54050    0  769    4.80492    4.54050  5.50%     -   29s
     0     0    4.54073    0  776    4.80492    4.54073  5.50%     -   29s
     0     0    4.54629    0  773    4.80492    4.54629  5.38%     -   31s
     0     0    4.54852    0  780    4.80492    4.54852  5.34%     -   31s
     0     0    4.54885    0  791    4.80492    4.54885  5.33%     -   31s
     0     0    4.55286    0  825    4.80492    4.55286  5.25%     -   33s
H    0     0                       4.8048844    4.55286  5.25%     -   33s
     0     0    4.55379    0  784    4.80488    4.55379  5.23%     -   33s
     0     0    4.55404    0  784    4.80488    4.55404  5.22%     -   33s
     0     0    4.55637    0  831    4.80488    4.55637  5.17%     -   34s
     0     2    4.55713    0  831    4.80488    4.55713  5.16%     -   38s
     3     5     cutoff    2         4.80488    4.58264  4.63%  1241   41s
    12    18    4.64639    4  663    4.80488    4.61664  3.92%  2038   45s
H   40    64                       4.8047508    4.63160  3.60%  1935   56s
H   43    64                       4.8046592    4.63437  3.54%  2398   56s
H   45    64                       4.8038314    4.63437  3.53%  2351   56s
H   49    64                       4.8036931    4.63437  3.52%  2283   56s
H   65    64                       4.8027420    4.63437  3.51%  1792   57s
    72    91    4.67218    7  659    4.80274    4.63437  3.51%  1738   60s
H  104   119                       4.8027419    4.63437  3.51%  2518   63s
H  105   119                       4.8014848    4.63437  3.48%  2495   63s
H  107   119                       4.7990005    4.63437  3.43%  2468   63s
H  122   119                       4.7990005    4.63437  3.43%  2280   63s
H  131   119                       4.7939934    4.63437  3.33%  2198   63s
H  132   119                       4.7850003    4.63437  3.15%  2186   63s
   136   134    4.67334    9  660    4.78500    4.63437  3.15%  2193   65s
H  168   155                       4.7845469    4.63437  3.14%  1851   98s
H  179   155                       4.7840621    4.63437  3.13%  1781   98s
H  187   155                       4.7783424    4.63437  3.01%  1737   98s
H  203   163                       4.7754771    4.63437  2.95%  1648  130s
H  204   163                       4.7649392    4.63437  2.74%  1649  130s
H  207   163                       4.7641861    4.63437  2.72%  1646  130s
H  221   163                       4.7616570    4.63437  2.67%  1578  130s
H  242   163                       4.7610853    4.63437  2.66%  1512  130s
   342   239    4.69364   13  695    4.76109    4.63437  2.66%  1392  145s
   491   336    4.70277   17  687    4.76109    4.63437  2.66%  1165  150s
   683   420    4.71304   19  662    4.76109    4.63437  2.66%   965  155s
   795   498    4.71469   19  719    4.76109    4.63437  2.66%   951  161s
  1012   641    4.72872   20  645    4.76109    4.63437  2.66%   838  165s
  1102   714    4.73163   21  709    4.76109    4.63437  2.66%   828  170s
  1212   829    4.73617   21  695    4.76109    4.63437  2.66%   803  179s
H 1379   857                       4.7604621    4.63437  2.65%   749  213s
H 1382   857                       4.7604498    4.63437  2.65%   748  213s
H 1388   857                       4.7604404    4.63437  2.65%   747  213s
H 1393   857                       4.7604401    4.63437  2.65%   745  213s
  1413   995    4.73555   22  661    4.76044    4.63437  2.65%   742  216s
  1814  1323    4.74490   29  639    4.76044    4.63437  2.65%   640  221s
  2010  1567    4.74816   41  598    4.76044    4.63437  2.65%   604  225s
  2539  1901    4.75805   62  550    4.76044    4.63437  2.65%   527  232s
  2767  2039     cutoff   66         4.76044    4.64107  2.51%   512  235s
H 2959  2008                       4.7586152    4.64107  2.47%   506  343s
H 2961  1895                       4.7586151    4.64107  2.47%   505  345s
  2965  1897    4.75833   61  815    4.75862    4.64107  2.47%   505  351s
  2970  1901    4.73899   31  746    4.75862    4.64107  2.47%   504  356s
  2973  1903    4.74896   59  715    4.75862    4.64107  2.47%   503  360s
  2977  1905    4.73990   66  772    4.75862    4.64107  2.47%   503  366s
  2982  1909    4.70394   11  729    4.75862    4.64107  2.47%   502  370s
  2989  1913    4.75746  144  709    4.75862    4.64107  2.47%   501  375s
  2993  1916    4.73120   15  712    4.75862    4.64107  2.47%   500  381s
  2996  1921    4.69426   12  667    4.75862    4.64107  2.47%   523  411s
  2998  1922    4.69492   13  666    4.75862    4.64985  2.29%   523  440s
  3002  1927    4.70174   14  765    4.75862    4.65248  2.23%   525  445s
  3008  1933     cutoff   15         4.75862    4.65652  2.15%   528  453s
  3020  1940    4.69123   16  670    4.75862    4.67200  1.82%   538  456s
  3103  1977    4.71624   19  652    4.75862    4.67577  1.74%   558  471s
H 3104  1880                       4.7581385    4.67577  1.73%   558  471s
H 3106  1788                       4.7577184    4.67577  1.72%   559  471s
H 3108  1701                       4.7573993    4.67577  1.72%   559  471s
H 3109  1617                       4.7553730    4.67577  1.67%   560  471s
H 3114  1537                       4.7545348    4.67577  1.66%   562  471s
H 3167  1457                       4.7545347    4.67739  1.62%   572  505s
H 3171  1385                       4.7480008    4.67739  1.49%   573  505s
  3286  1339    4.73801   22  607    4.74800    4.67739  1.49%   586  510s
  3387  1349    4.74306   25  523    4.74800    4.67739  1.49%   600  519s
  3443  1367    4.74667   27  518    4.74800    4.67739  1.49%   617  521s
  3605  1457 infeasible   20         4.74800    4.67872  1.46%   617  532s
  3948  1558    4.73474   25  639    4.74800    4.67872  1.46%   609  542s
  4060  1592    4.73533   26  639    4.74800    4.67872  1.46%   615  545s
H 4181  1499                       4.7461894    4.67872  1.42%   610  555s
H 4183  1434                       4.7461889    4.67872  1.42%   610  555s
H 4201  1368                       4.7461887    4.67872  1.42%   611  555s

Cutting planes:
  Gomory: 283
  Cover: 102
  Implied bound: 160
  Projected implied bound: 1
  Clique: 59
  MIR: 2234
  StrongCG: 42
  Flow cover: 3537
  Zero half: 2
  Relax-and-lift: 533

Explored 4226 nodes (2647277 simplex iterations) in 555.64 seconds (1134.19 work units)
Thread count was 32 (of 96 available processors)

Solution count 10: 4.74619 4.74619 4.74619 ... 4.75814

Solve interrupted
Best objective 4.746188676974e+00, best bound 4.678720132787e+00, gap 1.4215%
