
Gurobi 9.5.1 (mac64[x86]) logging started Sat Jun 11 20:02:36 2022

Set parameter LogFile to value "/Users/keyvanmajd/Documents/GitHub/NNRepLayer_v2/demos/walking_example/flow_constraint/repair_net/logs/opt_log_6_11_2022_19_56_42.log"
Gurobi Optimizer version 9.5.1 build v9.5.1rc2 (mac64[x86])
Thread count: 4 physical cores, 8 logical processors, using up to 8 threads
Optimize a model with 79512 rows, 49357 columns and 235576 nonzeros
Model fingerprint: 0xcb58bd83
Model has 301 quadratic objective terms
Variable types: 20557 continuous, 28800 integer (28800 binary)
Coefficient statistics:
  Matrix range     [3e-03, 5e+01]
  Objective range  [3e-03, 4e-01]
  QObjective range [7e-02, 2e+00]
  Bounds range     [1e-01, 5e+01]
  RHS range        [2e-04, 5e+01]
Presolve removed 70060 rows and 40208 columns
Presolve time: 0.65s
Presolved: 9452 rows, 9149 columns, 53963 nonzeros
Presolved model has 301 quadratic objective terms
Variable types: 6351 continuous, 2798 integer (2798 binary)
Found heuristic solution: objective 37.2563763
Root relaxation presolve removed 2791 rows and 2791 columns
Root relaxation presolved: 6661 rows, 6358 columns, 48381 nonzeros
Root relaxation presolved model has 301 quadratic objective terms

Extra simplex iterations after uncrush: 143

Root relaxation: objective 1.560734e+01, 15851 iterations, 0.92 seconds (1.49 work units)

    Nodes    |    Current Node    |     Objective Bounds      |     Work
 Expl Unexpl |  Obj  Depth IntInf | Incumbent    BestBd   Gap | It/Node Time

     0     0   15.60734    0 1376   37.25638   15.60734  58.1%     -    2s
H    0     0                      37.2375111   15.60734  58.1%     -    2s
     0     0   15.77098    0 1403   37.23751   15.77098  57.6%     -    3s
     0     0   16.03051    0 1241   37.23751   16.03051  57.0%     -    4s
     0     0   17.61259    0 1236   37.23751   17.61259  52.7%     -    5s
     0     0   18.01066    0 1193   37.23751   18.01066  51.6%     -    7s
     0     0   18.13907    0 1180   37.23751   18.13907  51.3%     -    8s
     0     0   18.13907    0 1181   37.23751   18.13907  51.3%     -    8s
     0     0   18.13907    0 1189   37.23751   18.13907  51.3%     -    8s
     0     0   18.13907    0 1190   37.23751   18.13907  51.3%     -    8s
     0     0   18.69239    0 1207   37.23751   18.69239  49.8%     -   10s
     0     0   19.00819    0 1193   37.23751   19.00819  49.0%     -   11s
     0     0   19.87782    0 1197   37.23751   19.87782  46.6%     -   11s
     0     0   19.87782    0 1193   37.23751   19.87782  46.6%     -   11s
     0     0   19.87782    0 1187   37.23751   19.87782  46.6%     -   11s
     0     0   19.89207    0 1188   37.23751   19.89207  46.6%     -   12s
     0     0   19.89207    0 1190   37.23751   19.89207  46.6%     -   12s
     0     0   19.89207    0 1188   37.23751   19.89207  46.6%     -   12s
     0     0   20.06197    0 1145   37.23751   20.06197  46.1%     -   14s
H    0     0                      37.2195759   20.06197  46.1%     -   15s
H    0     2                      37.1071286   20.06197  45.9%     -   17s
     0     2   20.06197    0 1145   37.10713   20.06197  45.9%     -   17s
     1     4   20.06197    1 1114   37.10713   20.06197  45.9%  1783   22s
     3     8   20.06197    2 1241   37.10713   20.06197  45.9%  3960   26s
    15    18   20.28871    4 1224   37.10713   20.06197  45.9%  2823   31s
    23    27   21.12123    6 1206   37.10713   20.27632  45.4%  2836   35s
    66    64   21.46232   14 1222   37.10713   20.27632  45.4%  1276   40s
    97    92   21.49639   18 1220   37.10713   20.27632  45.4%  1064   45s
   180   161   24.28202   26 1147   37.10713   20.27632  45.4%   737   50s
   328   295   25.19003   47 1251   37.10713   20.27632  45.4%   475   55s
H  627   506                      36.6737716   20.27632  44.7%   275   59s
H  653   510                      36.3029623   20.27632  44.1%   266   62s
H  658   510                      36.2762913   20.27632  44.1%   265   62s
H  660   510                      34.6246234   20.27632  41.4%   264   62s
   756   633     cutoff   86        34.62462   20.27632  41.4%   235   67s
H  778   632                      32.9377401   20.27632  38.4%   229   67s
  1184   970   25.81411  120 1169   32.93774   20.27632  38.4%   159   70s
  1426  1073   26.81472  152  955   32.93774   20.27632  38.4%   138   76s
H 1436   880                      31.9487217   20.27632  36.5%   137   76s
  1790  1181   27.67715  166 1065   31.94872   20.27632  36.5%   125   80s
  2236  1566   28.05680  257  969   31.94872   20.27632  36.5%   114   85s
  2839  2331   28.46006  361  800   31.94872   20.27632  36.5%  97.7   91s
H 3153  1822                      29.4249338   20.27632  31.1%  88.6   91s
  3719  2204   28.83807  572  564   29.42493   20.27632  31.1%  77.2   95s
H 3978  2184                      29.4239131   20.27632  31.1%  73.3   95s
H 4040  2163                      29.4239125   20.27632  31.1%  73.8  105s
H 4042  2056                      29.4196124   20.27632  31.1%  73.8  108s
  4045  2058   28.83807  574 1405   29.41961   20.27632  31.1%  73.7  110s
  4050  2061   25.30806   17 1413   29.41961   20.27632  31.1%  73.7  115s
  4054  2064   28.15521  267 1705   29.41961   20.27632  31.1%  73.6  120s
  4057  2066   28.87320  710 1670   29.41961   20.27632  31.1%  73.5  125s
  4059  2067   28.87388  685 1702   29.41961   21.04138  28.5%  73.5  131s
  4061  2068   29.41961  632 1679   29.41961   21.19488  28.0%  73.5  135s
  4063  2070   28.84941  674 1737   29.41961   21.26786  27.7%  73.4  140s
  4065  2071   26.98416  158 1763   29.41961   21.94543  25.4%  73.4  145s
  4068  2073   28.25481  330 1757   29.41961   23.07833  21.6%  73.3  153s
  4069  2074   28.83807  578 1785   29.41961   23.07833  21.6%  73.3  155s
  4072  2076   28.25481  295 1876   29.41961   23.61882  19.7%  73.3  161s
H 4072  1972                      29.4196122   23.78544  19.2%  73.3  164s
  4074  1973   27.88208  280 1916   29.41961   23.91439  18.7%  73.2  166s
  4075  1974   28.25481  355 1886   29.41961   24.12015  18.0%  73.2  170s
  4077  1975   28.14887  365 1878   29.41961   24.43843  16.9%  73.2  176s
  4079  1976   28.84659  510 1903   29.41961   24.67766  16.1%  73.1  180s
  4080  1977   29.41961  594 1907   29.41961   24.91725  15.3%  73.1  185s
H 4080  1877                      29.4195735   25.00971  15.0%  73.1  189s
  4082  1878   27.77634  115 1959   29.41957   25.00971  15.0%  73.1  191s
  4083  1879   28.46006  341 1975   29.41957   25.25816  14.1%  73.1  196s
  4084  1880   27.88208  284 1934   29.41957   25.41289  13.6%  73.0  200s
  4085  1880   28.32739  449 1976   29.41957   25.48420  13.4%  73.0  205s
  4086  1881   28.84938  484 1943   29.41957   25.50849  13.3%  73.0  259s
H 4087  1787                      29.4195733   25.50849  13.3%  73.0  263s
  4091  1794   25.50849   14 1964   29.41957   25.50849  13.3%   107  276s
  4107  1801   26.49557   16 1878   29.41957   25.54943  13.2%   114  280s
  4126  1808   25.58480   19 1898   29.41957   25.56449  13.1%   115  285s
  4142  1814   26.66529   21 1793   29.41957   25.58603  13.0%   121  291s
  4160  1821     cutoff   23        29.41957   25.58603  13.0%   125  296s
  4177  1826   26.43117   24 1595   29.41957   25.58603  13.0%   127  300s
H 4183  1737                      29.4195733   25.58603  13.0%   129  301s
H 4189  1650                      29.3970821   25.58603  13.0%   130  301s
  4222  1652   26.90934   28 1471   29.39708   25.58603  13.0%   132  307s
  4239  1654   26.94506   31 1454   29.39708   25.58603  13.0%   136  310s
  4286  1676   26.96863   37 1445   29.39708   25.58603  13.0%   140  315s
  4341  1676   27.22233   41 1409   29.39708   25.58603  13.0%   145  323s
  4349  1677   27.76486   41 1347   29.39708   25.58603  13.0%   148  325s
  4393  1684   27.23370   43 1408   29.39708   25.58603  13.0%   150  330s
  4422  1673   27.27590   46 1383   29.39708   25.58603  13.0%   151  440s
  4452  1685   27.32067   49 1365   29.39708   25.58603  13.0%   153  445s
  4524  1673   27.34108   54 1361   29.39708   25.58603  13.0%   155  451s
  4553  1670   27.34865   59 1353   29.39708   25.58603  13.0%   158  455s
H 4557  1587                      29.3970097   25.58603  13.0%   158  455s
H 4607  1510                      29.3970063   25.58603  13.0%   161  459s
H 4607  1436                      29.3970057   25.58603  13.0%   161  459s
  4611  1445     cutoff   64        29.39701   25.58603  13.0%   162  462s
H 4653  1380                      29.3863566   25.58603  12.9%   164  466s
H 4661  1310                      29.3860534   25.58603  12.9%   164  466s
  4677  1321 infeasible   73        29.38605   25.58603  12.9%   164  488s
H 4689  1254                      29.3860528   25.58603  12.9%   164  488s
H 4720  1184                      29.3847072   25.58603  12.9%   165  488s
  4721  1199   27.48498   80 1239   29.38471   25.58603  12.9%   165  492s
H 4778  1142                      29.3833839   25.58603  12.9%   167  499s
H 4789  1085                      29.3830623   25.58603  12.9%   169  499s
H 4814  1058                      29.3623949   25.58603  12.9%   170  505s
H 4859   996                      29.2245960   25.58603  12.5%   171  512s
H 4859   884                      28.7852176   25.58603  11.1%   171  512s
  4869   895     cutoff   86        28.78522   25.58603  11.1%   172  517s
H 4925   832                      28.7845874   25.58603  11.1%   173  517s
  4935   845   28.33758   91 1128   28.78459   25.58603  11.1%   174  523s
H 4952   795                      28.7724385   25.58603  11.1%   174  523s
H 4954   752                      28.7247210   25.58603  10.9%   174  523s
  5004   744     cutoff  101        28.72472   25.58603  10.9%   175  527s
H 5062   684                      28.7040188   25.58603  10.9%   176  551s
H 5066   646                      28.7040188   25.58603  10.9%   176  551s
H 5068   608                      28.6953793   25.58603  10.8%   176  551s
  5069   627     cutoff  112        28.69538   25.58603  10.8%   176  556s
H 5071   595                      28.6953526   25.58603  10.8%   176  556s
H 5087   557                      28.6947923   25.58603  10.8%   176  556s
H 5127   511                      28.6874087   25.58603  10.8%   176  556s
  5129   534   28.48038  121 1061   28.68741   25.58603  10.8%   177  561s
  5219   516     cutoff  148        28.68741   25.58985  10.8%   179  569s
  5327   488   26.59196   16 1671   28.68741   25.62829  10.7%   182  574s
  5338   499   27.30018   18 1563   28.68741   25.62829  10.7%   186  580s
  5368   505   28.57559   28 1183   28.68741   25.99925  9.37%   190  589s
  5403   521   26.35404   19 1732   28.68741   26.00115  9.36%   194  596s
  5447   527   26.82966   21 1590   28.68741   26.00115  9.36%   198  602s
  5490   537   27.21579   32 1510   28.68741   26.00115  9.36%   202  611s
H 5552   492                      28.6874002   26.00115  9.36%   206  632s
H 5553   470                      28.6863929   26.00115  9.36%   207  632s
  5556   549   27.69394   54 1296   28.68639   26.00115  9.36%   208  639s
  5671   633   28.11221  113 1153   28.68639   26.25997  8.46%   208  647s
  5845   649   27.70423   20 1613   28.68639   26.25997  8.46%   209  654s
  5892   675   28.08707   23 1662   28.68639   26.25997  8.46%   213  663s
  5942   713   28.25139   26 1518   28.68639   26.25997  8.46%   217  670s
  6013   728   28.49672   44 1365   28.68639   26.32289  8.24%   220  681s
  6067   765   28.47594   26 1551   28.68639   26.32289  8.24%   225  689s
  6135   793   28.48650   26 1676   28.68639   26.38744  8.01%   229  700s
  6197   797   26.69234   22 1599   28.68639   26.39707  7.98%   236  709s
  6225   837   27.28889   25 1314   28.68639   26.39707  7.98%   242  719s
  6317   925   27.63086   44 1321   28.68639   26.48242  7.68%   247  733s
  6445   978   27.80106   23 1535   28.68639   26.51778  7.56%   250  745s
H 6567  1001                      28.6863914   26.51778  7.56%   254  759s
  6599  1010     cutoff   47        28.68639   26.56940  7.38%   258  769s
  6642  1026   27.66145   30 1352   28.68639   26.58998  7.31%   263  783s
  6699  1043   27.55685   27 1544   28.68639   26.62207  7.20%   272  794s
  6742  1070   27.58943   77 1219   28.68639   26.66572  7.04%   277  806s
  6803  1136   27.21727   25 1542   28.68639   26.74001  6.79%   283  819s
  6922  1158   28.16767   47 1251   28.68639   26.76270  6.71%   286  832s
  7002  1254     cutoff   24        28.68639   26.83104  6.47%   292  846s
  7132  1360   27.66969   23 1450   28.68639   26.83104  6.47%   296  861s
  7286  1367   28.62214   46 1296   28.68639   26.83707  6.45%   299  900s
  7330  1399   28.29049   23 1600   28.68639   26.85194  6.39%   301  914s
H 7349  1399                      28.6863908   26.92122  6.15%   304  914s
  7403  1434     cutoff   31        28.68639   26.94008  6.09%   306  931s
H 7405  1434                      28.6863904   26.94008  6.09%   306  931s
H 7413  1434                      28.6863884   26.94008  6.09%   307  931s
  7468  1472   27.90741   24 1493   28.68639   26.94008  6.09%   311  948s
  7571  1476   28.53724   41 1332   28.68639   27.04091  5.74%   317  964s
  7623  1510   27.96790   29 1487   28.68639   27.11683  5.47%   325  981s
  7734  1561   27.75399   46 1324   28.68639   27.12505  5.44%   332 1001s
H 7771  1561                      28.6860459   27.12505  5.44%   332 1001s
  7878  1629   27.28561   30 1577   28.68605   27.12505  5.44%   335 1020s
  7996  1770     cutoff   43        28.68605   27.12505  5.44%   340 1041s
H 8203  1842                      28.6860250   27.12505  5.44%   343 1061s
  8344  1976   28.37305   37 1322   28.68602   27.16988  5.29%   348 1087s
H 8367  1976                      28.6860239   27.16988  5.29%   349 1087s
  8523  2071   27.73583   33 1344   28.68602   27.17374  5.27%   351 1108s
H 8683  2156                      28.6860230   27.17374  5.27%   355 1132s
  8855  2235 infeasible   48        28.68602   27.21305  5.13%   360 1162s
H 8856  2235                      28.6859043   27.21305  5.13%   360 1162s
H 8970  2235                      28.6857880   27.21305  5.13%   361 1162s
  9037  2311   28.64764   67 1081   28.68579   27.21727  5.12%   364 1187s
  9194  2430   27.69812   37 1266   28.68579   27.22770  5.08%   370 1214s
H 9203  2430                      28.6857879   27.22770  5.08%   371 1214s
H 9285  2430                      28.6857858   27.22844  5.08%   371 1214s
H 9413  2430                      28.6857058   27.24940  5.01%   372 1214s
  9425  2461   28.29121   53 1208   28.68571   27.25213  5.00%   375 1240s
  9509  2557     cutoff   25        28.68571   27.26803  4.94%   382 1268s
H 9594  2557                      28.6857021   27.26803  4.94%   382 1268s
  9722  2572   28.64257  115 1032   28.68570   27.28542  4.88%   387 1313s
H 9754  2572                      28.6857014   27.28542  4.88%   388 1313s
  9760  2748   28.64324  116 1031   28.68570   27.28669  4.88%   389 1342s
 10034  2757   28.27457   20 1447   28.68570   27.29528  4.85%   395 1356s

Cutting planes:
  Gomory: 548
  Cover: 119
  Implied bound: 652
  Projected implied bound: 11
  Clique: 207
  MIR: 4625
  StrongCG: 153
  Flow cover: 7096
  Zero half: 2
  RLT: 24
  Relax-and-lift: 1287
  BQP: 5
  PSD: 30

Explored 10069 nodes (4029264 simplex iterations) in 1356.50 seconds (2877.44 work units)
Thread count was 8 (of 8 available processors)

Solution count 10: 28.6857 28.6857 28.6858 ... 28.6874

Solve interrupted
Best objective 2.868570143839e+01, best bound 2.729528295765e+01, gap 4.8471%
