
Gurobi 9.5.1 (linux64) logging started Sat 11 Jun 2022 08:04:17 PM MST

Set parameter LogFile to value "/home/local/ASUAD/kmajd1/NNRepLayer_v2/demos/walking_example/flow_constraint/repair_net/logs/opt_log_6_11_2022_20_0_41.log"
Gurobi Optimizer version 9.5.1 build v9.5.1rc2 (linux64)
Thread count: 48 physical cores, 96 logical processors, using up to 32 threads
Optimize a model with 156312 rows, 97357 columns and 748440 nonzeros
Model fingerprint: 0xbed878bb
Model has 301 quadratic objective terms
Variable types: 39757 continuous, 57600 integer (57600 binary)
Coefficient statistics:
  Matrix range     [2e-04, 5e+01]
  Objective range  [1e-02, 3e-01]
  QObjective range [7e-02, 2e+00]
  Bounds range     [8e-02, 5e+01]
  RHS range        [2e-03, 5e+01]
Presolve removed 124420 rows and 66307 columns
Presolve time: 1.98s
Presolved: 31892 rows, 31050 columns, 221368 nonzeros
Presolved model has 301 quadratic objective terms
Variable types: 21254 continuous, 9796 integer (9796 binary)
Root relaxation presolve removed 9735 rows and 9735 columns
Root relaxation presolved: 22157 rows, 21315 columns, 201898 nonzeros
Root relaxation presolved model has 301 quadratic objective terms


Root simplex log...

Iteration    Objective       Primal Inf.    Dual Inf.      Time
   20002    3.9012362e+00   3.659807e+02   0.000000e+00      5s
   33293    3.9012853e+00   0.000000e+00   0.000000e+00      9s
   33308    3.9012853e+00   0.000000e+00   0.000000e+00      9s
Extra simplex iterations after uncrush: 15

Root relaxation: objective 3.901285e+00, 33308 iterations, 6.69 seconds (20.23 work units)

    Nodes    |    Current Node    |     Objective Bounds      |     Work
 Expl Unexpl |  Obj  Depth IntInf | Incumbent    BestBd   Gap | It/Node Time

     0     0    3.90129    0 2713          -    3.90129      -     -   11s
     0     0    3.90145    0 2877          -    3.90145      -     -   31s
     0     0    3.90145    0 3102          -    3.90145      -     -   34s
     0     0    3.90270    0 3241          -    3.90270      -     -   41s
     0     0    3.90270    0 3252          -    3.90270      -     -   45s
     0     0    3.90561    0 3115          -    3.90561      -     -   56s
     0     0    3.90561    0 3196          -    3.90561      -     -   61s
     0     0    3.90784    0 3184          -    3.90784      -     -   75s
     0     0    3.90987    0 2929          -    3.90987      -     -   86s
     0     0    3.91182    0 3193          -    3.91182      -     -  101s
     0     0    3.92128    0 3291          -    3.92128      -     -  115s
     0     0    3.92333    0 3191          -    3.92333      -     -  128s
     0     0    3.92351    0 3025          -    3.92351      -     -  131s
     0     0    3.92407    0 3178          -    3.92407      -     -  138s
     0     0    3.92407    0 2990          -    3.92407      -     -  140s
     0     0    3.92447    0 3014          -    3.92447      -     -  148s
     0     0    3.92447    0 2970          -    3.92447      -     -  149s
     0     0    3.92498    0 2951          -    3.92498      -     -  152s
     0     0    3.92498    0 2997          -    3.92498      -     -  154s
     0     0    3.92498    0 2993          -    3.92498      -     -  159s
     0     0    3.92519    0 2915          -    3.92519      -     -  163s
     0     0    3.92519    0 2900          -    3.92519      -     -  167s
     0     0    3.92519    0 2997          -    3.92519      -     -  170s
     0     0    3.92532    0 2881          -    3.92532      -     -  175s
     0     0    3.92552    0 2908          -    3.92552      -     -  178s
     0     0    3.92552    0 2885          -    3.92552      -     -  184s
     0     0    3.92552    0 2894          -    3.92552      -     -  186s
     0     0    3.92555    0 2896          -    3.92555      -     -  192s
     0     0    3.92555    0 2869          -    3.92555      -     -  194s
     0     0    3.92556    0 2824          -    3.92556      -     -  199s
     0     0    3.92556    0 2841          -    3.92556      -     -  201s
     0     0    3.92557    0 2820          -    3.92557      -     -  206s
     0     0    3.92557    0 2859          -    3.92557      -     -  208s
     0     0    3.92557    0 2836          -    3.92557      -     -  219s
     0     2    3.92557    0 2836          -    3.92557      -     -  286s
     1     4    3.92927    1 2829          -    3.92630      -  6934  302s
     3     8    3.93243    2 2832          -    3.93243      -  6170  316s
     7    16    4.36824    3 2900          -    3.93245      -  5850  330s
    15    24    4.36824    4 2895          -    3.93341      -  3844  441s
    31    40 infeasible    5               -    3.93793      -  4554  692s
    55    68    3.95339    6 2782          -    3.94270      -  4918  698s
    87    96    3.97744    7 2764          -    3.95346      -  3869  703s
   119   118 infeasible    7               -    3.96516      -  3528  707s
   151   146    3.98481    8 2806          -    3.96841      -  3266  711s
   228   220    3.99153    9 2724          -    3.97723      -  2833  718s
   277   257    4.00411   11 2740          -    3.97723      -  2589  723s
   328   304    4.01116   13 2781          -    3.97723      -  2334  726s
   449   400    4.06481   16 2783          -    3.97723      -  1976  730s
   588   506    4.04050   18 2789          -    3.97723      -  1709  737s
   665   580    4.05204   19 2788          -    3.97723      -  1635  743s
   751   646    4.06188   23 2809          -    3.97723      -  1538  750s
   940   848    4.07954   25 2797          -    3.97723      -  1362  755s
  1066   957    4.08225   26 2812          -    3.97723      -  1273  776s
  1338  1208    4.10798   32 2755          -    3.97723      -  1152  930s
  1742  1557    4.11574   48 2694          -    3.97723      -  1060  938s
  1967  1714    4.11588   55 2702          -    3.97723      -   988  941s
  2446  2078    4.11588   68 2682          -    3.97723      -   868 1000s
  2700  2331    4.11588   81 2639          -    3.97723      -   848 1007s
  3049  2629    4.11588   92 2624          -    3.97723      -   782 1013s
  3425  2876    4.14862   99 2573          -    3.97723      -   724 1038s
  3786  3142    4.22159  102 2630          -    3.97723      -   704 1043s
  4178  3505    4.25911  124 2470          -    3.97723      -   662 1047s
  4729  3902    4.17047  136 2524          -    3.97723      -   603 1067s
  5290  4321    4.17047  163 2444          -    3.97723      -   567 1073s
  5925  4797    4.17047  188 2412          -    3.97723      -   536 1083s
  6587  5315    4.17047  224 2377          -    3.97723      -   505 1089s
  7348  5869    4.17047  262 2352          -    3.97723      -   464 1098s
  8114  6387    4.17047  290 2317          -    3.97723      -   434 1104s
  8830  6965    4.17047  314 2277          -    3.97723      -   417 1113s
  9642  7419    4.31900  345 2390          -    3.97723      -   399 1146s
 10312  7992    4.17047  347 2273          -    3.97723      -   397 1155s
 11159  8562    4.17047  383 2241          -    3.97723      -   384 1169s
 11981  9144    4.17047  395 2228          -    3.97723      -   373 1177s
 12805  9553    4.17047  416 2206          -    3.97723      -   369 1185s
 13511 10073    4.17047  431 2189          -    3.97723      -   366 1192s
 14365 10730    4.17047  432 2188          -    3.97723      -   355 1200s
 15299 10732    4.26933   41 2731          -    3.97723      -   345 1215s
 15300 10733    4.27304   85 3383          -    3.97723      -   345 1223s

Cutting planes:
  Cover: 442
  Implied bound: 372
  Projected implied bound: 9
  Clique: 942
  MIR: 479
  StrongCG: 9
  Flow cover: 538
  Zero half: 7
  Network: 3
  RLT: 14
  Relax-and-lift: 152
  BQP: 1

Explored 15300 nodes (5847805 simplex iterations) in 1573.26 seconds (3137.27 work units)
Thread count was 32 (of 96 available processors)

Solution count 0

Solve interrupted
Best objective -, best bound 3.977232941761e+00, gap -
