
Gurobi 9.5.1 (linux64) logging started Sat 11 Jun 2022 07:48:51 PM MST

Set parameter LogFile to value "/home/local/ASUAD/kmajd1/NNRepLayer_v2/demos/walking_example/flow_constraint/repair_net/logs/opt_log_6_11_2022_19_47_17.log"
Gurobi Optimizer version 9.5.1 build v9.5.1rc2 (linux64)
Thread count: 48 physical cores, 96 logical processors, using up to 32 threads
Optimize a model with 53512 rows, 33157 columns and 252328 nonzeros
Model fingerprint: 0x4b23ca0a
Model has 101 quadratic objective terms
Variable types: 13957 continuous, 19200 integer (19200 binary)
Coefficient statistics:
  Matrix range     [2e-04, 5e+01]
  Objective range  [4e-02, 7e-01]
  QObjective range [2e-01, 2e+00]
  Bounds range     [1e-01, 5e+01]
  RHS range        [2e-03, 5e+01]
Presolve removed 39779 rows and 20209 columns
Presolve time: 0.71s
Presolved: 13733 rows, 12948 columns, 93016 nonzeros
Presolved model has 101 quadratic objective terms
Variable types: 8974 continuous, 3974 integer (3974 binary)
Root relaxation presolve removed 3970 rows and 3970 columns
Root relaxation presolved: 9763 rows, 8978 columns, 85076 nonzeros
Root relaxation presolved model has 101 quadratic objective terms


Root relaxation: objective 3.226257e+00, 12692 iterations, 1.16 seconds (2.96 work units)

    Nodes    |    Current Node    |     Objective Bounds      |     Work
 Expl Unexpl |  Obj  Depth IntInf | Incumbent    BestBd   Gap | It/Node Time

     0     0    3.22626    0 1020          -    3.22626      -     -    2s
     0     0    3.22626    0 1061          -    3.22626      -     -    8s
     0     0    3.22626    0  981          -    3.22626      -     -    9s
     0     0    3.22626    0  625          -    3.22626      -     -   10s
     0     0    3.22626    0  802          -    3.22626      -     -   11s
     0     0    3.22627    0  808          -    3.22627      -     -   12s
     0     0    3.22627    0  754          -    3.22627      -     -   12s
     0     0    3.22627    0  765          -    3.22627      -     -   13s
     0     0    3.22627    0  776          -    3.22627      -     -   14s
     0     0    3.22627    0  758          -    3.22627      -     -   14s
     0     2    3.22627    0  758          -    3.22627      -     -   33s
     1     4    3.23585    1  932          -    3.22627      -  2435   36s
    15    20    3.23616    4  838          -    3.22627      -  1232   41s
    49    36    3.23616    6  851          -    3.22627      -  1453   51s
    77    52    3.23616    7  863          -    3.22627      -  1719   63s
   109    72    3.23616    8  877          -    3.22628      -  2019   68s
   141    94    3.23616    9  872          -    3.22628      -  1933   74s
   173   150    3.23616   10  870          -    3.22628      -  1863   79s
   233   189    3.23616   12  866          -    3.22628      -  1475   80s
   335   332    3.23616   16  865          -    3.22628      -  1114   86s
   421   419    3.23616   18  864          -    3.22628      -   914   91s
   508   510    3.23616   21  851          -    3.22628      -   790   96s
   714   713    3.23616   24  845          -    3.22628      -   655  100s
   832   835    3.23616   28  831          -    3.22628      -   588  110s
   972   941    3.23616   34  822          -    3.22628      -   560  115s
  1239  1185    3.23616   48  769          -    3.22628      -   518  122s
  1376  1322    3.23616   53  745          -    3.22628      -   501  154s
  1537  1433    3.23616   61  722          -    3.22628      -   508  170s
  1672  1594    3.23616   64  719          -    3.22628      -   544  177s
  1851  1765    3.23616   72  720          -    3.22628      -   543  184s
  2036  1953    3.23616   80  702          -    3.22628      -   532  193s
  2246  2125    3.23616   93  690          -    3.22628      -   513  210s
  2450  2257    3.23616  103  725          -    3.22628      -   550  234s
  2636  2429    3.23616  103  665          -    3.22628      -   570  242s
  2862  2636    3.23616  106  662          -    3.22628      -   569  279s
  3106  2637    3.23497   20  758          -    3.22628      -   579  280s
  3109  2639    3.23616   43 1112          -    3.22628      -   579  287s
  3110  2640    3.23585   46 1202          -    3.22628      -   579  292s
  3112  2641    3.23484   49 1055          -    3.22629      -   578  300s
  3114  2642    3.23585   41 1022          -    3.22666      -   578  305s
  3116  2644    3.23606   12 1064          -    3.22692      -   577  312s
  3118  2645    3.23608   49 1109          -    3.22692      -   577  317s
  3120  2646    3.23542   43 1075          -    3.22692      -   577  323s
  3122  2648    3.23488   63 1068          -    3.22693      -   576  329s
  3123  2648    3.23588   86 1068          -    3.22693      -   576  330s
  3128  2653    3.23616   50 1105          -    3.22693      -   589  338s
  3129  2654    3.23616    9 1184          -    3.22693      -   589  341s
  3131  2655    3.23315   27 1193          -    3.22693      -   589  345s
  3132  2656    3.23588   25 1179          -    3.22693      -   589  351s
  3134  2657    3.23616   42 1188          -    3.22693      -   588  356s
  3136  2659    3.23542   67 1175          -    3.22693      -   588  361s
  3138  2660    3.23488   34 1162          -    3.22694      -   588  366s
H 3140  2527                      34.9539925    3.22694  90.8%   587  380s
H 3140  2401                      34.9539922    3.22694  90.8%   587  380s
  3142  2406    3.22977   21 1133   34.95399    3.22695  90.8%   599  412s
  3144  2409    3.23024   22 1145   34.95399    3.22754  90.8%   599  415s
  3148  2414    3.23053   23 1156   34.95399    3.22756  90.8%   600  424s
  3156  2415 infeasible   24        34.95399    3.22756  90.8%   609  425s
  3170  2412    3.22756   25 1158   34.95399    3.22756  90.8%   612  430s
H 3186  2286                      34.9373523    3.22756  90.8%   626  430s
  3188  2299    3.22756   26 1168   34.93735    3.22756  90.8%   626  436s
  3240  2338    3.23512   28 1127   34.93735    3.22756  90.8%   640  440s
H 3304  2260                      33.4825148    3.22756  90.4%   637  490s
H 3309  2149                      32.6901787    3.22756  90.1%   636  490s
  3400  2210    3.23512   33 1107   32.69018    3.22756  90.1%   624  525s
H 3401  2106                      32.6901785    3.22756  90.1%   624  525s
H 3402  2008                      32.6901785    3.22756  90.1%   624  525s
H 3404  1914                      32.6872754    3.22756  90.1%   624  525s

Cutting planes:
  Gomory: 21
  Cover: 469
  Implied bound: 621
  Projected implied bound: 9
  Clique: 81
  MIR: 3234
  StrongCG: 88
  Flow cover: 2700
  Zero half: 11
  RLT: 16
  Relax-and-lift: 252
  PSD: 4

Explored 3432 nodes (2171478 simplex iterations) in 525.73 seconds (1357.23 work units)
Thread count was 32 (of 96 available processors)

Solution count 8: 32.6873 32.6902 32.6902 ... 34.954

Solve interrupted
Best objective 3.268727539566e+01, best bound 3.227559755418e+00, gap 90.1259%
