
Gurobi 9.5.1 (mac64[x86]) logging started Thu Nov 17 13:10:51 2022

Set parameter LogFile to value "/Users/keyvanmajd/Documents/NNRepLayer/demos/examples/tc7_walking_example/repair_bound_constraint/repair_net/logs/opt_log_11_17_2022_13_10_32.log"
Gurobi Optimizer version 9.5.1 build v9.5.1rc2 (mac64[x86])
Thread count: 4 physical cores, 8 logical processors, using up to 8 threads
Optimize a model with 1910 rows, 1306 columns and 5403 nonzeros
Model fingerprint: 0x14a24ec5
Model has 400 quadratic objective terms
Variable types: 906 continuous, 400 integer (400 binary)
Coefficient statistics:
  Matrix range     [1e-03, 2e+03]
  Objective range  [2e-03, 5e+00]
  QObjective range [2e+00, 2e+00]
  Bounds range     [1e+00, 2e+05]
  RHS range        [3e-03, 2e+03]
Presolve removed 209 rows and 14 columns
Presolve time: 0.14s
Presolved: 1701 rows, 1292 columns, 5493 nonzeros
Presolved model has 400 quadratic objective terms
Variable types: 898 continuous, 394 integer (394 binary)
Root relaxation presolve removed 299 rows and 299 columns
Root relaxation presolved: 1402 rows, 993 columns, 4596 nonzeros
Root relaxation presolved model has 400 quadratic objective terms


Root relaxation: objective 7.801274e+01, 1314 iterations, 0.03 seconds (0.01 work units)

    Nodes    |    Current Node    |     Objective Bounds      |     Work
 Expl Unexpl |  Obj  Depth IntInf | Incumbent    BestBd   Gap | It/Node Time

     0     0   78.01274    0  351          -   78.01274      -     -    1s
H    0     0                    2743.9958542   78.01274  97.2%     -    1s
     0     0  123.40712    0  326 2743.99585  123.40712  95.5%     -    2s
     0     0  123.40712    0  326 2743.99585  123.40712  95.5%     -    2s
     0     0  123.40712    0  327 2743.99585  123.40712  95.5%     -    2s
     0     0  125.11837    0  331 2743.99585  125.11837  95.4%     -    5s
     0     2  125.11837    0  331 2743.99585  125.11837  95.4%     -    6s
H  128    80                    2624.3709617  128.57560  95.1%  55.9    7s
H  129    80                     852.3291674  128.57560  84.9%  57.0    7s
H  212   112                     852.3291291  129.44421  84.8%  50.4    7s
H  216   112                     643.3572808  129.44421  79.9%  49.9    7s
H  259   128                     626.3018407  129.44421  79.3%  45.6    7s
H  294   150                     583.2653736  129.44421  77.8%  42.8    8s
H  298   150                     577.3067513  129.44421  77.6%  42.3    8s
*  477   262              97     571.0516215  130.05925  77.2%  32.1    8s
*  697   218             160     190.4522767  130.29946  31.6%  33.0    9s
   812   205 infeasible   31       190.45228  134.98798  29.1%  41.9   10s
* 1091   226             118     186.8263992  141.12915  24.5%  40.7   10s
H 1106   226                     185.8916841  141.12915  24.1%  40.7   10s
H 1416   248                     172.7402499  150.99832  12.6%  37.4   11s
H 1465   248                     166.3669800  150.99832  9.24%  36.9   11s
* 1637   236             112     161.5304831  156.51169  3.11%  35.0   12s
H 1921   226                     161.2808260  157.91848  2.08%  32.6   12s
H 1967   196                     161.2678538  158.19544  1.91%  32.5   13s
H 2119   181                     161.2366510  160.11872  0.69%  31.9   13s

Cutting planes:
  Learned: 38
  Cover: 41
  Implied bound: 208
  Projected implied bound: 74
  MIR: 201
  Flow cover: 226
  RLT: 982
  Relax-and-lift: 271
  BQP: 1

Explored 2125 nodes (71390 simplex iterations) in 13.32 seconds (8.74 work units)
Thread count was 8 (of 8 available processors)

Solution count 10: 161.237 161.268 161.281 ... 571.052

Optimal solution found (tolerance 1.00e-02)
Best objective 1.612366510098e+02, best bound 1.601187173311e+02, gap 0.6933%
