
Gurobi 9.5.0 (win64) logging started Mon Jun  6 17:50:07 2022

Set parameter LogFile to value "C:\Users\kmajd1\Documents\NNRepLayer_v2\demos\examples\tc7_walking_example\repair_net/logs/opt_log_6_6_2022_17_49_47.log"
Gurobi Optimizer version 9.5.0 build v9.5.0rc5 (win64)
Thread count: 8 physical cores, 16 logical processors, using up to 16 threads
Optimize a model with 366 rows, 134 columns and 1021 nonzeros
Model fingerprint: 0xb73a3250
Model has 101 quadratic objective terms
Coefficient statistics:
  Matrix range     [6e-04, 2e+01]
  Objective range  [7e-04, 4e-01]
  QObjective range [2e-02, 2e+00]
  Bounds range     [1e+01, 6e+01]
  RHS range        [2e-03, 3e+01]
Presolve removed 223 rows and 12 columns
Presolve time: 0.01s
Presolved: 143 rows, 122 columns, 780 nonzeros
Presolved model has 101 quadratic objective terms
Ordering time: 0.00s

Barrier statistics:
 Dense cols : 14
 AA' NZ     : 8.770e+02
 Factor NZ  : 1.344e+03
 Factor Ops : 1.934e+04 (less than 1 second per iteration)
 Threads    : 1

                  Objective                Residual
Iter       Primal          Dual         Primal    Dual     Compl     Time
   0   1.61396575e+07 -1.73584375e+07  3.18e+03 4.15e+02  8.89e+05     0s
   1   5.47518340e+06 -6.68546072e+06  1.76e+03 2.30e+02  5.00e+05     0s
   2   3.80541148e+04 -1.81999863e+06  1.64e+02 2.14e+01  6.67e+04     0s
   3   2.09768588e+02 -1.45856385e+06  1.91e+01 2.50e+00  1.11e+04     0s
   4   2.46604552e+02 -7.73766815e+05  1.66e-01 2.17e-02  2.72e+03     0s
   5   2.51169630e+02 -2.76974055e+03  5.48e-04 7.15e-05  1.05e+01     0s
   6   9.40013258e+01 -2.62452227e+02  2.70e-05 3.53e-06  1.24e+00     0s
   7   2.39289824e+01 -5.66122930e+01  2.70e-11 3.53e-12  2.80e-01     0s
   8   1.59498779e+01 -1.06380315e+01  7.79e-12 1.02e-12  9.23e-02     0s
   9   1.48091279e+01  8.70312406e+00  1.07e-14 7.99e-14  2.12e-02     0s
  10   1.44107859e+01  1.39735761e+01  1.42e-14 7.65e-13  1.52e-03     0s
  11   1.43742076e+01  1.43417777e+01  7.64e-14 2.74e-11  1.13e-04     0s
  12   1.43700737e+01  1.43676120e+01  4.65e-13 2.88e-11  8.55e-06     0s
  13   1.43697477e+01  1.43696167e+01  1.93e-12 3.31e-10  4.55e-07     0s
  14   1.43697365e+01  1.43697354e+01  1.95e-12 3.75e-10  3.63e-09     0s
  15   1.43697363e+01  1.43697363e+01  6.43e-12 5.07e-09  3.68e-12     0s

Barrier solved model in 15 iterations and 0.03 seconds (0.00 work units)
Optimal objective 1.43697363e+01


Gurobi 9.5.0 (win64) logging started Mon Jun  6 17:50:23 2022

Set parameter LogFile to value "C:\Users\kmajd1\Documents\NNRepLayer_v2\demos\examples\tc7_walking_example\repair_net/logs/opt_log_6_6_2022_17_49_47.log"
Gurobi Optimizer version 9.5.0 build v9.5.0rc5 (win64)
Thread count: 8 physical cores, 16 logical processors, using up to 16 threads
Optimize a model with 28012 rows, 17157 columns and 79852 nonzeros
Model fingerprint: 0xbe4a7cdc
Model has 101 quadratic objective terms
Variable types: 7557 continuous, 9600 integer (9600 binary)
Coefficient statistics:
  Matrix range     [9e-03, 6e+01]
  Objective range  [7e-04, 4e-01]
  QObjective range [2e-02, 2e+00]
  Bounds range     [1e+00, 6e+01]
  RHS range        [6e-04, 6e+01]
Presolve removed 16520 rows and 6560 columns
Presolve time: 0.11s
Presolved: 11492 rows, 10597 columns, 53412 nonzeros
Presolved model has 101 quadratic objective terms
Variable types: 7397 continuous, 3200 integer (3200 binary)
Root relaxation presolve removed 3200 rows and 3200 columns
Root relaxation presolved: 8292 rows, 7397 columns, 47012 nonzeros
Root relaxation presolved model has 101 quadratic objective terms


Root relaxation: objective 6.991442e+00, 10904 iterations, 0.99 seconds (1.63 work units)

    Nodes    |    Current Node    |     Objective Bounds      |     Work
 Expl Unexpl |  Obj  Depth IntInf | Incumbent    BestBd   Gap | It/Node Time

     0     0    6.99144    0  729          -    6.99144      -     -    2s
H    0     0                      61.1019745    6.99144  88.6%     -    6s
H    0     0                      60.4280828    6.99144  88.4%     -    6s
H    0     0                      59.6880591    6.99144  88.3%     -    6s
H    0     0                      59.4979416    6.99144  88.2%     -    6s
H    0     0                      57.4954669    6.99144  87.8%     -    6s
H    0     0                      56.4478416    6.99144  87.6%     -    6s
     0     0    6.99145    0  670   56.44784    6.99145  87.6%     -    8s
H    0     0                       8.0424416    6.99145  13.1%     -   10s
     0     0    6.99145    0  670    8.04244    6.99145  13.1%     -   12s
     0     0    6.99145    0  691    8.04244    6.99145  13.1%     -   13s
H    0     0                       8.0403209    6.99145  13.0%     -   13s
     0     0    6.99145    0  688    8.04032    6.99145  13.0%     -   13s
     0     0    6.99145    0  686    8.04032    6.99145  13.0%     -   14s
     0     0    6.99145    0  687    8.04032    6.99145  13.0%     -   14s
     0     0    6.99145    0  676    8.04032    6.99145  13.0%     -   15s
H    0     0                       8.0228190    6.99145  12.9%     -   18s
H    0     2                       8.0160949    6.99145  12.8%     -   19s
     0     2    6.99145    0  676    8.01609    6.99145  12.8%     -   19s
     1     4    7.24839    1  837    8.01609    6.99145  12.8%  2737   20s
H   31    40                       8.0034728    6.99145  12.6%   619   25s
H   32    40                       8.0015379    6.99145  12.6%   600   25s
H   33    40                       7.9898969    6.99145  12.5%   582   25s
H   38    40                       7.9305480    6.99145  11.8%   507   25s
H  271   280                       7.9118823    6.99145  11.6%   107   44s
H  272   280                       7.8408900    6.99145  10.8%   107   44s
H  353   362                       7.8137561    6.99145  10.5%  86.5   51s
H  354   362                       7.8126159    6.99145  10.5%  86.3   51s
H  356   362                       7.8038809    6.99145  10.4%  85.9   51s
H  357   362                       7.7949975    6.99145  10.3%  85.7   51s
   600   625    7.52292   74  813    7.79500    6.99145  10.3%  60.1   56s
  1395  1373    7.52302  177  716    7.79500    6.99145  10.3%  36.1   80s
H 1402  1292                       7.7336292    6.99145  9.60%  36.0   80s
  2516  2489    7.52316  329  554    7.73363    6.99145  9.60%  28.3   85s
  5198  5348    7.52316  654  295    7.73363    6.99145  9.60%  23.6   90s
H 7266  7142                       7.7203136    6.99145  9.44%  21.5  106s
H 7268  6786                       7.7203045    6.99145  9.44%  21.5  108s
  7270  6787    7.52307  530  590    7.72030    6.99145  9.44%  21.5  110s
H 7270  6448                       7.7190260    6.99145  9.43%  21.5  113s
H 7272  6126                       7.7183752    6.99145  9.42%  21.5  117s
  7274  6128    7.50127  715  678    7.71838    6.99145  9.42%  21.5  120s
  7275  6128    7.19414  530  675    7.71838    6.99145  9.42%  21.5  126s
  7276  6129    7.49165  902  682    7.71838    6.99145  9.42%  21.5  132s
  7277  6130    7.50127  927  680    7.71838    6.99145  9.42%  21.5  141s
  7280  6132    7.33581  612  660    7.71838    6.99145  9.42%  21.5  145s
  7289  6147    7.13596   18  862    7.71838    6.99145  9.42%  25.5  152s
  7797  6491    7.13596   40  882    7.71838    6.99145  9.42%  30.2  155s
H 8303  6535                       7.7182336    6.99145  9.42%  30.4  156s
  9373  7242    7.13596  100  756    7.71823    6.99145  9.42%  31.0  162s
 10263  7912    7.15341  147  687    7.71823    6.99145  9.42%  33.7  165s
 11968  9104    7.15341  240  610    7.71823    6.99145  9.42%  43.6  170s
H12381  8892                       7.7166697    6.99145  9.40%  52.1  205s
H12382  8615                       7.7165849    6.99145  9.40%  52.1  205s
H12385  8351                       7.7136836    6.99145  9.36%  52.1  205s
H12388  8100                       7.7114927    6.99145  9.34%  52.2  205s
 12514  8266    7.15341  275  582    7.71149    6.99145  9.34%  62.9  213s
 12602  8397    7.15341  287  575    7.71149    6.99145  9.34%  70.7  218s
 13042  8655    7.15341  316  554    7.71149    6.99145  9.34%  70.2  229s
H13077  8404                       7.6927344    6.99145  9.12%  70.2  229s
 13168  8699    7.15341  333  542    7.69273    6.99145  9.12%  70.1  230s
 14444  9354    7.15341  424  510    7.69273    6.99145  9.12%  80.4  238s
 14577 10693    7.15341  429  510    7.69273    6.99145  9.12%  80.3  242s
 16335 10852    7.28044  524  632    7.69273    6.99145  9.12%  82.5  245s
 17306 11122    7.28044  600  580    7.69273    6.99145  9.12%  92.3  257s
 17314 11574    7.28044  601  575    7.69273    6.99145  9.12%  92.4  260s
 19001 12702    7.28044  732  459    7.69273    6.99145  9.12%  91.7  266s
 20219 13519    7.28044  849  319    7.69273    6.99145  9.12%   100  271s
 21884 14817    7.46957 1030  280    7.69273    6.99145  9.12%   101  276s
 22297 14859    7.47488 1076  343    7.69273    6.99145  9.12%   101  281s
 22908 15833    7.48039 1149  286    7.69273    6.99145  9.12%   111  286s
 23496 16371    7.49599 1241  279    7.69273    6.99145  9.12%   112  293s
 23861 16692    7.60586 1277  268    7.69273    6.99145  9.12%   114  298s
 24182 17063    7.60586 1333  252    7.69273    6.99145  9.12%   116  308s
 24555 17232    7.63461 1405  230    7.69273    6.99145  9.12%   120  312s
 24724 17600    7.63461 1439  218    7.69273    6.99145  9.12%   130  318s
 25097 17797    7.67027 1473  227    7.69273    6.99145  9.12%   132  325s
H25283 15926                       7.6559855    6.99145  8.68%   133  325s
 25296 16892     cutoff 1502         7.65599    6.99145  8.68%   134  330s
 26455 17616    7.14663  532  437    7.65599    6.99145  8.68%   133  336s
H27294 17587                       7.6501580    6.99145  8.61%   133  374s
H27296 17587                       7.6487217    6.99145  8.59%   133  374s
H27297 17583                       7.6459742    6.99145  8.56%   133  374s
 27302 18755    7.63798  746  358    7.64597    6.99145  8.56%   133  380s
 28552 19787    7.58235  476  645    7.64597    6.99145  8.56%   132  387s
 29610 21430    7.58235  765  665    7.64597    6.99145  8.56%   133  397s
 31289 22077    7.58235  856  861    7.64597    6.99145  8.56%   135  404s
 31938 22523    7.58235  873  844    7.64597    6.99145  8.56%   138  409s
 32388 22772    7.58235  874  831    7.64597    6.99145  8.56%   142  415s
 32647 23546    7.58235  884  838    7.64597    6.99145  8.56%   151  422s
 33427 24094    7.59250  971  737    7.64597    6.99145  8.56%   154  430s
 33978 24356    7.59250 1060  666    7.64597    6.99145  8.56%   159  438s
 34242 24659    7.59250 1066  694    7.64597    6.99145  8.56%   168  447s
 34547 24788    7.59250 1085  679    7.64597    6.99145  8.56%   176  454s
 34678 25117    7.59250 1089  675    7.64597    6.99145  8.56%   191  463s
H34853 19311                       7.5462282    6.99145  7.35%   192  463s
 35009 22449     cutoff 1100         7.54623    6.99145  7.35%   196  474s
 38254 22434    7.51871  762  431    7.54623    6.99145  7.35%   186  481s
 38262 23080    7.51871  763  420    7.54623    6.99145  7.35%   186  486s
 39011 23903    7.51871  860  428    7.54623    6.99145  7.35%   187  492s
*39810 23903            2784       7.5462282    6.99145  7.35%   185  492s
 39934 24256    7.51871  895  460    7.54623    6.99145  7.35%   189  498s
 40353 24612    7.51926  925  455    7.54623    6.99145  7.35%   193  503s
 40756 25134    7.51926  948  449    7.54623    6.99145  7.35%   196  510s
 41292 25765    7.51926  959  473    7.54623    6.99145  7.35%   202  517s
 41923 26310    7.51926  976  450    7.54623    6.99145  7.35%   208  525s
 42470 26942    7.51926  993  469    7.54623    6.99145  7.35%   213  534s
 43114 27358    7.51926  999  509    7.54623    6.99145  7.35%   218  542s
 43530 27528    7.51926 1039  478    7.54623    6.99145  7.35%   224  551s
 43705 27700    7.51926 1044  491    7.54623    6.99145  7.35%   228  559s
 43879 27909    7.54246 1059  472    7.54623    6.99145  7.35%   237  567s
 44088 27917    7.54246 1071  470    7.54623    6.99145  7.35%   244  577s
 44096 31795    7.54246 1072  468    7.54623    6.99145  7.35%   246 1156s
H44120 31595                       7.5442640    6.99145  7.33%   249 1156s
H44314 29592                       7.5384556    6.99145  7.26%   339 1156s
H47773 29589                       7.5377099    6.99145  7.25%   526 1156s
H47913 29530                       7.5367089    6.99145  7.23%   557 1156s
 48060 32328     cutoff 1266         7.53671    6.99145  7.23%   620 1258s
H48068 32203                       7.5339649    6.99145  7.20%   620 1258s
H48740 32182                       7.5321620    6.99145  7.18%   615 1258s
H48902 32165                       7.5316278    6.99145  7.17%   614 1258s
 51665 34292    7.49616  779  315    7.53163    6.99145  7.17%   584 1317s
H51953 34292                       7.5315690    6.99145  7.17%   581 1317s
H51954 34274                       7.5301881    6.99145  7.15%   582 1317s
H51976 34164                       7.5279012    6.99145  7.13%   582 1317s
 53803 36587    7.49616 1068  453    7.52790    6.99145  7.13%   569 1358s
H54036 36560                       7.5268107    6.99145  7.11%   570 1358s
 56246 37808    7.51369 1301  388    7.52681    6.99145  7.11%   571 1392s
 57502 38278    7.51369 1363  397    7.52681    6.99145  7.11%   581 1425s
 58002 38512    7.51369 1393  401    7.52681    6.99145  7.11%   596 1457s
 58280 38686    7.51369 1424  462    7.52681    6.99145  7.11%   614 1491s
 58492 38887    7.51369 1452  466    7.52681    6.99145  7.11%   640 1524s
 58767 38941    7.51369 1522  421    7.52681    6.99145  7.11%   656 1544s
 58851 40524    7.51369 1543  392    7.52681    6.99145  7.11%   665 1715s
 60696 40542    7.51369 1606  389    7.52681    6.99145  7.11%   741 1812s
H60700 37851                       7.5184032    6.99145  7.01%   746 1812s
 60726 39232    7.51369 1610  413    7.51840    6.99145  7.01%   759 1916s
H60745 39232                       7.5184023    6.99145  7.01%   764 1916s
H60761 39232                       7.5184015    6.99145  7.01%   772 1916s
H61154 39158                       7.5172710    6.99145  6.99%   772 1916s

Cutting planes:
  Implied bound: 14
  MIR: 966
  Flow cover: 980
  Relax-and-lift: 1

Explored 62293 nodes (48364548 simplex iterations) in 1916.85 seconds (4210.22 work units)
Thread count was 16 (of 16 available processors)

Solution count 10: 7.51727 7.5184 7.5184 ... 7.53396

Solve interrupted
Best objective 7.517270957742e+00, best bound 6.991445009287e+00, gap 6.9949%

Gurobi 9.5.0 (win64) logging started Mon Jun  6 18:23:01 2022

Set parameter LogFile to value "C:\Users\kmajd1\Documents\NNRepLayer_v2\demos\examples\tc7_walking_example\repair_net/logs/opt_log_6_6_2022_17_49_47.log"
Gurobi Optimizer version 9.5.0 build v9.5.0rc5 (win64)
Thread count: 8 physical cores, 16 logical processors, using up to 16 threads
Optimize a model with 53612 rows, 33157 columns and 242060 nonzeros
Model fingerprint: 0xd90cd4bd
Model has 101 quadratic objective terms
Variable types: 13957 continuous, 19200 integer (19200 binary)
Coefficient statistics:
  Matrix range     [2e-04, 6e+01]
  Objective range  [7e-04, 4e-01]
  QObjective range [2e-02, 2e+00]
  Bounds range     [1e+00, 6e+01]
  RHS range        [6e-04, 6e+01]
Presolve removed 32200 rows and 12800 columns
Presolve time: 0.55s
Presolved: 21412 rows, 20357 columns, 190660 nonzeros
Presolved model has 101 quadratic objective terms
Variable types: 13957 continuous, 6400 integer (6400 binary)
Root relaxation presolve removed 6400 rows and 6400 columns
Root relaxation presolved: 15012 rows, 13957 columns, 177860 nonzeros
Root relaxation presolved model has 101 quadratic objective terms


Root simplex log...

Iteration    Objective       Primal Inf.    Dual Inf.      Time
    4407    6.9914416e+00   4.425687e+03   0.000000e+00      5s
   20190    6.9914416e+00   0.000000e+00   0.000000e+00      8s
   20190    6.9914416e+00   0.000000e+00   0.000000e+00      8s

Root relaxation: objective 6.991442e+00, 20190 iterations, 3.91 seconds (9.71 work units)

    Nodes    |    Current Node    |     Objective Bounds      |     Work
 Expl Unexpl |  Obj  Depth IntInf | Incumbent    BestBd   Gap | It/Node Time

     0     0    6.99144    0 2308          -    6.99144      -     -    8s
     0     0    6.99144    0 2419          -    6.99144      -     -   44s
     0     0          -    0               -    6.99144      -     -   93s

Cutting planes:
  Cover: 267
  MIR: 198
  Flow cover: 1244

Explored 1 nodes (125900 simplex iterations) in 93.43 seconds (186.98 work units)
Thread count was 16 (of 16 available processors)

Solution count 0

Solve interrupted
Best objective -, best bound 6.991441572551e+00, gap -
