
Gurobi 9.5.1 (mac64[x86]) logging started Tue May 31 16:36:24 2022

Set parameter LogFile to value "/Users/keyvanmajd/Documents/NNRepLayer_v2/demos/examples/tc7_walking_example/repair_net/logs/opt_log_layer3_5_31_2022_16_35_50.log"
Gurobi Optimizer version 9.5.1 build v9.5.1rc2 (mac64[x86])
Thread count: 4 physical cores, 8 logical processors, using up to 8 threads
Optimize a model with 28012 rows, 17157 columns and 79500 nonzeros
Model fingerprint: 0xea8383e0
Model has 101 quadratic objective terms
Variable types: 7557 continuous, 9600 integer (9600 binary)
Coefficient statistics:
  Matrix range     [2e-03, 4e+01]
  Objective range  [2e-01, 4e+01]
  QObjective range [2e+00, 2e+00]
  Bounds range     [1e+00, 4e+01]
  RHS range        [6e-04, 4e+01]
Presolve removed 16456 rows and 6528 columns
Presolve time: 0.16s
Presolved: 11556 rows, 10629 columns, 53188 nonzeros
Presolved model has 101 quadratic objective terms
Variable types: 7429 continuous, 3200 integer (3200 binary)

Root relaxation: objective 1.037225e+03, 17250 iterations, 1.81 seconds (4.14 work units)

    Nodes    |    Current Node    |     Objective Bounds      |     Work
 Expl Unexpl |  Obj  Depth IntInf | Incumbent    BestBd   Gap | It/Node Time

     0     0 1037.22542    0 2759          - 1037.22542      -     -    3s
     0     0 1037.22542    0 2686          - 1037.22542      -     -    8s
     0     0 1037.22542    0 2632          - 1037.22542      -     -   12s
     0     0 1037.22542    0 2504          - 1037.22542      -     -   14s
     0     0 1037.22542    0 2405          - 1037.22542      -     -   19s
     0     0 1037.22542    0 2592          - 1037.22542      -     -   19s
     0     0 1037.22542    0 2490          - 1037.22542      -     -   22s
     0     0 1037.22542    0 2383          - 1037.22542      -     -   23s
     0     0 1037.22542    0 2286          - 1037.22542      -     -   27s
     0     0 1037.22542    0 2172          - 1037.22542      -     -   27s
H    0     0                    17640.147849 1037.22542  94.1%     -   35s
H    0     0                    14494.920557 1037.22542  92.8%     -   77s
H    0     0                    14329.541062 1037.22542  92.8%     -   77s
     0     2 1037.22542    0 2172 14329.5411 1037.22542  92.8%     -   77s
H   30    36                    14310.991976 1037.22542  92.8%   597   77s
H   32    36                    14245.422970 1037.22542  92.7%   560   77s
    35    40 1037.22750   11 1849 14245.4230 1037.22542  92.7%   517  193s
H   37    40                    3319.7889711 1037.22542  68.8%   490  193s
H   39    44                    1081.2426880 1037.22542  4.07%   469  293s
H   40    44                    1077.2881501 1037.22542  3.72%   458  293s
    43    48 1037.22750   13 1849 1077.28815 1037.22542  3.72%   431  300s
H   47    48                    1076.4671359 1037.22542  3.65%   396  327s
    50    50 1037.22564   12 2759 1076.46714 1037.22542  3.65%   372  335s
    53    52 1037.22542   13 2397 1076.46714 1037.22542  3.65%   351  340s
H   59    53                    1076.0955544 1037.22542  3.61%   316  371s
    62    57 1037.22564    7 2172 1076.09555 1037.22542  3.61%   880  407s
    64    58 1037.22542    3 2759 1076.09555 1037.22542  3.61%   853  414s
    65    59 1037.22546   11 2638 1076.09555 1037.22542  3.61%   840  418s
    69    62 1037.22750   12 2586 1076.09555 1037.22542  3.61%   791  420s
    74    65 1037.22542    4 2311 1076.09555 1037.22542  3.61%   738  453s
    76    68 1037.22542   11 2172 1076.09555 1037.22542  3.61%  1101  459s
    78    69 1037.22542    4 2759 1076.09555 1037.22542  3.61%  1073  466s
    79    70 1037.22564   13 2635 1076.09555 1037.22542  3.61%  1059  470s
    88    76 1037.22564    3 2147 1076.09555 1037.22542  3.61%   951  500s
    90    79 1037.22546    4 2172 1076.09555 1037.22542  3.61%  1298  529s
    92    80 1037.22750   13 2759 1076.09555 1037.22542  3.61%  1269  537s
    93    81 1037.22546    9 2641 1076.09555 1037.22542  3.61%  1256  540s
   102    87 1037.22542    6 2212 1076.09555 1037.22542  3.61%  1145  573s
   104    90 1037.22542    5 2172 1076.09555 1037.22542  3.61%  1412  579s
   106    91 1037.22542    6 2759 1076.09555 1037.22542  3.61%  1386  586s
   107    92 1037.22750   14 2637 1076.09555 1037.22542  3.61%  1373  590s
   116    98 1037.23592    7 2063 1076.09555 1037.22542  3.61%  1266  628s
   118   101 1037.22564    8 2172 1076.09555 1037.22542  3.61%  1529  634s
   120   102 1037.22542    4 2759 1076.09555 1037.22542  3.61%  1504  642s
   121   103 1037.22564    7 2636 1076.09555 1037.22542  3.61%  1491  646s
H  129   102                    1076.0954440 1037.22542  3.61%  1399  673s
H  131   100                    1076.0954382 1037.22542  3.61%  1644  697s
   134   102 1037.22750    5 2759 1076.09544 1037.22542  3.61%  1607  705s
   135   103 1037.22542    6 2632 1076.09544 1037.22542  3.61%  1595  710s
   143   108 1037.22542    7 2135 1076.09544 1037.22542  3.61%  1506  715s
H  143   102                    1075.4770083 1037.22542  3.56%  1506  746s
   144   103 1037.22564    6 2135 1075.47701 1037.22542  3.56%  1495  750s
H  145   100                    1075.3423240 1037.22542  3.54%  1707  783s
H  147    96                    1075.3423239 1037.22542  3.54%  1684  790s
H  149    92                    1075.3423236 1037.22542  3.54%  1661  794s
   150    93 1037.22564   12 2553 1075.34232 1037.22542  3.54%  1650  795s
H  157    92                    1075.3423235 1037.22542  3.54%  1577  824s
H  159    90                    1075.3423163 1037.22542  3.54%  1758  856s
H  161    87                    1075.3354404 1037.22542  3.54%  1737  862s
   163    88 1037.22542   12 2635 1075.33544 1037.22542  3.54%  1715  867s
   165    89 1037.22546   11 2612 1075.33544 1037.22542  3.54%  1694  873s
   166    90 1037.22542    8 2502 1075.33544 1037.22542  3.54%  1684  875s
   167    91 1037.22564    6 2355 1075.33544 1037.22542  3.54%  1674  881s
   168    91 1037.22564   13 2256 1075.33544 1037.22542  3.54%  1664  885s
   169    92 1037.22750   12 2158 1075.33544 1037.22542  3.54%  1654  891s
   170    93 1037.22546    5 2099 1075.33544 1037.22542  3.54%  1645  900s
H  171    88                    1075.3352610 1037.22542  3.54%  1635  939s
H  173    86                    1075.3317266 1037.22542  3.54%  1819  973s
   176    88 1037.22542   11 2759 1075.33173 1037.22542  3.54%  1788  980s
   180    91 1037.22750    6 2296 1075.33173 1037.22542  3.54%  1748  985s
   186    95 1037.22564    5 2084 1075.33173 1037.22542  3.54%  1692 1010s
   189   102 1037.22610  102 1874 1075.33173 1037.22542  3.54%  1860 1015s
H  220   115                    1075.3312858 1037.22542  3.54%  1730 1019s
   221   118 1037.22811  106 1724 1075.33129 1037.22542  3.54%  1724 1105s
   225   129 1037.22610  107 1782 1075.33129 1037.22542  3.54%  1714 1112s
   237   171 1037.22610  108 1781 1075.33129 1037.22542  3.54%  1657 1120s
H  283   155                    1058.8524494 1037.22542  2.04%  1415 1312s
   287   163 1037.22772  115 1724 1058.85245 1037.22542  2.04%  1397 1322s
   297   176 1037.22610  116 1779 1058.85245 1037.22542  2.04%  1351 1366s
H  300   170                    1058.6575065 1037.22542  2.02%  1338 1366s
H  304   165                    1057.7333857 1037.22542  1.94%  1321 1366s
H  313   214                    1057.5024149 1037.22542  1.92%  1289 1391s
   369   323 1037.22898  125 1703 1057.50241 1037.22542  1.92%  1142 1483s
H  381   315                    1057.4507079 1037.22542  1.91%  1115 1483s
H  400   312                    1057.2342606 1037.22542  1.89%  1114 1483s
H  432   312                    1057.1496393 1037.22542  1.88%  1045 1483s
H  464   312                    1057.0036456 1037.22542  1.87%  1079 1483s
H  496   312                    1056.9382739 1037.22542  1.87%  1031 1483s
   497   828 1037.26190  141 1510 1056.93827 1037.22542  1.87%  1037 1702s
H  500   828                    1056.9204216 1037.22542  1.86%  1032 1702s
H  600   828                    1056.7777009 1037.22542  1.85%  1101 1702s
H  704   828                    1056.1354483 1037.22542  1.79%  1108 1702s
  1013  1348 1037.23523  243 1439 1056.13545 1037.22542  1.79%  1026 2047s
H 1532  1348                    1056.0696061 1037.22542  1.78%   877 2047s
  1533  1732 1037.23146  302 1371 1056.06961 1037.22542  1.78%   877 2144s
H 1725  1732                    1056.0637166 1037.22542  1.78%   937 2144s
  1917  2112 1037.23146  336 1337 1056.06372 1037.22542  1.78%   940 2675s
H 2084  2112                    1056.0311955 1037.22542  1.78%  1000 2675s
H 2168  2112                    1055.9690518 1037.22542  1.78%  1017 2675s
H 2297  2328                    1055.9382589 1037.22542  1.77%   998 3040s
H 2309  2328                    1055.8752658 1037.22542  1.77%  1003 3040s
  2513  2948 1037.23146  380 1292 1055.87527 1037.22542  1.77%   956 3482s
H 2600  2948                    1055.8509536 1037.22542  1.76%   962 3482s
H 2689  2948                    1055.7424022 1037.22542  1.75%   989 3482s

Resetting heuristic parameters to focus on improving solution
(using Heuristics=0.5 and RINS=10)...

H 3133  3086                    1055.7416302 1037.22542  1.75%   936 3600s
  3133  3086 1037.30396  424 1139 1055.74163 1037.22542  1.75%   936 3600s
H 3134  3086                    1055.7415685 1037.22542  1.75%   935 3600s
H 3137  3086                    1055.7392277 1037.22542  1.75%   934 3600s
H 3139  3086                    1055.7385784 1037.22542  1.75%   934 3600s
H 3140  3086                    1055.7347880 1037.22542  1.75%   934 3600s
H 3142  3086                    1055.6247246 1037.22542  1.74%   933 3600s

Cutting planes:
  MIR: 205
  Flow cover: 1270

Explored 3271 nodes (2996583 simplex iterations) in 3600.03 seconds (8517.74 work units)
Thread count was 8 (of 8 available processors)

Solution count 10: 1055.62 1055.73 1055.74 ... 1055.94

Time limit reached
Best objective 1.055624724561e+03, best bound 1.037225419195e+03, gap 1.7430%
