
Gurobi 9.5.1 (mac64[x86]) logging started Thu Nov 17 13:16:38 2022

Set parameter LogFile to value "/Users/keyvanmajd/Documents/NNRepLayer/demos/examples/tc7_walking_example/repair_bound_constraint/repair_net/logs/opt_log_11_17_2022_13_16_18.log"
Gurobi Optimizer version 9.5.1 build v9.5.1rc2 (mac64[x86])
Thread count: 4 physical cores, 8 logical processors, using up to 8 threads
Optimize a model with 3140 rows, 2121 columns and 9880 nonzeros
Model fingerprint: 0x919812b5
Model has 500 quadratic objective terms
Variable types: 1321 continuous, 800 integer (800 binary)
Coefficient statistics:
  Matrix range     [1e-03, 2e+05]
  Objective range  [2e-03, 4e+01]
  QObjective range [2e+00, 2e+00]
  Bounds range     [1e+00, 7e+05]
  RHS range        [3e-03, 2e+05]
Presolve removed 200 rows and 0 columns
Presolve time: 0.04s
Presolved: 2940 rows, 2121 columns, 9983 nonzeros
Presolved model has 500 quadratic objective terms
Variable types: 1321 continuous, 800 integer (800 binary)
Root relaxation presolve removed 910 rows and 805 columns
Root relaxation presolved: 2030 rows, 1316 columns, 7063 nonzeros
Root relaxation presolved model has 500 quadratic objective terms


Root relaxation: objective 7.969605e+00, 2304 iterations, 0.03 seconds (0.02 work units)

    Nodes    |    Current Node    |     Objective Bounds      |     Work
 Expl Unexpl |  Obj  Depth IntInf | Incumbent    BestBd   Gap | It/Node Time

     0     0    7.96960    0  651          -    7.96960      -     -    0s
     0     0   87.39925    0  506          -   87.39925      -     -    0s
     0     0   88.32219    0  461          -   88.32219      -     -    0s
     0     0   88.35289    0  461          -   88.35289      -     -    0s
     0     0   88.35289    0  460          -   88.35289      -     -    0s
     0     0   95.26310    0  510          -   95.26310      -     -    0s
     0     0   95.26889    0  504          -   95.26889      -     -    0s
     0     0  112.90042    0  533          -  112.90042      -     -    1s
     0     0  122.31000    0  529          -  122.31000      -     -    1s
     0     0  123.05065    0  502          -  123.05065      -     -    1s
     0     0  123.05065    0  507          -  123.05065      -     -    1s
     0     0 5001.16356    0  505          - 5001.16356      -     -    1s
     0     0 5001.16909    0  506          - 5001.16909      -     -    1s
     0     0 7064.29708    0  507          - 7064.29708      -     -    1s
     0     0 7064.29801    0  509          - 7064.29801      -     -    2s
     0     0 7064.30548    0  493          - 7064.30548      -     -    2s
H    0     0                    1.631837e+12 9289.07271   100%     -    3s
H    0     2                    6.352973e+08 9289.07271   100%     -    3s
     0     2 9289.07271    0  493 6.3530e+08 9289.07271   100%     -    3s
H   32    30                    6.352972e+08 75824.6493   100%   169    4s
H   33    30                    6.346957e+08 75824.6493   100%   164    4s
H   36    30                    6.321521e+08 75862.0851   100%   152    4s
   198   241 177288.655   50  416 6.3215e+08 75862.0851   100%  40.8    5s
H  814   787                    6.271968e+08 75862.0851   100%  24.7    6s
H 1552  1473                    6.106665e+08 75862.0851   100%  30.9    9s
  1742  1591 3154936.98  333  202 6.1067e+08 75862.0851   100%  31.4   11s
H 1761  1591                    5.956564e+08 75862.0851   100%  31.2   11s
  2037  1783 88361.9306    9  520 5.9566e+08 75862.0851   100%  32.7   15s
H 2080  1722                    5.929122e+08 85974.3467   100%  37.9   19s
  2111  1746 162921.434   20  468 5.9291e+08 85974.3467   100%  38.7   20s
H 2381  1800                    5.890537e+08 85974.3467   100%  43.0   22s
H 2443  1756                    5.855678e+08 85974.3467   100%  42.6   23s
H 2445  1678                    5.814670e+08 85974.3467   100%  42.6   23s
H 2447  1605                    5.810324e+08 85974.3467   100%  42.6   23s
  3043  1963 296459.320   76  341 5.8103e+08 85974.3467   100%  39.1   25s
H 3261  1980                    5.617669e+08 85974.3467   100%  39.1   26s
H 3411  2002                    5.424631e+08 85974.3467   100%  38.4   28s
H 3429  1934                    4.964464e+08 85974.3467   100%  38.3   28s
  3480  2038 379384.989  103  302 4.9645e+08 85974.3467   100%  38.5   30s
  4451  2286 391101.690  155  235 4.9645e+08 85974.3467   100%  40.8   35s
  5773  2874     cutoff  201      4.9645e+08 87282.4645   100%  38.9   40s
H 5778  2864                    4.403107e+08 87282.4645   100%  38.9   40s
H 5995  2974                    2.528843e+08 87282.4645   100%  39.0   42s
  6684  3421 132797.685   34  443 2.5288e+08 87282.4645   100%  38.9   45s
H 6873  3651                    2.528739e+08 87282.4645   100%  39.3   46s
H 6910  3651                    2.528676e+08 87282.4645   100%  39.4   46s
H 6947  3651                    2.523330e+08 87282.4645   100%  39.3   46s
  7066  3844 335682.371   97  338 2.5233e+08 87282.4645   100%  39.3   51s
H 7102  3802                    1.669774e+08 87282.4645   100%  39.2   51s
  7333  3951 93974.0777   33  499 1.6698e+08 93605.2644   100%  39.1   62s
H 7414  3099                    6688792.1621 93605.2644  98.6%  39.0   62s
  7682  3794 127130.703   65  448 6688792.16 93605.2644  98.6%  40.1   66s
  9243  4825 117975.474   37  499 6688792.16 93605.3433  98.6%  38.9   70s
  9832  5393 168471.579   75  437 6688792.16 93605.3433  98.6%  39.2   75s
 11682  6471 840777.729   40  459 6688792.16 93605.3439  98.6%  38.5   81s
 12513  7211 119356.787   57  457 6688792.16 93605.3542  98.6%  39.6   86s
 14279  8204 98097.8182   34  502 6688792.16 93605.3572  98.6%  40.7   91s
 14593  9069 infeasible   68      6688792.16 93605.3582  98.6%  41.0   95s
 15973  9685 725032.520   37  456 6688792.16 93605.3607  98.6%  40.7  100s
H16930  9849                    6667507.5741 93605.3654  98.6%  42.1  104s
H16935  9811                    6031644.1981 93605.3654  98.4%  42.1  104s
H16940  9798                    5160474.7430 93605.3654  98.2%  42.1  104s
 16952  9941 364014.924  177  272 5160474.74 93605.3654  98.2%  42.1  106s
H18349 11392                    5154621.9400 93605.3684  98.2%  42.2  111s
H18555 11327                    4670938.6216 93605.3684  98.0%  42.2  111s
 19238 11785 93617.6478   36  489 4670938.62 93605.3684  98.0%  42.0  115s
H19925 11831                    4234146.5489 93605.3684  97.8%  41.9  117s
 19962 13207 1996376.97  115  327 4234146.55 93605.3684  97.8%  41.8  120s
 21758 13344     cutoff  113      4234146.55 93605.3684  97.8%  40.3  134s
H21760 13249                    3217035.0352 93605.3684  97.1%  40.3  134s
H21884 13120                    2889165.9305 93605.3684  96.8%  40.3  134s
H21903 13005                    2608885.9740 93605.3684  96.4%  40.3  134s
 21954 13121 infeasible  112      2608885.97 93605.3684  96.4%  40.3  136s
H21956 13120                    2590394.2571 93605.3684  96.4%  40.3  136s
H21978 13118                    2569019.0168 93605.3684  96.4%  40.3  136s
H21994 13118                    2557752.8081 93605.3684  96.3%  40.3  136s
H22039 13118                    2529151.4471 93605.3684  96.3%  40.4  136s
 22257 14235 353808.853  137  349 2529151.45 93605.3684  96.3%  40.4  142s
 23501 14949 infeasible   63      2529151.45 93605.3687  96.3%  39.6  145s
 25865 16241 95797.8225   36  511 2529151.45 93605.3687  96.3%  39.0  153s
H25868 16182                    2343973.5972 93605.3687  96.0%  39.0  153s
H25937 16154                    2269277.6900 93605.3687  95.9%  39.0  153s
 26301 16292 95798.6755   37  503 2269277.69 93605.3687  95.9%  38.9  157s
 26494 17056 139688.632   59  466 2269277.69 93605.3695  95.9%  39.0  163s
 27618 17784 95852.0427   34  484 2269277.69 93605.3758  95.9%  38.8  167s
H27801 17767                    2219295.8946 93605.3758  95.8%  38.7  167s
H28052 17696                    2122270.5837 93605.3758  95.6%  38.8  167s
 28895 18741 430500.046  225  180 2122270.58 93605.3805  95.6%  39.0  173s
 30244 18742 280940.591   69  493 2122270.58 93606.1970  95.6%  38.7  180s
H30249 17807                    2122270.5334 99350.8111  95.3%  38.7  182s
 30260 17816 103897.008   23  492 2122270.53 100460.724  95.3%  39.0  188s
 30264 17820 107760.304   25  471 2122270.53 103911.924  95.1%  39.0  190s
 30394 17904 127731.705   35  439 2122270.53 110467.552  94.8%  39.4  195s
H30505 17065                    2099593.2372 110467.552  94.7%  39.5  196s
H30512 16217                    2091398.4098 110467.552  94.7%  39.5  196s
H30545 15432                    2056261.6675 110467.552  94.6%  39.5  197s
H30546 14667                    2055155.5718 110467.552  94.6%  39.5  197s
H30580 13965                    2014253.3794 110467.552  94.5%  39.5  198s
H30581 13276                    1953928.2098 110467.552  94.3%  39.5  198s
H30583 12620                    1924370.2004 110467.552  94.3%  39.5  198s
H30587 11996                    1883295.6990 110467.552  94.1%  39.5  198s
H30622 11429                    1700170.6137 110467.552  93.5%  39.5  199s
 30630 11459     cutoff   47      1700170.61 110467.552  93.5%  39.5  200s
 31413 11827 150087.539   80  350 1700170.61 110467.552  93.5%  39.1  205s
H31427 11208                    1620703.6936 110467.552  93.2%  39.1  205s

Cutting planes:
  Learned: 7
  Gomory: 35
  Cover: 50
  Implied bound: 74
  Projected implied bound: 10
  Clique: 23
  MIR: 152
  Flow cover: 416
  Inf proof: 1
  RLT: 345
  Relax-and-lift: 35

Explored 31474 nodes (1240296 simplex iterations) in 206.88 seconds (87.91 work units)
Thread count was 8 (of 8 available processors)

Solution count 10: 1.6207e+06 1.70017e+06 1.8833e+06 ... 2.09959e+06

Solve interrupted
Best objective 1.620703693630e+06, best bound 1.104675521351e+05, gap 93.1840%
