
Gurobi 9.5.1 (mac64[x86]) logging started Tue May 31 21:34:22 2022

Set parameter LogFile to value "/Users/keyvanmajd/Documents/NNRepLayer_v2/demos/examples/tc7_walking_example/repair_net/logs/opt_log_layer2_5_31_2022_21_33_12.log"
Gurobi Optimizer version 9.5.1 build v9.5.1rc2 (mac64[x86])
Thread count: 4 physical cores, 8 logical processors, using up to 8 threads
Optimize a model with 53612 rows, 33157 columns and 242668 nonzeros
Model fingerprint: 0xe232ad49
Model has 101 quadratic objective terms
Variable types: 13957 continuous, 19200 integer (19200 binary)
Coefficient statistics:
  Matrix range     [6e-04, 5e+01]
  Objective range  [9e-02, 4e+01]
  QObjective range [2e+00, 2e+00]
  Bounds range     [1e+00, 5e+01]
  RHS range        [6e-04, 5e+01]
Presolve removed 32200 rows and 12800 columns
Presolve time: 0.97s
Presolved: 21412 rows, 20357 columns, 191268 nonzeros
Presolved model has 101 quadratic objective terms
Variable types: 13957 continuous, 6400 integer (6400 binary)
Root relaxation presolve removed 6400 rows and 6400 columns
Root relaxation presolved: 15012 rows, 13957 columns, 178468 nonzeros
Root relaxation presolved model has 101 quadratic objective terms


Root simplex log...

Iteration    Objective       Primal Inf.    Dual Inf.      Time
       0    1.0979175e+03   0.000000e+00   0.000000e+00      5s
   17994    1.0979175e+03   0.000000e+00   0.000000e+00      8s
   17994    1.0979175e+03   0.000000e+00   0.000000e+00      8s

Root relaxation: objective 1.097918e+03, 17994 iterations, 3.38 seconds (7.78 work units)

    Nodes    |    Current Node    |     Objective Bounds      |     Work
 Expl Unexpl |  Obj  Depth IntInf | Incumbent    BestBd   Gap | It/Node Time

     0     0 1097.91754    0 1482          - 1097.91754      -     -    8s
     0     0 1097.91754    0 1405          - 1097.91754      -     -   22s
     0     0 1097.91755    0 1524          - 1097.91755      -     -   28s
     0     0 1097.91755    0 1497          - 1097.91755      -     -   29s
     0     0 1097.91755    0 1538          - 1097.91755      -     -   29s
     0     0 1097.91755    0 1515          - 1097.91755      -     -   31s
     0     0 1097.91755    0 1537          - 1097.91755      -     -   32s
     0     0 1097.91755    0 1512          - 1097.91755      -     -   34s
H    0     0                    8932.9873219 1097.91755  87.7%     -  142s
     0     2 1097.91755    0 1512 8932.98732 1097.91755  87.7%     -  143s
     1     4 1097.97633    1 1749 8932.98732 1097.91755  87.7%  3499  148s
     3     8 1097.97633    2 1757 8932.98732 1097.91755  87.7%  1314  152s
     7    12 1097.97633    3 1759 8932.98732 1097.91755  87.7%  1361  162s
    58   143 1097.97633   15 1747 8932.98732 1097.91755  87.7%   287  166s
H   79   143                    8929.6165632 1097.91755  87.7%   226  166s
H  142   301                    8919.8322554 1097.91755  87.7%   148  170s
H  300   494                    8910.9281717 1097.91755  87.7%  93.1  196s
   493   875 1097.99150  165 1564 8910.92817 1097.91755  87.7%  74.5  207s
   874  1121 1097.99150  292 1582 8910.92817 1097.91755  87.7%  81.3  233s
  1120  1344 1097.99150  345 1532 8910.92817 1097.91755  87.7%   124  244s
  1345  1456 1098.40129  361 1707 8910.92817 1097.91755  87.7%   158  285s
  1459  1470 1111.06782  362 1734 8910.92817 1097.91755  87.7%   217  407s
  1473  1603 1132.74676  365 1781 8910.92817 1097.91755  87.7%   319  416s
H 1586  1603                    8889.2791923 1097.91755  87.6%   307  416s
  1606  1628 1140.61752  403 1765 8889.27919 1097.91755  87.6%   318  451s
  1633  1822 1140.61752  408 1766 8889.27919 1097.91755  87.6%   326  702s
  1829  2123 1140.61752  417 1791 8889.27919 1097.91755  87.6%   403  715s
  2148  2349 1140.62032  469 1802 8889.27919 1097.91755  87.6%   367  732s
H 2374  2352                    8889.2791344 1097.91755  87.6%   360  892s
  2379  2501 1140.62032  482 1785 8889.27913 1097.91755  87.6%   360  910s
  2530  2662 1140.62032  488 1802 8889.27913 1097.91755  87.6%   369  946s
  2691  2778 1140.62032  491 1817 8889.27913 1097.91755  87.6%   405 1053s
  2807  2864 1146.03748  495 1811 8889.27913 1097.91755  87.6%   452 1092s
  2893  2967 1146.03748  511 1849 8889.27913 1097.91755  87.6%   506 1340s
  2996  2974 1146.03864  534 1831 8889.27913 1097.91755  87.6%   607 1409s
  3003  2990 1146.03864  535 1836 8889.27913 1097.91755  87.6%   657 1468s
  3021  3022 1146.03864  537 1872 8889.27913 1097.91755  87.6%   726 1526s
  3053  3126 1146.03864  538 1871 8889.27913 1097.91755  87.6%   749 1717s
  3157  3261 1146.03864  556 1883 8889.27913 1097.91755  87.6%   734 1761s
  3292  3324 1146.03864  572 1877 8889.27913 1097.91755  87.6%   752 1817s
  3355  3376 1146.03864  594 1937 8889.27913 1097.91755  87.6%   816 1857s
  3407  3421 1146.03864  595 1935 8889.27913 1097.91755  87.6%   839 1981s
  3452  3425 1146.03864  595 1938 8889.27913 1097.91755  87.6%   838 2644s
H 3453  3425                    8887.7532314 1097.91755  87.6%   838 2644s
H 3455  3425                    8786.3578644 1097.91755  87.5%   839 2644s
  3456  3469 1146.03864  596 1984 8786.35786 1097.91755  87.5%   886 2688s
  3500  3738 1146.03864  596 1936 8786.35786 1097.91755  87.5%   912 2746s
  3769  3864 1146.03864  633 1899 8786.35786 1097.91755  87.5%   906 2795s
  3895  3868 1146.03864  641 1968 8786.35786 1097.91755  87.5%   943 2843s
  3899  3986 1146.03864  642 1963 8786.35786 1097.91755  87.5%   986 2960s
  4017  4027 1146.03864  664 1996 8786.35786 1097.91755  87.5%  1048 3046s
  4058  4032 1146.03864  665 2049 8786.35786 1097.91755  87.5%  1110 3094s
  4063  4095 1146.03864  665 1996 8786.35786 1097.91755  87.5%  1150 3190s
  4126  4100 1146.03864  677 2041 8786.35786 1097.91755  87.5%  1211 3239s
  4131  4157 1146.03864  678 2049 8786.35786 1097.91755  87.5%  1249 3320s
  4188  4190 1146.03864  680 2044 8786.35786 1097.91755  87.5%  1299 3405s
  4221  4196 1146.03864  682 2083 8786.35786 1097.91755  87.5%  1371 3459s
  4227  4223 1146.03864  683 2096 8786.35786 1097.91755  87.5%  1422 3539s
  4254  4282 1146.03864  684 2103 8786.35786 1097.91755  87.5%  1454 3664s
  4313  4288 1146.03864  701 2143 8786.35786 1097.91755  87.5%  1494 3768s
  4319  4340 1146.03864  701 2134 8786.35786 1097.91755  87.5%  1535 3928s
  4371  4435 1146.03864  730 2135 8786.35786 1097.91755  87.5%  1584 4067s
  4466  4442 1146.19654  763 2249 8786.35786 1097.91755  87.5%  1614 4485s
  4473  4625 1146.03864  763 2271 8786.35786 1097.91755  87.5%  1658 4609s
H 4488  4625                    8786.3578511 1097.91755  87.5%  1666 4609s
  4656  4714 1146.22437  764 2249 8786.35785 1097.91755  87.5%  1623 4904s
  4745  4718 1165.38839  765 3267 8786.35785 1097.91755  87.5%  1694 5582s
  4749  4735 1166.15291  766 3314 8786.35785 1097.91755  87.5%  1694 5745s
  4766  4798 1174.89661  769 3508 8786.35785 1097.91755  87.5%  1794 6085s
  4829  4811 1174.89661  770 3507 8786.35785 1097.91755  87.5%  1821 6271s
  4844  4839 1176.86797  776 3511 8786.35785 1097.91755  87.5%  1897 6417s
  4872  4862 1176.98593  778 3600 8786.35785 1097.91755  87.5%  1964 6680s
  4895  4927 1178.54367  778 3530 8786.35785 1097.91755  87.5%  2056 6994s
  4960  4934 1177.01389  779 3613 8786.35785 1097.91755  87.5%  2083 7200s

Cutting planes:
  Cover: 119
  Implied bound: 2
  MIR: 696
  Flow cover: 1501

Explored 4967 nodes (10716506 simplex iterations) in 7200.05 seconds (16453.12 work units)
Thread count was 8 (of 8 available processors)

Solution count 9: 8786.36 8786.36 8887.75 ... 8932.99

Time limit reached
Best objective 8.786357851137e+03, best bound 1.097917546036e+03, gap 87.5043%
