
Gurobi 9.5.1 (mac64[x86]) logging started Thu Nov 17 13:21:55 2022

Set parameter LogFile to value "/Users/keyvanmajd/Documents/NNRepLayer/demos/examples/tc7_walking_example/repair_bound_constraint/repair_net/logs/opt_log_11_17_2022_13_21_37.log"
Gurobi Optimizer version 9.5.1 build v9.5.1rc2 (mac64[x86])
Thread count: 4 physical cores, 8 logical processors, using up to 8 threads
Optimize a model with 3140 rows, 2121 columns and 9880 nonzeros
Model fingerprint: 0x919812b5
Model has 500 quadratic objective terms
Variable types: 1321 continuous, 800 integer (800 binary)
Coefficient statistics:
  Matrix range     [1e-03, 2e+05]
  Objective range  [2e-03, 4e+01]
  QObjective range [2e+00, 2e+00]
  Bounds range     [1e+00, 7e+05]
  RHS range        [3e-03, 2e+05]
Presolve removed 200 rows and 0 columns
Presolve time: 0.04s
Presolved: 2940 rows, 2121 columns, 9983 nonzeros
Presolved model has 500 quadratic objective terms
Variable types: 1321 continuous, 800 integer (800 binary)
Root relaxation presolve removed 910 rows and 805 columns
Root relaxation presolved: 2030 rows, 1316 columns, 7063 nonzeros
Root relaxation presolved model has 500 quadratic objective terms


Root relaxation: objective 7.969605e+00, 2304 iterations, 0.04 seconds (0.02 work units)

    Nodes    |    Current Node    |     Objective Bounds      |     Work
 Expl Unexpl |  Obj  Depth IntInf | Incumbent    BestBd   Gap | It/Node Time

     0     0    7.96960    0  651          -    7.96960      -     -    0s
     0     0   87.39925    0  506          -   87.39925      -     -    0s
     0     0   88.32219    0  461          -   88.32219      -     -    0s
     0     0   88.35289    0  461          -   88.35289      -     -    0s
     0     0   88.35289    0  460          -   88.35289      -     -    0s
     0     0   95.26310    0  510          -   95.26310      -     -    0s
     0     0   95.26889    0  504          -   95.26889      -     -    0s
     0     0  112.90042    0  533          -  112.90042      -     -    1s
     0     0  122.31000    0  529          -  122.31000      -     -    1s
     0     0  123.05065    0  502          -  123.05065      -     -    1s
     0     0  123.05065    0  507          -  123.05065      -     -    1s
     0     0 5001.16356    0  505          - 5001.16356      -     -    1s
     0     0 5001.16909    0  506          - 5001.16909      -     -    1s
     0     0 7064.29708    0  507          - 7064.29708      -     -    1s
     0     0 7064.29801    0  509          - 7064.29801      -     -    2s
     0     0 7064.30548    0  493          - 7064.30548      -     -    2s
H    0     0                    1.631837e+12 9289.07271   100%     -    3s
H    0     2                    6.352973e+08 9289.07271   100%     -    4s
     0     2 9289.07271    0  493 6.3530e+08 9289.07271   100%     -    4s
    31    30 infeasible    7      6.3530e+08 75824.6493   100%   174    5s
H   32    30                    6.352972e+08 75824.6493   100%   169    5s
H   33    30                    6.346957e+08 75824.6493   100%   164    5s
H   36    30                    6.321521e+08 75862.0851   100%   152    5s
H  814   787                    6.271968e+08 75862.0851   100%  24.7    7s
H 1552  1473                    6.106665e+08 75862.0851   100%  30.9    9s
  1742  1591 3154936.98  333  202 6.1067e+08 75862.0851   100%  31.4   10s
H 1761  1591                    5.956564e+08 75862.0851   100%  31.2   10s
  2043  1788 81885.6373   12  497 5.9566e+08 81848.6848   100%  36.7   15s
H 2080  1722                    5.929122e+08 85974.3467   100%  37.9   16s
H 2381  1800                    5.890537e+08 85974.3467   100%  43.0   18s
H 2443  1756                    5.855678e+08 85974.3467   100%  42.6   19s
H 2445  1678                    5.814670e+08 85974.3467   100%  42.6   19s
H 2447  1605                    5.810324e+08 85974.3467   100%  42.6   19s
  2647  1772 infeasible   54      5.8103e+08 85974.3467   100%  42.1   20s
H 3261  1980                    5.617669e+08 85974.3467   100%  39.1   22s
H 3411  2002                    5.424631e+08 85974.3467   100%  38.4   23s
H 3429  1934                    4.964464e+08 85974.3467   100%  38.3   23s
  3457  1965 426177.401  101  302 4.9645e+08 85974.3467   100%  38.6   25s
  4417  2280 infeasible  153      4.9645e+08 85974.3467   100%  40.6   30s
  5773  2874     cutoff  201      4.9645e+08 87282.4645   100%  38.9   35s
H 5778  2864                    4.403107e+08 87282.4645   100%  38.9   35s
H 5995  2974                    2.528843e+08 87282.4645   100%  39.0   37s
  6733  3538 132797.715   41  436 2.5288e+08 87282.4645   100%  39.1   40s
H 6873  3651                    2.528739e+08 87282.4645   100%  39.3   40s
H 6910  3651                    2.528676e+08 87282.4645   100%  39.4   40s
H 6947  3651                    2.523330e+08 87282.4645   100%  39.3   40s
  7066  3844 335682.371   97  338 2.5233e+08 87282.4645   100%  39.3   45s
H 7102  3802                    1.669774e+08 87282.4645   100%  39.2   45s
  7333  3951 93974.0777   33  499 1.6698e+08 93605.2644   100%  39.1   55s
H 7414  3099                    6688792.1621 93605.2644  98.6%  39.0   55s
  8281  4230 667140.295  151  273 6688792.16 93605.3398  98.6%  38.6   60s
  9666  4893 163682.561   65  458 6688792.16 93605.3433  98.6%  39.3   65s
 10841  6125 98540.3333   32  505 6688792.16 93605.3439  98.6%  38.1   70s
 11833  6838 899566.056   40  464 6688792.16 93605.3542  98.6%  38.9   75s
 13052  7539 150639.938   84  405 6688792.16 93605.3542  98.6%  39.8   80s
 14593  9069 infeasible   68      6688792.16 93605.3582  98.6%  41.0   89s
 15728  9231 94966.8422   34  492 6688792.16 93605.3584  98.6%  40.3   90s
 16678  9829 195415.510  104  372 6688792.16 93605.3654  98.6%  41.7   95s
H16930  9849                    6667507.5741 93605.3654  98.6%  42.1   97s
H16935  9811                    6031644.1981 93605.3654  98.4%  42.1   97s
H16940  9798                    5160474.7430 93605.3654  98.2%  42.1   97s
 16952  9941 364014.924  177  272 5160474.74 93605.3654  98.2%  42.1  100s
H18349 11392                    5154621.9400 93605.3684  98.2%  42.2  105s
H18555 11327                    4670938.6216 93605.3684  98.0%  42.2  105s
 19850 11867 1819638.09   98  347 4670938.62 93605.3684  98.0%  41.8  110s
H19925 11831                    4234146.5489 93605.3684  97.8%  41.9  110s
 21758 13344     cutoff  113      4234146.55 93605.3684  97.8%  40.3  128s
H21760 13249                    3217035.0352 93605.3684  97.1%  40.3  128s
H21884 13120                    2889165.9305 93605.3684  96.8%  40.3  128s
H21903 13005                    2608885.9740 93605.3684  96.4%  40.3  128s
 21954 13121 infeasible  112      2608885.97 93605.3684  96.4%  40.3  130s
H21956 13120                    2590394.2571 93605.3684  96.4%  40.3  130s
H21978 13118                    2569019.0168 93605.3684  96.4%  40.3  130s
H21994 13118                    2557752.8081 93605.3684  96.3%  40.3  130s
H22039 13118                    2529151.4471 93605.3684  96.3%  40.4  130s
 22257 14235 353808.853  137  349 2529151.45 93605.3684  96.3%  40.4  136s
 24529 15923 115437.477   70  471 2529151.45 93605.3687  96.3%  39.5  142s
 25865 16241 95797.8225   36  511 2529151.45 93605.3687  96.3%  39.0  147s
H25868 16182                    2343973.5972 93605.3687  96.0%  39.0  147s
H25937 16154                    2269277.6900 93605.3687  95.9%  39.0  147s
 26301 16292 95798.6755   37  503 2269277.69 93605.3687  95.9%  38.9  150s
 27618 17784 95852.0427   34  484 2269277.69 93605.3758  95.9%  38.8  157s
H27801 17767                    2219295.8946 93605.3758  95.8%  38.7  157s
H28052 17696                    2122270.5837 93605.3758  95.6%  38.8  157s
 28725 17772 403903.560  209  223 2122270.58 93605.3758  95.6%  38.7  160s
 30244 18742 280940.591   69  493 2122270.58 93606.1970  95.6%  38.7  168s
H30249 17807                    2122270.5334 99350.8111  95.3%  38.7  169s
 30251 17809 100086.574   34  485 2122270.53 100086.574  95.3%  38.7  170s
 30260 17816 103897.008   23  492 2122270.53 100460.724  95.3%  39.0  176s
 30268 17822 111655.508   26  472 2122270.53 109072.690  94.9%  39.0  181s
H30505 17065                    2099593.2372 110467.552  94.7%  39.5  184s
H30512 16217                    2091398.4098 110467.552  94.7%  39.5  184s
 30519 16236 142116.761   41  426 2091398.41 110467.552  94.7%  39.5  185s
H30545 15432                    2056261.6675 110467.552  94.6%  39.5  185s
H30546 14667                    2055155.5718 110467.552  94.6%  39.5  185s
H30580 13965                    2014253.3794 110467.552  94.5%  39.5  186s
H30581 13276                    1953928.2098 110467.552  94.3%  39.5  186s
H30583 12620                    1924370.2004 110467.552  94.3%  39.5  186s
H30587 11996                    1883295.6990 110467.552  94.1%  39.5  186s
H30622 11429                    1700170.6137 110467.552  93.5%  39.5  188s
 31058 11710 142513.650   65  375 1700170.61 110467.552  93.5%  39.3  191s
H31427 11208                    1620703.6936 110467.552  93.2%  39.1  193s
 31459 11222 150087.590   83  344 1620703.69 110467.552  93.2%  39.2  195s
H31463 10581                    1264378.5607 110467.552  91.3%  39.2  195s
H31771 10172                    907863.58525 110467.552  87.8%  39.1  200s
H31779  9632                    389427.79078 110467.552  71.6%  39.1  200s
 32775 10123     cutoff  131      389427.791 110467.552  71.6%  39.0  205s
 33875 10434 144670.205   38  427 389427.791 113182.291  70.9%  39.3  210s
 34989 11029 169694.678   73  370 389427.791 115701.826  70.3%  39.1  215s
 36426 11545 189144.814   43  411 389427.791 120098.081  69.2%  38.9  220s
 38227 11968 136045.780   36  442 389427.791 121389.035  68.8%  38.9  225s
 39088 12550 243179.938  107  314 389427.791 121389.035  68.8%  39.0  230s
 40374 12650 164063.362   41  419 389427.791 124436.896  68.0%  39.4  235s
 40933 12928 144264.127   49  401 389427.791 126345.981  67.6%  41.5  240s
 42050 13208 134121.162   42  409 389427.791 127602.253  67.2%  42.2  246s
 42298 13181 142768.918   51  391 389427.791 127603.186  67.2%  44.8  250s
 42364 13193 173794.049   57  368 389427.791 127603.186  67.2%  48.4  255s
 42454 13189 158153.420   73  336 389427.791 127603.186  67.2%  54.9  261s
 42511 13203 176498.686   81  300 389427.791 127603.186  67.2%  58.8  267s
 42546 13194 infeasible   84      389427.791 127603.186  67.2%  60.5  270s
 42618 13216 188928.661   95  301 389427.791 127603.186  67.2%  63.8  276s
H42646 12219                    326006.95612 127603.186  60.9%  65.3  282s
 42710 12255 247525.907  101  294 326006.956 127603.186  60.9%  67.0  291s
 42767 12257 205408.638  104  275 326006.956 127603.186  60.9%  68.0  296s
 42848 12562 207677.100  110  268 326006.956 127603.186  60.9%  69.5  301s
 43489 12395 148881.327   54  366 326006.956 127633.856  60.8%  71.9  307s
 43534 12464 154876.559   65  322 326006.956 127633.856  60.8%  73.4  310s
 43801 12432 232196.356   52  433 326006.956 127633.856  60.8%  77.6  316s
 43860 12439 238556.152   53  423 326006.956 127633.856  60.8%  79.6  320s
 43968 12473 278558.924   55  419 326006.956 127633.856  60.8%  84.0  327s
 44028 12488     cutoff   56      326006.956 127633.856  60.8%  85.9  330s
 44137 12534     cutoff   58      326006.956 127633.856  60.8%  89.3  336s
 44208 12609     cutoff   59      326006.956 127633.856  60.8%  90.9  342s
 44431 12560     cutoff   60      326006.956 127633.856  60.8%  93.0  346s
 44474 12557 192356.756   61  406 326006.956 127633.856  60.8%  95.1  351s
 44578 12550 292199.836   81  335 326006.956 127633.856  60.8%   100  358s
 44649 12540 222672.828   51  433 326006.956 127633.856  60.8%   103  363s
 44713 12555 232776.986   52  437 326006.956 127633.856  60.8%   106  373s
 44826 12530 252538.175   54  424 326006.956 127633.856  60.8%   111  383s

Cutting planes:
  Learned: 7
  Gomory: 35
  Cover: 67
  Implied bound: 119
  Projected implied bound: 15
  Clique: 28
  MIR: 219
  Flow cover: 643
  Inf proof: 15
  RLT: 404
  Relax-and-lift: 42

Explored 44900 nodes (5186799 simplex iterations) in 383.11 seconds (166.58 work units)
Thread count was 8 (of 8 available processors)

Solution count 10: 326007 389428 907864 ... 2.01425e+06

Solve interrupted
Best objective 3.260069561189e+05, best bound 1.276338561555e+05, gap 60.8493%
