
Gurobi 9.5.1 (mac64[x86]) logging started Wed Jun  8 13:34:50 2022

Set parameter LogFile to value "/Users/keyvanmajd/Documents/GitHub/NNRepLayer_v2/demos/examples/tc7_walking_example/repair_phase_constraint/repair_net/logs/opt_log_6_8_2022_13_34_14.log"
Gurobi Optimizer version 9.5.1 build v9.5.1rc2 (mac64[x86])
Thread count: 4 physical cores, 8 logical processors, using up to 8 threads
Optimize a model with 28012 rows, 17157 columns and 78692 nonzeros
Model fingerprint: 0x9c6582a1
Model has 101 quadratic objective terms
Variable types: 7557 continuous, 9600 integer (9600 binary)
Coefficient statistics:
  Matrix range     [5e-04, 1e+02]
  Objective range  [8e-02, 5e+00]
  QObjective range [2e-01, 2e+00]
  Bounds range     [1e+00, 1e+02]
  RHS range        [7e-04, 1e+02]
Presolve removed 16584 rows and 6592 columns
Presolve time: 0.16s
Presolved: 11428 rows, 10565 columns, 52124 nonzeros
Presolved model has 101 quadratic objective terms
Variable types: 7365 continuous, 3200 integer (3200 binary)
Root relaxation presolve removed 3200 rows and 3200 columns
Root relaxation presolved: 8228 rows, 7365 columns, 45724 nonzeros
Root relaxation presolved model has 101 quadratic objective terms


Root relaxation: objective 4.957329e+01, 10996 iterations, 1.17 seconds (1.72 work units)

    Nodes    |    Current Node    |     Objective Bounds      |     Work
 Expl Unexpl |  Obj  Depth IntInf | Incumbent    BestBd   Gap | It/Node Time

     0     0   49.57329    0 1122          -   49.57329      -     -    2s
     0     0   49.57329    0  590          -   49.57329      -     -   15s
     0     0   49.57330    0  843          -   49.57330      -     -   16s
     0     0   49.57330    0  960          -   49.57330      -     -   17s
     0     0   49.57330    0  931          -   49.57330      -     -   18s
     0     0   49.57330    0  571          -   49.57330      -     -   20s
H    0     0                     119.2016083   49.57330  58.4%     -   38s
     0     2   49.57330    0  571  119.20161   49.57330  58.4%     -   43s
     1     4   49.58902    1 1072  119.20161   49.57330  58.4%   996   45s
     3     8   49.58902    2 1049  119.20161   49.57330  58.4%   469   51s
     7    12   49.58902    3  952  119.20161   49.57330  58.4%  9206   62s
    30    35   49.58902    9  946  119.20161   49.57330  58.4%  3084   70s
H   31    35                     118.0319910   49.57330  58.0%  2984   70s
   142   184   49.58902   42  876  118.03199   49.57330  58.0%   686   77s
H  146   184                     116.4493786   49.57330  57.4%   668   77s
H  177   184                     115.9140896   49.57330  57.2%   558   77s
   360   507   49.58902  106  799  115.91409   49.57330  57.2%   297   87s
H  506   517                     114.0410166   49.57330  56.5%   281  109s
H  512   517                     112.9214017   49.57330  56.1%   292  109s
   516   871   50.73707  131 1491  112.92140   49.57330  56.1%   441  116s
H  541   871                     110.8208544   49.57330  55.3%   422  116s
H  646   871                     110.5448396   49.57330  55.2%   366  116s
H  869   871                     104.8336996   49.57330  52.7%   300  116s
   870  1332   50.76277  236 1380  104.83370   49.57330  52.7%   300  122s
  1331  1704   50.85756  302 1284  104.83370   49.57330  52.7%   253  146s
H 1702  1704                      98.9543987   49.57330  49.9%   248  146s
  1703  1765   50.85756  546  955   98.95440   49.57330  49.9%   280  164s
H 1764  1770                      97.6738293   49.57330  49.2%   358  182s
H 1768  1770                      94.8279480   49.57330  47.7%   398  182s
  1769  1774   51.20774  587  881   94.82795   49.57330  47.7%   416  197s
  1773  1813   51.22070  588 1429   94.82795   49.57330  47.7%   416  220s
H 1808  1813                      93.7166716   49.57330  47.1%   474  220s
  1812  1830   51.33328  591 1395   93.71667   49.57330  47.1%   499  239s
  1829  1846   51.33328  592 1394   93.71667   49.57330  47.1%   555  268s
H 1844  1846                      89.0730642   49.57330  44.3%   623  268s
  1845  1868   51.33328  595 1314   89.07306   49.57330  44.3%   622  278s
  1867  1922   51.33328  603 1372   89.07306   49.57330  44.3%   679  296s
  1921  1940   51.33328  606 1363   89.07306   49.57330  44.3%   730  305s
  1939  2036   51.33328  608 1357   89.07306   49.57330  44.3%   801  319s
H 2035  2043                      88.5159987   49.57330  44.0%   816  338s
H 2036  2043                      85.1875806   49.57330  41.8%   833  338s
  2042  2119   51.33328  610 1372   85.18758   49.57330  41.8%   842  359s
  2118  2129   51.33328  614 1352   85.18758   49.57330  41.8%   902  376s
  2128  2151   51.33328  615 1351   85.18758   49.57330  41.8%   958  391s
  2150  2160   51.33328  617 1349   85.18758   49.57330  41.8%  1001  407s
  2159  2220   51.33328  618 1348   85.18758   49.57330  41.8%  1024  429s
  2219  2224   51.33328  625 1320   85.18758   49.57330  41.8%  1096  456s
H 2220  2224                      84.1263207   49.57330  41.1%  1095  456s
  2223  2239   51.33328  626 1296   84.12632   49.57330  41.1%  1118  481s
  2238  2243   51.33328  629 1390   84.12632   49.57330  41.1%  1177  507s
  2242  2256   51.33328  630 1390   84.12632   49.57330  41.1%  1191  526s
  2255  2273   51.33328  631 1312   84.12632   49.57330  41.1%  1219  545s
  2272  2312   51.33328  632 1312   84.12632   49.57330  41.1%  1275  562s
  2311  2328   51.33328  637 1407   84.12632   49.57330  41.1%  1327  584s
  2327  2354   51.33328  643 1365   84.12632   49.57330  41.1%  1393  654s
H 2334  2354                      69.8632397   49.57330  29.0%  1389  654s
  2353  2358   51.33328  651 1248   69.86324   49.57330  29.0%  1444  672s
  2357  2380   51.33328  652 1247   69.86324   49.57330  29.0%  1452  694s
  2379  2402   51.33328  654 1292   69.86324   49.57330  29.0%  1529  707s
  2401  2421   51.33442  655 1293   69.86324   49.57330  29.0%  1563  725s
  2420  2665   51.33442  657 1224   69.86324   49.57330  29.0%  1631  742s
  2664  2686   51.33442  661 1294   69.86324   49.57330  29.0%  1544  753s
  2685  2736   51.33483  663 1252   69.86324   49.57330  29.0%  1586  782s
  2735  2772   51.33483  667 1241   69.86324   49.57330  29.0%  1632  795s
  2771  2776   51.44589  669 1319   69.86324   49.57330  29.0%  1680  819s
  2775  2798   51.44589  670 1318   69.86324   49.57330  29.0%  1691  836s
  2797  2818   51.44589  672 1256   69.86324   49.57330  29.0%  1746  862s
  2817  2829   51.44589  675 1238   69.86324   49.57330  29.0%  1837  882s
  2828  2845   51.44589  676 1244   69.86324   49.57330  29.0%  1895  899s
  2844  2869   51.44589  680 1295   69.86324   49.57330  29.0%  1945  917s
  2868  3005   51.44589  688 1298   69.86324   49.57330  29.0%  2000  939s
  3004  3021   51.44589  698 1237   69.86324   49.57330  29.0%  1993  982s
  3020  3054   51.44589  701 1234   69.86324   49.57330  29.0%  2037 1003s
  3053  3058   51.44589  708 1317   69.86324   49.57330  29.0%  2104 1024s
  3057  3087   51.44589  709 1316   69.86324   49.57330  29.0%  2113 1048s
  3086  3312   51.44589  717 1199   69.86324   49.57330  29.0%  2171 1078s
  3311  3346   51.48454  814 1319   69.86324   49.57330  29.0%  2102 1104s
  3345  3596   51.48454  816 1243   69.86324   49.57330  29.0%  2160 1124s
  3595  3616   51.48454  821 1247   69.86324   49.57330  29.0%  2085 1147s
  3615  3763   51.48454  822 1254   69.86324   49.57330  29.0%  2123 1185s
  3762  3803   51.48454  896 1202   69.86324   49.57330  29.0%  2094 1220s
  3802  4250   51.48454  904 1178   69.86324   49.57330  29.0%  2144 1251s
  4249  4274   51.48454 1010 1126   69.86324   49.57330  29.0%  1978 1292s
H 4251  4274                      69.7173362   49.57330  28.9%  1977 1292s
  4273  4301   51.48454 1013 1091   69.71734   49.57330  28.9%  2039 1324s
  4300  4551   51.48454 1015 1143   69.71734   49.57330  28.9%  2094 1351s
H 4550  4563                      69.6199340   49.57330  28.8%  2051 1395s
  4562  4598   51.48454 1031 1102   69.61993   49.57330  28.8%  2098 1430s
  4597  4757   51.48454 1035 1104   69.61993   49.57330  28.8%  2163 1466s
  4756  4769   51.96426 1049 1120   69.61993   49.57330  28.8%  2140 1496s
  4768  4911   51.96426 1054 1008   69.61993   49.57330  28.8%  2192 1529s
  4910  4945   52.00442 1060 1056   69.61993   49.57330  28.8%  2202 1558s
  4944  4949   51.96426 1060 1008   69.61993   49.57330  28.8%  2241 1621s
H 4946  4949                      69.6198926   49.57330  28.8%  2240 1621s
H 4947  4949                      69.6157702   49.57330  28.8%  2239 1621s
  4948  4958   51.96426 1061 1009   69.61577   49.57330  28.8%  2239 1644s
  4957  4992   51.96968 1065 1005   69.61577   49.57330  28.8%  2267 1678s
  4991  5017   52.83224 1072 1178   69.61577   49.57330  28.8%  2330 1710s
  5016  5086   53.59902 1076 1038   69.61577   49.57330  28.8%  2374 1745s
  5085  5160   53.59902 1093 1036   69.61577   49.57330  28.8%  2410 1775s
H 5159  5160                      69.5519909   49.57330  28.7%  2426 1815s
  5163  5163   50.55743  409  628   69.55199   49.57330  28.7%  2424 1820s
H 5163  4904                      69.5360506   49.57330  28.7%  2424 1833s
  5165  4905   51.44589  721  696   69.53605   49.57330  28.7%  2423 1840s
  5168  4907   50.74537  950  736   69.53605   49.57330  28.7%  2421 1848s
  5170  4909   50.61958  616  727   69.53605   49.57330  28.7%  2420 1855s
  5171  4909   50.67875  774  745   69.53605   49.57330  28.7%  2420 1861s
H 5172  4665                      69.5360504   49.57330  28.7%  2419 1865s
  5175  4667   50.67841  731  598   69.53605   49.57330  28.7%  2418 1874s
  5177  4668   50.85756  564  598   69.53605   49.57330  28.7%  2417 1877s
  5178  4672   49.57330   11  599   69.53605   49.57330  28.7%  2438 1891s
  5180  4675   49.57330   12  581   69.53605   49.57330  28.7%  2438 1908s
  5188  4681   49.81387   13 1133   69.53605   49.57330  28.7%  2437 1911s
  5207  4694   49.57330   16  193   69.53605   49.57330  28.7%  2430 1916s
  5239  4722   49.57330   18  194   69.53605   49.57330  28.7%  2419 1922s
H 5280  4514                      69.5278624   49.57330  28.7%  2404 1929s
  5290  4529   49.66529   22  912   69.52786   49.57330  28.7%  2401 1930s
H 5334  4324                      69.5220112   49.57330  28.7%  2384 1932s
  5484  4456   49.65753   34  876   69.52201   49.57330  28.7%  2327 1935s
  5522  4478   49.57330   37  185   69.52201   49.57330  28.7%  2313 1943s
  5606  4543   49.57330   41  181   69.52201   49.57330  28.7%  2283 1945s
  5795  4649   49.57330   48  180   69.52201   49.57330  28.7%  2219 1952s
  5982  4833   49.57330   57  177   69.52201   49.57330  28.7%  2159 1955s
  6367  5034   49.62959   70 1101   69.52201   49.57330  28.7%  2045 1964s
  6394  5112   49.57330   71  174   69.52201   49.57330  28.7%  2036 1965s
  6791  5364   49.62224   93  830   69.52201   49.57330  28.7%  1944 1970s
  7192  5811   49.57330  116  181   69.52201   49.57330  28.7%  1858 1975s
  7877  6213   49.57330  137  513   69.52201   49.57330  28.7%  1711 1980s
  8565  6650   49.57330  166  485   69.52201   49.57330  28.7%  1588 1986s
  9032  6935   49.57330  206  441   69.52201   49.57330  28.7%  1517 1991s
  9184  6939   49.57330  224  412   69.52201   49.57330  28.7%  1495 1996s
  9356  7129   49.57330  245  400   69.52201   49.57330  28.7%  1472 2008s
H 9441  6890                      69.5173689   49.57330  28.7%  1461 2008s
  9486  7006   49.57330  261  393   69.51737   49.57330  28.7%  1454 2016s
  9837  7341   49.60208  301  506   69.51737   49.57331  28.7%  1408 2020s
 10495  8136   49.60439  422  477   69.51737   49.57331  28.7%  1327 2029s
 11083  8186   50.25404  517  550   69.51737   49.57331  28.7%  1260 2032s
 11532  8489   50.25018  611  445   69.51737   49.57331  28.7%  1215 2039s
 11782  8605   50.25018  674  412   69.51737   49.57331  28.7%  1193 2045s
 11981  8864   50.25018  720  390   69.51737   49.57331  28.7%  1180 2050s
 12717  9232   51.40122  867  357   69.51737   49.57331  28.7%  1118 2056s
 13227  9373   53.31006  971  323   69.51737   49.57331  28.7%  1080 2069s
 13231  9657   53.31006  972  322   69.51737   49.57331  28.7%  1082 2074s
 13516  9615   53.31592 1061  307   69.51737   49.57331  28.7%  1063 2087s
H13551  9403                      69.5173688   49.57331  28.7%  1064 2087s
 13569  9660   54.15287 1067  306   69.51737   49.57331  28.7%  1063 2095s
 14071 10053   60.53223 1143  346   69.51737   49.57331  28.7%  1033 2107s
 14392 10528   60.47007 1188  276   69.51737   49.57331  28.7%  1014 2112s
 14974 10693   60.48936 1226  252   69.51737   49.57331  28.7%   978 2121s
 15333 10967   62.99735 1285  277   69.51737   49.57331  28.7%   959 2192s
H15593 10689                      69.4378226   49.57331  28.6%   946 2192s
H15727 10694                      69.4378219   49.57331  28.6%   941 2204s
 15870 10833   62.99722 1361  233   69.43782   49.57331  28.6%   935 2212s
 16009 10848   63.03463 1382  230   69.43782   49.57331  28.6%   929 2224s
H16011 10848                      69.3760657   49.57331  28.5%   929 2224s
 16024 11146   63.03463 1383  230   69.37607   49.57331  28.5%   929 2231s
 16330 11406   63.03463 1388  230   69.37607   49.57331  28.5%   916 2243s
 16596 11788   63.03463 1412  221   69.37607   49.57331  28.5%   908 2251s
 17014 11876   64.54629 1553  213   69.37607   49.57331  28.5%   892 2258s
 17104 12307   64.55708 1554  189   69.37607   49.57331  28.5%   888 2266s
 17689 12659   66.25247 1656  196   69.37607   49.57331  28.5%   863 2274s
 18113 12802   69.08261 1735  172   69.37607   49.57331  28.5%   847 2279s
 18448 13392     cutoff 1736        69.37607   49.57331  28.5%   835 2290s
 19102 14146   49.86006  325  766   69.37607   49.57331  28.5%   813 2301s
 19856 15114   51.21482  517  595   69.37607   49.57331  28.5%   790 2315s
 20838 16384   52.53947  815  376   69.37607   49.57331  28.5%   758 2330s
 22256 17234   52.56110  821  377   69.37607   49.57331  28.5%   718 2337s
 23106 17986   52.54263  841  352   69.37607   49.57331  28.5%   695 2344s
 23858 18069   52.60865  924  334   69.37607   49.57331  28.5%   676 2347s
 23941 18130   55.16680  927  350   69.37607   49.57331  28.5%   675 2356s
 24002 18221   55.36884  930  358   69.37607   49.57331  28.5%   675 2370s
H24016 18221                      69.3760645   49.57331  28.5%   675 2370s
 24093 18288   55.36016  929  384   69.37606   49.57331  28.5%   673 2382s
 24160 18570   55.36884  929  351   69.37606   49.57331  28.5%   675 2390s
 24442 18771   56.28655  982  339   69.37606   49.57331  28.5%   670 2398s
 24643 19069   56.26433  982  360   69.37606   49.57331  28.5%   669 2406s
 24941 19317   57.75632  988  337   69.37606   49.57331  28.5%   663 2415s
 25189 19462   57.68957 1041  313   69.37606   49.57331  28.5%   660 2423s
 25334 19680   57.68957 1049  306   69.37606   49.57331  28.5%   660 2433s
 25552 19773   57.69087 1056  391   69.37606   49.57331  28.5%   660 2442s
 25645 19972   57.68957 1054  304   69.37606   49.57331  28.5%   661 2451s
 25844 20111   57.68957 1084  305   69.37606   49.57331  28.5%   661 2460s
 25983 20269   57.68957 1096  301   69.37606   49.57331  28.5%   662 2471s
 26147 20319   57.68957 1099  302   69.37606   49.57331  28.5%   663 2483s
 26215 20931   57.68957 1105  294   69.37606   49.57331  28.5%   667 2495s
 26833 21327   57.69875 1133  288   69.37606   49.57331  28.5%   658 2505s
 27229 21382   57.74317 1138  373   69.37606   49.57331  28.5%   652 2521s
 27284 21512   57.84103 1140  347   69.37606   49.57331  28.5%   653 2527s
 27414 21611   57.95378 1139  352   69.37606   49.57331  28.5%   653 2544s
 27513 22004   58.05390 1164  304   69.37606   49.57331  28.5%   656 2555s
 27906 22087   60.37684 1192  303   69.37606   49.57331  28.5%   651 2574s
 27989 22426   59.62590 1194  300   69.37606   49.57331  28.5%   651 2587s
 28328 22539   59.87431 1255  304   69.37606   49.57331  28.5%   648 2600s
 28441 23008   60.29972 1258  336   69.37606   49.57331  28.5%   652 2608s
 28912 23116   60.42243 1259  339   69.37606   49.57331  28.5%   644 2615s
 29134 23680   59.90174 1257  334   69.37606   49.57331  28.5%   642 2627s
 29781 24039   60.17204 1257  340   69.37606   49.57331  28.5%   631 2635s
 30140 24234   60.17555 1259  318   69.37606   49.57331  28.5%   626 2644s
 30335 24638   61.28237 1259  321   69.37606   49.57331  28.5%   626 2658s
H30584 24564                      69.3596894   49.57331  28.5%   621 2658s
 30739 25165   61.68811 1286  324   69.35969   49.57331  28.5%   619 2667s
 31340 26103   62.22260 1309  313   69.35969   49.57331  28.5%   610 2682s
 32364 26145   62.63686 1310  311   69.35969   49.57331  28.5%   595 2692s
 32406 26149   62.63825 1308  313   69.35969   49.57331  28.5%   595 2802s
 32410 26153   62.63825 1308  312   69.35969   49.57331  28.5%   595 2817s
 32414 26376   62.63869 1310  315   69.35969   49.57331  28.5%   596 2828s
 32637 27242   62.94337 1311  310   69.35969   49.57331  28.5%   594 2838s
 33503 27495   62.95992 1313  316   69.35969   49.57331  28.5%   581 2843s
 33756 28035   62.95964 1313  317   69.35969   49.57331  28.5%   578 2849s
 34296 28376   63.01406 1364  279   69.35969   49.57331  28.5%   571 2854s
 34637 28482   63.40039 1387  280   69.35969   49.57331  28.5%   567 2860s
 34743 28535   64.35300 1387  284   69.35969   49.57331  28.5%   567 2865s
 34796 28750   64.35300 1386  299   69.35969   49.57331  28.5%   568 2870s
 35011 29108   63.73019 1391  276   69.35969   49.57331  28.5%   566 2876s
 35369 29238   65.64905 1429  258   69.35969   49.57331  28.5%   562 2893s
 35499 29446   64.63884 1428  273   69.35969   49.57331  28.5%   562 2899s
 35707 29610   64.84573 1427  256   69.35969   49.57331  28.5%   561 2906s
 35871 29844   68.44196 1432  278   69.35969   49.57331  28.5%   560 2915s
 36105 30187   65.76681 1441  256   69.35969   49.57331  28.5%   557 2925s
 36464 30447   66.34292 1449  253   69.35969   49.57331  28.5%   554 2944s
H36721 30447                      69.3575233   49.57331  28.5%   551 2944s
 36724 30790   66.36593 1485  240   69.35752   49.57331  28.5%   551 2952s
 37067 31068   66.36593 1491  242   69.35752   49.57331  28.5%   549 2963s
 37345 31286   66.67517 1495  293   69.35752   49.57331  28.5%   547 2971s
 37563 31496   66.56290 1493  245   69.35752   49.57331  28.5%   546 2980s
 37773 31718   68.55510 1502  268   69.35752   49.57331  28.5%   546 2990s
 37995 32486   68.46636 1518  239   69.35752   49.57331  28.5%   545 3005s

Resetting heuristic parameters to focus on improving solution
(using Heuristics=0.5 and RINS=10)...

 38763 32495   68.74119 1531  242   69.35752   49.57331  28.5%   538 3029s
H38764 32495                      69.3575233   49.57331  28.5%   538 3029s
H38766 32490                      69.3556717   49.57331  28.5%   538 3029s
H38769 32367                      69.2734798   49.57331  28.4%   538 3029s
 38772 32732   68.83222 1532  242   69.27348   49.57350  28.4%   538 3600s
H38775 32732                      69.2734798   49.57350  28.4%   538 3600s
H38779 32732                      69.2734790   49.57350  28.4%   538 3600s
H38782 32732                      69.2734787   49.57350  28.4%   538 3600s
H38786 32732                      69.2734784   49.57350  28.4%   538 3600s
H38792 32649                      69.1827722   49.57350  28.3%   538 3600s
H38879 32640                      69.1613363   49.57350  28.3%   537 3600s
H38953 32578                      68.9109516   49.57350  28.1%   536 3600s
H39054 32437                      68.6780871   49.57350  27.8%   536 3600s

Cutting planes:
  Gomory: 52
  Implied bound: 95
  MIR: 1784
  Flow cover: 1069
  Relax-and-lift: 33

Explored 39163 nodes (20996417 simplex iterations) in 3600.07 seconds (7328.88 work units)
Thread count was 8 (of 8 available processors)

Solution count 10: 68.6781 68.911 69.1613 ... 69.3557

Time limit reached
Best objective 6.867808710489e+01, best bound 4.957349599056e+01, gap 27.8176%
