
Gurobi 9.5.1 (mac64[x86]) logging started Wed Jun  8 15:57:06 2022

Set parameter LogFile to value "/Users/keyvanmajd/Documents/GitHub/NNRepLayer_v2/demos/examples/tc7_walking_example/repair_phase_constraint/repair_net/logs/opt_log_6_8_2022_15_56_48.log"
Gurobi Optimizer version 9.5.1 build v9.5.1rc2 (mac64[x86])
Thread count: 4 physical cores, 8 logical processors, using up to 8 threads
Optimize a model with 336 rows, 124 columns and 1154 nonzeros
Model fingerprint: 0x15152434
Model has 91 quadratic objective terms
Coefficient statistics:
  Matrix range     [8e-03, 1e+01]
  Objective range  [5e-02, 5e+00]
  QObjective range [2e-01, 2e+00]
  Bounds range     [1e+01, 1e+02]
  RHS range        [5e-04, 2e+01]
Presolve removed 205 rows and 13 columns
Presolve time: 0.00s
Presolved: 131 rows, 111 columns, 929 nonzeros
Presolved model has 91 quadratic objective terms
Ordering time: 0.00s

Barrier statistics:
 AA' NZ     : 6.447e+03
 Factor NZ  : 7.518e+03
 Factor Ops : 5.474e+05 (less than 1 second per iteration)
 Threads    : 1

                  Objective                Residual
Iter       Primal          Dual         Primal    Dual     Compl     Time
   0   4.02311797e+07 -4.09698260e+07  6.62e+03 8.19e+02  8.83e+05     0s
   1   1.44614137e+07 -1.51977678e+07  3.86e+03 4.76e+02  5.22e+05     0s
   2   1.08398163e+05 -1.30049315e+06  3.40e+02 4.20e+01  6.48e+04     0s
   3   1.07314783e+04 -1.01595867e+06  1.05e+02 1.29e+01  2.06e+04     0s
   4   7.04738938e+02 -9.59252916e+05  6.23e+00 7.70e-01  4.69e+03     0s
   5   6.71801551e+02 -5.50635507e+05  2.93e+00 3.62e-01  2.53e+03     0s
   6   7.64703751e+02 -2.66002016e+05  1.78e+00 2.21e-01  1.77e+03     0s
   7   7.95182656e+02 -1.38989686e+05  1.56e+00 1.93e-01  1.52e+03     0s
   8   8.09798955e+02  1.95029308e+05  1.51e+00 1.87e-01  1.45e+03     0s
   9   8.76005239e+02  1.89043724e+06  1.47e+00 1.82e-01  1.45e+03     0s
  10   8.92395282e+02  1.34217400e+07  1.46e+00 1.80e-01  1.57e+03     0s
  11   1.00615395e+09 -1.00985269e+09  3.31e+04 4.07e+03  2.20e+07     0s
  12   3.73274804e+08 -3.77162342e+08  1.94e+04 2.26e+03  1.35e+07     0s
  13   5.16730612e+05 -6.35662973e+06  7.38e+02 8.49e+01  6.63e+05     0s
  14   9.78862897e+02 -5.21995315e+06  2.25e+01 2.58e+00  3.80e+04     0s
  15   6.26594669e+02 -3.02429824e+06  5.28e+00 6.08e-01  1.53e+04     0s
  16   6.22539381e+02 -1.91936416e+06  2.74e+00 3.16e-01  9.09e+03     0s
  17   7.34897730e+02 -8.85777254e+05  1.80e+00 2.07e-01  6.48e+03     0s
  18   7.62928753e+02 -3.67409306e+05  1.65e+00 1.90e-01  6.04e+03     0s
  19   8.10045576e+02  1.45628799e+06  1.54e+00 1.77e-01  5.46e+03     0s
  20   8.37206901e+02  3.50369300e+06  1.50e+00 1.73e-01  5.30e+03     0s
  21   8.81062094e+02  1.18190929e+07  1.47e+00 1.69e-01  5.09e+03     0s
  22   8.93300231e+02  3.28143963e+07  1.46e+00 1.68e-01  4.69e+03     0s
  23   8.93758819e+02  6.65155394e+07  1.46e+00 1.68e-01  4.80e+03     0s
  24   8.96059303e+02  2.60802966e+08  1.45e+00 1.67e-01  5.38e+03     0s
  25   1.00615395e+09 -1.00985269e+09  3.31e+04 4.07e+03  2.20e+07     0s
  26   1.31620908e+04 -2.10609530e+04  1.20e+02 1.51e+01  2.64e+02     0s
  27   5.11955816e+02 -4.97752891e+02  1.54e+01 1.93e+00  6.37e+00     0s
  28   4.01266611e+02  2.29403977e+02  4.92e+00 6.10e-01  1.72e+00     0s
  29   4.00076237e+02  3.27154684e+02  3.23e+00 4.00e-01  1.03e+00     0s
  30   4.15296762e+02  5.12625695e+02  2.79e+00 3.48e-01  1.01e+00     0s
  31   4.57663361e+02  7.64973849e+02  2.41e+00 2.99e-01  9.78e-01     0s
  32   6.02225254e+02  1.05898807e+03  1.77e+00 2.19e-01  9.02e-01     0s
  33   6.82043731e+02  1.48364028e+03  1.58e+00 1.92e-01  1.30e+00     0s
  34   7.15142134e+02  2.32778835e+03  1.56e+00 1.81e-01  2.11e+00     0s
  35   8.02301352e+02  5.30622796e+03  1.55e+00 1.73e-01  7.80e+00     0s
  36   8.31610838e+02  2.34249723e+04  1.72e+00 1.93e-01  1.24e+02     0s
  37   7.07311356e+02  2.16551135e+05  3.45e+00 3.86e-01  1.78e+04     0s
  38*  7.32776348e+02  6.68951630e+06  5.88e-02 1.05e-02  2.70e+01     0s
  39*  7.32775908e+02  6.48482226e+09  5.88e-05 1.05e-05  2.70e-02     0s
  40*  7.32775906e+02  6.48316893e+12  5.88e-08 1.43e-08  2.70e-05     0s
  41*  7.32775906e+02  6.48316575e+15  5.88e-11 4.09e-08  2.70e-08     0s
  42*  7.32775906e+02  6.48316545e+18  5.88e-14 3.22e-08  2.70e-11     0s

Barrier performed 42 iterations in 0.02 seconds (0.01 work units)
Infeasible model

